httperf --verbose --hog --timeout=50 --client=0/1 --server=172.16.116.116 --port=8080 --uri=/ --rate=24 --send-buffer=4096 --recv-buffer=16384 --num-conns=14400 --num-calls=1
httperf: maximum number of open descriptors = 65535
Maximum connect burst length: 1

Connection lifetime histogram (time in ms):
             :
            10.5 283
            11.5 911
            12.5 673
            13.5 536
            14.5 537
            15.5 589
            16.5 597
            17.5 411
            18.5 373
            19.5 306
            20.5 271
            21.5 227
            22.5 239
            23.5 206
            24.5 174
            25.5 186
            26.5 163
            27.5 142
            28.5 135
            29.5 114
            30.5 127
            31.5 112
            32.5 108
            33.5 90
            34.5 114
            35.5 99
            36.5 75
            37.5 88
            38.5 93
            39.5 67
            40.5 66
            41.5 64
            42.5 62
            43.5 57
            44.5 48
            45.5 68
            46.5 54
            47.5 60
            48.5 53
            49.5 32
            50.5 44
            51.5 44
            52.5 31
            53.5 44
            54.5 40
            55.5 43
            56.5 41
            57.5 31
            58.5 33
            59.5 40
            60.5 32
            61.5 26
            62.5 34
            63.5 28
            64.5 27
            65.5 32
            66.5 26
            67.5 33
            68.5 33
            69.5 34
            70.5 32
            71.5 26
            72.5 28
            73.5 28
            74.5 22
            75.5 31
            76.5 32
            77.5 30
            78.5 22
            79.5 45
            80.5 29
            81.5 28
            82.5 38
            83.5 32
            84.5 20
            85.5 19
            86.5 29
            87.5 32
            88.5 30
            89.5 25
            90.5 29
            91.5 36
            92.5 24
            93.5 36
            94.5 32
            95.5 32
            96.5 32
            97.5 30
            98.5 22
            99.5 34
           100.5 25
           101.5 30
           102.5 25
           103.5 27
           104.5 24
           105.5 30
           106.5 26
           107.5 34
           108.5 27
           109.5 30
           110.5 24
           111.5 41
           112.5 24
           113.5 15
           114.5 24
           115.5 26
           116.5 26
           117.5 30
           118.5 28
           119.5 29
           120.5 31
           121.5 25
           122.5 25
           123.5 19
           124.5 20
           125.5 27
           126.5 21
           127.5 30
           128.5 24
           129.5 22
           130.5 17
           131.5 26
           132.5 15
           133.5 21
           134.5 15
           135.5 32
           136.5 20
           137.5 30
           138.5 21
           139.5 18
           140.5 25
           141.5 18
           142.5 16
           143.5 20
           144.5 19
           145.5 23
           146.5 9
           147.5 18
           148.5 16
           149.5 12
           150.5 12
           151.5 15
           152.5 19
           153.5 15
           154.5 9
           155.5 14
           156.5 11
           157.5 12
           158.5 11
           159.5 16
           160.5 9
           161.5 12
           162.5 10
           163.5 9
           164.5 13
           165.5 14
           166.5 8
           167.5 10
           168.5 8
           169.5 11
           170.5 8
           171.5 7
           172.5 6
           173.5 4
           174.5 11
           175.5 11
           176.5 7
           177.5 7
           178.5 7
           179.5 3
           180.5 9
           181.5 6
           182.5 2
           183.5 3
           184.5 5
           185.5 8
           186.5 3
           187.5 5
           188.5 3
           189.5 3
           190.5 2
           191.5 4
           192.5 2
             :
           194.5 2
           195.5 6
           196.5 2
           197.5 3
           198.5 4
           199.5 1
           200.5 3
           201.5 4
           202.5 2
           203.5 2
           204.5 3
           205.5 1
           206.5 2
           207.5 4
           208.5 1
           209.5 1
           210.5 1
           211.5 3
             :
           213.5 2
           214.5 2
             :
           216.5 1
           217.5 1
           218.5 3
           219.5 1
             :
           221.5 1
           222.5 1
           223.5 1
             :
           229.5 2
             :
           233.5 1
           234.5 2
             :
           236.5 3
           237.5 2
           238.5 2
             :
           242.5 2
             :
           244.5 1
             :
           247.5 2
           248.5 2
           249.5 1
           250.5 1
           251.5 1
           252.5 1
           253.5 3
             :
           255.5 1
             :
           259.5 1
           260.5 2
             :
           264.5 2
           265.5 1
             :
           267.5 1
             :
           270.5 2
             :
           272.5 2
           273.5 1
             :
           275.5 1
             :
           278.5 2
             :
           282.5 2
             :
           285.5 1
           286.5 3
           287.5 2
           288.5 1
           289.5 1
           290.5 2
             :
           292.5 1
           293.5 2
           294.5 1
             :
           297.5 2
             :
           300.5 1
           301.5 1
             :
           305.5 2
             :
           307.5 2
             :
           310.5 3
             :
           312.5 1
           313.5 1
             :
           315.5 2
           316.5 1
           317.5 1
             :
           319.5 1
             :
           321.5 2
           322.5 2
             :
           324.5 1
           325.5 2
           326.5 3
             :
           328.5 1
             :
           330.5 1
           331.5 1
             :
           333.5 1
           334.5 1
             :
           336.5 1
             :
           340.5 1
             :
           343.5 1
             :
           345.5 4
           346.5 1
           347.5 1
           348.5 2
           349.5 2
             :
           355.5 1
           356.5 1
             :
           359.5 2
           360.5 1
           361.5 1
           362.5 1
             :
           367.5 3
             :
           369.5 1
             :
           375.5 3
           376.5 2
           377.5 2
           378.5 2
           379.5 4
           380.5 1
             :
           382.5 1
           383.5 1
           384.5 1
             :
           386.5 1
           387.5 1
           388.5 3
           389.5 1
             :
           391.5 2
           392.5 2
             :
           394.5 2
           395.5 1
           396.5 1
             :
           405.5 1
           406.5 1
           407.5 3
           408.5 2
           409.5 1
           410.5 1
           411.5 2
           412.5 1
             :
           414.5 1
             :
           418.5 1
             :
           420.5 1
           421.5 2
           422.5 1
             :
           424.5 2
           425.5 1
           426.5 1
             :
           429.5 2
             :
           432.5 2
             :
           435.5 2
           436.5 1
           437.5 1
           438.5 1
             :
           440.5 1
           441.5 1
           442.5 2
           443.5 1
           444.5 1
             :
           447.5 1
             :
           449.5 1
           450.5 2
             :
           452.5 1
           453.5 1
           454.5 1
           455.5 1
             :
           457.5 2
             :
           460.5 2
           461.5 1
           462.5 1
           463.5 1
           464.5 3
           465.5 1
             :
           468.5 2
             :
           470.5 1
           471.5 3
           472.5 2
           473.5 1
           474.5 1
           475.5 1
           476.5 1
             :
           478.5 1
           479.5 2
           480.5 2
           481.5 3
             :
           483.5 1
           484.5 1
             :
           486.5 1
             :
           489.5 2
           490.5 1
           491.5 2
             :
           494.5 1
           495.5 1
             :
           497.5 2
             :
           499.5 2
             :
           502.5 1
             :
           505.5 1
           506.5 1
           507.5 1
           508.5 1
             :
           510.5 1
           511.5 2
           512.5 1
           513.5 1
           514.5 1
             :
           516.5 3
           517.5 1
             :
           520.5 2
             :
           522.5 2
           523.5 1
             :
           525.5 2
             :
           527.5 1
             :
           530.5 3
             :
           534.5 1
           535.5 1
             :
           537.5 1
           538.5 2
           539.5 2
             :
           541.5 2
           542.5 1
             :
           545.5 3
           546.5 3
             :
           548.5 1
           549.5 3
           550.5 2
           551.5 1
             :
           553.5 1
           554.5 1
           555.5 1
           556.5 2
           557.5 2
           558.5 1
           559.5 2
           560.5 1
           561.5 3
             :
           563.5 1
             :
           566.5 1
           567.5 2
             :
           572.5 4
           573.5 3
           574.5 2
           575.5 2
           576.5 1
           577.5 1
           578.5 4
           579.5 1
           580.5 3
           581.5 1
           582.5 1
           583.5 1
           584.5 4
             :
           586.5 1
           587.5 3
             :
           589.5 1
           590.5 1
           591.5 1
           592.5 2
           593.5 2
           594.5 3
             :
           596.5 2
           597.5 3
           598.5 3
           599.5 1
           600.5 2
           601.5 2
           602.5 4
           603.5 1
           604.5 1
           605.5 1
             :
           607.5 3
           608.5 2
           609.5 2
           610.5 4
             :
           612.5 1
           613.5 3
           614.5 1
           615.5 3
           616.5 1
           617.5 2
           618.5 3
           619.5 1
           620.5 2
           621.5 3
           622.5 5
           623.5 3
           624.5 1
             :
           626.5 1
           627.5 1
           628.5 3
           629.5 4
           630.5 2
           631.5 4
           632.5 4
             :
           634.5 4
           635.5 4
           636.5 3
           637.5 7
           638.5 2
           639.5 1
             :
           641.5 3
             :
           643.5 1
           644.5 2
           645.5 2
           646.5 2
           647.5 3
           648.5 2
           649.5 4
             :
           651.5 5
             :
           655.5 3
           656.5 1
           657.5 3
             :
           659.5 4
           660.5 4
           661.5 3
           662.5 1
           663.5 6
           664.5 7
             :
           666.5 4
           667.5 1
           668.5 3
           669.5 3
           670.5 2
           671.5 2
           672.5 2
           673.5 5
           674.5 2
           675.5 1
           676.5 3
           677.5 1
           678.5 3
           679.5 2
           680.5 5
           681.5 3
           682.5 6
           683.5 6
           684.5 4
           685.5 6
           686.5 3
           687.5 3
           688.5 6
           689.5 3
           690.5 5
           691.5 5
           692.5 5
           693.5 1
             :
           696.5 5
           697.5 7
           698.5 6
           699.5 6
           700.5 3
           701.5 6
             :
           703.5 2
           704.5 6
           705.5 4
           706.5 5
           707.5 4
           708.5 3
           709.5 2
           710.5 4
           711.5 5
           712.5 6
           713.5 5
           714.5 4
           715.5 7
           716.5 4
           717.5 2
           718.5 7
           719.5 2
           720.5 3
           721.5 4
           722.5 3
           723.5 2
           724.5 2
           725.5 5
           726.5 5
           727.5 6
           728.5 7
           729.5 3
           730.5 8
           731.5 3
           732.5 5
           733.5 3
           734.5 4
           735.5 4
           736.5 7
           737.5 6
           738.5 4
           739.5 3
           740.5 2
           741.5 2
           742.5 3
           743.5 3
           744.5 2
           745.5 6
           746.5 2
           747.5 2
           748.5 1
           749.5 3
           750.5 6
           751.5 7
           752.5 1
           753.5 5
           754.5 6
           755.5 4
           756.5 6
           757.5 3
           758.5 2
           759.5 9
           760.5 4
           761.5 8
           762.5 5
           763.5 4
           764.5 2
           765.5 4
           766.5 1
           767.5 2
           768.5 6
           769.5 5
           770.5 6
           771.5 4
           772.5 3
           773.5 2
           774.5 6
           775.5 4
           776.5 2
           777.5 2
           778.5 1
           779.5 2
           780.5 4
           781.5 3
           782.5 5
           783.5 4
           784.5 3
           785.5 4
           786.5 7
           787.5 2
           788.5 3
           789.5 5
           790.5 3
           791.5 6
           792.5 1
           793.5 1
           794.5 4
           795.5 4
           796.5 5
           797.5 5
           798.5 3
           799.5 3
           800.5 4
           801.5 5
           802.5 7
           803.5 2
           804.5 6
           805.5 7
           806.5 1
           807.5 2
           808.5 2
           809.5 8
           810.5 7
           811.5 8
           812.5 7
           813.5 5
           814.5 5
           815.5 3
           816.5 4
           817.5 5
           818.5 3
           819.5 9
           820.5 6
           821.5 5
           822.5 10
           823.5 6
           824.5 2
           825.5 2
           826.5 1
           827.5 2
           828.5 4
           829.5 3
           830.5 5
           831.5 3
           832.5 5
           833.5 3
           834.5 1
           835.5 4
           836.5 2
           837.5 5
           838.5 3
           839.5 5
           840.5 2
           841.5 1
           842.5 4
           843.5 1
           844.5 4
           845.5 3
             :
           847.5 3
           848.5 2
           849.5 4
           850.5 5
           851.5 1
             :
           853.5 2
           854.5 5
           855.5 5
           856.5 4
           857.5 3
           858.5 6
             :
           860.5 5
           861.5 4
           862.5 3
           863.5 2
           864.5 2
           865.5 5
           866.5 4
           867.5 3
           868.5 3
           869.5 4
           870.5 5
           871.5 6
           872.5 4
           873.5 3
           874.5 3
           875.5 2
           876.5 3
           877.5 7
           878.5 3
           879.5 5
           880.5 1
           881.5 1
           882.5 4
           883.5 2
           884.5 3
           885.5 2
           886.5 4
           887.5 2
           888.5 3
           889.5 2
           890.5 3
           891.5 3
             :
           893.5 6
           894.5 1
           895.5 2
           896.5 4
           897.5 3
             :
           899.5 3
           900.5 1
           901.5 1
           902.5 3
           903.5 1
           904.5 2
           905.5 2
           906.5 3
           907.5 3
           908.5 1
           909.5 2
           910.5 3
           911.5 1
           912.5 3
           913.5 4
           914.5 4
           915.5 3
           916.5 4
           917.5 2
           918.5 6
           919.5 1
           920.5 1
           921.5 3
           922.5 2
           923.5 2
           924.5 2
           925.5 3
           926.5 2
           927.5 4
           928.5 3
           929.5 2
           930.5 3
           931.5 2
           932.5 3
           933.5 4
           934.5 2
           935.5 4
           936.5 1
           937.5 1
           938.5 2
           939.5 2
             :
           941.5 1
           942.5 2
           943.5 2
           944.5 2
           945.5 2
           946.5 4
           947.5 4
             :
           949.5 1
           950.5 2
           951.5 4
           952.5 1
           953.5 1
             :
           955.5 1
           956.5 4
           957.5 3
           958.5 2
           959.5 3
           960.5 4
           961.5 1
           962.5 3
             :
           964.5 2
             :
           966.5 5
           967.5 3
           968.5 3
             :
           970.5 1
           971.5 2
           972.5 4
           973.5 1
           974.5 3
           975.5 2
           976.5 2
           977.5 1
           978.5 1
           979.5 3
           980.5 3
           981.5 1
             :
           983.5 2
           984.5 5
           985.5 2
             :
           987.5 3
           988.5 2
           989.5 4
           990.5 1
           991.5 1
           992.5 1
           993.5 4
           994.5 4
           995.5 3
             :
           998.5 4
           999.5 1
          1000.5 1
          1001.5 1
          1002.5 2
          1003.5 1
          1004.5 2
          1005.5 3
          1006.5 2
          1007.5 1
          1008.5 1
             :
          1010.5 1
          1011.5 2
          1012.5 1
          1013.5 2
          1014.5 1
          1015.5 3
          1016.5 1
          1017.5 3
          1018.5 2
             :
          1020.5 1
          1021.5 2
          1022.5 1
          1023.5 3
          1024.5 2
             :
          1026.5 5
          1027.5 1
             :
          1029.5 3
          1030.5 1
             :
          1032.5 2
          1033.5 2
          1034.5 1
          1035.5 2
          1036.5 1
          1037.5 2
             :
          1039.5 4
          1040.5 2
          1041.5 1
             :
          1043.5 1
          1044.5 3
          1045.5 2
             :
          1048.5 2
             :
          1050.5 1
          1051.5 1
             :
          1054.5 2
          1055.5 1
             :
          1058.5 2
          1059.5 2
          1060.5 3
          1061.5 1
             :
          1063.5 2
             :
          1065.5 1
          1066.5 1
          1067.5 2
             :
          1071.5 2
             :
          1073.5 1
             :
          1075.5 2
          1076.5 2
          1077.5 2
             :
          1079.5 1
          1080.5 1
          1081.5 2
             :
          1084.5 1
          1085.5 1
          1086.5 1
          1087.5 1
             :
          1089.5 1
          1090.5 1
          1091.5 1
          1092.5 1
          1093.5 1
          1094.5 1
          1095.5 1
          1096.5 2
          1097.5 1
          1098.5 3
             :
          1100.5 1
             :
          1102.5 1
          1103.5 3
          1104.5 1
          1105.5 2
             :
          1109.5 1
          1110.5 2
          1111.5 3
          1112.5 1
          1113.5 1
          1114.5 3
          1115.5 3
             :
          1117.5 2
             :
          1121.5 2
          1122.5 1
          1123.5 1
          1124.5 1
             :
          1126.5 1
          1127.5 1
             :
          1129.5 1
             :
          1132.5 1
          1133.5 1
             :
          1135.5 2
          1136.5 1
          1137.5 2
          1138.5 3
          1139.5 1
             :
          1142.5 3
          1143.5 1
          1144.5 1
             :
          1148.5 1
          1149.5 1
          1150.5 1
          1151.5 2
          1152.5 4
          1153.5 1
          1154.5 2
          1155.5 1
          1156.5 1
          1157.5 1
             :
          1159.5 1
          1160.5 2
          1161.5 1
             :
          1163.5 1
          1164.5 1
             :
          1167.5 1
          1168.5 2
          1169.5 2
          1170.5 1
          1171.5 1
             :
          1173.5 2
             :
          1176.5 2
             :
          1178.5 1
          1179.5 2
          1180.5 1
          1181.5 1
          1182.5 1
          1183.5 2
             :
          1185.5 2
          1186.5 1
             :
          1188.5 2
          1189.5 2
          1190.5 2
          1191.5 1
          1192.5 2
             :
          1196.5 3
          1197.5 2
          1198.5 1
          1199.5 1
          1200.5 2
          1201.5 1
             :
          1203.5 1
             :
          1206.5 4
             :
          1208.5 2
          1209.5 1
          1210.5 3
          1211.5 1
             :
          1214.5 2
          1215.5 1
          1216.5 1
          1217.5 1
          1218.5 1
             :
          1222.5 1
             :
          1224.5 2
             :
          1227.5 1
          1228.5 2
             :
          1230.5 2
             :
          1234.5 1
             :
          1236.5 1
          1237.5 1
             :
          1239.5 1
          1240.5 1
          1241.5 2
          1242.5 1
             :
          1245.5 1
          1246.5 3
             :
          1248.5 2
          1249.5 1
             :
          1252.5 3
          1253.5 4
          1254.5 1
          1255.5 1
             :
          1258.5 1
          1259.5 1
          1260.5 1
          1261.5 1
          1262.5 1
          1263.5 3
          1264.5 1
          1265.5 1
          1266.5 1
             :
          1268.5 1
             :
          1272.5 1
             :
          1274.5 1
             :
          1277.5 1
             :
          1279.5 2
          1280.5 2
             :
          1283.5 1
          1284.5 1
             :
          1289.5 1
          1290.5 1
             :
          1292.5 1
             :
          1294.5 2
             :
          1296.5 2
          1297.5 1
          1298.5 1
          1299.5 1
          1300.5 1
             :
          1302.5 1
             :
          1305.5 3
          1306.5 1
             :
          1309.5 1
             :
          1311.5 1
          1312.5 1
             :
          1315.5 1
          1316.5 1
             :
          1319.5 1
             :
          1321.5 1
             :
          1324.5 2
          1325.5 1
          1326.5 1
          1327.5 1
             :
          1329.5 1
          1330.5 1
          1331.5 1
             :
          1333.5 1
          1334.5 1
          1335.5 1
             :
          1337.5 2
          1338.5 2
             :
          1340.5 1
             :
          1342.5 1
             :
          1346.5 1
             :
          1350.5 2
             :
          1353.5 2
             :
          1356.5 1
          1357.5 1
             :
          1364.5 1
             :
          1371.5 1
             :
          1374.5 1
             :
          1378.5 1
          1379.5 1
          1380.5 1
          1381.5 1
          1382.5 1
          1383.5 1
             :
          1386.5 1
          1387.5 1
             :
          1389.5 1
          1390.5 1
             :
          1392.5 1
             :
          1396.5 1
          1397.5 2
          1398.5 1
             :
          1402.5 2
             :
          1404.5 1
             :
          1407.5 1
             :
          1409.5 1
          1410.5 1
             :
          1418.5 1
          1419.5 1
          1420.5 1
             :
          1422.5 1
             :
          1424.5 1
             :
          1426.5 1
             :
          1428.5 1
             :
          1430.5 2
          1431.5 1
          1432.5 1
             :
          1434.5 2
             :
          1438.5 2
             :
          1450.5 2
          1451.5 1
          1452.5 1
          1453.5 1
             :
          1457.5 1
             :
          1459.5 1
          1460.5 1
             :
          1464.5 1
          1465.5 1
             :
          1469.5 1
          1470.5 1
             :
          1472.5 1
             :
          1476.5 1
          1477.5 3
          1478.5 2
          1479.5 1
             :
          1482.5 1
          1483.5 1
             :
          1485.5 1
          1486.5 2
          1487.5 2
          1488.5 1
             :
          1491.5 2
          1492.5 2
             :
          1495.5 1
          1496.5 2
          1497.5 1
          1498.5 1
             :
          1502.5 2
             :
          1505.5 2
             :
          1507.5 2
          1508.5 1
          1509.5 1
             :
          1514.5 1
          1515.5 2
          1516.5 1
             :
          1518.5 1
             :
          1520.5 1
             :
          1525.5 1
             :
          1529.5 1
             :
          1537.5 1
             :
          1539.5 1
             :
          1541.5 2
          1542.5 2
             :
          1544.5 1
             :
          1546.5 1
          1547.5 2
             :
          1553.5 1
          1554.5 1
             :
          1559.5 1
             :
          1561.5 2
             :
          1563.5 1
          1564.5 2
             :
          1570.5 1
          1571.5 2
          1572.5 1
             :
          1575.5 1
             :
          1578.5 2
             :
          1581.5 1
          1582.5 1
          1583.5 1
          1584.5 1
          1585.5 1
          1586.5 1
             :
          1588.5 1
          1589.5 1
          1590.5 1
             :
          1592.5 1
          1593.5 1
          1594.5 1
          1595.5 1
          1596.5 3
          1597.5 1
          1598.5 1
          1599.5 2
          1600.5 1
          1601.5 1
          1602.5 1
             :
          1607.5 1
          1608.5 2
             :
          1611.5 1
             :
          1614.5 1
          1615.5 1
             :
          1618.5 1
          1619.5 2
             :
          1623.5 1
          1624.5 1
          1625.5 1
          1626.5 1
          1627.5 2
             :
          1629.5 1
          1630.5 1
          1631.5 2
          1632.5 1
             :
          1634.5 1
          1635.5 2
             :
          1637.5 1
             :
          1639.5 1
             :
          1644.5 2
          1645.5 1
             :
          1652.5 2
          1653.5 2
          1654.5 2
          1655.5 1
          1656.5 1
             :
          1659.5 1
             :
          1661.5 2
          1662.5 2
             :
          1664.5 1
             :
          1667.5 1
             :
          1670.5 2
             :
          1672.5 2
          1673.5 1
             :
          1676.5 2
             :
          1678.5 1
          1679.5 1
          1680.5 1
             :
          1684.5 1
             :
          1686.5 2
             :
          1690.5 1
          1691.5 2
          1692.5 2
             :
          1696.5 1
          1697.5 1
             :
          1699.5 1
             :
          1702.5 1
             :
          1704.5 2
             :
          1706.5 1
          1707.5 2
             :
          1709.5 1
             :
          1714.5 3
             :
          1720.5 1
          1721.5 2
          1722.5 1
             :
          1734.5 1
          1735.5 1
             :
          1741.5 1
             :
          1746.5 1
             :
          1748.5 1
          1749.5 1
             :
          1751.5 1
             :
          1753.5 1
             :
          1757.5 2
          1758.5 1
             :
          1760.5 1
          1761.5 1
             :
          1765.5 1
             :
          1771.5 1
          1772.5 3
             :
          1774.5 1
             :
          1777.5 1
             :
          1780.5 1
             :
          1783.5 1
          1784.5 1
             :
          1786.5 1
             :
          1790.5 2
             :
          1795.5 1
             :
          1800.5 1
          1801.5 1
             :
          1809.5 1
          1810.5 2
             :
          1814.5 1
             :
          1819.5 1
          1820.5 1
          1821.5 2
          1822.5 1
             :
          1829.5 1
          1830.5 1
             :
          1832.5 1
             :
          1835.5 1
             :
          1839.5 2
             :
          1843.5 1
             :
          1845.5 1
          1846.5 1
             :
          1848.5 1
             :
          1851.5 2
             :
          1854.5 2
          1855.5 1
             :
          1866.5 1
          1867.5 2
          1868.5 1
             :
          1870.5 1
          1871.5 1
          1872.5 1
          1873.5 1
          1874.5 1
             :
          1884.5 1
          1885.5 1
             :
          1887.5 1
          1888.5 1
          1889.5 1
             :
          1895.5 1
          1896.5 1
             :
          1898.5 1
          1899.5 2
          1900.5 1
             :
          1903.5 1
          1904.5 1
             :
          1906.5 1
             :
          1911.5 1
             :
          1913.5 1
             :
          1916.5 1
             :
          1922.5 1
             :
          1927.5 1
             :
          1929.5 1
             :
          1931.5 1
          1932.5 1
          1933.5 2
          1934.5 1
             :
          1936.5 1
             :
          1938.5 1
             :
          1940.5 3
          1941.5 1
             :
          1943.5 1
             :
          1948.5 1
             :
          1952.5 1
          1953.5 1
             :
          1955.5 1
          1956.5 1
             :
          1960.5 1
             :
          1962.5 2
             :
          1967.5 1
             :
          1969.5 1
          1970.5 2
          1971.5 1
             :
          1976.5 1
             :
          1978.5 1
          1979.5 1
          1980.5 1
          1981.5 3
          1982.5 1
          1983.5 2
          1984.5 2
             :
          1987.5 1
             :
          1989.5 1
             :
          1991.5 1
             :
          1994.5 1
             :
          2007.5 1
             :
          2009.5 2
             :
          2012.5 1
             :
          2014.5 2
             :
          2021.5 5
          2022.5 2
             :
          2025.5 2
             :
          2028.5 1
             :
          2033.5 1
             :
          2043.5 1
             :
          2046.5 1
             :
          2052.5 2
             :
          2054.5 1
             :
          2060.5 1
             :
          2062.5 1
             :
          2065.5 2
          2066.5 1
             :
          2078.5 1
          2079.5 1
          2080.5 1
             :
          2083.5 2
          2084.5 2
             :
          2087.5 2
             :
          2098.5 1
             :
          2101.5 1
             :
          2104.5 1
             :
          2108.5 1
             :
          2112.5 1
             :
          2114.5 1
          2115.5 1
             :
          2117.5 1
          2118.5 1
          2119.5 1
             :
          2122.5 3
          2123.5 1
             :
          2125.5 2
             :
          2128.5 1
             :
          2135.5 1
             :
          2140.5 1
             :
          2143.5 1
             :
          2146.5 1
             :
          2150.5 1
             :
          2152.5 2
          2153.5 2
             :
          2155.5 1
             :
          2160.5 1
             :
          2164.5 1
          2165.5 2
             :
          2167.5 1
             :
          2171.5 1
             :
          2173.5 1
             :
          2177.5 1
             :
          2186.5 1
             :
          2191.5 1
          2192.5 1
             :
          2195.5 1
          2196.5 1
             :
          2198.5 1
          2199.5 1
             :
          2202.5 2
             :
          2205.5 1
             :
          2207.5 1
             :
          2210.5 1
             :
          2214.5 1
             :
          2216.5 1
          2217.5 1
             :
          2219.5 1
          2220.5 1
             :
          2223.5 1
             :
          2226.5 1
          2227.5 1
             :
          2237.5 1
             :
          2240.5 1
             :
          2242.5 1
             :
          2244.5 3
          2245.5 1
             :
          2259.5 1
             :
          2261.5 1
             :
          2263.5 2
             :
          2270.5 1
             :
          2273.5 1
          2274.5 1
          2275.5 1
             :
          2277.5 1
          2278.5 1
          2279.5 1
          2280.5 1
             :
          2285.5 1
             :
          2297.5 2
          2298.5 1
          2299.5 1
             :
          2303.5 1
             :
          2307.5 1
             :
          2310.5 1
             :
          2312.5 1
             :
          2323.5 2
             :
          2325.5 1
          2326.5 1
          2327.5 1
             :
          2331.5 1
             :
          2335.5 3
          2336.5 1
          2337.5 1
             :
          2343.5 1
             :
          2345.5 2
             :
          2347.5 1
             :
          2351.5 2
             :
          2357.5 1
          2358.5 1
          2359.5 1
          2360.5 1
             :
          2362.5 1
             :
          2364.5 1
             :
          2366.5 2
             :
          2372.5 1
             :
          2375.5 1
             :
          2378.5 1
             :
          2380.5 2
             :
          2383.5 1
             :
          2386.5 1
             :
          2388.5 1
             :
          2390.5 1
             :
          2399.5 1
          2400.5 1
             :
          2402.5 1
             :
          2405.5 1
          2406.5 1
             :
          2412.5 1
          2413.5 2
             :
          2427.5 1
             :
          2431.5 1
             :
          2435.5 1
             :
          2437.5 1
             :
          2439.5 2
          2440.5 1
          2441.5 1
             :
          2451.5 1
             :
          2455.5 4
             :
          2466.5 1
          2467.5 1
             :
          2469.5 1
             :
          2472.5 2
             :
          2480.5 1
             :
          2484.5 1
             :
          2486.5 1
             :
          2488.5 1
          2489.5 1
          2490.5 1
             :
          2498.5 1
          2499.5 1
             :
          2502.5 1
             :
          2504.5 1
          2505.5 1
             :
          2508.5 1
             :
          2510.5 1
             :
          2514.5 2
             :
          2516.5 1
             :
          2522.5 1
             :
          2529.5 1
             :
          2532.5 1
             :
          2540.5 1
             :
          2551.5 1
             :
          2560.5 1
             :
          2562.5 2
          2563.5 1
          2564.5 1
             :
          2574.5 1
             :
          2578.5 1
             :
          2583.5 1
             :
          2586.5 1
             :
          2589.5 1
          2590.5 1
             :
          2593.5 1
          2594.5 1
             :
          2597.5 1
          2598.5 1
             :
          2607.5 1
             :
          2609.5 1
             :
          2616.5 1
             :
          2620.5 3
             :
          2627.5 2
             :
          2629.5 1
             :
          2639.5 2
             :
          2648.5 1
             :
          2661.5 1
             :
          2664.5 1
             :
          2670.5 1
          2671.5 1
             :
          2682.5 1
             :
          2695.5 1
             :
          2707.5 1
             :
          2711.5 1
             :
          2715.5 2
             :
          2720.5 1
             :
          2737.5 1
             :
          2742.5 1
             :
          2745.5 1
             :
          2757.5 1
             :
          2771.5 1
          2772.5 1
             :
          2781.5 1
             :
          2786.5 1
             :
          2791.5 1
             :
          2795.5 1
             :
          2802.5 1
          2803.5 1
             :
          2810.5 1
             :
          2823.5 1
             :
          2828.5 1
             :
          2833.5 1
             :
          2855.5 1
             :
          2859.5 1
             :
          2862.5 1
             :
          2927.5 1
             :
          2955.5 1
             :
          2973.5 1
             :
          2975.5 1
             :
          2981.5 1
             :
          2983.5 1
             :
          2985.5 1
             :
          3001.5 1
             :
          3004.5 1
             :
          3011.5 1
             :
          3054.5 1
             :
          3059.5 1
             :
          3065.5 1
             :
          3070.5 1
             :
          3072.5 1
             :
          3080.5 1
             :
          3091.5 1
             :
          3124.5 1
             :
          3139.5 1
             :
          3146.5 1
             :
          3168.5 1
             :
          3191.5 1
             :
          3213.5 1
             :
          3218.5 2
             :
          3227.5 1
             :
          3243.5 1
             :
          3249.5 1
             :
          3251.5 1
             :
          3261.5 1
             :
          3264.5 2
             :
          3299.5 1
             :
          3307.5 1
             :
          3311.5 1
             :
          3320.5 1
             :
          3324.5 1
             :
          3328.5 1
             :
          3330.5 1
             :
          3352.5 1
             :
          3362.5 1
             :
          3400.5 1
             :
          3415.5 1
          3416.5 1
             :
          3429.5 1
          3430.5 1
             :
          3435.5 1
             :
          3450.5 1
             :
          3530.5 1
             :
          3532.5 1
             :
          3538.5 2
             :
          3545.5 1
             :
          3560.5 1
             :
          3572.5 1
             :
          3605.5 1
             :
          3611.5 1
             :
          3618.5 1
             :
          3620.5 1
             :
          3641.5 1
             :
          3647.5 1
             :
          3678.5 1
             :
          3685.5 1
          3686.5 1
             :
          3749.5 1
             :
          3755.5 1
             :
          3768.5 1
             :
          3770.5 1
             :
          3786.5 1
             :
          3831.5 1
             :
          3994.5 1

Total: connections 14400 requests 14400 replies 14400 test-duration 599.977 s

Connection rate: 24.0 conn/s (41.7 ms/conn, <=71 concurrent connections)
Connection time [ms]: min 10.1 avg 240.4 max 3994.3 median 30.5 stddev 509.9
Connection time [ms]: connect 0.8
Connection length [replies/conn]: 1.000

Request rate: 24.0 req/s (41.7 ms/req)
Request size [B]: 67.0

Reply rate [replies/s]: min 8.0 avg 24.0 max 50.0 stddev 3.4 (599 samples)
Percentages of the replies served at a given rate:
   50%: 23
   66%: 23
   75%: 24
   80%: 24
   90%: 25
   95%: 28
   98%: 31
   99%: 35
  100%: 50

Reply time [ms]: response 226.1 transfer 13.4
Percentages of the requests served within a certain time (ms) :
   50%: 28
   66%: 70
   75%: 115
   80%: 152
   90%: 769
   95%: 1235
   98%: 2020
   99%: 2434
  100%: 3855

Reply size [B]: header 163.0 content 72.0 footer 1.0 (total 236.0)
Reply status: 1xx=0 2xx=14400 3xx=0 4xx=0 5xx=0

CPU time [s]: user 460.93 system 137.80 (user 76.8% system 23.0% total 99.8%)
Net I/O: 7.1 KB/s (0.1*10^6 bps)

Errors: total 0 client-timo 0 socket-timo 0 connrefused 0 connreset 0
Errors: fd-unavail 0 addrunavail 0 ftab-full 0 other 0

