httperf --verbose --hog --timeout=50 --client=0/1 --server=172.16.116.116 --port=8080 --uri=/ --rate=8 --send-buffer=4096 --recv-buffer=16384 --num-conns=1440 --num-calls=1
httperf: maximum number of open descriptors = 65535
Maximum connect burst length: 1

Connection lifetime histogram (time in ms):
             :
            10.5 48
            11.5 234
            12.5 177
            13.5 155
            14.5 102
            15.5 100
            16.5 157
            17.5 127
            18.5 75
            19.5 61
            20.5 29
            21.5 21
            22.5 13
            23.5 10
            24.5 6
            25.5 2
            26.5 3
            27.5 2
             :
            29.5 2
            30.5 1
            31.5 2
             :
            35.5 1
             :
            39.5 1
             :
            42.5 1
            43.5 1
             :
            45.5 1
             :
            59.5 1
             :
            61.5 1
             :
            64.5 1
             :
            67.5 1
             :
            72.5 1
             :
            74.5 1
             :
            78.5 1
             :
            84.5 1
             :
            89.5 1
            90.5 1
            91.5 1
             :
            95.5 1
            96.5 1
             :
            98.5 1
             :
           103.5 1
             :
           109.5 1
             :
           112.5 1
             :
           116.5 1
             :
           122.5 1
             :
           129.5 2
             :
           131.5 1
             :
           139.5 1
           140.5 1
             :
           144.5 1
             :
           149.5 2
           150.5 1
             :
           161.5 1
           162.5 1
             :
           165.5 1
           166.5 1
             :
           171.5 2
           172.5 1
             :
           174.5 1
           175.5 1
             :
           178.5 1
             :
           181.5 1
             :
           183.5 1
           184.5 1
             :
           186.5 1
           187.5 1
           188.5 1
           189.5 1
             :
           191.5 2
           192.5 1
             :
           194.5 1
             :
           196.5 1
             :
           198.5 1
           199.5 3
             :
           201.5 1
           202.5 1
             :
           205.5 3
             :
           207.5 2
             :
           210.5 1
             :
           212.5 1
             :
           219.5 2
             :
           232.5 1
             :
           234.5 1
           235.5 1
             :
           241.5 1
           242.5 3
             :
           244.5 1
             :
           247.5 1
             :
           253.5 2
             :
           256.5 1
           257.5 1
             :
           260.5 1
             :
           263.5 1
             :
           265.5 1
           266.5 1
           267.5 1
             :
           271.5 1
             :
           276.5 1
             :
           278.5 1
           279.5 1
             :
           281.5 2
             :
           283.5 3
             :
           286.5 1
             :
           289.5 1
             :
           293.5 3
           294.5 1
             :
           298.5 1
             :
           312.5 2
             :
           325.5 1
             :
           331.5 1
             :
           347.5 1
             :
           356.5 1
             :
           364.5 1
             :
           375.5 1
           376.5 1

Total: connections 1440 requests 1440 replies 1440 test-duration 179.895 s

Connection rate: 8.0 conn/s (124.9 ms/conn, <=2 concurrent connections)
Connection time [ms]: min 10.3 avg 29.4 max 376.2 median 15.5 stddev 54.6
Connection time [ms]: connect 0.9
Connection length [replies/conn]: 1.000

Request rate: 8.0 req/s (124.9 ms/req)
Request size [B]: 67.0

Reply rate [replies/s]: min 7.0 avg 8.0 max 9.0 stddev 0.4 (179 samples)
Percentages of the replies served at a given rate:
   50%: 7
   66%: 7
   75%: 7
   80%: 7
   90%: 7
   95%: 8
   98%: 8
   99%: 8
  100%: 9

Reply time [ms]: response 27.2 transfer 1.2
Percentages of the requests served within a certain time (ms) :
   50%: 13
   66%: 15
   75%: 16
   80%: 16
   90%: 20
   95%: 162
   98%: 244
   99%: 278
  100%: 374

Reply size [B]: header 162.0 content 72.0 footer 1.0 (total 235.0)
Reply status: 1xx=0 2xx=1440 3xx=0 4xx=0 5xx=0

CPU time [s]: user 150.94 system 28.67 (user 83.9% system 15.9% total 99.8%)
Net I/O: 2.4 KB/s (0.0*10^6 bps)

Errors: total 0 client-timo 0 socket-timo 0 connrefused 0 connreset 0
Errors: fd-unavail 0 addrunavail 0 ftab-full 0 other 0

