httperf --verbose --hog --timeout=50 --client=0/1 --server=172.16.116.116 --port=8080 --uri=/ --rate=16 --send-buffer=4096 --recv-buffer=16384 --num-conns=4800 --num-calls=1
httperf: maximum number of open descriptors = 65535
Maximum connect burst length: 1

Connection lifetime histogram (time in ms):
             :
            10.5 325
            11.5 825
            12.5 508
            13.5 403
            14.5 356
            15.5 336
            16.5 354
            17.5 237
            18.5 184
            19.5 114
            20.5 136
            21.5 107
            22.5 103
            23.5 52
            24.5 20
            25.5 24
            26.5 6
            27.5 4
            28.5 10
            29.5 1
            30.5 2
            31.5 1
            32.5 2
            33.5 2
            34.5 3
            35.5 1
            36.5 2
            37.5 2
            38.5 1
            39.5 1
             :
            42.5 1
             :
            44.5 1
             :
            46.5 1
            47.5 1
            48.5 1
            49.5 3
            50.5 1
             :
            52.5 2
             :
            54.5 1
             :
            56.5 1
             :
            58.5 1
            59.5 2
             :
            61.5 3
            62.5 2
            63.5 1
            64.5 3
            65.5 1
            66.5 1
            67.5 2
            68.5 2
            69.5 1
             :
            72.5 3
             :
            75.5 1
            76.5 1
             :
            79.5 1
            80.5 1
            81.5 2
             :
            84.5 1
             :
            86.5 1
            87.5 2
            88.5 1
             :
            91.5 2
             :
            93.5 2
            94.5 1
             :
            97.5 1
            98.5 1
             :
           100.5 2
             :
           102.5 2
             :
           104.5 1
           105.5 1
           106.5 2
           107.5 4
           108.5 2
           109.5 2
           110.5 2
           111.5 1
           112.5 2
           113.5 1
           114.5 3
           115.5 2
           116.5 1
             :
           119.5 1
           120.5 1
           121.5 1
           122.5 1
             :
           124.5 3
             :
           126.5 1
           127.5 3
           128.5 2
             :
           130.5 2
           131.5 1
           132.5 2
           133.5 1
             :
           135.5 2
           136.5 3
           137.5 1
           138.5 1
           139.5 1
             :
           141.5 5
           142.5 1
             :
           144.5 1
             :
           146.5 2
           147.5 2
           148.5 2
           149.5 2
           150.5 5
             :
           152.5 3
           153.5 2
           154.5 3
           155.5 1
           156.5 2
           157.5 4
           158.5 1
           159.5 4
           160.5 5
           161.5 3
           162.5 3
           163.5 1
           164.5 1
           165.5 2
           166.5 3
           167.5 3
           168.5 6
           169.5 2
           170.5 1
           171.5 2
           172.5 5
           173.5 2
           174.5 2
           175.5 4
           176.5 4
           177.5 7
           178.5 3
           179.5 4
           180.5 5
           181.5 5
           182.5 4
           183.5 4
           184.5 1
           185.5 7
           186.5 5
           187.5 2
           188.5 4
           189.5 5
           190.5 2
           191.5 6
           192.5 4
           193.5 3
           194.5 2
           195.5 3
           196.5 5
           197.5 4
           198.5 4
           199.5 5
           200.5 4
           201.5 2
           202.5 9
           203.5 3
           204.5 1
           205.5 3
           206.5 4
           207.5 5
           208.5 5
           209.5 2
           210.5 4
           211.5 5
           212.5 4
             :
           214.5 8
           215.5 7
           216.5 4
           217.5 7
           218.5 6
           219.5 3
           220.5 3
           221.5 4
             :
           223.5 4
           224.5 6
           225.5 5
           226.5 4
           227.5 4
           228.5 6
           229.5 1
           230.5 10
           231.5 3
           232.5 3
           233.5 5
           234.5 4
           235.5 3
           236.5 4
           237.5 3
           238.5 5
           239.5 2
           240.5 3
           241.5 4
           242.5 5
           243.5 2
           244.5 3
           245.5 4
           246.5 5
           247.5 4
           248.5 4
           249.5 5
           250.5 4
           251.5 6
           252.5 3
           253.5 1
           254.5 2
           255.5 4
           256.5 4
           257.5 5
           258.5 1
           259.5 1
           260.5 3
           261.5 1
           262.5 3
           263.5 3
           264.5 3
           265.5 4
           266.5 2
           267.5 3
           268.5 4
             :
           270.5 3
           271.5 1
           272.5 1
           273.5 4
           274.5 4
           275.5 1
           276.5 1
           277.5 5
           278.5 4
           279.5 1
           280.5 4
           281.5 2
             :
           283.5 3
           284.5 4
           285.5 1
           286.5 2
           287.5 2
           288.5 1
           289.5 4
           290.5 1
           291.5 1
             :
           293.5 1
           294.5 1
           295.5 5
           296.5 1
             :
           298.5 2
             :
           300.5 3
             :
           302.5 2
           303.5 2
             :
           305.5 2
           306.5 1
             :
           308.5 1
           309.5 1
             :
           311.5 5
             :
           313.5 1
           314.5 1
             :
           316.5 2
           317.5 2
             :
           319.5 1
             :
           321.5 2
             :
           324.5 1
           325.5 2
             :
           327.5 2
           328.5 1
           329.5 1
           330.5 1
             :
           332.5 2
             :
           334.5 1
           335.5 1
           336.5 1
             :
           338.5 1
             :
           341.5 3
           342.5 1
             :
           346.5 1
           347.5 2
             :
           350.5 1
             :
           352.5 1
             :
           356.5 2
             :
           358.5 3
             :
           363.5 1
             :
           365.5 1
             :
           367.5 1
             :
           370.5 1
           371.5 1
             :
           378.5 2
             :
           382.5 1
             :
           389.5 1
             :
           392.5 1
             :
           396.5 1
             :
           434.5 1

Total: connections 4800 requests 4800 replies 4800 test-duration 299.952 s

Connection rate: 16.0 conn/s (62.5 ms/conn, <=3 concurrent connections)
Connection time [ms]: min 10.1 avg 42.4 max 434.6 median 14.5 stddev 73.0
Connection time [ms]: connect 0.8
Connection length [replies/conn]: 1.000

Request rate: 16.0 req/s (62.5 ms/req)
Request size [B]: 67.0

Reply rate [replies/s]: min 14.0 avg 16.0 max 18.0 stddev 0.9 (299 samples)
Percentages of the replies served at a given rate:
   50%: 15
   66%: 15
   75%: 15
   80%: 16
   90%: 16
   95%: 17
   98%: 17
   99%: 17
  100%: 18

Reply time [ms]: response 39.3 transfer 2.3
Percentages of the requests served within a certain time (ms) :
   50%: 13
   66%: 15
   75%: 17
   80%: 19
   90%: 164
   95%: 217
   98%: 264
   99%: 299
  100%: 433

Reply size [B]: header 162.0 content 72.0 footer 1.0 (total 235.0)
Reply status: 1xx=0 2xx=4800 3xx=0 4xx=0 5xx=0

CPU time [s]: user 247.55 system 51.86 (user 82.5% system 17.3% total 99.8%)
Net I/O: 4.7 KB/s (0.0*10^6 bps)

Errors: total 0 client-timo 0 socket-timo 0 connrefused 0 connreset 0
Errors: fd-unavail 0 addrunavail 0 ftab-full 0 other 0

