httperf --verbose --hog --timeout=50 --client=0/1 --server=172.16.116.116 --port=8080 --uri=/ --rate=24 --send-buffer=4096 --recv-buffer=16384 --num-conns=7200 --num-calls=1
httperf: maximum number of open descriptors = 65535
Maximum connect burst length: 1

Connection lifetime histogram (time in ms):
             :
            10.5 536
            11.5 1425
            12.5 970
            13.5 480
            14.5 325
            15.5 467
            16.5 755
            17.5 567
            18.5 454
            19.5 192
            20.5 88
            21.5 57
            22.5 30
            23.5 26
            24.5 12
            25.5 16
            26.5 8
            27.5 12
            28.5 8
            29.5 7
            30.5 1
            31.5 1
            32.5 1
            33.5 6
            34.5 3
            35.5 2
            36.5 3
            37.5 1
             :
            39.5 2
            40.5 2
             :
            43.5 1
            44.5 1
            45.5 1
            46.5 2
            47.5 2
            48.5 1
            49.5 2
             :
            52.5 2
            53.5 2
            54.5 1
            55.5 4
             :
            57.5 2
            58.5 1
            59.5 1
            60.5 1
            61.5 1
            62.5 2
            63.5 2
             :
            65.5 2
            66.5 1
            67.5 2
             :
            69.5 3
            70.5 2
             :
            72.5 1
            73.5 1
             :
            76.5 1
             :
            78.5 1
             :
            80.5 2
             :
            82.5 1
            83.5 2
            84.5 1
            85.5 3
            86.5 1
            87.5 1
             :
            89.5 2
            90.5 2
            91.5 1
            92.5 4
            93.5 1
             :
            95.5 2
            96.5 4
            97.5 4
             :
            99.5 2
           100.5 1
             :
           102.5 1
           103.5 1
             :
           105.5 2
           106.5 2
           107.5 2
           108.5 2
           109.5 1
           110.5 3
           111.5 2
           112.5 2
           113.5 1
           114.5 3
           115.5 1
           116.5 3
           117.5 1
           118.5 1
           119.5 2
           120.5 1
             :
           122.5 1
             :
           124.5 3
             :
           126.5 2
           127.5 2
             :
           129.5 1
           130.5 1
           131.5 2
           132.5 1
           133.5 3
           134.5 2
           135.5 2
           136.5 2
           137.5 4
           138.5 2
             :
           140.5 2
           141.5 2
           142.5 4
           143.5 1
           144.5 4
           145.5 4
           146.5 2
           147.5 2
           148.5 3
           149.5 2
             :
           151.5 2
           152.5 2
           153.5 1
             :
           155.5 1
           156.5 3
           157.5 2
           158.5 2
           159.5 4
           160.5 2
           161.5 2
           162.5 1
           163.5 3
           164.5 2
           165.5 1
           166.5 2
           167.5 4
           168.5 7
           169.5 1
           170.5 1
           171.5 5
           172.5 2
           173.5 4
             :
           175.5 5
           176.5 4
           177.5 1
           178.5 6
           179.5 3
           180.5 4
           181.5 2
           182.5 5
             :
           184.5 6
           185.5 3
           186.5 1
           187.5 8
           188.5 4
           189.5 4
           190.5 4
           191.5 4
           192.5 1
           193.5 3
           194.5 7
           195.5 3
           196.5 4
             :
           198.5 5
           199.5 9
           200.5 2
           201.5 7
           202.5 2
           203.5 3
           204.5 1
           205.5 3
           206.5 2
           207.5 3
           208.5 5
           209.5 4
             :
           211.5 6
           212.5 5
           213.5 5
           214.5 1
           215.5 1
           216.5 4
           217.5 6
           218.5 2
           219.5 6
           220.5 4
           221.5 1
           222.5 2
           223.5 6
           224.5 2
           225.5 6
           226.5 2
           227.5 6
           228.5 2
           229.5 2
           230.5 2
           231.5 3
           232.5 3
           233.5 5
           234.5 5
           235.5 4
           236.5 7
           237.5 6
           238.5 11
           239.5 4
           240.5 6
           241.5 3
           242.5 4
           243.5 3
           244.5 5
           245.5 4
           246.5 4
           247.5 2
           248.5 2
           249.5 2
             :
           251.5 3
           252.5 7
           253.5 6
           254.5 2
           255.5 7
           256.5 6
           257.5 5
           258.5 7
           259.5 6
           260.5 2
           261.5 3
           262.5 2
           263.5 3
           264.5 5
           265.5 2
           266.5 3
           267.5 2
           268.5 3
           269.5 6
           270.5 2
           271.5 2
             :
           273.5 1
             :
           275.5 3
           276.5 4
           277.5 1
           278.5 2
           279.5 7
           280.5 3
           281.5 5
           282.5 1
           283.5 4
             :
           285.5 3
           286.5 1
           287.5 2
           288.5 5
           289.5 5
           290.5 1
           291.5 1
           292.5 1
           293.5 3
           294.5 2
           295.5 4
           296.5 2
           297.5 1
           298.5 3
           299.5 3
             :
           301.5 1
           302.5 3
           303.5 1
           304.5 3
             :
           306.5 2
           307.5 3
           308.5 4
           309.5 2
           310.5 2
           311.5 5
           312.5 3
           313.5 2
           314.5 3
           315.5 1
           316.5 1
           317.5 2
             :
           319.5 2
           320.5 1
           321.5 3
             :
           325.5 2
           326.5 1
           327.5 2
           328.5 4
             :
           333.5 2
             :
           335.5 1
           336.5 2
             :
           338.5 2
             :
           341.5 2
             :
           347.5 2
             :
           349.5 1
             :
           351.5 2
             :
           355.5 1
             :
           357.5 2
           358.5 1
           359.5 1
           360.5 1
           361.5 1
             :
           364.5 1
           365.5 1
             :
           367.5 1
             :
           370.5 2
           371.5 1
             :
           374.5 1
           375.5 1
           376.5 2
             :
           381.5 1
           382.5 1
             :
           395.5 1
             :
           399.5 1
           400.5 1
             :
           402.5 1
             :
           408.5 1
             :
           418.5 1
             :
           441.5 1

Total: connections 7200 requests 7200 replies 7200 test-duration 299.970 s

Connection rate: 24.0 conn/s (41.7 ms/conn, <=3 concurrent connections)
Connection time [ms]: min 10.1 avg 35.0 max 441.4 median 14.5 stddev 65.4
Connection time [ms]: connect 0.6
Connection length [replies/conn]: 1.000

Request rate: 24.0 req/s (41.7 ms/req)
Request size [B]: 67.0

Reply rate [replies/s]: min 21.9 avg 24.0 max 26.0 stddev 1.0 (299 samples)
Percentages of the replies served at a given rate:
   50%: 23
   66%: 23
   75%: 24
   80%: 24
   90%: 24
   95%: 25
   98%: 25
   99%: 25
  100%: 26

Reply time [ms]: response 32.6 transfer 1.7
Percentages of the requests served within a certain time (ms) :
   50%: 13
   66%: 15
   75%: 16
   80%: 17
   90%: 57
   95%: 202
   98%: 261
   99%: 296
  100%: 430

Reply size [B]: header 162.0 content 72.0 footer 1.0 (total 235.0)
Reply status: 1xx=0 2xx=7200 3xx=0 4xx=0 5xx=0

CPU time [s]: user 238.22 system 61.14 (user 79.4% system 20.4% total 99.8%)
Net I/O: 7.1 KB/s (0.1*10^6 bps)

Errors: total 0 client-timo 0 socket-timo 0 connrefused 0 connreset 0
Errors: fd-unavail 0 addrunavail 0 ftab-full 0 other 0

