httperf --verbose --hog --timeout=50 --client=0/1 --server=172.16.116.116 --port=8080 --uri=/ --rate=24 --send-buffer=4096 --recv-buffer=16384 --num-conns=7200 --num-calls=1
httperf: maximum number of open descriptors = 65535
Maximum connect burst length: 1

Connection lifetime histogram (time in ms):
             :
            10.5 568
            11.5 1868
            12.5 815
            13.5 433
            14.5 372
            15.5 575
            16.5 1069
            17.5 612
            18.5 364
            19.5 193
            20.5 83
            21.5 58
            22.5 25
            23.5 14
            24.5 18
            25.5 11
            26.5 7
            27.5 4
            28.5 3
            29.5 3
            30.5 3
            31.5 1
            32.5 1
            33.5 2
            34.5 1
             :
            36.5 1
             :
            41.5 1
             :
            45.5 1
             :
            54.5 1
             :
            58.5 1
             :
            62.5 1
             :
            80.5 1
             :
            87.5 1
             :
            90.5 1
             :
           121.5 1
           122.5 1
             :
           125.5 1
             :
           128.5 1
             :
           135.5 1
             :
           142.5 1
             :
           144.5 1
           145.5 1
             :
           147.5 1
             :
           149.5 1
             :
           154.5 1
           155.5 1
           156.5 2
             :
           158.5 1
             :
           162.5 2
             :
           164.5 1
             :
           172.5 2
           173.5 2
             :
           175.5 1
           176.5 1
           177.5 1
             :
           181.5 1
           182.5 1
             :
           187.5 1
           188.5 1
             :
           191.5 1
             :
           197.5 1
           198.5 3
             :
           200.5 1
             :
           206.5 1
           207.5 2
           208.5 1
             :
           211.5 1
           212.5 1
           213.5 2
             :
           215.5 1
           216.5 1
             :
           218.5 1
           219.5 2
           220.5 1
             :
           229.5 1
             :
           232.5 1
             :
           235.5 1
             :
           239.5 2
             :
           246.5 1
           247.5 1
             :
           252.5 1
           253.5 1
             :
           260.5 1
             :
           262.5 1
             :
           266.5 1
             :
           268.5 1
             :
           272.5 2
           273.5 1
           274.5 1
             :
           277.5 1
           278.5 1
             :
           285.5 1
             :
           296.5 1
           297.5 1
             :
           303.5 1
             :
           306.5 1
             :
           308.5 1
             :
           310.5 1
             :
           313.5 1
             :
           315.5 1
             :
           317.5 2
             :
           322.5 2
           323.5 1
             :
           326.5 1
             :
           339.5 1
             :
           362.5 1
             :
           386.5 1
             :
           398.5 1
             :
           414.5 1

Total: connections 7200 requests 7200 replies 7200 test-duration 299.971 s

Connection rate: 24.0 conn/s (41.7 ms/conn, <=3 concurrent connections)
Connection time [ms]: min 10.0 avg 17.0 max 414.8 median 13.5 stddev 25.1
Connection time [ms]: connect 0.6
Connection length [replies/conn]: 1.000

Request rate: 24.0 req/s (41.7 ms/req)
Request size [B]: 67.0

Reply rate [replies/s]: min 23.0 avg 24.0 max 25.0 stddev 0.3 (299 samples)
Percentages of the replies served at a given rate:
   50%: 23
   66%: 23
   75%: 23
   80%: 23
   90%: 23
   95%: 24
   98%: 24
   99%: 24
  100%: 25

Reply time [ms]: response 15.7 transfer 0.6
Percentages of the requests served within a certain time (ms) :
   50%: 12
   66%: 15
   75%: 15
   80%: 15
   90%: 16
   95%: 18
   98%: 21
   99%: 155
  100%: 354

Reply size [B]: header 162.0 content 72.0 footer 1.0 (total 235.0)
Reply status: 1xx=0 2xx=7200 3xx=0 4xx=0 5xx=0

CPU time [s]: user 248.11 system 51.26 (user 82.7% system 17.1% total 99.8%)
Net I/O: 7.1 KB/s (0.1*10^6 bps)

Errors: total 0 client-timo 0 socket-timo 0 connrefused 0 connreset 0
Errors: fd-unavail 0 addrunavail 0 ftab-full 0 other 0

