httperf --verbose --hog --timeout=1 --client=0/1 --server=172.17.60.201 --port=80 --uri=/ --rate=256 --send-buffer=4096 --recv-buffer=16384 --num-conns=30000 --num-calls=1
httperf: maximum number of open descriptors = 4096
Maximum connect burst length: 5

Connection lifetime histogram (time in ms):
             :
             2.5 5
             3.5 27
             4.5 48
             5.5 66
             6.5 79
             7.5 129
             8.5 151
             9.5 148
            10.5 167
            11.5 164
            12.5 157
            13.5 184
            14.5 187
            15.5 167
            16.5 211
            17.5 184
            18.5 201
            19.5 156
            20.5 150
            21.5 155
            22.5 150
            23.5 125
            24.5 150
            25.5 152
            26.5 113
            27.5 101
            28.5 114
            29.5 113
            30.5 83
            31.5 107
            32.5 89
            33.5 72
            34.5 78
            35.5 76
            36.5 82
            37.5 70
            38.5 73
            39.5 66
            40.5 77
            41.5 75
            42.5 76
            43.5 86
            44.5 70
            45.5 86
            46.5 78
            47.5 80
            48.5 86
            49.5 77
            50.5 80
            51.5 98
            52.5 107
            53.5 89
            54.5 101
            55.5 112
            56.5 108
            57.5 136
            58.5 121
            59.5 162
            60.5 156
            61.5 146
            62.5 161
            63.5 179
            64.5 172
            65.5 173
            66.5 191
            67.5 202
            68.5 216
            69.5 211
            70.5 173
            71.5 235
            72.5 202
            73.5 220
            74.5 209
            75.5 244
            76.5 233
            77.5 243
            78.5 251
            79.5 211
            80.5 207
            81.5 224
            82.5 236
            83.5 229
            84.5 205
            85.5 201
            86.5 186
            87.5 214
            88.5 180
            89.5 166
            90.5 177
            91.5 156
            92.5 152
            93.5 120
            94.5 149
            95.5 144
            96.5 136
            97.5 118
            98.5 127
            99.5 120
           100.5 102
           101.5 116
           102.5 101
           103.5 92
           104.5 88
           105.5 91
           106.5 73
           107.5 70
           108.5 71
           109.5 54
           110.5 70
           111.5 75
           112.5 55
           113.5 39
           114.5 49
           115.5 42
           116.5 33
           117.5 43
           118.5 35
           119.5 39
           120.5 32
           121.5 28
           122.5 26
           123.5 23
           124.5 27
           125.5 24
           126.5 22
           127.5 20
           128.5 19
           129.5 12
           130.5 11
           131.5 13
           132.5 15
           133.5 8
           134.5 10
           135.5 11
           136.5 6
           137.5 13
           138.5 3
           139.5 8
           140.5 6
           141.5 10
           142.5 3
           143.5 5
           144.5 4
           145.5 8
           146.5 7
           147.5 5
           148.5 5
           149.5 2
           150.5 3
           151.5 3
           152.5 7
           153.5 4
           154.5 3
           155.5 3
           156.5 1
           157.5 3
           158.5 4
           159.5 3
           160.5 2
           161.5 1
           162.5 4
           163.5 1
           164.5 1
           165.5 2
           166.5 4
           167.5 1
           168.5 1
           169.5 2
             :
           171.5 3
           172.5 2
           173.5 1
           174.5 1
           175.5 1
           176.5 3
             :
           179.5 2
           180.5 2
           181.5 1
           182.5 1
           183.5 2
           184.5 2
             :
           187.5 2
             :
           189.5 2
             :
           191.5 2
           192.5 2
             :
           194.5 1
             :
           196.5 1
             :
           198.5 1
           199.5 1
           200.5 2
           201.5 1
             :
           203.5 2
           204.5 3
           205.5 5
           206.5 3
           207.5 1
           208.5 3
           209.5 5
           210.5 4
           211.5 3
           212.5 2
           213.5 2
           214.5 4
           215.5 7
           216.5 2
           217.5 4
           218.5 10
           219.5 7
           220.5 7
           221.5 7
           222.5 8
           223.5 5
           224.5 8
           225.5 8
           226.5 5
           227.5 11
           228.5 10
           229.5 14
           230.5 7
           231.5 5
           232.5 9
           233.5 10
           234.5 12
           235.5 8
           236.5 7
           237.5 6
           238.5 7
           239.5 6
           240.5 6
           241.5 13
           242.5 8
           243.5 9
           244.5 2
           245.5 4
           246.5 7
           247.5 8
           248.5 6
           249.5 6
           250.5 13
           251.5 7
           252.5 14
           253.5 12
           254.5 17
           255.5 8
           256.5 13
           257.5 18
           258.5 17
           259.5 23
           260.5 11
           261.5 18
           262.5 35
           263.5 23
           264.5 23
           265.5 23
           266.5 21
           267.5 34
           268.5 25
           269.5 26
           270.5 43
           271.5 45
           272.5 26
           273.5 37
           274.5 45
           275.5 47
           276.5 48
           277.5 50
           278.5 37
           279.5 55
           280.5 45
           281.5 48
           282.5 52
           283.5 57
           284.5 65
           285.5 44
           286.5 60
           287.5 51
           288.5 44
           289.5 60
           290.5 57
           291.5 45
           292.5 51
           293.5 64
           294.5 59
           295.5 53
           296.5 60
           297.5 59
           298.5 53
           299.5 32
           300.5 44
           301.5 45
           302.5 49
           303.5 53
           304.5 43
           305.5 42
           306.5 49
           307.5 46
           308.5 30
           309.5 36
           310.5 33
           311.5 30
           312.5 27
           313.5 26
           314.5 34
           315.5 32
           316.5 27
           317.5 27
           318.5 18
           319.5 23
           320.5 20
           321.5 24
           322.5 30
           323.5 17
           324.5 23
           325.5 11
           326.5 15
           327.5 16
           328.5 24
           329.5 11
           330.5 19
           331.5 16
           332.5 9
           333.5 15
           334.5 10
           335.5 12
           336.5 6
           337.5 8
           338.5 4
           339.5 6
           340.5 9
           341.5 12
           342.5 6
           343.5 4
           344.5 9
           345.5 10
           346.5 5
           347.5 10
           348.5 5
           349.5 4
           350.5 4
           351.5 7
           352.5 6
           353.5 7
           354.5 4
           355.5 2
           356.5 4
           357.5 2
           358.5 3
           359.5 4
           360.5 4
           361.5 1
           362.5 4
           363.5 4
           364.5 4
           365.5 1
             :
           367.5 2
             :
           369.5 1
           370.5 5
             :
           372.5 1
             :
           374.5 3
           375.5 1
             :
           378.5 2
           379.5 1
           380.5 2
           381.5 2
           382.5 3
             :
           384.5 2
           385.5 3
           386.5 1
           387.5 1
           388.5 1
           389.5 1
             :
           392.5 1
           393.5 1
           394.5 1
             :
           400.5 1
             :
           404.5 1
           405.5 1
             :
           408.5 1
           409.5 1
             :
           424.5 2
             :
           427.5 1
             :
           430.5 1
           431.5 2
             :
           433.5 2
             :
           435.5 2
             :
           439.5 1
           440.5 1
           441.5 2
           442.5 2
             :
           444.5 4
           445.5 1
           446.5 3
           447.5 6
           448.5 2
           449.5 2
           450.5 2
           451.5 5
           452.5 1
           453.5 1
           454.5 4
           455.5 3
           456.5 3
             :
           458.5 5
           459.5 3
           460.5 2
           461.5 3
           462.5 1
           463.5 4
           464.5 1
           465.5 3
           466.5 2
           467.5 4
             :
           469.5 2
           470.5 1
           471.5 2
           472.5 5
           473.5 3
           474.5 4
           475.5 3
             :
           477.5 6
           478.5 8
           479.5 3
           480.5 4
           481.5 3
           482.5 3
           483.5 4
           484.5 3
           485.5 5
           486.5 6
           487.5 2
           488.5 4
           489.5 6
           490.5 8
           491.5 5
           492.5 3
           493.5 6
           494.5 4
           495.5 8
           496.5 10
           497.5 2
           498.5 13
           499.5 17
           500.5 15
           501.5 16
           502.5 14
           503.5 8
           504.5 15
           505.5 14
           506.5 12
           507.5 17
           508.5 13
           509.5 13
           510.5 14
           511.5 13
           512.5 15
           513.5 19
           514.5 16
           515.5 13
           516.5 13
           517.5 14
           518.5 21
           519.5 12
           520.5 15
           521.5 24
           522.5 20
           523.5 10
           524.5 15
           525.5 18
           526.5 20
           527.5 16
           528.5 17
           529.5 23
           530.5 18
           531.5 16
           532.5 13
           533.5 22
           534.5 21
           535.5 25
           536.5 13
           537.5 20
           538.5 16
           539.5 18
           540.5 15
           541.5 22
           542.5 18
           543.5 18
           544.5 16
           545.5 13
           546.5 12
           547.5 15
           548.5 15
           549.5 14
           550.5 8
           551.5 15
           552.5 10
           553.5 11
           554.5 12
           555.5 9
           556.5 9
           557.5 11
           558.5 7
           559.5 10
           560.5 14
           561.5 12
           562.5 9
           563.5 11
           564.5 10
           565.5 15
           566.5 14
           567.5 7
           568.5 3
           569.5 9
           570.5 7
           571.5 6
           572.5 7
           573.5 5
           574.5 14
           575.5 6
           576.5 5
           577.5 4
           578.5 3
           579.5 9
           580.5 8
           581.5 9
           582.5 4
           583.5 4
           584.5 2
           585.5 2
           586.5 6
           587.5 5
           588.5 5
           589.5 5
           590.5 5
           591.5 3
           592.5 2
           593.5 4
           594.5 6
           595.5 3
           596.5 3
           597.5 1
           598.5 3
           599.5 4
           600.5 2
           601.5 4
           602.5 1
           603.5 1
           604.5 1
           605.5 2
           606.5 2
           607.5 3
           608.5 2
           609.5 1
           610.5 2
           611.5 5
           612.5 3
           613.5 1
             :
           615.5 6
           616.5 2
             :
           618.5 1
           619.5 2
           620.5 1
             :
           622.5 2
             :
           624.5 1
           625.5 1
           626.5 1
           627.5 2
           628.5 1
             :
           630.5 2
             :
           632.5 2
           633.5 1
             :
           635.5 3
           636.5 1
           637.5 1
           638.5 2
             :
           640.5 1
           641.5 2
           642.5 3
             :
           645.5 1
           646.5 1
             :
           648.5 1
           649.5 1
             :
           653.5 2
             :
           655.5 1
             :
           660.5 1
             :
           666.5 2
           667.5 1
           668.5 1
           669.5 2
             :
           671.5 1
           672.5 3
             :
           674.5 2
           675.5 2
             :
           677.5 1
           678.5 1
             :
           688.5 2
             :
           691.5 1
           692.5 1
             :
           699.5 1
             :
           701.5 1
             :
           705.5 1
             :
           708.5 2
             :
           719.5 1
             :
           721.5 1
             :
           724.5 1
           725.5 1
           726.5 1
             :
           732.5 3
             :
           734.5 2
           735.5 2
             :
           753.5 1
             :
           755.5 1
           756.5 1
           757.5 1
             :
           765.5 1
             :
           768.5 1
             :
           775.5 1
             :
           777.5 1
             :
           788.5 2
             :
           792.5 1
             :
           794.5 2
             :
           796.5 1
           797.5 1
           798.5 2
             :
           800.5 1
             :
           807.5 2
           808.5 1
             :
           819.5 1
             :
           822.5 1
             :
           826.5 1
             :
           845.5 1
           846.5 1
             :
           861.5 1
           862.5 3
           863.5 1
             :
           865.5 3
           866.5 2
             :
           870.5 1
           871.5 2
           872.5 1
             :
           876.5 1
           877.5 1
           878.5 2
             :
           880.5 1
           881.5 1
           882.5 1
             :
           884.5 1
           885.5 2
           886.5 1
           887.5 2
           888.5 2
           889.5 1
           890.5 1
           891.5 1
           892.5 2
           893.5 2
             :
           895.5 2
           896.5 1
             :
           898.5 1
           899.5 1
             :
           902.5 1
           903.5 1
           904.5 2
           905.5 1
           906.5 2
           907.5 2
           908.5 3
             :
           910.5 3
           911.5 2
             :
           913.5 3
           914.5 2
             :
           916.5 3
           917.5 1
             :
           919.5 1
           920.5 1
           921.5 1
           922.5 2
           923.5 1
             :
           925.5 1
           926.5 4
           927.5 1
           928.5 3
           929.5 4
           930.5 2
           931.5 1
           932.5 3
           933.5 2
           934.5 2
           935.5 3
           936.5 4
           937.5 1
           938.5 1
             :
           940.5 1
           941.5 3
           942.5 3
           943.5 3
           944.5 2
           945.5 1
           946.5 1
           947.5 1
           948.5 1
           949.5 4
           950.5 3
           951.5 4
           952.5 5
             :
           954.5 2
           955.5 5
           956.5 2
           957.5 1
           958.5 4
           959.5 5
           960.5 2
           961.5 6
           962.5 1
           963.5 3
           964.5 3
           965.5 4
           966.5 2
           967.5 4
           968.5 2
           969.5 4
           970.5 5
           971.5 3
           972.5 5
           973.5 6
           974.5 1
             :
           976.5 2
           977.5 2
           978.5 7
           979.5 3
           980.5 2
           981.5 2
           982.5 3
           983.5 2
           984.5 2
           985.5 6
           986.5 5
           987.5 1
           988.5 1
           989.5 3
           990.5 1
           991.5 5
           992.5 2
           993.5 2
           994.5 4
           995.5 6
           996.5 6
           997.5 8
           998.5 7
           999.5 14
          1000.5 9
          1001.5 20
          1002.5 24
          1003.5 32
          1004.5 33
          1005.5 18
          1006.5 20
          1007.5 8
          1008.5 8
          1009.5 8
          1010.5 4
          1011.5 9
          1012.5 6
          1013.5 4
          1014.5 3
          1015.5 5
          1016.5 4
          1017.5 5
          1018.5 4
          1019.5 2
          1020.5 4
          1021.5 3
          1022.5 1
          1023.5 2
             :
          1025.5 1
          1026.5 2
          1027.5 1
          1028.5 1
             :
          1030.5 2
          1031.5 1
             :
          1034.5 1
          1035.5 1
             :
          1040.5 3
             :
          1042.5 1
          1043.5 1
             :
          1045.5 1
             :
          1047.5 1
          1048.5 1
          1049.5 2
             :
          1054.5 2
          1055.5 1
          1056.5 1
             :
          1059.5 1
          1060.5 1
             :
          1062.5 3
             :
          1064.5 1
          1065.5 1
             :
          1067.5 1
          1068.5 3
          1069.5 2
          1070.5 2
          1071.5 4
          1072.5 2
          1073.5 2
          1074.5 1
          1075.5 3
          1076.5 5
          1077.5 2
             :
          1079.5 3
          1080.5 1
          1081.5 1
             :
          1083.5 2
          1084.5 1
          1085.5 5
             :
          1087.5 3
             :
          1089.5 2
          1090.5 3
          1091.5 2
          1092.5 1
          1093.5 1
             :
          1095.5 3
          1096.5 2
             :
          1100.5 1
             :
          1104.5 3
             :
          1106.5 1
          1107.5 1
             :
          1109.5 1
          1110.5 1
             :
          1112.5 2
          1113.5 1
          1114.5 2
          1115.5 1
          1116.5 2
          1117.5 1
             :
          1123.5 1
             :
          1126.5 1
          1127.5 1
             :
          1132.5 1
             :
          1136.5 1
          1137.5 2
             :
          1141.5 1
             :
          1151.5 1
             :
          1153.5 1
             :
          1157.5 2
             :
          1159.5 2
          1160.5 1
             :
          1163.5 2
             :
          1203.5 1
          1204.5 1
             :
          1208.5 1
             :
          1216.5 1
             :
          1223.5 1
             :
          1225.5 1
             :
          1239.5 1
             :
          1250.5 1
             :
          1252.5 2
          1253.5 1
             :
          1266.5 1
             :
          1271.5 2
          1272.5 1
          1273.5 1
             :
          1275.5 1
             :
          1278.5 2
             :
          1280.5 1
          1281.5 1
          1282.5 3
          1283.5 1
          1284.5 1
          1285.5 2
             :
          1289.5 1
             :
          1296.5 1
             :
          1301.5 1
             :
          1305.5 1
          1306.5 1
             :
          1310.5 1
             :
          1312.5 1
             :
          1316.5 1
             :
          1320.5 1
             :
          1324.5 1
          1325.5 1
             :
          1335.5 1
          1336.5 2
             :
          1343.5 1
             :
          1351.5 1
             :
          1355.5 1
          1356.5 1
             :
          1360.5 1
             :
          1375.5 1
             :
          1382.5 1
             :
          1426.5 1
             :
          1436.5 1
             :
          1469.5 1
             :
          1478.5 1
             :
          1480.5 1
             :
          1484.5 1
             :
          1486.5 1
          1487.5 1
             :
          1491.5 1
             :
          1495.5 1
             :
          1497.5 2
             :
          1499.5 1
             :
          1501.5 1
             :
          1503.5 1
             :
          1505.5 1
             :
          1507.5 1
             :
          1509.5 1
             :
          1529.5 1
             :
          1546.5 1
             :
          1556.5 1
             :
          1564.5 1
             :
          1579.5 1
             :
          1627.5 1
             :
          1697.5 1
             :
          1713.5 1
             :
          1727.5 1
             :
          1911.5 1
             :
          1915.5 1
             :
          1941.5 1
             :
          1978.5 1
             :
          1992.5 1

Total: connections 30000 requests 22609 replies 21373 test-duration 118.189 s

Connection rate: 253.8 conn/s (3.9 ms/conn, <=222 concurrent connections)
Connection time [ms]: min 2.3 avg 166.9 max 1992.1 median 80.5 stddev 221.3
Connection time [ms]: connect 27.7
Connection length [replies/conn]: 1.000

Request rate: 191.3 req/s (5.2 ms/req)
Request size [B]: 66.0

Reply rate [replies/s]: min 67.0 avg 181.0 max 260.7 stddev 50.8 (118 samples)
Percentages of the replies served at a given rate:
   50%: 192
   66%: 209
   75%: 218
   80%: 226
   90%: 243
   95%: 252
   98%: 259
   99%: 259
  100%: 261

Reply time [ms]: response 139.8 transfer 0.0
Percentages of the requests served within a certain time (ms) :
   50%: 72
   66%: 90
   75%: 150
   80%: 271
   90%: 321
   95%: 527
   98%: 613
   99%: 933
  100%: 1000

Reply size [B]: header 265.0 content 76.0 footer 0.0 (total 341.0)
Reply status: 1xx=0 2xx=21373 3xx=0 4xx=0 5xx=0

CPU time [s]: user 54.76 system 62.17 (user 46.3% system 52.6% total 98.9%)
Net I/O: 72.9 KB/s (0.6*10^6 bps)

Errors: total 8627 client-timo 8627 socket-timo 0 connrefused 0 connreset 0
Errors: fd-unavail 0 addrunavail 0 ftab-full 0 other 0

