httperf --verbose --hog --timeout=50 --client=0/1 --server=172.16.116.116 --port=8080 --uri=/ --rate=24 --send-buffer=4096 --recv-buffer=16384 --num-conns=4320 --num-calls=1
httperf: maximum number of open descriptors = 65535
Maximum connect burst length: 1

Connection lifetime histogram (time in ms):
             :
            10.5 184
            11.5 1058
            12.5 393
            13.5 261
            14.5 273
            15.5 522
            16.5 686
            17.5 405
            18.5 186
            19.5 101
            20.5 82
            21.5 35
            22.5 32
            23.5 22
            24.5 18
            25.5 4
            26.5 2
            27.5 5
            28.5 4
            29.5 4
            30.5 1
            31.5 2
            32.5 3
             :
            34.5 3
             :
            36.5 1
             :
            38.5 1
             :
            45.5 1
             :
            55.5 1
             :
            82.5 1
             :
           136.5 2
             :
           143.5 1
             :
           176.5 1
             :
           187.5 1
             :
           191.5 1
             :
           194.5 1
             :
           206.5 1
             :
           209.5 1
             :
           222.5 2
             :
           224.5 1
           225.5 1
             :
           250.5 1
             :
           261.5 1
             :
           281.5 1
             :
           283.5 1
             :
           296.5 1
             :
           298.5 1
           299.5 1
             :
           302.5 1
             :
           305.5 1
             :
           333.5 1
             :
           343.5 2
           344.5 1
             :
           346.5 1
             :
           353.5 1
             :
           362.5 1

Total: connections 4320 requests 4320 replies 4320 test-duration 179.974 s

Connection rate: 24.0 conn/s (41.7 ms/conn, <=3 concurrent connections)
Connection time [ms]: min 10.2 avg 16.5 max 362.2 median 14.5 stddev 20.9
Connection time [ms]: connect 0.6
Connection length [replies/conn]: 1.000

Request rate: 24.0 req/s (41.7 ms/req)
Request size [B]: 67.0

Reply rate [replies/s]: min 23.0 avg 24.0 max 25.0 stddev 0.3 (179 samples)
Percentages of the replies served at a given rate:
   50%: 23
   66%: 23
   75%: 23
   80%: 23
   90%: 23
   95%: 23
   98%: 24
   99%: 24
  100%: 25

Reply time [ms]: response 15.1 transfer 0.6
Percentages of the requests served within a certain time (ms) :
   50%: 13
   66%: 15
   75%: 15
   80%: 15
   90%: 16
   95%: 18
   98%: 21
   99%: 26
  100%: 361

Reply size [B]: header 162.0 content 72.0 footer 1.0 (total 235.0)
Reply status: 1xx=0 2xx=4320 3xx=0 4xx=0 5xx=0

CPU time [s]: user 148.25 system 31.36 (user 82.4% system 17.4% total 99.8%)
Net I/O: 7.1 KB/s (0.1*10^6 bps)

Errors: total 0 client-timo 0 socket-timo 0 connrefused 0 connreset 0
Errors: fd-unavail 0 addrunavail 0 ftab-full 0 other 0

