httperf --verbose --hog --timeout=50 --client=0/1 --server=172.16.116.116 --port=8080 --uri=/ --rate=24 --send-buffer=4096 --recv-buffer=16384 --num-conns=4320 --num-calls=1
httperf: maximum number of open descriptors = 65535
Maximum connect burst length: 1

Connection lifetime histogram (time in ms):
             :
            10.5 226
            11.5 1117
            12.5 313
            13.5 262
            14.5 267
            15.5 474
            16.5 690
            17.5 394
            18.5 198
            19.5 138
            20.5 66
            21.5 40
            22.5 30
            23.5 17
            24.5 11
            25.5 5
            26.5 12
            27.5 5
            28.5 5
            29.5 7
            30.5 1
            31.5 1
            32.5 1
             :
            34.5 1
            35.5 1
             :
            37.5 1
            38.5 1
             :
            40.5 1
             :
            52.5 2
             :
            71.5 1
             :
            89.5 1
            90.5 1
             :
           130.5 1
             :
           132.5 1
             :
           167.5 1
             :
           184.5 1
             :
           196.5 1
             :
           203.5 1
             :
           223.5 1
             :
           225.5 1
             :
           232.5 1
             :
           236.5 1
             :
           238.5 2
             :
           255.5 1
             :
           267.5 1
             :
           272.5 1
             :
           277.5 1
             :
           281.5 1
             :
           289.5 1
             :
           293.5 1
             :
           303.5 1
             :
           308.5 1
             :
           312.5 1
           313.5 2
             :
           320.5 1
             :
           331.5 1
             :
           370.5 1
           371.5 1
             :
           379.5 1
             :
           424.5 1

Total: connections 4320 requests 4320 replies 4320 test-duration 179.977 s

Connection rate: 24.0 conn/s (41.7 ms/conn, <=3 concurrent connections)
Connection time [ms]: min 10.2 avg 16.6 max 424.6 median 14.5 stddev 22.3
Connection time [ms]: connect 0.6
Connection length [replies/conn]: 1.000

Request rate: 24.0 req/s (41.7 ms/req)
Request size [B]: 67.0

Reply rate [replies/s]: min 23.0 avg 24.0 max 25.0 stddev 0.3 (179 samples)
Percentages of the replies served at a given rate:
   50%: 23
   66%: 23
   75%: 23
   80%: 23
   90%: 23
   95%: 23
   98%: 24
   99%: 24
  100%: 25

Reply time [ms]: response 15.3 transfer 0.6
Percentages of the requests served within a certain time (ms) :
   50%: 13
   66%: 15
   75%: 15
   80%: 15
   90%: 17
   95%: 18
   98%: 21
   99%: 26
  100%: 423

Reply size [B]: header 162.0 content 72.0 footer 1.0 (total 235.0)
Reply status: 1xx=0 2xx=4320 3xx=0 4xx=0 5xx=0

CPU time [s]: user 149.30 system 30.30 (user 83.0% system 16.8% total 99.8%)
Net I/O: 7.1 KB/s (0.1*10^6 bps)

Errors: total 0 client-timo 0 socket-timo 0 connrefused 0 connreset 0
Errors: fd-unavail 0 addrunavail 0 ftab-full 0 other 0

