httperf --verbose --hog --timeout=50 --client=0/1 --server=172.16.116.116 --port=8080 --uri=/ --rate=24 --send-buffer=4096 --recv-buffer=16384 --num-conns=4320 --num-calls=1
httperf: maximum number of open descriptors = 65535
Maximum connect burst length: 1

Connection lifetime histogram (time in ms):
             :
            10.5 110
            11.5 947
            12.5 591
            13.5 362
            14.5 316
            15.5 485
            16.5 561
            17.5 425
            18.5 195
            19.5 85
            20.5 58
            21.5 44
            22.5 22
            23.5 20
            24.5 15
            25.5 2
            26.5 6
            27.5 4
            28.5 4
            29.5 1
            30.5 1
             :
            32.5 1
             :
            61.5 1
             :
            70.5 1
             :
            76.5 1
             :
            98.5 1
             :
           154.5 1
             :
           157.5 1
             :
           177.5 1
             :
           188.5 1
             :
           193.5 1
             :
           204.5 1
             :
           206.5 1
           207.5 1
           208.5 1
             :
           219.5 1
             :
           223.5 2
             :
           229.5 2
             :
           233.5 1
             :
           238.5 1
             :
           240.5 1
             :
           244.5 1
             :
           247.5 1
             :
           255.5 1
             :
           257.5 1
             :
           265.5 1
           266.5 1
             :
           272.5 1
             :
           274.5 1
           275.5 1
             :
           279.5 1
             :
           282.5 1
             :
           284.5 1
             :
           292.5 1
             :
           296.5 1
             :
           305.5 1
           306.5 2
             :
           308.5 1
           309.5 1
           310.5 2
             :
           312.5 1
             :
           315.5 1
           316.5 2
             :
           319.5 1
             :
           327.5 1
             :
           330.5 1
             :
           334.5 1
             :
           336.5 1
             :
           342.5 1
             :
           347.5 1
             :
           350.5 1
             :
           352.5 1
             :
           360.5 1
           361.5 1
             :
           368.5 1
             :
           370.5 1
             :
           373.5 2
             :
           382.5 1
             :
           385.5 1
             :
           402.5 1
             :
           426.5 1

Total: connections 4320 requests 4320 replies 4320 test-duration 179.974 s

Connection rate: 24.0 conn/s (41.7 ms/conn, <=2 concurrent connections)
Connection time [ms]: min 10.3 avg 18.6 max 426.6 median 14.5 stddev 33.4
Connection time [ms]: connect 0.6
Connection length [replies/conn]: 1.000

Request rate: 24.0 req/s (41.7 ms/req)
Request size [B]: 67.0

Reply rate [replies/s]: min 23.0 avg 24.0 max 25.0 stddev 0.4 (179 samples)
Percentages of the replies served at a given rate:
   50%: 23
   66%: 23
   75%: 23
   80%: 23
   90%: 23
   95%: 24
   98%: 24
   99%: 24
  100%: 25

Reply time [ms]: response 17.0 transfer 0.9
Percentages of the requests served within a certain time (ms) :
   50%: 12
   66%: 14
   75%: 15
   80%: 15
   90%: 16
   95%: 18
   98%: 21
   99%: 229
  100%: 401

Reply size [B]: header 162.0 content 72.0 footer 1.0 (total 235.0)
Reply status: 1xx=0 2xx=4320 3xx=0 4xx=0 5xx=0

CPU time [s]: user 159.08 system 20.48 (user 88.4% system 11.4% total 99.8%)
Net I/O: 7.1 KB/s (0.1*10^6 bps)

Errors: total 0 client-timo 0 socket-timo 0 connrefused 0 connreset 0
Errors: fd-unavail 0 addrunavail 0 ftab-full 0 other 0

