httperf --hog --timeout=1 --client=0/1 --server=172.17.60.201 --port=80 --uri=/ --rate=20 --send-buffer=4096 --recv-buffer=16384 --num-conns=2000 --num-calls=1
Maximum connect burst length: 1

Total: connections 2000 requests 2000 replies 1998 test-duration 99.955 s

Connection rate: 20.0 conn/s (50.0 ms/conn, <=4 concurrent connections)
Connection time [ms]: min 0.5 avg 8.3 max 936.4 median 1.5 stddev 36.7
Connection time [ms]: connect 0.5
Connection length [replies/conn]: 1.000

Request rate: 20.0 req/s (50.0 ms/req)
Request size [B]: 66.0

Reply rate [replies/s]: min 19.8 avg 20.0 max 20.2 stddev 0.1 (19 samples)
Reply time [ms]: response 7.6 transfer 0.2
Reply size [B]: header 255.0 content 74.0 footer 0.0 (total 329.0)
Reply status: 1xx=0 2xx=1998 3xx=0 4xx=0 5xx=0

CPU time [s]: user 44.57 system 55.24 (user 44.6% system 55.3% total 99.9%)
Net I/O: 7.7 KB/s (0.1*10^6 bps)

Errors: total 2 client-timo 2 socket-timo 0 connrefused 0 connreset 0
Errors: fd-unavail 0 addrunavail 0 ftab-full 0 other 0

httperf --hog --timeout=1 --client=0/1 --server=172.17.60.201 --port=80 --uri=/ --rate=40 --send-buffer=4096 --recv-buffer=16384 --num-conns=2000 --num-calls=1
Maximum connect burst length: 1

Total: connections 2000 requests 2000 replies 1963 test-duration 49.977 s

Connection rate: 40.0 conn/s (25.0 ms/conn, <=12 concurrent connections)
Connection time [ms]: min 0.5 avg 50.7 max 1136.7 median 0.5 stddev 176.4
Connection time [ms]: connect 0.9
Connection length [replies/conn]: 1.000

Request rate: 40.0 req/s (25.0 ms/req)
Request size [B]: 66.0

Reply rate [replies/s]: min 37.4 avg 39.1 max 40.4 stddev 1.0 (9 samples)
Reply time [ms]: response 49.8 transfer 0.0
Reply size [B]: header 257.0 content 75.0 footer 0.0 (total 332.0)
Reply status: 1xx=0 2xx=1963 3xx=0 4xx=0 5xx=0

CPU time [s]: user 16.04 system 33.85 (user 32.1% system 67.7% total 99.8%)
Net I/O: 15.4 KB/s (0.1*10^6 bps)

Errors: total 37 client-timo 37 socket-timo 0 connrefused 0 connreset 0
Errors: fd-unavail 0 addrunavail 0 ftab-full 0 other 0

httperf --hog --timeout=1 --client=0/1 --server=172.17.60.201 --port=80 --uri=/ --rate=60 --send-buffer=4096 --recv-buffer=16384 --num-conns=2000 --num-calls=1
Maximum connect burst length: 1

Total: connections 2000 requests 1987 replies 1905 test-duration 33.318 s

Connection rate: 60.0 conn/s (16.7 ms/conn, <=13 concurrent connections)
Connection time [ms]: min 0.5 avg 14.7 max 987.3 median 0.5 stddev 96.8
Connection time [ms]: connect 3.4
Connection length [replies/conn]: 1.000

Request rate: 59.6 req/s (16.8 ms/req)
Request size [B]: 66.0

Reply rate [replies/s]: min 52.0 avg 56.8 max 59.2 stddev 2.9 (6 samples)
Reply time [ms]: response 14.3 transfer 0.0
Reply size [B]: header 263.0 content 76.0 footer 0.0 (total 339.0)
Reply status: 1xx=0 2xx=1905 3xx=0 4xx=0 5xx=0

CPU time [s]: user 9.99 system 23.26 (user 30.0% system 69.8% total 99.8%)
Net I/O: 22.9 KB/s (0.2*10^6 bps)

Errors: total 95 client-timo 95 socket-timo 0 connrefused 0 connreset 0
Errors: fd-unavail 0 addrunavail 0 ftab-full 0 other 0

httperf --hog --timeout=1 --client=0/1 --server=172.17.60.201 --port=80 --uri=/ --rate=80 --send-buffer=4096 --recv-buffer=16384 --num-conns=2000 --num-calls=1
Maximum connect burst length: 1

Total: connections 2000 requests 1988 replies 1941 test-duration 24.989 s

Connection rate: 80.0 conn/s (12.5 ms/conn, <=17 concurrent connections)
Connection time [ms]: min 0.5 avg 9.9 max 992.2 median 1.5 stddev 71.7
Connection time [ms]: connect 6.3
Connection length [replies/conn]: 1.000

Request rate: 79.6 req/s (12.6 ms/req)
Request size [B]: 66.0

Reply rate [replies/s]: min 74.8 avg 77.1 max 80.0 stddev 2.7 (4 samples)
Reply time [ms]: response 9.1 transfer 0.0
Reply size [B]: header 263.0 content 76.0 footer 0.0 (total 339.0)
Reply status: 1xx=0 2xx=1941 3xx=0 4xx=0 5xx=0

CPU time [s]: user 7.70 system 17.22 (user 30.8% system 68.9% total 99.7%)
Net I/O: 30.9 KB/s (0.3*10^6 bps)

Errors: total 59 client-timo 59 socket-timo 0 connrefused 0 connreset 0
Errors: fd-unavail 0 addrunavail 0 ftab-full 0 other 0

httperf --hog --timeout=1 --client=0/1 --server=172.17.60.201 --port=80 --uri=/ --rate=100 --send-buffer=4096 --recv-buffer=16384 --num-conns=2000 --num-calls=1
Maximum connect burst length: 1

Total: connections 2000 requests 2000 replies 1997 test-duration 20.000 s

Connection rate: 100.0 conn/s (10.0 ms/conn, <=9 concurrent connections)
Connection time [ms]: min 0.6 avg 10.7 max 772.0 median 5.5 stddev 36.8
Connection time [ms]: connect 2.9
Connection length [replies/conn]: 1.000

Request rate: 100.0 req/s (10.0 ms/req)
Request size [B]: 66.0

Reply rate [replies/s]: min 99.4 avg 99.8 max 100.4 stddev 0.4 (4 samples)
Reply time [ms]: response 7.5 transfer 0.3
Reply size [B]: header 262.0 content 76.0 footer 0.0 (total 338.0)
Reply status: 1xx=0 2xx=1997 3xx=0 4xx=0 5xx=0

CPU time [s]: user 5.92 system 14.00 (user 29.6% system 70.0% total 99.6%)
Net I/O: 39.4 KB/s (0.3*10^6 bps)

Errors: total 3 client-timo 3 socket-timo 0 connrefused 0 connreset 0
Errors: fd-unavail 0 addrunavail 0 ftab-full 0 other 0

httperf --hog --timeout=1 --client=0/1 --server=172.17.60.201 --port=80 --uri=/ --rate=120 --send-buffer=4096 --recv-buffer=16384 --num-conns=2000 --num-calls=1
Maximum connect burst length: 2

Total: connections 2000 requests 2000 replies 1991 test-duration 16.661 s

Connection rate: 120.0 conn/s (8.3 ms/conn, <=10 concurrent connections)
Connection time [ms]: min 0.7 avg 12.5 max 830.4 median 6.5 stddev 46.2
Connection time [ms]: connect 3.2
Connection length [replies/conn]: 1.000

Request rate: 120.0 req/s (8.3 ms/req)
Request size [B]: 66.0

Reply rate [replies/s]: min 117.8 avg 119.3 max 120.4 stddev 1.3 (3 samples)
Reply time [ms]: response 9.2 transfer 0.0
Reply size [B]: header 263.0 content 76.0 footer 0.0 (total 339.0)
Reply status: 1xx=0 2xx=1991 3xx=0 4xx=0 5xx=0

CPU time [s]: user 5.06 system 11.52 (user 30.4% system 69.2% total 99.5%)
Net I/O: 47.3 KB/s (0.4*10^6 bps)

Errors: total 9 client-timo 9 socket-timo 0 connrefused 0 connreset 0
Errors: fd-unavail 0 addrunavail 0 ftab-full 0 other 0

httperf --hog --timeout=1 --client=0/1 --server=172.17.60.201 --port=80 --uri=/ --rate=140 --send-buffer=4096 --recv-buffer=16384 --num-conns=2000 --num-calls=1
Maximum connect burst length: 2

Total: connections 2000 requests 1948 replies 1941 test-duration 15.136 s

Connection rate: 132.1 conn/s (7.6 ms/conn, <=62 concurrent connections)
Connection time [ms]: min 0.7 avg 33.3 max 1603.2 median 8.5 stddev 125.5
Connection time [ms]: connect 12.7
Connection length [replies/conn]: 1.000

Request rate: 128.7 req/s (7.8 ms/req)
Request size [B]: 66.0

Reply rate [replies/s]: min 109.0 avg 129.3 max 140.4 stddev 17.6 (3 samples)
Reply time [ms]: response 21.0 transfer 0.0
Reply size [B]: header 263.0 content 76.0 footer 0.0 (total 339.0)
Reply status: 1xx=0 2xx=1941 3xx=0 4xx=0 5xx=0

CPU time [s]: user 3.33 system 11.72 (user 22.0% system 77.4% total 99.4%)
Net I/O: 50.9 KB/s (0.4*10^6 bps)

Errors: total 59 client-timo 59 socket-timo 0 connrefused 0 connreset 0
Errors: fd-unavail 0 addrunavail 0 ftab-full 0 other 0

httperf --hog --timeout=1 --client=0/1 --server=172.17.60.201 --port=80 --uri=/ --rate=160 --send-buffer=4096 --recv-buffer=16384 --num-conns=2000 --num-calls=1
Maximum connect burst length: 2

Total: connections 2000 requests 1991 replies 1973 test-duration 14.250 s

Connection rate: 140.3 conn/s (7.1 ms/conn, <=29 concurrent connections)
Connection time [ms]: min 0.8 avg 25.0 max 1103.9 median 8.5 stddev 88.5
Connection time [ms]: connect 4.8
Connection length [replies/conn]: 1.000

Request rate: 139.7 req/s (7.2 ms/req)
Request size [B]: 66.0

Reply rate [replies/s]: min 156.6 avg 158.0 max 159.4 stddev 2.0 (2 samples)
Reply time [ms]: response 20.6 transfer 0.0
Reply size [B]: header 264.0 content 76.0 footer 0.0 (total 340.0)
Reply status: 1xx=0 2xx=1973 3xx=0 4xx=0 5xx=0

CPU time [s]: user 3.54 system 10.63 (user 24.8% system 74.6% total 99.4%)
Net I/O: 55.2 KB/s (0.5*10^6 bps)

Errors: total 27 client-timo 27 socket-timo 0 connrefused 0 connreset 0
Errors: fd-unavail 0 addrunavail 0 ftab-full 0 other 0

httperf --hog --timeout=1 --client=0/1 --server=172.17.60.201 --port=80 --uri=/ --rate=180 --send-buffer=4096 --recv-buffer=16384 --num-conns=2000 --num-calls=1
Maximum connect burst length: 2

Total: connections 2000 requests 1998 replies 1985 test-duration 12.109 s

Connection rate: 165.2 conn/s (6.1 ms/conn, <=16 concurrent connections)
Connection time [ms]: min 0.7 avg 18.7 max 2166.8 median 8.5 stddev 88.1
Connection time [ms]: connect 4.5
Connection length [replies/conn]: 1.000

Request rate: 165.0 req/s (6.1 ms/req)
Request size [B]: 66.0

Reply rate [replies/s]: min 177.8 avg 178.5 max 179.2 stddev 1.0 (2 samples)
Reply time [ms]: response 14.0 transfer 0.1
Reply size [B]: header 265.0 content 76.0 footer 0.0 (total 341.0)
Reply status: 1xx=0 2xx=1985 3xx=0 4xx=0 5xx=0

CPU time [s]: user 2.66 system 9.37 (user 22.0% system 77.4% total 99.4%)
Net I/O: 65.3 KB/s (0.5*10^6 bps)

Errors: total 15 client-timo 15 socket-timo 0 connrefused 0 connreset 0
Errors: fd-unavail 0 addrunavail 0 ftab-full 0 other 0

httperf --hog --timeout=1 --client=0/1 --server=172.17.60.201 --port=80 --uri=/ --rate=200 --send-buffer=4096 --recv-buffer=16384 --num-conns=2000 --num-calls=1
Maximum connect burst length: 2

Total: connections 2000 requests 1996 replies 1980 test-duration 10.006 s

Connection rate: 199.9 conn/s (5.0 ms/conn, <=34 concurrent connections)
Connection time [ms]: min 0.9 avg 25.8 max 1013.5 median 9.5 stddev 106.0
Connection time [ms]: connect 4.1
Connection length [replies/conn]: 1.000

Request rate: 199.5 req/s (5.0 ms/req)
Request size [B]: 66.0

Reply rate [replies/s]: min 197.6 avg 197.8 max 198.0 stddev 0.3 (2 samples)
Reply time [ms]: response 21.6 transfer 0.1
Reply size [B]: header 264.0 content 76.0 footer 0.0 (total 340.0)
Reply status: 1xx=0 2xx=1980 3xx=0 4xx=0 5xx=0

CPU time [s]: user 1.90 system 8.03 (user 19.0% system 80.3% total 99.3%)
Net I/O: 78.8 KB/s (0.6*10^6 bps)

Errors: total 20 client-timo 20 socket-timo 0 connrefused 0 connreset 0
Errors: fd-unavail 0 addrunavail 0 ftab-full 0 other 0

httperf --hog --timeout=1 --client=0/1 --server=172.17.60.201 --port=80 --uri=/ --rate=220 --send-buffer=4096 --recv-buffer=16384 --num-conns=2000 --num-calls=1
Maximum connect burst length: 2

Total: connections 2000 requests 1996 replies 1976 test-duration 9.489 s

Connection rate: 210.8 conn/s (4.7 ms/conn, <=36 concurrent connections)
Connection time [ms]: min 1.1 avg 30.6 max 1977.9 median 10.5 stddev 128.4
Connection time [ms]: connect 5.7
Connection length [replies/conn]: 1.000

Request rate: 210.4 req/s (4.8 ms/req)
Request size [B]: 66.0

Reply rate [replies/s]: min 216.6 avg 216.6 max 216.6 stddev 0.0 (1 samples)
Reply time [ms]: response 24.9 transfer 0.0
Reply size [B]: header 264.0 content 76.0 footer 0.0 (total 340.0)
Reply status: 1xx=0 2xx=1976 3xx=0 4xx=0 5xx=0

CPU time [s]: user 1.57 system 7.85 (user 16.5% system 82.8% total 99.3%)
Net I/O: 83.0 KB/s (0.7*10^6 bps)

Errors: total 24 client-timo 24 socket-timo 0 connrefused 0 connreset 0
Errors: fd-unavail 0 addrunavail 0 ftab-full 0 other 0

httperf --hog --timeout=1 --client=0/1 --server=172.17.60.201 --port=80 --uri=/ --rate=240 --send-buffer=4096 --recv-buffer=16384 --num-conns=2000 --num-calls=1
Maximum connect burst length: 4

Total: connections 2000 requests 1992 replies 1958 test-duration 9.306 s

Connection rate: 214.9 conn/s (4.7 ms/conn, <=37 concurrent connections)
Connection time [ms]: min 1.0 avg 26.7 max 993.6 median 12.5 stddev 107.1
Connection time [ms]: connect 5.0
Connection length [replies/conn]: 1.000

Request rate: 214.1 req/s (4.7 ms/req)
Request size [B]: 66.0

Reply rate [replies/s]: min 234.8 avg 234.8 max 234.8 stddev 0.0 (1 samples)
Reply time [ms]: response 21.6 transfer 0.0
Reply size [B]: header 265.0 content 76.0 footer 0.0 (total 341.0)
Reply status: 1xx=0 2xx=1958 3xx=0 4xx=0 5xx=0

CPU time [s]: user 1.61 system 7.63 (user 17.3% system 82.0% total 99.3%)
Net I/O: 84.1 KB/s (0.7*10^6 bps)

Errors: total 42 client-timo 42 socket-timo 0 connrefused 0 connreset 0
Errors: fd-unavail 0 addrunavail 0 ftab-full 0 other 0

httperf --hog --timeout=1 --client=0/1 --server=172.17.60.201 --port=80 --uri=/ --rate=260 --send-buffer=4096 --recv-buffer=16384 --num-conns=2000 --num-calls=1
Maximum connect burst length: 4

Total: connections 2000 requests 1975 replies 1934 test-duration 8.689 s

Connection rate: 230.2 conn/s (4.3 ms/conn, <=38 concurrent connections)
Connection time [ms]: min 0.8 avg 21.7 max 1004.6 median 14.5 stddev 60.1
Connection time [ms]: connect 6.7
Connection length [replies/conn]: 1.000

Request rate: 227.3 req/s (4.4 ms/req)
Request size [B]: 66.0

Reply rate [replies/s]: min 252.8 avg 252.8 max 252.8 stddev 0.0 (1 samples)
Reply time [ms]: response 16.5 transfer 0.0
Reply size [B]: header 266.0 content 76.0 footer 0.0 (total 342.0)
Reply status: 1xx=0 2xx=1934 3xx=0 4xx=0 5xx=0

CPU time [s]: user 1.27 system 7.34 (user 14.6% system 84.4% total 99.1%)
Net I/O: 89.3 KB/s (0.7*10^6 bps)

Errors: total 66 client-timo 66 socket-timo 0 connrefused 0 connreset 0
Errors: fd-unavail 0 addrunavail 0 ftab-full 0 other 0

httperf --hog --timeout=1 --client=0/1 --server=172.17.60.201 --port=80 --uri=/ --rate=280 --send-buffer=4096 --recv-buffer=16384 --num-conns=2000 --num-calls=1
Maximum connect burst length: 3

Total: connections 2000 requests 1966 replies 1925 test-duration 8.126 s

Connection rate: 246.1 conn/s (4.1 ms/conn, <=44 concurrent connections)
Connection time [ms]: min 1.5 avg 22.1 max 995.0 median 14.5 stddev 62.6
Connection time [ms]: connect 6.2
Connection length [replies/conn]: 1.000

Request rate: 241.9 req/s (4.1 ms/req)
Request size [B]: 66.0

Reply rate [replies/s]: min 269.8 avg 269.8 max 269.8 stddev 0.0 (1 samples)
Reply time [ms]: response 16.4 transfer 0.0
Reply size [B]: header 266.0 content 76.0 footer 0.0 (total 342.0)
Reply status: 1xx=0 2xx=1925 3xx=0 4xx=0 5xx=0

CPU time [s]: user 1.14 system 6.90 (user 14.1% system 85.0% total 99.0%)
Net I/O: 95.1 KB/s (0.8*10^6 bps)

Errors: total 75 client-timo 75 socket-timo 0 connrefused 0 connreset 0
Errors: fd-unavail 0 addrunavail 0 ftab-full 0 other 0

httperf --hog --timeout=1 --client=0/1 --server=172.17.60.201 --port=80 --uri=/ --rate=300 --send-buffer=4096 --recv-buffer=16384 --num-conns=2000 --num-calls=1
Maximum connect burst length: 4

Total: connections 2000 requests 1950 replies 1916 test-duration 7.644 s

Connection rate: 261.7 conn/s (3.8 ms/conn, <=38 concurrent connections)
Connection time [ms]: min 1.9 avg 20.8 max 982.0 median 16.5 stddev 39.3
Connection time [ms]: connect 6.0
Connection length [replies/conn]: 1.000

Request rate: 255.1 req/s (3.9 ms/req)
Request size [B]: 66.0

Reply rate [replies/s]: min 290.8 avg 290.8 max 290.8 stddev 0.0 (1 samples)
Reply time [ms]: response 14.9 transfer 0.0
Reply size [B]: header 266.0 content 76.0 footer 0.0 (total 342.0)
Reply status: 1xx=0 2xx=1916 3xx=0 4xx=0 5xx=0

CPU time [s]: user 1.04 system 6.56 (user 13.6% system 85.8% total 99.4%)
Net I/O: 100.6 KB/s (0.8*10^6 bps)

Errors: total 84 client-timo 84 socket-timo 0 connrefused 0 connreset 0
Errors: fd-unavail 0 addrunavail 0 ftab-full 0 other 0

httperf --hog --timeout=1 --client=0/1 --server=172.17.60.201 --port=80 --uri=/ --rate=320 --send-buffer=4096 --recv-buffer=16384 --num-conns=2000 --num-calls=1
Maximum connect burst length: 4

Total: connections 2000 requests 1949 replies 1911 test-duration 7.439 s

Connection rate: 268.9 conn/s (3.7 ms/conn, <=57 concurrent connections)
Connection time [ms]: min 1.7 avg 29.7 max 1971.1 median 22.5 stddev 56.4
Connection time [ms]: connect 7.3
Connection length [replies/conn]: 1.000

Request rate: 262.0 req/s (3.8 ms/req)
Request size [B]: 66.0

Reply rate [replies/s]: min 307.0 avg 307.0 max 307.0 stddev 0.0 (1 samples)
Reply time [ms]: response 22.4 transfer 0.5
Reply size [B]: header 266.0 content 76.0 footer 0.0 (total 342.0)
Reply status: 1xx=0 2xx=1911 3xx=0 4xx=0 5xx=0

CPU time [s]: user 0.91 system 6.47 (user 12.3% system 87.0% total 99.3%)
Net I/O: 103.2 KB/s (0.8*10^6 bps)

Errors: total 89 client-timo 89 socket-timo 0 connrefused 0 connreset 0
Errors: fd-unavail 0 addrunavail 0 ftab-full 0 other 0

httperf --hog --timeout=1 --client=0/1 --server=172.17.60.201 --port=80 --uri=/ --rate=340 --send-buffer=4096 --recv-buffer=16384 --num-conns=2000 --num-calls=1
Maximum connect burst length: 4

Total: connections 2000 requests 1940 replies 1900 test-duration 7.553 s

Connection rate: 264.8 conn/s (3.8 ms/conn, <=70 concurrent connections)
Connection time [ms]: min 2.0 avg 45.3 max 1032.2 median 32.5 stddev 63.9
Connection time [ms]: connect 10.9
Connection length [replies/conn]: 1.000

Request rate: 256.9 req/s (3.9 ms/req)
Request size [B]: 66.0

Reply rate [replies/s]: min 320.6 avg 320.6 max 320.6 stddev 0.0 (1 samples)
Reply time [ms]: response 34.8 transfer 0.0
Reply size [B]: header 266.0 content 76.0 footer 0.0 (total 342.0)
Reply status: 1xx=0 2xx=1900 3xx=0 4xx=0 5xx=0

CPU time [s]: user 0.98 system 6.52 (user 12.9% system 86.4% total 99.3%)
Net I/O: 101.0 KB/s (0.8*10^6 bps)

Errors: total 100 client-timo 100 socket-timo 0 connrefused 0 connreset 0
Errors: fd-unavail 0 addrunavail 0 ftab-full 0 other 0

httperf --hog --timeout=1 --client=0/1 --server=172.17.60.201 --port=80 --uri=/ --rate=360 --send-buffer=4096 --recv-buffer=16384 --num-conns=2000 --num-calls=1
Maximum connect burst length: 7

Total: connections 2000 requests 1917 replies 1885 test-duration 6.418 s

Connection rate: 311.6 conn/s (3.2 ms/conn, <=73 concurrent connections)
Connection time [ms]: min 1.7 avg 45.9 max 1024.6 median 28.5 stddev 74.1
Connection time [ms]: connect 12.7
Connection length [replies/conn]: 1.000

Request rate: 298.7 req/s (3.3 ms/req)
Request size [B]: 66.0

Reply rate [replies/s]: min 333.6 avg 333.6 max 333.6 stddev 0.0 (1 samples)
Reply time [ms]: response 33.7 transfer 0.0
Reply size [B]: header 266.0 content 76.0 footer 0.0 (total 342.0)
Reply status: 1xx=0 2xx=1885 3xx=0 4xx=0 5xx=0

CPU time [s]: user 0.62 system 5.74 (user 9.7% system 89.5% total 99.2%)
Net I/O: 117.9 KB/s (1.0*10^6 bps)

Errors: total 115 client-timo 115 socket-timo 0 connrefused 0 connreset 0
Errors: fd-unavail 0 addrunavail 0 ftab-full 0 other 0

httperf --hog --timeout=1 --client=0/1 --server=172.17.60.201 --port=80 --uri=/ --rate=380 --send-buffer=4096 --recv-buffer=16384 --num-conns=2000 --num-calls=1
Maximum connect burst length: 7

Total: connections 2000 requests 1910 replies 1878 test-duration 6.248 s

Connection rate: 320.1 conn/s (3.1 ms/conn, <=81 concurrent connections)
Connection time [ms]: min 3.3 avg 45.6 max 1054.0 median 34.5 stddev 55.0
Connection time [ms]: connect 10.4
Connection length [replies/conn]: 1.000

Request rate: 305.7 req/s (3.3 ms/req)
Request size [B]: 66.0

Reply rate [replies/s]: min 350.2 avg 350.2 max 350.2 stddev 0.0 (1 samples)
Reply time [ms]: response 36.2 transfer 0.0
Reply size [B]: header 267.0 content 77.0 footer 0.0 (total 344.0)
Reply status: 1xx=0 2xx=1878 3xx=0 4xx=0 5xx=0

CPU time [s]: user 0.48 system 5.72 (user 7.7% system 91.5% total 99.2%)
Net I/O: 120.7 KB/s (1.0*10^6 bps)

Errors: total 122 client-timo 122 socket-timo 0 connrefused 0 connreset 0
Errors: fd-unavail 0 addrunavail 0 ftab-full 0 other 0

httperf --hog --timeout=1 --client=0/1 --server=172.17.60.201 --port=80 --uri=/ --rate=400 --send-buffer=4096 --recv-buffer=16384 --num-conns=2000 --num-calls=1
Maximum connect burst length: 5

Total: connections 2000 requests 1588 replies 1536 test-duration 5.983 s

Connection rate: 334.3 conn/s (3.0 ms/conn, <=251 concurrent connections)
Connection time [ms]: min 0.7 avg 157.4 max 1268.7 median 81.5 stddev 204.0
Connection time [ms]: connect 29.2
Connection length [replies/conn]: 1.000

Request rate: 265.4 req/s (3.8 ms/req)
Request size [B]: 66.0

Reply rate [replies/s]: min 297.6 avg 297.6 max 297.6 stddev 0.0 (1 samples)
Reply time [ms]: response 128.2 transfer 0.0
Reply size [B]: header 266.0 content 76.0 footer 0.0 (total 342.0)
Reply status: 1xx=0 2xx=1536 3xx=0 4xx=0 5xx=0

CPU time [s]: user 0.26 system 5.64 (user 4.3% system 94.3% total 98.5%)
Net I/O: 103.2 KB/s (0.8*10^6 bps)

Errors: total 464 client-timo 464 socket-timo 0 connrefused 0 connreset 0
Errors: fd-unavail 0 addrunavail 0 ftab-full 0 other 0

httperf --hog --timeout=1 --client=0/1 --server=172.17.60.201 --port=80 --uri=/ --rate=420 --send-buffer=4096 --recv-buffer=16384 --num-conns=2000 --num-calls=1
Maximum connect burst length: 4

Total: connections 2000 requests 1690 replies 1638 test-duration 5.732 s

Connection rate: 348.9 conn/s (2.9 ms/conn, <=201 concurrent connections)
Connection time [ms]: min 1.6 avg 132.8 max 1057.9 median 79.5 stddev 173.9
Connection time [ms]: connect 27.6
Connection length [replies/conn]: 1.000

Request rate: 294.9 req/s (3.4 ms/req)
Request size [B]: 66.0

Reply rate [replies/s]: min 323.2 avg 323.2 max 323.2 stddev 0.0 (1 samples)
Reply time [ms]: response 104.9 transfer 0.0
Reply size [B]: header 267.0 content 77.0 footer 0.0 (total 344.0)
Reply status: 1xx=0 2xx=1638 3xx=0 4xx=0 5xx=0

CPU time [s]: user 0.17 system 5.48 (user 2.9% system 95.7% total 98.6%)
Net I/O: 115.0 KB/s (0.9*10^6 bps)

Errors: total 362 client-timo 362 socket-timo 0 connrefused 0 connreset 0
Errors: fd-unavail 0 addrunavail 0 ftab-full 0 other 0

httperf --hog --timeout=1 --client=0/1 --server=172.17.60.201 --port=80 --uri=/ --rate=440 --send-buffer=4096 --recv-buffer=16384 --num-conns=2000 --num-calls=1
Maximum connect burst length: 6

Total: connections 2000 requests 1439 replies 1346 test-duration 5.574 s

Connection rate: 358.8 conn/s (2.8 ms/conn, <=438 concurrent connections)
Connection time [ms]: min 1.0 avg 119.5 max 1012.5 median 66.5 stddev 193.5
Connection time [ms]: connect 28.8
Connection length [replies/conn]: 1.000

Request rate: 258.2 req/s (3.9 ms/req)
Request size [B]: 66.0

Reply rate [replies/s]: min 267.2 avg 267.2 max 267.2 stddev 0.0 (1 samples)
Reply time [ms]: response 92.8 transfer 0.0
Reply size [B]: header 266.0 content 76.0 footer 0.0 (total 342.0)
Reply status: 1xx=0 2xx=1346 3xx=0 4xx=0 5xx=0

CPU time [s]: user 0.18 system 5.32 (user 3.3% system 95.5% total 98.8%)
Net I/O: 97.7 KB/s (0.8*10^6 bps)

Errors: total 654 client-timo 654 socket-timo 0 connrefused 0 connreset 0
Errors: fd-unavail 0 addrunavail 0 ftab-full 0 other 0

httperf --hog --timeout=1 --client=0/1 --server=172.17.60.201 --port=80 --uri=/ --rate=460 --send-buffer=4096 --recv-buffer=16384 --num-conns=2000 --num-calls=1
Maximum connect burst length: 5

Total: connections 2000 requests 1399 replies 1276 test-duration 5.344 s

Connection rate: 374.3 conn/s (2.7 ms/conn, <=391 concurrent connections)
Connection time [ms]: min 2.3 avg 158.1 max 1079.5 median 76.5 stddev 209.5
Connection time [ms]: connect 25.2
Connection length [replies/conn]: 1.000

Request rate: 261.8 req/s (3.8 ms/req)
Request size [B]: 66.0

Reply rate [replies/s]: min 255.0 avg 255.0 max 255.0 stddev 0.0 (1 samples)
Reply time [ms]: response 133.7 transfer 0.0
Reply size [B]: header 267.0 content 77.0 footer 0.0 (total 344.0)
Reply status: 1xx=0 2xx=1276 3xx=0 4xx=0 5xx=0

CPU time [s]: user 0.18 system 5.07 (user 3.4% system 94.8% total 98.3%)
Net I/O: 97.1 KB/s (0.8*10^6 bps)

Errors: total 724 client-timo 724 socket-timo 0 connrefused 0 connreset 0
Errors: fd-unavail 0 addrunavail 0 ftab-full 0 other 0

httperf --hog --timeout=1 --client=0/1 --server=172.17.60.201 --port=80 --uri=/ --rate=480 --send-buffer=4096 --recv-buffer=16384 --num-conns=2000 --num-calls=1
Maximum connect burst length: 7

Total: connections 2000 requests 1490 replies 1421 test-duration 5.187 s

Connection rate: 385.6 conn/s (2.6 ms/conn, <=310 concurrent connections)
Connection time [ms]: min 3.8 avg 158.4 max 1605.4 median 93.5 stddev 181.0
Connection time [ms]: connect 22.9
Connection length [replies/conn]: 1.000

Request rate: 287.3 req/s (3.5 ms/req)
Request size [B]: 66.0

Reply rate [replies/s]: min 284.0 avg 284.0 max 284.0 stddev 0.0 (1 samples)
Reply time [ms]: response 137.1 transfer 0.0
Reply size [B]: header 267.0 content 77.0 footer 0.0 (total 344.0)
Reply status: 1xx=0 2xx=1421 3xx=0 4xx=0 5xx=0

CPU time [s]: user 0.20 system 4.89 (user 3.9% system 94.3% total 98.2%)
Net I/O: 110.6 KB/s (0.9*10^6 bps)

Errors: total 579 client-timo 579 socket-timo 0 connrefused 0 connreset 0
Errors: fd-unavail 0 addrunavail 0 ftab-full 0 other 0

httperf --hog --timeout=1 --client=0/1 --server=172.17.60.201 --port=80 --uri=/ --rate=500 --send-buffer=4096 --recv-buffer=16384 --num-conns=2000 --num-calls=1
Maximum connect burst length: 8

Total: connections 2000 requests 1589 replies 1515 test-duration 4.995 s

Connection rate: 400.4 conn/s (2.5 ms/conn, <=288 concurrent connections)
Connection time [ms]: min 9.7 avg 147.8 max 1059.5 median 87.5 stddev 159.4
Connection time [ms]: connect 23.8
Connection length [replies/conn]: 1.000

Request rate: 318.1 req/s (3.1 ms/req)
Request size [B]: 66.0

Reply rate [replies/s]: min 0.0 avg 0.0 max 0.0 stddev 0.0 (0 samples)
Reply time [ms]: response 125.2 transfer 0.0
Reply size [B]: header 267.0 content 77.0 footer 0.0 (total 344.0)
Reply status: 1xx=0 2xx=1515 3xx=0 4xx=0 5xx=0

CPU time [s]: user 0.16 system 4.75 (user 3.1% system 95.0% total 98.2%)
Net I/O: 122.4 KB/s (1.0*10^6 bps)

Errors: total 485 client-timo 485 socket-timo 0 connrefused 0 connreset 0
Errors: fd-unavail 0 addrunavail 0 ftab-full 0 other 0

httperf --hog --timeout=1 --client=0/1 --server=172.17.60.201 --port=80 --uri=/ --rate=520 --send-buffer=4096 --recv-buffer=16384 --num-conns=2000 --num-calls=1
Maximum connect burst length: 5

Total: connections 2000 requests 1285 replies 1160 test-duration 4.845 s

Connection rate: 412.8 conn/s (2.4 ms/conn, <=395 concurrent connections)
Connection time [ms]: min 35.7 avg 218.2 max 1066.9 median 131.5 stddev 198.6
Connection time [ms]: connect 29.6
Connection length [replies/conn]: 1.000

Request rate: 265.2 req/s (3.8 ms/req)
Request size [B]: 66.0

Reply rate [replies/s]: min 0.0 avg 0.0 max 0.0 stddev 0.0 (0 samples)
Reply time [ms]: response 188.6 transfer 0.0
Reply size [B]: header 267.0 content 77.0 footer 0.0 (total 344.0)
Reply status: 1xx=0 2xx=1160 3xx=0 4xx=0 5xx=0

CPU time [s]: user 0.12 system 4.62 (user 2.5% system 95.3% total 97.7%)
Net I/O: 97.5 KB/s (0.8*10^6 bps)

Errors: total 840 client-timo 840 socket-timo 0 connrefused 0 connreset 0
Errors: fd-unavail 0 addrunavail 0 ftab-full 0 other 0

httperf --hog --timeout=1 --client=0/1 --server=172.17.60.201 --port=80 --uri=/ --rate=540 --send-buffer=4096 --recv-buffer=16384 --num-conns=2000 --num-calls=1
Maximum connect burst length: 8

Total: connections 2000 requests 1318 replies 1228 test-duration 4.734 s

Connection rate: 422.4 conn/s (2.4 ms/conn, <=417 concurrent connections)
Connection time [ms]: min 33.1 avg 212.0 max 1281.7 median 118.5 stddev 200.5
Connection time [ms]: connect 27.2
Connection length [replies/conn]: 1.000

Request rate: 278.4 req/s (3.6 ms/req)
Request size [B]: 66.0

Reply rate [replies/s]: min 0.0 avg 0.0 max 0.0 stddev 0.0 (0 samples)
Reply time [ms]: response 185.1 transfer 0.0
Reply size [B]: header 267.0 content 77.0 footer 0.0 (total 344.0)
Reply status: 1xx=0 2xx=1228 3xx=0 4xx=0 5xx=0

CPU time [s]: user 0.09 system 4.56 (user 1.9% system 96.2% total 98.1%)
Net I/O: 105.1 KB/s (0.9*10^6 bps)

Errors: total 772 client-timo 772 socket-timo 0 connrefused 0 connreset 0
Errors: fd-unavail 0 addrunavail 0 ftab-full 0 other 0

httperf --hog --timeout=1 --client=0/1 --server=172.17.60.201 --port=80 --uri=/ --rate=560 --send-buffer=4096 --recv-buffer=16384 --num-conns=2000 --num-calls=1
Maximum connect burst length: 7

Total: connections 2000 requests 1234 replies 1133 test-duration 4.752 s

Connection rate: 420.9 conn/s (2.4 ms/conn, <=435 concurrent connections)
Connection time [ms]: min 46.8 avg 223.4 max 1298.2 median 134.5 stddev 195.7
Connection time [ms]: connect 27.3
Connection length [replies/conn]: 1.000

Request rate: 259.7 req/s (3.9 ms/req)
Request size [B]: 66.0

Reply rate [replies/s]: min 0.0 avg 0.0 max 0.0 stddev 0.0 (0 samples)
Reply time [ms]: response 197.5 transfer 0.0
Reply size [B]: header 267.0 content 77.0 footer 0.0 (total 344.0)
Reply status: 1xx=0 2xx=1133 3xx=0 4xx=0 5xx=0

CPU time [s]: user 0.16 system 4.48 (user 3.4% system 94.2% total 97.6%)
Net I/O: 96.8 KB/s (0.8*10^6 bps)

Errors: total 867 client-timo 867 socket-timo 0 connrefused 0 connreset 0
Errors: fd-unavail 0 addrunavail 0 ftab-full 0 other 0

httperf --hog --timeout=1 --client=0/1 --server=172.17.60.201 --port=80 --uri=/ --rate=580 --send-buffer=4096 --recv-buffer=16384 --num-conns=2000 --num-calls=1
Maximum connect burst length: 7

Total: connections 2000 requests 1207 replies 1090 test-duration 4.444 s

Connection rate: 450.1 conn/s (2.2 ms/conn, <=452 concurrent connections)
Connection time [ms]: min 38.4 avg 248.4 max 943.5 median 148.5 stddev 210.0
Connection time [ms]: connect 29.7
Connection length [replies/conn]: 1.000

Request rate: 271.6 req/s (3.7 ms/req)
Request size [B]: 66.0

Reply rate [replies/s]: min 0.0 avg 0.0 max 0.0 stddev 0.0 (0 samples)
Reply time [ms]: response 219.6 transfer 0.0
Reply size [B]: header 267.0 content 77.0 footer 0.0 (total 344.0)
Reply status: 1xx=0 2xx=1090 3xx=0 4xx=0 5xx=0

CPU time [s]: user 0.16 system 4.17 (user 3.6% system 93.8% total 97.4%)
Net I/O: 99.9 KB/s (0.8*10^6 bps)

Errors: total 910 client-timo 910 socket-timo 0 connrefused 0 connreset 0
Errors: fd-unavail 0 addrunavail 0 ftab-full 0 other 0

httperf --hog --timeout=1 --client=0/1 --server=172.17.60.201 --port=80 --uri=/ --rate=600 --send-buffer=4096 --recv-buffer=16384 --num-conns=2000 --num-calls=1
Maximum connect burst length: 9

Total: connections 2000 requests 1163 replies 1048 test-duration 4.348 s

Connection rate: 460.0 conn/s (2.2 ms/conn, <=463 concurrent connections)
Connection time [ms]: min 24.5 avg 264.0 max 1010.9 median 154.5 stddev 223.1
Connection time [ms]: connect 29.1
Connection length [replies/conn]: 1.000

Request rate: 267.5 req/s (3.7 ms/req)
Request size [B]: 66.0

Reply rate [replies/s]: min 0.0 avg 0.0 max 0.0 stddev 0.0 (0 samples)
Reply time [ms]: response 235.1 transfer 0.0
Reply size [B]: header 267.0 content 77.0 footer 0.0 (total 344.0)
Reply status: 1xx=0 2xx=1048 3xx=0 4xx=0 5xx=0

CPU time [s]: user 0.09 system 4.14 (user 2.1% system 95.2% total 97.3%)
Net I/O: 98.2 KB/s (0.8*10^6 bps)

Errors: total 952 client-timo 952 socket-timo 0 connrefused 0 connreset 0
Errors: fd-unavail 0 addrunavail 0 ftab-full 0 other 0

httperf --hog --timeout=1 --client=0/1 --server=172.17.60.201 --port=80 --uri=/ --rate=620 --send-buffer=4096 --recv-buffer=16384 --num-conns=2000 --num-calls=1
Maximum connect burst length: 8

Total: connections 2000 requests 1157 replies 1076 test-duration 4.225 s

Connection rate: 473.4 conn/s (2.1 ms/conn, <=425 concurrent connections)
Connection time [ms]: min 52.6 avg 239.6 max 1037.1 median 141.5 stddev 193.5
Connection time [ms]: connect 27.2
Connection length [replies/conn]: 1.000

Request rate: 273.9 req/s (3.7 ms/req)
Request size [B]: 66.0

Reply rate [replies/s]: min 0.0 avg 0.0 max 0.0 stddev 0.0 (0 samples)
Reply time [ms]: response 212.5 transfer 0.0
Reply size [B]: header 267.0 content 77.0 footer 0.0 (total 344.0)
Reply status: 1xx=0 2xx=1076 3xx=0 4xx=0 5xx=0

CPU time [s]: user 0.08 system 4.02 (user 2.0% system 95.2% total 97.2%)
Net I/O: 103.2 KB/s (0.8*10^6 bps)

Errors: total 924 client-timo 924 socket-timo 0 connrefused 0 connreset 0
Errors: fd-unavail 0 addrunavail 0 ftab-full 0 other 0

httperf --hog --timeout=1 --client=0/1 --server=172.17.60.201 --port=80 --uri=/ --rate=640 --send-buffer=4096 --recv-buffer=16384 --num-conns=2000 --num-calls=1
Maximum connect burst length: 5

Total: connections 2000 requests 1085 replies 956 test-duration 4.148 s

Connection rate: 482.2 conn/s (2.1 ms/conn, <=492 concurrent connections)
Connection time [ms]: min 40.4 avg 272.7 max 1028.0 median 170.5 stddev 214.1
Connection time [ms]: connect 31.0
Connection length [replies/conn]: 1.000

Request rate: 261.6 req/s (3.8 ms/req)
Request size [B]: 66.0

Reply rate [replies/s]: min 0.0 avg 0.0 max 0.0 stddev 0.0 (0 samples)
Reply time [ms]: response 242.0 transfer 0.0
Reply size [B]: header 267.0 content 77.0 footer 0.0 (total 344.0)
Reply status: 1xx=0 2xx=956 3xx=0 4xx=0 5xx=0

CPU time [s]: user 0.12 system 3.92 (user 2.8% system 94.5% total 97.3%)
Net I/O: 94.3 KB/s (0.8*10^6 bps)

Errors: total 1044 client-timo 1044 socket-timo 0 connrefused 0 connreset 0
Errors: fd-unavail 0 addrunavail 0 ftab-full 0 other 0

httperf --hog --timeout=1 --client=0/1 --server=172.17.60.201 --port=80 --uri=/ --rate=660 --send-buffer=4096 --recv-buffer=16384 --num-conns=2000 --num-calls=1
Maximum connect burst length: 10

Total: connections 2000 requests 1071 replies 949 test-duration 4.028 s

Connection rate: 496.5 conn/s (2.0 ms/conn, <=493 concurrent connections)
Connection time [ms]: min 62.6 avg 264.4 max 917.3 median 157.5 stddev 208.2
Connection time [ms]: connect 26.8
Connection length [replies/conn]: 1.000

Request rate: 265.9 req/s (3.8 ms/req)
Request size [B]: 66.0

Reply rate [replies/s]: min 0.0 avg 0.0 max 0.0 stddev 0.0 (0 samples)
Reply time [ms]: response 238.0 transfer 0.0
Reply size [B]: header 267.0 content 77.0 footer 0.0 (total 344.0)
Reply status: 1xx=0 2xx=949 3xx=0 4xx=0 5xx=0

CPU time [s]: user 0.10 system 3.80 (user 2.4% system 94.4% total 96.8%)
Net I/O: 96.3 KB/s (0.8*10^6 bps)

Errors: total 1051 client-timo 1051 socket-timo 0 connrefused 0 connreset 0
Errors: fd-unavail 0 addrunavail 0 ftab-full 0 other 0

httperf --hog --timeout=1 --client=0/1 --server=172.17.60.201 --port=80 --uri=/ --rate=680 --send-buffer=4096 --recv-buffer=16384 --num-conns=2000 --num-calls=1
Maximum connect burst length: 7

Total: connections 2000 requests 940 replies 771 test-duration 3.968 s

Connection rate: 504.1 conn/s (2.0 ms/conn, <=583 concurrent connections)
Connection time [ms]: min 61.9 avg 332.2 max 1018.0 median 201.5 stddev 245.7
Connection time [ms]: connect 30.6
Connection length [replies/conn]: 1.000

Request rate: 236.9 req/s (4.2 ms/req)
Request size [B]: 66.0

Reply rate [replies/s]: min 0.0 avg 0.0 max 0.0 stddev 0.0 (0 samples)
Reply time [ms]: response 302.1 transfer 0.0
Reply size [B]: header 267.0 content 77.0 footer 0.0 (total 344.0)
Reply status: 1xx=0 2xx=771 3xx=0 4xx=0 5xx=0

CPU time [s]: user 0.08 system 3.78 (user 1.9% system 95.2% total 97.1%)
Net I/O: 80.5 KB/s (0.7*10^6 bps)

Errors: total 1229 client-timo 1229 socket-timo 0 connrefused 0 connreset 0
Errors: fd-unavail 0 addrunavail 0 ftab-full 0 other 0

httperf --hog --timeout=1 --client=0/1 --server=172.17.60.201 --port=80 --uri=/ --rate=700 --send-buffer=4096 --recv-buffer=16384 --num-conns=2000 --num-calls=1
Maximum connect burst length: 8

Total: connections 2000 requests 920 replies 736 test-duration 3.856 s

Connection rate: 518.7 conn/s (1.9 ms/conn, <=571 concurrent connections)
Connection time [ms]: min 44.0 avg 304.2 max 1032.9 median 203.5 stddev 226.9
Connection time [ms]: connect 29.7
Connection length [replies/conn]: 1.000

Request rate: 238.6 req/s (4.2 ms/req)
Request size [B]: 66.0

Reply rate [replies/s]: min 0.0 avg 0.0 max 0.0 stddev 0.0 (0 samples)
Reply time [ms]: response 274.9 transfer 0.0
Reply size [B]: header 267.0 content 77.0 footer 0.0 (total 344.0)
Reply status: 1xx=0 2xx=736 3xx=0 4xx=0 5xx=0

CPU time [s]: user 0.06 system 3.68 (user 1.5% system 95.3% total 96.8%)
Net I/O: 79.5 KB/s (0.7*10^6 bps)

Errors: total 1264 client-timo 1264 socket-timo 0 connrefused 0 connreset 0
Errors: fd-unavail 0 addrunavail 0 ftab-full 0 other 0

httperf --hog --timeout=1 --client=0/1 --server=172.17.60.201 --port=80 --uri=/ --rate=720 --send-buffer=4096 --recv-buffer=16384 --num-conns=2000 --num-calls=1
Maximum connect burst length: 9

Total: connections 2000 requests 987 replies 787 test-duration 3.777 s

Connection rate: 529.5 conn/s (1.9 ms/conn, <=568 concurrent connections)
Connection time [ms]: min 37.3 avg 275.2 max 1043.9 median 171.5 stddev 224.0
Connection time [ms]: connect 25.7
Connection length [replies/conn]: 1.000

Request rate: 261.3 req/s (3.8 ms/req)
Request size [B]: 66.0

Reply rate [replies/s]: min 0.0 avg 0.0 max 0.0 stddev 0.0 (0 samples)
Reply time [ms]: response 250.1 transfer 0.0
Reply size [B]: header 267.0 content 77.0 footer 0.0 (total 344.0)
Reply status: 1xx=0 2xx=787 3xx=0 4xx=0 5xx=0

CPU time [s]: user 0.11 system 3.55 (user 3.0% system 94.0% total 97.0%)
Net I/O: 86.8 KB/s (0.7*10^6 bps)

Errors: total 1213 client-timo 1213 socket-timo 0 connrefused 0 connreset 0
Errors: fd-unavail 0 addrunavail 0 ftab-full 0 other 0

httperf --hog --timeout=1 --client=0/1 --server=172.17.60.201 --port=80 --uri=/ --rate=740 --send-buffer=4096 --recv-buffer=16384 --num-conns=2000 --num-calls=1
Maximum connect burst length: 13

Total: connections 2000 requests 970 replies 795 test-duration 3.704 s

Connection rate: 540.0 conn/s (1.9 ms/conn, <=594 concurrent connections)
Connection time [ms]: min 46.6 avg 265.5 max 885.6 median 171.5 stddev 207.6
Connection time [ms]: connect 24.7
Connection length [replies/conn]: 1.000

Request rate: 261.9 req/s (3.8 ms/req)
Request size [B]: 66.0

Reply rate [replies/s]: min 0.0 avg 0.0 max 0.0 stddev 0.0 (0 samples)
Reply time [ms]: response 241.5 transfer 0.0
Reply size [B]: header 267.0 content 77.0 footer 0.0 (total 344.0)
Reply status: 1xx=0 2xx=795 3xx=0 4xx=0 5xx=0

CPU time [s]: user 0.13 system 3.43 (user 3.6% system 92.7% total 96.2%)
Net I/O: 89.0 KB/s (0.7*10^6 bps)

Errors: total 1205 client-timo 1205 socket-timo 0 connrefused 0 connreset 0
Errors: fd-unavail 0 addrunavail 0 ftab-full 0 other 0

httperf --hog --timeout=1 --client=0/1 --server=172.17.60.201 --port=80 --uri=/ --rate=760 --send-buffer=4096 --recv-buffer=16384 --num-conns=2000 --num-calls=1
Maximum connect burst length: 12

Total: connections 2000 requests 816 replies 591 test-duration 3.630 s

Connection rate: 550.9 conn/s (1.8 ms/conn, <=668 concurrent connections)
Connection time [ms]: min 71.2 avg 314.8 max 1012.2 median 213.5 stddev 215.2
Connection time [ms]: connect 28.5
Connection length [replies/conn]: 1.000

Request rate: 224.8 req/s (4.4 ms/req)
Request size [B]: 66.0

Reply rate [replies/s]: min 0.0 avg 0.0 max 0.0 stddev 0.0 (0 samples)
Reply time [ms]: response 286.7 transfer 0.0
Reply size [B]: header 267.0 content 77.0 footer 0.0 (total 344.0)
Reply status: 1xx=0 2xx=591 3xx=0 4xx=0 5xx=0

CPU time [s]: user 0.05 system 3.46 (user 1.3% system 95.2% total 96.5%)
Net I/O: 69.2 KB/s (0.6*10^6 bps)

Errors: total 1409 client-timo 1409 socket-timo 0 connrefused 0 connreset 0
Errors: fd-unavail 0 addrunavail 0 ftab-full 0 other 0

httperf --hog --timeout=1 --client=0/1 --server=172.17.60.201 --port=80 --uri=/ --rate=780 --send-buffer=4096 --recv-buffer=16384 --num-conns=2000 --num-calls=1
Maximum connect burst length: 8

Total: connections 2000 requests 832 replies 598 test-duration 3.582 s

Connection rate: 558.3 conn/s (1.8 ms/conn, <=680 concurrent connections)
Connection time [ms]: min 69.6 avg 305.7 max 1027.7 median 202.5 stddev 218.4
Connection time [ms]: connect 27.0
Connection length [replies/conn]: 1.000

Request rate: 232.3 req/s (4.3 ms/req)
Request size [B]: 66.0

Reply rate [replies/s]: min 0.0 avg 0.0 max 0.0 stddev 0.0 (0 samples)
Reply time [ms]: response 279.6 transfer 0.0
Reply size [B]: header 267.0 content 77.0 footer 0.0 (total 344.0)
Reply status: 1xx=0 2xx=598 3xx=0 4xx=0 5xx=0

CPU time [s]: user 0.07 system 3.40 (user 1.9% system 94.9% total 96.8%)
Net I/O: 71.1 KB/s (0.6*10^6 bps)

Errors: total 1402 client-timo 1402 socket-timo 0 connrefused 0 connreset 0
Errors: fd-unavail 0 addrunavail 0 ftab-full 0 other 0

httperf --hog --timeout=1 --client=0/1 --server=172.17.60.201 --port=80 --uri=/ --rate=800 --send-buffer=4096 --recv-buffer=16384 --num-conns=2000 --num-calls=1
Maximum connect burst length: 9

Total: connections 2000 requests 704 replies 455 test-duration 3.531 s

Connection rate: 566.4 conn/s (1.8 ms/conn, <=732 concurrent connections)
Connection time [ms]: min 108.3 avg 376.6 max 1001.2 median 255.5 stddev 237.6
Connection time [ms]: connect 31.0
Connection length [replies/conn]: 1.000

Request rate: 199.4 req/s (5.0 ms/req)
Request size [B]: 66.0

Reply rate [replies/s]: min 0.0 avg 0.0 max 0.0 stddev 0.0 (0 samples)
Reply time [ms]: response 346.0 transfer 0.0
Reply size [B]: header 267.0 content 77.0 footer 0.0 (total 344.0)
Reply status: 1xx=0 2xx=455 3xx=0 4xx=0 5xx=0

CPU time [s]: user 0.08 system 3.35 (user 2.3% system 94.8% total 97.1%)
Net I/O: 56.1 KB/s (0.5*10^6 bps)

Errors: total 1545 client-timo 1545 socket-timo 0 connrefused 0 connreset 0
Errors: fd-unavail 0 addrunavail 0 ftab-full 0 other 0

httperf --hog --timeout=1 --client=0/1 --server=172.17.60.201 --port=80 --uri=/ --rate=820 --send-buffer=4096 --recv-buffer=16384 --num-conns=2000 --num-calls=1
Maximum connect burst length: 11

Total: connections 2000 requests 712 replies 491 test-duration 3.468 s

Connection rate: 576.7 conn/s (1.7 ms/conn, <=764 concurrent connections)
Connection time [ms]: min 79.9 avg 330.9 max 1019.4 median 229.5 stddev 220.4
Connection time [ms]: connect 28.6
Connection length [replies/conn]: 1.000

Request rate: 205.3 req/s (4.9 ms/req)
Request size [B]: 66.0

Reply rate [replies/s]: min 0.0 avg 0.0 max 0.0 stddev 0.0 (0 samples)
Reply time [ms]: response 303.5 transfer 0.0
Reply size [B]: header 267.0 content 77.0 footer 0.0 (total 344.0)
Reply status: 1xx=0 2xx=491 3xx=0 4xx=0 5xx=0

CPU time [s]: user 0.05 system 3.30 (user 1.4% system 95.2% total 96.5%)
Net I/O: 60.8 KB/s (0.5*10^6 bps)

Errors: total 1509 client-timo 1509 socket-timo 0 connrefused 0 connreset 0
Errors: fd-unavail 0 addrunavail 0 ftab-full 0 other 0

httperf --hog --timeout=1 --client=0/1 --server=172.17.60.201 --port=80 --uri=/ --rate=840 --send-buffer=4096 --recv-buffer=16384 --num-conns=2000 --num-calls=1
Maximum connect burst length: 9

Total: connections 2000 requests 615 replies 392 test-duration 3.388 s

Connection rate: 590.3 conn/s (1.7 ms/conn, <=798 concurrent connections)
Connection time [ms]: min 69.8 avg 364.2 max 1034.0 median 254.5 stddev 254.1
Connection time [ms]: connect 29.7
Connection length [replies/conn]: 1.000

Request rate: 181.5 req/s (5.5 ms/req)
Request size [B]: 66.0

Reply rate [replies/s]: min 0.0 avg 0.0 max 0.0 stddev 0.0 (0 samples)
Reply time [ms]: response 335.3 transfer 0.0
Reply size [B]: header 267.0 content 77.0 footer 0.0 (total 344.0)
Reply status: 1xx=0 2xx=392 3xx=0 4xx=0 5xx=0

CPU time [s]: user 0.06 system 3.23 (user 1.7% system 95.4% total 97.0%)
Net I/O: 50.6 KB/s (0.4*10^6 bps)

Errors: total 1608 client-timo 1608 socket-timo 0 connrefused 0 connreset 0
Errors: fd-unavail 0 addrunavail 0 ftab-full 0 other 0

httperf --hog --timeout=1 --client=0/1 --server=172.17.60.201 --port=80 --uri=/ --rate=860 --send-buffer=4096 --recv-buffer=16384 --num-conns=2000 --num-calls=1
Maximum connect burst length: 17

Total: connections 2000 requests 624 replies 365 test-duration 3.358 s

Connection rate: 595.6 conn/s (1.7 ms/conn, <=827 concurrent connections)
Connection time [ms]: min 81.6 avg 393.8 max 994.9 median 319.5 stddev 250.7
Connection time [ms]: connect 29.3
Connection length [replies/conn]: 1.000

Request rate: 185.8 req/s (5.4 ms/req)
Request size [B]: 66.0

Reply rate [replies/s]: min 0.0 avg 0.0 max 0.0 stddev 0.0 (0 samples)
Reply time [ms]: response 366.0 transfer 0.0
Reply size [B]: header 267.0 content 77.0 footer 0.0 (total 344.0)
Reply status: 1xx=0 2xx=365 3xx=0 4xx=0 5xx=0

CPU time [s]: user 0.06 system 3.19 (user 1.9% system 94.9% total 96.9%)
Net I/O: 48.5 KB/s (0.4*10^6 bps)

Errors: total 1635 client-timo 1635 socket-timo 0 connrefused 0 connreset 0
Errors: fd-unavail 0 addrunavail 0 ftab-full 0 other 0

httperf --hog --timeout=1 --client=0/1 --server=172.17.60.201 --port=80 --uri=/ --rate=880 --send-buffer=4096 --recv-buffer=16384 --num-conns=2000 --num-calls=1
Maximum connect burst length: 8

Total: connections 2000 requests 681 replies 404 test-duration 3.296 s

Connection rate: 606.8 conn/s (1.6 ms/conn, <=837 concurrent connections)
Connection time [ms]: min 71.1 avg 347.4 max 1021.3 median 248.5 stddev 236.1
Connection time [ms]: connect 27.5
Connection length [replies/conn]: 1.000

Request rate: 206.6 req/s (4.8 ms/req)
Request size [B]: 66.0

Reply rate [replies/s]: min 0.0 avg 0.0 max 0.0 stddev 0.0 (0 samples)
Reply time [ms]: response 321.2 transfer 0.0
Reply size [B]: header 267.0 content 77.0 footer 0.0 (total 344.0)
Reply status: 1xx=0 2xx=404 3xx=0 4xx=0 5xx=0

CPU time [s]: user 0.07 system 3.12 (user 2.1% system 94.8% total 96.8%)
Net I/O: 54.5 KB/s (0.4*10^6 bps)

Errors: total 1596 client-timo 1596 socket-timo 0 connrefused 0 connreset 0
Errors: fd-unavail 0 addrunavail 0 ftab-full 0 other 0

httperf --hog --timeout=1 --client=0/1 --server=172.17.60.201 --port=80 --uri=/ --rate=900 --send-buffer=4096 --recv-buffer=16384 --num-conns=2000 --num-calls=1
Maximum connect burst length: 9

Total: connections 2000 requests 218 replies 146 test-duration 3.220 s

Connection rate: 621.0 conn/s (1.6 ms/conn, <=903 concurrent connections)
Connection time [ms]: min 107.6 avg 421.9 max 1017.4 median 359.5 stddev 250.8
Connection time [ms]: connect 26.0
Connection length [replies/conn]: 1.000

Request rate: 67.7 req/s (14.8 ms/req)
Request size [B]: 66.0

Reply rate [replies/s]: min 0.0 avg 0.0 max 0.0 stddev 0.0 (0 samples)
Reply time [ms]: response 397.5 transfer 0.0
Reply size [B]: header 260.0 content 75.0 footer 0.0 (total 335.0)
Reply status: 1xx=0 2xx=146 3xx=0 4xx=0 5xx=0

CPU time [s]: user 0.04 system 3.10 (user 1.4% system 96.4% total 97.8%)
Net I/O: 19.2 KB/s (0.2*10^6 bps)

Errors: total 1854 client-timo 1854 socket-timo 0 connrefused 0 connreset 0
Errors: fd-unavail 0 addrunavail 0 ftab-full 0 other 0

httperf --hog --timeout=1 --client=0/1 --server=172.17.60.201 --port=80 --uri=/ --rate=920 --send-buffer=4096 --recv-buffer=16384 --num-conns=2000 --num-calls=1
Maximum connect burst length: 10

Total: connections 2000 requests 450 replies 210 test-duration 3.201 s

Connection rate: 624.8 conn/s (1.6 ms/conn, <=918 concurrent connections)
Connection time [ms]: min 185.0 avg 522.6 max 1031.2 median 450.5 stddev 268.4
Connection time [ms]: connect 32.7
Connection length [replies/conn]: 1.000

Request rate: 140.6 req/s (7.1 ms/req)
Request size [B]: 66.0

Reply rate [replies/s]: min 0.0 avg 0.0 max 0.0 stddev 0.0 (0 samples)
Reply time [ms]: response 491.2 transfer 0.0
Reply size [B]: header 267.0 content 77.0 footer 0.0 (total 344.0)
Reply status: 1xx=0 2xx=210 3xx=0 4xx=0 5xx=0

CPU time [s]: user 0.08 system 3.02 (user 2.4% system 94.5% total 96.8%)
Net I/O: 31.1 KB/s (0.3*10^6 bps)

Errors: total 1790 client-timo 1790 socket-timo 0 connrefused 0 connreset 0
Errors: fd-unavail 0 addrunavail 0 ftab-full 0 other 0

httperf --hog --timeout=1 --client=0/1 --server=172.17.60.201 --port=80 --uri=/ --rate=940 --send-buffer=4096 --recv-buffer=16384 --num-conns=2000 --num-calls=1
Maximum connect burst length: 13

Total: connections 2000 requests 506 replies 308 test-duration 3.147 s

Connection rate: 635.6 conn/s (1.6 ms/conn, <=892 concurrent connections)
Connection time [ms]: min 140.8 avg 414.5 max 1021.3 median 282.5 stddev 255.4
Connection time [ms]: connect 28.9
Connection length [replies/conn]: 1.000

Request rate: 160.8 req/s (6.2 ms/req)
Request size [B]: 66.0

Reply rate [replies/s]: min 0.0 avg 0.0 max 0.0 stddev 0.0 (0 samples)
Reply time [ms]: response 386.8 transfer 0.0
Reply size [B]: header 266.0 content 76.0 footer 0.0 (total 342.0)
Reply status: 1xx=0 2xx=308 3xx=0 4xx=0 5xx=0

CPU time [s]: user 0.05 system 2.99 (user 1.7% system 95.1% total 96.7%)
Net I/O: 43.2 KB/s (0.4*10^6 bps)

Errors: total 1692 client-timo 1692 socket-timo 0 connrefused 0 connreset 0
Errors: fd-unavail 0 addrunavail 0 ftab-full 0 other 0

httperf --hog --timeout=1 --client=0/1 --server=172.17.60.201 --port=80 --uri=/ --rate=960 --send-buffer=4096 --recv-buffer=16384 --num-conns=2000 --num-calls=1
Maximum connect burst length: 8

Total: connections 2000 requests 1063 replies 961 test-duration 3.041 s

Connection rate: 657.7 conn/s (1.5 ms/conn, <=798 concurrent connections)
Connection time [ms]: min 39.7 avg 252.2 max 1048.1 median 179.5 stddev 206.9
Connection time [ms]: connect 31.5
Connection length [replies/conn]: 1.000

Request rate: 349.5 req/s (2.9 ms/req)
Request size [B]: 66.0

Reply rate [replies/s]: min 0.0 avg 0.0 max 0.0 stddev 0.0 (0 samples)
Reply time [ms]: response 220.6 transfer 0.0
Reply size [B]: header 267.0 content 77.0 footer 0.0 (total 344.0)
Reply status: 1xx=0 2xx=961 3xx=0 4xx=0 5xx=0

CPU time [s]: user 0.07 system 2.88 (user 2.2% system 94.7% total 96.9%)
Net I/O: 128.7 KB/s (1.1*10^6 bps)

Errors: total 1039 client-timo 1039 socket-timo 0 connrefused 0 connreset 0
Errors: fd-unavail 0 addrunavail 0 ftab-full 0 other 0

httperf --hog --timeout=1 --client=0/1 --server=172.17.60.201 --port=80 --uri=/ --rate=980 --send-buffer=4096 --recv-buffer=16384 --num-conns=2000 --num-calls=1
Maximum connect burst length: 10

Total: connections 2000 requests 1353 replies 1294 test-duration 3.806 s

Connection rate: 525.5 conn/s (1.9 ms/conn, <=654 concurrent connections)
Connection time [ms]: min 43.3 avg 249.1 max 1971.5 median 157.5 stddev 262.6
Connection time [ms]: connect 47.2
Connection length [replies/conn]: 1.000

Request rate: 355.5 req/s (2.8 ms/req)
Request size [B]: 66.0

Reply rate [replies/s]: min 0.0 avg 0.0 max 0.0 stddev 0.0 (0 samples)
Reply time [ms]: response 201.1 transfer 0.0
Reply size [B]: header 265.0 content 76.0 footer 0.0 (total 341.0)
Reply status: 1xx=0 2xx=1294 3xx=0 4xx=0 5xx=0

CPU time [s]: user 0.24 system 3.48 (user 6.3% system 91.4% total 97.7%)
Net I/O: 136.6 KB/s (1.1*10^6 bps)

Errors: total 706 client-timo 706 socket-timo 0 connrefused 0 connreset 0
Errors: fd-unavail 0 addrunavail 0 ftab-full 0 other 0

httperf --hog --timeout=1 --client=0/1 --server=172.17.60.201 --port=80 --uri=/ --rate=1000 --send-buffer=4096 --recv-buffer=16384 --num-conns=2000 --num-calls=1
Maximum connect burst length: 3

Total: connections 2000 requests 1998 replies 1998 test-duration 2.285 s

Connection rate: 875.4 conn/s (1.1 ms/conn, <=41 concurrent connections)
Connection time [ms]: min 0.6 avg 17.8 max 1037.7 median 0.5 stddev 117.7
Connection time [ms]: connect 13.3
Connection length [replies/conn]: 1.000

Request rate: 874.5 req/s (1.1 ms/req)
Request size [B]: 66.0

Reply rate [replies/s]: min 0.0 avg 0.0 max 0.0 stddev 0.0 (0 samples)
Reply time [ms]: response 4.5 transfer 0.0
Reply size [B]: header 263.0 content 76.0 footer 0.0 (total 339.0)
Reply status: 1xx=0 2xx=1998 3xx=0 4xx=0 5xx=0

CPU time [s]: user 0.21 system 2.05 (user 9.1% system 89.8% total 98.9%)
Net I/O: 346.6 KB/s (2.8*10^6 bps)

Errors: total 2 client-timo 2 socket-timo 0 connrefused 0 connreset 0
Errors: fd-unavail 0 addrunavail 0 ftab-full 0 other 0

