httperf --hog --timeout=1 --client=0/1 --server=172.17.60.201 --port=80 --uri=/ --rate=20 --send-buffer=4096 --recv-buffer=16384 --num-conns=2000 --num-calls=1
Maximum connect burst length: 1

Total: connections 2000 requests 2000 replies 2000 test-duration 99.952 s

Connection rate: 20.0 conn/s (50.0 ms/conn, <=4 concurrent connections)
Connection time [ms]: min 0.5 avg 6.4 max 569.9 median 0.5 stddev 25.0
Connection time [ms]: connect 0.6
Connection length [replies/conn]: 1.000

Request rate: 20.0 req/s (50.0 ms/req)
Request size [B]: 66.0

Reply rate [replies/s]: min 20.0 avg 20.0 max 20.0 stddev 0.0 (19 samples)
Reply time [ms]: response 5.8 transfer 0.1
Reply size [B]: header 257.0 content 75.0 footer 0.0 (total 332.0)
Reply status: 1xx=0 2xx=2000 3xx=0 4xx=0 5xx=0

CPU time [s]: user 44.30 system 55.50 (user 44.3% system 55.5% total 99.9%)
Net I/O: 7.8 KB/s (0.1*10^6 bps)

Errors: total 0 client-timo 0 socket-timo 0 connrefused 0 connreset 0
Errors: fd-unavail 0 addrunavail 0 ftab-full 0 other 0

httperf --hog --timeout=1 --client=0/1 --server=172.17.60.201 --port=80 --uri=/ --rate=40 --send-buffer=4096 --recv-buffer=16384 --num-conns=2000 --num-calls=1
Maximum connect burst length: 1

Total: connections 2000 requests 2000 replies 1960 test-duration 49.977 s

Connection rate: 40.0 conn/s (25.0 ms/conn, <=10 concurrent connections)
Connection time [ms]: min 0.5 avg 40.7 max 1000.4 median 0.5 stddev 154.6
Connection time [ms]: connect 0.5
Connection length [replies/conn]: 1.000

Request rate: 40.0 req/s (25.0 ms/req)
Request size [B]: 66.0

Reply rate [replies/s]: min 37.8 avg 39.0 max 40.4 stddev 1.0 (9 samples)
Reply time [ms]: response 40.1 transfer 0.0
Reply size [B]: header 259.0 content 75.0 footer 0.0 (total 334.0)
Reply status: 1xx=0 2xx=1960 3xx=0 4xx=0 5xx=0

CPU time [s]: user 16.09 system 33.79 (user 32.2% system 67.6% total 99.8%)
Net I/O: 15.4 KB/s (0.1*10^6 bps)

Errors: total 40 client-timo 40 socket-timo 0 connrefused 0 connreset 0
Errors: fd-unavail 0 addrunavail 0 ftab-full 0 other 0

httperf --hog --timeout=1 --client=0/1 --server=172.17.60.201 --port=80 --uri=/ --rate=60 --send-buffer=4096 --recv-buffer=16384 --num-conns=2000 --num-calls=1
Maximum connect burst length: 1

Total: connections 2000 requests 1984 replies 1927 test-duration 33.318 s

Connection rate: 60.0 conn/s (16.7 ms/conn, <=12 concurrent connections)
Connection time [ms]: min 0.6 avg 16.4 max 999.9 median 1.5 stddev 106.2
Connection time [ms]: connect 5.1
Connection length [replies/conn]: 1.000

Request rate: 59.5 req/s (16.8 ms/req)
Request size [B]: 66.0

Reply rate [replies/s]: min 54.2 avg 57.6 max 59.4 stddev 2.1 (6 samples)
Reply time [ms]: response 15.8 transfer 0.0
Reply size [B]: header 264.0 content 76.0 footer 0.0 (total 340.0)
Reply status: 1xx=0 2xx=1927 3xx=0 4xx=0 5xx=0

CPU time [s]: user 9.82 system 23.42 (user 29.5% system 70.3% total 99.8%)
Net I/O: 23.1 KB/s (0.2*10^6 bps)

Errors: total 73 client-timo 73 socket-timo 0 connrefused 0 connreset 0
Errors: fd-unavail 0 addrunavail 0 ftab-full 0 other 0

httperf --hog --timeout=1 --client=0/1 --server=172.17.60.201 --port=80 --uri=/ --rate=80 --send-buffer=4096 --recv-buffer=16384 --num-conns=2000 --num-calls=1
Maximum connect burst length: 1

Total: connections 2000 requests 1986 replies 1953 test-duration 24.989 s

Connection rate: 80.0 conn/s (12.5 ms/conn, <=12 concurrent connections)
Connection time [ms]: min 0.6 avg 7.9 max 1890.4 median 1.5 stddev 64.7
Connection time [ms]: connect 4.6
Connection length [replies/conn]: 1.000

Request rate: 79.5 req/s (12.6 ms/req)
Request size [B]: 66.0

Reply rate [replies/s]: min 75.0 avg 77.7 max 80.2 stddev 2.6 (4 samples)
Reply time [ms]: response 6.8 transfer 0.0
Reply size [B]: header 263.0 content 76.0 footer 0.0 (total 339.0)
Reply status: 1xx=0 2xx=1953 3xx=0 4xx=0 5xx=0

CPU time [s]: user 7.90 system 17.01 (user 31.6% system 68.1% total 99.7%)
Net I/O: 31.0 KB/s (0.3*10^6 bps)

Errors: total 47 client-timo 47 socket-timo 0 connrefused 0 connreset 0
Errors: fd-unavail 0 addrunavail 0 ftab-full 0 other 0

httperf --hog --timeout=1 --client=0/1 --server=172.17.60.201 --port=80 --uri=/ --rate=100 --send-buffer=4096 --recv-buffer=16384 --num-conns=2000 --num-calls=1
Maximum connect burst length: 1

Total: connections 2000 requests 2000 replies 1999 test-duration 19.996 s

Connection rate: 100.0 conn/s (10.0 ms/conn, <=6 concurrent connections)
Connection time [ms]: min 0.6 avg 9.6 max 573.4 median 5.5 stddev 27.5
Connection time [ms]: connect 2.8
Connection length [replies/conn]: 1.000

Request rate: 100.0 req/s (10.0 ms/req)
Request size [B]: 66.0

Reply rate [replies/s]: min 99.8 avg 99.9 max 100.0 stddev 0.1 (3 samples)
Reply time [ms]: response 6.6 transfer 0.2
Reply size [B]: header 262.0 content 76.0 footer 0.0 (total 338.0)
Reply status: 1xx=0 2xx=1999 3xx=0 4xx=0 5xx=0

CPU time [s]: user 6.76 system 13.16 (user 33.8% system 65.8% total 99.6%)
Net I/O: 39.5 KB/s (0.3*10^6 bps)

Errors: total 1 client-timo 1 socket-timo 0 connrefused 0 connreset 0
Errors: fd-unavail 0 addrunavail 0 ftab-full 0 other 0

httperf --hog --timeout=1 --client=0/1 --server=172.17.60.201 --port=80 --uri=/ --rate=120 --send-buffer=4096 --recv-buffer=16384 --num-conns=2000 --num-calls=1
Maximum connect burst length: 1

Total: connections 2000 requests 2000 replies 1991 test-duration 16.783 s

Connection rate: 119.2 conn/s (8.4 ms/conn, <=9 concurrent connections)
Connection time [ms]: min 0.6 avg 11.9 max 680.3 median 7.5 stddev 42.8
Connection time [ms]: connect 3.5
Connection length [replies/conn]: 1.000

Request rate: 119.2 req/s (8.4 ms/req)
Request size [B]: 66.0

Reply rate [replies/s]: min 117.8 avg 119.3 max 120.4 stddev 1.4 (3 samples)
Reply time [ms]: response 8.4 transfer 0.0
Reply size [B]: header 264.0 content 76.0 footer 0.0 (total 340.0)
Reply status: 1xx=0 2xx=1991 3xx=0 4xx=0 5xx=0

CPU time [s]: user 4.88 system 11.84 (user 29.1% system 70.5% total 99.6%)
Net I/O: 47.2 KB/s (0.4*10^6 bps)

Errors: total 9 client-timo 9 socket-timo 0 connrefused 0 connreset 0
Errors: fd-unavail 0 addrunavail 0 ftab-full 0 other 0

httperf --hog --timeout=1 --client=0/1 --server=172.17.60.201 --port=80 --uri=/ --rate=140 --send-buffer=4096 --recv-buffer=16384 --num-conns=2000 --num-calls=1
Maximum connect burst length: 1

Total: connections 2000 requests 1960 replies 1951 test-duration 14.956 s

Connection rate: 133.7 conn/s (7.5 ms/conn, <=56 concurrent connections)
Connection time [ms]: min 0.7 avg 27.5 max 1134.0 median 8.5 stddev 101.2
Connection time [ms]: connect 6.5
Connection length [replies/conn]: 1.000

Request rate: 131.1 req/s (7.6 ms/req)
Request size [B]: 66.0

Reply rate [replies/s]: min 139.4 avg 139.6 max 139.8 stddev 0.3 (2 samples)
Reply time [ms]: response 22.2 transfer 0.0
Reply size [B]: header 263.0 content 76.0 footer 0.0 (total 339.0)
Reply status: 1xx=0 2xx=1951 3xx=0 4xx=0 5xx=0

CPU time [s]: user 3.59 system 11.30 (user 24.0% system 75.5% total 99.5%)
Net I/O: 51.8 KB/s (0.4*10^6 bps)

Errors: total 49 client-timo 49 socket-timo 0 connrefused 0 connreset 0
Errors: fd-unavail 0 addrunavail 0 ftab-full 0 other 0

httperf --hog --timeout=1 --client=0/1 --server=172.17.60.201 --port=80 --uri=/ --rate=160 --send-buffer=4096 --recv-buffer=16384 --num-conns=2000 --num-calls=1
Maximum connect burst length: 2

Total: connections 2000 requests 1992 replies 1971 test-duration 13.809 s

Connection rate: 144.8 conn/s (6.9 ms/conn, <=30 concurrent connections)
Connection time [ms]: min 0.7 avg 26.0 max 1004.2 median 8.5 stddev 93.7
Connection time [ms]: connect 4.3
Connection length [replies/conn]: 1.000

Request rate: 144.3 req/s (6.9 ms/req)
Request size [B]: 66.0

Reply rate [replies/s]: min 157.0 avg 158.7 max 160.4 stddev 2.4 (2 samples)
Reply time [ms]: response 22.1 transfer 0.0
Reply size [B]: header 264.0 content 76.0 footer 0.0 (total 340.0)
Reply status: 1xx=0 2xx=1971 3xx=0 4xx=0 5xx=0

CPU time [s]: user 2.89 system 10.86 (user 20.9% system 78.6% total 99.6%)
Net I/O: 56.8 KB/s (0.5*10^6 bps)

Errors: total 29 client-timo 29 socket-timo 0 connrefused 0 connreset 0
Errors: fd-unavail 0 addrunavail 0 ftab-full 0 other 0

httperf --hog --timeout=1 --client=0/1 --server=172.17.60.201 --port=80 --uri=/ --rate=180 --send-buffer=4096 --recv-buffer=16384 --num-conns=2000 --num-calls=1
Maximum connect burst length: 2

Total: connections 2000 requests 2000 replies 1989 test-duration 11.257 s

Connection rate: 177.7 conn/s (5.6 ms/conn, <=17 concurrent connections)
Connection time [ms]: min 0.8 avg 17.0 max 939.2 median 9.5 stddev 59.6
Connection time [ms]: connect 4.1
Connection length [replies/conn]: 1.000

Request rate: 177.7 req/s (5.6 ms/req)
Request size [B]: 66.0

Reply rate [replies/s]: min 178.0 avg 178.8 max 179.6 stddev 1.1 (2 samples)
Reply time [ms]: response 12.9 transfer 0.0
Reply size [B]: header 264.0 content 76.0 footer 0.0 (total 340.0)
Reply status: 1xx=0 2xx=1989 3xx=0 4xx=0 5xx=0

CPU time [s]: user 2.32 system 8.87 (user 20.6% system 78.8% total 99.4%)
Net I/O: 70.3 KB/s (0.6*10^6 bps)

Errors: total 11 client-timo 11 socket-timo 0 connrefused 0 connreset 0
Errors: fd-unavail 0 addrunavail 0 ftab-full 0 other 0

httperf --hog --timeout=1 --client=0/1 --server=172.17.60.201 --port=80 --uri=/ --rate=200 --send-buffer=4096 --recv-buffer=16384 --num-conns=2000 --num-calls=1
Maximum connect burst length: 3

Total: connections 2000 requests 1994 replies 1977 test-duration 10.799 s

Connection rate: 185.2 conn/s (5.4 ms/conn, <=26 concurrent connections)
Connection time [ms]: min 1.1 avg 26.7 max 1010.7 median 9.5 stddev 116.9
Connection time [ms]: connect 4.3
Connection length [replies/conn]: 1.000

Request rate: 184.6 req/s (5.4 ms/req)
Request size [B]: 66.0

Reply rate [replies/s]: min 194.6 avg 196.6 max 198.6 stddev 2.8 (2 samples)
Reply time [ms]: response 22.4 transfer 0.0
Reply size [B]: header 264.0 content 76.0 footer 0.0 (total 340.0)
Reply status: 1xx=0 2xx=1977 3xx=0 4xx=0 5xx=0

CPU time [s]: user 2.09 system 8.65 (user 19.4% system 80.1% total 99.5%)
Net I/O: 72.9 KB/s (0.6*10^6 bps)

Errors: total 23 client-timo 23 socket-timo 0 connrefused 0 connreset 0
Errors: fd-unavail 0 addrunavail 0 ftab-full 0 other 0

httperf --hog --timeout=1 --client=0/1 --server=172.17.60.201 --port=80 --uri=/ --rate=220 --send-buffer=4096 --recv-buffer=16384 --num-conns=2000 --num-calls=1
Maximum connect burst length: 3

Total: connections 2000 requests 1994 replies 1967 test-duration 9.689 s

Connection rate: 206.4 conn/s (4.8 ms/conn, <=33 concurrent connections)
Connection time [ms]: min 1.0 avg 24.3 max 1758.2 median 10.5 stddev 109.5
Connection time [ms]: connect 6.1
Connection length [replies/conn]: 1.000

Request rate: 205.8 req/s (4.9 ms/req)
Request size [B]: 66.0

Reply rate [replies/s]: min 218.0 avg 218.0 max 218.0 stddev 0.0 (1 samples)
Reply time [ms]: response 18.7 transfer 0.0
Reply size [B]: header 265.0 content 76.0 footer 0.0 (total 341.0)
Reply status: 1xx=0 2xx=1967 3xx=0 4xx=0 5xx=0

CPU time [s]: user 1.54 system 8.08 (user 15.9% system 83.4% total 99.4%)
Net I/O: 81.1 KB/s (0.7*10^6 bps)

Errors: total 33 client-timo 33 socket-timo 0 connrefused 0 connreset 0
Errors: fd-unavail 0 addrunavail 0 ftab-full 0 other 0

httperf --hog --timeout=1 --client=0/1 --server=172.17.60.201 --port=80 --uri=/ --rate=240 --send-buffer=4096 --recv-buffer=16384 --num-conns=2000 --num-calls=1
Maximum connect burst length: 3

Total: connections 2000 requests 1986 replies 1961 test-duration 8.470 s

Connection rate: 236.1 conn/s (4.2 ms/conn, <=35 concurrent connections)
Connection time [ms]: min 1.2 avg 23.3 max 1007.4 median 11.5 stddev 95.0
Connection time [ms]: connect 5.0
Connection length [replies/conn]: 1.000

Request rate: 234.5 req/s (4.3 ms/req)
Request size [B]: 66.0

Reply rate [replies/s]: min 235.4 avg 235.4 max 235.4 stddev 0.0 (1 samples)
Reply time [ms]: response 18.3 transfer 0.0
Reply size [B]: header 265.0 content 76.0 footer 0.0 (total 341.0)
Reply status: 1xx=0 2xx=1961 3xx=0 4xx=0 5xx=0

CPU time [s]: user 1.38 system 7.03 (user 16.3% system 83.0% total 99.3%)
Net I/O: 92.6 KB/s (0.8*10^6 bps)

Errors: total 39 client-timo 39 socket-timo 0 connrefused 0 connreset 0
Errors: fd-unavail 0 addrunavail 0 ftab-full 0 other 0

httperf --hog --timeout=1 --client=0/1 --server=172.17.60.201 --port=80 --uri=/ --rate=260 --send-buffer=4096 --recv-buffer=16384 --num-conns=2000 --num-calls=1
Maximum connect burst length: 3

Total: connections 2000 requests 1977 replies 1932 test-duration 9.112 s

Connection rate: 219.5 conn/s (4.6 ms/conn, <=42 concurrent connections)
Connection time [ms]: min 0.9 avg 19.7 max 1006.9 median 14.5 stddev 41.4
Connection time [ms]: connect 7.7
Connection length [replies/conn]: 1.000

Request rate: 217.0 req/s (4.6 ms/req)
Request size [B]: 66.0

Reply rate [replies/s]: min 252.6 avg 252.6 max 252.6 stddev 0.0 (1 samples)
Reply time [ms]: response 14.5 transfer 0.0
Reply size [B]: header 266.0 content 76.0 footer 0.0 (total 342.0)
Reply status: 1xx=0 2xx=1932 3xx=0 4xx=0 5xx=0

CPU time [s]: user 1.38 system 7.65 (user 15.2% system 83.9% total 99.1%)
Net I/O: 85.2 KB/s (0.7*10^6 bps)

Errors: total 68 client-timo 68 socket-timo 0 connrefused 0 connreset 0
Errors: fd-unavail 0 addrunavail 0 ftab-full 0 other 0

httperf --hog --timeout=1 --client=0/1 --server=172.17.60.201 --port=80 --uri=/ --rate=280 --send-buffer=4096 --recv-buffer=16384 --num-conns=2000 --num-calls=1
Maximum connect burst length: 3

Total: connections 2000 requests 1982 replies 1941 test-duration 7.762 s

Connection rate: 257.7 conn/s (3.9 ms/conn, <=46 concurrent connections)
Connection time [ms]: min 0.9 avg 28.6 max 1970.9 median 14.5 stddev 114.3
Connection time [ms]: connect 8.5
Connection length [replies/conn]: 1.000

Request rate: 255.4 req/s (3.9 ms/req)
Request size [B]: 66.0

Reply rate [replies/s]: min 271.6 avg 271.6 max 271.6 stddev 0.0 (1 samples)
Reply time [ms]: response 21.5 transfer 0.0
Reply size [B]: header 266.0 content 76.0 footer 0.0 (total 342.0)
Reply status: 1xx=0 2xx=1941 3xx=0 4xx=0 5xx=0

CPU time [s]: user 1.01 system 6.68 (user 13.0% system 86.1% total 99.1%)
Net I/O: 100.2 KB/s (0.8*10^6 bps)

Errors: total 59 client-timo 59 socket-timo 0 connrefused 0 connreset 0
Errors: fd-unavail 0 addrunavail 0 ftab-full 0 other 0

httperf --hog --timeout=1 --client=0/1 --server=172.17.60.201 --port=80 --uri=/ --rate=300 --send-buffer=4096 --recv-buffer=16384 --num-conns=2000 --num-calls=1
Maximum connect burst length: 4

Total: connections 2000 requests 1966 replies 1924 test-duration 7.280 s

Connection rate: 274.7 conn/s (3.6 ms/conn, <=43 concurrent connections)
Connection time [ms]: min 2.1 avg 19.3 max 857.3 median 16.5 stddev 21.8
Connection time [ms]: connect 6.7
Connection length [replies/conn]: 1.000

Request rate: 270.0 req/s (3.7 ms/req)
Request size [B]: 66.0

Reply rate [replies/s]: min 290.8 avg 290.8 max 290.8 stddev 0.0 (1 samples)
Reply time [ms]: response 13.6 transfer 0.0
Reply size [B]: header 266.0 content 76.0 footer 0.0 (total 342.0)
Reply status: 1xx=0 2xx=1924 3xx=0 4xx=0 5xx=0

CPU time [s]: user 0.76 system 6.46 (user 10.4% system 88.7% total 99.2%)
Net I/O: 106.2 KB/s (0.9*10^6 bps)

Errors: total 76 client-timo 76 socket-timo 0 connrefused 0 connreset 0
Errors: fd-unavail 0 addrunavail 0 ftab-full 0 other 0

httperf --hog --timeout=1 --client=0/1 --server=172.17.60.201 --port=80 --uri=/ --rate=320 --send-buffer=4096 --recv-buffer=16384 --num-conns=2000 --num-calls=1
Maximum connect burst length: 9

Total: connections 2000 requests 1960 replies 1911 test-duration 7.446 s

Connection rate: 268.6 conn/s (3.7 ms/conn, <=58 concurrent connections)
Connection time [ms]: min 1.8 avg 27.1 max 1918.3 median 19.5 stddev 54.6
Connection time [ms]: connect 9.0
Connection length [replies/conn]: 1.000

Request rate: 263.2 req/s (3.8 ms/req)
Request size [B]: 66.0

Reply rate [replies/s]: min 308.8 avg 308.8 max 308.8 stddev 0.0 (1 samples)
Reply time [ms]: response 20.1 transfer 0.0
Reply size [B]: header 266.0 content 76.0 footer 0.0 (total 342.0)
Reply status: 1xx=0 2xx=1911 3xx=0 4xx=0 5xx=0

CPU time [s]: user 0.74 system 6.63 (user 9.9% system 89.0% total 98.9%)
Net I/O: 103.2 KB/s (0.8*10^6 bps)

Errors: total 89 client-timo 89 socket-timo 0 connrefused 0 connreset 0
Errors: fd-unavail 0 addrunavail 0 ftab-full 0 other 0

httperf --hog --timeout=1 --client=0/1 --server=172.17.60.201 --port=80 --uri=/ --rate=340 --send-buffer=4096 --recv-buffer=16384 --num-conns=2000 --num-calls=1
Maximum connect burst length: 4

Total: connections 2000 requests 1933 replies 1901 test-duration 6.668 s

Connection rate: 300.0 conn/s (3.3 ms/conn, <=62 concurrent connections)
Connection time [ms]: min 2.0 avg 42.3 max 1010.8 median 30.5 stddev 58.7
Connection time [ms]: connect 10.4
Connection length [replies/conn]: 1.000

Request rate: 289.9 req/s (3.4 ms/req)
Request size [B]: 66.0

Reply rate [replies/s]: min 319.6 avg 319.6 max 319.6 stddev 0.0 (1 samples)
Reply time [ms]: response 32.4 transfer 0.0
Reply size [B]: header 266.0 content 76.0 footer 0.0 (total 342.0)
Reply status: 1xx=0 2xx=1901 3xx=0 4xx=0 5xx=0

CPU time [s]: user 0.66 system 5.93 (user 10.0% system 89.0% total 98.9%)
Net I/O: 114.4 KB/s (0.9*10^6 bps)

Errors: total 99 client-timo 99 socket-timo 0 connrefused 0 connreset 0
Errors: fd-unavail 0 addrunavail 0 ftab-full 0 other 0

httperf --hog --timeout=1 --client=0/1 --server=172.17.60.201 --port=80 --uri=/ --rate=360 --send-buffer=4096 --recv-buffer=16384 --num-conns=2000 --num-calls=1
Maximum connect burst length: 3

Total: connections 2000 requests 1926 replies 1895 test-duration 6.900 s

Connection rate: 289.9 conn/s (3.4 ms/conn, <=72 concurrent connections)
Connection time [ms]: min 1.9 avg 37.5 max 1010.8 median 23.5 stddev 63.0
Connection time [ms]: connect 12.4
Connection length [replies/conn]: 1.000

Request rate: 279.1 req/s (3.6 ms/req)
Request size [B]: 66.0

Reply rate [replies/s]: min 337.4 avg 337.4 max 337.4 stddev 0.0 (1 samples)
Reply time [ms]: response 27.1 transfer 0.0
Reply size [B]: header 267.0 content 77.0 footer 0.0 (total 344.0)
Reply status: 1xx=0 2xx=1895 3xx=0 4xx=0 5xx=0

CPU time [s]: user 0.74 system 6.09 (user 10.7% system 88.2% total 99.0%)
Net I/O: 110.3 KB/s (0.9*10^6 bps)

Errors: total 105 client-timo 105 socket-timo 0 connrefused 0 connreset 0
Errors: fd-unavail 0 addrunavail 0 ftab-full 0 other 0

httperf --hog --timeout=1 --client=0/1 --server=172.17.60.201 --port=80 --uri=/ --rate=380 --send-buffer=4096 --recv-buffer=16384 --num-conns=2000 --num-calls=1
Maximum connect burst length: 4

Total: connections 2000 requests 1916 replies 1876 test-duration 6.267 s

Connection rate: 319.1 conn/s (3.1 ms/conn, <=72 concurrent connections)
Connection time [ms]: min 2.6 avg 48.8 max 1075.2 median 36.5 stddev 63.9
Connection time [ms]: connect 11.3
Connection length [replies/conn]: 1.000

Request rate: 305.7 req/s (3.3 ms/req)
Request size [B]: 66.0

Reply rate [replies/s]: min 353.4 avg 353.4 max 353.4 stddev 0.0 (1 samples)
Reply time [ms]: response 37.5 transfer 0.0
Reply size [B]: header 267.0 content 77.0 footer 0.0 (total 344.0)
Reply status: 1xx=0 2xx=1876 3xx=0 4xx=0 5xx=0

CPU time [s]: user 0.56 system 5.61 (user 9.0% system 89.5% total 98.5%)
Net I/O: 120.3 KB/s (1.0*10^6 bps)

Errors: total 124 client-timo 124 socket-timo 0 connrefused 0 connreset 0
Errors: fd-unavail 0 addrunavail 0 ftab-full 0 other 0

httperf --hog --timeout=1 --client=0/1 --server=172.17.60.201 --port=80 --uri=/ --rate=400 --send-buffer=4096 --recv-buffer=16384 --num-conns=2000 --num-calls=1
Maximum connect burst length: 4

Total: connections 2000 requests 1694 replies 1649 test-duration 5.983 s

Connection rate: 334.3 conn/s (3.0 ms/conn, <=259 concurrent connections)
Connection time [ms]: min 1.0 avg 145.6 max 1873.7 median 66.5 stddev 214.5
Connection time [ms]: connect 30.6
Connection length [replies/conn]: 1.000

Request rate: 283.1 req/s (3.5 ms/req)
Request size [B]: 66.0

Reply rate [replies/s]: min 321.2 avg 321.2 max 321.2 stddev 0.0 (1 samples)
Reply time [ms]: response 114.8 transfer 0.0
Reply size [B]: header 265.0 content 76.0 footer 0.0 (total 341.0)
Reply status: 1xx=0 2xx=1649 3xx=0 4xx=0 5xx=0

CPU time [s]: user 0.34 system 5.56 (user 5.6% system 92.9% total 98.5%)
Net I/O: 110.3 KB/s (0.9*10^6 bps)

Errors: total 351 client-timo 351 socket-timo 0 connrefused 0 connreset 0
Errors: fd-unavail 0 addrunavail 0 ftab-full 0 other 0

httperf --hog --timeout=1 --client=0/1 --server=172.17.60.201 --port=80 --uri=/ --rate=420 --send-buffer=4096 --recv-buffer=16384 --num-conns=2000 --num-calls=1
Maximum connect burst length: 7

Total: connections 2000 requests 1650 replies 1585 test-duration 5.669 s

Connection rate: 352.8 conn/s (2.8 ms/conn, <=218 concurrent connections)
Connection time [ms]: min 1.0 avg 140.5 max 1055.3 median 80.5 stddev 178.8
Connection time [ms]: connect 25.3
Connection length [replies/conn]: 1.000

Request rate: 291.1 req/s (3.4 ms/req)
Request size [B]: 66.0

Reply rate [replies/s]: min 316.4 avg 316.4 max 316.4 stddev 0.0 (1 samples)
Reply time [ms]: response 115.6 transfer 0.0
Reply size [B]: header 267.0 content 77.0 footer 0.0 (total 344.0)
Reply status: 1xx=0 2xx=1585 3xx=0 4xx=0 5xx=0

CPU time [s]: user 0.20 system 5.36 (user 3.5% system 94.6% total 98.0%)
Net I/O: 112.7 KB/s (0.9*10^6 bps)

Errors: total 415 client-timo 415 socket-timo 0 connrefused 0 connreset 0
Errors: fd-unavail 0 addrunavail 0 ftab-full 0 other 0

httperf --hog --timeout=1 --client=0/1 --server=172.17.60.201 --port=80 --uri=/ --rate=440 --send-buffer=4096 --recv-buffer=16384 --num-conns=2000 --num-calls=1
Maximum connect burst length: 6

Total: connections 2000 requests 1592 replies 1519 test-duration 5.544 s

Connection rate: 360.8 conn/s (2.8 ms/conn, <=298 concurrent connections)
Connection time [ms]: min 2.5 avg 151.8 max 1262.8 median 77.5 stddev 205.5
Connection time [ms]: connect 33.2
Connection length [replies/conn]: 1.000

Request rate: 287.2 req/s (3.5 ms/req)
Request size [B]: 66.0

Reply rate [replies/s]: min 303.8 avg 303.8 max 303.8 stddev 0.0 (1 samples)
Reply time [ms]: response 118.7 transfer 0.0
Reply size [B]: header 267.0 content 77.0 footer 0.0 (total 344.0)
Reply status: 1xx=0 2xx=1519 3xx=0 4xx=0 5xx=0

CPU time [s]: user 0.20 system 5.23 (user 3.5% system 94.3% total 97.8%)
Net I/O: 110.6 KB/s (0.9*10^6 bps)

Errors: total 481 client-timo 481 socket-timo 0 connrefused 0 connreset 0
Errors: fd-unavail 0 addrunavail 0 ftab-full 0 other 0

httperf --hog --timeout=1 --client=0/1 --server=172.17.60.201 --port=80 --uri=/ --rate=460 --send-buffer=4096 --recv-buffer=16384 --num-conns=2000 --num-calls=1
Maximum connect burst length: 5

Total: connections 2000 requests 1321 replies 1246 test-duration 5.376 s

Connection rate: 372.0 conn/s (2.7 ms/conn, <=397 concurrent connections)
Connection time [ms]: min 4.3 avg 164.1 max 1071.0 median 79.5 stddev 210.6
Connection time [ms]: connect 27.7
Connection length [replies/conn]: 1.000

Request rate: 245.7 req/s (4.1 ms/req)
Request size [B]: 66.0

Reply rate [replies/s]: min 249.2 avg 249.2 max 249.2 stddev 0.0 (1 samples)
Reply time [ms]: response 138.0 transfer 0.0
Reply size [B]: header 267.0 content 77.0 footer 0.0 (total 344.0)
Reply status: 1xx=0 2xx=1246 3xx=0 4xx=0 5xx=0

CPU time [s]: user 0.21 system 5.01 (user 3.9% system 93.2% total 97.1%)
Net I/O: 93.7 KB/s (0.8*10^6 bps)

Errors: total 754 client-timo 754 socket-timo 0 connrefused 0 connreset 0
Errors: fd-unavail 0 addrunavail 0 ftab-full 0 other 0

httperf --hog --timeout=1 --client=0/1 --server=172.17.60.201 --port=80 --uri=/ --rate=480 --send-buffer=4096 --recv-buffer=16384 --num-conns=2000 --num-calls=1
Maximum connect burst length: 8

Total: connections 2000 requests 1362 replies 1234 test-duration 5.178 s

Connection rate: 386.3 conn/s (2.6 ms/conn, <=399 concurrent connections)
Connection time [ms]: min 4.8 avg 180.8 max 1094.6 median 98.5 stddev 215.0
Connection time [ms]: connect 29.9
Connection length [replies/conn]: 1.000

Request rate: 263.0 req/s (3.8 ms/req)
Request size [B]: 66.0

Reply rate [replies/s]: min 246.8 avg 246.8 max 246.8 stddev 0.0 (1 samples)
Reply time [ms]: response 150.6 transfer 0.0
Reply size [B]: header 267.0 content 77.0 footer 0.0 (total 344.0)
Reply status: 1xx=0 2xx=1234 3xx=0 4xx=0 5xx=0

CPU time [s]: user 0.15 system 4.90 (user 2.9% system 94.6% total 97.6%)
Net I/O: 97.0 KB/s (0.8*10^6 bps)

Errors: total 766 client-timo 766 socket-timo 0 connrefused 0 connreset 0
Errors: fd-unavail 0 addrunavail 0 ftab-full 0 other 0

httperf --hog --timeout=1 --client=0/1 --server=172.17.60.201 --port=80 --uri=/ --rate=500 --send-buffer=4096 --recv-buffer=16384 --num-conns=2000 --num-calls=1
Maximum connect burst length: 5

Total: connections 2000 requests 1492 replies 1428 test-duration 5.227 s

Connection rate: 382.6 conn/s (2.6 ms/conn, <=320 concurrent connections)
Connection time [ms]: min 7.1 avg 160.1 max 1055.4 median 93.5 stddev 176.1
Connection time [ms]: connect 24.9
Connection length [replies/conn]: 1.000

Request rate: 285.5 req/s (3.5 ms/req)
Request size [B]: 66.0

Reply rate [replies/s]: min 285.6 avg 285.6 max 285.6 stddev 0.0 (1 samples)
Reply time [ms]: response 135.9 transfer 0.0
Reply size [B]: header 267.0 content 77.0 footer 0.0 (total 344.0)
Reply status: 1xx=0 2xx=1428 3xx=0 4xx=0 5xx=0

CPU time [s]: user 0.16 system 4.94 (user 3.0% system 94.5% total 97.5%)
Net I/O: 110.2 KB/s (0.9*10^6 bps)

Errors: total 572 client-timo 572 socket-timo 0 connrefused 0 connreset 0
Errors: fd-unavail 0 addrunavail 0 ftab-full 0 other 0

httperf --hog --timeout=1 --client=0/1 --server=172.17.60.201 --port=80 --uri=/ --rate=520 --send-buffer=4096 --recv-buffer=16384 --num-conns=2000 --num-calls=1
Maximum connect burst length: 7

Total: connections 2000 requests 1460 replies 1349 test-duration 4.853 s

Connection rate: 412.1 conn/s (2.4 ms/conn, <=313 concurrent connections)
Connection time [ms]: min 39.0 avg 195.9 max 1024.1 median 109.5 stddev 179.0
Connection time [ms]: connect 28.2
Connection length [replies/conn]: 1.000

Request rate: 300.8 req/s (3.3 ms/req)
Request size [B]: 66.0

Reply rate [replies/s]: min 0.0 avg 0.0 max 0.0 stddev 0.0 (0 samples)
Reply time [ms]: response 167.7 transfer 0.0
Reply size [B]: header 267.0 content 77.0 footer 0.0 (total 344.0)
Reply status: 1xx=0 2xx=1349 3xx=0 4xx=0 5xx=0

CPU time [s]: user 0.11 system 4.61 (user 2.2% system 95.0% total 97.2%)
Net I/O: 112.8 KB/s (0.9*10^6 bps)

Errors: total 651 client-timo 651 socket-timo 0 connrefused 0 connreset 0
Errors: fd-unavail 0 addrunavail 0 ftab-full 0 other 0

httperf --hog --timeout=1 --client=0/1 --server=172.17.60.201 --port=80 --uri=/ --rate=540 --send-buffer=4096 --recv-buffer=16384 --num-conns=2000 --num-calls=1
Maximum connect burst length: 10

Total: connections 2000 requests 1445 replies 1353 test-duration 4.708 s

Connection rate: 424.8 conn/s (2.4 ms/conn, <=379 concurrent connections)
Connection time [ms]: min 33.3 avg 195.0 max 1083.0 median 110.5 stddev 182.0
Connection time [ms]: connect 25.6
Connection length [replies/conn]: 1.000

Request rate: 306.9 req/s (3.3 ms/req)
Request size [B]: 66.0

Reply rate [replies/s]: min 0.0 avg 0.0 max 0.0 stddev 0.0 (0 samples)
Reply time [ms]: response 169.3 transfer 0.0
Reply size [B]: header 267.0 content 77.0 footer 0.0 (total 344.0)
Reply status: 1xx=0 2xx=1353 3xx=0 4xx=0 5xx=0

CPU time [s]: user 0.15 system 4.43 (user 3.2% system 94.1% total 97.3%)
Net I/O: 116.3 KB/s (1.0*10^6 bps)

Errors: total 647 client-timo 647 socket-timo 0 connrefused 0 connreset 0
Errors: fd-unavail 0 addrunavail 0 ftab-full 0 other 0

httperf --hog --timeout=1 --client=0/1 --server=172.17.60.201 --port=80 --uri=/ --rate=560 --send-buffer=4096 --recv-buffer=16384 --num-conns=2000 --num-calls=1
Maximum connect burst length: 5

Total: connections 2000 requests 1409 replies 1325 test-duration 4.600 s

Connection rate: 434.8 conn/s (2.3 ms/conn, <=337 concurrent connections)
Connection time [ms]: min 27.1 avg 200.7 max 1258.9 median 115.5 stddev 183.1
Connection time [ms]: connect 25.8
Connection length [replies/conn]: 1.000

Request rate: 306.3 req/s (3.3 ms/req)
Request size [B]: 66.0

Reply rate [replies/s]: min 0.0 avg 0.0 max 0.0 stddev 0.0 (0 samples)
Reply time [ms]: response 175.7 transfer 0.0
Reply size [B]: header 267.0 content 77.0 footer 0.0 (total 344.0)
Reply status: 1xx=0 2xx=1325 3xx=0 4xx=0 5xx=0

CPU time [s]: user 0.12 system 4.35 (user 2.6% system 94.5% total 97.1%)
Net I/O: 116.5 KB/s (1.0*10^6 bps)

Errors: total 675 client-timo 675 socket-timo 0 connrefused 0 connreset 0
Errors: fd-unavail 0 addrunavail 0 ftab-full 0 other 0

httperf --hog --timeout=1 --client=0/1 --server=172.17.60.201 --port=80 --uri=/ --rate=580 --send-buffer=4096 --recv-buffer=16384 --num-conns=2000 --num-calls=1
Maximum connect burst length: 7

Total: connections 2000 requests 1375 replies 1286 test-duration 4.475 s

Connection rate: 446.9 conn/s (2.2 ms/conn, <=351 concurrent connections)
Connection time [ms]: min 35.5 avg 189.3 max 1522.2 median 112.5 stddev 182.6
Connection time [ms]: connect 25.3
Connection length [replies/conn]: 1.000

Request rate: 307.3 req/s (3.3 ms/req)
Request size [B]: 66.0

Reply rate [replies/s]: min 0.0 avg 0.0 max 0.0 stddev 0.0 (0 samples)
Reply time [ms]: response 163.9 transfer 0.0
Reply size [B]: header 267.0 content 77.0 footer 0.0 (total 344.0)
Reply status: 1xx=0 2xx=1286 3xx=0 4xx=0 5xx=0

CPU time [s]: user 0.11 system 4.23 (user 2.5% system 94.6% total 97.1%)
Net I/O: 116.3 KB/s (1.0*10^6 bps)

Errors: total 714 client-timo 714 socket-timo 0 connrefused 0 connreset 0
Errors: fd-unavail 0 addrunavail 0 ftab-full 0 other 0

httperf --hog --timeout=1 --client=0/1 --server=172.17.60.201 --port=80 --uri=/ --rate=600 --send-buffer=4096 --recv-buffer=16384 --num-conns=2000 --num-calls=1
Maximum connect burst length: 5

Total: connections 2000 requests 1216 replies 1135 test-duration 4.334 s

Connection rate: 461.5 conn/s (2.2 ms/conn, <=415 concurrent connections)
Connection time [ms]: min 31.0 avg 230.3 max 1014.5 median 132.5 stddev 199.2
Connection time [ms]: connect 28.8
Connection length [replies/conn]: 1.000

Request rate: 280.6 req/s (3.6 ms/req)
Request size [B]: 66.0

Reply rate [replies/s]: min 0.0 avg 0.0 max 0.0 stddev 0.0 (0 samples)
Reply time [ms]: response 201.7 transfer 0.0
Reply size [B]: header 267.0 content 77.0 footer 0.0 (total 344.0)
Reply status: 1xx=0 2xx=1135 3xx=0 4xx=0 5xx=0

CPU time [s]: user 0.10 system 4.08 (user 2.4% system 94.1% total 96.5%)
Net I/O: 106.1 KB/s (0.9*10^6 bps)

Errors: total 865 client-timo 865 socket-timo 0 connrefused 0 connreset 0
Errors: fd-unavail 0 addrunavail 0 ftab-full 0 other 0

httperf --hog --timeout=1 --client=0/1 --server=172.17.60.201 --port=80 --uri=/ --rate=620 --send-buffer=4096 --recv-buffer=16384 --num-conns=2000 --num-calls=1
Maximum connect burst length: 8

Total: connections 2000 requests 1255 replies 1155 test-duration 4.223 s

Connection rate: 473.7 conn/s (2.1 ms/conn, <=400 concurrent connections)
Connection time [ms]: min 25.3 avg 222.9 max 1132.0 median 133.5 stddev 186.0
Connection time [ms]: connect 28.7
Connection length [replies/conn]: 1.000

Request rate: 297.2 req/s (3.4 ms/req)
Request size [B]: 66.0

Reply rate [replies/s]: min 0.0 avg 0.0 max 0.0 stddev 0.0 (0 samples)
Reply time [ms]: response 194.3 transfer 0.0
Reply size [B]: header 267.0 content 77.0 footer 0.0 (total 344.0)
Reply status: 1xx=0 2xx=1155 3xx=0 4xx=0 5xx=0

CPU time [s]: user 0.11 system 3.97 (user 2.6% system 94.1% total 96.6%)
Net I/O: 111.0 KB/s (0.9*10^6 bps)

Errors: total 845 client-timo 845 socket-timo 0 connrefused 0 connreset 0
Errors: fd-unavail 0 addrunavail 0 ftab-full 0 other 0

httperf --hog --timeout=1 --client=0/1 --server=172.17.60.201 --port=80 --uri=/ --rate=640 --send-buffer=4096 --recv-buffer=16384 --num-conns=2000 --num-calls=1
Maximum connect burst length: 9

Total: connections 2000 requests 1274 replies 1160 test-duration 4.141 s

Connection rate: 483.0 conn/s (2.1 ms/conn, <=404 concurrent connections)
Connection time [ms]: min 38.0 avg 211.9 max 1013.6 median 124.5 stddev 190.5
Connection time [ms]: connect 27.1
Connection length [replies/conn]: 1.000

Request rate: 307.7 req/s (3.3 ms/req)
Request size [B]: 66.0

Reply rate [replies/s]: min 0.0 avg 0.0 max 0.0 stddev 0.0 (0 samples)
Reply time [ms]: response 185.1 transfer 0.0
Reply size [B]: header 267.0 content 77.0 footer 0.0 (total 344.0)
Reply status: 1xx=0 2xx=1160 3xx=0 4xx=0 5xx=0

CPU time [s]: user 0.08 system 3.91 (user 1.9% system 94.5% total 96.4%)
Net I/O: 113.9 KB/s (0.9*10^6 bps)

Errors: total 840 client-timo 840 socket-timo 0 connrefused 0 connreset 0
Errors: fd-unavail 0 addrunavail 0 ftab-full 0 other 0

httperf --hog --timeout=1 --client=0/1 --server=172.17.60.201 --port=80 --uri=/ --rate=660 --send-buffer=4096 --recv-buffer=16384 --num-conns=2000 --num-calls=1
Maximum connect burst length: 12

Total: connections 2000 requests 1018 replies 872 test-duration 4.029 s

Connection rate: 496.4 conn/s (2.0 ms/conn, <=509 concurrent connections)
Connection time [ms]: min 61.4 avg 328.1 max 1016.5 median 198.5 stddev 236.8
Connection time [ms]: connect 29.5
Connection length [replies/conn]: 1.000

Request rate: 252.7 req/s (4.0 ms/req)
Request size [B]: 66.0

Reply rate [replies/s]: min 0.0 avg 0.0 max 0.0 stddev 0.0 (0 samples)
Reply time [ms]: response 298.7 transfer 0.0
Reply size [B]: header 266.0 content 76.0 footer 0.0 (total 342.0)
Reply status: 1xx=0 2xx=872 3xx=0 4xx=0 5xx=0

CPU time [s]: user 0.08 system 3.79 (user 2.1% system 94.1% total 96.2%)
Net I/O: 88.9 KB/s (0.7*10^6 bps)

Errors: total 1128 client-timo 1128 socket-timo 0 connrefused 0 connreset 0
Errors: fd-unavail 0 addrunavail 0 ftab-full 0 other 0

httperf --hog --timeout=1 --client=0/1 --server=172.17.60.201 --port=80 --uri=/ --rate=680 --send-buffer=4096 --recv-buffer=16384 --num-conns=2000 --num-calls=1
Maximum connect burst length: 7

Total: connections 2000 requests 1062 replies 938 test-duration 3.940 s

Connection rate: 507.6 conn/s (2.0 ms/conn, <=490 concurrent connections)
Connection time [ms]: min 50.9 avg 271.2 max 1017.2 median 164.5 stddev 211.7
Connection time [ms]: connect 27.8
Connection length [replies/conn]: 1.000

Request rate: 269.5 req/s (3.7 ms/req)
Request size [B]: 66.0

Reply rate [replies/s]: min 0.0 avg 0.0 max 0.0 stddev 0.0 (0 samples)
Reply time [ms]: response 243.8 transfer 0.0
Reply size [B]: header 267.0 content 77.0 footer 0.0 (total 344.0)
Reply status: 1xx=0 2xx=938 3xx=0 4xx=0 5xx=0

CPU time [s]: user 0.09 system 3.72 (user 2.2% system 94.3% total 96.5%)
Net I/O: 97.3 KB/s (0.8*10^6 bps)

Errors: total 1062 client-timo 1062 socket-timo 0 connrefused 0 connreset 0
Errors: fd-unavail 0 addrunavail 0 ftab-full 0 other 0

httperf --hog --timeout=1 --client=0/1 --server=172.17.60.201 --port=80 --uri=/ --rate=700 --send-buffer=4096 --recv-buffer=16384 --num-conns=2000 --num-calls=1
Maximum connect burst length: 9

Total: connections 2000 requests 859 replies 695 test-duration 3.852 s

Connection rate: 519.2 conn/s (1.9 ms/conn, <=581 concurrent connections)
Connection time [ms]: min 99.5 avg 334.0 max 1260.8 median 219.5 stddev 220.8
Connection time [ms]: connect 33.5
Connection length [replies/conn]: 1.000

Request rate: 223.0 req/s (4.5 ms/req)
Request size [B]: 66.0

Reply rate [replies/s]: min 0.0 avg 0.0 max 0.0 stddev 0.0 (0 samples)
Reply time [ms]: response 300.2 transfer 0.0
Reply size [B]: header 267.0 content 77.0 footer 0.0 (total 344.0)
Reply status: 1xx=0 2xx=695 3xx=0 4xx=0 5xx=0

CPU time [s]: user 0.08 system 3.64 (user 2.1% system 94.5% total 96.6%)
Net I/O: 75.0 KB/s (0.6*10^6 bps)

Errors: total 1305 client-timo 1305 socket-timo 0 connrefused 0 connreset 0
Errors: fd-unavail 0 addrunavail 0 ftab-full 0 other 0

httperf --hog --timeout=1 --client=0/1 --server=172.17.60.201 --port=80 --uri=/ --rate=720 --send-buffer=4096 --recv-buffer=16384 --num-conns=2000 --num-calls=1
Maximum connect burst length: 8

Total: connections 2000 requests 812 replies 624 test-duration 3.776 s

Connection rate: 529.6 conn/s (1.9 ms/conn, <=624 concurrent connections)
Connection time [ms]: min 85.6 avg 355.1 max 992.9 median 245.5 stddev 234.4
Connection time [ms]: connect 30.5
Connection length [replies/conn]: 1.000

Request rate: 215.0 req/s (4.7 ms/req)
Request size [B]: 66.0

Reply rate [replies/s]: min 0.0 avg 0.0 max 0.0 stddev 0.0 (0 samples)
Reply time [ms]: response 325.0 transfer 0.0
Reply size [B]: header 267.0 content 77.0 footer 0.0 (total 344.0)
Reply status: 1xx=0 2xx=624 3xx=0 4xx=0 5xx=0

CPU time [s]: user 0.05 system 3.58 (user 1.3% system 94.9% total 96.2%)
Net I/O: 69.4 KB/s (0.6*10^6 bps)

Errors: total 1376 client-timo 1376 socket-timo 0 connrefused 0 connreset 0
Errors: fd-unavail 0 addrunavail 0 ftab-full 0 other 0

httperf --hog --timeout=1 --client=0/1 --server=172.17.60.201 --port=80 --uri=/ --rate=740 --send-buffer=4096 --recv-buffer=16384 --num-conns=2000 --num-calls=1
Maximum connect burst length: 9

Total: connections 2000 requests 880 replies 724 test-duration 4.340 s

Connection rate: 460.8 conn/s (2.2 ms/conn, <=616 concurrent connections)
Connection time [ms]: min 64.3 avg 325.7 max 1070.1 median 212.5 stddev 232.5
Connection time [ms]: connect 31.4
Connection length [replies/conn]: 1.000

Request rate: 202.8 req/s (4.9 ms/req)
Request size [B]: 66.0

Reply rate [replies/s]: min 0.0 avg 0.0 max 0.0 stddev 0.0 (0 samples)
Reply time [ms]: response 295.3 transfer 0.0
Reply size [B]: header 267.0 content 77.0 footer 0.0 (total 344.0)
Reply status: 1xx=0 2xx=724 3xx=0 4xx=0 5xx=0

CPU time [s]: user 0.19 system 4.01 (user 4.3% system 92.4% total 96.8%)
Net I/O: 69.1 KB/s (0.6*10^6 bps)

Errors: total 1276 client-timo 1276 socket-timo 0 connrefused 0 connreset 0
Errors: fd-unavail 0 addrunavail 0 ftab-full 0 other 0

httperf --hog --timeout=1 --client=0/1 --server=172.17.60.201 --port=80 --uri=/ --rate=760 --send-buffer=4096 --recv-buffer=16384 --num-conns=2000 --num-calls=1
Maximum connect burst length: 12

Total: connections 2000 requests 928 replies 741 test-duration 3.645 s

Connection rate: 548.7 conn/s (1.8 ms/conn, <=584 concurrent connections)
Connection time [ms]: min 51.6 avg 293.7 max 998.3 median 191.5 stddev 213.8
Connection time [ms]: connect 29.0
Connection length [replies/conn]: 1.000

Request rate: 254.6 req/s (3.9 ms/req)
Request size [B]: 66.0

Reply rate [replies/s]: min 0.0 avg 0.0 max 0.0 stddev 0.0 (0 samples)
Reply time [ms]: response 265.5 transfer 0.0
Reply size [B]: header 267.0 content 77.0 footer 0.0 (total 344.0)
Reply status: 1xx=0 2xx=741 3xx=0 4xx=0 5xx=0

CPU time [s]: user 0.11 system 3.40 (user 3.1% system 93.2% total 96.2%)
Net I/O: 84.7 KB/s (0.7*10^6 bps)

Errors: total 1259 client-timo 1259 socket-timo 0 connrefused 0 connreset 0
Errors: fd-unavail 0 addrunavail 0 ftab-full 0 other 0

httperf --hog --timeout=1 --client=0/1 --server=172.17.60.201 --port=80 --uri=/ --rate=780 --send-buffer=4096 --recv-buffer=16384 --num-conns=2000 --num-calls=1
Maximum connect burst length: 19

Total: connections 2000 requests 876 replies 685 test-duration 3.596 s

Connection rate: 556.2 conn/s (1.8 ms/conn, <=686 concurrent connections)
Connection time [ms]: min 64.3 avg 340.6 max 1006.6 median 232.5 stddev 241.1
Connection time [ms]: connect 29.3
Connection length [replies/conn]: 1.000

Request rate: 243.6 req/s (4.1 ms/req)
Request size [B]: 66.0

Reply rate [replies/s]: min 0.0 avg 0.0 max 0.0 stddev 0.0 (0 samples)
Reply time [ms]: response 312.0 transfer 0.0
Reply size [B]: header 267.0 content 77.0 footer 0.0 (total 344.0)
Reply status: 1xx=0 2xx=685 3xx=0 4xx=0 5xx=0

CPU time [s]: user 0.09 system 3.36 (user 2.4% system 93.4% total 95.9%)
Net I/O: 79.7 KB/s (0.7*10^6 bps)

Errors: total 1315 client-timo 1315 socket-timo 0 connrefused 0 connreset 0
Errors: fd-unavail 0 addrunavail 0 ftab-full 0 other 0

httperf --hog --timeout=1 --client=0/1 --server=172.17.60.201 --port=80 --uri=/ --rate=800 --send-buffer=4096 --recv-buffer=16384 --num-conns=2000 --num-calls=1
Maximum connect burst length: 6

Total: connections 2000 requests 824 replies 631 test-duration 3.528 s

Connection rate: 566.9 conn/s (1.8 ms/conn, <=645 concurrent connections)
Connection time [ms]: min 79.2 avg 355.9 max 1008.6 median 235.5 stddev 234.3
Connection time [ms]: connect 30.0
Connection length [replies/conn]: 1.000

Request rate: 233.5 req/s (4.3 ms/req)
Request size [B]: 66.0

Reply rate [replies/s]: min 0.0 avg 0.0 max 0.0 stddev 0.0 (0 samples)
Reply time [ms]: response 326.2 transfer 0.0
Reply size [B]: header 267.0 content 77.0 footer 0.0 (total 344.0)
Reply status: 1xx=0 2xx=631 3xx=0 4xx=0 5xx=0

CPU time [s]: user 0.09 system 3.28 (user 2.6% system 93.0% total 95.6%)
Net I/O: 75.1 KB/s (0.6*10^6 bps)

Errors: total 1369 client-timo 1369 socket-timo 0 connrefused 0 connreset 0
Errors: fd-unavail 0 addrunavail 0 ftab-full 0 other 0

httperf --hog --timeout=1 --client=0/1 --server=172.17.60.201 --port=80 --uri=/ --rate=820 --send-buffer=4096 --recv-buffer=16384 --num-conns=2000 --num-calls=1
Maximum connect burst length: 13

Total: connections 2000 requests 751 replies 553 test-duration 3.477 s

Connection rate: 575.2 conn/s (1.7 ms/conn, <=737 concurrent connections)
Connection time [ms]: min 78.9 avg 373.6 max 1024.0 median 247.5 stddev 257.8
Connection time [ms]: connect 30.1
Connection length [replies/conn]: 1.000

Request rate: 216.0 req/s (4.6 ms/req)
Request size [B]: 66.0

Reply rate [replies/s]: min 0.0 avg 0.0 max 0.0 stddev 0.0 (0 samples)
Reply time [ms]: response 344.2 transfer 0.0
Reply size [B]: header 267.0 content 77.0 footer 0.0 (total 344.0)
Reply status: 1xx=0 2xx=553 3xx=0 4xx=0 5xx=0

CPU time [s]: user 0.08 system 3.25 (user 2.4% system 93.4% total 95.8%)
Net I/O: 67.3 KB/s (0.6*10^6 bps)

Errors: total 1447 client-timo 1447 socket-timo 0 connrefused 0 connreset 0
Errors: fd-unavail 0 addrunavail 0 ftab-full 0 other 0

httperf --hog --timeout=1 --client=0/1 --server=172.17.60.201 --port=80 --uri=/ --rate=840 --send-buffer=4096 --recv-buffer=16384 --num-conns=2000 --num-calls=1
Maximum connect burst length: 6

Total: connections 2000 requests 859 replies 666 test-duration 3.416 s

Connection rate: 585.5 conn/s (1.7 ms/conn, <=693 concurrent connections)
Connection time [ms]: min 72.7 avg 306.3 max 995.1 median 195.5 stddev 228.7
Connection time [ms]: connect 25.8
Connection length [replies/conn]: 1.000

Request rate: 251.5 req/s (4.0 ms/req)
Request size [B]: 66.0

Reply rate [replies/s]: min 0.0 avg 0.0 max 0.0 stddev 0.0 (0 samples)
Reply time [ms]: response 281.6 transfer 0.0
Reply size [B]: header 267.0 content 77.0 footer 0.0 (total 344.0)
Reply status: 1xx=0 2xx=666 3xx=0 4xx=0 5xx=0

CPU time [s]: user 0.10 system 3.18 (user 2.9% system 93.0% total 95.9%)
Net I/O: 81.7 KB/s (0.7*10^6 bps)

Errors: total 1334 client-timo 1334 socket-timo 0 connrefused 0 connreset 0
Errors: fd-unavail 0 addrunavail 0 ftab-full 0 other 0

httperf --hog --timeout=1 --client=0/1 --server=172.17.60.201 --port=80 --uri=/ --rate=860 --send-buffer=4096 --recv-buffer=16384 --num-conns=2000 --num-calls=1
Maximum connect burst length: 15

Total: connections 2000 requests 760 replies 572 test-duration 3.349 s

Connection rate: 597.2 conn/s (1.7 ms/conn, <=734 concurrent connections)
Connection time [ms]: min 82.4 avg 359.4 max 1098.6 median 273.5 stddev 229.5
Connection time [ms]: connect 33.1
Connection length [replies/conn]: 1.000

Request rate: 226.9 req/s (4.4 ms/req)
Request size [B]: 66.0

Reply rate [replies/s]: min 0.0 avg 0.0 max 0.0 stddev 0.0 (0 samples)
Reply time [ms]: response 327.7 transfer 0.0
Reply size [B]: header 267.0 content 77.0 footer 0.0 (total 344.0)
Reply status: 1xx=0 2xx=572 3xx=0 4xx=0 5xx=0

CPU time [s]: user 0.08 system 3.12 (user 2.5% system 93.0% total 95.6%)
Net I/O: 72.0 KB/s (0.6*10^6 bps)

Errors: total 1428 client-timo 1428 socket-timo 0 connrefused 0 connreset 0
Errors: fd-unavail 0 addrunavail 0 ftab-full 0 other 0

httperf --hog --timeout=1 --client=0/1 --server=172.17.60.201 --port=80 --uri=/ --rate=880 --send-buffer=4096 --recv-buffer=16384 --num-conns=2000 --num-calls=1
Maximum connect burst length: 5

Total: connections 2000 requests 878 replies 655 test-duration 3.286 s

Connection rate: 608.6 conn/s (1.6 ms/conn, <=718 concurrent connections)
Connection time [ms]: min 61.9 avg 289.3 max 1010.0 median 198.5 stddev 207.5
Connection time [ms]: connect 26.0
Connection length [replies/conn]: 1.000

Request rate: 267.2 req/s (3.7 ms/req)
Request size [B]: 66.0

Reply rate [replies/s]: min 0.0 avg 0.0 max 0.0 stddev 0.0 (0 samples)
Reply time [ms]: response 264.0 transfer 0.0
Reply size [B]: header 266.0 content 76.0 footer 0.0 (total 342.0)
Reply status: 1xx=0 2xx=655 3xx=0 4xx=0 5xx=0

CPU time [s]: user 0.06 system 3.11 (user 1.8% system 94.6% total 96.4%)
Net I/O: 84.1 KB/s (0.7*10^6 bps)

Errors: total 1345 client-timo 1345 socket-timo 0 connrefused 0 connreset 0
Errors: fd-unavail 0 addrunavail 0 ftab-full 0 other 0

httperf --hog --timeout=1 --client=0/1 --server=172.17.60.201 --port=80 --uri=/ --rate=900 --send-buffer=4096 --recv-buffer=16384 --num-conns=2000 --num-calls=1
Maximum connect burst length: 9

Total: connections 2000 requests 406 replies 221 test-duration 3.221 s

Connection rate: 620.9 conn/s (1.6 ms/conn, <=920 concurrent connections)
Connection time [ms]: min 84.8 avg 276.4 max 948.0 median 233.5 stddev 152.7
Connection time [ms]: connect 28.3
Connection length [replies/conn]: 1.000

Request rate: 126.0 req/s (7.9 ms/req)
Request size [B]: 66.0

Reply rate [replies/s]: min 0.0 avg 0.0 max 0.0 stddev 0.0 (0 samples)
Reply time [ms]: response 247.4 transfer 0.0
Reply size [B]: header 266.0 content 76.0 footer 0.0 (total 342.0)
Reply status: 1xx=0 2xx=221 3xx=0 4xx=0 5xx=0

CPU time [s]: user 0.07 system 3.08 (user 2.2% system 95.5% total 97.7%)
Net I/O: 31.1 KB/s (0.3*10^6 bps)

Errors: total 1779 client-timo 1779 socket-timo 0 connrefused 0 connreset 0
Errors: fd-unavail 0 addrunavail 0 ftab-full 0 other 0

httperf --hog --timeout=1 --client=0/1 --server=172.17.60.201 --port=80 --uri=/ --rate=920 --send-buffer=4096 --recv-buffer=16384 --num-conns=2000 --num-calls=1
Maximum connect burst length: 14

Total: connections 2000 requests 649 replies 364 test-duration 3.207 s

Connection rate: 623.7 conn/s (1.6 ms/conn, <=866 concurrent connections)
Connection time [ms]: min 105.5 avg 427.2 max 1026.3 median 346.5 stddev 243.4
Connection time [ms]: connect 31.4
Connection length [replies/conn]: 1.000

Request rate: 202.4 req/s (4.9 ms/req)
Request size [B]: 66.0

Reply rate [replies/s]: min 0.0 avg 0.0 max 0.0 stddev 0.0 (0 samples)
Reply time [ms]: response 397.0 transfer 0.0
Reply size [B]: header 264.0 content 76.0 footer 0.0 (total 340.0)
Reply status: 1xx=0 2xx=364 3xx=0 4xx=0 5xx=0

CPU time [s]: user 0.06 system 3.02 (user 1.7% system 94.3% total 96.0%)
Net I/O: 50.9 KB/s (0.4*10^6 bps)

Errors: total 1636 client-timo 1636 socket-timo 0 connrefused 0 connreset 0
Errors: fd-unavail 0 addrunavail 0 ftab-full 0 other 0

httperf --hog --timeout=1 --client=0/1 --server=172.17.60.201 --port=80 --uri=/ --rate=940 --send-buffer=4096 --recv-buffer=16384 --num-conns=2000 --num-calls=1
Maximum connect burst length: 7

Total: connections 2000 requests 713 replies 456 test-duration 3.162 s

Connection rate: 632.5 conn/s (1.6 ms/conn, <=860 concurrent connections)
Connection time [ms]: min 99.9 avg 370.1 max 1024.3 median 266.5 stddev 249.0
Connection time [ms]: connect 27.2
Connection length [replies/conn]: 1.000

Request rate: 225.5 req/s (4.4 ms/req)
Request size [B]: 66.0

Reply rate [replies/s]: min 0.0 avg 0.0 max 0.0 stddev 0.0 (0 samples)
Reply time [ms]: response 343.6 transfer 0.0
Reply size [B]: header 267.0 content 77.0 footer 0.0 (total 344.0)
Reply status: 1xx=0 2xx=456 3xx=0 4xx=0 5xx=0

CPU time [s]: user 0.05 system 2.99 (user 1.6% system 94.5% total 96.1%)
Net I/O: 63.0 KB/s (0.5*10^6 bps)

Errors: total 1544 client-timo 1544 socket-timo 0 connrefused 0 connreset 0
Errors: fd-unavail 0 addrunavail 0 ftab-full 0 other 0

httperf --hog --timeout=1 --client=0/1 --server=172.17.60.201 --port=80 --uri=/ --rate=960 --send-buffer=4096 --recv-buffer=16384 --num-conns=2000 --num-calls=1
Maximum connect burst length: 14

Total: connections 2000 requests 824 replies 605 test-duration 3.083 s

Connection rate: 648.7 conn/s (1.5 ms/conn, <=792 concurrent connections)
Connection time [ms]: min 64.0 avg 364.5 max 1005.3 median 244.5 stddev 241.3
Connection time [ms]: connect 30.6
Connection length [replies/conn]: 1.000

Request rate: 267.3 req/s (3.7 ms/req)
Request size [B]: 66.0

Reply rate [replies/s]: min 0.0 avg 0.0 max 0.0 stddev 0.0 (0 samples)
Reply time [ms]: response 334.1 transfer 0.0
Reply size [B]: header 267.0 content 77.0 footer 0.0 (total 344.0)
Reply status: 1xx=0 2xx=605 3xx=0 4xx=0 5xx=0

CPU time [s]: user 0.06 system 2.92 (user 1.8% system 94.7% total 96.5%)
Net I/O: 83.1 KB/s (0.7*10^6 bps)

Errors: total 1395 client-timo 1395 socket-timo 0 connrefused 0 connreset 0
Errors: fd-unavail 0 addrunavail 0 ftab-full 0 other 0

httperf --hog --timeout=1 --client=0/1 --server=172.17.60.201 --port=80 --uri=/ --rate=980 --send-buffer=4096 --recv-buffer=16384 --num-conns=2000 --num-calls=1
Maximum connect burst length: 11

Total: connections 2000 requests 1479 replies 1376 test-duration 3.055 s

Connection rate: 654.7 conn/s (1.5 ms/conn, <=618 concurrent connections)
Connection time [ms]: min 21.5 avg 173.6 max 1033.9 median 103.5 stddev 189.6
Connection time [ms]: connect 27.3
Connection length [replies/conn]: 1.000

Request rate: 484.1 req/s (2.1 ms/req)
Request size [B]: 66.0

Reply rate [replies/s]: min 0.0 avg 0.0 max 0.0 stddev 0.0 (0 samples)
Reply time [ms]: response 146.5 transfer 0.0
Reply size [B]: header 267.0 content 77.0 footer 0.0 (total 344.0)
Reply status: 1xx=0 2xx=1376 3xx=0 4xx=0 5xx=0

CPU time [s]: user 0.08 system 2.88 (user 2.7% system 94.4% total 97.2%)
Net I/O: 182.5 KB/s (1.5*10^6 bps)

Errors: total 624 client-timo 624 socket-timo 0 connrefused 0 connreset 0
Errors: fd-unavail 0 addrunavail 0 ftab-full 0 other 0

httperf --hog --timeout=1 --client=0/1 --server=172.17.60.201 --port=80 --uri=/ --rate=1000 --send-buffer=4096 --recv-buffer=16384 --num-conns=2000 --num-calls=1
Maximum connect burst length: 5

Total: connections 2000 requests 1989 replies 1986 test-duration 2.864 s

Connection rate: 698.4 conn/s (1.4 ms/conn, <=85 concurrent connections)
Connection time [ms]: min 0.5 avg 53.7 max 1744.3 median 1.5 stddev 186.1
Connection time [ms]: connect 22.7
Connection length [replies/conn]: 1.000

Request rate: 694.6 req/s (1.4 ms/req)
Request size [B]: 66.0

Reply rate [replies/s]: min 0.0 avg 0.0 max 0.0 stddev 0.0 (0 samples)
Reply time [ms]: response 30.8 transfer 0.2
Reply size [B]: header 263.0 content 76.0 footer 0.0 (total 339.0)
Reply status: 1xx=0 2xx=1986 3xx=0 4xx=0 5xx=0

CPU time [s]: user 0.21 system 2.62 (user 7.4% system 91.4% total 98.8%)
Net I/O: 275.1 KB/s (2.3*10^6 bps)

Errors: total 14 client-timo 14 socket-timo 0 connrefused 0 connreset 0
Errors: fd-unavail 0 addrunavail 0 ftab-full 0 other 0

