httperf --verbose --hog --timeout=50 --client=0/1 --server=172.16.116.116 --port=8080 --uri=/ --rate=16 --send-buffer=4096 --recv-buffer=16384 --num-conns=4800 --num-calls=1
httperf: maximum number of open descriptors = 65535
Maximum connect burst length: 1

Connection lifetime histogram (time in ms):
             :
            10.5 59
            11.5 230
            12.5 163
            13.5 216
            14.5 230
            15.5 250
            16.5 302
            17.5 258
            18.5 257
            19.5 287
            20.5 244
            21.5 233
            22.5 229
            23.5 182
            24.5 172
            25.5 127
            26.5 167
            27.5 134
            28.5 100
            29.5 71
            30.5 83
            31.5 66
            32.5 49
            33.5 57
            34.5 50
            35.5 54
            36.5 47
            37.5 29
            38.5 29
            39.5 27
            40.5 29
            41.5 25
            42.5 19
            43.5 20
            44.5 25
            45.5 16
            46.5 18
            47.5 15
            48.5 12
            49.5 9
            50.5 7
            51.5 7
            52.5 6
            53.5 7
            54.5 13
            55.5 5
            56.5 3
             :
            61.5 1
            62.5 2
             :
            64.5 1
            65.5 1
             :
            68.5 1
             :
            70.5 1
             :
            75.5 1
             :
            78.5 1
             :
            82.5 1
             :
            84.5 1
             :
            87.5 1
            88.5 1
            89.5 1
             :
            92.5 1
             :
            94.5 1
            95.5 1
             :
            97.5 1
             :
           104.5 1
             :
           106.5 1
             :
           116.5 1
             :
           123.5 1
             :
           126.5 1
             :
           136.5 2
             :
           138.5 2
             :
           141.5 1
             :
           143.5 1
           144.5 2
             :
           151.5 1
           152.5 1
           153.5 1
             :
           157.5 3
             :
           159.5 1
           160.5 1
             :
           162.5 1
             :
           167.5 2
           168.5 1
             :
           170.5 1
           171.5 1
             :
           173.5 3
           174.5 4
           175.5 1
           176.5 1
             :
           181.5 1
             :
           184.5 1
           185.5 1
             :
           187.5 1
             :
           190.5 1
           191.5 1
           192.5 1
             :
           194.5 2
           195.5 1
             :
           197.5 2
             :
           199.5 1
           200.5 2
             :
           202.5 1
             :
           206.5 1
           207.5 1
             :
           210.5 1
           211.5 2
             :
           213.5 1
             :
           215.5 1
           216.5 1
           217.5 1
           218.5 1
           219.5 1
             :
           221.5 1
             :
           225.5 1
             :
           227.5 3
           228.5 1
             :
           230.5 2
           231.5 2
           232.5 1
             :
           234.5 1
             :
           236.5 3
           237.5 1
           238.5 2
           239.5 2
             :
           244.5 1
           245.5 1
             :
           248.5 1
             :
           250.5 1
             :
           252.5 1
             :
           256.5 2
           257.5 2
             :
           259.5 1
           260.5 2
           261.5 1
           262.5 1
             :
           264.5 2
             :
           267.5 1
           268.5 1
             :
           270.5 1
           271.5 1
           272.5 1
             :
           275.5 1
             :
           278.5 1
           279.5 1
           280.5 1
             :
           282.5 1
           283.5 1
             :
           285.5 1
           286.5 1
           287.5 2
           288.5 1
             :
           293.5 1
             :
           295.5 2
           296.5 1
           297.5 1
           298.5 1
             :
           301.5 1
             :
           305.5 1
             :
           307.5 2
             :
           312.5 1
             :
           315.5 1
             :
           317.5 1
             :
           322.5 1
             :
           324.5 2
           325.5 2
           326.5 1
           327.5 1
             :
           336.5 1
             :
           351.5 1
             :
           360.5 1
             :
           364.5 1
             :
           366.5 1
             :
           370.5 1
             :
           384.5 1
             :
           389.5 1
           390.5 1

Total: connections 4800 requests 4800 replies 4800 test-duration 300.076 s

Connection rate: 16.0 conn/s (62.5 ms/conn, <=3 concurrent connections)
Connection time [ms]: min 10.3 avg 28.7 max 390.2 median 20.5 stddev 38.9
Connection time [ms]: connect 0.9
Connection length [replies/conn]: 1.000

Request rate: 16.0 req/s (62.5 ms/req)
Request size [B]: 67.0

Reply rate [replies/s]: min 15.0 avg 16.0 max 17.0 stddev 0.4 (300 samples)
Percentages of the replies served at a given rate:
   50%: 15
   66%: 15
   75%: 15
   80%: 15
   90%: 15
   95%: 16
   98%: 16
   99%: 16
  100%: 17

Reply time [ms]: response 26.7 transfer 1.0
Percentages of the requests served within a certain time (ms) :
   50%: 18
   66%: 22
   75%: 25
   80%: 27
   90%: 35
   95%: 45
   98%: 187
   99%: 244
  100%: 388

Reply size [B]: header 162.0 content 72.0 footer 1.0 (total 235.0)
Reply status: 1xx=0 2xx=4800 3xx=0 4xx=0 5xx=0

CPU time [s]: user 250.58 system 48.96 (user 83.5% system 16.3% total 99.8%)
Net I/O: 4.7 KB/s (0.0*10^6 bps)

Errors: total 0 client-timo 0 socket-timo 0 connrefused 0 connreset 0
Errors: fd-unavail 0 addrunavail 0 ftab-full 0 other 0

