httperf --verbose --hog --timeout=50 --client=0/1 --server=172.16.116.116 --port=8080 --uri=/ --rate=24 --send-buffer=4096 --recv-buffer=16384 --num-conns=14400 --num-calls=1
httperf: maximum number of open descriptors = 65535
Maximum connect burst length: 1

Connection lifetime histogram (time in ms):
             :
            10.5 157
            11.5 545
            12.5 449
            13.5 375
            14.5 419
            15.5 518
            16.5 611
            17.5 446
            18.5 339
            19.5 269
            20.5 282
            21.5 238
            22.5 245
            23.5 205
            24.5 169
            25.5 191
            26.5 163
            27.5 155
            28.5 157
            29.5 136
            30.5 134
            31.5 126
            32.5 112
            33.5 107
            34.5 108
            35.5 100
            36.5 110
            37.5 99
            38.5 97
            39.5 68
            40.5 76
            41.5 75
            42.5 83
            43.5 82
            44.5 69
            45.5 76
            46.5 67
            47.5 69
            48.5 66
            49.5 50
            50.5 67
            51.5 55
            52.5 55
            53.5 47
            54.5 40
            55.5 42
            56.5 58
            57.5 43
            58.5 57
            59.5 35
            60.5 50
            61.5 40
            62.5 39
            63.5 39
            64.5 32
            65.5 30
            66.5 35
            67.5 31
            68.5 36
            69.5 38
            70.5 28
            71.5 26
            72.5 32
            73.5 20
            74.5 24
            75.5 28
            76.5 31
            77.5 37
            78.5 34
            79.5 36
            80.5 25
            81.5 25
            82.5 35
            83.5 20
            84.5 37
            85.5 33
            86.5 20
            87.5 29
            88.5 25
            89.5 23
            90.5 19
            91.5 31
            92.5 28
            93.5 27
            94.5 29
            95.5 22
            96.5 26
            97.5 14
            98.5 30
            99.5 23
           100.5 18
           101.5 27
           102.5 30
           103.5 22
           104.5 20
           105.5 22
           106.5 26
           107.5 22
           108.5 16
           109.5 12
           110.5 22
           111.5 27
           112.5 24
           113.5 18
           114.5 12
           115.5 15
           116.5 13
           117.5 19
           118.5 21
           119.5 21
           120.5 21
           121.5 27
           122.5 25
           123.5 13
           124.5 26
           125.5 21
           126.5 23
           127.5 16
           128.5 17
           129.5 19
           130.5 26
           131.5 23
           132.5 15
           133.5 27
           134.5 23
           135.5 17
           136.5 29
           137.5 22
           138.5 23
           139.5 22
           140.5 10
           141.5 20
           142.5 22
           143.5 15
           144.5 10
           145.5 9
           146.5 14
           147.5 11
           148.5 24
           149.5 14
           150.5 18
           151.5 11
           152.5 11
           153.5 17
           154.5 13
           155.5 8
           156.5 15
           157.5 13
           158.5 11
           159.5 16
           160.5 5
           161.5 14
           162.5 11
           163.5 13
           164.5 11
           165.5 14
           166.5 11
           167.5 10
           168.5 13
           169.5 6
           170.5 10
           171.5 16
           172.5 9
           173.5 16
           174.5 16
           175.5 10
           176.5 11
           177.5 15
           178.5 9
           179.5 11
           180.5 6
           181.5 12
           182.5 12
           183.5 6
           184.5 7
           185.5 7
           186.5 12
           187.5 4
           188.5 2
           189.5 9
           190.5 5
           191.5 9
           192.5 4
           193.5 7
           194.5 12
           195.5 8
           196.5 9
           197.5 6
           198.5 6
           199.5 14
           200.5 6
           201.5 7
           202.5 6
           203.5 4
           204.5 4
           205.5 7
           206.5 5
           207.5 4
           208.5 6
           209.5 4
           210.5 4
           211.5 2
           212.5 2
           213.5 8
           214.5 5
           215.5 5
           216.5 8
           217.5 8
           218.5 7
           219.5 3
           220.5 6
           221.5 5
           222.5 1
           223.5 2
           224.5 4
           225.5 7
           226.5 5
           227.5 5
           228.5 3
           229.5 2
             :
           231.5 1
           232.5 4
           233.5 2
           234.5 8
           235.5 5
           236.5 2
           237.5 2
           238.5 2
           239.5 2
           240.5 2
           241.5 4
           242.5 4
           243.5 3
           244.5 3
           245.5 1
           246.5 3
             :
           248.5 8
           249.5 2
           250.5 2
           251.5 2
             :
           253.5 3
           254.5 2
             :
           256.5 3
           257.5 3
           258.5 3
           259.5 4
           260.5 7
           261.5 4
           262.5 6
           263.5 3
           264.5 1
             :
           266.5 2
           267.5 1
           268.5 3
             :
           270.5 2
           271.5 3
           272.5 3
           273.5 1
           274.5 1
             :
           276.5 2
           277.5 3
           278.5 5
           279.5 1
           280.5 1
           281.5 2
           282.5 1
           283.5 3
             :
           285.5 2
           286.5 1
           287.5 3
           288.5 3
           289.5 1
           290.5 2
           291.5 1
           292.5 3
           293.5 2
           294.5 3
           295.5 3
           296.5 3
           297.5 3
             :
           299.5 1
           300.5 2
           301.5 3
             :
           303.5 2
           304.5 2
           305.5 1
             :
           307.5 2
           308.5 1
           309.5 1
           310.5 1
           311.5 2
           312.5 1
           313.5 1
           314.5 3
           315.5 3
           316.5 1
             :
           319.5 2
           320.5 1
           321.5 2
           322.5 4
           323.5 2
           324.5 3
           325.5 3
           326.5 1
             :
           328.5 1
           329.5 1
           330.5 3
           331.5 1
           332.5 3
           333.5 3
             :
           335.5 1
           336.5 1
             :
           342.5 1
             :
           344.5 1
           345.5 1
             :
           347.5 3
           348.5 4
           349.5 2
             :
           351.5 2
           352.5 2
           353.5 2
             :
           355.5 1
           356.5 1
             :
           358.5 2
           359.5 2
             :
           361.5 2
           362.5 1
           363.5 2
           364.5 1
           365.5 1
             :
           367.5 1
           368.5 3
             :
           370.5 1
           371.5 3
           372.5 2
           373.5 2
           374.5 2
             :
           377.5 3
             :
           379.5 2
           380.5 1
             :
           382.5 3
             :
           384.5 1
           385.5 1
             :
           387.5 1
           388.5 2
             :
           390.5 1
           391.5 1
             :
           394.5 2
           395.5 1
             :
           397.5 2
             :
           399.5 3
             :
           401.5 2
             :
           404.5 2
             :
           406.5 1
           407.5 4
             :
           409.5 3
             :
           411.5 1
           412.5 2
           413.5 1
           414.5 1
           415.5 1
           416.5 2
           417.5 3
           418.5 1
           419.5 1
             :
           421.5 1
           422.5 3
             :
           426.5 2
           427.5 2
           428.5 1
           429.5 1
             :
           431.5 1
             :
           433.5 1
             :
           436.5 3
             :
           438.5 2
           439.5 1
           440.5 1
             :
           442.5 2
           443.5 3
           444.5 2
           445.5 2
             :
           447.5 1
           448.5 1
             :
           451.5 2
           452.5 2
             :
           454.5 2
           455.5 3
           456.5 1
           457.5 1
           458.5 1
           459.5 3
           460.5 2
           461.5 2
             :
           463.5 2
           464.5 1
           465.5 1
           466.5 1
           467.5 1
             :
           470.5 1
             :
           472.5 2
           473.5 1
             :
           475.5 1
           476.5 1
           477.5 3
           478.5 2
             :
           481.5 1
             :
           483.5 1
             :
           489.5 2
             :
           491.5 1
           492.5 1
           493.5 1
           494.5 1
           495.5 2
           496.5 1
             :
           499.5 1
           500.5 1
             :
           503.5 1
             :
           507.5 2
             :
           509.5 1
           510.5 2
             :
           512.5 1
             :
           514.5 1
           515.5 1
             :
           517.5 1
             :
           519.5 1
           520.5 2
           521.5 1
             :
           523.5 1
           524.5 1
             :
           526.5 2
             :
           528.5 1
             :
           530.5 1
           531.5 1
           532.5 1
           533.5 2
             :
           536.5 2
           537.5 1
           538.5 2
             :
           540.5 1
             :
           542.5 1
           543.5 1
           544.5 2
           545.5 3
           546.5 2
           547.5 2
           548.5 2
           549.5 1
           550.5 2
           551.5 1
           552.5 2
             :
           554.5 2
           555.5 1
             :
           557.5 1
           558.5 5
           559.5 1
             :
           561.5 1
           562.5 2
           563.5 3
           564.5 2
           565.5 1
           566.5 1
             :
           568.5 1
           569.5 2
           570.5 2
           571.5 1
             :
           573.5 1
           574.5 2
           575.5 2
           576.5 1
           577.5 2
           578.5 1
           579.5 3
           580.5 2
           581.5 2
           582.5 1
             :
           584.5 3
           585.5 2
           586.5 3
           587.5 1
           588.5 2
           589.5 1
             :
           591.5 2
           592.5 2
           593.5 2
           594.5 3
           595.5 2
             :
           597.5 2
           598.5 1
           599.5 1
             :
           602.5 1
             :
           604.5 2
             :
           606.5 1
           607.5 2
             :
           609.5 2
           610.5 3
           611.5 1
           612.5 1
           613.5 1
           614.5 1
           615.5 1
           616.5 1
           617.5 1
             :
           619.5 5
           620.5 2
           621.5 2
           622.5 2
           623.5 1
           624.5 2
           625.5 1
             :
           627.5 1
           628.5 3
             :
           630.5 1
           631.5 1
           632.5 4
           633.5 3
           634.5 2
           635.5 4
           636.5 2
           637.5 1
           638.5 7
           639.5 3
           640.5 4
           641.5 4
           642.5 4
           643.5 1
           644.5 2
           645.5 3
           646.5 2
           647.5 1
           648.5 1
           649.5 3
           650.5 4
           651.5 2
           652.5 2
           653.5 2
           654.5 2
           655.5 2
           656.5 1
           657.5 2
           658.5 3
           659.5 2
           660.5 3
           661.5 1
           662.5 4
           663.5 1
           664.5 2
             :
           666.5 1
           667.5 2
             :
           669.5 3
           670.5 5
           671.5 1
           672.5 3
           673.5 2
           674.5 6
           675.5 2
           676.5 1
           677.5 2
           678.5 3
             :
           680.5 2
           681.5 4
           682.5 1
           683.5 2
           684.5 2
           685.5 1
           686.5 5
           687.5 3
           688.5 2
           689.5 5
           690.5 6
           691.5 1
           692.5 1
             :
           694.5 1
           695.5 1
           696.5 4
           697.5 1
           698.5 2
           699.5 4
           700.5 3
           701.5 5
           702.5 1
           703.5 4
           704.5 3
           705.5 3
           706.5 4
           707.5 1
           708.5 1
           709.5 3
           710.5 4
           711.5 4
           712.5 5
           713.5 4
           714.5 5
           715.5 5
           716.5 6
           717.5 1
           718.5 3
           719.5 9
           720.5 6
           721.5 2
           722.5 2
           723.5 4
           724.5 1
           725.5 5
           726.5 3
           727.5 5
           728.5 5
           729.5 7
           730.5 5
           731.5 4
           732.5 3
           733.5 2
           734.5 4
           735.5 2
           736.5 2
           737.5 4
           738.5 5
           739.5 3
           740.5 2
           741.5 3
           742.5 3
             :
           744.5 4
           745.5 3
           746.5 3
           747.5 6
           748.5 3
           749.5 5
           750.5 5
             :
           752.5 5
           753.5 4
           754.5 5
           755.5 3
           756.5 4
           757.5 4
           758.5 3
           759.5 2
           760.5 4
           761.5 3
           762.5 3
           763.5 6
           764.5 3
           765.5 3
           766.5 3
           767.5 2
           768.5 4
           769.5 5
           770.5 4
           771.5 2
           772.5 3
           773.5 1
           774.5 4
           775.5 3
           776.5 4
           777.5 4
           778.5 4
           779.5 2
           780.5 7
           781.5 4
           782.5 3
           783.5 3
           784.5 4
           785.5 1
           786.5 2
           787.5 2
           788.5 2
           789.5 4
           790.5 4
           791.5 3
           792.5 4
           793.5 2
           794.5 1
           795.5 1
           796.5 4
           797.5 4
           798.5 3
           799.5 5
           800.5 4
           801.5 1
           802.5 4
           803.5 4
           804.5 4
           805.5 6
           806.5 4
           807.5 4
           808.5 2
           809.5 1
           810.5 4
           811.5 5
           812.5 3
           813.5 3
           814.5 4
           815.5 2
           816.5 2
           817.5 4
           818.5 3
           819.5 4
           820.5 5
           821.5 3
           822.5 3
           823.5 1
           824.5 4
           825.5 1
           826.5 5
           827.5 1
           828.5 3
             :
           830.5 3
           831.5 3
           832.5 3
           833.5 2
           834.5 6
           835.5 5
           836.5 7
           837.5 4
             :
           839.5 3
           840.5 3
           841.5 2
           842.5 1
           843.5 4
           844.5 5
           845.5 1
           846.5 4
           847.5 2
           848.5 1
           849.5 3
           850.5 3
           851.5 3
           852.5 1
           853.5 7
           854.5 3
           855.5 2
           856.5 2
           857.5 2
           858.5 1
           859.5 3
           860.5 3
           861.5 4
           862.5 2
           863.5 3
           864.5 3
           865.5 1
           866.5 3
           867.5 2
           868.5 2
           869.5 3
           870.5 5
           871.5 1
           872.5 3
           873.5 3
           874.5 3
           875.5 3
           876.5 3
           877.5 2
           878.5 4
           879.5 8
           880.5 2
           881.5 3
           882.5 2
           883.5 3
           884.5 7
           885.5 2
           886.5 3
           887.5 4
           888.5 2
           889.5 3
           890.5 6
           891.5 1
           892.5 3
             :
           894.5 3
           895.5 2
           896.5 4
           897.5 3
           898.5 1
           899.5 4
           900.5 1
           901.5 2
           902.5 4
           903.5 4
           904.5 1
           905.5 3
           906.5 1
           907.5 4
           908.5 3
           909.5 2
           910.5 4
           911.5 1
           912.5 1
           913.5 3
           914.5 2
           915.5 1
           916.5 1
             :
           918.5 1
           919.5 2
           920.5 6
           921.5 2
           922.5 1
           923.5 3
             :
           925.5 2
           926.5 3
           927.5 1
           928.5 5
           929.5 5
           930.5 2
           931.5 2
           932.5 3
           933.5 2
           934.5 1
           935.5 5
           936.5 2
           937.5 2
           938.5 1
           939.5 4
           940.5 1
           941.5 5
           942.5 3
           943.5 1
           944.5 2
           945.5 3
           946.5 3
           947.5 4
           948.5 5
           949.5 2
           950.5 4
           951.5 2
           952.5 2
           953.5 1
           954.5 1
           955.5 5
           956.5 4
           957.5 2
             :
           959.5 1
           960.5 4
           961.5 2
           962.5 1
           963.5 2
           964.5 3
           965.5 6
           966.5 2
           967.5 2
           968.5 2
           969.5 7
           970.5 2
           971.5 3
           972.5 3
           973.5 2
           974.5 3
           975.5 3
           976.5 2
           977.5 1
           978.5 3
           979.5 1
           980.5 3
           981.5 2
           982.5 1
           983.5 2
           984.5 3
           985.5 2
           986.5 3
           987.5 1
           988.5 5
           989.5 2
           990.5 1
           991.5 1
           992.5 2
           993.5 1
           994.5 4
           995.5 2
           996.5 4
           997.5 2
           998.5 1
             :
          1000.5 2
          1001.5 4
          1002.5 2
          1003.5 1
          1004.5 2
          1005.5 1
          1006.5 1
          1007.5 3
          1008.5 1
          1009.5 3
             :
          1011.5 4
             :
          1013.5 5
          1014.5 3
          1015.5 2
          1016.5 2
          1017.5 2
          1018.5 2
          1019.5 2
          1020.5 3
          1021.5 1
             :
          1023.5 2
          1024.5 2
          1025.5 1
             :
          1027.5 3
             :
          1029.5 2
          1030.5 1
          1031.5 1
          1032.5 1
          1033.5 3
          1034.5 2
             :
          1036.5 1
          1037.5 3
             :
          1039.5 2
          1040.5 2
          1041.5 5
          1042.5 3
          1043.5 2
          1044.5 2
             :
          1046.5 1
          1047.5 2
          1048.5 1
          1049.5 4
          1050.5 3
          1051.5 4
          1052.5 1
          1053.5 1
          1054.5 4
          1055.5 3
          1056.5 1
          1057.5 4
          1058.5 1
             :
          1060.5 1
             :
          1062.5 2
          1063.5 3
             :
          1065.5 2
          1066.5 1
          1067.5 1
          1068.5 1
             :
          1070.5 1
             :
          1072.5 2
             :
          1074.5 2
          1075.5 3
          1076.5 2
          1077.5 1
          1078.5 5
             :
          1080.5 1
          1081.5 2
          1082.5 2
          1083.5 2
             :
          1085.5 1
          1086.5 1
          1087.5 2
          1088.5 1
          1089.5 1
          1090.5 3
             :
          1093.5 1
          1094.5 2
          1095.5 1
          1096.5 1
          1097.5 1
             :
          1099.5 1
          1100.5 1
             :
          1102.5 1
          1103.5 4
          1104.5 2
          1105.5 3
          1106.5 1
          1107.5 4
          1108.5 4
             :
          1110.5 3
          1111.5 3
          1112.5 2
          1113.5 1
             :
          1117.5 4
             :
          1119.5 4
          1120.5 4
          1121.5 1
          1122.5 1
          1123.5 2
          1124.5 1
          1125.5 4
          1126.5 1
          1127.5 3
          1128.5 2
          1129.5 2
          1130.5 2
             :
          1135.5 1
          1136.5 3
             :
          1138.5 2
          1139.5 1
          1140.5 2
             :
          1143.5 1
          1144.5 1
          1145.5 2
             :
          1147.5 1
          1148.5 1
             :
          1150.5 1
          1151.5 1
             :
          1153.5 3
          1154.5 2
          1155.5 3
          1156.5 3
          1157.5 1
          1158.5 1
          1159.5 1
          1160.5 1
             :
          1162.5 2
          1163.5 3
             :
          1168.5 1
          1169.5 2
          1170.5 1
             :
          1173.5 2
          1174.5 3
          1175.5 2
          1176.5 1
          1177.5 1
          1178.5 1
             :
          1180.5 1
          1181.5 2
          1182.5 2
          1183.5 1
          1184.5 3
          1185.5 1
          1186.5 1
             :
          1188.5 1
             :
          1191.5 1
          1192.5 2
          1193.5 1
          1194.5 3
          1195.5 2
          1196.5 2
          1197.5 2
          1198.5 2
          1199.5 1
             :
          1201.5 1
          1202.5 3
             :
          1204.5 1
          1205.5 2
             :
          1209.5 2
          1210.5 1
          1211.5 2
          1212.5 1
          1213.5 2
             :
          1217.5 1
          1218.5 2
          1219.5 1
          1220.5 2
          1221.5 3
          1222.5 1
          1223.5 3
          1224.5 2
          1225.5 5
          1226.5 1
          1227.5 1
             :
          1229.5 1
             :
          1232.5 1
          1233.5 2
          1234.5 2
          1235.5 3
          1236.5 1
          1237.5 2
          1238.5 1
          1239.5 1
             :
          1241.5 2
          1242.5 2
             :
          1244.5 1
          1245.5 3
             :
          1247.5 1
          1248.5 1
             :
          1250.5 1
             :
          1252.5 1
          1253.5 1
          1254.5 2
             :
          1257.5 1
          1258.5 2
             :
          1260.5 2
          1261.5 1
          1262.5 1
             :
          1264.5 2
          1265.5 1
          1266.5 1
          1267.5 1
             :
          1270.5 1
          1271.5 3
          1272.5 3
             :
          1274.5 1
          1275.5 5
          1276.5 2
          1277.5 3
             :
          1279.5 3
             :
          1282.5 2
          1283.5 3
          1284.5 1
          1285.5 1
          1286.5 1
             :
          1289.5 1
          1290.5 2
             :
          1292.5 2
          1293.5 2
          1294.5 2
          1295.5 2
          1296.5 3
             :
          1299.5 2
          1300.5 1
          1301.5 2
          1302.5 3
          1303.5 2
          1304.5 1
          1305.5 3
          1306.5 3
             :
          1311.5 1
             :
          1314.5 1
          1315.5 3
             :
          1317.5 1
          1318.5 3
          1319.5 1
          1320.5 1
             :
          1324.5 2
          1325.5 2
          1326.5 2
          1327.5 1
          1328.5 1
          1329.5 2
          1330.5 1
          1331.5 2
          1332.5 3
             :
          1334.5 5
          1335.5 2
             :
          1337.5 5
             :
          1339.5 1
             :
          1342.5 1
          1343.5 1
          1344.5 4
          1345.5 2
          1346.5 1
          1347.5 2
          1348.5 1
          1349.5 1
             :
          1351.5 2
             :
          1353.5 5
          1354.5 2
             :
          1357.5 3
          1358.5 1
          1359.5 1
          1360.5 1
          1361.5 3
          1362.5 1
          1363.5 1
             :
          1365.5 2
          1366.5 2
          1367.5 2
          1368.5 1
          1369.5 1
             :
          1372.5 1
             :
          1376.5 1
             :
          1379.5 3
          1380.5 1
          1381.5 2
             :
          1383.5 3
             :
          1387.5 1
          1388.5 1
             :
          1390.5 3
             :
          1393.5 2
             :
          1396.5 2
          1397.5 1
          1398.5 1
          1399.5 2
             :
          1404.5 2
             :
          1407.5 1
             :
          1410.5 1
          1411.5 1
          1412.5 2
          1413.5 1
          1414.5 2
          1415.5 1
             :
          1419.5 1
             :
          1426.5 1
             :
          1429.5 4
          1430.5 1
          1431.5 1
          1432.5 2
          1433.5 2
             :
          1435.5 1
             :
          1438.5 1
             :
          1441.5 2
          1442.5 1
          1443.5 1
          1444.5 2
          1445.5 1
             :
          1448.5 2
             :
          1453.5 3
          1454.5 1
             :
          1457.5 1
          1458.5 1
          1459.5 1
          1460.5 1
             :
          1464.5 1
             :
          1466.5 1
             :
          1468.5 1
          1469.5 1
          1470.5 2
          1471.5 1
             :
          1473.5 1
          1474.5 4
             :
          1476.5 3
             :
          1480.5 1
          1481.5 3
          1482.5 1
             :
          1484.5 1
             :
          1486.5 2
             :
          1490.5 2
             :
          1493.5 1
             :
          1495.5 1
          1496.5 1
          1497.5 1
          1498.5 2
             :
          1500.5 2
             :
          1502.5 1
          1503.5 1
          1504.5 1
          1505.5 1
             :
          1508.5 1
          1509.5 1
             :
          1515.5 1
          1516.5 1
             :
          1520.5 1
          1521.5 1
             :
          1523.5 2
             :
          1525.5 1
          1526.5 3
          1527.5 2
             :
          1529.5 1
          1530.5 1
          1531.5 1
          1532.5 2
          1533.5 1
             :
          1536.5 3
             :
          1540.5 2
          1541.5 3
             :
          1544.5 1
          1545.5 1
          1546.5 1
          1547.5 4
          1548.5 2
          1549.5 2
          1550.5 2
          1551.5 2
          1552.5 1
          1553.5 1
             :
          1559.5 1
          1560.5 1
          1561.5 1
             :
          1565.5 1
             :
          1569.5 1
          1570.5 1
             :
          1573.5 1
          1574.5 2
             :
          1579.5 1
             :
          1581.5 1
          1582.5 1
             :
          1586.5 3
          1587.5 1
          1588.5 2
             :
          1590.5 1
          1591.5 1
          1592.5 2
             :
          1594.5 1
             :
          1596.5 1
          1597.5 4
          1598.5 1
          1599.5 1
          1600.5 1
          1601.5 1
          1602.5 1
             :
          1607.5 2
          1608.5 1
             :
          1613.5 1
             :
          1618.5 1
             :
          1620.5 2
          1621.5 1
             :
          1623.5 1
          1624.5 1
             :
          1627.5 2
          1628.5 2
             :
          1632.5 2
             :
          1636.5 1
          1637.5 2
             :
          1639.5 1
             :
          1642.5 1
          1643.5 1
             :
          1645.5 1
          1646.5 1
             :
          1648.5 1
          1649.5 2
             :
          1654.5 1
             :
          1657.5 1
             :
          1662.5 1
          1663.5 2
             :
          1665.5 2
          1666.5 2
          1667.5 1
          1668.5 1
             :
          1671.5 1
          1672.5 1
          1673.5 2
          1674.5 2
             :
          1676.5 1
             :
          1678.5 1
          1679.5 1
             :
          1681.5 1
          1682.5 1
          1683.5 2
             :
          1685.5 1
             :
          1688.5 1
          1689.5 2
             :
          1692.5 1
          1693.5 1
             :
          1696.5 1
          1697.5 2
          1698.5 1
          1699.5 2
             :
          1701.5 1
          1702.5 3
          1703.5 1
          1704.5 3
          1705.5 1
          1706.5 3
          1707.5 2
          1708.5 2
          1709.5 1
          1710.5 1
          1711.5 3
             :
          1713.5 1
          1714.5 1
          1715.5 1
          1716.5 2
             :
          1719.5 1
             :
          1721.5 2
          1722.5 3
          1723.5 1
          1724.5 3
          1725.5 1
             :
          1727.5 2
             :
          1729.5 3
          1730.5 1
          1731.5 1
             :
          1733.5 1
          1734.5 1
          1735.5 2
             :
          1737.5 1
             :
          1739.5 1
          1740.5 1
          1741.5 1
             :
          1746.5 1
             :
          1748.5 2
             :
          1752.5 3
          1753.5 3
             :
          1758.5 1
          1759.5 1
             :
          1762.5 1
          1763.5 1
             :
          1765.5 2
             :
          1767.5 1
          1768.5 1
          1769.5 1
          1770.5 1
             :
          1772.5 3
          1773.5 1
             :
          1778.5 1
          1779.5 1
          1780.5 2
          1781.5 1
             :
          1784.5 1
          1785.5 1
             :
          1788.5 1
             :
          1791.5 1
             :
          1795.5 1
          1796.5 1
             :
          1799.5 1
          1800.5 1
          1801.5 1
             :
          1803.5 2
          1804.5 1
             :
          1806.5 1
             :
          1808.5 2
          1809.5 1
          1810.5 1
             :
          1813.5 1
             :
          1815.5 2
          1816.5 1
             :
          1819.5 1
          1820.5 3
             :
          1824.5 1
             :
          1826.5 2
             :
          1828.5 1
          1829.5 1
             :
          1834.5 2
             :
          1836.5 1
          1837.5 2
             :
          1839.5 1
          1840.5 1
          1841.5 2
             :
          1846.5 2
             :
          1848.5 1
             :
          1851.5 1
             :
          1854.5 2
             :
          1856.5 1
             :
          1858.5 1
             :
          1861.5 2
             :
          1864.5 1
             :
          1868.5 1
             :
          1870.5 1
          1871.5 2
             :
          1873.5 2
          1874.5 2
          1875.5 3
             :
          1879.5 1
             :
          1881.5 1
          1882.5 1
             :
          1884.5 1
             :
          1888.5 1
             :
          1890.5 2
             :
          1892.5 1
          1893.5 1
             :
          1898.5 2
          1899.5 1
             :
          1901.5 1
             :
          1908.5 2
             :
          1910.5 1
             :
          1912.5 1
          1913.5 1
             :
          1915.5 1
             :
          1918.5 1
          1919.5 1
          1920.5 2
             :
          1929.5 1
             :
          1932.5 2
          1933.5 1
             :
          1938.5 1
             :
          1940.5 2
          1941.5 2
          1942.5 1
          1943.5 1
          1944.5 1
          1945.5 1
          1946.5 1
             :
          1948.5 1
             :
          1951.5 1
             :
          1956.5 1
             :
          1960.5 2
             :
          1963.5 3
          1964.5 1
          1965.5 1
             :
          1969.5 1
             :
          1971.5 1
          1972.5 1
          1973.5 1
             :
          1975.5 1
             :
          1980.5 1
             :
          1982.5 1
             :
          1984.5 1
             :
          1991.5 1
             :
          1994.5 2
          1995.5 1
             :
          1999.5 1
             :
          2003.5 1
             :
          2005.5 2
          2006.5 2
          2007.5 1
          2008.5 1
          2009.5 1
          2010.5 1
          2011.5 1
          2012.5 1
             :
          2015.5 1
          2016.5 1
          2017.5 1
             :
          2019.5 2
             :
          2021.5 2
          2022.5 1
             :
          2026.5 1
          2027.5 1
             :
          2031.5 1
             :
          2034.5 1
             :
          2036.5 1
          2037.5 1
          2038.5 1
             :
          2042.5 2
             :
          2045.5 1
          2046.5 1
             :
          2051.5 1
          2052.5 1
             :
          2059.5 1
          2060.5 1
             :
          2067.5 1
             :
          2073.5 3
             :
          2078.5 1
             :
          2080.5 1
          2081.5 1
             :
          2089.5 1
             :
          2093.5 2
             :
          2097.5 1
             :
          2100.5 1
          2101.5 1
             :
          2103.5 1
             :
          2105.5 1
          2106.5 3
          2107.5 3
             :
          2111.5 1
             :
          2113.5 1
          2114.5 1
             :
          2117.5 1
             :
          2123.5 1
             :
          2128.5 1
          2129.5 2
             :
          2131.5 1
             :
          2136.5 2
             :
          2144.5 1
             :
          2146.5 2
             :
          2149.5 1
             :
          2151.5 1
          2152.5 1
          2153.5 1
             :
          2157.5 1
             :
          2160.5 1
          2161.5 2
          2162.5 1
             :
          2164.5 1
             :
          2168.5 1
          2169.5 1
          2170.5 1
             :
          2172.5 1
          2173.5 2
             :
          2180.5 1
             :
          2182.5 1
          2183.5 3
          2184.5 1
          2185.5 1
             :
          2188.5 1
             :
          2190.5 1
          2191.5 2
             :
          2193.5 1
             :
          2197.5 1
             :
          2205.5 1
             :
          2207.5 1
          2208.5 1
             :
          2210.5 1
          2211.5 1
             :
          2217.5 1
          2218.5 2
             :
          2220.5 1
          2221.5 1
             :
          2223.5 2
          2224.5 1
          2225.5 1
             :
          2227.5 1
             :
          2230.5 1
             :
          2234.5 2
             :
          2237.5 1
             :
          2239.5 1
             :
          2242.5 2
             :
          2246.5 1
          2247.5 1
             :
          2250.5 1
          2251.5 2
          2252.5 1
             :
          2256.5 3
          2257.5 1
          2258.5 1
             :
          2260.5 2
             :
          2263.5 1
             :
          2276.5 2
          2277.5 1
             :
          2280.5 1
             :
          2285.5 2
             :
          2287.5 1
             :
          2294.5 1
             :
          2297.5 1
             :
          2300.5 1
          2301.5 1
             :
          2309.5 2
          2310.5 1
             :
          2313.5 2
             :
          2318.5 2
          2319.5 1
             :
          2322.5 1
             :
          2324.5 1
             :
          2328.5 1
             :
          2330.5 2
          2331.5 1
          2332.5 1
             :
          2335.5 1
             :
          2338.5 1
          2339.5 2
             :
          2344.5 1
             :
          2351.5 2
          2352.5 1
             :
          2355.5 1
          2356.5 1
             :
          2358.5 1
             :
          2360.5 2
          2361.5 1
          2362.5 2
             :
          2366.5 1
          2367.5 1
             :
          2372.5 1
             :
          2375.5 1
             :
          2378.5 1
          2379.5 2
             :
          2381.5 2
             :
          2383.5 2
             :
          2387.5 1
             :
          2394.5 1
             :
          2397.5 1
             :
          2399.5 1
             :
          2401.5 1
             :
          2403.5 1
          2404.5 2
             :
          2413.5 1
          2414.5 2
          2415.5 1
             :
          2419.5 2
             :
          2426.5 1
          2427.5 1
          2428.5 1
             :
          2430.5 1
          2431.5 1
             :
          2433.5 1
          2434.5 3
             :
          2436.5 1
             :
          2443.5 2
          2444.5 1
             :
          2447.5 2
             :
          2449.5 1
             :
          2451.5 1
             :
          2454.5 1
             :
          2456.5 1
             :
          2458.5 1
             :
          2461.5 1
             :
          2469.5 1
             :
          2473.5 1
             :
          2475.5 1
             :
          2479.5 1
             :
          2482.5 1
             :
          2495.5 1
             :
          2497.5 2
             :
          2499.5 2
             :
          2505.5 1
          2506.5 1
             :
          2514.5 1
          2515.5 1
             :
          2517.5 1
             :
          2520.5 1
          2521.5 1
          2522.5 1
          2523.5 1
             :
          2525.5 1
             :
          2527.5 1
             :
          2529.5 1
             :
          2532.5 1
          2533.5 1
             :
          2535.5 1
             :
          2538.5 1
             :
          2541.5 2
             :
          2547.5 1
             :
          2555.5 1
             :
          2557.5 2
             :
          2560.5 1
             :
          2566.5 1
             :
          2573.5 1
             :
          2577.5 1
             :
          2592.5 1
          2593.5 1
             :
          2595.5 1
             :
          2598.5 1
             :
          2604.5 1
             :
          2609.5 1
             :
          2614.5 1
          2615.5 1
             :
          2618.5 1
             :
          2620.5 1
          2621.5 1
             :
          2628.5 1
             :
          2635.5 1
          2636.5 1
             :
          2638.5 1
             :
          2643.5 1
             :
          2648.5 1
          2649.5 2
          2650.5 1
             :
          2654.5 1
             :
          2658.5 1
             :
          2660.5 1
             :
          2663.5 2
             :
          2665.5 1
          2666.5 1
             :
          2671.5 1
          2672.5 3
             :
          2681.5 2
             :
          2683.5 1
          2684.5 1
          2685.5 1
             :
          2687.5 1
          2688.5 1
             :
          2690.5 1
          2691.5 1
          2692.5 1
             :
          2697.5 1
             :
          2699.5 1
             :
          2705.5 1
             :
          2707.5 1
             :
          2714.5 1
          2715.5 1
             :
          2721.5 1
          2722.5 2
             :
          2724.5 1
             :
          2728.5 1
             :
          2734.5 1
             :
          2736.5 1
             :
          2753.5 1
             :
          2760.5 1
             :
          2764.5 1
             :
          2771.5 1
          2772.5 1
             :
          2781.5 1
          2782.5 1
             :
          2784.5 2
          2785.5 1
             :
          2789.5 1
             :
          2801.5 1
             :
          2805.5 2
             :
          2811.5 3
             :
          2819.5 1
             :
          2821.5 1
             :
          2824.5 1
             :
          2831.5 1
             :
          2833.5 1
          2834.5 1
             :
          2839.5 1
             :
          2842.5 1
             :
          2846.5 1
             :
          2852.5 1
             :
          2854.5 1
             :
          2857.5 1
          2858.5 1
          2859.5 1
             :
          2861.5 1
             :
          2864.5 1
          2865.5 1
             :
          2867.5 1
             :
          2874.5 1
          2875.5 1
             :
          2878.5 1
             :
          2887.5 1
             :
          2889.5 1
             :
          2896.5 1
             :
          2900.5 1
             :
          2904.5 1
             :
          2909.5 1
             :
          2914.5 1
             :
          2917.5 1
             :
          2922.5 1
             :
          2928.5 1
             :
          2930.5 2
             :
          2935.5 1
          2936.5 1
             :
          2938.5 3
             :
          2941.5 1
             :
          2943.5 2
             :
          2951.5 1
             :
          2954.5 1
             :
          2964.5 2
             :
          2975.5 1
             :
          2978.5 1
             :
          2982.5 2
             :
          2984.5 1
          2985.5 2
             :
          2987.5 1
          2988.5 1
             :
          2992.5 2
             :
          2996.5 1
          2997.5 1
             :
          3000.5 1
          3001.5 1
             :
          3005.5 1
          3006.5 1
             :
          3008.5 1
          3009.5 1
             :
          3014.5 1
             :
          3016.5 1
             :
          3018.5 1
             :
          3020.5 1
          3021.5 1
             :
          3023.5 1
             :
          3026.5 1
          3027.5 1
             :
          3036.5 1
             :
          3041.5 1
             :
          3045.5 1
             :
          3048.5 1
             :
          3053.5 2
             :
          3055.5 1
             :
          3061.5 1
             :
          3067.5 1
             :
          3070.5 1
             :
          3074.5 1
          3075.5 1
             :
          3095.5 1
          3096.5 1
             :
          3099.5 1
             :
          3111.5 1
             :
          3119.5 1
             :
          3122.5 1
             :
          3128.5 1
             :
          3133.5 1
             :
          3146.5 1
             :
          3151.5 1
             :
          3154.5 1
             :
          3158.5 1
             :
          3167.5 1
          3168.5 1
             :
          3173.5 1
             :
          3180.5 1
             :
          3185.5 1
             :
          3194.5 1
             :
          3197.5 1
             :
          3203.5 1
             :
          3205.5 1
             :
          3212.5 1
             :
          3215.5 1
             :
          3219.5 1
             :
          3224.5 1
             :
          3226.5 1
             :
          3233.5 1
             :
          3247.5 1
             :
          3253.5 1
             :
          3258.5 1
          3259.5 1
             :
          3273.5 1
             :
          3277.5 2
          3278.5 1
             :
          3281.5 2
             :
          3283.5 1
             :
          3290.5 1
             :
          3297.5 1
             :
          3299.5 2
             :
          3306.5 1
             :
          3324.5 1
             :
          3327.5 1
             :
          3332.5 1
             :
          3335.5 1
             :
          3343.5 1
             :
          3347.5 2
             :
          3362.5 1
             :
          3371.5 1
             :
          3373.5 1
             :
          3381.5 1
             :
          3386.5 1
             :
          3389.5 1
             :
          3392.5 1
             :
          3397.5 1
             :
          3402.5 1
             :
          3404.5 1
             :
          3408.5 1
             :
          3413.5 2
          3414.5 1
          3415.5 1
             :
          3422.5 1
             :
          3429.5 1
             :
          3434.5 1
             :
          3457.5 1
             :
          3460.5 1
             :
          3464.5 2
          3465.5 1
             :
          3476.5 1
             :
          3478.5 1
          3479.5 1
             :
          3483.5 1
             :
          3487.5 1
             :
          3491.5 1
             :
          3498.5 1
             :
          3503.5 1
          3504.5 1
             :
          3507.5 1
             :
          3515.5 1
          3516.5 1
             :
          3522.5 1
          3523.5 1
             :
          3528.5 1
             :
          3539.5 1
             :
          3541.5 1
             :
          3544.5 2
             :
          3547.5 1
             :
          3550.5 1
             :
          3559.5 1
          3560.5 1
             :
          3576.5 1
             :
          3580.5 2
          3581.5 1
             :
          3583.5 1
          3584.5 1
             :
          3588.5 1
          3589.5 1
             :
          3596.5 1
             :
          3598.5 1
             :
          3603.5 1
             :
          3607.5 1
             :
          3614.5 1
             :
          3635.5 1
             :
          3641.5 1
             :
          3655.5 1
             :
          3672.5 1
             :
          3677.5 1
          3678.5 1
             :
          3682.5 1
             :
          3688.5 1
             :
          3698.5 1
             :
          3705.5 1
             :
          3713.5 1
             :
          3737.5 1
             :
          3742.5 1
             :
          3748.5 1
             :
          3751.5 1
             :
          3761.5 1
             :
          3765.5 1
             :
          3786.5 1
             :
          3788.5 1
             :
          3802.5 1
             :
          3812.5 1
             :
          3817.5 1
             :
          3829.5 1
          3830.5 1
             :
          3832.5 1
             :
          3856.5 1
             :
          3864.5 1
             :
          3891.5 1
             :
          3898.5 1
             :
          3906.5 1
          3907.5 1
          3908.5 1
          3909.5 1
             :
          3911.5 1
             :
          3919.5 2
             :
          3923.5 1
             :
          3927.5 1
             :
          3933.5 1
             :
          3940.5 1
             :
          3946.5 1
             :
          3952.5 1
             :
          3954.5 1
             :
          3964.5 1
             :
          3977.5 1
             :
          3979.5 1
          3980.5 1
             :
          3984.5 1
             :
          3991.5 1
             :
          3997.5 1
          3998.5 1
             :
          4012.5 1
             :
          4019.5 1
             :
          4022.5 1
             :
          4027.5 1
             :
          4059.5 1
          4060.5 1
             :
          4063.5 1
             :
          4088.5 1
             :
          4098.5 1
             :
          4131.5 1
             :
          4137.5 1
             :
          4147.5 1
             :
          4160.5 1
             :
          4169.5 1
             :
          4171.5 1
             :
          4190.5 2
             :
          4194.5 1
             :
          4201.5 1
             :
          4207.5 1
             :
          4220.5 1
             :
          4229.5 1
             :
          4233.5 1
             :
          4259.5 1
          4260.5 1
             :
          4263.5 1
             :
          4277.5 1
             :
          4293.5 1
             :
          4303.5 1
             :
          4307.5 1
             :
          4320.5 1
          4321.5 1
             :
          4330.5 1
             :
          4339.5 1
             :
          4377.5 2
             :
          4385.5 1
             :
          4412.5 1
             :
          4424.5 1
             :
          4438.5 1
             :
          4444.5 1
             :
          4450.5 1
             :
          4474.5 1
             :
          4522.5 1
             :
          4541.5 1
             :
          4599.5 1
          4600.5 1
             :
          4622.5 1
             :
          4650.5 1
             :
          4669.5 1
             :
          4676.5 1
             :
          4696.5 1
             :
          4701.5 1
             :
          4705.5 1
             :
          4775.5 1
             :
          4791.5 2
             :
          4826.5 1
             :
          4930.5 1
             :
          4974.5 1
             :
          5003.5 1
             :
          5011.5 1
             :
          5025.5 1
             :
          5057.5 1
             :
          5087.5 1
             :
          5111.5 1
             :
          5136.5 1
             :
          5265.5 1
             :
          5304.5 1

Total: connections 14400 requests 14400 replies 14400 test-duration 599.976 s

Connection rate: 24.0 conn/s (41.7 ms/conn, <=100 concurrent connections)
Connection time [ms]: min 10.0 avg 338.0 max 5304.2 median 40.5 stddev 704.3
Connection time [ms]: connect 0.7
Connection length [replies/conn]: 1.000

Request rate: 24.0 req/s (41.7 ms/req)
Request size [B]: 67.0

Reply rate [replies/s]: min 5.0 avg 24.0 max 55.0 stddev 4.3 (599 samples)
Percentages of the replies served at a given rate:
   50%: 23
   66%: 23
   75%: 24
   80%: 24
   90%: 26
   95%: 30
   98%: 35
   99%: 40
  100%: 55

Reply time [ms]: response 320.9 transfer 16.3
Percentages of the requests served within a certain time (ms) :
   50%: 37
   66%: 92
   75%: 163
   80%: 406
   90%: 1028
   95%: 1783
   98%: 2805
   99%: 3464
  100%: 5136

Reply size [B]: header 163.0 content 72.0 footer 1.0 (total 236.0)
Reply status: 1xx=0 2xx=14400 3xx=0 4xx=0 5xx=0

CPU time [s]: user 447.82 system 150.50 (user 74.6% system 25.1% total 99.7%)
Net I/O: 7.1 KB/s (0.1*10^6 bps)

Errors: total 0 client-timo 0 socket-timo 0 connrefused 0 connreset 0
Errors: fd-unavail 0 addrunavail 0 ftab-full 0 other 0

