httperf --verbose --hog --timeout=50 --client=0/1 --server=172.16.116.116 --port=8080 --uri=/ --rate=24 --send-buffer=4096 --recv-buffer=16384 --num-conns=4320 --num-calls=1
httperf: maximum number of open descriptors = 65535
Maximum connect burst length: 1

Connection lifetime histogram (time in ms):
             :
            10.5 343
            11.5 1022
            12.5 372
            13.5 335
            14.5 368
            15.5 440
            16.5 584
            17.5 279
            18.5 124
            19.5 57
            20.5 53
            21.5 28
            22.5 18
            23.5 8
            24.5 9
            25.5 4
            26.5 2
            27.5 5
            28.5 1
            29.5 1
             :
            31.5 1
            32.5 1
            33.5 3
             :
            37.5 1
             :
            39.5 1
             :
            42.5 1
             :
            44.5 2
             :
            53.5 1
            54.5 1
             :
            56.5 1
             :
            58.5 1
             :
            62.5 1
             :
            64.5 1
             :
            66.5 1
            67.5 1
             :
            70.5 1
            71.5 2
             :
            84.5 1
            85.5 1
            86.5 1
             :
            88.5 1
             :
            91.5 1
             :
            94.5 1
             :
            97.5 1
             :
           101.5 1
             :
           103.5 2
           104.5 1
           105.5 1
           106.5 2
             :
           108.5 2
             :
           111.5 2
             :
           113.5 1
           114.5 1
             :
           117.5 1
           118.5 1
             :
           123.5 3
           124.5 1
           125.5 1
           126.5 2
             :
           128.5 1
             :
           130.5 1
           131.5 1
           132.5 1
           133.5 1
           134.5 2
             :
           139.5 1
             :
           142.5 2
           143.5 1
             :
           146.5 1
           147.5 1
             :
           149.5 1
             :
           151.5 1
           152.5 1
             :
           154.5 1
           155.5 1
             :
           157.5 1
             :
           159.5 4
           160.5 1
             :
           162.5 1
           163.5 2
           164.5 2
           165.5 1
             :
           167.5 2
           168.5 1
           169.5 1
             :
           171.5 1
             :
           173.5 1
             :
           176.5 1
           177.5 3
           178.5 1
           179.5 1
             :
           182.5 3
           183.5 1
           184.5 1
             :
           186.5 2
             :
           188.5 3
             :
           190.5 3
           191.5 1
           192.5 2
           193.5 3
           194.5 3
           195.5 3
           196.5 7
           197.5 1
             :
           199.5 1
           200.5 2
             :
           202.5 1
           203.5 2
           204.5 1
             :
           206.5 1
           207.5 1
           208.5 3
             :
           210.5 1
           211.5 2
           212.5 2
           213.5 6
           214.5 3
           215.5 1
           216.5 1
           217.5 1
           218.5 3
             :
           220.5 1
           221.5 2
           222.5 3
           223.5 1
           224.5 1
           225.5 2
             :
           227.5 2
           228.5 3
           229.5 3
           230.5 2
           231.5 1
           232.5 2
           233.5 2
           234.5 2
             :
           236.5 2
           237.5 3
           238.5 3
           239.5 3
             :
           241.5 2
             :
           245.5 1
           246.5 2
           247.5 2
           248.5 3
             :
           251.5 1
           252.5 5
             :
           255.5 1
             :
           258.5 1
           259.5 1
             :
           261.5 1
             :
           263.5 2
           264.5 2
             :
           266.5 1
           267.5 1
             :
           269.5 1
             :
           271.5 1
           272.5 2
           273.5 1
             :
           275.5 2
             :
           279.5 1
           280.5 2
           281.5 3
           282.5 2
             :
           285.5 1
             :
           287.5 2
           288.5 2
           289.5 1
             :
           291.5 1
             :
           294.5 2
             :
           301.5 1
             :
           303.5 2
             :
           307.5 1
           308.5 2
             :
           312.5 1
             :
           321.5 1
           322.5 1
             :
           325.5 1
           326.5 1
             :
           328.5 1
             :
           332.5 1
             :
           336.5 1
             :
           343.5 1
             :
           355.5 1
             :
           357.5 1
             :
           360.5 1
             :
           373.5 1
             :
           385.5 1
             :
           397.5 1
           398.5 1

Total: connections 4320 requests 4320 replies 4320 test-duration 180.002 s

Connection rate: 24.0 conn/s (41.7 ms/conn, <=3 concurrent connections)
Connection time [ms]: min 10.3 avg 25.7 max 398.2 median 14.5 stddev 48.6
Connection time [ms]: connect 0.7
Connection length [replies/conn]: 1.000

Request rate: 24.0 req/s (41.7 ms/req)
Request size [B]: 67.0

Reply rate [replies/s]: min 22.0 avg 24.0 max 26.0 stddev 0.8 (179 samples)
Percentages of the replies served at a given rate:
   50%: 23
   66%: 23
   75%: 23
   80%: 23
   90%: 24
   95%: 24
   98%: 25
   99%: 25
  100%: 26

Reply time [ms]: response 23.7 transfer 1.3
Percentages of the requests served within a certain time (ms) :
   50%: 12
   66%: 14
   75%: 15
   80%: 15
   90%: 17
   95%: 125
   98%: 215
   99%: 248
  100%: 397

Reply size [B]: header 162.0 content 72.0 footer 1.0 (total 235.0)
Reply status: 1xx=0 2xx=4320 3xx=0 4xx=0 5xx=0

CPU time [s]: user 146.84 system 32.78 (user 81.6% system 18.2% total 99.8%)
Net I/O: 7.1 KB/s (0.1*10^6 bps)

Errors: total 0 client-timo 0 socket-timo 0 connrefused 0 connreset 0
Errors: fd-unavail 0 addrunavail 0 ftab-full 0 other 0

