httperf --verbose --hog --timeout=3 --client=0/1 --server=172.17.60.201 --port=80 --uri=/ --rate=8 --send-buffer=4096 --recv-buffer=16384 --num-conns=500 --num-calls=1
httperf: maximum number of open descriptors = 4096
Maximum connect burst length: 1

Connection lifetime histogram (time in ms):
             :
             7.5 27
             8.5 14
             9.5 20
            10.5 31
            11.5 19
            12.5 19
            13.5 17
            14.5 16
            15.5 21
            16.5 20
            17.5 15
            18.5 15
            19.5 19
            20.5 17
            21.5 12
            22.5 23
            23.5 15
            24.5 18
            25.5 15
            26.5 14
            27.5 17
            28.5 11
            29.5 12
            30.5 9
            31.5 10
            32.5 8
            33.5 9
            34.5 5
            35.5 8
            36.5 9
            37.5 3
            38.5 9
            39.5 3
            40.5 6
             :
            43.5 1
             :
            45.5 1
             :
            49.5 1
            50.5 1
            51.5 1
            52.5 1
             :
            58.5 1
             :
            67.5 1
             :
            74.5 1
             :
            78.5 1
             :
           160.5 1
             :
           175.5 1

Total: connections 500 requests 500 replies 498 test-duration 62.395 s

Connection rate: 8.0 conn/s (124.8 ms/conn, <=2 concurrent connections)
Connection time [ms]: min 7.2 avg 21.7 max 175.1 median 19.5 stddev 13.9
Connection time [ms]: connect 1.8
Connection length [replies/conn]: 1.000

Request rate: 8.0 req/s (124.8 ms/req)
Request size [B]: 66.0

Reply rate [replies/s]: min 7.0 avg 8.0 max 9.0 stddev 0.3 (62 samples)
Percentages of the replies served at a given rate:
   50%: 7
   66%: 7
   75%: 7
   80%: 7
   90%: 7
   95%: 7
   98%: 7
   99%: 8
  100%: 9

Reply time [ms]: response 19.4 transfer 0.3
Percentages of the requests served within a certain time (ms) :
   50%: 17
   66%: 21
   75%: 25
   80%: 26
   90%: 31
   95%: 35
   98%: 47
   99%: 61
  100%: 165

Reply size [B]: header 167.0 content 59.0 footer 0.0 (total 226.0)
Reply status: 1xx=0 2xx=498 3xx=0 4xx=0 5xx=0

CPU time [s]: user 38.71 system 23.58 (user 62.0% system 37.8% total 99.8%)
Net I/O: 2.3 KB/s (0.0*10^6 bps)

Errors: total 2 client-timo 2 socket-timo 0 connrefused 0 connreset 0
Errors: fd-unavail 0 addrunavail 0 ftab-full 0 other 0

