httperf --verbose --hog --timeout=50 --client=0/1 --server=172.16.116.116 --port=8080 --uri=/ --rate=16 --send-buffer=4096 --recv-buffer=16384 --num-conns=2880 --num-calls=1
httperf: maximum number of open descriptors = 65535
Maximum connect burst length: 1

Connection lifetime histogram (time in ms):
             :
            10.5 486
            11.5 850
            12.5 291
            13.5 221
            14.5 251
            15.5 229
            16.5 235
            17.5 113
            18.5 54
            19.5 33
            20.5 19
            21.5 10
            22.5 5
            23.5 2
            24.5 1
            25.5 2
            26.5 2
             :
            29.5 2
            30.5 1
             :
            37.5 1
             :
            41.5 1
             :
            46.5 1
            47.5 1
             :
            49.5 1
             :
            55.5 1
             :
            57.5 1
             :
            64.5 1
             :
            69.5 2
             :
            72.5 1
             :
            77.5 1
             :
            80.5 1
             :
            82.5 1
             :
            93.5 1
             :
           102.5 1
             :
           116.5 1
             :
           133.5 1
             :
           148.5 2
           149.5 1
             :
           154.5 1
             :
           156.5 1
             :
           162.5 1
             :
           164.5 1
             :
           172.5 1
             :
           180.5 1
           181.5 1
             :
           183.5 1
             :
           186.5 1
             :
           191.5 1
             :
           195.5 1
           196.5 1
             :
           202.5 1
             :
           204.5 2
             :
           207.5 1
             :
           210.5 1
           211.5 1
             :
           215.5 2
             :
           217.5 1
           218.5 1
             :
           221.5 2
           222.5 1
           223.5 1
             :
           226.5 1
             :
           228.5 1
             :
           230.5 1
             :
           232.5 1
             :
           235.5 1
             :
           240.5 1
           241.5 1
             :
           248.5 1
             :
           257.5 1
           258.5 1
             :
           263.5 1
             :
           266.5 1
             :
           269.5 1
             :
           274.5 1
             :
           277.5 1
             :
           279.5 1
             :
           283.5 1
           284.5 1
             :
           297.5 1
             :
           311.5 1
             :
           321.5 1
             :
           345.5 1
             :
           348.5 1
             :
           361.5 1
             :
           366.5 1
             :
           389.5 1

Total: connections 2880 requests 2880 replies 2880 test-duration 179.953 s

Connection rate: 16.0 conn/s (62.5 ms/conn, <=2 concurrent connections)
Connection time [ms]: min 10.3 avg 17.8 max 389.2 median 12.5 stddev 31.8
Connection time [ms]: connect 0.7
Connection length [replies/conn]: 1.000

Request rate: 16.0 req/s (62.5 ms/req)
Request size [B]: 67.0

Reply rate [replies/s]: min 15.0 avg 16.0 max 17.0 stddev 0.3 (179 samples)
Percentages of the replies served at a given rate:
   50%: 15
   66%: 15
   75%: 15
   80%: 15
   90%: 15
   95%: 16
   98%: 16
   99%: 16
  100%: 17

Reply time [ms]: response 16.1 transfer 0.9
Percentages of the requests served within a certain time (ms) :
   50%: 10
   66%: 12
   75%: 13
   80%: 14
   90%: 15
   95%: 17
   98%: 93
   99%: 194
  100%: 366

Reply size [B]: header 163.0 content 72.0 footer 2.0 (total 237.0)
Reply status: 1xx=0 2xx=2880 3xx=0 4xx=0 5xx=0

CPU time [s]: user 150.10 system 29.50 (user 83.4% system 16.4% total 99.8%)
Net I/O: 4.7 KB/s (0.0*10^6 bps)

Errors: total 0 client-timo 0 socket-timo 0 connrefused 0 connreset 0
Errors: fd-unavail 0 addrunavail 0 ftab-full 0 other 0

