httperf --verbose --hog --timeout=50 --client=0/1 --server=172.16.116.116 --port=8080 --uri=/ --rate=8 --send-buffer=4096 --recv-buffer=16384 --num-conns=2400 --num-calls=1
httperf: maximum number of open descriptors = 65535
Maximum connect burst length: 1

Connection lifetime histogram (time in ms):
             :
            10.5 63
            11.5 446
            12.5 315
            13.5 214
            14.5 166
            15.5 209
            16.5 323
            17.5 237
            18.5 154
            19.5 106
            20.5 61
            21.5 30
            22.5 13
            23.5 21
            24.5 10
            25.5 7
            26.5 7
            27.5 4
            28.5 1
            29.5 1
            30.5 2
            31.5 2
             :
            35.5 2
             :
            39.5 1
             :
            64.5 1
             :
            67.5 1
             :
           217.5 1
             :
           266.5 1
             :
           332.5 1

Total: connections 2400 requests 2400 replies 2400 test-duration 299.892 s

Connection rate: 8.0 conn/s (125.0 ms/conn, <=2 concurrent connections)
Connection time [ms]: min 10.4 avg 15.5 max 332.8 median 14.5 stddev 9.9
Connection time [ms]: connect 0.8
Connection length [replies/conn]: 1.000

Request rate: 8.0 req/s (125.0 ms/req)
Request size [B]: 67.0

Reply rate [replies/s]: min 7.0 avg 8.0 max 9.0 stddev 0.1 (299 samples)
Percentages of the replies served at a given rate:
   50%: 7
   66%: 7
   75%: 7
   80%: 7
   90%: 7
   95%: 7
   98%: 7
   99%: 7
  100%: 9

Reply time [ms]: response 14.1 transfer 0.6
Percentages of the requests served within a certain time (ms) :
   50%: 13
   66%: 15
   75%: 15
   80%: 16
   90%: 17
   95%: 18
   98%: 20
   99%: 23
  100%: 332

Reply size [B]: header 162.0 content 72.0 footer 1.0 (total 235.0)
Reply status: 1xx=0 2xx=2400 3xx=0 4xx=0 5xx=0

CPU time [s]: user 253.91 system 45.52 (user 84.7% system 15.2% total 99.8%)
Net I/O: 2.4 KB/s (0.0*10^6 bps)

Errors: total 0 client-timo 0 socket-timo 0 connrefused 0 connreset 0
Errors: fd-unavail 0 addrunavail 0 ftab-full 0 other 0

