httperf --verbose --hog --timeout=50 --client=0/1 --server=172.16.116.116 --port=8080 --uri=/ --rate=1 --send-buffer=4096 --recv-buffer=16384 --num-conns=180 --num-calls=1
httperf: maximum number of open descriptors = 65535
Maximum connect burst length: 1

Connection lifetime histogram (time in ms):
             :
            11.5 4
            12.5 2
            13.5 3
            14.5 2
            15.5 9
            16.5 2
            17.5 3
             :
            19.5 1
            20.5 2
            21.5 3
            22.5 1
             :
            29.5 1
            30.5 1
             :
            45.5 1
             :
            48.5 1
             :
            55.5 1
             :
            58.5 1
             :
            76.5 1
             :
            79.5 1
             :
            83.5 1
             :
            97.5 1
             :
           104.5 1
           105.5 1
             :
           109.5 1
           110.5 1
             :
           112.5 1
             :
           114.5 1
             :
           116.5 1
             :
           119.5 1
           120.5 1
             :
           123.5 1
             :
           127.5 1
             :
           146.5 1
             :
           156.5 1
             :
           160.5 1
             :
           163.5 1
             :
           174.5 1
           175.5 1
           176.5 1
           177.5 1
           178.5 1
             :
           190.5 1
             :
           193.5 1
           194.5 1
             :
           208.5 1
             :
           210.5 1
             :
           215.5 1
             :
           222.5 1
             :
           236.5 1
             :
           239.5 1
             :
           243.5 1
             :
           245.5 1
             :
           250.5 1
             :
           252.5 1
             :
           254.5 1
             :
           257.5 2
           258.5 1
             :
           271.5 1
           272.5 1
             :
           285.5 1
             :
           288.5 1
             :
           292.5 1
             :
           294.5 1
             :
           297.5 2
             :
           299.5 1
             :
           303.5 1
             :
           308.5 1
             :
           311.5 1
             :
           319.5 1
             :
           336.5 2
             :
           338.5 1
             :
           378.5 1
             :
           381.5 1
             :
           386.5 1
             :
           391.5 1
           392.5 1
             :
           399.5 1
             :
           403.5 1
           404.5 1
           405.5 1
           406.5 1
             :
           408.5 1
           409.5 1
             :
           425.5 1
             :
           430.5 1
             :
           445.5 1
             :
           448.5 1
           449.5 1
             :
           453.5 1
             :
           469.5 1
             :
           473.5 1
             :
           478.5 1
             :
           482.5 1
             :
           490.5 1
             :
           492.5 1
           493.5 2
             :
           496.5 1
             :
           506.5 1
             :
           517.5 1
             :
           522.5 1
           523.5 1
             :
           526.5 1
             :
           544.5 1
           545.5 2
             :
           547.5 1
             :
           553.5 1
             :
           564.5 1
             :
           577.5 1
             :
           596.5 1
             :
           600.5 1
             :
           606.5 2
           607.5 1
           608.5 1
           609.5 1
             :
           611.5 1
             :
           614.5 1
             :
           651.5 1
             :
           660.5 1
             :
           664.5 1
             :
           666.5 1
             :
           671.5 3
             :
           674.5 1
             :
           679.5 1
             :
           681.5 2
           682.5 1
             :
           693.5 2
             :
           707.5 1
             :
           710.5 2
           711.5 1
             :
           731.5 1
             :
           737.5 1
             :
           742.5 1
             :
           745.5 1
             :
           751.5 1
             :
           753.5 1
             :
           765.5 1
             :
           780.5 1
             :
           787.5 1
             :
           791.5 1
             :
           794.5 1
             :
           804.5 1
             :
           810.5 1
             :
           885.5 1
             :
           901.5 1
             :
          1036.5 1
             :
          1095.5 1
             :
          1201.5 1
             :
          1227.5 1

Total: connections 180 requests 180 replies 180 test-duration 179.523 s

Connection rate: 1.0 conn/s (997.4 ms/conn, <=2 concurrent connections)
Connection time [ms]: min 11.1 avg 361.3 max 1227.7 median 308.5 stddev 282.3
Connection time [ms]: connect 1.7
Connection length [replies/conn]: 1.000

Request rate: 1.0 req/s (997.4 ms/req)
Request size [B]: 67.0

Reply rate [replies/s]: min 0.0 avg 1.0 max 2.0 stddev 0.2 (179 samples)
Percentages of the replies served at a given rate:
   50%: 1
   66%: 1
   75%: 1
   80%: 1
   90%: 1
   95%: 1
   98%: 1
   99%: 1
  100%: 2

Reply time [ms]: response 337.2 transfer 22.3
Percentages of the requests served within a certain time (ms) :
   50%: 301
   66%: 471
   75%: 524
   80%: 563
   90%: 670
   95%: 729
   98%: 883
   99%: 1200
  100%: 1226

Reply size [B]: header 162.0 content 72.0 footer 1.0 (total 235.0)
Reply status: 1xx=0 2xx=180 3xx=0 4xx=0 5xx=0

CPU time [s]: user 152.56 system 26.74 (user 85.0% system 14.9% total 99.9%)
Net I/O: 0.3 KB/s (0.0*10^6 bps)

Errors: total 0 client-timo 0 socket-timo 0 connrefused 0 connreset 0
Errors: fd-unavail 0 addrunavail 0 ftab-full 0 other 0

