httperf --verbose --hog --timeout=50 --client=0/1 --server=172.16.116.116 --port=8080 --uri=/ --rate=8 --send-buffer=4096 --recv-buffer=16384 --num-conns=1440 --num-calls=1
httperf: maximum number of open descriptors = 65535
Maximum connect burst length: 1

Connection lifetime histogram (time in ms):
             :
             9.5 1
            10.5 36
            11.5 244
            12.5 169
            13.5 135
            14.5 124
            15.5 133
            16.5 165
            17.5 131
            18.5 81
            19.5 53
            20.5 37
            21.5 25
            22.5 12
            23.5 10
            24.5 6
            25.5 9
            26.5 3
            27.5 3
             :
            29.5 1
            30.5 1
             :
            32.5 1
             :
            36.5 1
            37.5 1
             :
            45.5 1
             :
            64.5 1
             :
            74.5 1
             :
            87.5 1
             :
            91.5 1
             :
           103.5 1
             :
           107.5 1
             :
           113.5 1
             :
           115.5 1
           116.5 1
             :
           138.5 1
             :
           159.5 1
             :
           164.5 1
             :
           166.5 1
             :
           171.5 2
             :
           175.5 1
             :
           180.5 1
             :
           188.5 1
           189.5 1
           190.5 1
           191.5 3
             :
           193.5 1
             :
           196.5 1
             :
           201.5 2
             :
           204.5 2
             :
           207.5 1
             :
           209.5 1
             :
           211.5 2
           212.5 1
           213.5 2
             :
           217.5 2
             :
           219.5 1
             :
           221.5 1
             :
           230.5 1
             :
           239.5 1
             :
           242.5 1
           243.5 1
             :
           250.5 1
             :
           252.5 1
           253.5 1
             :
           266.5 2
             :
           274.5 1
             :
           302.5 2
             :
           306.5 1
             :
           308.5 1
             :
           319.5 1
             :
           322.5 1
             :
           324.5 1

Total: connections 1440 requests 1440 replies 1440 test-duration 179.892 s

Connection rate: 8.0 conn/s (124.9 ms/conn, <=2 concurrent connections)
Connection time [ms]: min 10.0 avg 22.7 max 324.3 median 15.5 stddev 39.0
Connection time [ms]: connect 1.0
Connection length [replies/conn]: 1.000

Request rate: 8.0 req/s (124.9 ms/req)
Request size [B]: 67.0

Reply rate [replies/s]: min 7.0 avg 8.0 max 9.0 stddev 0.2 (179 samples)
Percentages of the replies served at a given rate:
   50%: 7
   66%: 7
   75%: 7
   80%: 7
   90%: 7
   95%: 7
   98%: 8
   99%: 8
  100%: 9

Reply time [ms]: response 20.6 transfer 1.0
Percentages of the requests served within a certain time (ms) :
   50%: 13
   66%: 15
   75%: 15
   80%: 16
   90%: 18
   95%: 23
   98%: 185
   99%: 210
  100%: 323

Reply size [B]: header 163.0 content 72.0 footer 2.0 (total 237.0)
Reply status: 1xx=0 2xx=1440 3xx=0 4xx=0 5xx=0

CPU time [s]: user 148.74 system 30.84 (user 82.7% system 17.1% total 99.8%)
Net I/O: 2.4 KB/s (0.0*10^6 bps)

Errors: total 0 client-timo 0 socket-timo 0 connrefused 0 connreset 0
Errors: fd-unavail 0 addrunavail 0 ftab-full 0 other 0

