httperf --verbose --hog --timeout=50 --client=0/1 --server=172.16.116.116 --port=8080 --uri=/ --rate=16 --send-buffer=4096 --recv-buffer=16384 --num-conns=4800 --num-calls=1
httperf: maximum number of open descriptors = 65535
Maximum connect burst length: 1

Connection lifetime histogram (time in ms):
             :
            85.5 1
             :
           136.5 1
             :
           140.5 1
             :
           142.5 1
             :
           155.5 1
             :
           170.5 1
             :
           173.5 1
             :
           178.5 1
           179.5 1
           180.5 1
           181.5 1
           182.5 1
           183.5 1
             :
           188.5 1
           189.5 1
           190.5 3
             :
           192.5 1
           193.5 1
           194.5 2
           195.5 1
             :
           197.5 1
           198.5 4
             :
           200.5 2
           201.5 1
           202.5 1
           203.5 3
           204.5 6
           205.5 4
           206.5 2
           207.5 6
           208.5 2
           209.5 3
           210.5 3
           211.5 4
           212.5 3
           213.5 6
           214.5 2
           215.5 5
           216.5 5
           217.5 5
           218.5 4
           219.5 3
           220.5 6
           221.5 4
           222.5 1
           223.5 7
           224.5 5
           225.5 3
           226.5 8
           227.5 7
           228.5 6
           229.5 5
           230.5 10
           231.5 7
           232.5 4
           233.5 6
           234.5 11
           235.5 6
           236.5 6
           237.5 9
           238.5 7
           239.5 12
           240.5 11
           241.5 11
           242.5 8
           243.5 11
           244.5 10
           245.5 8
           246.5 13
           247.5 15
           248.5 9
           249.5 13
           250.5 12
           251.5 16
           252.5 17
           253.5 19
           254.5 21
           255.5 17
           256.5 18
           257.5 18
           258.5 19
           259.5 11
           260.5 17
           261.5 14
           262.5 13
           263.5 9
           264.5 16
           265.5 20
           266.5 17
           267.5 17
           268.5 20
           269.5 14
           270.5 19
           271.5 16
           272.5 26
           273.5 14
           274.5 25
           275.5 30
           276.5 17
           277.5 22
           278.5 26
           279.5 18
           280.5 20
           281.5 26
           282.5 25
           283.5 25
           284.5 35
           285.5 25
           286.5 24
           287.5 20
           288.5 20
           289.5 34
           290.5 17
           291.5 31
           292.5 26
           293.5 29
           294.5 30
           295.5 40
           296.5 32
           297.5 37
           298.5 39
           299.5 36
           300.5 33
           301.5 28
           302.5 31
           303.5 29
           304.5 34
           305.5 23
           306.5 29
           307.5 29
           308.5 37
           309.5 24
           310.5 28
           311.5 32
           312.5 37
           313.5 34
           314.5 36
           315.5 29
           316.5 37
           317.5 34
           318.5 30
           319.5 36
           320.5 29
           321.5 28
           322.5 36
           323.5 29
           324.5 31
           325.5 28
           326.5 36
           327.5 40
           328.5 34
           329.5 29
           330.5 39
           331.5 39
           332.5 33
           333.5 31
           334.5 34
           335.5 29
           336.5 28
           337.5 32
           338.5 27
           339.5 42
           340.5 28
           341.5 30
           342.5 35
           343.5 21
           344.5 29
           345.5 36
           346.5 29
           347.5 35
           348.5 22
           349.5 28
           350.5 23
           351.5 29
           352.5 30
           353.5 36
           354.5 21
           355.5 32
           356.5 24
           357.5 27
           358.5 24
           359.5 36
           360.5 22
           361.5 28
           362.5 29
           363.5 20
           364.5 34
           365.5 32
           366.5 25
           367.5 29
           368.5 26
           369.5 24
           370.5 20
           371.5 27
           372.5 24
           373.5 20
           374.5 21
           375.5 21
           376.5 24
           377.5 33
           378.5 24
           379.5 27
           380.5 32
           381.5 22
           382.5 22
           383.5 12
           384.5 17
           385.5 21
           386.5 16
           387.5 13
           388.5 18
           389.5 20
           390.5 23
           391.5 18
           392.5 29
           393.5 18
           394.5 16
           395.5 22
           396.5 32
           397.5 11
           398.5 19
           399.5 15
           400.5 20
           401.5 12
           402.5 16
           403.5 12
           404.5 11
           405.5 18
           406.5 15
           407.5 15
           408.5 10
           409.5 12
           410.5 13
           411.5 9
           412.5 17
           413.5 12
           414.5 11
           415.5 19
           416.5 14
           417.5 12
           418.5 14
           419.5 6
           420.5 8
           421.5 10
           422.5 13
           423.5 7
           424.5 13
           425.5 11
           426.5 9
           427.5 5
           428.5 12
           429.5 4
           430.5 9
           431.5 12
           432.5 6
           433.5 7
           434.5 14
           435.5 6
           436.5 7
           437.5 4
           438.5 7
           439.5 7
           440.5 10
           441.5 9
           442.5 4
           443.5 5
           444.5 3
           445.5 2
           446.5 3
           447.5 2
           448.5 2
           449.5 3
           450.5 3
           451.5 6
           452.5 4
           453.5 3
           454.5 2
           455.5 5
           456.5 2
           457.5 4
           458.5 2
           459.5 1
           460.5 5
           461.5 3
             :
           463.5 7
           464.5 2
           465.5 3
           466.5 3
           467.5 3
           468.5 2
           469.5 4
           470.5 1
           471.5 1
             :
           473.5 2
           474.5 1
           475.5 1
           476.5 2
           477.5 4
           478.5 3
             :
           480.5 2
           481.5 1
             :
           485.5 3
           486.5 1
           487.5 1
           488.5 3
           489.5 2
           490.5 1
           491.5 1
             :
           494.5 2
           495.5 1
             :
           497.5 1
           498.5 1
           499.5 2
             :
           507.5 1
             :
           514.5 1
             :
           525.5 1
             :
           532.5 2
             :
           718.5 1

Total: connections 4800 requests 4800 replies 4800 test-duration 300.251 s

Connection rate: 16.0 conn/s (62.6 ms/conn, <=9 concurrent connections)
Connection time [ms]: min 85.4 avg 332.1 max 718.8 median 330.5 stddev 57.5
Connection time [ms]: connect 1.0
Connection length [replies/conn]: 1.000

Request rate: 16.0 req/s (62.6 ms/req)
Request size [B]: 67.0

Reply rate [replies/s]: min 12.0 avg 16.0 max 19.0 stddev 1.1 (300 samples)
Percentages of the replies served at a given rate:
   50%: 15
   66%: 15
   75%: 16
   80%: 16
   90%: 16
   95%: 17
   98%: 17
   99%: 17
  100%: 19

Reply time [ms]: response 305.6 transfer 25.4
Percentages of the requests served within a certain time (ms) :
   50%: 304
   66%: 329
   75%: 346
   80%: 357
   90%: 384
   95%: 406
   98%: 430
   99%: 443
  100%: 628

Reply size [B]: header 162.0 content 72.0 footer 1.0 (total 235.0)
Reply status: 1xx=0 2xx=4800 3xx=0 4xx=0 5xx=0

CPU time [s]: user 221.78 system 77.90 (user 73.9% system 25.9% total 99.8%)
Net I/O: 4.7 KB/s (0.0*10^6 bps)

Errors: total 0 client-timo 0 socket-timo 0 connrefused 0 connreset 0
Errors: fd-unavail 0 addrunavail 0 ftab-full 0 other 0

