httperf --verbose --hog --timeout=50 --client=0/1 --server=172.16.116.116 --port=8080 --uri=/ --rate=16 --send-buffer=4096 --recv-buffer=16384 --num-conns=4800 --num-calls=1
httperf: maximum number of open descriptors = 65535
Maximum connect burst length: 1

Connection lifetime histogram (time in ms):
             :
           125.5 1
             :
           138.5 1
             :
           141.5 1
             :
           150.5 1
           151.5 1
             :
           153.5 1
           154.5 1
             :
           159.5 1
             :
           163.5 1
             :
           165.5 1
             :
           167.5 1
             :
           171.5 1
           172.5 1
             :
           174.5 1
             :
           177.5 5
             :
           179.5 1
             :
           183.5 2
           184.5 2
             :
           186.5 1
           187.5 2
             :
           189.5 2
             :
           191.5 1
             :
           193.5 5
           194.5 1
           195.5 1
           196.5 1
           197.5 2
           198.5 2
           199.5 3
           200.5 4
             :
           202.5 1
           203.5 1
           204.5 5
           205.5 1
           206.5 3
           207.5 1
           208.5 6
           209.5 3
           210.5 7
           211.5 4
           212.5 8
           213.5 4
           214.5 6
           215.5 2
           216.5 1
           217.5 2
           218.5 4
           219.5 3
           220.5 2
           221.5 2
           222.5 3
           223.5 4
           224.5 7
           225.5 7
           226.5 6
           227.5 5
           228.5 3
           229.5 8
           230.5 7
           231.5 4
           232.5 7
           233.5 6
           234.5 8
           235.5 8
           236.5 9
           237.5 7
           238.5 9
           239.5 6
           240.5 11
           241.5 19
           242.5 9
           243.5 9
           244.5 9
           245.5 10
           246.5 15
           247.5 16
           248.5 13
           249.5 7
           250.5 14
           251.5 9
           252.5 18
           253.5 14
           254.5 14
           255.5 15
           256.5 15
           257.5 13
           258.5 22
           259.5 15
           260.5 13
           261.5 17
           262.5 19
           263.5 18
           264.5 26
           265.5 22
           266.5 12
           267.5 18
           268.5 22
           269.5 24
           270.5 16
           271.5 22
           272.5 16
           273.5 18
           274.5 21
           275.5 37
           276.5 18
           277.5 22
           278.5 21
           279.5 25
           280.5 23
           281.5 26
           282.5 31
           283.5 26
           284.5 33
           285.5 20
           286.5 29
           287.5 38
           288.5 36
           289.5 23
           290.5 27
           291.5 24
           292.5 26
           293.5 29
           294.5 38
           295.5 25
           296.5 35
           297.5 33
           298.5 25
           299.5 25
           300.5 36
           301.5 32
           302.5 23
           303.5 39
           304.5 25
           305.5 28
           306.5 27
           307.5 43
           308.5 29
           309.5 35
           310.5 26
           311.5 32
           312.5 25
           313.5 29
           314.5 31
           315.5 30
           316.5 39
           317.5 21
           318.5 28
           319.5 28
           320.5 37
           321.5 24
           322.5 40
           323.5 26
           324.5 36
           325.5 32
           326.5 30
           327.5 38
           328.5 29
           329.5 43
           330.5 22
           331.5 26
           332.5 25
           333.5 33
           334.5 30
           335.5 34
           336.5 34
           337.5 25
           338.5 34
           339.5 32
           340.5 34
           341.5 31
           342.5 30
           343.5 28
           344.5 36
           345.5 23
           346.5 32
           347.5 34
           348.5 37
           349.5 25
           350.5 26
           351.5 30
           352.5 34
           353.5 32
           354.5 30
           355.5 35
           356.5 27
           357.5 29
           358.5 36
           359.5 26
           360.5 19
           361.5 34
           362.5 18
           363.5 25
           364.5 28
           365.5 30
           366.5 26
           367.5 25
           368.5 22
           369.5 30
           370.5 21
           371.5 23
           372.5 16
           373.5 19
           374.5 24
           375.5 26
           376.5 12
           377.5 23
           378.5 19
           379.5 21
           380.5 25
           381.5 27
           382.5 16
           383.5 27
           384.5 26
           385.5 22
           386.5 18
           387.5 28
           388.5 20
           389.5 17
           390.5 25
           391.5 19
           392.5 19
           393.5 25
           394.5 16
           395.5 16
           396.5 33
           397.5 18
           398.5 15
           399.5 20
           400.5 11
           401.5 14
           402.5 13
           403.5 18
           404.5 17
           405.5 13
           406.5 13
           407.5 12
           408.5 13
           409.5 9
           410.5 19
           411.5 14
           412.5 12
           413.5 8
           414.5 9
           415.5 7
           416.5 19
           417.5 9
           418.5 9
           419.5 16
           420.5 6
           421.5 7
           422.5 10
           423.5 11
           424.5 15
           425.5 12
           426.5 8
           427.5 9
           428.5 6
           429.5 16
           430.5 4
           431.5 6
           432.5 4
           433.5 9
           434.5 9
           435.5 7
           436.5 7
           437.5 5
           438.5 6
           439.5 9
           440.5 8
           441.5 6
           442.5 10
           443.5 4
           444.5 4
           445.5 4
           446.5 7
           447.5 3
           448.5 7
           449.5 8
           450.5 2
           451.5 3
           452.5 4
           453.5 3
           454.5 4
           455.5 2
           456.5 3
           457.5 3
           458.5 2
           459.5 5
           460.5 6
           461.5 3
           462.5 6
           463.5 2
           464.5 1
           465.5 2
           466.5 3
           467.5 1
           468.5 4
           469.5 2
           470.5 5
           471.5 2
           472.5 1
           473.5 1
             :
           475.5 2
           476.5 1
           477.5 2
           478.5 2
             :
           483.5 1
           484.5 2
             :
           486.5 1
           487.5 2
             :
           490.5 2
             :
           494.5 1
           495.5 1
             :
           502.5 1
             :
           508.5 1
             :
           510.5 1
             :
           513.5 1
             :
           515.5 1
             :
           518.5 1
             :
           523.5 1
             :
           526.5 1
             :
           529.5 2
             :
           544.5 1
             :
           590.5 1

Total: connections 4800 requests 4800 replies 4800 test-duration 300.277 s

Connection rate: 16.0 conn/s (62.6 ms/conn, <=8 concurrent connections)
Connection time [ms]: min 125.1 avg 331.5 max 590.4 median 329.5 stddev 58.0
Connection time [ms]: connect 1.0
Connection length [replies/conn]: 1.000

Request rate: 16.0 req/s (62.6 ms/req)
Request size [B]: 67.0

Reply rate [replies/s]: min 12.0 avg 16.0 max 19.0 stddev 1.0 (300 samples)
Percentages of the replies served at a given rate:
   50%: 15
   66%: 15
   75%: 16
   80%: 16
   90%: 16
   95%: 16
   98%: 17
   99%: 17
  100%: 19

Reply time [ms]: response 306.4 transfer 24.0
Percentages of the requests served within a certain time (ms) :
   50%: 303
   66%: 331
   75%: 348
   80%: 358
   90%: 385
   95%: 405
   98%: 430
   99%: 446
  100%: 538

Reply size [B]: header 162.0 content 72.0 footer 1.0 (total 235.0)
Reply status: 1xx=0 2xx=4800 3xx=0 4xx=0 5xx=0

CPU time [s]: user 220.39 system 79.34 (user 73.4% system 26.4% total 99.8%)
Net I/O: 4.7 KB/s (0.0*10^6 bps)

Errors: total 0 client-timo 0 socket-timo 0 connrefused 0 connreset 0
Errors: fd-unavail 0 addrunavail 0 ftab-full 0 other 0

