httperf --verbose --hog --timeout=50 --client=0/1 --server=172.16.116.116 --port=8080 --uri=/ --rate=16 --send-buffer=4096 --recv-buffer=16384 --num-conns=4800 --num-calls=1
httperf: maximum number of open descriptors = 65535
Maximum connect burst length: 1

Connection lifetime histogram (time in ms):
             :
           103.5 1
             :
           105.5 1
             :
           124.5 1
           125.5 1
             :
           129.5 1
             :
           139.5 1
             :
           153.5 1
             :
           157.5 1
             :
           167.5 2
             :
           169.5 3
           170.5 1
           171.5 1
             :
           175.5 1
           176.5 1
           177.5 1
             :
           184.5 2
           185.5 2
           186.5 1
           187.5 1
           188.5 3
           189.5 1
             :
           191.5 3
           192.5 1
           193.5 1
           194.5 1
           195.5 2
           196.5 4
           197.5 2
           198.5 1
           199.5 4
           200.5 2
           201.5 1
           202.5 1
           203.5 3
           204.5 1
             :
           206.5 2
           207.5 3
           208.5 3
           209.5 2
           210.5 1
           211.5 1
           212.5 3
           213.5 3
           214.5 4
           215.5 2
           216.5 3
           217.5 2
           218.5 3
           219.5 7
           220.5 10
           221.5 6
           222.5 5
           223.5 5
           224.5 1
           225.5 5
           226.5 10
           227.5 8
           228.5 6
           229.5 2
           230.5 3
           231.5 10
           232.5 14
           233.5 10
           234.5 8
           235.5 12
           236.5 5
           237.5 9
           238.5 12
           239.5 8
           240.5 8
           241.5 6
           242.5 5
           243.5 15
           244.5 14
           245.5 12
           246.5 9
           247.5 15
           248.5 14
           249.5 19
           250.5 12
           251.5 12
           252.5 12
           253.5 15
           254.5 15
           255.5 13
           256.5 17
           257.5 19
           258.5 11
           259.5 20
           260.5 18
           261.5 16
           262.5 20
           263.5 18
           264.5 22
           265.5 22
           266.5 19
           267.5 21
           268.5 15
           269.5 20
           270.5 21
           271.5 26
           272.5 21
           273.5 16
           274.5 29
           275.5 16
           276.5 19
           277.5 18
           278.5 20
           279.5 28
           280.5 30
           281.5 35
           282.5 12
           283.5 22
           284.5 31
           285.5 12
           286.5 34
           287.5 23
           288.5 20
           289.5 40
           290.5 29
           291.5 23
           292.5 29
           293.5 14
           294.5 37
           295.5 44
           296.5 27
           297.5 34
           298.5 32
           299.5 31
           300.5 30
           301.5 28
           302.5 30
           303.5 42
           304.5 26
           305.5 27
           306.5 46
           307.5 34
           308.5 32
           309.5 35
           310.5 32
           311.5 27
           312.5 20
           313.5 20
           314.5 40
           315.5 30
           316.5 27
           317.5 27
           318.5 32
           319.5 31
           320.5 33
           321.5 34
           322.5 30
           323.5 22
           324.5 37
           325.5 30
           326.5 21
           327.5 37
           328.5 34
           329.5 45
           330.5 31
           331.5 33
           332.5 27
           333.5 33
           334.5 37
           335.5 29
           336.5 23
           337.5 25
           338.5 29
           339.5 33
           340.5 32
           341.5 37
           342.5 39
           343.5 29
           344.5 30
           345.5 31
           346.5 30
           347.5 30
           348.5 23
           349.5 38
           350.5 28
           351.5 33
           352.5 25
           353.5 22
           354.5 22
           355.5 31
           356.5 35
           357.5 31
           358.5 27
           359.5 23
           360.5 26
           361.5 16
           362.5 29
           363.5 32
           364.5 24
           365.5 24
           366.5 13
           367.5 27
           368.5 22
           369.5 19
           370.5 25
           371.5 26
           372.5 16
           373.5 30
           374.5 25
           375.5 12
           376.5 23
           377.5 25
           378.5 19
           379.5 25
           380.5 28
           381.5 21
           382.5 21
           383.5 24
           384.5 20
           385.5 16
           386.5 21
           387.5 30
           388.5 19
           389.5 21
           390.5 22
           391.5 24
           392.5 20
           393.5 19
           394.5 21
           395.5 16
           396.5 23
           397.5 21
           398.5 15
           399.5 22
           400.5 13
           401.5 14
           402.5 18
           403.5 17
           404.5 21
           405.5 10
           406.5 17
           407.5 12
           408.5 18
           409.5 18
           410.5 17
           411.5 12
           412.5 13
           413.5 15
           414.5 10
           415.5 12
           416.5 8
           417.5 10
           418.5 18
           419.5 12
           420.5 10
           421.5 7
           422.5 4
           423.5 4
           424.5 11
           425.5 4
           426.5 13
           427.5 8
           428.5 4
           429.5 13
           430.5 12
           431.5 10
           432.5 3
           433.5 12
           434.5 12
           435.5 9
           436.5 12
           437.5 9
           438.5 3
           439.5 10
           440.5 4
           441.5 2
           442.5 8
           443.5 2
           444.5 4
           445.5 5
           446.5 4
           447.5 3
           448.5 5
           449.5 10
           450.5 8
           451.5 3
           452.5 4
           453.5 7
           454.5 8
           455.5 3
           456.5 5
           457.5 1
           458.5 5
           459.5 4
           460.5 7
           461.5 3
           462.5 5
           463.5 1
           464.5 1
           465.5 1
           466.5 1
           467.5 2
           468.5 2
           469.5 1
           470.5 2
           471.5 2
           472.5 2
           473.5 4
           474.5 2
           475.5 1
           476.5 1
           477.5 2
           478.5 1
           479.5 1
             :
           481.5 1
           482.5 1
             :
           484.5 1
           485.5 2
           486.5 1
             :
           488.5 3
             :
           491.5 2
             :
           496.5 1
           497.5 1
             :
           500.5 1
           501.5 1
             :
           514.5 1
             :
           536.5 2
             :
           540.5 1
             :
           550.5 1
             :
           580.5 1

Total: connections 4800 requests 4800 replies 4800 test-duration 300.260 s

Connection rate: 16.0 conn/s (62.6 ms/conn, <=8 concurrent connections)
Connection time [ms]: min 103.4 avg 331.8 max 580.7 median 329.5 stddev 58.4
Connection time [ms]: connect 0.9
Connection length [replies/conn]: 1.000

Request rate: 16.0 req/s (62.6 ms/req)
Request size [B]: 67.0

Reply rate [replies/s]: min 13.0 avg 16.0 max 19.0 stddev 1.0 (300 samples)
Percentages of the replies served at a given rate:
   50%: 15
   66%: 15
   75%: 16
   80%: 16
   90%: 16
   95%: 17
   98%: 17
   99%: 17
  100%: 19

Reply time [ms]: response 305.5 transfer 25.3
Percentages of the requests served within a certain time (ms) :
   50%: 304
   66%: 331
   75%: 347
   80%: 357
   90%: 386
   95%: 405
   98%: 432
   99%: 444
  100%: 534

Reply size [B]: header 162.0 content 72.0 footer 1.0 (total 235.0)
Reply status: 1xx=0 2xx=4800 3xx=0 4xx=0 5xx=0

CPU time [s]: user 219.06 system 80.62 (user 73.0% system 26.9% total 99.8%)
Net I/O: 4.7 KB/s (0.0*10^6 bps)

Errors: total 0 client-timo 0 socket-timo 0 connrefused 0 connreset 0
Errors: fd-unavail 0 addrunavail 0 ftab-full 0 other 0

