httperf --verbose --hog --timeout=50 --client=0/1 --server=172.16.116.116 --port=8080 --uri=/ --rate=16 --send-buffer=4096 --recv-buffer=16384 --num-conns=4800 --num-calls=1
httperf: maximum number of open descriptors = 65535
Maximum connect burst length: 1

Connection lifetime histogram (time in ms):
             :
            78.5 1
             :
           111.5 1
             :
           132.5 1
           133.5 1
             :
           146.5 1
             :
           148.5 1
             :
           153.5 1
             :
           158.5 1
             :
           166.5 1
             :
           171.5 1
             :
           173.5 1
           174.5 1
           175.5 1
           176.5 1
           177.5 1
           178.5 4
             :
           181.5 2
             :
           183.5 2
             :
           187.5 1
           188.5 1
             :
           190.5 1
           191.5 1
           192.5 2
           193.5 2
             :
           195.5 3
             :
           197.5 2
           198.5 1
           199.5 1
           200.5 4
           201.5 3
           202.5 2
           203.5 1
           204.5 1
           205.5 3
           206.5 3
           207.5 1
           208.5 3
           209.5 3
             :
           211.5 3
           212.5 7
           213.5 3
           214.5 3
           215.5 10
           216.5 2
           217.5 3
           218.5 2
           219.5 4
           220.5 4
           221.5 2
           222.5 1
           223.5 3
           224.5 2
           225.5 7
           226.5 5
           227.5 3
           228.5 5
           229.5 6
           230.5 5
           231.5 7
           232.5 6
           233.5 8
           234.5 5
           235.5 7
           236.5 7
           237.5 6
           238.5 4
           239.5 9
           240.5 15
           241.5 3
           242.5 5
           243.5 11
           244.5 13
           245.5 14
           246.5 13
           247.5 11
           248.5 14
           249.5 14
           250.5 20
           251.5 15
           252.5 18
           253.5 11
           254.5 10
           255.5 15
           256.5 16
           257.5 21
           258.5 18
           259.5 15
           260.5 19
           261.5 24
           262.5 21
           263.5 25
           264.5 28
           265.5 25
           266.5 15
           267.5 21
           268.5 17
           269.5 14
           270.5 15
           271.5 21
           272.5 18
           273.5 29
           274.5 23
           275.5 22
           276.5 19
           277.5 18
           278.5 24
           279.5 23
           280.5 23
           281.5 27
           282.5 26
           283.5 26
           284.5 21
           285.5 26
           286.5 21
           287.5 29
           288.5 32
           289.5 26
           290.5 18
           291.5 25
           292.5 28
           293.5 26
           294.5 35
           295.5 33
           296.5 38
           297.5 25
           298.5 27
           299.5 39
           300.5 35
           301.5 38
           302.5 32
           303.5 27
           304.5 35
           305.5 30
           306.5 39
           307.5 22
           308.5 19
           309.5 40
           310.5 30
           311.5 38
           312.5 28
           313.5 27
           314.5 33
           315.5 26
           316.5 47
           317.5 36
           318.5 36
           319.5 25
           320.5 25
           321.5 36
           322.5 27
           323.5 36
           324.5 39
           325.5 34
           326.5 30
           327.5 32
           328.5 28
           329.5 27
           330.5 25
           331.5 34
           332.5 32
           333.5 38
           334.5 30
           335.5 27
           336.5 27
           337.5 23
           338.5 28
           339.5 32
           340.5 29
           341.5 25
           342.5 26
           343.5 30
           344.5 31
           345.5 20
           346.5 33
           347.5 26
           348.5 23
           349.5 36
           350.5 28
           351.5 45
           352.5 30
           353.5 29
           354.5 32
           355.5 33
           356.5 28
           357.5 35
           358.5 27
           359.5 29
           360.5 21
           361.5 27
           362.5 33
           363.5 23
           364.5 28
           365.5 27
           366.5 23
           367.5 14
           368.5 23
           369.5 32
           370.5 29
           371.5 27
           372.5 24
           373.5 25
           374.5 23
           375.5 14
           376.5 21
           377.5 28
           378.5 13
           379.5 24
           380.5 26
           381.5 26
           382.5 15
           383.5 19
           384.5 25
           385.5 23
           386.5 20
           387.5 25
           388.5 23
           389.5 20
           390.5 20
           391.5 22
           392.5 27
           393.5 18
           394.5 18
           395.5 23
           396.5 15
           397.5 17
           398.5 19
           399.5 19
           400.5 14
           401.5 17
           402.5 22
           403.5 16
           404.5 14
           405.5 14
           406.5 10
           407.5 18
           408.5 14
           409.5 11
           410.5 12
           411.5 13
           412.5 17
           413.5 8
           414.5 10
           415.5 12
           416.5 11
           417.5 11
           418.5 16
           419.5 8
           420.5 17
           421.5 15
           422.5 9
           423.5 9
           424.5 17
           425.5 7
           426.5 9
           427.5 12
           428.5 9
           429.5 9
           430.5 11
           431.5 3
           432.5 7
           433.5 6
           434.5 10
           435.5 6
           436.5 4
           437.5 12
           438.5 6
           439.5 5
           440.5 13
           441.5 7
           442.5 4
           443.5 2
           444.5 7
           445.5 6
           446.5 3
           447.5 7
           448.5 5
           449.5 4
           450.5 6
           451.5 2
           452.5 5
           453.5 4
           454.5 5
           455.5 3
           456.5 3
           457.5 1
           458.5 4
           459.5 3
           460.5 3
           461.5 3
           462.5 1
           463.5 1
           464.5 4
           465.5 1
           466.5 1
           467.5 1
           468.5 1
           469.5 1
           470.5 2
           471.5 2
           472.5 1
           473.5 1
           474.5 3
           475.5 1
           476.5 3
           477.5 1
           478.5 3
             :
           480.5 2
           481.5 2
             :
           483.5 1
           484.5 1
             :
           486.5 2
           487.5 2
             :
           489.5 1
           490.5 1
             :
           495.5 1
             :
           497.5 2
           498.5 1
             :
           500.5 2
           501.5 1
             :
           507.5 1
           508.5 1
             :
           511.5 1
             :
           517.5 1
             :
           521.5 1
             :
           524.5 1
             :
           537.5 1
             :
           590.5 1
             :
           603.5 1
             :
           626.5 1

Total: connections 4800 requests 4800 replies 4800 test-duration 300.156 s

Connection rate: 16.0 conn/s (62.5 ms/conn, <=8 concurrent connections)
Connection time [ms]: min 79.0 avg 332.4 max 626.4 median 329.5 stddev 58.0
Connection time [ms]: connect 1.0
Connection length [replies/conn]: 1.000

Request rate: 16.0 req/s (62.5 ms/req)
Request size [B]: 67.0

Reply rate [replies/s]: min 13.0 avg 16.0 max 20.0 stddev 1.0 (300 samples)
Percentages of the replies served at a given rate:
   50%: 15
   66%: 15
   75%: 16
   80%: 16
   90%: 16
   95%: 17
   98%: 17
   99%: 17
  100%: 20

Reply time [ms]: response 305.7 transfer 25.7
Percentages of the requests served within a certain time (ms) :
   50%: 304
   66%: 331
   75%: 348
   80%: 357
   90%: 384
   95%: 404
   98%: 431
   99%: 444
  100%: 625

Reply size [B]: header 162.0 content 72.0 footer 1.0 (total 235.0)
Reply status: 1xx=0 2xx=4800 3xx=0 4xx=0 5xx=0

CPU time [s]: user 220.75 system 78.83 (user 73.5% system 26.3% total 99.8%)
Net I/O: 4.7 KB/s (0.0*10^6 bps)

Errors: total 0 client-timo 0 socket-timo 0 connrefused 0 connreset 0
Errors: fd-unavail 0 addrunavail 0 ftab-full 0 other 0

