httperf --verbose --hog --timeout=50 --client=0/1 --server=172.16.116.116 --port=8080 --uri=/ --rate=16 --send-buffer=4096 --recv-buffer=16384 --num-conns=4800 --num-calls=1
httperf: maximum number of open descriptors = 65535
Maximum connect burst length: 1

Connection lifetime histogram (time in ms):
             :
            89.5 1
             :
           104.5 1
           105.5 1
             :
           117.5 1
             :
           121.5 1
             :
           138.5 1
             :
           151.5 1
             :
           153.5 1
             :
           161.5 1
             :
           174.5 1
             :
           178.5 2
             :
           180.5 1
           181.5 2
             :
           184.5 1
           185.5 1
             :
           187.5 2
             :
           189.5 1
             :
           191.5 1
           192.5 1
           193.5 1
           194.5 3
             :
           196.5 2
           197.5 1
           198.5 1
           199.5 1
           200.5 2
           201.5 4
           202.5 2
           203.5 1
           204.5 3
           205.5 2
           206.5 4
           207.5 4
           208.5 3
           209.5 1
           210.5 3
           211.5 5
           212.5 4
           213.5 3
             :
           215.5 4
           216.5 7
           217.5 3
           218.5 5
           219.5 4
           220.5 7
           221.5 2
           222.5 1
           223.5 6
           224.5 7
           225.5 7
           226.5 3
           227.5 6
           228.5 9
           229.5 3
           230.5 9
           231.5 6
           232.5 9
           233.5 5
           234.5 8
           235.5 10
           236.5 9
           237.5 9
           238.5 9
           239.5 10
           240.5 7
           241.5 16
           242.5 9
           243.5 11
           244.5 5
           245.5 13
           246.5 11
           247.5 9
           248.5 14
           249.5 3
           250.5 12
           251.5 6
           252.5 12
           253.5 13
           254.5 18
           255.5 11
           256.5 15
           257.5 16
           258.5 19
           259.5 16
           260.5 15
           261.5 12
           262.5 13
           263.5 18
           264.5 25
           265.5 14
           266.5 21
           267.5 28
           268.5 25
           269.5 24
           270.5 20
           271.5 23
           272.5 19
           273.5 28
           274.5 29
           275.5 22
           276.5 25
           277.5 26
           278.5 28
           279.5 27
           280.5 25
           281.5 28
           282.5 18
           283.5 24
           284.5 28
           285.5 27
           286.5 25
           287.5 33
           288.5 25
           289.5 28
           290.5 24
           291.5 19
           292.5 33
           293.5 29
           294.5 26
           295.5 23
           296.5 23
           297.5 49
           298.5 31
           299.5 22
           300.5 30
           301.5 20
           302.5 19
           303.5 17
           304.5 29
           305.5 27
           306.5 32
           307.5 27
           308.5 30
           309.5 26
           310.5 34
           311.5 32
           312.5 24
           313.5 36
           314.5 36
           315.5 24
           316.5 24
           317.5 33
           318.5 24
           319.5 34
           320.5 33
           321.5 48
           322.5 32
           323.5 32
           324.5 33
           325.5 37
           326.5 35
           327.5 26
           328.5 34
           329.5 35
           330.5 32
           331.5 30
           332.5 26
           333.5 34
           334.5 25
           335.5 26
           336.5 25
           337.5 29
           338.5 44
           339.5 32
           340.5 44
           341.5 29
           342.5 41
           343.5 43
           344.5 35
           345.5 36
           346.5 14
           347.5 41
           348.5 37
           349.5 28
           350.5 30
           351.5 35
           352.5 31
           353.5 30
           354.5 28
           355.5 23
           356.5 31
           357.5 21
           358.5 29
           359.5 30
           360.5 23
           361.5 26
           362.5 22
           363.5 22
           364.5 33
           365.5 25
           366.5 30
           367.5 20
           368.5 19
           369.5 32
           370.5 17
           371.5 24
           372.5 17
           373.5 33
           374.5 22
           375.5 12
           376.5 23
           377.5 29
           378.5 23
           379.5 19
           380.5 19
           381.5 16
           382.5 19
           383.5 25
           384.5 31
           385.5 22
           386.5 20
           387.5 17
           388.5 28
           389.5 17
           390.5 18
           391.5 19
           392.5 18
           393.5 17
           394.5 18
           395.5 24
           396.5 15
           397.5 22
           398.5 16
           399.5 15
           400.5 17
           401.5 17
           402.5 13
           403.5 13
           404.5 16
           405.5 7
           406.5 14
           407.5 14
           408.5 14
           409.5 20
           410.5 16
           411.5 21
           412.5 15
           413.5 12
           414.5 13
           415.5 14
           416.5 13
           417.5 11
           418.5 7
           419.5 16
           420.5 14
           421.5 17
           422.5 18
           423.5 11
           424.5 11
           425.5 7
           426.5 8
           427.5 6
           428.5 10
           429.5 8
           430.5 10
           431.5 12
           432.5 11
           433.5 11
           434.5 1
           435.5 4
           436.5 11
           437.5 9
           438.5 10
           439.5 6
           440.5 6
           441.5 6
           442.5 4
           443.5 2
           444.5 7
           445.5 10
           446.5 8
           447.5 3
           448.5 9
           449.5 11
           450.5 4
           451.5 2
           452.5 5
           453.5 2
           454.5 8
           455.5 7
           456.5 3
           457.5 3
           458.5 1
           459.5 3
           460.5 2
           461.5 2
           462.5 2
             :
           464.5 3
           465.5 5
           466.5 2
           467.5 2
           468.5 4
           469.5 1
           470.5 4
           471.5 2
           472.5 1
           473.5 2
           474.5 3
             :
           478.5 1
             :
           481.5 3
           482.5 1
           483.5 2
           484.5 1
           485.5 2
           486.5 1
             :
           491.5 1
             :
           494.5 1
           495.5 1
           496.5 3
             :
           498.5 2
           499.5 1
             :
           503.5 1
           504.5 1
             :
           512.5 1
           513.5 1
             :
           543.5 1
             :
           660.5 1

Total: connections 4800 requests 4800 replies 4800 test-duration 300.225 s

Connection rate: 16.0 conn/s (62.5 ms/conn, <=8 concurrent connections)
Connection time [ms]: min 89.9 avg 333.1 max 660.9 median 331.5 stddev 58.1
Connection time [ms]: connect 1.1
Connection length [replies/conn]: 1.000

Request rate: 16.0 req/s (62.5 ms/req)
Request size [B]: 67.0

Reply rate [replies/s]: min 12.0 avg 16.0 max 19.0 stddev 1.2 (300 samples)
Percentages of the replies served at a given rate:
   50%: 15
   66%: 15
   75%: 16
   80%: 16
   90%: 16
   95%: 17
   98%: 17
   99%: 17
  100%: 19

Reply time [ms]: response 306.9 transfer 25.1
Percentages of the requests served within a certain time (ms) :
   50%: 305
   66%: 331
   75%: 347
   80%: 357
   90%: 385
   95%: 408
   98%: 432
   99%: 446
  100%: 567

Reply size [B]: header 162.0 content 72.0 footer 1.0 (total 235.0)
Reply status: 1xx=0 2xx=4800 3xx=0 4xx=0 5xx=0

CPU time [s]: user 222.60 system 77.06 (user 74.1% system 25.7% total 99.8%)
Net I/O: 4.7 KB/s (0.0*10^6 bps)

Errors: total 0 client-timo 0 socket-timo 0 connrefused 0 connreset 0
Errors: fd-unavail 0 addrunavail 0 ftab-full 0 other 0

