httperf --verbose --hog --timeout=50 --client=0/1 --server=172.16.116.116 --port=8080 --uri=/ --rate=8 --send-buffer=4096 --recv-buffer=16384 --num-conns=2400 --num-calls=1
httperf: maximum number of open descriptors = 65535
Maximum connect burst length: 1

Connection lifetime histogram (time in ms):
             :
            10.5 162
            11.5 507
            12.5 344
            13.5 204
            14.5 178
            15.5 207
            16.5 251
            17.5 154
            18.5 103
            19.5 56
            20.5 47
            21.5 26
            22.5 12
            23.5 9
            24.5 14
            25.5 1
            26.5 2
            27.5 3
            28.5 1
             :
            30.5 1
             :
            37.5 1
             :
            42.5 1
             :
            51.5 1
             :
            53.5 2
            54.5 2
             :
            56.5 1
             :
            70.5 1
             :
            74.5 1
             :
            78.5 1
             :
            81.5 1
             :
            84.5 1
             :
            97.5 1
             :
           103.5 1
             :
           106.5 1
             :
           109.5 3
           110.5 1
             :
           115.5 1
             :
           117.5 1
             :
           119.5 1
             :
           122.5 1
             :
           124.5 1
             :
           129.5 1
             :
           134.5 1
           135.5 1
           136.5 1
             :
           139.5 2
             :
           144.5 1
             :
           146.5 1
             :
           149.5 1
             :
           152.5 1
             :
           156.5 3
           157.5 3
             :
           163.5 2
             :
           166.5 2
           167.5 2
             :
           172.5 1
           173.5 1
             :
           175.5 2
           176.5 2
           177.5 1
           178.5 1
             :
           182.5 1
             :
           187.5 1
           188.5 2
           189.5 1
             :
           191.5 3
             :
           194.5 1
           195.5 1
             :
           198.5 1
           199.5 3
             :
           201.5 1
           202.5 2
             :
           205.5 1
           206.5 1
           207.5 1
             :
           213.5 1
             :
           216.5 1
             :
           221.5 1
           222.5 2
           223.5 1
             :
           225.5 1
           226.5 1
             :
           229.5 1
             :
           232.5 1
             :
           234.5 2
           235.5 1
             :
           237.5 1
           238.5 1
             :
           240.5 1
             :
           242.5 1
             :
           244.5 1
           245.5 1
             :
           247.5 1
           248.5 1
             :
           253.5 1
             :
           263.5 1
           264.5 1
             :
           271.5 1
           272.5 1
             :
           280.5 1
           281.5 2
             :
           284.5 1
             :
           291.5 1
             :
           296.5 1
           297.5 1
           298.5 1
             :
           303.5 1
             :
           305.5 1
           306.5 2
             :
           308.5 1
             :
           319.5 1
             :
           328.5 1
             :
           352.5 1
             :
           373.5 1

Total: connections 2400 requests 2400 replies 2400 test-duration 299.888 s

Connection rate: 8.0 conn/s (125.0 ms/conn, <=2 concurrent connections)
Connection time [ms]: min 10.2 avg 22.9 max 373.2 median 13.5 stddev 41.1
Connection time [ms]: connect 0.9
Connection length [replies/conn]: 1.000

Request rate: 8.0 req/s (125.0 ms/req)
Request size [B]: 67.0

Reply rate [replies/s]: min 7.0 avg 8.0 max 9.0 stddev 0.3 (299 samples)
Percentages of the replies served at a given rate:
   50%: 7
   66%: 7
   75%: 7
   80%: 7
   90%: 7
   95%: 7
   98%: 8
   99%: 8
  100%: 9

Reply time [ms]: response 20.8 transfer 1.0
Percentages of the requests served within a certain time (ms) :
   50%: 11
   66%: 14
   75%: 15
   80%: 15
   90%: 17
   95%: 24
   98%: 194
   99%: 232
  100%: 306

Reply size [B]: header 162.0 content 72.0 footer 1.0 (total 235.0)
Reply status: 1xx=0 2xx=2400 3xx=0 4xx=0 5xx=0

CPU time [s]: user 234.66 system 49.98 (user 78.3% system 16.7% total 94.9%)
Net I/O: 2.4 KB/s (0.0*10^6 bps)

Errors: total 0 client-timo 0 socket-timo 0 connrefused 0 connreset 0
Errors: fd-unavail 0 addrunavail 0 ftab-full 0 other 0

