httperf --verbose --hog --timeout=50 --client=0/1 --server=172.16.116.116 --port=8080 --uri=/ --rate=8 --send-buffer=4096 --recv-buffer=16384 --num-conns=2400 --num-calls=1
httperf: maximum number of open descriptors = 65535
Maximum connect burst length: 1

Connection lifetime histogram (time in ms):
             :
            10.5 165
            11.5 541
            12.5 317
            13.5 257
            14.5 202
            15.5 269
            16.5 234
            17.5 151
            18.5 96
            19.5 43
            20.5 27
            21.5 28
            22.5 16
            23.5 9
            24.5 8
            25.5 2
            26.5 1
            27.5 1
            28.5 2
            29.5 1
            30.5 1
             :
            41.5 1
             :
            59.5 1
             :
            77.5 1
             :
            90.5 1
             :
           101.5 1
             :
           105.5 1
           106.5 1
           107.5 1
             :
           119.5 1
             :
           123.5 1
             :
           127.5 2
             :
           129.5 1
             :
           142.5 1
             :
           156.5 1
             :
           173.5 1
             :
           185.5 1
             :
           191.5 1
             :
           195.5 1
             :
           197.5 1
             :
           200.5 1
             :
           222.5 1
             :
           226.5 2
             :
           239.5 1
             :
           303.5 1
             :
           327.5 1
             :
           360.5 1
             :
           384.5 1

Total: connections 2400 requests 2400 replies 2400 test-duration 299.891 s

Connection rate: 8.0 conn/s (125.0 ms/conn, <=2 concurrent connections)
Connection time [ms]: min 10.3 avg 16.2 max 384.3 median 13.5 stddev 20.1
Connection time [ms]: connect 0.8
Connection length [replies/conn]: 1.000

Request rate: 8.0 req/s (125.0 ms/req)
Request size [B]: 67.0

Reply rate [replies/s]: min 8.0 avg 8.0 max 8.0 stddev 0.0 (299 samples)
Percentages of the replies served at a given rate:
   50%: 7
   66%: 7
   75%: 7
   80%: 7
   90%: 7
   95%: 7
   98%: 7
   99%: 7
  100%: 8

Reply time [ms]: response 14.6 transfer 0.7
Percentages of the requests served within a certain time (ms) :
   50%: 11
   66%: 13
   75%: 14
   80%: 15
   90%: 16
   95%: 18
   98%: 21
   99%: 100
  100%: 359

Reply size [B]: header 163.0 content 72.0 footer 2.0 (total 237.0)
Reply status: 1xx=0 2xx=2400 3xx=0 4xx=0 5xx=0

CPU time [s]: user 254.38 system 45.04 (user 84.8% system 15.0% total 99.8%)
Net I/O: 2.4 KB/s (0.0*10^6 bps)

Errors: total 0 client-timo 0 socket-timo 0 connrefused 0 connreset 0
Errors: fd-unavail 0 addrunavail 0 ftab-full 0 other 0

