httperf --verbose --hog --timeout=50 --client=0/1 --server=172.16.116.116 --port=8080 --uri=/ --rate=8 --send-buffer=4096 --recv-buffer=16384 --num-conns=2400 --num-calls=1
httperf: maximum number of open descriptors = 65535
Maximum connect burst length: 1

Connection lifetime histogram (time in ms):
             :
            10.5 35
            11.5 258
            12.5 159
            13.5 299
            14.5 268
            15.5 242
            16.5 252
            17.5 178
            18.5 142
            19.5 119
            20.5 95
            21.5 52
            22.5 28
            23.5 15
            24.5 17
            25.5 10
            26.5 4
            27.5 5
            28.5 4
             :
            30.5 1
            31.5 1
             :
            33.5 1
             :
            39.5 1
            40.5 1
             :
            45.5 1
             :
            47.5 1
             :
            51.5 1
            52.5 1
             :
            54.5 1
            55.5 1
             :
            63.5 2
            64.5 1
            65.5 1
            66.5 1
             :
            74.5 1
             :
            77.5 1
             :
            81.5 1
            82.5 1
            83.5 1
            84.5 1
             :
            86.5 1
             :
            91.5 1
             :
            95.5 1
             :
            97.5 2
             :
           102.5 1
             :
           105.5 1
           106.5 2
           107.5 1
           108.5 2
             :
           110.5 1
           111.5 1
             :
           113.5 2
             :
           119.5 1
             :
           121.5 1
           122.5 1
             :
           124.5 1
             :
           127.5 1
           128.5 1
           129.5 3
             :
           132.5 1
             :
           134.5 1
           135.5 2
             :
           138.5 1
           139.5 1
           140.5 1
           141.5 1
           142.5 2
             :
           147.5 2
           148.5 1
             :
           150.5 2
           151.5 1
           152.5 1
             :
           155.5 1
           156.5 1
           157.5 1
           158.5 2
           159.5 1
             :
           161.5 1
             :
           163.5 2
           164.5 2
             :
           171.5 2
             :
           174.5 1
           175.5 4
             :
           177.5 2
             :
           179.5 1
           180.5 1
           181.5 1
             :
           183.5 3
             :
           185.5 1
           186.5 3
             :
           188.5 1
           189.5 2
           190.5 1
           191.5 1
           192.5 2
           193.5 2
           194.5 2
             :
           196.5 2
           197.5 2
           198.5 1
           199.5 1
           200.5 2
           201.5 1
           202.5 1
           203.5 1
           204.5 1
             :
           208.5 2
           209.5 3
           210.5 1
           211.5 1
             :
           214.5 1
           215.5 1
           216.5 1
           217.5 2
             :
           221.5 1
           222.5 2
           223.5 1
           224.5 1
           225.5 2
           226.5 2
           227.5 1
           228.5 1
           229.5 1
           230.5 4
           231.5 3
           232.5 3
           233.5 2
           234.5 2
           235.5 1
             :
           237.5 1
           238.5 1
             :
           242.5 1
           243.5 1
           244.5 2
             :
           247.5 3
             :
           250.5 3
             :
           252.5 1
           253.5 2
           254.5 2
           255.5 1
             :
           257.5 1
           258.5 1
             :
           262.5 2
             :
           264.5 1
           265.5 2
           266.5 1
             :
           268.5 1
           269.5 2
           270.5 1
             :
           272.5 2
             :
           276.5 2
             :
           278.5 1
           279.5 1
             :
           284.5 1
           285.5 2
             :
           289.5 1
             :
           291.5 1
             :
           294.5 2
             :
           297.5 1
             :
           299.5 1
             :
           301.5 1
             :
           303.5 1
           304.5 1
             :
           310.5 1
             :
           313.5 1
             :
           317.5 1
             :
           319.5 3
             :
           331.5 1
             :
           333.5 1
             :
           339.5 1
             :
           341.5 1
             :
           345.5 1
             :
           365.5 1
             :
           380.5 1
           381.5 1

Total: connections 2400 requests 2400 replies 2400 test-duration 299.890 s

Connection rate: 8.0 conn/s (125.0 ms/conn, <=2 concurrent connections)
Connection time [ms]: min 10.3 avg 32.0 max 381.0 median 15.5 stddev 56.4
Connection time [ms]: connect 2.3
Connection length [replies/conn]: 1.000

Request rate: 8.0 req/s (125.0 ms/req)
Request size [B]: 67.0

Reply rate [replies/s]: min 7.0 avg 8.0 max 9.0 stddev 0.4 (299 samples)
Percentages of the replies served at a given rate:
   50%: 7
   66%: 7
   75%: 7
   80%: 7
   90%: 7
   95%: 8
   98%: 8
   99%: 8
  100%: 9

Reply time [ms]: response 27.5 transfer 2.1
Percentages of the requests served within a certain time (ms) :
   50%: 12
   66%: 14
   75%: 15
   80%: 15
   90%: 20
   95%: 172
   98%: 224
   99%: 249
  100%: 377

Reply size [B]: header 162.0 content 72.0 footer 1.0 (total 235.0)
Reply status: 1xx=0 2xx=2400 3xx=0 4xx=0 5xx=0

CPU time [s]: user 254.62 system 44.82 (user 84.9% system 14.9% total 99.8%)
Net I/O: 2.4 KB/s (0.0*10^6 bps)

Errors: total 0 client-timo 0 socket-timo 0 connrefused 0 connreset 0
Errors: fd-unavail 0 addrunavail 0 ftab-full 0 other 0

