httperf --verbose --hog --timeout=50 --client=0/1 --server=172.16.116.116 --port=8080 --uri=/ --rate=24 --send-buffer=4096 --recv-buffer=16384 --num-conns=14400 --num-calls=1
httperf: maximum number of open descriptors = 65535
Maximum connect burst length: 1

Connection lifetime histogram (time in ms):
             :
             9.5 39
            10.5 1781
            11.5 1745
            12.5 628
            13.5 452
            14.5 462
            15.5 900
            16.5 1064
            17.5 628
            18.5 316
            19.5 176
            20.5 115
            21.5 84
            22.5 91
            23.5 70
            24.5 76
            25.5 65
            26.5 64
            27.5 52
            28.5 60
            29.5 45
            30.5 42
            31.5 47
            32.5 46
            33.5 39
            34.5 41
            35.5 36
            36.5 38
            37.5 29
            38.5 38
            39.5 39
            40.5 24
            41.5 39
            42.5 29
            43.5 40
            44.5 24
            45.5 32
            46.5 31
            47.5 28
            48.5 22
            49.5 36
            50.5 23
            51.5 26
            52.5 27
            53.5 28
            54.5 22
            55.5 21
            56.5 19
            57.5 25
            58.5 21
            59.5 24
            60.5 33
            61.5 23
            62.5 23
            63.5 17
            64.5 23
            65.5 25
            66.5 14
            67.5 19
            68.5 26
            69.5 22
            70.5 28
            71.5 24
            72.5 24
            73.5 17
            74.5 21
            75.5 20
            76.5 19
            77.5 23
            78.5 16
            79.5 21
            80.5 26
            81.5 20
            82.5 13
            83.5 25
            84.5 10
            85.5 24
            86.5 12
            87.5 19
            88.5 12
            89.5 19
            90.5 18
            91.5 18
            92.5 23
            93.5 14
            94.5 18
            95.5 13
            96.5 22
            97.5 6
            98.5 8
            99.5 19
           100.5 16
           101.5 11
           102.5 20
           103.5 8
           104.5 28
           105.5 16
           106.5 7
           107.5 17
           108.5 10
           109.5 12
           110.5 8
           111.5 12
           112.5 10
           113.5 9
           114.5 10
           115.5 5
           116.5 5
           117.5 8
           118.5 5
           119.5 8
           120.5 5
           121.5 7
           122.5 10
           123.5 10
           124.5 4
           125.5 4
           126.5 11
           127.5 7
           128.5 5
           129.5 3
           130.5 8
           131.5 9
           132.5 4
           133.5 6
           134.5 3
           135.5 6
           136.5 6
           137.5 3
           138.5 5
           139.5 6
           140.5 4
           141.5 3
           142.5 2
           143.5 3
           144.5 2
           145.5 4
           146.5 5
             :
           148.5 1
           149.5 5
           150.5 2
           151.5 1
           152.5 3
           153.5 4
           154.5 4
           155.5 2
           156.5 2
           157.5 3
           158.5 1
           159.5 2
             :
           161.5 5
           162.5 2
           163.5 2
             :
           165.5 1
           166.5 1
           167.5 1
           168.5 2
           169.5 1
           170.5 3
             :
           172.5 2
           173.5 1
           174.5 1
           175.5 1
           176.5 2
             :
           178.5 2
           179.5 3
           180.5 1
             :
           182.5 1
           183.5 1
             :
           185.5 2
           186.5 1
           187.5 1
           188.5 2
           189.5 2
           190.5 1
           191.5 1
           192.5 2
           193.5 1
             :
           197.5 1
           198.5 1
           199.5 3
           200.5 1
             :
           202.5 2
             :
           204.5 3
           205.5 5
           206.5 2
             :
           208.5 2
           209.5 1
           210.5 4
             :
           212.5 1
             :
           216.5 2
           217.5 1
             :
           220.5 1
             :
           223.5 2
             :
           225.5 1
           226.5 1
           227.5 1
           228.5 3
           229.5 1
           230.5 1
             :
           232.5 1
           233.5 1
           234.5 1
             :
           236.5 5
             :
           239.5 3
           240.5 1
             :
           242.5 1
           243.5 2
           244.5 2
           245.5 2
           246.5 1
           247.5 1
           248.5 2
           249.5 1
             :
           252.5 1
           253.5 1
             :
           255.5 2
           256.5 1
           257.5 1
             :
           260.5 1
             :
           262.5 1
           263.5 1
             :
           265.5 1
             :
           268.5 1
             :
           270.5 1
           271.5 1
             :
           273.5 1
             :
           275.5 1
           276.5 3
           277.5 1
             :
           279.5 2
             :
           281.5 2
           282.5 1
           283.5 1
           284.5 1
             :
           286.5 2
           287.5 2
           288.5 1
           289.5 2
             :
           291.5 2
           292.5 1
             :
           294.5 1
           295.5 1
             :
           297.5 1
             :
           301.5 1
             :
           305.5 1
             :
           307.5 1
           308.5 2
           309.5 3
             :
           313.5 1
           314.5 1
           315.5 1
             :
           317.5 1
             :
           319.5 1
           320.5 1
           321.5 1
             :
           323.5 1
           324.5 1
           325.5 1
             :
           328.5 1
             :
           330.5 1
             :
           333.5 1
             :
           336.5 2
             :
           339.5 1
           340.5 2
           341.5 1
           342.5 2
           343.5 1
             :
           347.5 1
             :
           350.5 1
           351.5 1
             :
           356.5 2
             :
           358.5 1
             :
           363.5 1
           364.5 1
             :
           366.5 1
             :
           368.5 3
             :
           370.5 2
           371.5 3
           372.5 1
           373.5 1
           374.5 1
           375.5 3
             :
           380.5 1
           381.5 1
           382.5 1
             :
           386.5 1
           387.5 1
           388.5 1
             :
           390.5 1
             :
           392.5 2
             :
           397.5 1
           398.5 1
             :
           400.5 1
             :
           403.5 1
             :
           406.5 2
           407.5 1
           408.5 2
           409.5 1
             :
           413.5 1
             :
           417.5 1
           418.5 2
             :
           421.5 1
             :
           424.5 1
             :
           426.5 1
           427.5 3
           428.5 1
           429.5 1
           430.5 2
             :
           432.5 1
           433.5 2
           434.5 1
             :
           436.5 2
             :
           441.5 1
             :
           445.5 2
             :
           447.5 1
             :
           449.5 1
             :
           451.5 1
             :
           454.5 2
           455.5 1
             :
           459.5 1
           460.5 1
             :
           462.5 4
           463.5 1
             :
           466.5 1
           467.5 1
             :
           470.5 2
           471.5 2
           472.5 2
             :
           475.5 1
           476.5 1
             :
           478.5 1
             :
           480.5 1
           481.5 1
           482.5 2
             :
           484.5 2
           485.5 2
           486.5 1
           487.5 3
           488.5 1
             :
           490.5 1
           491.5 2
           492.5 1
           493.5 2
           494.5 2
           495.5 1
             :
           497.5 1
           498.5 2
           499.5 1
           500.5 1
           501.5 2
           502.5 5
           503.5 3
           504.5 1
           505.5 1
             :
           507.5 2
           508.5 2
           509.5 1
           510.5 1
           511.5 1
             :
           513.5 2
           514.5 2
           515.5 1
           516.5 2
             :
           518.5 2
           519.5 4
           520.5 2
           521.5 1
           522.5 2
           523.5 1
             :
           525.5 4
           526.5 1
           527.5 2
           528.5 3
           529.5 2
           530.5 4
           531.5 2
           532.5 2
             :
           535.5 2
           536.5 3
           537.5 6
           538.5 3
           539.5 6
             :
           541.5 2
           542.5 1
           543.5 1
           544.5 3
           545.5 1
           546.5 2
           547.5 3
           548.5 3
           549.5 2
           550.5 4
           551.5 4
           552.5 3
           553.5 3
           554.5 4
           555.5 4
           556.5 3
           557.5 3
           558.5 2
           559.5 5
           560.5 4
           561.5 3
           562.5 2
           563.5 5
           564.5 4
           565.5 1
           566.5 3
           567.5 2
           568.5 1
           569.5 2
           570.5 3
           571.5 2
           572.5 7
           573.5 3
           574.5 2
           575.5 2
           576.5 5
           577.5 1
             :
           579.5 4
           580.5 7
           581.5 2
           582.5 6
           583.5 3
           584.5 5
           585.5 6
           586.5 5
           587.5 3
           588.5 4
           589.5 5
           590.5 1
           591.5 2
           592.5 2
           593.5 6
           594.5 4
           595.5 3
           596.5 2
           597.5 4
           598.5 1
           599.5 5
           600.5 5
           601.5 3
           602.5 7
           603.5 3
           604.5 4
           605.5 5
           606.5 5
           607.5 3
           608.5 4
           609.5 5
           610.5 2
           611.5 12
           612.5 2
           613.5 5
           614.5 3
           615.5 4
           616.5 4
           617.5 9
           618.5 1
           619.5 3
           620.5 4
           621.5 10
           622.5 9
           623.5 2
           624.5 8
           625.5 4
           626.5 4
           627.5 5
           628.5 8
           629.5 4
           630.5 10
           631.5 7
           632.5 7
           633.5 3
           634.5 7
           635.5 6
           636.5 2
           637.5 3
           638.5 5
           639.5 10
           640.5 1
           641.5 2
           642.5 6
           643.5 6
           644.5 9
           645.5 9
           646.5 5
           647.5 3
           648.5 5
           649.5 7
           650.5 9
           651.5 6
           652.5 4
           653.5 5
           654.5 4
           655.5 5
           656.5 7
           657.5 8
           658.5 5
           659.5 4
           660.5 5
           661.5 2
           662.5 6
           663.5 6
           664.5 3
           665.5 4
           666.5 6
           667.5 7
           668.5 7
           669.5 5
           670.5 9
           671.5 8
           672.5 3
           673.5 5
           674.5 3
           675.5 6
           676.5 4
           677.5 3
           678.5 10
           679.5 10
           680.5 9
           681.5 4
           682.5 7
           683.5 6
           684.5 12
           685.5 10
           686.5 7
           687.5 11
           688.5 6
           689.5 4
           690.5 2
           691.5 7
           692.5 3
           693.5 9
           694.5 12
           695.5 8
           696.5 4
           697.5 8
           698.5 7
           699.5 10
           700.5 10
           701.5 5
           702.5 4
           703.5 11
           704.5 5
           705.5 10
           706.5 7
           707.5 4
           708.5 7
           709.5 6
           710.5 4
           711.5 5
           712.5 5
           713.5 6
           714.5 2
           715.5 6
           716.5 10
           717.5 9
           718.5 9
           719.5 6
           720.5 5
           721.5 4
           722.5 5
           723.5 7
           724.5 9
           725.5 7
           726.5 8
           727.5 6
           728.5 3
           729.5 4
           730.5 2
           731.5 9
           732.5 3
           733.5 8
           734.5 3
           735.5 7
           736.5 4
           737.5 8
           738.5 8
           739.5 8
           740.5 10
           741.5 6
           742.5 7
           743.5 6
           744.5 9
           745.5 8
           746.5 4
           747.5 8
           748.5 4
           749.5 5
           750.5 7
           751.5 4
           752.5 8
           753.5 8
           754.5 7
           755.5 5
           756.5 6
           757.5 5
           758.5 4
           759.5 7
           760.5 3
           761.5 5
           762.5 11
           763.5 10
           764.5 5
           765.5 7
           766.5 6
           767.5 10
           768.5 5
           769.5 9
           770.5 4
           771.5 5
           772.5 4
           773.5 8
           774.5 8
           775.5 6
           776.5 8
           777.5 5
           778.5 4
           779.5 7
           780.5 7
           781.5 5
           782.5 5
           783.5 5
           784.5 8
           785.5 1
           786.5 5
           787.5 9
           788.5 5
           789.5 7
           790.5 6
           791.5 5
           792.5 6
           793.5 5
           794.5 4
           795.5 6
           796.5 5
           797.5 3
           798.5 2
           799.5 4
           800.5 4
           801.5 5
           802.5 2
           803.5 12
           804.5 3
           805.5 2
           806.5 7
           807.5 3
           808.5 1
           809.5 8
           810.5 4
           811.5 2
           812.5 4
           813.5 7
           814.5 4
           815.5 3
           816.5 3
           817.5 2
           818.5 7
           819.5 1
           820.5 4
           821.5 3
           822.5 1
           823.5 3
           824.5 6
           825.5 2
           826.5 2
           827.5 5
           828.5 4
           829.5 7
           830.5 3
           831.5 6
           832.5 5
           833.5 7
           834.5 3
           835.5 6
           836.5 2
           837.5 3
           838.5 1
           839.5 9
           840.5 2
           841.5 5
           842.5 4
           843.5 3
           844.5 6
           845.5 4
           846.5 5
           847.5 3
           848.5 4
           849.5 3
           850.5 1
           851.5 2
           852.5 3
           853.5 8
           854.5 3
           855.5 6
           856.5 2
           857.5 5
           858.5 5
           859.5 3
           860.5 3
           861.5 2
           862.5 8
           863.5 4
           864.5 6
           865.5 1
           866.5 8
           867.5 1
           868.5 1
           869.5 3
           870.5 7
           871.5 2
           872.5 1
           873.5 2
           874.5 4
           875.5 2
           876.5 4
           877.5 6
           878.5 1
           879.5 1
           880.5 2
           881.5 3
           882.5 7
           883.5 9
           884.5 5
           885.5 6
           886.5 4
           887.5 5
           888.5 2
           889.5 5
           890.5 6
           891.5 4
           892.5 4
           893.5 3
             :
           895.5 2
           896.5 9
           897.5 5
           898.5 4
           899.5 5
           900.5 6
           901.5 1
           902.5 4
           903.5 1
           904.5 6
             :
           906.5 4
           907.5 5
           908.5 5
           909.5 1
           910.5 3
           911.5 2
           912.5 3
             :
           914.5 4
           915.5 2
           916.5 3
           917.5 2
           918.5 1
           919.5 2
           920.5 2
           921.5 9
           922.5 3
           923.5 3
           924.5 1
           925.5 4
           926.5 2
           927.5 1
           928.5 1
           929.5 3
           930.5 3
           931.5 2
           932.5 5
             :
           934.5 2
             :
           936.5 4
           937.5 4
           938.5 2
           939.5 3
           940.5 2
           941.5 3
           942.5 2
           943.5 3
           944.5 4
           945.5 3
           946.5 1
           947.5 2
           948.5 2
           949.5 4
             :
           951.5 1
           952.5 2
             :
           954.5 1
           955.5 1
           956.5 1
           957.5 1
           958.5 2
           959.5 3
           960.5 2
           961.5 1
           962.5 4
             :
           964.5 2
           965.5 1
           966.5 1
           967.5 2
           968.5 4
           969.5 3
           970.5 2
           971.5 1
           972.5 2
           973.5 5
           974.5 2
             :
           976.5 2
           977.5 2
           978.5 2
           979.5 2
           980.5 5
           981.5 2
           982.5 3
           983.5 1
           984.5 3
           985.5 5
           986.5 1
             :
           988.5 3
           989.5 3
           990.5 1
           991.5 2
           992.5 5
             :
           994.5 1
           995.5 2
           996.5 2
           997.5 1
           998.5 2
           999.5 1
          1000.5 2
             :
          1004.5 6
          1005.5 1
          1006.5 2
          1007.5 1
             :
          1009.5 1
          1010.5 1
          1011.5 3
          1012.5 1
             :
          1014.5 3
          1015.5 1
          1016.5 1
          1017.5 2
          1018.5 1
          1019.5 2
          1020.5 2
             :
          1022.5 1
          1023.5 1
          1024.5 2
          1025.5 3
          1026.5 1
          1027.5 2
             :
          1029.5 1
          1030.5 1
             :
          1032.5 2
          1033.5 1
          1034.5 1
          1035.5 4
          1036.5 1
          1037.5 1
             :
          1039.5 1
             :
          1041.5 3
             :
          1043.5 2
          1044.5 2
          1045.5 1
          1046.5 2
          1047.5 1
          1048.5 3
          1049.5 2
             :
          1052.5 4
          1053.5 2
          1054.5 3
          1055.5 2
          1056.5 1
             :
          1058.5 1
          1059.5 1
          1060.5 1
             :
          1063.5 3
          1064.5 2
          1065.5 2
             :
          1068.5 6
             :
          1070.5 1
             :
          1072.5 2
             :
          1074.5 1
          1075.5 2
          1076.5 1
          1077.5 4
          1078.5 2
          1079.5 1
          1080.5 2
          1081.5 1
          1082.5 3
          1083.5 1
          1084.5 3
          1085.5 1
             :
          1087.5 2
          1088.5 1
             :
          1090.5 2
          1091.5 1
          1092.5 2
          1093.5 1
          1094.5 2
             :
          1096.5 2
          1097.5 2
          1098.5 2
          1099.5 1
          1100.5 2
          1101.5 2
          1102.5 1
          1103.5 1
          1104.5 1
          1105.5 1
             :
          1107.5 2
          1108.5 1
             :
          1110.5 2
             :
          1113.5 2
          1114.5 2
             :
          1116.5 1
          1117.5 3
          1118.5 2
             :
          1120.5 1
          1121.5 1
          1122.5 2
          1123.5 2
          1124.5 2
             :
          1127.5 1
          1128.5 1
          1129.5 1
          1130.5 2
             :
          1132.5 1
          1133.5 4
             :
          1136.5 1
             :
          1138.5 1
          1139.5 2
          1140.5 1
          1141.5 1
          1142.5 2
          1143.5 2
          1144.5 1
          1145.5 2
             :
          1147.5 1
          1148.5 2
             :
          1150.5 3
          1151.5 4
             :
          1153.5 1
          1154.5 2
          1155.5 2
          1156.5 2
             :
          1158.5 1
          1159.5 1
             :
          1161.5 1
             :
          1164.5 3
          1165.5 2
             :
          1170.5 1
             :
          1172.5 1
          1173.5 3
             :
          1175.5 1
          1176.5 2
             :
          1180.5 1
          1181.5 2
             :
          1183.5 1
          1184.5 1
          1185.5 1
          1186.5 1
          1187.5 2
             :
          1191.5 1
             :
          1195.5 1
             :
          1197.5 1
          1198.5 2
          1199.5 2
             :
          1201.5 1
             :
          1205.5 1
          1206.5 2
             :
          1209.5 3
             :
          1211.5 1
             :
          1213.5 2
             :
          1216.5 1
             :
          1218.5 1
             :
          1223.5 2
             :
          1226.5 1
          1227.5 1
             :
          1229.5 1
             :
          1232.5 1
             :
          1234.5 2
             :
          1241.5 1
             :
          1247.5 2
          1248.5 1
          1249.5 1
          1250.5 1
          1251.5 1
             :
          1253.5 1
             :
          1256.5 2
             :
          1258.5 1
             :
          1261.5 2
          1262.5 2
          1263.5 1
             :
          1265.5 1
             :
          1270.5 1
          1271.5 2
          1272.5 1
             :
          1278.5 1
             :
          1282.5 1
          1283.5 1
          1284.5 2
          1285.5 1
          1286.5 1
          1287.5 1
             :
          1291.5 2
          1292.5 1
          1293.5 1
          1294.5 1
             :
          1296.5 1
          1297.5 1
          1298.5 1
             :
          1303.5 1
             :
          1305.5 1
          1306.5 2
             :
          1309.5 1
             :
          1313.5 1
             :
          1316.5 1
          1317.5 1
             :
          1322.5 1
             :
          1324.5 3
             :
          1326.5 3
             :
          1328.5 1
          1329.5 1
             :
          1332.5 1
             :
          1334.5 2
             :
          1340.5 1
             :
          1342.5 2
          1343.5 1
          1344.5 1
             :
          1346.5 1
          1347.5 1
          1348.5 2
             :
          1350.5 2
             :
          1353.5 1
             :
          1356.5 1
             :
          1358.5 1
          1359.5 1
             :
          1363.5 1
          1364.5 1
             :
          1369.5 4
             :
          1372.5 1
          1373.5 1
          1374.5 1
          1375.5 2
             :
          1378.5 1
             :
          1380.5 1
             :
          1382.5 1
             :
          1386.5 1
          1387.5 1
          1388.5 1
             :
          1397.5 1
             :
          1401.5 1
          1402.5 1
          1403.5 1
          1404.5 2
          1405.5 3
             :
          1411.5 1
             :
          1418.5 1
             :
          1426.5 1
             :
          1428.5 1
          1429.5 1
          1430.5 1
             :
          1436.5 1
             :
          1440.5 1
             :
          1444.5 1
          1445.5 1
             :
          1447.5 2
             :
          1450.5 2
          1451.5 3
             :
          1455.5 1
             :
          1458.5 1
          1459.5 1
          1460.5 1
          1461.5 1
             :
          1463.5 1
             :
          1466.5 1
             :
          1470.5 2
             :
          1478.5 1
             :
          1481.5 1
             :
          1490.5 1
             :
          1492.5 1
          1493.5 1
             :
          1497.5 1
          1498.5 1
             :
          1504.5 1
          1505.5 1
          1506.5 2
             :
          1509.5 2
             :
          1512.5 1
          1513.5 1
          1514.5 1
          1515.5 1
             :
          1517.5 2
             :
          1523.5 1
          1524.5 2
             :
          1526.5 1
             :
          1528.5 1
             :
          1533.5 1
             :
          1538.5 1
             :
          1543.5 1
             :
          1545.5 1
          1546.5 1
             :
          1550.5 1
             :
          1556.5 1
          1557.5 1
             :
          1560.5 2
             :
          1564.5 1
             :
          1569.5 1
             :
          1578.5 1
             :
          1581.5 1
             :
          1585.5 1
             :
          1593.5 1
             :
          1595.5 2
             :
          1598.5 1
             :
          1602.5 1
             :
          1609.5 1
             :
          1611.5 1
             :
          1613.5 2
             :
          1615.5 1
             :
          1617.5 1
             :
          1619.5 1
          1620.5 1
             :
          1622.5 1
             :
          1630.5 1
             :
          1639.5 1
             :
          1643.5 1
             :
          1645.5 1
             :
          1649.5 1
          1650.5 1
          1651.5 1
          1652.5 2
          1653.5 1
             :
          1657.5 1
             :
          1660.5 1
             :
          1663.5 1
             :
          1667.5 1
             :
          1678.5 1
          1679.5 1
          1680.5 1
          1681.5 1
             :
          1684.5 1
             :
          1686.5 1
             :
          1689.5 2
             :
          1691.5 2
          1692.5 1
          1693.5 2
             :
          1696.5 2
             :
          1699.5 1
             :
          1704.5 1
             :
          1710.5 1
          1711.5 1
             :
          1714.5 1
             :
          1716.5 1
             :
          1719.5 1
             :
          1721.5 1
             :
          1725.5 1
             :
          1728.5 1
          1729.5 1
             :
          1731.5 1
             :
          1733.5 1
          1734.5 1
          1735.5 1
          1736.5 1
             :
          1739.5 1
          1740.5 1
          1741.5 1
          1742.5 1
             :
          1744.5 1
             :
          1746.5 1
             :
          1748.5 1
          1749.5 2
             :
          1751.5 2
          1752.5 2
             :
          1755.5 1
          1756.5 3
             :
          1759.5 1
             :
          1761.5 1
             :
          1765.5 1
          1766.5 1
             :
          1773.5 1
             :
          1776.5 2
          1777.5 1
          1778.5 2
             :
          1783.5 1
             :
          1788.5 1
             :
          1791.5 1
          1792.5 1
          1793.5 2
             :
          1795.5 1
          1796.5 2
          1797.5 1
             :
          1800.5 1
          1801.5 1
          1802.5 1
             :
          1804.5 1
             :
          1806.5 2
          1807.5 1
             :
          1813.5 1
             :
          1815.5 1
          1816.5 1
             :
          1822.5 1
             :
          1824.5 1
          1825.5 1
             :
          1827.5 2
             :
          1832.5 1
             :
          1835.5 1
          1836.5 1
             :
          1838.5 1
          1839.5 2
             :
          1841.5 1
             :
          1844.5 1
          1845.5 1
             :
          1848.5 2
             :
          1853.5 1
          1854.5 2
             :
          1857.5 1
             :
          1859.5 1
             :
          1864.5 1
          1865.5 1
             :
          1867.5 1
             :
          1871.5 2
          1872.5 3
             :
          1874.5 1
             :
          1877.5 2
          1878.5 1
             :
          1883.5 1
          1884.5 2
          1885.5 1
             :
          1888.5 1
          1889.5 1
             :
          1891.5 1
             :
          1896.5 2
             :
          1899.5 1
             :
          1901.5 1
          1902.5 1
          1903.5 1
          1904.5 2
             :
          1908.5 1
             :
          1911.5 1
             :
          1913.5 1
          1914.5 2
             :
          1920.5 1
             :
          1922.5 1
             :
          1924.5 1
             :
          1927.5 2
             :
          1931.5 2
          1932.5 1
             :
          1937.5 1
             :
          1942.5 1
          1943.5 1
          1944.5 1
          1945.5 2
          1946.5 1
             :
          1968.5 2
          1969.5 1
          1970.5 1
             :
          1978.5 1
          1979.5 2
          1980.5 1
          1981.5 1
             :
          1984.5 1
             :
          1987.5 1
             :
          1989.5 1
             :
          1991.5 1
             :
          1995.5 1
             :
          1997.5 2
          1998.5 1
             :
          2003.5 1
             :
          2005.5 1
          2006.5 1
          2007.5 1
             :
          2013.5 1
          2014.5 1
             :
          2023.5 3
             :
          2025.5 1
             :
          2028.5 1
             :
          2030.5 1
             :
          2032.5 2
             :
          2038.5 1
             :
          2041.5 1
             :
          2045.5 1
             :
          2047.5 1
          2048.5 2
             :
          2051.5 1
          2052.5 1
             :
          2054.5 1
             :
          2056.5 1
             :
          2061.5 2
          2062.5 1
             :
          2064.5 1
          2065.5 1
             :
          2072.5 1
          2073.5 2
             :
          2077.5 1
             :
          2079.5 1
             :
          2087.5 1
          2088.5 1
             :
          2090.5 1
             :
          2092.5 1
          2093.5 1
             :
          2098.5 2
             :
          2101.5 1
          2102.5 1
             :
          2106.5 1
          2107.5 1
             :
          2112.5 1
          2113.5 1
             :
          2119.5 1
             :
          2121.5 1
             :
          2126.5 1
          2127.5 1
             :
          2132.5 1
          2133.5 2
             :
          2136.5 1
             :
          2141.5 2
          2142.5 1
             :
          2147.5 1
             :
          2150.5 2
             :
          2152.5 1
             :
          2158.5 3
          2159.5 2
             :
          2162.5 1
             :
          2164.5 1
          2165.5 1
             :
          2171.5 1
             :
          2177.5 1
             :
          2179.5 1
          2180.5 1
             :
          2183.5 1
             :
          2186.5 1
          2187.5 1
          2188.5 1
             :
          2191.5 1
             :
          2196.5 1
             :
          2199.5 1
          2200.5 1
             :
          2203.5 1
             :
          2206.5 1
             :
          2208.5 1
          2209.5 2
             :
          2211.5 1
             :
          2213.5 1
          2214.5 1
             :
          2219.5 1
             :
          2221.5 1
          2222.5 1
             :
          2226.5 2
          2227.5 3
             :
          2231.5 1
             :
          2233.5 1
             :
          2235.5 3
             :
          2245.5 1
          2246.5 1
             :
          2248.5 1
             :
          2253.5 1
             :
          2255.5 1
          2256.5 3
          2257.5 1
             :
          2261.5 1
          2262.5 1
             :
          2265.5 1
             :
          2267.5 1
             :
          2269.5 2
             :
          2271.5 1
          2272.5 1
             :
          2276.5 1
             :
          2281.5 1
             :
          2283.5 1
          2284.5 1
          2285.5 1
             :
          2287.5 1
             :
          2296.5 1
          2297.5 1
          2298.5 2
             :
          2305.5 2
             :
          2307.5 2
             :
          2309.5 2
             :
          2311.5 2
             :
          2313.5 1
          2314.5 1
             :
          2317.5 1
             :
          2320.5 2
          2321.5 1
             :
          2325.5 1
          2326.5 1
             :
          2328.5 2
             :
          2333.5 4
             :
          2336.5 1
             :
          2346.5 1
          2347.5 1
             :
          2356.5 1
          2357.5 1
          2358.5 1
             :
          2360.5 1
             :
          2364.5 1
             :
          2369.5 2
          2370.5 1
             :
          2372.5 1
          2373.5 1
          2374.5 1
          2375.5 1
          2376.5 1
             :
          2379.5 1
             :
          2381.5 1
             :
          2386.5 1
          2387.5 1
          2388.5 1
          2389.5 1
          2390.5 1
          2391.5 1
          2392.5 2
          2393.5 1
             :
          2395.5 2
             :
          2400.5 1
             :
          2403.5 2
             :
          2405.5 1
             :
          2407.5 1
             :
          2412.5 2
          2413.5 1
             :
          2416.5 2
             :
          2419.5 2
          2420.5 1
             :
          2432.5 1
             :
          2436.5 1
             :
          2445.5 1
             :
          2450.5 1
             :
          2453.5 1
             :
          2455.5 1
             :
          2459.5 2
             :
          2461.5 1
             :
          2463.5 1
             :
          2466.5 1
          2467.5 1
          2468.5 1
             :
          2471.5 1
             :
          2473.5 1
          2474.5 1
             :
          2477.5 1
             :
          2480.5 1
             :
          2496.5 1
          2497.5 1
             :
          2499.5 1
          2500.5 1
          2501.5 1
             :
          2503.5 1
             :
          2507.5 1
             :
          2513.5 1
             :
          2520.5 3
          2521.5 1
             :
          2524.5 2
             :
          2526.5 1
             :
          2528.5 2
             :
          2530.5 1
             :
          2532.5 1
          2533.5 1
             :
          2538.5 1
             :
          2540.5 1
             :
          2542.5 1
          2543.5 1
             :
          2546.5 1
             :
          2552.5 1
             :
          2555.5 1
          2556.5 1
             :
          2560.5 1
          2561.5 1
             :
          2567.5 1
             :
          2571.5 1
             :
          2573.5 3
             :
          2583.5 1
             :
          2587.5 2
             :
          2590.5 1
          2591.5 1
             :
          2596.5 1
             :
          2598.5 1
             :
          2602.5 1
          2603.5 1
             :
          2608.5 1
             :
          2610.5 2
             :
          2612.5 2
             :
          2614.5 1
             :
          2616.5 1
          2617.5 1
             :
          2620.5 1
          2621.5 1
             :
          2623.5 1
             :
          2628.5 1
          2629.5 1
             :
          2635.5 2
             :
          2637.5 1
          2638.5 1
             :
          2641.5 1
             :
          2645.5 2
             :
          2647.5 1
             :
          2649.5 2
             :
          2652.5 1
             :
          2656.5 1
             :
          2658.5 1
             :
          2665.5 1
             :
          2670.5 1
             :
          2676.5 1
          2677.5 1
             :
          2682.5 1
             :
          2691.5 1
             :
          2694.5 2
             :
          2700.5 1
             :
          2707.5 1
             :
          2711.5 1
          2712.5 1
             :
          2715.5 1
             :
          2719.5 1
             :
          2727.5 2
             :
          2733.5 2
             :
          2736.5 1
             :
          2740.5 1
          2741.5 1
             :
          2746.5 1
             :
          2754.5 2
             :
          2760.5 1
             :
          2772.5 1
          2773.5 1
          2774.5 1
             :
          2777.5 1
          2778.5 1
             :
          2787.5 1
             :
          2790.5 1
             :
          2793.5 1
             :
          2798.5 1
             :
          2803.5 1
             :
          2809.5 1
             :
          2820.5 2
             :
          2826.5 1
             :
          2830.5 2
             :
          2836.5 1
             :
          2847.5 1
          2848.5 1
             :
          2850.5 1
             :
          2852.5 1
             :
          2858.5 1
             :
          2871.5 1
             :
          2876.5 1
             :
          2901.5 1
             :
          2906.5 2
          2907.5 2
             :
          2909.5 1
          2910.5 1
             :
          2919.5 1
             :
          2933.5 1
             :
          2937.5 1
             :
          2941.5 1
             :
          2946.5 2
          2947.5 1
          2948.5 1
             :
          2958.5 1
          2959.5 1
          2960.5 1
             :
          2970.5 1
             :
          2978.5 1
          2979.5 1
             :
          2985.5 1
             :
          2987.5 1
             :
          2990.5 1
             :
          2992.5 1
             :
          3010.5 1
             :
          3014.5 1
             :
          3025.5 1
             :
          3036.5 1
             :
          3054.5 1
             :
          3067.5 1
             :
          3075.5 1
          3076.5 1
             :
          3104.5 1
             :
          3115.5 1
             :
          3127.5 1
             :
          3136.5 1
             :
          3151.5 1
             :
          3255.5 1
             :
          3273.5 1
             :
          3293.5 1
             :
          3336.5 1
             :
          3338.5 1
             :
          3351.5 1
             :
          3385.5 1
             :
          3433.5 1
             :
          3464.5 1
             :
          3507.5 1
             :
          3539.5 1
             :
          3547.5 1
             :
          3639.5 1
             :
          3715.5 1
             :
          3755.5 1

Total: connections 14400 requests 14400 replies 14400 test-duration 600.679 s

Connection rate: 24.0 conn/s (41.7 ms/conn, <=66 concurrent connections)
Connection time [ms]: min 9.8 avg 258.7 max 3755.2 median 17.5 stddev 523.0
Connection time [ms]: connect 0.7
Connection length [replies/conn]: 1.000

Request rate: 24.0 req/s (41.7 ms/req)
Request size [B]: 67.0

Reply rate [replies/s]: min 2.0 avg 24.0 max 53.0 stddev 4.4 (600 samples)
Percentages of the replies served at a given rate:
   50%: 23
   66%: 23
   75%: 24
   80%: 24
   90%: 26
   95%: 29
   98%: 34
   99%: 41
  100%: 53

Reply time [ms]: response 242.8 transfer 15.1
Percentages of the requests served within a certain time (ms) :
   50%: 15
   66%: 42
   75%: 106
   80%: 509
   90%: 786
   95%: 1205
   98%: 2153
   99%: 2516
  100%: 3560

Reply size [B]: header 163.0 content 72.0 footer 1.0 (total 236.0)
Reply status: 1xx=0 2xx=14400 3xx=0 4xx=0 5xx=0

CPU time [s]: user 460.88 system 138.67 (user 76.7% system 23.1% total 99.8%)
Net I/O: 7.1 KB/s (0.1*10^6 bps)

Errors: total 0 client-timo 0 socket-timo 0 connrefused 0 connreset 0
Errors: fd-unavail 0 addrunavail 0 ftab-full 0 other 0

