httperf --verbose --hog --timeout=50 --client=0/1 --server=172.16.116.116 --port=8080 --uri=/ --rate=24 --send-buffer=4096 --recv-buffer=16384 --num-conns=14400 --num-calls=1
httperf: maximum number of open descriptors = 65535
Maximum connect burst length: 1

Connection lifetime histogram (time in ms):
             :
             9.5 8
            10.5 1425
            11.5 2021
            12.5 843
            13.5 650
            14.5 693
            15.5 1158
            16.5 1062
            17.5 485
            18.5 196
            19.5 139
            20.5 97
            21.5 73
            22.5 74
            23.5 65
            24.5 71
            25.5 63
            26.5 48
            27.5 59
            28.5 51
            29.5 35
            30.5 49
            31.5 34
            32.5 47
            33.5 39
            34.5 30
            35.5 46
            36.5 49
            37.5 44
            38.5 39
            39.5 26
            40.5 30
            41.5 31
            42.5 19
            43.5 39
            44.5 21
            45.5 37
            46.5 34
            47.5 33
            48.5 30
            49.5 35
            50.5 26
            51.5 29
            52.5 34
            53.5 34
            54.5 26
            55.5 39
            56.5 29
            57.5 29
            58.5 32
            59.5 34
            60.5 24
            61.5 41
            62.5 34
            63.5 32
            64.5 20
            65.5 32
            66.5 27
            67.5 28
            68.5 23
            69.5 18
            70.5 20
            71.5 20
            72.5 18
            73.5 28
            74.5 18
            75.5 15
            76.5 14
            77.5 22
            78.5 19
            79.5 15
            80.5 20
            81.5 14
            82.5 31
            83.5 16
            84.5 23
            85.5 20
            86.5 14
            87.5 17
            88.5 18
            89.5 22
            90.5 20
            91.5 19
            92.5 13
            93.5 15
            94.5 20
            95.5 15
            96.5 12
            97.5 10
            98.5 14
            99.5 17
           100.5 12
           101.5 9
           102.5 15
           103.5 14
           104.5 13
           105.5 13
           106.5 15
           107.5 17
           108.5 16
           109.5 15
           110.5 11
           111.5 3
           112.5 9
           113.5 9
           114.5 7
           115.5 9
           116.5 9
           117.5 6
           118.5 8
           119.5 5
           120.5 10
           121.5 8
           122.5 8
           123.5 8
           124.5 4
           125.5 5
           126.5 8
           127.5 8
           128.5 5
           129.5 2
           130.5 5
           131.5 5
           132.5 7
           133.5 7
           134.5 3
           135.5 7
           136.5 3
           137.5 2
           138.5 4
           139.5 4
             :
           141.5 2
           142.5 7
           143.5 1
           144.5 6
           145.5 2
           146.5 5
           147.5 5
           148.5 5
           149.5 3
           150.5 5
           151.5 1
             :
           153.5 1
           154.5 3
           155.5 2
           156.5 5
           157.5 8
             :
           159.5 1
           160.5 4
           161.5 1
             :
           163.5 1
           164.5 1
           165.5 1
           166.5 3
           167.5 1
           168.5 1
           169.5 5
           170.5 3
           171.5 3
           172.5 1
             :
           174.5 2
           175.5 2
           176.5 1
             :
           180.5 3
           181.5 2
             :
           183.5 2
           184.5 2
           185.5 1
             :
           189.5 2
           190.5 1
             :
           192.5 1
           193.5 2
           194.5 1
           195.5 1
             :
           199.5 1
           200.5 3
             :
           202.5 2
           203.5 3
           204.5 1
             :
           207.5 1
           208.5 2
           209.5 2
           210.5 1
           211.5 1
           212.5 1
             :
           215.5 3
             :
           218.5 1
           219.5 2
             :
           221.5 1
           222.5 1
           223.5 2
             :
           225.5 2
             :
           227.5 3
             :
           229.5 1
           230.5 1
           231.5 3
           232.5 2
             :
           235.5 1
           236.5 3
           237.5 1
             :
           239.5 1
           240.5 1
           241.5 1
             :
           243.5 1
           244.5 1
           245.5 1
           246.5 1
           247.5 3
           248.5 1
           249.5 2
             :
           252.5 1
           253.5 1
             :
           255.5 1
           256.5 1
           257.5 2
           258.5 2
           259.5 1
           260.5 1
           261.5 1
           262.5 1
           263.5 1
             :
           265.5 1
           266.5 3
             :
           268.5 2
             :
           270.5 1
             :
           272.5 3
           273.5 1
           274.5 3
           275.5 1
             :
           277.5 1
             :
           282.5 3
           283.5 3
           284.5 2
             :
           286.5 1
             :
           289.5 2
             :
           293.5 1
             :
           298.5 1
           299.5 1
           300.5 1
           301.5 2
             :
           303.5 1
           304.5 1
             :
           307.5 1
             :
           309.5 2
           310.5 1
             :
           313.5 1
             :
           315.5 1
             :
           317.5 3
           318.5 1
           319.5 1
             :
           321.5 1
           322.5 1
             :
           324.5 1
             :
           327.5 1
             :
           330.5 1
             :
           333.5 1
           334.5 2
           335.5 1
           336.5 1
           337.5 1
           338.5 2
           339.5 1
           340.5 1
             :
           342.5 1
             :
           344.5 2
             :
           346.5 1
           347.5 2
             :
           349.5 1
             :
           351.5 1
           352.5 1
           353.5 1
           354.5 1
             :
           356.5 1
           357.5 1
           358.5 2
           359.5 2
             :
           361.5 1
             :
           364.5 1
             :
           370.5 1
           371.5 1
           372.5 1
             :
           378.5 1
             :
           381.5 1
           382.5 1
             :
           385.5 1
             :
           389.5 1
             :
           392.5 2
           393.5 1
           394.5 1
             :
           396.5 2
           397.5 1
             :
           400.5 1
           401.5 2
           402.5 1
           403.5 1
             :
           405.5 1
           406.5 2
             :
           408.5 2
             :
           411.5 2
             :
           413.5 3
             :
           417.5 3
             :
           419.5 1
             :
           421.5 2
             :
           424.5 1
             :
           429.5 2
           430.5 1
           431.5 1
             :
           433.5 1
             :
           436.5 1
           437.5 1
           438.5 1
           439.5 1
           440.5 1
             :
           445.5 1
             :
           447.5 1
             :
           449.5 2
             :
           452.5 1
           453.5 1
           454.5 1
             :
           463.5 2
             :
           465.5 1
           466.5 1
             :
           468.5 2
           469.5 1
           470.5 2
           471.5 1
             :
           476.5 2
           477.5 1
             :
           479.5 2
           480.5 1
             :
           482.5 1
           483.5 1
           484.5 1
             :
           489.5 1
             :
           491.5 1
             :
           493.5 1
           494.5 1
           495.5 2
             :
           497.5 3
           498.5 1
             :
           500.5 1
           501.5 2
           502.5 1
           503.5 2
             :
           505.5 1
           506.5 1
             :
           508.5 1
           509.5 2
           510.5 4
           511.5 1
           512.5 1
           513.5 1
           514.5 2
           515.5 3
             :
           517.5 2
           518.5 3
             :
           523.5 2
           524.5 2
           525.5 1
             :
           527.5 4
           528.5 1
           529.5 1
           530.5 1
           531.5 5
           532.5 1
             :
           536.5 1
             :
           538.5 2
           539.5 2
           540.5 3
           541.5 2
           542.5 2
           543.5 3
           544.5 2
             :
           547.5 2
           548.5 2
           549.5 3
           550.5 2
           551.5 3
           552.5 4
             :
           554.5 3
           555.5 6
           556.5 1
           557.5 2
           558.5 3
           559.5 3
           560.5 3
           561.5 3
           562.5 3
           563.5 1
           564.5 3
           565.5 1
           566.5 3
           567.5 3
           568.5 1
           569.5 2
           570.5 1
           571.5 1
             :
           573.5 3
           574.5 4
           575.5 2
             :
           577.5 1
           578.5 3
           579.5 3
             :
           581.5 2
           582.5 2
           583.5 2
           584.5 4
           585.5 2
           586.5 2
           587.5 2
           588.5 5
           589.5 1
           590.5 2
           591.5 4
           592.5 4
           593.5 2
           594.5 1
           595.5 3
           596.5 3
           597.5 2
           598.5 3
           599.5 2
           600.5 2
           601.5 3
           602.5 4
           603.5 3
           604.5 1
           605.5 2
           606.5 5
           607.5 2
           608.5 3
           609.5 2
           610.5 4
           611.5 3
           612.5 3
           613.5 3
           614.5 3
           615.5 2
           616.5 4
           617.5 4
           618.5 4
           619.5 1
           620.5 6
           621.5 1
           622.5 4
           623.5 4
           624.5 3
           625.5 5
           626.5 3
           627.5 6
           628.5 5
           629.5 2
           630.5 4
           631.5 7
             :
           633.5 10
           634.5 5
           635.5 2
           636.5 7
           637.5 4
           638.5 3
           639.5 3
           640.5 1
           641.5 8
           642.5 2
           643.5 5
           644.5 5
           645.5 8
           646.5 5
           647.5 3
           648.5 5
           649.5 3
           650.5 2
           651.5 8
           652.5 4
           653.5 1
           654.5 7
           655.5 4
           656.5 5
           657.5 5
           658.5 2
           659.5 1
           660.5 5
           661.5 5
           662.5 9
           663.5 5
           664.5 7
           665.5 2
           666.5 5
           667.5 4
           668.5 4
           669.5 10
           670.5 7
           671.5 4
           672.5 3
           673.5 5
           674.5 7
           675.5 8
           676.5 3
           677.5 4
           678.5 2
           679.5 2
           680.5 2
           681.5 5
           682.5 2
           683.5 6
           684.5 4
           685.5 6
           686.5 7
           687.5 4
           688.5 5
           689.5 9
           690.5 10
           691.5 2
           692.5 2
           693.5 6
           694.5 2
           695.5 7
           696.5 7
           697.5 2
           698.5 5
           699.5 7
           700.5 6
           701.5 3
           702.5 6
           703.5 4
           704.5 3
           705.5 10
           706.5 3
           707.5 4
           708.5 2
           709.5 3
           710.5 3
           711.5 4
           712.5 4
           713.5 2
           714.5 4
           715.5 5
           716.5 4
           717.5 4
           718.5 7
           719.5 3
           720.5 5
           721.5 3
           722.5 3
           723.5 4
           724.5 2
           725.5 7
           726.5 2
           727.5 5
           728.5 6
           729.5 1
           730.5 2
           731.5 3
           732.5 7
           733.5 5
           734.5 5
           735.5 3
           736.5 6
           737.5 7
           738.5 3
           739.5 2
           740.5 5
           741.5 2
           742.5 4
           743.5 1
           744.5 3
           745.5 2
           746.5 6
           747.5 4
           748.5 3
           749.5 4
           750.5 2
           751.5 2
           752.5 4
           753.5 3
           754.5 5
           755.5 5
           756.5 3
           757.5 7
           758.5 7
           759.5 3
           760.5 3
           761.5 4
           762.5 5
           763.5 3
           764.5 4
           765.5 4
           766.5 6
           767.5 3
           768.5 9
           769.5 5
           770.5 4
           771.5 2
           772.5 2
           773.5 7
           774.5 7
           775.5 4
           776.5 5
           777.5 3
           778.5 6
           779.5 4
           780.5 1
           781.5 6
           782.5 5
           783.5 6
             :
           785.5 4
           786.5 8
           787.5 5
           788.5 2
           789.5 3
           790.5 3
           791.5 3
           792.5 1
           793.5 12
           794.5 3
           795.5 7
           796.5 5
           797.5 3
             :
           799.5 4
           800.5 5
           801.5 4
           802.5 4
           803.5 5
           804.5 9
           805.5 6
             :
           807.5 6
           808.5 5
           809.5 3
           810.5 4
           811.5 4
           812.5 1
           813.5 3
           814.5 3
           815.5 4
           816.5 5
           817.5 3
           818.5 4
           819.5 4
           820.5 4
           821.5 3
           822.5 3
           823.5 2
           824.5 5
           825.5 5
           826.5 1
           827.5 9
           828.5 2
           829.5 8
           830.5 2
           831.5 4
           832.5 6
           833.5 4
           834.5 5
           835.5 2
           836.5 4
           837.5 5
           838.5 3
           839.5 2
           840.5 4
           841.5 4
           842.5 3
           843.5 2
           844.5 4
           845.5 1
           846.5 6
           847.5 3
           848.5 3
           849.5 9
           850.5 2
           851.5 5
           852.5 2
           853.5 1
           854.5 3
           855.5 6
           856.5 5
             :
           858.5 3
           859.5 2
           860.5 4
           861.5 4
           862.5 3
           863.5 3
           864.5 6
           865.5 4
           866.5 1
           867.5 2
           868.5 2
           869.5 1
           870.5 3
           871.5 1
           872.5 6
             :
           874.5 4
           875.5 1
           876.5 2
           877.5 4
           878.5 2
           879.5 1
           880.5 3
           881.5 2
           882.5 4
           883.5 4
           884.5 1
           885.5 6
           886.5 3
           887.5 6
           888.5 6
           889.5 4
           890.5 1
           891.5 6
           892.5 6
           893.5 3
           894.5 3
           895.5 2
           896.5 3
           897.5 4
           898.5 2
           899.5 3
           900.5 2
           901.5 2
           902.5 2
           903.5 4
           904.5 3
           905.5 3
           906.5 1
           907.5 3
           908.5 2
           909.5 3
             :
           911.5 5
           912.5 2
           913.5 1
           914.5 2
             :
           916.5 1
           917.5 3
           918.5 3
             :
           920.5 5
           921.5 4
             :
           923.5 4
           924.5 2
             :
           926.5 3
             :
           928.5 1
           929.5 3
             :
           931.5 1
           932.5 6
           933.5 2
           934.5 4
           935.5 2
             :
           937.5 4
           938.5 1
           939.5 1
           940.5 1
           941.5 1
           942.5 2
           943.5 1
           944.5 1
           945.5 2
           946.5 1
           947.5 4
           948.5 2
           949.5 5
           950.5 1
           951.5 3
           952.5 1
           953.5 2
           954.5 3
             :
           956.5 2
             :
           958.5 2
             :
           960.5 1
           961.5 2
           962.5 4
             :
           964.5 2
           965.5 2
             :
           967.5 2
           968.5 1
           969.5 1
           970.5 2
           971.5 1
           972.5 1
           973.5 4
           974.5 3
           975.5 4
           976.5 2
           977.5 1
           978.5 3
           979.5 7
           980.5 2
           981.5 2
             :
           983.5 3
             :
           985.5 2
           986.5 2
           987.5 4
           988.5 3
           989.5 1
           990.5 4
             :
           992.5 3
           993.5 1
           994.5 3
           995.5 1
             :
           997.5 3
           998.5 3
           999.5 3
          1000.5 2
          1001.5 3
          1002.5 2
          1003.5 1
          1004.5 1
             :
          1006.5 4
             :
          1008.5 3
             :
          1010.5 1
          1011.5 1
             :
          1013.5 4
          1014.5 1
          1015.5 1
          1016.5 2
          1017.5 1
          1018.5 4
          1019.5 2
          1020.5 2
          1021.5 1
          1022.5 1
          1023.5 1
          1024.5 2
          1025.5 2
          1026.5 3
          1027.5 1
             :
          1029.5 1
          1030.5 1
             :
          1032.5 4
          1033.5 1
          1034.5 2
             :
          1036.5 2
          1037.5 2
             :
          1039.5 2
          1040.5 1
          1041.5 1
          1042.5 1
             :
          1044.5 1
          1045.5 1
          1046.5 1
             :
          1052.5 1
          1053.5 1
             :
          1055.5 2
          1056.5 1
          1057.5 1
          1058.5 2
          1059.5 1
             :
          1063.5 2
          1064.5 1
          1065.5 3
          1066.5 1
          1067.5 2
          1068.5 3
          1069.5 2
             :
          1071.5 4
          1072.5 1
             :
          1074.5 2
          1075.5 2
             :
          1077.5 1
          1078.5 1
          1079.5 2
          1080.5 1
          1081.5 3
          1082.5 2
          1083.5 1
          1084.5 1
             :
          1086.5 2
          1087.5 2
          1088.5 2
          1089.5 2
             :
          1091.5 1
          1092.5 1
             :
          1096.5 2
             :
          1098.5 1
             :
          1100.5 1
             :
          1103.5 1
             :
          1105.5 2
             :
          1107.5 1
             :
          1110.5 3
          1111.5 2
          1112.5 1
             :
          1114.5 1
             :
          1116.5 2
          1117.5 2
             :
          1121.5 1
          1122.5 2
          1123.5 5
          1124.5 1
          1125.5 1
             :
          1127.5 1
          1128.5 1
          1129.5 1
             :
          1132.5 1
          1133.5 2
          1134.5 1
          1135.5 1
          1136.5 2
          1137.5 2
          1138.5 1
          1139.5 3
             :
          1141.5 1
             :
          1143.5 2
             :
          1147.5 1
          1148.5 1
          1149.5 1
          1150.5 2
             :
          1152.5 1
             :
          1154.5 2
          1155.5 1
          1156.5 2
          1157.5 1
          1158.5 2
          1159.5 1
          1160.5 3
          1161.5 1
          1162.5 1
          1163.5 2
          1164.5 2
          1165.5 1
          1166.5 1
          1167.5 1
             :
          1169.5 1
          1170.5 1
          1171.5 3
             :
          1173.5 3
             :
          1177.5 2
          1178.5 1
             :
          1180.5 1
          1181.5 1
          1182.5 1
             :
          1185.5 2
          1186.5 1
             :
          1188.5 2
             :
          1190.5 3
             :
          1193.5 1
          1194.5 1
             :
          1196.5 1
          1197.5 1
          1198.5 1
             :
          1206.5 2
             :
          1209.5 1
          1210.5 1
          1211.5 1
          1212.5 1
             :
          1215.5 1
          1216.5 1
          1217.5 1
             :
          1221.5 2
          1222.5 1
             :
          1225.5 1
             :
          1227.5 1
             :
          1230.5 1
          1231.5 1
          1232.5 2
          1233.5 1
          1234.5 1
             :
          1236.5 1
             :
          1238.5 1
          1239.5 1
          1240.5 2
          1241.5 2
          1242.5 1
             :
          1246.5 1
             :
          1248.5 1
             :
          1253.5 2
          1254.5 3
             :
          1260.5 1
          1261.5 1
          1262.5 1
             :
          1264.5 1
             :
          1268.5 2
             :
          1271.5 2
          1272.5 1
          1273.5 2
             :
          1275.5 2
             :
          1280.5 2
          1281.5 1
             :
          1286.5 1
          1287.5 1
          1288.5 1
             :
          1290.5 1
          1291.5 1
          1292.5 2
             :
          1294.5 2
          1295.5 1
             :
          1298.5 2
          1299.5 1
          1300.5 1
             :
          1303.5 3
             :
          1305.5 1
             :
          1312.5 1
             :
          1316.5 1
             :
          1318.5 1
             :
          1321.5 1
             :
          1326.5 1
             :
          1329.5 1
          1330.5 1
             :
          1332.5 2
             :
          1335.5 1
             :
          1338.5 1
          1339.5 2
             :
          1344.5 1
             :
          1346.5 2
             :
          1351.5 1
             :
          1357.5 2
             :
          1359.5 2
             :
          1361.5 3
             :
          1368.5 1
          1369.5 1
             :
          1371.5 2
             :
          1376.5 1
             :
          1379.5 1
          1380.5 1
             :
          1385.5 1
          1386.5 3
          1387.5 1
          1388.5 1
             :
          1390.5 1
          1391.5 1
          1392.5 1
             :
          1397.5 2
          1398.5 2
             :
          1401.5 1
             :
          1404.5 1
          1405.5 1
          1406.5 1
             :
          1410.5 1
          1411.5 1
             :
          1413.5 1
             :
          1415.5 2
             :
          1419.5 2
             :
          1421.5 1
          1422.5 2
             :
          1425.5 1
             :
          1427.5 1
          1428.5 1
          1429.5 1
          1430.5 1
             :
          1438.5 2
             :
          1440.5 1
             :
          1442.5 1
             :
          1444.5 1
             :
          1446.5 1
             :
          1452.5 1
             :
          1458.5 1
             :
          1464.5 2
             :
          1469.5 1
             :
          1474.5 1
          1475.5 2
             :
          1480.5 1
             :
          1484.5 2
             :
          1489.5 1
          1490.5 1
             :
          1497.5 1
             :
          1501.5 1
          1502.5 1
          1503.5 1
          1504.5 1
          1505.5 1
             :
          1513.5 1
          1514.5 1
             :
          1518.5 1
             :
          1521.5 3
             :
          1523.5 1
             :
          1528.5 1
             :
          1532.5 1
             :
          1535.5 1
             :
          1537.5 2
             :
          1540.5 1
             :
          1543.5 1
          1544.5 1
             :
          1547.5 1
             :
          1549.5 1
             :
          1551.5 1
          1552.5 1
          1553.5 2
             :
          1555.5 1
          1556.5 2
             :
          1558.5 1
             :
          1561.5 2
             :
          1570.5 1
          1571.5 1
          1572.5 1
          1573.5 1
          1574.5 1
             :
          1576.5 1
          1577.5 1
             :
          1579.5 1
             :
          1581.5 2
             :
          1591.5 1
          1592.5 1
             :
          1594.5 1
             :
          1596.5 2
             :
          1598.5 1
             :
          1603.5 1
          1604.5 1
             :
          1612.5 1
             :
          1614.5 2
             :
          1616.5 2
          1617.5 1
             :
          1625.5 1
             :
          1630.5 1
             :
          1633.5 2
             :
          1635.5 1
             :
          1642.5 1
             :
          1644.5 1
             :
          1648.5 1
             :
          1651.5 1
             :
          1653.5 1
             :
          1655.5 1
             :
          1658.5 2
             :
          1663.5 2
          1664.5 1
             :
          1666.5 1
          1667.5 1
             :
          1670.5 1
             :
          1678.5 1
             :
          1681.5 1
          1682.5 1
             :
          1684.5 1
             :
          1687.5 2
          1688.5 1
          1689.5 1
          1690.5 1
             :
          1692.5 1
             :
          1695.5 1
             :
          1697.5 1
             :
          1700.5 1
             :
          1710.5 1
             :
          1713.5 1
          1714.5 1
          1715.5 1
             :
          1719.5 1
             :
          1722.5 2
          1723.5 2
             :
          1726.5 1
             :
          1729.5 3
             :
          1738.5 1
          1739.5 1
             :
          1742.5 1
             :
          1745.5 2
             :
          1748.5 1
             :
          1752.5 1
             :
          1757.5 2
             :
          1759.5 2
             :
          1761.5 1
             :
          1763.5 1
          1764.5 1
          1765.5 1
          1766.5 1
             :
          1768.5 1
             :
          1770.5 1
             :
          1772.5 2
             :
          1775.5 2
          1776.5 1
             :
          1779.5 1
             :
          1784.5 1
          1785.5 1
             :
          1790.5 1
             :
          1795.5 1
             :
          1797.5 2
             :
          1800.5 1
             :
          1802.5 1
          1803.5 1
          1804.5 1
             :
          1809.5 1
             :
          1813.5 1
             :
          1815.5 2
             :
          1818.5 1
          1819.5 2
          1820.5 1
             :
          1824.5 1
             :
          1832.5 1
             :
          1834.5 2
          1835.5 1
             :
          1838.5 1
             :
          1840.5 1
             :
          1842.5 1
             :
          1847.5 1
          1848.5 1
             :
          1850.5 1
             :
          1852.5 1
             :
          1858.5 1
             :
          1860.5 1
          1861.5 1
             :
          1864.5 1
          1865.5 1
             :
          1867.5 1
             :
          1869.5 1
             :
          1871.5 1
          1872.5 1
             :
          1874.5 1
             :
          1877.5 1
          1878.5 1
             :
          1882.5 1
          1883.5 1
             :
          1885.5 1
             :
          1888.5 1
             :
          1891.5 2
             :
          1898.5 1
          1899.5 2
             :
          1903.5 1
          1904.5 1
             :
          1907.5 1
             :
          1909.5 1
             :
          1914.5 1
             :
          1919.5 2
             :
          1921.5 1
             :
          1926.5 1
          1927.5 2
          1928.5 1
          1929.5 1
             :
          1931.5 1
             :
          1934.5 1
             :
          1940.5 1
             :
          1943.5 1
             :
          1952.5 2
             :
          1956.5 1
          1957.5 2
          1958.5 1
          1959.5 1
          1960.5 1
             :
          1962.5 1
          1963.5 1
             :
          1965.5 1
          1966.5 1
          1967.5 1
          1968.5 1
             :
          1972.5 3
          1973.5 2
             :
          1975.5 1
          1976.5 2
             :
          1979.5 1
             :
          1981.5 1
             :
          1983.5 1
             :
          1990.5 1
             :
          1992.5 1
             :
          1995.5 1
             :
          1997.5 1
             :
          1999.5 1
          2000.5 1
             :
          2002.5 1
             :
          2005.5 1
             :
          2007.5 1
          2008.5 1
          2009.5 1
             :
          2011.5 1
             :
          2016.5 1
             :
          2019.5 1
             :
          2025.5 1
             :
          2029.5 1
             :
          2032.5 1
          2033.5 1
          2034.5 1
          2035.5 1
             :
          2039.5 1
             :
          2041.5 1
             :
          2045.5 2
             :
          2047.5 1
             :
          2049.5 1
          2050.5 1
          2051.5 1
             :
          2055.5 1
          2056.5 1
          2057.5 1
             :
          2059.5 1
          2060.5 1
          2061.5 1
             :
          2063.5 1
             :
          2067.5 1
          2068.5 3
          2069.5 3
             :
          2071.5 3
             :
          2075.5 1
             :
          2078.5 1
          2079.5 1
          2080.5 1
             :
          2082.5 2
             :
          2084.5 1
          2085.5 1
             :
          2087.5 1
          2088.5 2
             :
          2092.5 2
             :
          2094.5 1
          2095.5 1
             :
          2097.5 1
             :
          2100.5 1
             :
          2103.5 1
             :
          2105.5 1
             :
          2114.5 2
          2115.5 1
             :
          2117.5 1
             :
          2122.5 2
             :
          2128.5 1
             :
          2130.5 1
             :
          2135.5 1
             :
          2137.5 1
             :
          2139.5 3
          2140.5 1
          2141.5 1
             :
          2143.5 1
             :
          2145.5 1
             :
          2149.5 1
             :
          2152.5 1
             :
          2160.5 2
          2161.5 1
             :
          2163.5 2
             :
          2175.5 1
          2176.5 1
          2177.5 1
          2178.5 1
          2179.5 3
          2180.5 1
             :
          2182.5 1
             :
          2184.5 1
          2185.5 1
             :
          2193.5 1
          2194.5 1
             :
          2197.5 2
             :
          2200.5 2
             :
          2210.5 1
          2211.5 1
          2212.5 2
             :
          2218.5 1
          2219.5 1
          2220.5 1
          2221.5 1
          2222.5 1
          2223.5 1
             :
          2225.5 1
             :
          2227.5 1
             :
          2229.5 1
             :
          2231.5 1
             :
          2233.5 2
             :
          2236.5 1
             :
          2242.5 1
             :
          2245.5 1
             :
          2247.5 1
             :
          2253.5 1
             :
          2256.5 1
             :
          2258.5 1
          2259.5 1
          2260.5 1
             :
          2262.5 1
             :
          2265.5 1
             :
          2270.5 1
          2271.5 1
          2272.5 1
          2273.5 2
             :
          2279.5 2
             :
          2281.5 1
             :
          2287.5 2
             :
          2290.5 2
          2291.5 1
             :
          2293.5 1
             :
          2298.5 2
          2299.5 2
             :
          2302.5 1
          2303.5 1
             :
          2309.5 2
          2310.5 1
          2311.5 1
          2312.5 2
             :
          2314.5 1
          2315.5 1
             :
          2317.5 1
          2318.5 1
             :
          2323.5 1
             :
          2325.5 1
          2326.5 1
             :
          2328.5 1
          2329.5 2
             :
          2331.5 1
          2332.5 1
          2333.5 1
             :
          2336.5 1
             :
          2338.5 1
             :
          2340.5 1
             :
          2346.5 1
             :
          2348.5 1
          2349.5 1
          2350.5 1
          2351.5 1
             :
          2354.5 1
             :
          2360.5 2
             :
          2364.5 1
             :
          2370.5 1
             :
          2372.5 1
             :
          2375.5 1
             :
          2379.5 2
             :
          2384.5 1
             :
          2386.5 1
             :
          2388.5 3
          2389.5 1
             :
          2391.5 1
             :
          2393.5 1
             :
          2397.5 1
             :
          2400.5 1
          2401.5 3
          2402.5 1
          2403.5 1
             :
          2405.5 1
             :
          2408.5 2
             :
          2412.5 1
             :
          2415.5 2
             :
          2419.5 1
             :
          2422.5 1
             :
          2424.5 1
             :
          2428.5 1
             :
          2430.5 1
             :
          2435.5 1
             :
          2439.5 1
             :
          2447.5 1
          2448.5 1
             :
          2456.5 1
          2457.5 1
             :
          2459.5 2
          2460.5 2
             :
          2465.5 1
             :
          2467.5 2
             :
          2470.5 1
          2471.5 2
          2472.5 1
          2473.5 1
             :
          2478.5 1
             :
          2490.5 1
             :
          2494.5 1
          2495.5 1
          2496.5 1
          2497.5 1
          2498.5 1
             :
          2500.5 2
             :
          2505.5 1
             :
          2507.5 1
             :
          2509.5 1
             :
          2515.5 1
             :
          2529.5 3
             :
          2532.5 1
             :
          2534.5 1
             :
          2538.5 1
             :
          2541.5 1
             :
          2548.5 2
             :
          2551.5 1
             :
          2554.5 1
          2555.5 2
          2556.5 1
             :
          2561.5 1
             :
          2564.5 1
             :
          2566.5 1
             :
          2568.5 1
             :
          2570.5 2
          2571.5 1
          2572.5 1
             :
          2574.5 1
             :
          2576.5 1
             :
          2578.5 1
             :
          2581.5 1
             :
          2583.5 1
          2584.5 1
          2585.5 1
             :
          2595.5 1
             :
          2597.5 3
             :
          2600.5 1
          2601.5 1
          2602.5 1
             :
          2606.5 1
             :
          2608.5 1
             :
          2611.5 1
             :
          2616.5 2
             :
          2619.5 1
          2620.5 1
             :
          2623.5 1
             :
          2626.5 1
          2627.5 3
          2628.5 1
             :
          2630.5 1
          2631.5 1
          2632.5 1
             :
          2634.5 1
             :
          2643.5 1
          2644.5 1
             :
          2647.5 1
             :
          2654.5 1
             :
          2659.5 1
             :
          2675.5 1
             :
          2680.5 1
             :
          2682.5 1
             :
          2685.5 2
             :
          2689.5 1
          2690.5 1
          2691.5 1
             :
          2695.5 1
             :
          2697.5 1
             :
          2700.5 1
             :
          2702.5 2
             :
          2708.5 1
             :
          2710.5 1
             :
          2714.5 1
             :
          2721.5 1
             :
          2724.5 1
             :
          2727.5 1
             :
          2730.5 1
             :
          2733.5 1
          2734.5 2
             :
          2743.5 1
             :
          2746.5 1
             :
          2751.5 1
             :
          2769.5 1
             :
          2773.5 1
             :
          2791.5 2
             :
          2797.5 1
             :
          2816.5 1
             :
          2833.5 2
          2834.5 1
             :
          2845.5 1
             :
          2855.5 1
             :
          2857.5 1
             :
          2871.5 1
             :
          2875.5 1
             :
          2877.5 1
             :
          2879.5 1
             :
          2885.5 1
             :
          2888.5 1
          2889.5 1
             :
          2892.5 2
             :
          2900.5 1
             :
          2916.5 2
             :
          2929.5 1
             :
          2932.5 1
             :
          2935.5 2
             :
          2947.5 1
             :
          2952.5 1
             :
          2965.5 1
             :
          2967.5 1
          2968.5 1
             :
          2977.5 1
             :
          2981.5 2
             :
          2989.5 1
             :
          2991.5 1
             :
          2993.5 1
             :
          2999.5 1
             :
          3007.5 1
             :
          3011.5 2
             :
          3015.5 1
             :
          3019.5 1
             :
          3054.5 1
             :
          3062.5 1
             :
          3067.5 1
             :
          3084.5 1
             :
          3108.5 1
             :
          3124.5 1
             :
          3137.5 1
             :
          3140.5 1
             :
          3164.5 1
             :
          3221.5 1
             :
          3260.5 1
             :
          3262.5 1
             :
          3324.5 1
             :
          3330.5 1
             :
          3345.5 1
             :
          3349.5 1
             :
          3365.5 1
          3366.5 1
             :
          3464.5 1
             :
          3466.5 1
             :
          3491.5 1
             :
          3718.5 1

Total: connections 14400 requests 14400 replies 14400 test-duration 600.488 s

Connection rate: 24.0 conn/s (41.7 ms/conn, <=66 concurrent connections)
Connection time [ms]: min 9.9 avg 233.3 max 3718.9 median 16.5 stddev 514.7
Connection time [ms]: connect 0.7
Connection length [replies/conn]: 1.000

Request rate: 24.0 req/s (41.7 ms/req)
Request size [B]: 67.0

Reply rate [replies/s]: min 2.0 avg 24.0 max 54.0 stddev 4.3 (600 samples)
Percentages of the replies served at a given rate:
   50%: 23
   66%: 23
   75%: 24
   80%: 24
   90%: 26
   95%: 28
   98%: 37
   99%: 41
  100%: 54

Reply time [ms]: response 219.6 transfer 12.9
Percentages of the requests served within a certain time (ms) :
   50%: 15
   66%: 31
   75%: 72
   80%: 137
   90%: 765
   95%: 1193
   98%: 2139
   99%: 2453
  100%: 3466

Reply size [B]: header 163.0 content 72.0 footer 1.0 (total 236.0)
Reply status: 1xx=0 2xx=14400 3xx=0 4xx=0 5xx=0

CPU time [s]: user 465.03 system 134.19 (user 77.4% system 22.3% total 99.8%)
Net I/O: 7.1 KB/s (0.1*10^6 bps)

Errors: total 0 client-timo 0 socket-timo 0 connrefused 0 connreset 0
Errors: fd-unavail 0 addrunavail 0 ftab-full 0 other 0

