httperf --verbose --hog --timeout=50 --client=0/1 --server=172.16.116.116 --port=8080 --uri=/ --rate=24 --send-buffer=4096 --recv-buffer=16384 --num-conns=4320 --num-calls=1
httperf: maximum number of open descriptors = 65535
Maximum connect burst length: 1

Connection lifetime histogram (time in ms):
             :
            24.5 1
             :
           642.5 1
             :
           666.5 1
             :
           675.5 1
             :
           680.5 1
             :
           682.5 1
           683.5 1
           684.5 1
             :
           686.5 2
             :
           694.5 1
             :
           709.5 1
             :
           714.5 2
           715.5 1
             :
           730.5 1
             :
           732.5 1
             :
           735.5 1
           736.5 1
           737.5 1
             :
           746.5 1
           747.5 1
             :
           752.5 2
             :
           759.5 1
             :
           765.5 1
           766.5 3
             :
           769.5 1
             :
           776.5 1
           777.5 2
             :
           783.5 1
             :
           787.5 1
             :
           792.5 2
             :
           796.5 1
           797.5 2
             :
           800.5 1
             :
           806.5 1
           807.5 1
             :
           810.5 1
             :
           813.5 2
             :
           816.5 1
             :
           819.5 1
           820.5 1
             :
           822.5 1
             :
           825.5 1
             :
           827.5 1
             :
           829.5 1
           830.5 1
           831.5 1
             :
           834.5 1
             :
           836.5 1
           837.5 1
           838.5 1
             :
           840.5 1
             :
           844.5 3
           845.5 1
             :
           850.5 1
             :
           859.5 1
           860.5 1
             :
           862.5 1
             :
           870.5 1
           871.5 1
           872.5 1
           873.5 1
             :
           876.5 4
             :
           878.5 1
             :
           881.5 1
             :
           884.5 1
           885.5 2
           886.5 1
           887.5 2
             :
           889.5 1
             :
           891.5 2
             :
           893.5 1
             :
           896.5 2
             :
           898.5 1
             :
           908.5 1
           909.5 1
           910.5 1
           911.5 1
           912.5 1
           913.5 1
             :
           915.5 1
           916.5 1
             :
           918.5 1
             :
           922.5 1
             :
           926.5 1
           927.5 2
           928.5 1
             :
           931.5 1
           932.5 1
             :
           941.5 1
           942.5 1
           943.5 1
             :
           946.5 1
             :
           955.5 1
             :
           957.5 1
             :
           961.5 1
             :
           963.5 2
             :
           965.5 1
           966.5 1
           967.5 1
             :
           971.5 1
           972.5 1
           973.5 1
             :
           978.5 3
             :
           980.5 1
             :
           982.5 2
           983.5 1
           984.5 1
           985.5 1
           986.5 1
             :
           988.5 2
             :
           992.5 1
             :
           994.5 1
             :
           999.5 2
             :
          1003.5 1
             :
          1007.5 1
             :
          1010.5 1
             :
          1013.5 1
          1014.5 1
          1015.5 1
             :
          1018.5 1
          1019.5 1
          1020.5 1
          1021.5 2
             :
          1023.5 2
          1024.5 1
             :
          1027.5 3
          1028.5 1
             :
          1033.5 2
             :
          1037.5 1
             :
          1039.5 1
          1040.5 1
             :
          1042.5 1
             :
          1049.5 1
          1050.5 1
             :
          1055.5 1
          1056.5 1
             :
          1058.5 1
          1059.5 1
             :
          1065.5 1
             :
          1069.5 2
          1070.5 1
          1071.5 1
             :
          1073.5 1
             :
          1076.5 1
          1077.5 1
          1078.5 1
             :
          1082.5 1
             :
          1084.5 1
             :
          1092.5 1
             :
          1094.5 1
          1095.5 1
             :
          1098.5 1
             :
          1102.5 1
             :
          1104.5 2
             :
          1107.5 2
          1108.5 1
             :
          1112.5 1
             :
          1115.5 2
          1116.5 2
             :
          1122.5 1
          1123.5 1
          1124.5 2
          1125.5 1
          1126.5 1
             :
          1132.5 1
          1133.5 1
             :
          1135.5 1
             :
          1140.5 1
             :
          1145.5 1
          1146.5 1
          1147.5 1
             :
          1151.5 1
             :
          1155.5 1
             :
          1162.5 1
          1163.5 1
             :
          1168.5 1
          1169.5 2
             :
          1174.5 1
          1175.5 1
             :
          1183.5 1
          1184.5 1
             :
          1190.5 2
             :
          1196.5 1
             :
          1201.5 2
             :
          1204.5 1
          1205.5 1
          1206.5 1
             :
          1208.5 1
          1209.5 1
          1210.5 1
          1211.5 1
          1212.5 1
             :
          1216.5 1
             :
          1220.5 1
             :
          1226.5 1
          1227.5 1
             :
          1229.5 1
             :
          1233.5 1
             :
          1238.5 1
             :
          1242.5 2
             :
          1247.5 1
             :
          1250.5 1
             :
          1254.5 1
             :
          1259.5 1
          1260.5 1
          1261.5 1
             :
          1269.5 1
             :
          1275.5 2
          1276.5 1
             :
          1299.5 1
          1300.5 2
             :
          1304.5 1
          1305.5 1
             :
          1307.5 1
             :
          1311.5 1
             :
          1313.5 1
          1314.5 1
          1315.5 2
             :
          1317.5 2
          1318.5 1
             :
          1322.5 2
             :
          1324.5 2
          1325.5 1
          1326.5 1
             :
          1329.5 1
             :
          1331.5 1
             :
          1338.5 1
          1339.5 1
             :
          1342.5 3
             :
          1345.5 1
             :
          1347.5 1
          1348.5 1
             :
          1350.5 1
          1351.5 1
             :
          1353.5 2
             :
          1356.5 1
             :
          1358.5 1
          1359.5 1
             :
          1362.5 2
             :
          1364.5 1
          1365.5 2
             :
          1368.5 1
             :
          1371.5 1
             :
          1374.5 1
          1375.5 1
             :
          1379.5 1
             :
          1381.5 1
             :
          1385.5 1
          1386.5 1
          1387.5 1
          1388.5 1
             :
          1391.5 1
             :
          1393.5 1
          1394.5 1
             :
          1398.5 1
          1399.5 1
             :
          1401.5 1
             :
          1407.5 1
             :
          1409.5 1
             :
          1412.5 1
             :
          1415.5 1
             :
          1418.5 1
             :
          1421.5 2
             :
          1423.5 2
             :
          1425.5 1
          1426.5 1
             :
          1429.5 2
             :
          1431.5 1
          1432.5 1
          1433.5 1
             :
          1435.5 1
          1436.5 1
             :
          1440.5 2
          1441.5 1
             :
          1444.5 1
          1445.5 1
             :
          1449.5 2
          1450.5 2
          1451.5 3
          1452.5 2
          1453.5 1
          1454.5 1
             :
          1456.5 1
             :
          1459.5 1
          1460.5 1
          1461.5 1
             :
          1463.5 1
             :
          1466.5 3
             :
          1470.5 1
          1471.5 1
             :
          1474.5 3
          1475.5 2
             :
          1477.5 1
          1478.5 1
             :
          1480.5 2
          1481.5 1
          1482.5 1
             :
          1484.5 2
          1485.5 2
          1486.5 1
          1487.5 1
             :
          1489.5 1
          1490.5 1
             :
          1492.5 1
             :
          1494.5 1
             :
          1496.5 1
          1497.5 1
          1498.5 1
             :
          1501.5 1
             :
          1504.5 1
             :
          1506.5 2
          1507.5 1
             :
          1511.5 1
             :
          1513.5 1
          1514.5 1
          1515.5 1
          1516.5 2
             :
          1518.5 1
             :
          1522.5 1
             :
          1525.5 2
             :
          1527.5 2
             :
          1530.5 2
             :
          1532.5 1
          1533.5 2
          1534.5 2
             :
          1536.5 1
             :
          1540.5 1
          1541.5 1
             :
          1543.5 1
             :
          1547.5 1
          1548.5 1
          1549.5 2
             :
          1552.5 1
          1553.5 1
          1554.5 1
          1555.5 2
          1556.5 4
          1557.5 1
          1558.5 2
             :
          1568.5 1
             :
          1570.5 1
             :
          1572.5 1
          1573.5 2
             :
          1575.5 2
          1576.5 1
          1577.5 2
             :
          1579.5 1
             :
          1582.5 1
          1583.5 2
          1584.5 1
          1585.5 1
          1586.5 1
          1587.5 2
          1588.5 1
          1589.5 2
             :
          1592.5 1
             :
          1594.5 1
          1595.5 2
          1596.5 2
             :
          1601.5 1
             :
          1603.5 2
          1604.5 1
          1605.5 1
          1606.5 1
          1607.5 1
          1608.5 2
          1609.5 1
          1610.5 2
             :
          1612.5 1
             :
          1614.5 4
          1615.5 1
          1616.5 2
          1617.5 2
          1618.5 1
          1619.5 1
          1620.5 2
          1621.5 1
          1622.5 1
          1623.5 1
          1624.5 2
             :
          1628.5 2
          1629.5 3
             :
          1631.5 1
          1632.5 1
             :
          1636.5 2
             :
          1638.5 1
          1639.5 1
             :
          1641.5 1
          1642.5 1
             :
          1644.5 1
          1645.5 1
          1646.5 2
          1647.5 1
          1648.5 2
             :
          1651.5 1
             :
          1653.5 1
             :
          1655.5 2
             :
          1657.5 3
          1658.5 3
          1659.5 2
          1660.5 1
          1661.5 1
             :
          1665.5 1
          1666.5 2
          1667.5 1
          1668.5 1
          1669.5 3
             :
          1671.5 1
          1672.5 1
          1673.5 1
          1674.5 2
          1675.5 2
          1676.5 2
             :
          1678.5 4
          1679.5 2
          1680.5 1
          1681.5 2
          1682.5 1
          1683.5 3
          1684.5 3
          1685.5 1
          1686.5 2
          1687.5 1
             :
          1689.5 2
          1690.5 1
          1691.5 2
          1692.5 4
          1693.5 1
          1694.5 1
          1695.5 1
          1696.5 1
          1697.5 1
          1698.5 1
             :
          1700.5 1
          1701.5 2
             :
          1704.5 3
          1705.5 3
          1706.5 2
          1707.5 3
          1708.5 4
          1709.5 1
          1710.5 1
          1711.5 4
             :
          1713.5 3
          1714.5 2
          1715.5 1
          1716.5 2
          1717.5 2
          1718.5 1
             :
          1720.5 1
          1721.5 2
          1722.5 2
          1723.5 4
          1724.5 2
          1725.5 2
          1726.5 1
          1727.5 3
          1728.5 2
          1729.5 2
          1730.5 5
          1731.5 1
          1732.5 2
          1733.5 4
          1734.5 2
          1735.5 4
          1736.5 1
          1737.5 6
          1738.5 2
          1739.5 4
          1740.5 3
          1741.5 3
          1742.5 1
          1743.5 1
          1744.5 2
          1745.5 1
          1746.5 6
          1747.5 2
          1748.5 5
          1749.5 3
          1750.5 1
          1751.5 5
          1752.5 4
          1753.5 2
          1754.5 1
          1755.5 2
          1756.5 5
          1757.5 3
          1758.5 3
          1759.5 1
          1760.5 3
          1761.5 3
          1762.5 3
          1763.5 2
             :
          1765.5 3
          1766.5 3
          1767.5 4
          1768.5 3
          1769.5 3
          1770.5 2
          1771.5 2
          1772.5 4
          1773.5 2
          1774.5 3
          1775.5 2
          1776.5 3
          1777.5 4
          1778.5 4
          1779.5 3
          1780.5 6
          1781.5 3
          1782.5 4
          1783.5 4
          1784.5 5
          1785.5 3
          1786.5 2
             :
          1788.5 1
          1789.5 1
          1790.5 4
          1791.5 1
          1792.5 3
          1793.5 4
          1794.5 4
          1795.5 5
          1796.5 2
          1797.5 3
          1798.5 2
          1799.5 1
          1800.5 3
          1801.5 1
          1802.5 4
          1803.5 2
          1804.5 2
          1805.5 1
          1806.5 3
          1807.5 5
          1808.5 4
          1809.5 2
          1810.5 2
          1811.5 4
          1812.5 4
          1813.5 3
          1814.5 6
          1815.5 7
          1816.5 3
          1817.5 5
          1818.5 1
          1819.5 4
          1820.5 4
          1821.5 5
          1822.5 6
          1823.5 7
          1824.5 7
          1825.5 3
          1826.5 4
          1827.5 4
          1828.5 6
          1829.5 2
          1830.5 8
          1831.5 3
          1832.5 6
          1833.5 3
          1834.5 2
          1835.5 4
          1836.5 3
          1837.5 6
          1838.5 6
          1839.5 5
          1840.5 6
          1841.5 4
             :
          1844.5 1
          1845.5 6
          1846.5 4
          1847.5 1
          1848.5 3
          1849.5 4
          1850.5 4
          1851.5 2
          1852.5 2
          1853.5 7
          1854.5 1
          1855.5 3
          1856.5 5
          1857.5 3
          1858.5 4
          1859.5 5
             :
          1861.5 3
          1862.5 3
          1863.5 2
          1864.5 1
          1865.5 2
          1866.5 2
          1867.5 4
          1868.5 3
          1869.5 4
          1870.5 3
          1871.5 3
          1872.5 3
             :
          1874.5 3
          1875.5 4
          1876.5 1
          1877.5 2
          1878.5 5
          1879.5 6
          1880.5 2
          1881.5 1
          1882.5 4
          1883.5 5
          1884.5 6
          1885.5 4
          1886.5 3
          1887.5 4
          1888.5 1
          1889.5 1
          1890.5 3
          1891.5 3
             :
          1893.5 6
          1894.5 2
          1895.5 5
          1896.5 2
          1897.5 1
          1898.5 2
          1899.5 3
          1900.5 2
          1901.5 4
             :
          1903.5 3
          1904.5 5
          1905.5 4
             :
          1907.5 2
          1908.5 4
          1909.5 4
          1910.5 2
          1911.5 1
          1912.5 3
          1913.5 2
          1914.5 4
          1915.5 1
          1916.5 5
          1917.5 5
          1918.5 1
          1919.5 1
          1920.5 5
          1921.5 1
          1922.5 4
          1923.5 2
          1924.5 2
          1925.5 4
          1926.5 1
          1927.5 1
          1928.5 2
          1929.5 3
          1930.5 1
          1931.5 3
          1932.5 4
          1933.5 3
             :
          1936.5 1
          1937.5 3
          1938.5 1
          1939.5 3
             :
          1942.5 1
          1943.5 4
             :
          1945.5 1
          1946.5 1
          1947.5 1
          1948.5 1
          1949.5 4
          1950.5 4
          1951.5 3
             :
          1953.5 5
          1954.5 1
             :
          1956.5 4
          1957.5 2
          1958.5 2
          1959.5 4
          1960.5 4
          1961.5 3
             :
          1963.5 5
          1964.5 1
             :
          1966.5 4
             :
          1968.5 1
          1969.5 2
          1970.5 2
          1971.5 1
          1972.5 3
          1973.5 1
          1974.5 1
          1975.5 2
          1976.5 4
          1977.5 2
          1978.5 2
          1979.5 2
          1980.5 2
          1981.5 3
             :
          1983.5 1
          1984.5 4
          1985.5 2
          1986.5 5
          1987.5 1
          1988.5 4
          1989.5 3
          1990.5 2
          1991.5 5
          1992.5 1
          1993.5 2
          1994.5 5
          1995.5 1
          1996.5 2
          1997.5 2
          1998.5 2
          1999.5 2
          2000.5 3
          2001.5 6
          2002.5 2
          2003.5 3
          2004.5 2
          2005.5 2
             :
          2007.5 1
          2008.5 3
          2009.5 5
             :
          2011.5 5
          2012.5 3
          2013.5 2
          2014.5 6
          2015.5 1
          2016.5 4
          2017.5 5
          2018.5 2
          2019.5 2
          2020.5 2
          2021.5 4
          2022.5 2
          2023.5 3
          2024.5 2
          2025.5 7
          2026.5 4
          2027.5 1
          2028.5 4
          2029.5 4
          2030.5 2
          2031.5 4
          2032.5 2
             :
          2034.5 3
          2035.5 3
             :
          2037.5 2
          2038.5 2
          2039.5 1
          2040.5 2
          2041.5 2
          2042.5 3
          2043.5 2
          2044.5 2
          2045.5 2
          2046.5 1
          2047.5 5
          2048.5 1
          2049.5 1
          2050.5 2
          2051.5 4
          2052.5 1
          2053.5 3
          2054.5 3
          2055.5 3
          2056.5 2
          2057.5 1
          2058.5 2
          2059.5 3
          2060.5 6
          2061.5 3
          2062.5 3
          2063.5 6
          2064.5 8
          2065.5 4
          2066.5 1
          2067.5 4
          2068.5 2
          2069.5 3
          2070.5 3
          2071.5 5
          2072.5 1
          2073.5 4
          2074.5 5
          2075.5 1
          2076.5 1
          2077.5 1
          2078.5 1
          2079.5 2
             :
          2081.5 1
          2082.5 4
          2083.5 3
             :
          2085.5 5
          2086.5 3
          2087.5 7
          2088.5 1
          2089.5 2
          2090.5 2
          2091.5 1
          2092.5 3
          2093.5 1
          2094.5 4
             :
          2096.5 2
          2097.5 2
          2098.5 1
          2099.5 4
             :
          2101.5 4
          2102.5 1
          2103.5 2
          2104.5 4
             :
          2106.5 1
          2107.5 3
          2108.5 4
          2109.5 3
          2110.5 5
          2111.5 1
          2112.5 2
          2113.5 5
          2114.5 2
          2115.5 4
          2116.5 4
          2117.5 1
          2118.5 3
          2119.5 3
          2120.5 2
          2121.5 5
          2122.5 2
          2123.5 3
             :
          2125.5 1
          2126.5 2
          2127.5 1
          2128.5 1
          2129.5 3
          2130.5 3
          2131.5 4
          2132.5 4
          2133.5 1
             :
          2135.5 1
          2136.5 4
          2137.5 3
             :
          2139.5 4
          2140.5 2
          2141.5 2
          2142.5 1
          2143.5 4
          2144.5 3
          2145.5 2
          2146.5 1
          2147.5 4
             :
          2149.5 3
          2150.5 3
          2151.5 8
          2152.5 1
          2153.5 2
          2154.5 3
          2155.5 1
          2156.5 4
          2157.5 2
          2158.5 2
          2159.5 2
             :
          2161.5 7
          2162.5 1
          2163.5 1
          2164.5 3
          2165.5 3
          2166.5 5
          2167.5 1
          2168.5 2
          2169.5 1
          2170.5 2
          2171.5 5
          2172.5 2
          2173.5 5
          2174.5 1
             :
          2176.5 1
          2177.5 4
          2178.5 2
          2179.5 1
          2180.5 1
          2181.5 2
          2182.5 4
          2183.5 2
          2184.5 1
          2185.5 3
          2186.5 2
          2187.5 2
             :
          2190.5 3
          2191.5 2
          2192.5 2
          2193.5 2
          2194.5 5
          2195.5 3
          2196.5 1
          2197.5 3
          2198.5 3
          2199.5 2
          2200.5 1
          2201.5 4
          2202.5 1
             :
          2204.5 7
          2205.5 3
          2206.5 5
          2207.5 2
          2208.5 2
          2209.5 2
          2210.5 2
          2211.5 3
          2212.5 2
          2213.5 5
          2214.5 2
          2215.5 3
          2216.5 4
          2217.5 3
             :
          2219.5 2
             :
          2221.5 5
          2222.5 1
          2223.5 3
          2224.5 2
          2225.5 3
          2226.5 3
             :
          2228.5 1
          2229.5 1
             :
          2231.5 3
             :
          2236.5 1
          2237.5 2
             :
          2239.5 2
          2240.5 3
          2241.5 3
          2242.5 2
          2243.5 3
             :
          2245.5 4
          2246.5 2
          2247.5 1
          2248.5 2
          2249.5 2
          2250.5 2
          2251.5 4
             :
          2253.5 1
          2254.5 2
          2255.5 1
             :
          2258.5 1
          2259.5 5
          2260.5 2
          2261.5 2
          2262.5 3
          2263.5 1
          2264.5 6
             :
          2266.5 2
          2267.5 1
          2268.5 1
          2269.5 3
          2270.5 2
          2271.5 1
          2272.5 5
          2273.5 3
          2274.5 3
          2275.5 2
          2276.5 3
          2277.5 3
          2278.5 1
          2279.5 3
          2280.5 1
             :
          2282.5 1
          2283.5 5
          2284.5 1
          2285.5 4
          2286.5 1
          2287.5 2
          2288.5 3
          2289.5 1
          2290.5 4
             :
          2292.5 1
          2293.5 3
          2294.5 2
             :
          2296.5 2
          2297.5 5
          2298.5 2
             :
          2300.5 2
          2301.5 3
          2302.5 4
          2303.5 1
          2304.5 3
          2305.5 2
          2306.5 2
          2307.5 1
          2308.5 2
          2309.5 1
          2310.5 5
          2311.5 2
          2312.5 1
          2313.5 3
          2314.5 1
          2315.5 1
          2316.5 1
          2317.5 1
          2318.5 2
          2319.5 2
          2320.5 4
          2321.5 4
          2322.5 1
          2323.5 2
          2324.5 1
          2325.5 3
          2326.5 3
          2327.5 4
          2328.5 1
             :
          2330.5 2
          2331.5 3
          2332.5 1
          2333.5 3
          2334.5 7
          2335.5 1
          2336.5 4
             :
          2338.5 4
          2339.5 2
          2340.5 4
          2341.5 3
          2342.5 5
          2343.5 5
          2344.5 1
          2345.5 2
          2346.5 5
          2347.5 1
          2348.5 1
          2349.5 1
          2350.5 5
          2351.5 3
          2352.5 1
          2353.5 5
          2354.5 3
          2355.5 3
          2356.5 2
          2357.5 2
          2358.5 1
          2359.5 1
          2360.5 3
             :
          2362.5 2
          2363.5 2
          2364.5 3
          2365.5 2
          2366.5 1
          2367.5 3
             :
          2369.5 2
          2370.5 1
          2371.5 1
          2372.5 1
          2373.5 3
          2374.5 1
          2375.5 2
          2376.5 4
          2377.5 2
          2378.5 3
          2379.5 1
          2380.5 1
          2381.5 5
          2382.5 2
          2383.5 2
             :
          2385.5 3
          2386.5 2
          2387.5 4
          2388.5 1
          2389.5 1
          2390.5 1
             :
          2392.5 2
          2393.5 3
          2394.5 6
          2395.5 3
             :
          2397.5 2
          2398.5 1
          2399.5 2
          2400.5 3
          2401.5 3
             :
          2403.5 1
          2404.5 3
          2405.5 3
          2406.5 2
          2407.5 2
          2408.5 1
          2409.5 3
             :
          2411.5 3
          2412.5 3
          2413.5 6
          2414.5 2
          2415.5 6
          2416.5 2
          2417.5 3
          2418.5 2
          2419.5 5
          2420.5 3
          2421.5 2
          2422.5 2
          2423.5 5
          2424.5 4
          2425.5 5
          2426.5 1
             :
          2428.5 3
             :
          2430.5 2
          2431.5 3
          2432.5 1
          2433.5 1
          2434.5 1
          2435.5 4
          2436.5 4
          2437.5 7
          2438.5 4
          2439.5 1
          2440.5 4
             :
          2442.5 4
          2443.5 3
          2444.5 4
          2445.5 3
          2446.5 4
          2447.5 1
          2448.5 2
          2449.5 2
             :
          2451.5 2
          2452.5 1
          2453.5 2
          2454.5 3
          2455.5 2
             :
          2457.5 1
          2458.5 2
          2459.5 1
          2460.5 1
          2461.5 1
             :
          2463.5 1
          2464.5 3
          2465.5 4
             :
          2467.5 2
          2468.5 3
          2469.5 3
          2470.5 4
          2471.5 2
          2472.5 3
          2473.5 1
             :
          2476.5 2
          2477.5 2
          2478.5 3
          2479.5 1
          2480.5 2
          2481.5 5
          2482.5 8
          2483.5 1
          2484.5 2
          2485.5 2
          2486.5 3
          2487.5 1
          2488.5 2
          2489.5 2
          2490.5 3
          2491.5 4
          2492.5 3
          2493.5 2
          2494.5 4
          2495.5 5
          2496.5 1
          2497.5 3
          2498.5 3
          2499.5 3
          2500.5 2
          2501.5 2
             :
          2503.5 1
          2504.5 2
             :
          2506.5 2
             :
          2508.5 2
             :
          2511.5 1
          2512.5 1
             :
          2514.5 3
          2515.5 3
          2516.5 1
          2517.5 1
          2518.5 1
             :
          2520.5 2
          2521.5 1
          2522.5 2
          2523.5 3
          2524.5 2
          2525.5 1
          2526.5 1
          2527.5 1
          2528.5 2
          2529.5 1
             :
          2531.5 3
          2532.5 3
          2533.5 2
          2534.5 3
          2535.5 2
          2536.5 3
          2537.5 1
          2538.5 2
             :
          2540.5 2
             :
          2542.5 1
          2543.5 7
          2544.5 4
          2545.5 2
          2546.5 2
             :
          2548.5 3
          2549.5 5
          2550.5 1
          2551.5 1
          2552.5 2
          2553.5 3
          2554.5 1
          2555.5 1
          2556.5 1
             :
          2558.5 1
          2559.5 3
          2560.5 1
          2561.5 1
          2562.5 1
          2563.5 1
          2564.5 3
          2565.5 3
          2566.5 3
          2567.5 3
          2568.5 1
          2569.5 1
          2570.5 2
          2571.5 1
          2572.5 2
          2573.5 2
             :
          2575.5 1
          2576.5 2
          2577.5 1
          2578.5 1
          2579.5 1
             :
          2581.5 2
          2582.5 1
             :
          2584.5 4
          2585.5 3
             :
          2587.5 1
          2588.5 2
          2589.5 1
          2590.5 1
          2591.5 1
             :
          2593.5 1
          2594.5 2
          2595.5 1
          2596.5 4
          2597.5 1
             :
          2599.5 1
          2600.5 2
          2601.5 1
          2602.5 3
          2603.5 1
             :
          2605.5 2
          2606.5 2
          2607.5 2
             :
          2610.5 2
          2611.5 2
          2612.5 1
             :
          2616.5 1
             :
          2618.5 1
          2619.5 1
          2620.5 1
          2621.5 1
          2622.5 2
          2623.5 1
          2624.5 1
             :
          2626.5 2
             :
          2628.5 2
          2629.5 1
          2630.5 6
          2631.5 2
          2632.5 1
          2633.5 1
             :
          2637.5 1
             :
          2639.5 1
             :
          2643.5 1
             :
          2645.5 1
             :
          2647.5 2
             :
          2649.5 1
             :
          2653.5 2
          2654.5 1
          2655.5 1
             :
          2657.5 1
          2658.5 3
          2659.5 2
          2660.5 2
             :
          2662.5 3
          2663.5 2
          2664.5 1
          2665.5 1
             :
          2669.5 1
          2670.5 2
             :
          2673.5 1
             :
          2675.5 3
          2676.5 2
          2677.5 1
          2678.5 1
             :
          2680.5 1
             :
          2682.5 2
             :
          2684.5 3
          2685.5 3
             :
          2688.5 1
             :
          2690.5 2
             :
          2692.5 1
          2693.5 1
          2694.5 3
          2695.5 4
          2696.5 2
             :
          2698.5 1
          2699.5 1
             :
          2702.5 1
             :
          2704.5 1
             :
          2706.5 1
             :
          2708.5 1
          2709.5 2
          2710.5 3
             :
          2712.5 3
             :
          2714.5 1
             :
          2716.5 2
          2717.5 1
             :
          2719.5 2
             :
          2721.5 2
             :
          2723.5 1
             :
          2726.5 1
             :
          2728.5 4
             :
          2730.5 2
             :
          2732.5 1
          2733.5 1
          2734.5 2
             :
          2736.5 2
             :
          2739.5 2
          2740.5 2
          2741.5 1
          2742.5 1
             :
          2744.5 1
             :
          2746.5 2
          2747.5 1
             :
          2749.5 1
             :
          2751.5 2
          2752.5 1
             :
          2754.5 1
          2755.5 4
             :
          2757.5 4
             :
          2760.5 2
          2761.5 2
             :
          2763.5 2
             :
          2765.5 2
          2766.5 1
          2767.5 2
          2768.5 2
          2769.5 1
          2770.5 2
          2771.5 2
          2772.5 1
          2773.5 2
          2774.5 1
          2775.5 2
          2776.5 1
          2777.5 1
             :
          2779.5 2
          2780.5 3
          2781.5 2
          2782.5 1
          2783.5 2
          2784.5 1
          2785.5 1
          2786.5 1
          2787.5 1
          2788.5 1
          2789.5 2
          2790.5 2
          2791.5 1
          2792.5 2
          2793.5 1
          2794.5 3
          2795.5 2
          2796.5 1
          2797.5 1
          2798.5 2
          2799.5 2
          2800.5 1
             :
          2803.5 2
          2804.5 2
             :
          2807.5 3
          2808.5 1
          2809.5 3
             :
          2811.5 1
             :
          2814.5 1
          2815.5 3
          2816.5 2
          2817.5 2
          2818.5 1
          2819.5 2
          2820.5 1
             :
          2822.5 5
          2823.5 1
          2824.5 1
          2825.5 2
          2826.5 1
          2827.5 6
          2828.5 3
          2829.5 1
          2830.5 6
          2831.5 3
          2832.5 3
          2833.5 2
             :
          2835.5 3
          2836.5 5
             :
          2839.5 3
          2840.5 3
          2841.5 1
          2842.5 3
          2843.5 4
          2844.5 1
             :
          2846.5 1
          2847.5 2
             :
          2849.5 2
          2850.5 4
          2851.5 1
          2852.5 3
          2853.5 1
          2854.5 1
          2855.5 3
             :
          2858.5 3
          2859.5 3
          2860.5 3
          2861.5 3
          2862.5 1
          2863.5 1
             :
          2865.5 2
          2866.5 1
          2867.5 1
             :
          2869.5 1
          2870.5 5
          2871.5 2
          2872.5 2
          2873.5 1
          2874.5 3
          2875.5 6
          2876.5 1
          2877.5 2
          2878.5 2
          2879.5 1
          2880.5 1
          2881.5 4
          2882.5 1
             :
          2884.5 3
          2885.5 1
          2886.5 2
          2887.5 1
          2888.5 2
          2889.5 2
          2890.5 1
             :
          2892.5 2
          2893.5 2
          2894.5 3
             :
          2896.5 2
          2897.5 4
          2898.5 3
          2899.5 5
          2900.5 5
             :
          2902.5 2
          2903.5 3
          2904.5 3
          2905.5 3
          2906.5 2
          2907.5 2
          2908.5 2
          2909.5 4
          2910.5 1
          2911.5 2
          2912.5 2
          2913.5 3
          2914.5 1
             :
          2916.5 3
          2917.5 3
             :
          2919.5 6
          2920.5 3
          2921.5 1
          2922.5 1
          2923.5 6
          2924.5 4
          2925.5 2
          2926.5 1
          2927.5 2
          2928.5 4
          2929.5 1
          2930.5 3
          2931.5 1
          2932.5 2
             :
          2934.5 3
          2935.5 1
          2936.5 2
             :
          2939.5 4
          2940.5 1
          2941.5 2
          2942.5 1
             :
          2944.5 3
          2945.5 2
          2946.5 3
          2947.5 1
          2948.5 1
          2949.5 1
             :
          2951.5 1
          2952.5 4
          2953.5 4
          2954.5 3
          2955.5 3
          2956.5 5
          2957.5 1
          2958.5 2
          2959.5 5
             :
          2961.5 4
             :
          2963.5 6
          2964.5 3
          2965.5 1
          2966.5 3
          2967.5 3
          2968.5 1
          2969.5 1
             :
          2971.5 2
          2972.5 4
          2973.5 1
          2974.5 2
          2975.5 1
             :
          2977.5 5
             :
          2979.5 2
          2980.5 2
          2981.5 4
          2982.5 3
          2983.5 2
          2984.5 3
          2985.5 2
          2986.5 2
          2987.5 3
          2988.5 4
          2989.5 4
          2990.5 1
          2991.5 2
          2992.5 1
          2993.5 1
          2994.5 3
          2995.5 2
          2996.5 3
             :
          2998.5 2
             :
          3000.5 1
          3001.5 2
          3002.5 4
          3003.5 1
          3004.5 3
          3005.5 2
          3006.5 2
          3007.5 2
             :
          3009.5 2
          3010.5 2
          3011.5 2
          3012.5 4
          3013.5 3
             :
          3015.5 2
             :
          3017.5 2
          3018.5 2
          3019.5 2
          3020.5 2
          3021.5 1
          3022.5 3
          3023.5 3
          3024.5 3
          3025.5 4
          3026.5 5
          3027.5 1
          3028.5 1
          3029.5 3
          3030.5 1
          3031.5 2
          3032.5 3
          3033.5 2
             :
          3035.5 3
             :
          3037.5 1
          3038.5 3
          3039.5 1
          3040.5 3
          3041.5 1
          3042.5 4
          3043.5 3
             :
          3045.5 2
          3046.5 2
          3047.5 1
          3048.5 1
          3049.5 1
          3050.5 3
          3051.5 1
          3052.5 1
          3053.5 2
          3054.5 2
          3055.5 1
             :
          3057.5 1
          3058.5 2
             :
          3060.5 2
          3061.5 1
          3062.5 5
          3063.5 2
          3064.5 3
          3065.5 2
          3066.5 2
             :
          3068.5 3
          3069.5 2
          3070.5 4
          3071.5 1
          3072.5 2
             :
          3074.5 4
          3075.5 3
          3076.5 3
          3077.5 2
          3078.5 4
          3079.5 3
          3080.5 1
             :
          3082.5 3
             :
          3084.5 4
          3085.5 2
          3086.5 3
          3087.5 3
          3088.5 2
          3089.5 3
          3090.5 2
          3091.5 2
          3092.5 3
          3093.5 1
          3094.5 2
             :
          3096.5 5
          3097.5 1
          3098.5 2
          3099.5 2
          3100.5 1
          3101.5 1
          3102.5 1
          3103.5 1
          3104.5 3
             :
          3106.5 1
          3107.5 2
          3108.5 1
          3109.5 2
          3110.5 3
          3111.5 2
          3112.5 2
          3113.5 2
          3114.5 6
          3115.5 1
             :
          3118.5 1
          3119.5 1
          3120.5 2
          3121.5 1
          3122.5 1
          3123.5 2
          3124.5 2
          3125.5 3
          3126.5 2
          3127.5 1
          3128.5 3
          3129.5 2
             :
          3131.5 2
             :
          3134.5 1
          3135.5 2
          3136.5 1
          3137.5 1
          3138.5 3
             :
          3142.5 2
          3143.5 3
          3144.5 2
          3145.5 2
          3146.5 2
             :
          3148.5 2
          3149.5 1
          3150.5 1
          3151.5 3
          3152.5 3
          3153.5 1
          3154.5 1
          3155.5 1
             :
          3157.5 3
          3158.5 2
          3159.5 1
          3160.5 1
          3161.5 1
          3162.5 4
          3163.5 2
          3164.5 4
          3165.5 3
          3166.5 2
          3167.5 2
             :
          3169.5 1
          3170.5 4
          3171.5 2
          3172.5 5
          3173.5 2
          3174.5 2
          3175.5 3
          3176.5 5
          3177.5 1
          3178.5 2
             :
          3180.5 2
             :
          3183.5 3
          3184.5 1
             :
          3186.5 1
          3187.5 1
          3188.5 2
          3189.5 1
             :
          3191.5 2
          3192.5 1
          3193.5 1
          3194.5 2
          3195.5 2
          3196.5 4
             :
          3198.5 1
          3199.5 2
          3200.5 1
          3201.5 1
             :
          3203.5 1
          3204.5 5
             :
          3206.5 1
          3207.5 1
          3208.5 1
          3209.5 1
          3210.5 1
          3211.5 2
          3212.5 1
          3213.5 1
          3214.5 4
          3215.5 2
          3216.5 4
          3217.5 2
          3218.5 1
          3219.5 3
          3220.5 3
          3221.5 1
          3222.5 1
          3223.5 2
          3224.5 2
          3225.5 1
          3226.5 6
          3227.5 1
          3228.5 2
          3229.5 3
          3230.5 1
          3231.5 1
             :
          3233.5 2
          3234.5 1
             :
          3236.5 2
          3237.5 3
          3238.5 1
          3239.5 6
          3240.5 1
          3241.5 1
          3242.5 2
          3243.5 2
          3244.5 1
          3245.5 2
          3246.5 2
          3247.5 4
          3248.5 1
             :
          3250.5 4
          3251.5 2
          3252.5 2
          3253.5 4
          3254.5 2
          3255.5 2
          3256.5 3
          3257.5 3
             :
          3259.5 6
          3260.5 2
             :
          3262.5 1
             :
          3264.5 2
          3265.5 4
          3266.5 2
          3267.5 3
          3268.5 1
          3269.5 1
          3270.5 1
          3271.5 2
          3272.5 8
          3273.5 2
          3274.5 1
          3275.5 1
          3276.5 4
             :
          3278.5 2
          3279.5 1
          3280.5 1
          3281.5 1
             :
          3283.5 2
          3284.5 3
          3285.5 7
          3286.5 3
          3287.5 1
          3288.5 5
          3289.5 4
          3290.5 1
          3291.5 2
             :
          3293.5 2
          3294.5 4
          3295.5 2
          3296.5 4
          3297.5 1
          3298.5 2
          3299.5 1
          3300.5 1
          3301.5 2
          3302.5 3
          3303.5 4
          3304.5 2
          3305.5 2
          3306.5 2
          3307.5 4
          3308.5 3
          3309.5 1
          3310.5 1
          3311.5 2
          3312.5 4
          3313.5 1
          3314.5 4
             :
          3316.5 3
          3317.5 4
             :
          3319.5 3
          3320.5 2
             :
          3322.5 2
          3323.5 2
          3324.5 2
          3325.5 3
          3326.5 2
          3327.5 1
          3328.5 3
          3329.5 2
          3330.5 1
          3331.5 4
          3332.5 4
          3333.5 5
          3334.5 1
             :
          3337.5 1
          3338.5 1
          3339.5 1
          3340.5 3
          3341.5 3
          3342.5 2
          3343.5 3
          3344.5 1
          3345.5 4
          3346.5 3
          3347.5 3
          3348.5 3
          3349.5 1
             :
          3351.5 6
             :
          3353.5 2
          3354.5 2
          3355.5 2
             :
          3357.5 6
          3358.5 3
          3359.5 2
          3360.5 3
          3361.5 3
          3362.5 2
          3363.5 1
          3364.5 1
             :
          3366.5 2
          3367.5 2
          3368.5 2
          3369.5 3
          3370.5 1
          3371.5 1
             :
          3373.5 4
          3374.5 3
          3375.5 2
          3376.5 3
          3377.5 1
          3378.5 3
          3379.5 1
          3380.5 2
          3381.5 1
          3382.5 3
          3383.5 4
          3384.5 2
          3385.5 2
          3386.5 3
          3387.5 1
          3388.5 2
          3389.5 4
          3390.5 3
             :
          3392.5 2
          3393.5 2
          3394.5 2
          3395.5 3
             :
          3397.5 1
          3398.5 1
          3399.5 2
          3400.5 1
          3401.5 3
          3402.5 3
          3403.5 2
          3404.5 2
          3405.5 2
          3406.5 3
          3407.5 1
          3408.5 1
          3409.5 2
          3410.5 5
          3411.5 2
          3412.5 2
          3413.5 2
          3414.5 5
             :
          3416.5 1
          3417.5 2
          3418.5 1
          3419.5 2
          3420.5 2
          3421.5 2
          3422.5 3
          3423.5 2
          3424.5 4
          3425.5 5
             :
          3427.5 3
             :
          3429.5 1
          3430.5 1
          3431.5 1
          3432.5 2
          3433.5 1
          3434.5 2
          3435.5 1
          3436.5 1
             :
          3438.5 1
          3439.5 1
          3440.5 3
             :
          3442.5 1
          3443.5 1
          3444.5 4
          3445.5 3
             :
          3447.5 4
             :
          3449.5 1
          3450.5 1
          3451.5 2
             :
          3453.5 2
          3454.5 2
          3455.5 5
          3456.5 1
          3457.5 1
          3458.5 1
          3459.5 3
          3460.5 1
          3461.5 2
          3462.5 2
             :
          3464.5 1
          3465.5 4
          3466.5 1
          3467.5 2
             :
          3469.5 1
          3470.5 2
             :
          3472.5 2
          3473.5 1
          3474.5 2
          3475.5 1
             :
          3478.5 2
          3479.5 2
          3480.5 1
          3481.5 3
          3482.5 2
          3483.5 2
          3484.5 2
          3485.5 3
          3486.5 2
          3487.5 3
          3488.5 3
          3489.5 3
          3490.5 1
          3491.5 2
          3492.5 1
          3493.5 1
          3494.5 3
          3495.5 2
          3496.5 1
             :
          3498.5 2
             :
          3500.5 3
          3501.5 2
          3502.5 1
             :
          3507.5 1
             :
          3509.5 2
             :
          3511.5 1
             :
          3513.5 1
          3514.5 2
             :
          3516.5 1
          3517.5 1
             :
          3519.5 1
             :
          3522.5 1
          3523.5 2
             :
          3526.5 1
             :
          3528.5 2
          3529.5 2
             :
          3533.5 2
             :
          3537.5 1
             :
          3539.5 1
             :
          3541.5 1
          3542.5 1
          3543.5 1
          3544.5 1
          3545.5 2
             :
          3549.5 1
          3550.5 1
             :
          3553.5 1
             :
          3563.5 1
          3564.5 1
             :
          3572.5 1
             :
          3576.5 1
             :
          3582.5 1
          3583.5 1
             :
          3589.5 2
             :
          3592.5 2
             :
          3602.5 1
             :
          3611.5 1
             :
          3627.5 1
             :
          3630.5 1
             :
          3712.5 1
             :
          3732.5 1
             :
          3736.5 1
             :
          3744.5 1

Total: connections 4320 requests 4320 replies 4320 test-duration 183.445 s

Connection rate: 23.5 conn/s (42.5 ms/conn, <=86 concurrent connections)
Connection time [ms]: min 24.4 avg 2375.4 max 3744.1 median 2334.5 stddev 674.9
Connection time [ms]: connect 0.5
Connection length [replies/conn]: 1.000

Request rate: 23.5 req/s (42.5 ms/req)
Request size [B]: 67.0

Reply rate [replies/s]: min 3.0 avg 23.5 max 29.0 stddev 2.7 (183 samples)
Percentages of the replies served at a given rate:
   50%: 23
   66%: 24
   75%: 24
   80%: 24
   90%: 25
   95%: 26
   98%: 28
   99%: 28
  100%: 29

Reply time [ms]: response 2292.4 transfer 82.5
Percentages of the requests served within a certain time (ms) :
   50%: 2245
   66%: 2653
   75%: 2868
   80%: 2982
   90%: 3215
   95%: 3306
   98%: 3395
   99%: 3446
  100%: 3743

Reply size [B]: header 163.0 content 72.0 footer 2.0 (total 237.0)
Reply status: 1xx=0 2xx=4320 3xx=0 4xx=0 5xx=0

CPU time [s]: user 104.54 system 78.58 (user 57.0% system 42.8% total 99.8%)
Net I/O: 6.9 KB/s (0.1*10^6 bps)

Errors: total 0 client-timo 0 socket-timo 0 connrefused 0 connreset 0
Errors: fd-unavail 0 addrunavail 0 ftab-full 0 other 0

