httperf --verbose --hog --timeout=50 --client=0/1 --server=172.16.116.116 --port=8080 --uri=/ --rate=24 --send-buffer=4096 --recv-buffer=16384 --num-conns=14400 --num-calls=1
httperf: maximum number of open descriptors = 65535
Maximum connect burst length: 1

Connection lifetime histogram (time in ms):
             :
            10.5 311
            11.5 511
            12.5 357
            13.5 402
            14.5 443
            15.5 449
            16.5 456
            17.5 422
            18.5 352
            19.5 337
            20.5 278
            21.5 254
            22.5 304
            23.5 253
            24.5 220
            25.5 217
            26.5 187
            27.5 175
            28.5 171
            29.5 172
            30.5 154
            31.5 160
            32.5 149
            33.5 144
            34.5 147
            35.5 133
            36.5 154
            37.5 124
            38.5 117
            39.5 119
            40.5 112
            41.5 104
            42.5 104
            43.5 93
            44.5 93
            45.5 99
            46.5 86
            47.5 68
            48.5 73
            49.5 66
            50.5 72
            51.5 68
            52.5 62
            53.5 62
            54.5 49
            55.5 41
            56.5 35
            57.5 35
            58.5 41
            59.5 24
            60.5 30
            61.5 28
            62.5 32
            63.5 32
            64.5 27
            65.5 15
            66.5 22
            67.5 22
            68.5 17
            69.5 24
            70.5 23
            71.5 19
            72.5 20
            73.5 22
            74.5 26
            75.5 22
            76.5 21
            77.5 17
            78.5 20
            79.5 16
            80.5 23
            81.5 22
            82.5 14
            83.5 20
            84.5 12
            85.5 18
            86.5 23
            87.5 15
            88.5 20
            89.5 23
            90.5 13
            91.5 18
            92.5 16
            93.5 18
            94.5 9
            95.5 25
            96.5 11
            97.5 20
            98.5 24
            99.5 16
           100.5 16
           101.5 19
           102.5 19
           103.5 23
           104.5 17
           105.5 17
           106.5 18
           107.5 18
           108.5 24
           109.5 24
           110.5 23
           111.5 18
           112.5 26
           113.5 15
           114.5 19
           115.5 16
           116.5 16
           117.5 18
           118.5 12
           119.5 19
           120.5 18
           121.5 12
           122.5 21
           123.5 13
           124.5 19
           125.5 12
           126.5 9
           127.5 14
           128.5 20
           129.5 18
           130.5 11
           131.5 17
           132.5 19
           133.5 17
           134.5 12
           135.5 10
           136.5 18
           137.5 16
           138.5 14
           139.5 15
           140.5 15
           141.5 13
           142.5 11
           143.5 13
           144.5 11
           145.5 12
           146.5 8
           147.5 12
           148.5 10
           149.5 10
           150.5 5
           151.5 11
           152.5 9
           153.5 7
           154.5 18
           155.5 6
           156.5 9
           157.5 11
           158.5 7
           159.5 3
           160.5 5
           161.5 9
           162.5 4
           163.5 7
           164.5 9
           165.5 7
           166.5 2
           167.5 7
           168.5 6
           169.5 6
           170.5 9
           171.5 3
           172.5 9
           173.5 6
           174.5 3
           175.5 7
           176.5 3
           177.5 4
           178.5 3
           179.5 4
           180.5 4
           181.5 4
           182.5 1
           183.5 4
           184.5 4
           185.5 3
           186.5 1
             :
           188.5 4
           189.5 2
           190.5 4
           191.5 2
           192.5 3
           193.5 1
           194.5 3
           195.5 2
           196.5 3
           197.5 3
           198.5 1
           199.5 3
           200.5 2
           201.5 1
           202.5 2
           203.5 3
           204.5 1
             :
           206.5 1
           207.5 1
           208.5 1
             :
           210.5 1
           211.5 2
             :
           213.5 2
           214.5 2
           215.5 2
           216.5 1
           217.5 2
           218.5 3
           219.5 1
           220.5 2
             :
           223.5 2
             :
           225.5 1
             :
           227.5 2
             :
           230.5 1
           231.5 1
           232.5 2
             :
           234.5 3
           235.5 1
             :
           237.5 1
             :
           241.5 1
             :
           246.5 2
             :
           248.5 1
           249.5 1
             :
           252.5 1
             :
           258.5 3
           259.5 2
             :
           263.5 1
           264.5 1
             :
           269.5 1
             :
           272.5 1
             :
           274.5 2
           275.5 2
             :
           277.5 3
           278.5 1
             :
           280.5 1
           281.5 1
           282.5 1
             :
           286.5 1
           287.5 2
             :
           289.5 1
             :
           293.5 1
           294.5 1
           295.5 2
             :
           298.5 1
           299.5 2
             :
           302.5 1
             :
           304.5 1
           305.5 1
           306.5 3
           307.5 3
           308.5 1
           309.5 2
           310.5 2
           311.5 1
           312.5 1
             :
           316.5 1
           317.5 2
           318.5 2
             :
           320.5 1
             :
           322.5 1
             :
           324.5 1
           325.5 1
             :
           327.5 1
             :
           329.5 1
           330.5 1
             :
           333.5 2
             :
           339.5 1
           340.5 1
           341.5 2
             :
           347.5 3
             :
           349.5 2
           350.5 1
             :
           353.5 1
           354.5 1
           355.5 1
           356.5 1
           357.5 1
           358.5 3
           359.5 1
             :
           361.5 1
             :
           363.5 2
           364.5 1
           365.5 1
           366.5 2
           367.5 2
             :
           369.5 1
           370.5 1
           371.5 1
           372.5 1
             :
           375.5 2
             :
           377.5 1
             :
           379.5 1
           380.5 2
             :
           382.5 1
           383.5 1
           384.5 1
           385.5 1
           386.5 1
           387.5 2
           388.5 1
           389.5 1
             :
           391.5 1
           392.5 1
           393.5 1
             :
           396.5 1
           397.5 3
           398.5 2
             :
           400.5 1
             :
           402.5 2
             :
           405.5 2
           406.5 1
             :
           408.5 1
           409.5 1
           410.5 1
           411.5 1
           412.5 2
           413.5 2
             :
           416.5 2
             :
           418.5 2
             :
           424.5 1
           425.5 1
             :
           428.5 2
             :
           430.5 3
           431.5 1
           432.5 1
           433.5 1
           434.5 2
           435.5 1
             :
           444.5 1
           445.5 1
             :
           447.5 1
           448.5 1
             :
           452.5 2
           453.5 2
             :
           457.5 1
           458.5 1
             :
           460.5 1
           461.5 1
             :
           464.5 1
             :
           467.5 1
             :
           470.5 3
           471.5 2
             :
           473.5 1
             :
           475.5 1
             :
           477.5 1
           478.5 1
             :
           480.5 2
           481.5 1
           482.5 1
             :
           485.5 1
             :
           488.5 1
             :
           490.5 1
             :
           492.5 2
           493.5 1
           494.5 2
           495.5 1
           496.5 3
             :
           499.5 4
             :
           501.5 1
           502.5 2
             :
           506.5 1
           507.5 1
           508.5 1
           509.5 1
           510.5 2
           511.5 4
             :
           514.5 2
             :
           516.5 2
           517.5 1
           518.5 2
           519.5 1
           520.5 1
             :
           523.5 3
           524.5 2
           525.5 1
           526.5 4
           527.5 1
             :
           529.5 4
           530.5 2
           531.5 2
           532.5 1
           533.5 3
             :
           535.5 1
           536.5 1
           537.5 1
           538.5 2
             :
           540.5 1
             :
           542.5 3
             :
           544.5 2
           545.5 3
           546.5 1
             :
           548.5 2
             :
           550.5 2
           551.5 1
             :
           553.5 1
           554.5 1
           555.5 1
             :
           558.5 2
           559.5 1
             :
           562.5 6
           563.5 1
             :
           565.5 1
           566.5 3
           567.5 1
           568.5 2
           569.5 5
           570.5 1
           571.5 2
           572.5 2
           573.5 5
           574.5 2
             :
           576.5 2
           577.5 3
           578.5 1
           579.5 1
           580.5 3
           581.5 5
             :
           583.5 4
           584.5 1
           585.5 3
           586.5 1
           587.5 2
           588.5 4
           589.5 6
           590.5 6
           591.5 1
           592.5 1
             :
           594.5 2
           595.5 2
           596.5 2
           597.5 6
           598.5 4
           599.5 3
           600.5 3
           601.5 2
           602.5 6
           603.5 2
           604.5 2
           605.5 6
           606.5 4
           607.5 2
           608.5 3
             :
           610.5 3
           611.5 1
             :
           613.5 5
           614.5 8
             :
           616.5 6
           617.5 4
           618.5 3
           619.5 4
           620.5 2
           621.5 4
           622.5 3
           623.5 2
           624.5 2
           625.5 5
           626.5 5
           627.5 3
           628.5 5
           629.5 4
           630.5 2
           631.5 5
           632.5 4
           633.5 4
           634.5 1
           635.5 3
           636.5 5
           637.5 1
           638.5 2
           639.5 1
           640.5 1
           641.5 3
           642.5 3
           643.5 4
           644.5 7
           645.5 3
           646.5 2
           647.5 3
           648.5 1
           649.5 5
           650.5 4
           651.5 3
           652.5 2
           653.5 4
           654.5 5
           655.5 7
           656.5 4
           657.5 6
           658.5 9
           659.5 6
           660.5 3
           661.5 5
           662.5 3
           663.5 4
           664.5 7
           665.5 9
           666.5 3
           667.5 2
           668.5 6
           669.5 4
           670.5 7
           671.5 7
           672.5 9
           673.5 5
           674.5 6
           675.5 6
           676.5 6
           677.5 3
           678.5 5
           679.5 5
           680.5 2
           681.5 4
           682.5 3
           683.5 7
           684.5 4
           685.5 5
           686.5 5
           687.5 12
           688.5 5
           689.5 4
           690.5 6
           691.5 6
           692.5 4
           693.5 7
           694.5 4
           695.5 7
           696.5 5
           697.5 6
           698.5 6
           699.5 4
           700.5 6
           701.5 4
           702.5 12
           703.5 6
           704.5 4
           705.5 4
           706.5 3
           707.5 4
           708.5 4
           709.5 8
           710.5 2
           711.5 7
           712.5 5
           713.5 8
           714.5 9
           715.5 5
           716.5 13
           717.5 9
           718.5 3
           719.5 7
           720.5 2
           721.5 3
           722.5 6
           723.5 6
           724.5 6
           725.5 7
           726.5 4
           727.5 5
           728.5 5
           729.5 6
           730.5 6
           731.5 9
           732.5 7
           733.5 11
           734.5 10
           735.5 7
           736.5 7
           737.5 6
           738.5 6
           739.5 7
           740.5 4
           741.5 4
           742.5 7
           743.5 9
           744.5 4
           745.5 7
           746.5 10
           747.5 4
           748.5 13
           749.5 10
           750.5 3
           751.5 11
           752.5 12
           753.5 5
           754.5 4
           755.5 9
           756.5 6
           757.5 5
           758.5 7
           759.5 3
           760.5 5
           761.5 7
           762.5 5
           763.5 8
           764.5 2
           765.5 2
           766.5 9
           767.5 8
           768.5 7
           769.5 5
           770.5 8
           771.5 5
           772.5 6
           773.5 5
           774.5 2
           775.5 4
           776.5 1
           777.5 10
           778.5 5
           779.5 11
           780.5 5
           781.5 6
           782.5 7
           783.5 2
           784.5 6
           785.5 6
           786.5 4
           787.5 5
           788.5 6
           789.5 4
           790.5 7
           791.5 6
           792.5 7
           793.5 5
           794.5 4
           795.5 8
           796.5 3
           797.5 3
           798.5 5
           799.5 10
           800.5 4
           801.5 9
           802.5 8
           803.5 2
           804.5 3
           805.5 5
           806.5 4
           807.5 8
           808.5 4
           809.5 4
           810.5 7
           811.5 5
           812.5 5
           813.5 3
           814.5 4
           815.5 8
           816.5 4
           817.5 6
           818.5 10
           819.5 4
           820.5 9
           821.5 5
           822.5 3
           823.5 6
           824.5 4
           825.5 3
           826.5 4
           827.5 5
           828.5 3
           829.5 3
           830.5 5
           831.5 7
           832.5 4
           833.5 6
           834.5 7
           835.5 7
           836.5 3
           837.5 4
           838.5 5
           839.5 1
           840.5 3
           841.5 6
           842.5 5
           843.5 2
           844.5 4
           845.5 6
           846.5 5
           847.5 4
           848.5 5
           849.5 3
           850.5 2
           851.5 4
           852.5 1
           853.5 5
           854.5 7
           855.5 6
           856.5 8
           857.5 5
           858.5 3
           859.5 1
           860.5 1
           861.5 5
           862.5 3
           863.5 4
           864.5 5
           865.5 2
           866.5 6
           867.5 3
           868.5 5
           869.5 2
           870.5 1
           871.5 2
           872.5 3
           873.5 4
           874.5 4
           875.5 6
           876.5 8
           877.5 6
           878.5 7
           879.5 7
           880.5 4
           881.5 8
           882.5 3
           883.5 5
           884.5 1
           885.5 6
           886.5 7
           887.5 1
           888.5 7
           889.5 3
           890.5 5
           891.5 3
           892.5 5
           893.5 7
           894.5 3
           895.5 1
           896.5 2
           897.5 3
           898.5 2
           899.5 4
           900.5 8
           901.5 5
           902.5 4
           903.5 4
           904.5 6
           905.5 4
           906.5 2
           907.5 4
           908.5 2
             :
           910.5 3
           911.5 1
           912.5 2
           913.5 4
           914.5 4
           915.5 1
           916.5 4
           917.5 4
           918.5 3
           919.5 2
           920.5 3
           921.5 1
             :
           923.5 1
           924.5 4
           925.5 8
           926.5 2
           927.5 4
           928.5 3
           929.5 5
           930.5 6
           931.5 4
           932.5 2
           933.5 2
           934.5 1
           935.5 8
           936.5 2
           937.5 5
           938.5 4
           939.5 3
           940.5 1
           941.5 6
           942.5 2
           943.5 1
           944.5 5
           945.5 3
           946.5 2
           947.5 4
           948.5 3
           949.5 6
           950.5 1
             :
           952.5 6
           953.5 2
           954.5 1
           955.5 2
           956.5 1
           957.5 2
           958.5 7
           959.5 6
             :
           961.5 3
           962.5 3
           963.5 3
             :
           965.5 5
           966.5 2
           967.5 4
           968.5 5
           969.5 2
           970.5 3
           971.5 4
           972.5 2
           973.5 4
           974.5 1
           975.5 4
             :
           977.5 1
           978.5 6
           979.5 3
           980.5 2
           981.5 2
           982.5 3
           983.5 3
           984.5 3
             :
           986.5 2
           987.5 2
           988.5 4
           989.5 2
           990.5 4
             :
           992.5 4
           993.5 3
           994.5 3
           995.5 1
           996.5 2
           997.5 2
             :
           999.5 2
          1000.5 7
             :
          1002.5 2
          1003.5 3
          1004.5 1
          1005.5 3
          1006.5 3
          1007.5 4
          1008.5 2
          1009.5 3
             :
          1011.5 4
             :
          1013.5 3
             :
          1016.5 1
          1017.5 1
          1018.5 1
          1019.5 3
          1020.5 2
          1021.5 2
          1022.5 2
          1023.5 1
          1024.5 1
          1025.5 4
          1026.5 2
             :
          1028.5 2
          1029.5 1
          1030.5 4
          1031.5 1
          1032.5 2
          1033.5 2
          1034.5 2
          1035.5 1
          1036.5 5
             :
          1038.5 1
          1039.5 4
          1040.5 3
          1041.5 1
             :
          1043.5 1
          1044.5 2
             :
          1046.5 4
             :
          1048.5 1
          1049.5 2
          1050.5 3
             :
          1052.5 3
             :
          1054.5 1
             :
          1056.5 3
          1057.5 1
          1058.5 2
          1059.5 1
          1060.5 1
          1061.5 1
          1062.5 3
          1063.5 1
          1064.5 2
          1065.5 2
          1066.5 3
          1067.5 2
          1068.5 1
             :
          1070.5 1
             :
          1073.5 1
          1074.5 2
          1075.5 3
          1076.5 1
             :
          1078.5 2
             :
          1080.5 1
          1081.5 2
          1082.5 1
          1083.5 3
             :
          1085.5 2
             :
          1087.5 2
          1088.5 1
             :
          1091.5 2
          1092.5 2
          1093.5 1
          1094.5 1
          1095.5 1
             :
          1097.5 1
             :
          1099.5 2
          1100.5 2
          1101.5 3
          1102.5 2
             :
          1104.5 4
          1105.5 2
          1106.5 1
          1107.5 1
          1108.5 3
             :
          1111.5 1
             :
          1115.5 1
          1116.5 3
          1117.5 2
             :
          1119.5 2
          1120.5 3
             :
          1123.5 2
          1124.5 1
          1125.5 1
          1126.5 3
          1127.5 5
          1128.5 1
          1129.5 3
          1130.5 2
             :
          1132.5 3
             :
          1134.5 1
          1135.5 3
             :
          1137.5 2
          1138.5 1
          1139.5 2
             :
          1142.5 1
             :
          1144.5 1
          1145.5 1
          1146.5 1
             :
          1148.5 1
          1149.5 2
             :
          1151.5 2
             :
          1154.5 1
          1155.5 1
          1156.5 2
          1157.5 5
             :
          1160.5 1
          1161.5 1
          1162.5 1
             :
          1164.5 1
          1165.5 1
             :
          1167.5 1
          1168.5 1
          1169.5 1
          1170.5 2
          1171.5 1
             :
          1174.5 3
          1175.5 2
          1176.5 2
             :
          1178.5 2
          1179.5 1
          1180.5 1
             :
          1182.5 2
          1183.5 2
             :
          1185.5 2
          1186.5 2
          1187.5 1
          1188.5 1
             :
          1191.5 1
          1192.5 1
             :
          1194.5 2
          1195.5 1
          1196.5 2
          1197.5 4
             :
          1200.5 2
          1201.5 3
             :
          1204.5 2
             :
          1206.5 1
             :
          1211.5 1
          1212.5 3
          1213.5 1
          1214.5 1
          1215.5 1
          1216.5 1
          1217.5 2
          1218.5 1
          1219.5 1
             :
          1221.5 2
          1222.5 1
          1223.5 1
             :
          1226.5 1
          1227.5 1
          1228.5 2
          1229.5 2
             :
          1231.5 1
          1232.5 1
             :
          1234.5 3
          1235.5 3
          1236.5 4
          1237.5 4
          1238.5 1
          1239.5 1
          1240.5 1
             :
          1242.5 1
          1243.5 1
          1244.5 2
          1245.5 1
          1246.5 4
             :
          1248.5 1
          1249.5 1
          1250.5 1
             :
          1253.5 3
          1254.5 1
          1255.5 2
          1256.5 1
          1257.5 1
          1258.5 2
             :
          1260.5 2
          1261.5 1
          1262.5 2
          1263.5 1
          1264.5 1
          1265.5 1
          1266.5 1
          1267.5 1
          1268.5 1
             :
          1270.5 1
             :
          1272.5 2
          1273.5 1
          1274.5 2
          1275.5 1
          1276.5 1
          1277.5 1
             :
          1281.5 2
          1282.5 1
          1283.5 1
             :
          1287.5 1
             :
          1289.5 1
          1290.5 1
          1291.5 1
          1292.5 1
          1293.5 1
             :
          1296.5 2
          1297.5 2
             :
          1299.5 2
          1300.5 1
          1301.5 1
          1302.5 1
          1303.5 1
             :
          1305.5 1
             :
          1307.5 2
             :
          1309.5 1
             :
          1313.5 1
          1314.5 1
          1315.5 3
          1316.5 1
          1317.5 1
          1318.5 2
             :
          1320.5 1
          1321.5 1
             :
          1323.5 1
          1324.5 1
          1325.5 1
          1326.5 1
             :
          1329.5 1
          1330.5 1
          1331.5 1
          1332.5 1
          1333.5 1
          1334.5 3
             :
          1337.5 1
          1338.5 1
             :
          1340.5 1
          1341.5 1
          1342.5 1
             :
          1344.5 1
             :
          1346.5 1
             :
          1348.5 1
          1349.5 1
          1350.5 1
             :
          1352.5 2
          1353.5 3
          1354.5 2
             :
          1356.5 1
             :
          1360.5 3
             :
          1362.5 4
          1363.5 1
          1364.5 1
          1365.5 2
             :
          1367.5 2
          1368.5 1
             :
          1370.5 1
             :
          1373.5 1
             :
          1375.5 2
          1376.5 1
             :
          1378.5 2
          1379.5 3
             :
          1382.5 1
          1383.5 1
             :
          1386.5 2
             :
          1389.5 2
          1390.5 2
          1391.5 1
             :
          1397.5 1
          1398.5 1
             :
          1400.5 1
          1401.5 3
             :
          1405.5 1
             :
          1407.5 1
             :
          1410.5 1
             :
          1414.5 1
          1415.5 1
          1416.5 1
          1417.5 3
             :
          1419.5 2
             :
          1421.5 3
          1422.5 1
          1423.5 1
          1424.5 2
          1425.5 1
          1426.5 1
          1427.5 2
          1428.5 1
             :
          1433.5 1
          1434.5 1
          1435.5 1
          1436.5 1
             :
          1440.5 4
             :
          1442.5 3
             :
          1445.5 1
             :
          1447.5 1
             :
          1450.5 3
          1451.5 1
             :
          1453.5 2
          1454.5 2
             :
          1456.5 3
             :
          1461.5 1
             :
          1467.5 2
          1468.5 2
          1469.5 2
          1470.5 1
             :
          1473.5 1
          1474.5 2
             :
          1477.5 1
             :
          1480.5 1
             :
          1482.5 2
          1483.5 1
             :
          1487.5 1
          1488.5 3
             :
          1491.5 1
          1492.5 1
          1493.5 1
             :
          1496.5 1
          1497.5 1
          1498.5 1
             :
          1500.5 3
          1501.5 1
             :
          1504.5 1
             :
          1506.5 1
             :
          1508.5 2
             :
          1510.5 1
             :
          1512.5 1
          1513.5 1
          1514.5 1
             :
          1516.5 1
          1517.5 1
          1518.5 2
          1519.5 2
             :
          1526.5 1
          1527.5 2
             :
          1529.5 1
          1530.5 2
          1531.5 2
             :
          1533.5 2
          1534.5 1
          1535.5 1
          1536.5 2
          1537.5 1
          1538.5 1
             :
          1540.5 2
             :
          1543.5 2
          1544.5 1
          1545.5 1
             :
          1547.5 1
          1548.5 1
             :
          1550.5 1
          1551.5 2
          1552.5 1
          1553.5 2
          1554.5 1
          1555.5 1
          1556.5 1
             :
          1558.5 1
             :
          1562.5 2
             :
          1564.5 1
          1565.5 2
          1566.5 2
          1567.5 1
          1568.5 1
             :
          1570.5 1
          1571.5 1
          1572.5 1
          1573.5 2
             :
          1575.5 1
             :
          1578.5 1
          1579.5 3
             :
          1584.5 2
             :
          1586.5 1
          1587.5 2
             :
          1589.5 1
          1590.5 2
             :
          1592.5 1
          1593.5 1
          1594.5 2
             :
          1598.5 1
             :
          1602.5 2
          1603.5 1
             :
          1605.5 1
          1606.5 1
             :
          1612.5 1
          1613.5 1
             :
          1615.5 1
             :
          1617.5 1
          1618.5 1
          1619.5 1
             :
          1623.5 1
          1624.5 1
          1625.5 2
          1626.5 1
             :
          1628.5 1
             :
          1631.5 1
          1632.5 1
          1633.5 2
          1634.5 1
             :
          1639.5 2
             :
          1641.5 1
          1642.5 2
             :
          1644.5 1
             :
          1646.5 1
             :
          1648.5 2
          1649.5 2
             :
          1651.5 2
             :
          1654.5 2
             :
          1661.5 1
          1662.5 1
             :
          1664.5 1
             :
          1666.5 2
          1667.5 1
          1668.5 1
             :
          1670.5 1
          1671.5 2
          1672.5 1
          1673.5 1
          1674.5 1
          1675.5 1
          1676.5 1
          1677.5 1
             :
          1680.5 1
             :
          1683.5 1
             :
          1685.5 1
             :
          1688.5 1
          1689.5 1
          1690.5 1
             :
          1694.5 1
          1695.5 1
             :
          1698.5 1
             :
          1700.5 1
          1701.5 2
             :
          1706.5 1
          1707.5 1
          1708.5 1
          1709.5 1
             :
          1714.5 2
          1715.5 1
          1716.5 2
             :
          1718.5 1
          1719.5 1
             :
          1722.5 2
             :
          1725.5 1
             :
          1727.5 2
             :
          1729.5 1
          1730.5 1
          1731.5 1
          1732.5 1
          1733.5 2
             :
          1735.5 1
          1736.5 1
          1737.5 2
             :
          1739.5 2
             :
          1742.5 1
             :
          1744.5 1
             :
          1750.5 1
             :
          1752.5 2
             :
          1754.5 1
             :
          1756.5 1
          1757.5 2
          1758.5 1
             :
          1760.5 1
             :
          1762.5 3
             :
          1765.5 1
             :
          1768.5 1
             :
          1771.5 1
             :
          1774.5 1
             :
          1777.5 2
          1778.5 1
             :
          1781.5 2
             :
          1785.5 2
             :
          1787.5 3
             :
          1790.5 3
          1791.5 1
          1792.5 2
             :
          1794.5 1
          1795.5 1
          1796.5 2
             :
          1798.5 1
             :
          1800.5 1
          1801.5 1
             :
          1803.5 1
             :
          1805.5 1
          1806.5 1
          1807.5 1
             :
          1813.5 1
             :
          1815.5 1
             :
          1820.5 1
          1821.5 1
             :
          1823.5 1
          1824.5 1
             :
          1827.5 1
             :
          1830.5 1
          1831.5 1
             :
          1834.5 3
          1835.5 1
             :
          1842.5 1
             :
          1846.5 1
          1847.5 1
          1848.5 1
          1849.5 2
          1850.5 2
             :
          1857.5 1
             :
          1859.5 1
          1860.5 1
             :
          1870.5 1
          1871.5 1
             :
          1874.5 1
             :
          1881.5 1
          1882.5 1
             :
          1885.5 2
             :
          1889.5 1
             :
          1891.5 1
             :
          1893.5 1
          1894.5 1
          1895.5 2
          1896.5 1
             :
          1902.5 1
          1903.5 1
             :
          1908.5 1
             :
          1911.5 1
             :
          1917.5 1
          1918.5 1
             :
          1920.5 1
             :
          1923.5 2
             :
          1925.5 1
             :
          1927.5 3
             :
          1930.5 1
             :
          1933.5 1
          1934.5 1
             :
          1937.5 1
             :
          1940.5 3
             :
          1943.5 1
             :
          1946.5 2
          1947.5 2
             :
          1951.5 2
          1952.5 1
          1953.5 1
             :
          1961.5 1
          1962.5 1
          1963.5 1
          1964.5 2
          1965.5 1
          1966.5 4
          1967.5 1
             :
          1969.5 1
          1970.5 2
          1971.5 1
             :
          1974.5 1
          1975.5 1
             :
          1977.5 1
          1978.5 1
          1979.5 1
          1980.5 1
          1981.5 1
          1982.5 1
             :
          1985.5 2
          1986.5 1
             :
          1989.5 2
             :
          1997.5 1
             :
          1999.5 1
          2000.5 1
          2001.5 1
          2002.5 2
             :
          2005.5 3
             :
          2007.5 1
             :
          2009.5 1
             :
          2016.5 1
             :
          2020.5 1
          2021.5 2
             :
          2027.5 1
             :
          2032.5 1
          2033.5 1
             :
          2039.5 3
             :
          2041.5 1
             :
          2043.5 1
             :
          2049.5 2
             :
          2052.5 2
             :
          2054.5 1
          2055.5 1
             :
          2057.5 1
             :
          2059.5 1
          2060.5 1
             :
          2062.5 1
          2063.5 1
             :
          2066.5 1
             :
          2070.5 1
             :
          2073.5 1
             :
          2075.5 3
             :
          2078.5 1
             :
          2080.5 2
             :
          2082.5 1
          2083.5 1
          2084.5 1
          2085.5 1
             :
          2090.5 1
          2091.5 1
             :
          2094.5 1
          2095.5 2
          2096.5 1
          2097.5 2
          2098.5 1
             :
          2101.5 1
             :
          2108.5 1
             :
          2111.5 1
             :
          2113.5 1
             :
          2120.5 1
             :
          2135.5 1
             :
          2139.5 1
             :
          2142.5 1
             :
          2144.5 1
             :
          2150.5 2
             :
          2153.5 1
          2154.5 1
             :
          2157.5 1
             :
          2159.5 1
          2160.5 1
          2161.5 1
             :
          2166.5 2
          2167.5 1
             :
          2169.5 1
          2170.5 1
             :
          2174.5 2
             :
          2176.5 1
          2177.5 2
          2178.5 1
             :
          2189.5 2
             :
          2192.5 1
          2193.5 1
             :
          2199.5 1
             :
          2201.5 1
             :
          2203.5 3
             :
          2205.5 1
             :
          2207.5 1
             :
          2211.5 2
             :
          2215.5 1
             :
          2217.5 2
             :
          2220.5 2
             :
          2227.5 1
             :
          2231.5 1
             :
          2234.5 1
          2235.5 2
          2236.5 1
          2237.5 1
             :
          2239.5 1
             :
          2248.5 1
          2249.5 1
             :
          2252.5 1
             :
          2254.5 2
          2255.5 1
          2256.5 1
             :
          2258.5 1
             :
          2261.5 3
             :
          2264.5 1
          2265.5 1
             :
          2267.5 1
          2268.5 3
             :
          2270.5 1
             :
          2273.5 1
             :
          2277.5 1
             :
          2280.5 1
          2281.5 2
             :
          2287.5 1
             :
          2294.5 2
             :
          2301.5 1
             :
          2304.5 1
             :
          2306.5 2
             :
          2310.5 1
          2311.5 2
             :
          2316.5 1
          2317.5 1
          2318.5 2
             :
          2320.5 1
             :
          2323.5 1
          2324.5 1
             :
          2326.5 1
             :
          2331.5 1
          2332.5 1
             :
          2334.5 1
             :
          2339.5 1
             :
          2342.5 1
          2343.5 1
          2344.5 1
          2345.5 1
             :
          2347.5 1
          2348.5 1
             :
          2353.5 1
          2354.5 1
          2355.5 1
          2356.5 1
             :
          2361.5 1
          2362.5 1
          2363.5 1
          2364.5 1
             :
          2367.5 1
             :
          2369.5 2
          2370.5 2
             :
          2372.5 1
             :
          2374.5 1
             :
          2379.5 1
             :
          2388.5 1
             :
          2391.5 1
          2392.5 1
             :
          2399.5 1
             :
          2401.5 2
             :
          2405.5 1
          2406.5 1
             :
          2409.5 1
             :
          2414.5 1
          2415.5 1
             :
          2418.5 1
          2419.5 1
             :
          2427.5 1
             :
          2430.5 1
             :
          2434.5 1
          2435.5 1
             :
          2437.5 1
             :
          2439.5 1
             :
          2441.5 1
             :
          2444.5 2
             :
          2449.5 1
             :
          2451.5 1
             :
          2453.5 1
             :
          2455.5 1
             :
          2457.5 2
             :
          2468.5 1
          2469.5 1
          2470.5 1
             :
          2474.5 1
          2475.5 1
             :
          2480.5 1
          2481.5 1
             :
          2489.5 1
             :
          2494.5 1
          2495.5 1
          2496.5 1
             :
          2498.5 1
             :
          2508.5 1
             :
          2512.5 1
          2513.5 2
          2514.5 1
             :
          2517.5 2
          2518.5 1
             :
          2523.5 1
             :
          2525.5 1
          2526.5 1
             :
          2529.5 2
          2530.5 2
             :
          2532.5 1
          2533.5 1
             :
          2542.5 1
             :
          2549.5 1
             :
          2551.5 1
             :
          2558.5 1
          2559.5 2
             :
          2567.5 2
             :
          2570.5 1
             :
          2574.5 1
          2575.5 1
             :
          2582.5 2
          2583.5 1
             :
          2586.5 1
             :
          2588.5 2
             :
          2597.5 1
             :
          2602.5 1
          2603.5 2
          2604.5 1
             :
          2610.5 1
             :
          2617.5 2
             :
          2619.5 1
             :
          2621.5 1
             :
          2624.5 1
             :
          2627.5 2
             :
          2632.5 2
             :
          2635.5 1
          2636.5 1
             :
          2639.5 1
             :
          2642.5 1
             :
          2647.5 1
          2648.5 1
             :
          2654.5 1
             :
          2656.5 1
          2657.5 1
             :
          2659.5 1
             :
          2681.5 1
             :
          2689.5 1
          2690.5 1
             :
          2693.5 1
             :
          2697.5 1
             :
          2701.5 1
             :
          2713.5 1
          2714.5 1
             :
          2719.5 1
             :
          2721.5 1
             :
          2730.5 1
          2731.5 1
             :
          2733.5 2
             :
          2736.5 1
             :
          2739.5 1
             :
          2743.5 1
             :
          2747.5 1
             :
          2749.5 1
             :
          2756.5 1
          2757.5 1
             :
          2767.5 1
             :
          2769.5 1
             :
          2772.5 1
             :
          2775.5 1
          2776.5 1
          2777.5 1
             :
          2784.5 1
             :
          2786.5 1
             :
          2788.5 1
             :
          2790.5 1
             :
          2793.5 1
             :
          2796.5 1
             :
          2798.5 1
             :
          2803.5 1
          2804.5 1
             :
          2809.5 1
             :
          2812.5 1
          2813.5 1
             :
          2818.5 2
          2819.5 1
          2820.5 1
          2821.5 1
          2822.5 1
          2823.5 1
             :
          2834.5 1
             :
          2845.5 1
             :
          2851.5 1
             :
          2867.5 1
             :
          2879.5 1
             :
          2883.5 1
             :
          2886.5 1
          2887.5 1
             :
          2894.5 1
             :
          2896.5 1
             :
          2901.5 1
             :
          2909.5 1
          2910.5 1
             :
          2917.5 1
             :
          2927.5 1
             :
          2931.5 1
             :
          2934.5 1
             :
          2942.5 2
             :
          2948.5 1
             :
          2951.5 1
             :
          2958.5 1
             :
          2962.5 1
             :
          2967.5 1
             :
          2969.5 1
             :
          2989.5 1
             :
          2996.5 1
          2997.5 1
             :
          3000.5 1
             :
          3003.5 1
             :
          3006.5 1
             :
          3012.5 1
          3013.5 1
             :
          3017.5 1
          3018.5 1
             :
          3021.5 1
             :
          3025.5 1
             :
          3027.5 1
             :
          3034.5 2
             :
          3036.5 1
          3037.5 1
             :
          3045.5 1
          3046.5 1
             :
          3056.5 1
          3057.5 1
             :
          3060.5 1
             :
          3068.5 1
          3069.5 1
             :
          3074.5 1
             :
          3078.5 1
             :
          3082.5 1
             :
          3085.5 1
          3086.5 2
             :
          3090.5 1
             :
          3102.5 1
             :
          3108.5 1
             :
          3112.5 1
             :
          3117.5 1
             :
          3126.5 1
             :
          3133.5 1
             :
          3145.5 1
             :
          3149.5 1
             :
          3151.5 1
             :
          3153.5 2
          3154.5 1
          3155.5 1
             :
          3166.5 1
             :
          3169.5 1
             :
          3173.5 1
             :
          3180.5 1
             :
          3182.5 1
             :
          3190.5 1
             :
          3210.5 1
             :
          3217.5 1
             :
          3224.5 1
             :
          3227.5 1
             :
          3229.5 1
             :
          3233.5 1
             :
          3241.5 1
             :
          3253.5 1
             :
          3266.5 1
             :
          3275.5 1
             :
          3284.5 1
             :
          3295.5 2
             :
          3305.5 1
             :
          3310.5 1
             :
          3314.5 1
             :
          3331.5 1
             :
          3334.5 1
          3335.5 1
             :
          3351.5 1
             :
          3359.5 1
             :
          3365.5 1
             :
          3372.5 1
             :
          3374.5 1
             :
          3377.5 1
             :
          3381.5 1
             :
          3384.5 1
             :
          3408.5 1
             :
          3437.5 1
             :
          3452.5 1
          3453.5 1
             :
          3507.5 1
             :
          3528.5 1
             :
          3562.5 1
          3563.5 1
             :
          3636.5 1
             :
          3735.5 1
             :
          3919.5 1

Total: connections 14400 requests 14400 replies 14400 test-duration 600.234 s

Connection rate: 24.0 conn/s (41.7 ms/conn, <=71 concurrent connections)
Connection time [ms]: min 10.1 avg 300.7 max 3919.8 median 36.5 stddev 567.9
Connection time [ms]: connect 0.9
Connection length [replies/conn]: 1.000

Request rate: 24.0 req/s (41.7 ms/req)
Request size [B]: 67.0

Reply rate [replies/s]: min 5.0 avg 24.0 max 51.0 stddev 4.1 (600 samples)
Percentages of the replies served at a given rate:
   50%: 23
   66%: 23
   75%: 24
   80%: 24
   90%: 26
   95%: 30
   98%: 34
   99%: 38
  100%: 51

Reply time [ms]: response 283.2 transfer 16.5
Percentages of the requests served within a certain time (ms) :
   50%: 33
   66%: 72
   75%: 156
   80%: 576
   90%: 885
   95%: 1469
   98%: 2252
   99%: 2688
  100%: 3733

Reply size [B]: header 163.0 content 72.0 footer 1.0 (total 236.0)
Reply status: 1xx=0 2xx=14400 3xx=0 4xx=0 5xx=0

CPU time [s]: user 450.36 system 148.57 (user 75.0% system 24.8% total 99.8%)
Net I/O: 7.1 KB/s (0.1*10^6 bps)

Errors: total 0 client-timo 0 socket-timo 0 connrefused 0 connreset 0
Errors: fd-unavail 0 addrunavail 0 ftab-full 0 other 0

