httperf --verbose --hog --timeout=50 --client=0/1 --server=172.16.116.116 --port=8080 --uri=/ --rate=24 --send-buffer=4096 --recv-buffer=16384 --num-conns=14400 --num-calls=1
httperf: maximum number of open descriptors = 65535
Maximum connect burst length: 1

Connection lifetime histogram (time in ms):
             :
             9.5 1
            10.5 809
            11.5 2597
            12.5 1735
            13.5 1422
            14.5 1507
            15.5 1174
            16.5 1291
            17.5 700
            18.5 536
            19.5 333
            20.5 340
            21.5 342
            22.5 262
            23.5 198
            24.5 98
            25.5 63
            26.5 33
            27.5 32
            28.5 21
            29.5 21
            30.5 16
            31.5 5
            32.5 4
            33.5 6
             :
            35.5 4
            36.5 2
            37.5 2
             :
            39.5 2
            40.5 3
             :
            44.5 3
            45.5 2
            46.5 1
            47.5 3
             :
            50.5 2
            51.5 1
            52.5 1
            53.5 1
            54.5 2
            55.5 3
            56.5 2
             :
            58.5 2
            59.5 3
             :
            61.5 5
            62.5 2
            63.5 1
            64.5 1
             :
            67.5 1
            68.5 2
             :
            70.5 1
            71.5 1
            72.5 1
             :
            74.5 2
            75.5 2
            76.5 1
             :
            79.5 1
            80.5 3
             :
            82.5 2
            83.5 2
            84.5 1
            85.5 3
            86.5 2
            87.5 2
            88.5 1
             :
            91.5 2
            92.5 2
            93.5 1
            94.5 1
            95.5 1
            96.5 2
            97.5 1
            98.5 1
            99.5 4
             :
           101.5 2
           102.5 3
           103.5 1
           104.5 1
             :
           106.5 2
           107.5 1
           108.5 4
           109.5 1
           110.5 2
           111.5 4
           112.5 1
           113.5 2
           114.5 1
             :
           116.5 1
             :
           118.5 1
           119.5 4
             :
           121.5 3
           122.5 1
           123.5 2
           124.5 3
           125.5 1
             :
           127.5 3
             :
           130.5 2
           131.5 2
           132.5 1
           133.5 3
           134.5 1
           135.5 1
           136.5 3
           137.5 2
           138.5 4
           139.5 2
           140.5 2
           141.5 1
           142.5 2
           143.5 3
             :
           145.5 1
           146.5 4
           147.5 5
           148.5 3
           149.5 1
             :
           151.5 1
           152.5 2
           153.5 1
           154.5 4
           155.5 2
           156.5 2
           157.5 4
           158.5 3
           159.5 4
           160.5 5
           161.5 2
           162.5 2
             :
           164.5 1
           165.5 2
           166.5 2
           167.5 4
           168.5 6
           169.5 1
           170.5 3
           171.5 2
           172.5 3
             :
           174.5 3
           175.5 6
           176.5 2
           177.5 4
           178.5 2
           179.5 2
           180.5 4
             :
           182.5 2
           183.5 4
           184.5 2
           185.5 5
           186.5 5
           187.5 2
           188.5 3
           189.5 3
           190.5 3
           191.5 3
           192.5 4
           193.5 3
           194.5 6
           195.5 4
           196.5 2
           197.5 2
           198.5 2
           199.5 6
           200.5 4
           201.5 5
           202.5 4
           203.5 3
           204.5 7
           205.5 3
           206.5 4
           207.5 3
           208.5 8
           209.5 1
           210.5 4
           211.5 5
           212.5 5
           213.5 10
           214.5 3
           215.5 4
           216.5 7
           217.5 2
           218.5 2
           219.5 4
           220.5 4
           221.5 1
           222.5 2
           223.5 4
           224.5 3
           225.5 3
           226.5 8
           227.5 5
           228.5 5
           229.5 1
           230.5 5
           231.5 6
           232.5 4
           233.5 2
           234.5 5
           235.5 9
           236.5 3
           237.5 2
           238.5 3
           239.5 5
           240.5 6
           241.5 1
           242.5 8
           243.5 6
           244.5 6
           245.5 5
           246.5 2
           247.5 8
           248.5 3
           249.5 2
           250.5 8
           251.5 8
           252.5 7
           253.5 6
           254.5 2
           255.5 2
           256.5 5
           257.5 5
           258.5 7
           259.5 2
           260.5 2
           261.5 8
           262.5 6
           263.5 3
           264.5 2
           265.5 5
           266.5 3
           267.5 7
           268.5 7
           269.5 1
           270.5 3
           271.5 6
           272.5 5
           273.5 4
           274.5 5
           275.5 3
           276.5 4
           277.5 4
           278.5 6
           279.5 2
           280.5 3
           281.5 1
           282.5 3
           283.5 1
           284.5 3
           285.5 1
           286.5 3
           287.5 3
           288.5 4
           289.5 5
           290.5 1
             :
           292.5 5
           293.5 3
           294.5 1
           295.5 2
           296.5 2
           297.5 4
           298.5 2
           299.5 2
           300.5 4
           301.5 1
           302.5 3
           303.5 3
           304.5 1
           305.5 3
           306.5 2
           307.5 3
           308.5 1
           309.5 3
           310.5 4
           311.5 4
           312.5 4
           313.5 1
           314.5 2
           315.5 1
           316.5 2
             :
           318.5 3
           319.5 1
           320.5 3
           321.5 1
           322.5 1
           323.5 1
           324.5 1
           325.5 1
           326.5 1
             :
           328.5 2
           329.5 1
           330.5 3
           331.5 5
           332.5 1
           333.5 1
             :
           335.5 2
           336.5 2
           337.5 4
             :
           339.5 1
           340.5 1
             :
           342.5 1
           343.5 2
           344.5 2
           345.5 3
             :
           348.5 4
           349.5 1
           350.5 1
           351.5 1
           352.5 4
           353.5 1
             :
           356.5 3
           357.5 2
           358.5 3
           359.5 3
             :
           361.5 3
           362.5 1
           363.5 3
             :
           367.5 1
             :
           370.5 1
             :
           373.5 1
           374.5 3
             :
           378.5 1
           379.5 2
             :
           384.5 1
           385.5 1
             :
           387.5 1
             :
           390.5 1
             :
           392.5 1
             :
           395.5 1
             :
           406.5 1
             :
           423.5 1
             :
           432.5 1

Total: connections 14400 requests 14400 replies 14400 test-duration 600.124 s

Connection rate: 24.0 conn/s (41.7 ms/conn, <=5 concurrent connections)
Connection time [ms]: min 9.9 avg 27.0 max 432.7 median 14.5 stddev 52.1
Connection time [ms]: connect 0.7
Connection length [replies/conn]: 1.000

Request rate: 24.0 req/s (41.7 ms/req)
Request size [B]: 67.0

Reply rate [replies/s]: min 22.0 avg 24.0 max 26.0 stddev 0.7 (600 samples)
Percentages of the replies served at a given rate:
   50%: 23
   66%: 23
   75%: 23
   80%: 23
   90%: 24
   95%: 24
   98%: 24
   99%: 25
  100%: 26

Reply time [ms]: response 25.0 transfer 1.2
Percentages of the requests served within a certain time (ms) :
   50%: 13
   66%: 14
   75%: 15
   80%: 16
   90%: 20
   95%: 118
   98%: 240
   99%: 277
  100%: 422

Reply size [B]: header 162.0 content 72.0 footer 1.0 (total 235.0)
Reply status: 1xx=0 2xx=14400 3xx=0 4xx=0 5xx=0

CPU time [s]: user 491.42 system 107.44 (user 81.9% system 17.9% total 99.8%)
Net I/O: 7.1 KB/s (0.1*10^6 bps)

Errors: total 0 client-timo 0 socket-timo 0 connrefused 0 connreset 0
Errors: fd-unavail 0 addrunavail 0 ftab-full 0 other 0

