httperf --verbose --hog --timeout=50 --client=0/1 --server=172.16.116.116 --port=8080 --uri=/ --rate=16 --send-buffer=4096 --recv-buffer=16384 --num-conns=4800 --num-calls=1
httperf: maximum number of open descriptors = 65535
Maximum connect burst length: 1

Connection lifetime histogram (time in ms):
             :
            10.5 463
            11.5 1069
            12.5 739
            13.5 420
            14.5 355
            15.5 402
            16.5 524
            17.5 260
            18.5 192
            19.5 119
            20.5 64
            21.5 71
            22.5 40
            23.5 22
            24.5 12
            25.5 12
            26.5 3
            27.5 4
            28.5 3
            29.5 3
             :
            54.5 1
             :
            83.5 1
             :
           123.5 1
             :
           139.5 1
             :
           156.5 1
             :
           163.5 1
             :
           166.5 1
             :
           214.5 1
           215.5 1
             :
           244.5 1
             :
           255.5 1
             :
           258.5 1
             :
           275.5 1
             :
           300.5 1
             :
           308.5 1
             :
           313.5 2
             :
           316.5 1
             :
           318.5 1
             :
           324.5 1
             :
           353.5 1
           354.5 1
             :
           360.5 1

Total: connections 4800 requests 4800 replies 4800 test-duration 299.949 s

Connection rate: 16.0 conn/s (62.5 ms/conn, <=2 concurrent connections)
Connection time [ms]: min 10.1 avg 15.3 max 360.7 median 13.5 stddev 17.3
Connection time [ms]: connect 0.6
Connection length [replies/conn]: 1.000

Request rate: 16.0 req/s (62.5 ms/req)
Request size [B]: 67.0

Reply rate [replies/s]: min 15.0 avg 16.0 max 17.0 stddev 0.2 (299 samples)
Percentages of the replies served at a given rate:
   50%: 15
   66%: 15
   75%: 15
   80%: 15
   90%: 15
   95%: 15
   98%: 15
   99%: 16
  100%: 17

Reply time [ms]: response 14.0 transfer 0.6
Percentages of the requests served within a certain time (ms) :
   50%: 11
   66%: 14
   75%: 15
   80%: 15
   90%: 16
   95%: 18
   98%: 20
   99%: 22
  100%: 360

Reply size [B]: header 162.0 content 72.0 footer 1.0 (total 235.0)
Reply status: 1xx=0 2xx=4800 3xx=0 4xx=0 5xx=0

CPU time [s]: user 251.70 system 47.69 (user 83.9% system 15.9% total 99.8%)
Net I/O: 4.7 KB/s (0.0*10^6 bps)

Errors: total 0 client-timo 0 socket-timo 0 connrefused 0 connreset 0
Errors: fd-unavail 0 addrunavail 0 ftab-full 0 other 0

