httperf --verbose --hog --timeout=50 --client=0/1 --server=172.16.116.116 --port=8080 --uri=/ --rate=8 --send-buffer=4096 --recv-buffer=16384 --num-conns=2400 --num-calls=1
httperf: maximum number of open descriptors = 65535
Maximum connect burst length: 1

Connection lifetime histogram (time in ms):
             :
            10.5 144
            11.5 459
            12.5 428
            13.5 308
            14.5 219
            15.5 192
            16.5 209
            17.5 128
            18.5 91
            19.5 67
            20.5 47
            21.5 28
            22.5 25
            23.5 18
            24.5 13
            25.5 4
            26.5 3
            27.5 3
            28.5 1
            29.5 1
            30.5 1
            31.5 1
             :
            37.5 1
             :
            39.5 1
             :
            49.5 1
             :
            60.5 1
             :
            73.5 1
             :
           103.5 1
             :
           159.5 1
             :
           215.5 1
             :
           221.5 1
             :
           257.5 1

Total: connections 2400 requests 2400 replies 2400 test-duration 299.887 s

Connection rate: 8.0 conn/s (125.0 ms/conn, <=2 concurrent connections)
Connection time [ms]: min 10.1 avg 14.8 max 257.3 median 13.5 stddev 9.2
Connection time [ms]: connect 0.7
Connection length [replies/conn]: 1.000

Request rate: 8.0 req/s (125.0 ms/req)
Request size [B]: 67.0

Reply rate [replies/s]: min 7.0 avg 8.0 max 9.0 stddev 0.1 (299 samples)
Percentages of the replies served at a given rate:
   50%: 7
   66%: 7
   75%: 7
   80%: 7
   90%: 7
   95%: 7
   98%: 7
   99%: 7
  100%: 9

Reply time [ms]: response 13.4 transfer 0.6
Percentages of the requests served within a certain time (ms) :
   50%: 12
   66%: 13
   75%: 14
   80%: 15
   90%: 16
   95%: 19
   98%: 21
   99%: 22
  100%: 256

Reply size [B]: header 162.0 content 72.0 footer 1.0 (total 235.0)
Reply status: 1xx=0 2xx=2400 3xx=0 4xx=0 5xx=0

CPU time [s]: user 254.47 system 44.95 (user 84.9% system 15.0% total 99.8%)
Net I/O: 2.4 KB/s (0.0*10^6 bps)

Errors: total 0 client-timo 0 socket-timo 0 connrefused 0 connreset 0
Errors: fd-unavail 0 addrunavail 0 ftab-full 0 other 0

