httperf --verbose --hog --timeout=50 --client=0/1 --server=172.16.116.116 --port=8080 --uri=/ --rate=8 --send-buffer=4096 --recv-buffer=16384 --num-conns=2400 --num-calls=1
httperf: maximum number of open descriptors = 65535
Maximum connect burst length: 1

Connection lifetime histogram (time in ms):
             :
            10.5 83
            11.5 406
            12.5 309
            13.5 241
            14.5 199
            15.5 293
            16.5 300
            17.5 205
            18.5 132
            19.5 68
            20.5 45
            21.5 33
            22.5 33
            23.5 16
            24.5 11
            25.5 2
            26.5 7
            27.5 3
            28.5 1
            29.5 1
             :
            35.5 1
             :
            52.5 1
             :
            73.5 1
             :
           107.5 1
             :
           161.5 1
             :
           171.5 1
           172.5 1
             :
           242.5 1
             :
           262.5 1
             :
           314.5 1
             :
           361.5 1
             :
           373.5 1

Total: connections 2400 requests 2400 replies 2400 test-duration 299.891 s

Connection rate: 8.0 conn/s (125.0 ms/conn, <=2 concurrent connections)
Connection time [ms]: min 10.1 avg 15.9 max 373.5 median 14.5 stddev 15.2
Connection time [ms]: connect 0.7
Connection length [replies/conn]: 1.000

Request rate: 8.0 req/s (125.0 ms/req)
Request size [B]: 67.0

Reply rate [replies/s]: min 7.0 avg 8.0 max 9.0 stddev 0.1 (299 samples)
Percentages of the replies served at a given rate:
   50%: 7
   66%: 7
   75%: 7
   80%: 7
   90%: 7
   95%: 7
   98%: 7
   99%: 7
  100%: 9

Reply time [ms]: response 14.5 transfer 0.5
Percentages of the requests served within a certain time (ms) :
   50%: 13
   66%: 14
   75%: 15
   80%: 15
   90%: 17
   95%: 19
   98%: 21
   99%: 22
  100%: 372

Reply size [B]: header 162.0 content 72.0 footer 1.0 (total 235.0)
Reply status: 1xx=0 2xx=2400 3xx=0 4xx=0 5xx=0

CPU time [s]: user 254.72 system 44.73 (user 84.9% system 14.9% total 99.9%)
Net I/O: 2.4 KB/s (0.0*10^6 bps)

Errors: total 0 client-timo 0 socket-timo 0 connrefused 0 connreset 0
Errors: fd-unavail 0 addrunavail 0 ftab-full 0 other 0

