httperf --verbose --hog --timeout=50 --client=0/1 --server=172.16.116.116 --port=8080 --uri=/ --rate=16 --send-buffer=4096 --recv-buffer=16384 --num-conns=2880 --num-calls=1
httperf: maximum number of open descriptors = 65535
Maximum connect burst length: 1

Connection lifetime histogram (time in ms):
             :
             9.5 1
            10.5 282
            11.5 943
            12.5 327
            13.5 172
            14.5 130
            15.5 209
            16.5 377
            17.5 217
            18.5 116
            19.5 42
            20.5 21
            21.5 12
            22.5 6
            23.5 6
            24.5 4
            25.5 3
            26.5 3
            27.5 1
            28.5 1
            29.5 1
             :
           167.5 1
           168.5 1
             :
           225.5 1
             :
           254.5 1
             :
           314.5 1
             :
           384.5 1

Total: connections 2880 requests 2880 replies 2880 test-duration 179.950 s

Connection rate: 16.0 conn/s (62.5 ms/conn, <=2 concurrent connections)
Connection time [ms]: min 10.0 avg 14.3 max 384.2 median 12.5 stddev 11.8
Connection time [ms]: connect 0.7
Connection length [replies/conn]: 1.000

Request rate: 16.0 req/s (62.5 ms/req)
Request size [B]: 67.0

Reply rate [replies/s]: min 15.0 avg 16.0 max 17.0 stddev 0.1 (179 samples)
Percentages of the replies served at a given rate:
   50%: 15
   66%: 15
   75%: 15
   80%: 15
   90%: 15
   95%: 15
   98%: 15
   99%: 15
  100%: 17

Reply time [ms]: response 13.1 transfer 0.4
Percentages of the requests served within a certain time (ms) :
   50%: 11
   66%: 14
   75%: 15
   80%: 15
   90%: 16
   95%: 16
   98%: 18
   99%: 19
  100%: 381

Reply size [B]: header 162.0 content 72.0 footer 1.0 (total 235.0)
Reply status: 1xx=0 2xx=2880 3xx=0 4xx=0 5xx=0

CPU time [s]: user 150.72 system 28.88 (user 83.8% system 16.0% total 99.8%)
Net I/O: 4.7 KB/s (0.0*10^6 bps)

Errors: total 0 client-timo 0 socket-timo 0 connrefused 0 connreset 0
Errors: fd-unavail 0 addrunavail 0 ftab-full 0 other 0

