httperf --verbose --hog --timeout=50 --client=0/1 --server=172.16.116.116 --port=8080 --uri=/ --rate=16 --send-buffer=4096 --recv-buffer=16384 --num-conns=2880 --num-calls=1
httperf: maximum number of open descriptors = 65535
Maximum connect burst length: 1

Connection lifetime histogram (time in ms):
             :
            10.5 251
            11.5 955
            12.5 370
            13.5 190
            14.5 122
            15.5 193
            16.5 389
            17.5 182
            18.5 100
            19.5 55
            20.5 31
            21.5 11
            22.5 7
            23.5 9
             :
            25.5 1
            26.5 2
            27.5 4
            28.5 1
             :
            36.5 1
             :
           137.5 1
             :
           187.5 1
             :
           231.5 1
             :
           277.5 1
             :
           320.5 1
             :
           385.5 1

Total: connections 2880 requests 2880 replies 2880 test-duration 179.950 s

Connection rate: 16.0 conn/s (62.5 ms/conn, <=2 concurrent connections)
Connection time [ms]: min 10.1 avg 14.3 max 385.8 median 12.5 stddev 12.0
Connection time [ms]: connect 0.7
Connection length [replies/conn]: 1.000

Request rate: 16.0 req/s (62.5 ms/req)
Request size [B]: 67.0

Reply rate [replies/s]: min 15.0 avg 16.0 max 17.0 stddev 0.1 (179 samples)
Percentages of the replies served at a given rate:
   50%: 15
   66%: 15
   75%: 15
   80%: 15
   90%: 15
   95%: 15
   98%: 15
   99%: 15
  100%: 17

Reply time [ms]: response 13.0 transfer 0.5
Percentages of the requests served within a certain time (ms) :
   50%: 11
   66%: 13
   75%: 15
   80%: 15
   90%: 16
   95%: 16
   98%: 18
   99%: 19
  100%: 366

Reply size [B]: header 163.0 content 72.0 footer 2.0 (total 237.0)
Reply status: 1xx=0 2xx=2880 3xx=0 4xx=0 5xx=0

CPU time [s]: user 152.22 system 27.39 (user 84.6% system 15.2% total 99.8%)
Net I/O: 4.7 KB/s (0.0*10^6 bps)

Errors: total 0 client-timo 0 socket-timo 0 connrefused 0 connreset 0
Errors: fd-unavail 0 addrunavail 0 ftab-full 0 other 0

