httperf --verbose --hog --timeout=50 --client=0/1 --server=172.16.116.116 --port=8080 --uri=/ --rate=24 --send-buffer=4096 --recv-buffer=16384 --num-conns=14400 --num-calls=1
httperf: maximum number of open descriptors = 65535
Maximum connect burst length: 1

Connection lifetime histogram (time in ms):
             :
            10.5 154
            11.5 262
            12.5 175
            13.5 227
            14.5 270
            15.5 345
            16.5 416
            17.5 396
            18.5 394
            19.5 390
            20.5 370
            21.5 379
            22.5 366
            23.5 368
            24.5 347
            25.5 288
            26.5 268
            27.5 218
            28.5 206
            29.5 183
            30.5 141
            31.5 141
            32.5 137
            33.5 141
            34.5 124
            35.5 114
            36.5 85
            37.5 85
            38.5 74
            39.5 83
            40.5 58
            41.5 77
            42.5 67
            43.5 68
            44.5 45
            45.5 56
            46.5 42
            47.5 37
            48.5 46
            49.5 47
            50.5 55
            51.5 30
            52.5 35
            53.5 39
            54.5 34
            55.5 33
            56.5 28
            57.5 20
            58.5 29
            59.5 28
            60.5 29
            61.5 29
            62.5 22
            63.5 32
            64.5 33
            65.5 27
            66.5 23
            67.5 25
            68.5 27
            69.5 30
            70.5 31
            71.5 36
            72.5 22
            73.5 25
            74.5 22
            75.5 24
            76.5 23
            77.5 15
            78.5 10
            79.5 18
            80.5 15
            81.5 11
            82.5 12
            83.5 16
            84.5 17
            85.5 12
            86.5 18
            87.5 16
            88.5 15
            89.5 21
            90.5 22
            91.5 18
            92.5 16
            93.5 7
            94.5 8
            95.5 16
            96.5 13
            97.5 17
            98.5 7
            99.5 12
           100.5 10
           101.5 12
           102.5 9
           103.5 14
           104.5 12
           105.5 19
           106.5 9
           107.5 14
           108.5 9
           109.5 22
           110.5 8
           111.5 7
           112.5 9
           113.5 10
           114.5 10
           115.5 14
           116.5 15
           117.5 13
           118.5 11
           119.5 10
           120.5 10
           121.5 12
           122.5 8
           123.5 7
           124.5 9
           125.5 10
           126.5 8
           127.5 9
           128.5 14
           129.5 13
           130.5 13
           131.5 8
           132.5 8
           133.5 11
           134.5 4
           135.5 4
           136.5 9
           137.5 6
           138.5 11
           139.5 9
           140.5 15
           141.5 7
           142.5 8
           143.5 10
           144.5 5
           145.5 6
           146.5 9
           147.5 12
           148.5 8
           149.5 13
           150.5 17
           151.5 9
           152.5 12
           153.5 14
           154.5 5
           155.5 13
           156.5 15
           157.5 7
           158.5 8
           159.5 10
           160.5 9
           161.5 7
           162.5 8
           163.5 7
           164.5 9
           165.5 13
           166.5 7
           167.5 6
           168.5 12
           169.5 10
           170.5 11
           171.5 16
           172.5 3
           173.5 13
           174.5 10
           175.5 17
           176.5 9
           177.5 7
           178.5 8
           179.5 8
           180.5 12
           181.5 10
           182.5 8
           183.5 5
           184.5 11
           185.5 9
           186.5 9
           187.5 8
           188.5 12
           189.5 6
           190.5 13
           191.5 15
           192.5 15
           193.5 10
           194.5 11
           195.5 16
           196.5 10
           197.5 12
           198.5 9
           199.5 10
           200.5 17
           201.5 19
           202.5 16
           203.5 16
           204.5 11
           205.5 11
           206.5 10
           207.5 13
           208.5 10
           209.5 10
           210.5 10
           211.5 14
           212.5 8
           213.5 7
           214.5 14
           215.5 11
           216.5 15
           217.5 8
           218.5 22
           219.5 12
           220.5 7
           221.5 17
           222.5 9
           223.5 14
           224.5 14
           225.5 18
           226.5 12
           227.5 14
           228.5 16
           229.5 17
           230.5 17
           231.5 22
           232.5 17
           233.5 11
           234.5 15
           235.5 18
           236.5 17
           237.5 21
           238.5 10
           239.5 17
           240.5 23
           241.5 19
           242.5 24
           243.5 15
           244.5 18
           245.5 16
           246.5 23
           247.5 14
           248.5 13
           249.5 23
           250.5 12
           251.5 22
           252.5 11
           253.5 15
           254.5 21
           255.5 12
           256.5 13
           257.5 17
           258.5 19
           259.5 28
           260.5 14
           261.5 21
           262.5 19
           263.5 23
           264.5 15
           265.5 25
           266.5 27
           267.5 20
           268.5 18
           269.5 17
           270.5 27
           271.5 22
           272.5 21
           273.5 24
           274.5 15
           275.5 22
           276.5 30
           277.5 14
           278.5 18
           279.5 17
           280.5 26
           281.5 20
           282.5 23
           283.5 23
           284.5 24
           285.5 21
           286.5 24
           287.5 26
           288.5 13
           289.5 17
           290.5 25
           291.5 16
           292.5 29
           293.5 21
           294.5 27
           295.5 22
           296.5 19
           297.5 14
           298.5 25
           299.5 22
           300.5 21
           301.5 18
           302.5 19
           303.5 21
           304.5 23
           305.5 28
           306.5 15
           307.5 18
           308.5 19
           309.5 21
           310.5 17
           311.5 20
           312.5 25
           313.5 26
           314.5 22
           315.5 22
           316.5 26
           317.5 16
           318.5 22
           319.5 27
           320.5 22
           321.5 24
           322.5 24
           323.5 27
           324.5 21
           325.5 22
           326.5 30
           327.5 16
           328.5 22
           329.5 18
           330.5 29
           331.5 24
           332.5 17
           333.5 22
           334.5 21
           335.5 14
           336.5 14
           337.5 16
           338.5 14
           339.5 22
           340.5 24
           341.5 17
           342.5 18
           343.5 11
           344.5 18
           345.5 24
           346.5 28
           347.5 19
           348.5 16
           349.5 20
           350.5 18
           351.5 22
           352.5 23
           353.5 19
           354.5 16
           355.5 16
           356.5 13
           357.5 21
           358.5 23
           359.5 26
           360.5 18
           361.5 15
           362.5 17
           363.5 23
           364.5 23
           365.5 24
           366.5 16
           367.5 22
           368.5 27
           369.5 17
           370.5 12
           371.5 17
           372.5 12
           373.5 24
           374.5 19
           375.5 9
           376.5 13
           377.5 25
           378.5 22
           379.5 17
           380.5 17
           381.5 18
           382.5 12
           383.5 14
           384.5 16
           385.5 11
           386.5 13
           387.5 8
           388.5 18
           389.5 15
           390.5 17
           391.5 14
           392.5 11
           393.5 8
           394.5 15
           395.5 8
           396.5 13
           397.5 18
           398.5 19
           399.5 10
           400.5 11
           401.5 19
           402.5 19
           403.5 12
           404.5 13
           405.5 17
           406.5 16
           407.5 21
           408.5 15
           409.5 11
           410.5 15
           411.5 11
           412.5 10
           413.5 15
           414.5 13
           415.5 9
           416.5 11
           417.5 16
           418.5 8
           419.5 12
           420.5 10
           421.5 18
           422.5 5
           423.5 5
           424.5 15
           425.5 7
           426.5 12
           427.5 6
           428.5 11
           429.5 12
           430.5 5
           431.5 4
           432.5 7
           433.5 4
           434.5 8
           435.5 9
           436.5 9
           437.5 7
           438.5 6
           439.5 12
           440.5 4
           441.5 9
           442.5 9
           443.5 4
           444.5 8
           445.5 5
           446.5 4
           447.5 7
           448.5 13
           449.5 5
           450.5 7
           451.5 6
           452.5 5
           453.5 10
           454.5 4
           455.5 9
           456.5 6
           457.5 2
           458.5 8
           459.5 6
           460.5 7
           461.5 6
           462.5 9
           463.5 5
           464.5 7
           465.5 11
           466.5 7
           467.5 6
           468.5 3
           469.5 4
           470.5 9
           471.5 4
           472.5 5
           473.5 6
           474.5 6
           475.5 4
           476.5 3
           477.5 5
           478.5 5
           479.5 1
           480.5 4
           481.5 4
           482.5 5
           483.5 2
           484.5 7
           485.5 3
           486.5 6
           487.5 2
           488.5 5
           489.5 6
           490.5 6
           491.5 5
           492.5 3
           493.5 2
           494.5 2
           495.5 3
           496.5 7
           497.5 6
           498.5 1
             :
           500.5 2
           501.5 1
           502.5 1
           503.5 1
           504.5 2
           505.5 1
           506.5 6
           507.5 4
           508.5 1
             :
           510.5 1
           511.5 2
           512.5 5
           513.5 4
           514.5 3
           515.5 3
           516.5 5
           517.5 3
           518.5 1
           519.5 2
           520.5 6
           521.5 3
           522.5 2
           523.5 3
           524.5 2
           525.5 3
           526.5 3
           527.5 2
           528.5 2
           529.5 3
           530.5 2
           531.5 1
             :
           533.5 3
             :
           536.5 1
           537.5 1
             :
           539.5 3
           540.5 1
           541.5 2
           542.5 1
           543.5 2
             :
           546.5 3
             :
           548.5 4
             :
           550.5 2
           551.5 3
           552.5 1
           553.5 3
           554.5 3
           555.5 1
             :
           559.5 1
           560.5 3
           561.5 1
             :
           563.5 2
           564.5 1
           565.5 1
             :
           569.5 1
           570.5 3
           571.5 4
             :
           577.5 1
             :
           580.5 1
           581.5 2
             :
           585.5 1
             :
           588.5 1
             :
           590.5 1
             :
           593.5 1
             :
           600.5 1
             :
           604.5 1
           605.5 1
             :
           618.5 1
           619.5 1
             :
           622.5 1
             :
           626.5 2
             :
           677.5 2

Total: connections 14400 requests 14400 replies 14400 test-duration 600.206 s

Connection rate: 24.0 conn/s (41.7 ms/conn, <=14 concurrent connections)
Connection time [ms]: min 10.2 avg 134.3 max 678.0 median 40.5 stddev 146.7
Connection time [ms]: connect 1.2
Connection length [replies/conn]: 1.000

Request rate: 24.0 req/s (41.7 ms/req)
Request size [B]: 67.0

Reply rate [replies/s]: min 15.0 avg 24.0 max 34.0 stddev 3.7 (600 samples)
Percentages of the replies served at a given rate:
   50%: 23
   66%: 24
   75%: 25
   80%: 26
   90%: 28
   95%: 29
   98%: 31
   99%: 31
  100%: 34

Reply time [ms]: response 125.6 transfer 7.4
Percentages of the requests served within a certain time (ms) :
   50%: 37
   66%: 157
   75%: 241
   80%: 274
   90%: 344
   95%: 394
   98%: 449
   99%: 479
  100%: 677

Reply size [B]: header 162.0 content 72.0 footer 1.0 (total 235.0)
Reply status: 1xx=0 2xx=14400 3xx=0 4xx=0 5xx=0

CPU time [s]: user 464.06 system 134.86 (user 77.3% system 22.5% total 99.8%)
Net I/O: 7.1 KB/s (0.1*10^6 bps)

Errors: total 0 client-timo 0 socket-timo 0 connrefused 0 connreset 0
Errors: fd-unavail 0 addrunavail 0 ftab-full 0 other 0

