httperf --verbose --hog --timeout=50 --client=0/1 --server=172.16.116.116 --port=8080 --uri=/ --rate=24 --send-buffer=4096 --recv-buffer=16384 --num-conns=14400 --num-calls=1
httperf: maximum number of open descriptors = 65535
Maximum connect burst length: 1

Connection lifetime histogram (time in ms):
             :
            10.5 183
            11.5 1005
            12.5 767
            13.5 675
            14.5 750
            15.5 898
            16.5 902
            17.5 685
            18.5 512
            19.5 400
            20.5 349
            21.5 299
            22.5 262
            23.5 220
            24.5 178
            25.5 161
            26.5 138
            27.5 117
            28.5 142
            29.5 89
            30.5 92
            31.5 73
            32.5 89
            33.5 84
            34.5 62
            35.5 85
            36.5 64
            37.5 67
            38.5 61
            39.5 62
            40.5 75
            41.5 54
            42.5 62
            43.5 48
            44.5 51
            45.5 49
            46.5 47
            47.5 60
            48.5 37
            49.5 39
            50.5 43
            51.5 28
            52.5 41
            53.5 31
            54.5 36
            55.5 32
            56.5 36
            57.5 30
            58.5 29
            59.5 30
            60.5 24
            61.5 19
            62.5 23
            63.5 21
            64.5 18
            65.5 23
            66.5 22
            67.5 23
            68.5 21
            69.5 23
            70.5 21
            71.5 16
            72.5 17
            73.5 18
            74.5 12
            75.5 24
            76.5 22
            77.5 20
            78.5 11
            79.5 12
            80.5 17
            81.5 18
            82.5 18
            83.5 21
            84.5 15
            85.5 14
            86.5 16
            87.5 14
            88.5 22
            89.5 14
            90.5 5
            91.5 10
            92.5 16
            93.5 10
            94.5 17
            95.5 10
            96.5 16
            97.5 7
            98.5 13
            99.5 11
           100.5 15
           101.5 11
           102.5 10
           103.5 8
           104.5 9
           105.5 8
           106.5 7
           107.5 15
           108.5 3
           109.5 9
           110.5 5
           111.5 7
           112.5 12
           113.5 8
           114.5 7
           115.5 13
           116.5 8
           117.5 6
           118.5 4
           119.5 12
           120.5 11
           121.5 6
           122.5 11
           123.5 7
           124.5 10
           125.5 8
           126.5 5
           127.5 10
           128.5 3
           129.5 7
           130.5 4
           131.5 5
           132.5 6
           133.5 6
           134.5 6
           135.5 5
           136.5 7
           137.5 9
           138.5 3
           139.5 8
           140.5 7
           141.5 4
           142.5 6
           143.5 7
           144.5 8
           145.5 7
           146.5 4
           147.5 5
           148.5 4
           149.5 5
           150.5 5
           151.5 5
           152.5 6
           153.5 4
           154.5 6
           155.5 4
           156.5 5
           157.5 5
           158.5 7
           159.5 7
           160.5 8
           161.5 11
           162.5 8
           163.5 2
           164.5 7
           165.5 7
           166.5 6
           167.5 4
           168.5 13
           169.5 6
           170.5 6
           171.5 5
           172.5 7
           173.5 4
           174.5 5
           175.5 6
           176.5 3
           177.5 4
           178.5 6
           179.5 6
           180.5 3
           181.5 2
           182.5 6
           183.5 3
           184.5 4
           185.5 2
           186.5 6
           187.5 5
           188.5 9
           189.5 8
           190.5 5
           191.5 5
           192.5 12
           193.5 9
           194.5 8
           195.5 4
           196.5 4
           197.5 6
           198.5 4
           199.5 8
           200.5 7
           201.5 5
           202.5 8
           203.5 4
           204.5 7
           205.5 10
           206.5 7
           207.5 5
           208.5 10
           209.5 2
           210.5 5
           211.5 5
           212.5 5
           213.5 9
           214.5 4
           215.5 3
           216.5 4
           217.5 3
           218.5 5
           219.5 5
           220.5 5
           221.5 7
           222.5 7
           223.5 9
           224.5 8
           225.5 11
           226.5 4
           227.5 9
           228.5 6
           229.5 6
           230.5 6
           231.5 5
           232.5 7
           233.5 2
           234.5 5
           235.5 8
           236.5 6
           237.5 5
           238.5 5
           239.5 5
           240.5 8
           241.5 7
           242.5 5
           243.5 8
           244.5 7
           245.5 10
           246.5 11
           247.5 9
           248.5 6
           249.5 10
           250.5 8
           251.5 9
           252.5 7
           253.5 8
           254.5 14
           255.5 7
           256.5 8
           257.5 13
           258.5 5
           259.5 9
           260.5 14
           261.5 6
           262.5 11
           263.5 8
           264.5 4
           265.5 2
           266.5 14
           267.5 9
           268.5 18
           269.5 14
           270.5 14
           271.5 9
           272.5 11
           273.5 13
           274.5 10
           275.5 7
           276.5 6
           277.5 4
           278.5 8
           279.5 9
           280.5 11
           281.5 13
           282.5 13
           283.5 12
           284.5 8
           285.5 17
           286.5 10
           287.5 10
           288.5 10
           289.5 12
           290.5 14
           291.5 11
           292.5 11
           293.5 13
           294.5 20
           295.5 24
           296.5 17
           297.5 15
           298.5 6
           299.5 11
           300.5 14
           301.5 10
           302.5 14
           303.5 12
           304.5 17
           305.5 11
           306.5 12
           307.5 12
           308.5 10
           309.5 12
           310.5 13
           311.5 20
           312.5 11
           313.5 6
           314.5 13
           315.5 16
           316.5 9
           317.5 13
           318.5 12
           319.5 8
           320.5 16
           321.5 10
           322.5 13
           323.5 10
           324.5 12
           325.5 18
           326.5 13
           327.5 11
           328.5 11
           329.5 8
           330.5 18
           331.5 13
           332.5 14
           333.5 13
           334.5 6
           335.5 10
           336.5 10
           337.5 10
           338.5 10
           339.5 7
           340.5 9
           341.5 9
           342.5 11
           343.5 11
           344.5 9
           345.5 9
           346.5 19
           347.5 12
           348.5 13
           349.5 13
           350.5 9
           351.5 11
           352.5 11
           353.5 11
           354.5 11
           355.5 14
           356.5 13
           357.5 9
           358.5 11
           359.5 12
           360.5 12
           361.5 14
           362.5 11
           363.5 13
           364.5 10
           365.5 18
           366.5 13
           367.5 6
           368.5 16
           369.5 16
           370.5 14
           371.5 14
           372.5 13
           373.5 21
           374.5 11
           375.5 13
           376.5 17
           377.5 18
           378.5 12
           379.5 14
           380.5 8
           381.5 8
           382.5 12
           383.5 8
           384.5 16
           385.5 9
           386.5 12
           387.5 7
           388.5 11
           389.5 8
           390.5 14
           391.5 11
           392.5 10
           393.5 3
           394.5 13
           395.5 9
           396.5 7
           397.5 6
           398.5 9
           399.5 5
           400.5 8
           401.5 8
           402.5 7
           403.5 12
           404.5 5
           405.5 9
           406.5 6
           407.5 8
           408.5 9
           409.5 9
           410.5 10
           411.5 9
           412.5 13
           413.5 11
           414.5 13
           415.5 11
           416.5 10
           417.5 2
           418.5 8
           419.5 9
           420.5 8
           421.5 14
           422.5 8
           423.5 12
           424.5 11
           425.5 4
           426.5 4
           427.5 12
           428.5 4
           429.5 10
           430.5 4
           431.5 7
           432.5 5
           433.5 7
           434.5 5
           435.5 3
           436.5 5
           437.5 10
           438.5 4
           439.5 6
           440.5 5
           441.5 8
           442.5 4
           443.5 14
           444.5 5
           445.5 7
           446.5 4
           447.5 2
           448.5 7
           449.5 4
           450.5 6
           451.5 2
           452.5 4
           453.5 6
           454.5 6
           455.5 5
           456.5 7
           457.5 4
           458.5 8
           459.5 2
           460.5 2
           461.5 7
           462.5 2
           463.5 7
           464.5 3
           465.5 6
           466.5 9
           467.5 3
           468.5 2
           469.5 1
           470.5 5
           471.5 2
           472.5 8
           473.5 1
           474.5 3
             :
           476.5 3
           477.5 2
           478.5 7
           479.5 3
             :
           481.5 6
           482.5 3
           483.5 3
           484.5 1
           485.5 2
           486.5 3
           487.5 3
           488.5 5
           489.5 2
           490.5 2
           491.5 2
           492.5 4
           493.5 3
           494.5 4
           495.5 6
           496.5 3
           497.5 1
           498.5 2
           499.5 2
           500.5 2
           501.5 1
           502.5 5
           503.5 4
           504.5 4
           505.5 2
           506.5 1
           507.5 5
           508.5 6
             :
           510.5 3
           511.5 1
             :
           513.5 3
           514.5 2
           515.5 6
           516.5 3
           517.5 3
           518.5 3
           519.5 1
             :
           521.5 1
           522.5 2
           523.5 4
             :
           525.5 1
           526.5 3
           527.5 5
           528.5 1
           529.5 2
           530.5 3
             :
           532.5 3
           533.5 1
           534.5 2
           535.5 2
           536.5 1
           537.5 1
             :
           541.5 1
           542.5 1
             :
           544.5 2
             :
           547.5 2
           548.5 2
             :
           550.5 3
           551.5 2
           552.5 1
             :
           554.5 1
             :
           556.5 1
           557.5 1
             :
           560.5 1
             :
           562.5 3
           563.5 2
             :
           567.5 2
           568.5 1
           569.5 3
             :
           573.5 1
           574.5 1
             :
           577.5 1
           578.5 3
           579.5 2
             :
           581.5 2
             :
           585.5 1
             :
           588.5 1
             :
           590.5 2
             :
           592.5 1
             :
           596.5 1
             :
           598.5 2
             :
           600.5 1
           601.5 1
             :
           604.5 1
             :
           610.5 1
             :
           616.5 2
             :
           619.5 1
             :
           622.5 1
             :
           624.5 1
             :
           631.5 1
           632.5 1
             :
           639.5 1
             :
           650.5 1
             :
           689.5 1

Total: connections 14400 requests 14400 replies 14400 test-duration 599.974 s

Connection rate: 24.0 conn/s (41.7 ms/conn, <=14 concurrent connections)
Connection time [ms]: min 10.3 avg 91.6 max 689.7 median 21.5 stddev 133.5
Connection time [ms]: connect 0.8
Connection length [replies/conn]: 1.000

Request rate: 24.0 req/s (41.7 ms/req)
Request size [B]: 67.0

Reply rate [replies/s]: min 14.0 avg 24.0 max 34.0 stddev 3.7 (599 samples)
Percentages of the replies served at a given rate:
   50%: 23
   66%: 24
   75%: 24
   80%: 25
   90%: 28
   95%: 30
   98%: 32
   99%: 32
  100%: 34

Reply time [ms]: response 85.4 transfer 5.3
Percentages of the requests served within a certain time (ms) :
   50%: 18
   66%: 37
   75%: 79
   80%: 164
   90%: 312
   95%: 376
   98%: 436
   99%: 473
  100%: 647

Reply size [B]: header 162.0 content 72.0 footer 1.0 (total 235.0)
Reply status: 1xx=0 2xx=14400 3xx=0 4xx=0 5xx=0

CPU time [s]: user 472.26 system 126.33 (user 78.7% system 21.1% total 99.8%)
Net I/O: 7.1 KB/s (0.1*10^6 bps)

Errors: total 0 client-timo 0 socket-timo 0 connrefused 0 connreset 0
Errors: fd-unavail 0 addrunavail 0 ftab-full 0 other 0

