httperf --verbose --hog --timeout=50 --client=0/1 --server=172.16.116.116 --port=8080 --uri=/ --rate=24 --send-buffer=4096 --recv-buffer=16384 --num-conns=14400 --num-calls=1
httperf: maximum number of open descriptors = 65535
Maximum connect burst length: 1

Connection lifetime histogram (time in ms):
             :
            10.5 66
            11.5 192
            12.5 184
            13.5 257
            14.5 301
            15.5 355
            16.5 383
            17.5 375
            18.5 367
            19.5 410
            20.5 382
            21.5 389
            22.5 370
            23.5 355
            24.5 340
            25.5 258
            26.5 249
            27.5 233
            28.5 248
            29.5 212
            30.5 196
            31.5 172
            32.5 144
            33.5 144
            34.5 139
            35.5 142
            36.5 119
            37.5 113
            38.5 89
            39.5 80
            40.5 92
            41.5 91
            42.5 72
            43.5 73
            44.5 69
            45.5 57
            46.5 45
            47.5 45
            48.5 40
            49.5 35
            50.5 34
            51.5 42
            52.5 45
            53.5 34
            54.5 38
            55.5 35
            56.5 33
            57.5 30
            58.5 28
            59.5 25
            60.5 42
            61.5 41
            62.5 30
            63.5 35
            64.5 29
            65.5 34
            66.5 28
            67.5 27
            68.5 30
            69.5 25
            70.5 25
            71.5 25
            72.5 31
            73.5 32
            74.5 24
            75.5 17
            76.5 22
            77.5 22
            78.5 28
            79.5 23
            80.5 12
            81.5 14
            82.5 20
            83.5 13
            84.5 21
            85.5 25
            86.5 12
            87.5 17
            88.5 18
            89.5 13
            90.5 11
            91.5 16
            92.5 14
            93.5 14
            94.5 14
            95.5 9
            96.5 12
            97.5 13
            98.5 15
            99.5 11
           100.5 13
           101.5 13
           102.5 14
           103.5 14
           104.5 13
           105.5 9
           106.5 9
           107.5 7
           108.5 8
           109.5 13
           110.5 17
           111.5 15
           112.5 14
           113.5 13
           114.5 20
           115.5 12
           116.5 12
           117.5 9
           118.5 4
           119.5 15
           120.5 13
           121.5 9
           122.5 5
           123.5 11
           124.5 14
           125.5 13
           126.5 9
           127.5 9
           128.5 9
           129.5 18
           130.5 10
           131.5 11
           132.5 3
           133.5 4
           134.5 15
           135.5 17
           136.5 7
           137.5 10
           138.5 11
           139.5 10
           140.5 9
           141.5 9
           142.5 12
           143.5 9
           144.5 12
           145.5 9
           146.5 10
           147.5 9
           148.5 7
           149.5 15
           150.5 7
           151.5 9
           152.5 7
           153.5 13
           154.5 9
           155.5 11
           156.5 8
           157.5 14
           158.5 6
           159.5 11
           160.5 14
           161.5 11
           162.5 7
           163.5 5
           164.5 8
           165.5 5
           166.5 8
           167.5 4
           168.5 9
           169.5 8
           170.5 7
           171.5 4
           172.5 8
           173.5 9
           174.5 11
           175.5 11
           176.5 11
           177.5 5
           178.5 10
           179.5 9
           180.5 14
           181.5 6
           182.5 14
           183.5 6
           184.5 9
           185.5 15
           186.5 11
           187.5 10
           188.5 15
           189.5 5
           190.5 9
           191.5 10
           192.5 8
           193.5 7
           194.5 8
           195.5 11
           196.5 9
           197.5 11
           198.5 7
           199.5 6
           200.5 12
           201.5 16
           202.5 11
           203.5 7
           204.5 10
           205.5 14
           206.5 7
           207.5 9
           208.5 12
           209.5 7
           210.5 22
           211.5 12
           212.5 18
           213.5 10
           214.5 13
           215.5 7
           216.5 9
           217.5 9
           218.5 19
           219.5 10
           220.5 12
           221.5 16
           222.5 9
           223.5 9
           224.5 17
           225.5 18
           226.5 22
           227.5 20
           228.5 17
           229.5 16
           230.5 16
           231.5 15
           232.5 7
           233.5 18
           234.5 25
           235.5 13
           236.5 19
           237.5 16
           238.5 10
           239.5 19
           240.5 11
           241.5 6
           242.5 14
           243.5 18
           244.5 13
           245.5 20
           246.5 15
           247.5 22
           248.5 15
           249.5 18
           250.5 17
           251.5 15
           252.5 15
           253.5 11
           254.5 18
           255.5 14
           256.5 21
           257.5 16
           258.5 16
           259.5 21
           260.5 20
           261.5 32
           262.5 21
           263.5 17
           264.5 15
           265.5 22
           266.5 20
           267.5 29
           268.5 25
           269.5 31
           270.5 14
           271.5 19
           272.5 15
           273.5 15
           274.5 17
           275.5 16
           276.5 16
           277.5 17
           278.5 23
           279.5 11
           280.5 14
           281.5 23
           282.5 20
           283.5 19
           284.5 18
           285.5 22
           286.5 18
           287.5 13
           288.5 25
           289.5 24
           290.5 20
           291.5 18
           292.5 17
           293.5 16
           294.5 26
           295.5 16
           296.5 21
           297.5 20
           298.5 18
           299.5 22
           300.5 15
           301.5 26
           302.5 21
           303.5 21
           304.5 18
           305.5 18
           306.5 21
           307.5 28
           308.5 18
           309.5 24
           310.5 17
           311.5 13
           312.5 28
           313.5 14
           314.5 15
           315.5 22
           316.5 18
           317.5 24
           318.5 18
           319.5 19
           320.5 18
           321.5 9
           322.5 18
           323.5 29
           324.5 14
           325.5 22
           326.5 27
           327.5 24
           328.5 16
           329.5 17
           330.5 13
           331.5 16
           332.5 16
           333.5 23
           334.5 16
           335.5 18
           336.5 16
           337.5 18
           338.5 18
           339.5 17
           340.5 18
           341.5 20
           342.5 11
           343.5 20
           344.5 17
           345.5 17
           346.5 18
           347.5 14
           348.5 17
           349.5 19
           350.5 15
           351.5 32
           352.5 19
           353.5 19
           354.5 17
           355.5 12
           356.5 14
           357.5 19
           358.5 14
           359.5 17
           360.5 19
           361.5 23
           362.5 19
           363.5 17
           364.5 10
           365.5 11
           366.5 14
           367.5 11
           368.5 26
           369.5 21
           370.5 11
           371.5 17
           372.5 16
           373.5 12
           374.5 25
           375.5 16
           376.5 14
           377.5 13
           378.5 17
           379.5 16
           380.5 11
           381.5 16
           382.5 17
           383.5 16
           384.5 10
           385.5 17
           386.5 13
           387.5 17
           388.5 9
           389.5 18
           390.5 13
           391.5 10
           392.5 10
           393.5 17
           394.5 20
           395.5 23
           396.5 16
           397.5 21
           398.5 17
           399.5 11
           400.5 15
           401.5 10
           402.5 17
           403.5 18
           404.5 9
           405.5 13
           406.5 15
           407.5 11
           408.5 12
           409.5 9
           410.5 10
           411.5 9
           412.5 14
           413.5 18
           414.5 10
           415.5 11
           416.5 13
           417.5 11
           418.5 6
           419.5 9
           420.5 10
           421.5 9
           422.5 9
           423.5 6
           424.5 10
           425.5 10
           426.5 16
           427.5 19
           428.5 13
           429.5 14
           430.5 10
           431.5 8
           432.5 7
           433.5 8
           434.5 6
           435.5 9
           436.5 11
           437.5 13
           438.5 8
           439.5 10
           440.5 12
           441.5 7
           442.5 7
           443.5 7
           444.5 10
           445.5 5
           446.5 8
           447.5 8
           448.5 8
           449.5 2
           450.5 6
           451.5 7
           452.5 5
           453.5 4
           454.5 5
           455.5 3
           456.5 7
           457.5 6
           458.5 7
           459.5 5
           460.5 5
           461.5 6
           462.5 2
           463.5 2
           464.5 4
           465.5 7
           466.5 6
           467.5 4
           468.5 5
           469.5 6
           470.5 4
           471.5 5
           472.5 5
           473.5 5
           474.5 7
           475.5 5
           476.5 7
           477.5 7
           478.5 8
           479.5 4
           480.5 8
           481.5 6
           482.5 11
           483.5 4
           484.5 9
           485.5 4
           486.5 2
           487.5 5
           488.5 4
           489.5 3
           490.5 3
           491.5 3
           492.5 6
           493.5 3
           494.5 4
           495.5 3
           496.5 6
           497.5 3
           498.5 2
           499.5 3
           500.5 3
           501.5 3
           502.5 4
           503.5 2
           504.5 6
           505.5 5
           506.5 4
           507.5 4
           508.5 5
           509.5 1
           510.5 2
           511.5 3
           512.5 1
           513.5 5
           514.5 3
             :
           516.5 2
           517.5 1
           518.5 3
             :
           520.5 1
           521.5 1
           522.5 4
           523.5 4
           524.5 1
           525.5 1
           526.5 3
           527.5 2
           528.5 2
           529.5 1
           530.5 1
             :
           532.5 4
           533.5 2
           534.5 1
             :
           536.5 1
           537.5 1
           538.5 1
           539.5 2
           540.5 1
           541.5 1
           542.5 1
           543.5 2
             :
           548.5 2
           549.5 1
             :
           551.5 3
             :
           553.5 2
           554.5 2
           555.5 1
             :
           557.5 2
             :
           559.5 1
             :
           561.5 1
             :
           563.5 3
             :
           565.5 1
           566.5 1
             :
           568.5 1
             :
           570.5 1
             :
           575.5 3
           576.5 1
             :
           581.5 1
           582.5 2
             :
           586.5 1
           587.5 3
           588.5 3
             :
           592.5 1
             :
           594.5 1
             :
           618.5 1
             :
           620.5 1
           621.5 1
             :
           624.5 1
             :
           627.5 1
             :
           630.5 1
             :
           635.5 1
             :
           640.5 1
             :
           656.5 1
             :
           680.5 1
             :
           724.5 1

Total: connections 14400 requests 14400 replies 14400 test-duration 599.987 s

Connection rate: 24.0 conn/s (41.7 ms/conn, <=14 concurrent connections)
Connection time [ms]: min 10.4 avg 129.6 max 724.3 median 39.5 stddev 145.2
Connection time [ms]: connect 1.0
Connection length [replies/conn]: 1.000

Request rate: 24.0 req/s (41.7 ms/req)
Request size [B]: 67.0

Reply rate [replies/s]: min 13.0 avg 24.0 max 37.0 stddev 3.8 (599 samples)
Percentages of the replies served at a given rate:
   50%: 23
   66%: 24
   75%: 25
   80%: 26
   90%: 28
   95%: 30
   98%: 31
   99%: 32
  100%: 37

Reply time [ms]: response 121.2 transfer 7.4
Percentages of the requests served within a certain time (ms) :
   50%: 36
   66%: 128
   75%: 231
   80%: 268
   90%: 344
   95%: 393
   98%: 443
   99%: 475
  100%: 719

Reply size [B]: header 162.0 content 72.0 footer 1.0 (total 235.0)
Reply status: 1xx=0 2xx=14400 3xx=0 4xx=0 5xx=0

CPU time [s]: user 463.38 system 135.40 (user 77.2% system 22.6% total 99.8%)
Net I/O: 7.1 KB/s (0.1*10^6 bps)

Errors: total 0 client-timo 0 socket-timo 0 connrefused 0 connreset 0
Errors: fd-unavail 0 addrunavail 0 ftab-full 0 other 0

