httperf --verbose --hog --timeout=50 --client=0/1 --server=172.16.116.116 --port=8080 --uri=/ --rate=8 --send-buffer=4096 --recv-buffer=16384 --num-conns=1440 --num-calls=1
httperf: maximum number of open descriptors = 65535
Maximum connect burst length: 1

Connection lifetime histogram (time in ms):
             :
            10.5 46
            11.5 320
            12.5 256
            13.5 143
            14.5 104
            15.5 122
            16.5 168
            17.5 103
            18.5 79
            19.5 29
            20.5 18
            21.5 12
            22.5 5
            23.5 8
            24.5 1
             :
            26.5 1
            27.5 2
             :
            32.5 1
             :
            34.5 1
             :
            88.5 1
             :
            90.5 1
             :
           121.5 1
             :
           152.5 1
             :
           174.5 1
             :
           208.5 1
             :
           224.5 1
             :
           241.5 1
           242.5 1
             :
           249.5 1
             :
           259.5 1
             :
           261.5 1
             :
           286.5 1
             :
           292.5 1
             :
           294.5 1
             :
           299.5 1
             :
           303.5 1
             :
           333.5 1
             :
           356.5 1
             :
           395.5 1
             :
           398.5 1

Total: connections 1440 requests 1440 replies 1440 test-duration 179.891 s

Connection rate: 8.0 conn/s (124.9 ms/conn, <=2 concurrent connections)
Connection time [ms]: min 10.1 avg 17.8 max 398.7 median 13.5 stddev 30.4
Connection time [ms]: connect 0.7
Connection length [replies/conn]: 1.000

Request rate: 8.0 req/s (124.9 ms/req)
Request size [B]: 67.0

Reply rate [replies/s]: min 7.0 avg 8.0 max 9.0 stddev 0.3 (179 samples)
Percentages of the replies served at a given rate:
   50%: 7
   66%: 7
   75%: 7
   80%: 7
   90%: 7
   95%: 7
   98%: 8
   99%: 8
  100%: 9

Reply time [ms]: response 16.4 transfer 0.6
Percentages of the requests served within a certain time (ms) :
   50%: 12
   66%: 14
   75%: 15
   80%: 15
   90%: 16
   95%: 18
   98%: 22
   99%: 194
  100%: 394

Reply size [B]: header 162.0 content 72.0 footer 1.0 (total 235.0)
Reply status: 1xx=0 2xx=1440 3xx=0 4xx=0 5xx=0

CPU time [s]: user 152.37 system 27.25 (user 84.7% system 15.1% total 99.9%)
Net I/O: 2.4 KB/s (0.0*10^6 bps)

Errors: total 0 client-timo 0 socket-timo 0 connrefused 0 connreset 0
Errors: fd-unavail 0 addrunavail 0 ftab-full 0 other 0

