httperf --verbose --hog --timeout=50 --client=0/1 --server=172.16.116.116 --port=8080 --uri=/ --rate=8 --send-buffer=4096 --recv-buffer=16384 --num-conns=1440 --num-calls=1
httperf: maximum number of open descriptors = 65535
Maximum connect burst length: 1

Connection lifetime histogram (time in ms):
             :
            10.5 19
            11.5 126
            12.5 138
            13.5 99
            14.5 120
            15.5 120
            16.5 168
            17.5 130
            18.5 112
            19.5 69
            20.5 50
            21.5 56
            22.5 44
            23.5 34
            24.5 32
            25.5 17
            26.5 17
            27.5 7
            28.5 6
             :
            30.5 1
            31.5 2
            32.5 2
             :
            34.5 1
             :
            37.5 1
             :
            44.5 1
             :
            48.5 1
             :
            65.5 1
             :
            75.5 1
             :
            83.5 2
             :
            96.5 2
             :
           107.5 1
             :
           110.5 1
             :
           112.5 1
             :
           126.5 1
             :
           128.5 1
             :
           130.5 1
             :
           138.5 1
             :
           148.5 1
             :
           152.5 1
             :
           161.5 1
             :
           170.5 1
           171.5 1
             :
           175.5 1
           176.5 1
             :
           179.5 1
             :
           182.5 1
             :
           186.5 2
           187.5 1
             :
           189.5 1
             :
           191.5 2
             :
           193.5 3
           194.5 1
             :
           196.5 3
             :
           199.5 2
             :
           201.5 1
           202.5 1
             :
           208.5 1
             :
           219.5 1
           220.5 1
           221.5 1
             :
           226.5 1
             :
           230.5 2
             :
           233.5 1
             :
           236.5 1
           237.5 1
           238.5 1
             :
           251.5 1
             :
           258.5 1
             :
           261.5 1
             :
           266.5 2
             :
           271.5 1
             :
           277.5 1
             :
           279.5 1
             :
           283.5 1
             :
           305.5 1
             :
           307.5 1
           308.5 1
             :
           310.5 1
             :
           330.5 1
             :
           338.5 1
             :
           354.5 1
             :
           376.5 1

Total: connections 1440 requests 1440 replies 1440 test-duration 179.894 s

Connection rate: 8.0 conn/s (124.9 ms/conn, <=2 concurrent connections)
Connection time [ms]: min 10.5 avg 25.6 max 376.1 median 16.5 stddev 42.6
Connection time [ms]: connect 1.0
Connection length [replies/conn]: 1.000

Request rate: 8.0 req/s (124.9 ms/req)
Request size [B]: 67.0

Reply rate [replies/s]: min 7.0 avg 8.0 max 9.0 stddev 0.4 (179 samples)
Percentages of the replies served at a given rate:
   50%: 7
   66%: 7
   75%: 7
   80%: 7
   90%: 7
   95%: 8
   98%: 8
   99%: 8
  100%: 9

Reply time [ms]: response 23.6 transfer 0.9
Percentages of the requests served within a certain time (ms) :
   50%: 15
   66%: 16
   75%: 17
   80%: 19
   90%: 22
   95%: 28
   98%: 199
   99%: 233
  100%: 373

Reply size [B]: header 162.0 content 72.0 footer 1.0 (total 235.0)
Reply status: 1xx=0 2xx=1440 3xx=0 4xx=0 5xx=0

CPU time [s]: user 151.51 system 28.10 (user 84.2% system 15.6% total 99.8%)
Net I/O: 2.4 KB/s (0.0*10^6 bps)

Errors: total 0 client-timo 0 socket-timo 0 connrefused 0 connreset 0
Errors: fd-unavail 0 addrunavail 0 ftab-full 0 other 0

