httperf --verbose --hog --timeout=50 --client=0/1 --server=172.16.116.116 --port=8080 --uri=/ --rate=8 --send-buffer=4096 --recv-buffer=16384 --num-conns=2400 --num-calls=1
httperf: maximum number of open descriptors = 65535
Maximum connect burst length: 1

Connection lifetime histogram (time in ms):
             :
            10.5 46
            11.5 455
            12.5 421
            13.5 250
            14.5 192
            15.5 187
            16.5 284
            17.5 202
            18.5 131
            19.5 59
            20.5 44
            21.5 28
            22.5 17
            23.5 16
            24.5 9
            25.5 9
            26.5 9
            27.5 5
            28.5 3
            29.5 2
            30.5 2
            31.5 2
             :
            48.5 1
             :
            61.5 1
             :
            88.5 1
             :
           102.5 1
             :
           119.5 1
             :
           161.5 1
             :
           163.5 1
             :
           166.5 1
             :
           188.5 1
             :
           190.5 1
             :
           195.5 1
             :
           202.5 1
             :
           204.5 1
             :
           223.5 1
             :
           238.5 1
             :
           267.5 2
           268.5 1
             :
           285.5 1
             :
           300.5 1
             :
           303.5 1
             :
           315.5 2
             :
           325.5 1
             :
           365.5 1
             :
           384.5 1
             :
           407.5 1

Total: connections 2400 requests 2400 replies 2400 test-duration 299.892 s

Connection rate: 8.0 conn/s (125.0 ms/conn, <=2 concurrent connections)
Connection time [ms]: min 10.1 avg 17.2 max 407.9 median 14.5 stddev 24.9
Connection time [ms]: connect 0.7
Connection length [replies/conn]: 1.000

Request rate: 8.0 req/s (125.0 ms/req)
Request size [B]: 67.0

Reply rate [replies/s]: min 7.0 avg 8.0 max 9.0 stddev 0.1 (299 samples)
Percentages of the replies served at a given rate:
   50%: 7
   66%: 7
   75%: 7
   80%: 7
   90%: 7
   95%: 7
   98%: 7
   99%: 7
  100%: 9

Reply time [ms]: response 15.8 transfer 0.6
Percentages of the requests served within a certain time (ms) :
   50%: 12
   66%: 14
   75%: 15
   80%: 15
   90%: 17
   95%: 18
   98%: 22
   99%: 83
  100%: 407

Reply size [B]: header 162.0 content 72.0 footer 1.0 (total 235.0)
Reply status: 1xx=0 2xx=2400 3xx=0 4xx=0 5xx=0

CPU time [s]: user 253.87 system 45.62 (user 84.7% system 15.2% total 99.9%)
Net I/O: 2.4 KB/s (0.0*10^6 bps)

Errors: total 0 client-timo 0 socket-timo 0 connrefused 0 connreset 0
Errors: fd-unavail 0 addrunavail 0 ftab-full 0 other 0

