httperf --verbose --hog --timeout=50 --client=0/1 --server=172.16.116.116 --port=8080 --uri=/ --rate=16 --send-buffer=4096 --recv-buffer=16384 --num-conns=4800 --num-calls=1
httperf: maximum number of open descriptors = 65535
Maximum connect burst length: 1

Connection lifetime histogram (time in ms):
             :
            10.5 911
            11.5 1375
            12.5 433
            13.5 282
            14.5 265
            15.5 496
            16.5 524
            17.5 224
            18.5 114
            19.5 56
            20.5 40
            21.5 25
            22.5 12
            23.5 11
            24.5 3
            25.5 1
             :
            29.5 4
            30.5 1
             :
            33.5 1
             :
            57.5 1
             :
            88.5 1
             :
           104.5 1
             :
           164.5 1
             :
           172.5 1
             :
           199.5 1
             :
           215.5 1
             :
           260.5 1
             :
           262.5 1
             :
           276.5 1
             :
           280.5 1
           281.5 1
             :
           285.5 1
             :
           302.5 2
             :
           307.5 1
             :
           319.5 1
             :
           324.5 1
             :
           329.5 1
             :
           337.5 1
             :
           363.5 1
             :
           483.5 1

Total: connections 4800 requests 4800 replies 4800 test-duration 299.955 s

Connection rate: 16.0 conn/s (62.5 ms/conn, <=2 concurrent connections)
Connection time [ms]: min 10.0 avg 14.5 max 483.3 median 12.5 stddev 18.1
Connection time [ms]: connect 0.7
Connection length [replies/conn]: 1.000

Request rate: 16.0 req/s (62.5 ms/req)
Request size [B]: 67.0

Reply rate [replies/s]: min 15.0 avg 16.0 max 17.0 stddev 0.1 (299 samples)
Percentages of the replies served at a given rate:
   50%: 15
   66%: 15
   75%: 15
   80%: 15
   90%: 15
   95%: 15
   98%: 15
   99%: 16
  100%: 17

Reply time [ms]: response 13.2 transfer 0.6
Percentages of the requests served within a certain time (ms) :
   50%: 10
   66%: 13
   75%: 14
   80%: 14
   90%: 15
   95%: 16
   98%: 18
   99%: 20
  100%: 477

Reply size [B]: header 163.0 content 72.0 footer 2.0 (total 237.0)
Reply status: 1xx=0 2xx=4800 3xx=0 4xx=0 5xx=0

CPU time [s]: user 251.36 system 48.03 (user 83.8% system 16.0% total 99.8%)
Net I/O: 4.7 KB/s (0.0*10^6 bps)

Errors: total 0 client-timo 0 socket-timo 0 connrefused 0 connreset 0
Errors: fd-unavail 0 addrunavail 0 ftab-full 0 other 0

