httperf --verbose --hog --timeout=50 --client=0/1 --server=172.16.116.116 --port=8080 --uri=/ --rate=16 --send-buffer=4096 --recv-buffer=16384 --num-conns=4800 --num-calls=1
httperf: maximum number of open descriptors = 65535
Maximum connect burst length: 1

Connection lifetime histogram (time in ms):
             :
            10.5 455
            11.5 1068
            12.5 401
            13.5 312
            14.5 306
            15.5 463
            16.5 678
            17.5 436
            18.5 210
            19.5 160
            20.5 98
            21.5 62
            22.5 47
            23.5 27
            24.5 10
            25.5 13
            26.5 12
            27.5 3
            28.5 7
            29.5 2
            30.5 1
            31.5 4
            32.5 1
            33.5 1
            34.5 1
             :
            37.5 1
             :
            39.5 2
            40.5 1
             :
            42.5 1
             :
            44.5 1
             :
            55.5 1
             :
           164.5 1
             :
           182.5 1
             :
           190.5 1
             :
           224.5 1
             :
           245.5 1
             :
           248.5 2
             :
           265.5 1
             :
           269.5 1
             :
           271.5 1
             :
           295.5 1
             :
           351.5 1
             :
           361.5 1
             :
           364.5 1
             :
           370.5 1

Total: connections 4800 requests 4800 replies 4800 test-duration 299.949 s

Connection rate: 16.0 conn/s (62.5 ms/conn, <=2 concurrent connections)
Connection time [ms]: min 10.1 avg 15.5 max 370.8 median 14.5 stddev 15.1
Connection time [ms]: connect 0.7
Connection length [replies/conn]: 1.000

Request rate: 16.0 req/s (62.5 ms/req)
Request size [B]: 67.0

Reply rate [replies/s]: min 15.0 avg 16.0 max 17.0 stddev 0.2 (299 samples)
Percentages of the replies served at a given rate:
   50%: 15
   66%: 15
   75%: 15
   80%: 15
   90%: 15
   95%: 15
   98%: 15
   99%: 16
  100%: 17

Reply time [ms]: response 14.1 transfer 0.6
Percentages of the requests served within a certain time (ms) :
   50%: 13
   66%: 15
   75%: 15
   80%: 15
   90%: 17
   95%: 18
   98%: 21
   99%: 23
  100%: 369

Reply size [B]: header 162.0 content 72.0 footer 1.0 (total 235.0)
Reply status: 1xx=0 2xx=4800 3xx=0 4xx=0 5xx=0

CPU time [s]: user 248.96 system 50.43 (user 83.0% system 16.8% total 99.8%)
Net I/O: 4.7 KB/s (0.0*10^6 bps)

Errors: total 0 client-timo 0 socket-timo 0 connrefused 0 connreset 0
Errors: fd-unavail 0 addrunavail 0 ftab-full 0 other 0

