httperf --verbose --hog --timeout=50 --client=0/1 --server=172.16.116.116 --port=8080 --uri=/ --rate=24 --send-buffer=4096 --recv-buffer=16384 --num-conns=4320 --num-calls=1
httperf: maximum number of open descriptors = 65535
Maximum connect burst length: 1

Connection lifetime histogram (time in ms):
             :
             9.5 3
            10.5 1008
            11.5 951
            12.5 313
            13.5 226
            14.5 191
            15.5 385
            16.5 616
            17.5 248
            18.5 87
            19.5 56
            20.5 30
            21.5 30
            22.5 25
            23.5 18
            24.5 13
            25.5 3
            26.5 4
            27.5 2
            28.5 3
            29.5 4
            30.5 1
             :
            32.5 1
            33.5 3
             :
            35.5 1
            36.5 1
             :
            39.5 1
             :
           455.5 1
             :
           526.5 1
             :
           535.5 1
             :
           539.5 1
             :
           541.5 1
             :
           543.5 1
             :
           545.5 1
             :
           550.5 1
             :
           553.5 1
             :
           560.5 1
             :
           563.5 1
             :
           565.5 1
           566.5 1
           567.5 1
             :
           569.5 2
             :
           571.5 1
             :
           575.5 1
           576.5 1
           577.5 1
           578.5 1
             :
           581.5 1
             :
           585.5 1
             :
           587.5 1
             :
           590.5 1
             :
           592.5 1
           593.5 1
             :
           596.5 2
           597.5 2
             :
           601.5 1
             :
           603.5 1
             :
           610.5 1
           611.5 1
             :
           625.5 1
             :
           630.5 1
           631.5 2
           632.5 1
             :
           634.5 1
             :
           637.5 1
           638.5 1
           639.5 1
             :
           646.5 1
             :
           648.5 1
             :
           650.5 1
           651.5 1
             :
           661.5 1
           662.5 1
             :
           667.5 1
           668.5 1
           669.5 1
             :
           672.5 2
             :
           674.5 1
           675.5 1
             :
           677.5 1
           678.5 1
           679.5 1
             :
           681.5 1
             :
           683.5 1
             :
           685.5 1
             :
           687.5 1
           688.5 1
             :
           690.5 1
             :
           692.5 2
           693.5 2
           694.5 1
           695.5 1
             :
           699.5 1
             :
           701.5 1
           702.5 1
             :
           715.5 2
           716.5 1
           717.5 1
             :
           720.5 1
           721.5 1
           722.5 1
           723.5 1
             :
           725.5 1
           726.5 1
             :
           740.5 1
             :
           744.5 1
             :
           747.5 1
             :
           749.5 1
             :
           751.5 1
             :
           772.5 1
           773.5 1
             :
           784.5 1
             :
           794.5 1
             :
           798.5 1
             :
           844.5 1

Total: connections 4320 requests 4320 replies 4320 test-duration 180.524 s

Connection rate: 23.9 conn/s (41.8 ms/conn, <=4 concurrent connections)
Connection time [ms]: min 9.9 avg 27.8 max 844.6 median 12.5 stddev 94.5
Connection time [ms]: connect 0.6
Connection length [replies/conn]: 1.000

Request rate: 23.9 req/s (41.8 ms/req)
Request size [B]: 67.0

Reply rate [replies/s]: min 22.0 avg 24.0 max 26.0 stddev 0.7 (180 samples)
Percentages of the replies served at a given rate:
   50%: 23
   66%: 23
   75%: 23
   80%: 23
   90%: 24
   95%: 24
   98%: 24
   99%: 25
  100%: 26

Reply time [ms]: response 25.1 transfer 2.1
Percentages of the requests served within a certain time (ms) :
   50%: 11
   66%: 14
   75%: 15
   80%: 15
   90%: 16
   95%: 18
   98%: 501
   99%: 577
  100%: 784

Reply size [B]: header 162.0 content 72.0 footer 1.0 (total 235.0)
Reply status: 1xx=0 2xx=4320 3xx=0 4xx=0 5xx=0

CPU time [s]: user 144.23 system 35.93 (user 79.9% system 19.9% total 99.8%)
Net I/O: 7.1 KB/s (0.1*10^6 bps)

Errors: total 0 client-timo 0 socket-timo 0 connrefused 0 connreset 0
Errors: fd-unavail 0 addrunavail 0 ftab-full 0 other 0

