httperf --verbose --hog --timeout=50 --client=0/1 --server=172.16.116.116 --port=8080 --uri=/ --rate=24 --send-buffer=4096 --recv-buffer=16384 --num-conns=4320 --num-calls=1
httperf: maximum number of open descriptors = 65535
Maximum connect burst length: 1

Connection lifetime histogram (time in ms):
             :
            10.5 464
            11.5 1320
            12.5 445
            13.5 269
            14.5 201
            15.5 365
            16.5 605
            17.5 281
            18.5 124
            19.5 54
            20.5 48
            21.5 30
            22.5 24
            23.5 13
            24.5 8
            25.5 7
            26.5 7
            27.5 2
            28.5 4
             :
            30.5 3
             :
            33.5 1
            34.5 1
            35.5 1
            36.5 1
             :
            53.5 2
             :
            77.5 1
             :
           130.5 1
             :
           140.5 1
             :
           146.5 1
             :
           150.5 1
             :
           175.5 1
             :
           179.5 1
             :
           199.5 2
             :
           205.5 1
             :
           207.5 1
             :
           211.5 2
             :
           226.5 2
           227.5 1
             :
           232.5 1
             :
           234.5 1
             :
           238.5 1
           239.5 1
             :
           244.5 1
             :
           250.5 1
             :
           264.5 1
             :
           268.5 1
             :
           274.5 2
             :
           276.5 1
             :
           283.5 1
             :
           286.5 1
             :
           290.5 1
             :
           312.5 1
             :
           317.5 1
             :
           324.5 1
             :
           343.5 1
             :
           346.5 1
             :
           361.5 1
             :
           364.5 2
             :
           387.5 1
           388.5 1

Total: connections 4320 requests 4320 replies 4320 test-duration 179.971 s

Connection rate: 24.0 conn/s (41.7 ms/conn, <=2 concurrent connections)
Connection time [ms]: min 10.3 avg 16.1 max 388.8 median 12.5 stddev 24.1
Connection time [ms]: connect 0.7
Connection length [replies/conn]: 1.000

Request rate: 24.0 req/s (41.7 ms/req)
Request size [B]: 67.0

Reply rate [replies/s]: min 23.0 avg 24.0 max 25.0 stddev 0.3 (179 samples)
Percentages of the replies served at a given rate:
   50%: 23
   66%: 23
   75%: 23
   80%: 23
   90%: 23
   95%: 23
   98%: 24
   99%: 24
  100%: 25

Reply time [ms]: response 14.7 transfer 0.7
Percentages of the requests served within a certain time (ms) :
   50%: 11
   66%: 14
   75%: 15
   80%: 15
   90%: 16
   95%: 17
   98%: 20
   99%: 29
  100%: 364

Reply size [B]: header 162.0 content 72.0 footer 1.0 (total 235.0)
Reply status: 1xx=0 2xx=4320 3xx=0 4xx=0 5xx=0

CPU time [s]: user 148.07 system 31.50 (user 82.3% system 17.5% total 99.8%)
Net I/O: 7.1 KB/s (0.1*10^6 bps)

Errors: total 0 client-timo 0 socket-timo 0 connrefused 0 connreset 0
Errors: fd-unavail 0 addrunavail 0 ftab-full 0 other 0

