httperf --verbose --hog --timeout=3 --client=0/1 --server=172.17.60.201 --port=80 --uri=/ --rate=8 --send-buffer=4096 --recv-buffer=16384 --num-conns=500 --num-calls=1
httperf: maximum number of open descriptors = 4096
Maximum connect burst length: 1

Connection lifetime histogram (time in ms):
             :
             7.5 17
             8.5 38
             9.5 44
            10.5 54
            11.5 46
            12.5 22
            13.5 22
            14.5 22
            15.5 27
            16.5 17
            17.5 13
            18.5 17
            19.5 16
            20.5 12
            21.5 13
            22.5 9
            23.5 14
            24.5 12
            25.5 5
            26.5 9
            27.5 5
            28.5 6
            29.5 9
            30.5 9
            31.5 4
            32.5 3
            33.5 3
            34.5 3
            35.5 4
             :
            37.5 2
            38.5 1
            39.5 2
            40.5 1
            41.5 3
            42.5 1
             :
            47.5 1
            48.5 1
             :
            50.5 1
             :
            54.5 1
             :
            56.5 1
             :
            61.5 1
             :
            66.5 1
             :
            69.5 1
            70.5 2
             :
            80.5 1
            81.5 1
             :
           202.5 1
             :
           227.5 1
             :
           334.5 1

Total: connections 500 requests 500 replies 500 test-duration 62.383 s

Connection rate: 8.0 conn/s (124.8 ms/conn, <=2 concurrent connections)
Connection time [ms]: min 7.5 avg 18.9 max 334.4 median 14.5 stddev 21.6
Connection time [ms]: connect 1.1
Connection length [replies/conn]: 1.000

Request rate: 8.0 req/s (124.8 ms/req)
Request size [B]: 66.0

Reply rate [replies/s]: min 8.0 avg 8.0 max 8.0 stddev 0.0 (62 samples)
Percentages of the replies served at a given rate:
   50%: 7
   66%: 7
   75%: 7
   80%: 7
   90%: 7
   95%: 7
   98%: 7
   99%: 7
  100%: 8

Reply time [ms]: response 16.8 transfer 0.9
Percentages of the requests served within a certain time (ms) :
   50%: 12
   66%: 16
   75%: 19
   80%: 21
   90%: 28
   95%: 34
   98%: 51
   99%: 69
  100%: 333

Reply size [B]: header 167.0 content 59.0 footer 0.0 (total 226.0)
Reply status: 1xx=0 2xx=500 3xx=0 4xx=0 5xx=0

CPU time [s]: user 38.66 system 23.63 (user 62.0% system 37.9% total 99.9%)
Net I/O: 2.3 KB/s (0.0*10^6 bps)

Errors: total 0 client-timo 0 socket-timo 0 connrefused 0 connreset 0
Errors: fd-unavail 0 addrunavail 0 ftab-full 0 other 0

