httperf --verbose --hog --timeout=50 --client=0/1 --server=172.16.116.116 --port=8080 --uri=/ --rate=16 --send-buffer=4096 --recv-buffer=16384 --num-conns=4800 --num-calls=1
httperf: maximum number of open descriptors = 65535
Maximum connect burst length: 1

Connection lifetime histogram (time in ms):
             :
            10.5 196
            11.5 781
            12.5 602
            13.5 312
            14.5 254
            15.5 366
            16.5 519
            17.5 387
            18.5 270
            19.5 140
            20.5 69
            21.5 41
            22.5 30
            23.5 15
            24.5 11
            25.5 6
            26.5 11
            27.5 4
            28.5 1
            29.5 2
             :
            31.5 4
            32.5 1
            33.5 1
             :
            35.5 2
            36.5 1
            37.5 3
            38.5 2
            39.5 2
            40.5 1
            41.5 1
            42.5 1
            43.5 2
            44.5 1
            45.5 1
            46.5 1
            47.5 1
            48.5 1
            49.5 2
            50.5 1
            51.5 3
             :
            53.5 2
             :
            55.5 1
             :
            57.5 2
             :
            59.5 3
            60.5 1
             :
            62.5 3
            63.5 1
             :
            65.5 3
            66.5 2
             :
            69.5 1
            70.5 2
            71.5 3
             :
            73.5 2
             :
            75.5 1
            76.5 3
            77.5 2
            78.5 2
             :
            80.5 1
            81.5 2
            82.5 1
            83.5 2
            84.5 5
            85.5 2
            86.5 2
            87.5 3
            88.5 1
            89.5 1
            90.5 2
            91.5 1
             :
            94.5 1
            95.5 2
            96.5 1
            97.5 2
            98.5 1
            99.5 1
           100.5 1
           101.5 2
           102.5 1
           103.5 4
             :
           105.5 2
           106.5 4
           107.5 2
           108.5 2
           109.5 2
             :
           111.5 2
           112.5 2
             :
           114.5 2
           115.5 2
           116.5 2
           117.5 4
           118.5 4
           119.5 4
           120.5 1
             :
           123.5 1
           124.5 1
           125.5 1
           126.5 5
           127.5 2
           128.5 3
           129.5 2
           130.5 4
           131.5 3
             :
           134.5 2
           135.5 2
           136.5 1
           137.5 1
           138.5 2
           139.5 3
           140.5 4
           141.5 2
           142.5 1
           143.5 2
           144.5 1
           145.5 1
           146.5 2
             :
           148.5 1
           149.5 1
           150.5 2
           151.5 4
           152.5 1
           153.5 1
           154.5 3
           155.5 4
           156.5 1
           157.5 2
           158.5 1
           159.5 3
           160.5 3
           161.5 4
           162.5 2
           163.5 3
           164.5 2
           165.5 4
           166.5 3
           167.5 6
           168.5 3
           169.5 4
           170.5 2
           171.5 2
           172.5 4
           173.5 5
           174.5 6
           175.5 6
           176.5 2
           177.5 4
           178.5 4
           179.5 1
           180.5 4
           181.5 1
           182.5 4
           183.5 3
           184.5 5
           185.5 3
             :
           187.5 3
           188.5 4
           189.5 3
             :
           191.5 6
           192.5 3
           193.5 4
           194.5 4
           195.5 4
           196.5 3
           197.5 4
           198.5 2
           199.5 7
           200.5 4
           201.5 3
           202.5 2
           203.5 5
           204.5 4
           205.5 2
           206.5 2
           207.5 2
           208.5 2
           209.5 5
           210.5 5
           211.5 1
           212.5 4
           213.5 5
           214.5 4
           215.5 3
           216.5 3
           217.5 4
           218.5 3
           219.5 5
           220.5 1
           221.5 4
           222.5 3
           223.5 4
           224.5 7
           225.5 4
           226.5 4
           227.5 3
           228.5 3
           229.5 4
           230.5 2
           231.5 6
           232.5 4
           233.5 6
           234.5 5
           235.5 5
           236.5 4
           237.5 4
           238.5 5
           239.5 4
           240.5 3
           241.5 4
           242.5 4
           243.5 2
           244.5 4
           245.5 2
           246.5 5
           247.5 4
           248.5 6
           249.5 1
           250.5 5
           251.5 3
           252.5 5
           253.5 5
           254.5 7
           255.5 3
           256.5 2
           257.5 4
           258.5 3
           259.5 4
           260.5 4
             :
           262.5 2
           263.5 5
           264.5 1
           265.5 2
           266.5 6
           267.5 1
           268.5 4
           269.5 3
           270.5 3
           271.5 1
           272.5 2
           273.5 4
           274.5 2
           275.5 8
           276.5 5
           277.5 3
           278.5 4
           279.5 1
           280.5 4
           281.5 3
           282.5 3
           283.5 5
           284.5 2
           285.5 3
           286.5 2
           287.5 2
           288.5 3
           289.5 5
           290.5 3
           291.5 4
             :
           293.5 2
           294.5 2
           295.5 1
           296.5 1
           297.5 2
           298.5 3
           299.5 4
           300.5 2
           301.5 2
           302.5 2
           303.5 1
           304.5 3
           305.5 3
             :
           307.5 1
           308.5 2
             :
           310.5 4
             :
           312.5 3
           313.5 3
           314.5 1
           315.5 3
             :
           317.5 1
           318.5 2
           319.5 1
           320.5 1
           321.5 3
             :
           323.5 1
             :
           325.5 1
           326.5 1
           327.5 3
           328.5 1
           329.5 2
           330.5 2
             :
           332.5 3
             :
           334.5 4
             :
           336.5 1
           337.5 3
             :
           339.5 1
           340.5 1
           341.5 1
             :
           343.5 2
           344.5 2
           345.5 2
             :
           350.5 1
           351.5 1
           352.5 2
             :
           357.5 1
             :
           361.5 1
             :
           363.5 1
           364.5 1
             :
           366.5 1
             :
           368.5 1
             :
           370.5 2
           371.5 2
             :
           375.5 1
             :
           378.5 1
           379.5 1
             :
           382.5 1
             :
           385.5 2
             :
           387.5 1
             :
           401.5 1
           402.5 1
             :
           407.5 1
             :
           415.5 1
             :
           441.5 1

Total: connections 4800 requests 4800 replies 4800 test-duration 300.251 s

Connection rate: 16.0 conn/s (62.6 ms/conn, <=3 concurrent connections)
Connection time [ms]: min 10.2 avg 46.1 max 441.7 median 15.5 stddev 78.5
Connection time [ms]: connect 0.8
Connection length [replies/conn]: 1.000

Request rate: 16.0 req/s (62.6 ms/req)
Request size [B]: 67.0

Reply rate [replies/s]: min 14.0 avg 16.0 max 18.0 stddev 0.9 (300 samples)
Percentages of the replies served at a given rate:
   50%: 15
   66%: 15
   75%: 15
   80%: 16
   90%: 16
   95%: 16
   98%: 17
   99%: 17
  100%: 18

Reply time [ms]: response 42.7 transfer 2.6
Percentages of the requests served within a certain time (ms) :
   50%: 14
   66%: 15
   75%: 17
   80%: 18
   90%: 174
   95%: 233
   98%: 278
   99%: 306
  100%: 435

Reply size [B]: header 162.0 content 72.0 footer 1.0 (total 235.0)
Reply status: 1xx=0 2xx=4800 3xx=0 4xx=0 5xx=0

CPU time [s]: user 247.81 system 51.92 (user 82.5% system 17.3% total 99.8%)
Net I/O: 4.7 KB/s (0.0*10^6 bps)

Errors: total 0 client-timo 0 socket-timo 0 connrefused 0 connreset 0
Errors: fd-unavail 0 addrunavail 0 ftab-full 0 other 0

