httperf --verbose --hog --timeout=50 --client=0/1 --server=172.16.116.116 --port=8080 --uri=/ --rate=16 --send-buffer=4096 --recv-buffer=16384 --num-conns=4800 --num-calls=1
httperf: maximum number of open descriptors = 65535
Maximum connect burst length: 1

Connection lifetime histogram (time in ms):
             :
             9.5 1
            10.5 755
            11.5 1426
            12.5 489
            13.5 273
            14.5 221
            15.5 502
            16.5 479
            17.5 283
            18.5 144
            19.5 66
            20.5 29
            21.5 23
            22.5 13
            23.5 5
            24.5 1
            25.5 2
            26.5 2
             :
            30.5 1
             :
            32.5 1
             :
            41.5 1
             :
            44.5 2
             :
            53.5 1
             :
            77.5 1
             :
            80.5 1
             :
            95.5 2
            96.5 1
             :
           112.5 1
             :
           128.5 1
             :
           131.5 1
             :
           141.5 1
             :
           155.5 1
           156.5 2
           157.5 1
             :
           181.5 2
             :
           189.5 1
             :
           192.5 1
           193.5 1
             :
           201.5 1
             :
           204.5 1
           205.5 1
           206.5 1
             :
           208.5 1
           209.5 2
           210.5 1
           211.5 3
           212.5 1
             :
           214.5 2
           215.5 1
           216.5 1
             :
           218.5 1
           219.5 1
           220.5 1
             :
           224.5 1
           225.5 1
             :
           228.5 1
             :
           231.5 1
           232.5 1
           233.5 1
             :
           235.5 1
             :
           238.5 1
           239.5 1
             :
           242.5 1
           243.5 1
             :
           250.5 1
             :
           252.5 1
             :
           254.5 1
             :
           263.5 3
             :
           267.5 1
             :
           269.5 2
             :
           273.5 1
           274.5 1
             :
           280.5 2
             :
           290.5 2
             :
           292.5 1
             :
           294.5 1
             :
           297.5 1
             :
           305.5 1
             :
           307.5 1
             :
           319.5 1
             :
           323.5 1
             :
           328.5 1
           329.5 1
             :
           331.5 1
             :
           335.5 1
             :
           346.5 1
             :
           349.5 2
             :
           360.5 1
             :
           367.5 1
             :
           387.5 1

Total: connections 4800 requests 4800 replies 4800 test-duration 300.094 s

Connection rate: 16.0 conn/s (62.5 ms/conn, <=2 concurrent connections)
Connection time [ms]: min 9.9 avg 17.2 max 387.6 median 12.5 stddev 29.9
Connection time [ms]: connect 0.6
Connection length [replies/conn]: 1.000

Request rate: 16.0 req/s (62.5 ms/req)
Request size [B]: 67.0

Reply rate [replies/s]: min 15.0 avg 16.0 max 17.0 stddev 0.4 (300 samples)
Percentages of the replies served at a given rate:
   50%: 15
   66%: 15
   75%: 15
   80%: 15
   90%: 15
   95%: 16
   98%: 16
   99%: 16
  100%: 17

Reply time [ms]: response 15.8 transfer 0.6
Percentages of the requests served within a certain time (ms) :
   50%: 11
   66%: 13
   75%: 14
   80%: 15
   90%: 16
   95%: 17
   98%: 20
   99%: 209
  100%: 367

Reply size [B]: header 162.0 content 72.0 footer 1.0 (total 235.0)
Reply status: 1xx=0 2xx=4800 3xx=0 4xx=0 5xx=0

CPU time [s]: user 250.49 system 49.00 (user 83.5% system 16.3% total 99.8%)
Net I/O: 4.7 KB/s (0.0*10^6 bps)

Errors: total 0 client-timo 0 socket-timo 0 connrefused 0 connreset 0
Errors: fd-unavail 0 addrunavail 0 ftab-full 0 other 0

