httperf --verbose --hog --timeout=50 --client=0/1 --server=172.16.116.116 --port=8080 --uri=/ --rate=16 --send-buffer=4096 --recv-buffer=16384 --num-conns=2880 --num-calls=1
httperf: maximum number of open descriptors = 65535
Maximum connect burst length: 1

Connection lifetime histogram (time in ms):
             :
            10.5 177
            11.5 741
            12.5 323
            13.5 208
            14.5 157
            15.5 269
            16.5 355
            17.5 244
            18.5 144
            19.5 66
            20.5 33
            21.5 29
            22.5 14
            23.5 12
            24.5 9
            25.5 2
            26.5 2
            27.5 1
            28.5 1
            29.5 1
            30.5 2
             :
            34.5 1
             :
            55.5 1
             :
            58.5 1
             :
            69.5 1
             :
            72.5 1
             :
            82.5 1
             :
            91.5 3
             :
            95.5 1
             :
           100.5 1
             :
           107.5 1
           108.5 1
             :
           110.5 1
             :
           116.5 1
           117.5 1
             :
           120.5 1
             :
           122.5 2
             :
           126.5 1
             :
           128.5 1
             :
           145.5 1
           146.5 1
             :
           152.5 1
             :
           159.5 1
           160.5 1
             :
           162.5 1
             :
           167.5 1
             :
           169.5 1
             :
           171.5 1
             :
           173.5 1
             :
           176.5 1
             :
           179.5 2
           180.5 1
             :
           197.5 2
             :
           203.5 2
           204.5 1
           205.5 1
           206.5 2
           207.5 1
             :
           212.5 1
             :
           221.5 1
             :
           223.5 1
           224.5 2
           225.5 1
           226.5 1
             :
           231.5 1
           232.5 1
           233.5 2
           234.5 1
             :
           237.5 1
             :
           240.5 1
             :
           242.5 2
             :
           244.5 1
             :
           246.5 1
             :
           248.5 1
             :
           251.5 1
           252.5 1
             :
           255.5 1
             :
           258.5 2
             :
           261.5 2
             :
           266.5 2
             :
           269.5 1
             :
           275.5 1
             :
           287.5 1
             :
           305.5 1
             :
           308.5 1
             :
           311.5 1
             :
           322.5 1
             :
           325.5 1
             :
           333.5 1
             :
           347.5 1
             :
           349.5 1
             :
           355.5 1
           356.5 1
             :
           363.5 1
             :
           371.5 1
           372.5 1
             :
           386.5 1
             :
           393.5 1

Total: connections 2880 requests 2880 replies 2880 test-duration 179.953 s

Connection rate: 16.0 conn/s (62.5 ms/conn, <=3 concurrent connections)
Connection time [ms]: min 10.2 avg 20.5 max 393.3 median 13.5 stddev 37.5
Connection time [ms]: connect 0.7
Connection length [replies/conn]: 1.000

Request rate: 16.0 req/s (62.5 ms/req)
Request size [B]: 67.0

Reply rate [replies/s]: min 15.0 avg 16.0 max 17.0 stddev 0.4 (179 samples)
Percentages of the replies served at a given rate:
   50%: 15
   66%: 15
   75%: 15
   80%: 15
   90%: 15
   95%: 16
   98%: 16
   99%: 16
  100%: 17

Reply time [ms]: response 18.8 transfer 0.8
Percentages of the requests served within a certain time (ms) :
   50%: 12
   66%: 14
   75%: 15
   80%: 15
   90%: 17
   95%: 19
   98%: 168
   99%: 236
  100%: 392

Reply size [B]: header 162.0 content 72.0 footer 1.0 (total 235.0)
Reply status: 1xx=0 2xx=2880 3xx=0 4xx=0 5xx=0

CPU time [s]: user 151.33 system 28.30 (user 84.1% system 15.7% total 99.8%)
Net I/O: 4.7 KB/s (0.0*10^6 bps)

Errors: total 0 client-timo 0 socket-timo 0 connrefused 0 connreset 0
Errors: fd-unavail 0 addrunavail 0 ftab-full 0 other 0

