httperf --verbose --hog --timeout=50 --client=0/1 --server=172.16.116.116 --port=8080 --uri=/ --rate=16 --send-buffer=4096 --recv-buffer=16384 --num-conns=4800 --num-calls=1
httperf: maximum number of open descriptors = 65535
Maximum connect burst length: 1

Connection lifetime histogram (time in ms):
             :
            10.5 83
            11.5 323
            12.5 324
            13.5 226
            14.5 206
            15.5 321
            16.5 302
            17.5 199
            18.5 154
            19.5 128
            20.5 112
            21.5 108
            22.5 106
            23.5 76
            24.5 49
            25.5 41
            26.5 43
            27.5 38
            28.5 27
            29.5 32
            30.5 22
            31.5 13
            32.5 14
            33.5 17
            34.5 13
            35.5 10
            36.5 12
            37.5 9
            38.5 12
            39.5 8
            40.5 5
            41.5 5
            42.5 7
            43.5 7
            44.5 5
            45.5 3
            46.5 8
            47.5 10
            48.5 5
            49.5 2
            50.5 5
            51.5 6
            52.5 4
            53.5 1
            54.5 4
            55.5 2
            56.5 3
            57.5 3
            58.5 1
            59.5 6
            60.5 4
            61.5 2
            62.5 2
            63.5 2
            64.5 3
            65.5 2
            66.5 1
            67.5 4
             :
            70.5 5
             :
            72.5 2
            73.5 2
            74.5 3
            75.5 4
            76.5 2
            77.5 2
            78.5 4
            79.5 2
             :
            81.5 1
            82.5 2
            83.5 1
             :
            85.5 2
             :
            87.5 4
            88.5 1
            89.5 3
            90.5 2
            91.5 2
            92.5 4
            93.5 3
            94.5 6
             :
            96.5 2
            97.5 4
            98.5 5
            99.5 4
           100.5 5
           101.5 3
           102.5 4
           103.5 2
           104.5 2
           105.5 1
           106.5 2
           107.5 3
             :
           110.5 3
           111.5 2
           112.5 4
           113.5 4
           114.5 3
           115.5 3
           116.5 2
             :
           118.5 1
           119.5 3
           120.5 2
           121.5 5
             :
           124.5 4
           125.5 2
           126.5 3
           127.5 3
           128.5 6
           129.5 5
           130.5 2
           131.5 4
           132.5 4
           133.5 4
           134.5 4
           135.5 1
           136.5 1
           137.5 1
           138.5 2
           139.5 4
           140.5 3
           141.5 1
           142.5 7
           143.5 1
             :
           145.5 5
           146.5 4
           147.5 1
           148.5 4
           149.5 4
           150.5 2
           151.5 5
           152.5 4
           153.5 5
           154.5 4
           155.5 1
           156.5 8
           157.5 6
           158.5 2
           159.5 5
           160.5 2
           161.5 2
           162.5 4
           163.5 5
           164.5 2
           165.5 10
           166.5 2
           167.5 2
           168.5 2
           169.5 4
           170.5 5
           171.5 4
           172.5 6
           173.5 4
           174.5 5
           175.5 3
           176.5 5
           177.5 6
           178.5 6
           179.5 5
           180.5 5
           181.5 2
           182.5 7
           183.5 3
           184.5 5
           185.5 8
           186.5 3
           187.5 5
           188.5 2
           189.5 4
           190.5 5
           191.5 6
           192.5 8
           193.5 3
           194.5 3
           195.5 4
           196.5 4
           197.5 8
           198.5 5
           199.5 7
           200.5 7
           201.5 6
           202.5 8
           203.5 4
           204.5 5
           205.5 1
           206.5 4
           207.5 6
           208.5 1
           209.5 9
           210.5 7
           211.5 7
           212.5 8
           213.5 9
           214.5 6
           215.5 7
           216.5 9
           217.5 12
           218.5 5
           219.5 9
           220.5 7
           221.5 5
           222.5 5
           223.5 2
           224.5 3
           225.5 10
           226.5 5
           227.5 5
           228.5 5
           229.5 10
           230.5 8
           231.5 7
           232.5 7
           233.5 7
           234.5 6
           235.5 9
           236.5 6
           237.5 5
           238.5 8
           239.5 5
           240.5 11
           241.5 7
           242.5 10
           243.5 6
           244.5 8
           245.5 4
           246.5 5
           247.5 7
           248.5 13
           249.5 6
           250.5 5
           251.5 3
           252.5 7
           253.5 9
           254.5 8
           255.5 6
           256.5 6
           257.5 12
           258.5 6
           259.5 4
           260.5 5
           261.5 3
           262.5 8
           263.5 7
           264.5 9
           265.5 11
           266.5 9
           267.5 6
           268.5 6
           269.5 10
           270.5 4
           271.5 12
           272.5 6
           273.5 8
           274.5 10
           275.5 5
           276.5 8
           277.5 7
           278.5 8
           279.5 3
           280.5 13
           281.5 14
           282.5 4
           283.5 7
           284.5 8
           285.5 8
           286.5 3
           287.5 4
           288.5 8
           289.5 7
           290.5 8
           291.5 8
           292.5 4
           293.5 9
           294.5 12
           295.5 5
           296.5 6
           297.5 7
           298.5 8
           299.5 5
           300.5 12
           301.5 7
           302.5 10
           303.5 10
           304.5 7
           305.5 3
           306.5 5
           307.5 5
           308.5 10
           309.5 9
           310.5 5
           311.5 5
           312.5 4
           313.5 5
           314.5 6
           315.5 10
           316.5 6
           317.5 6
           318.5 8
           319.5 6
           320.5 4
           321.5 8
           322.5 7
           323.5 7
           324.5 10
           325.5 8
           326.5 5
           327.5 4
           328.5 3
           329.5 9
           330.5 3
           331.5 6
           332.5 6
           333.5 7
           334.5 4
           335.5 4
           336.5 5
           337.5 4
           338.5 6
           339.5 6
           340.5 7
           341.5 6
           342.5 8
           343.5 6
           344.5 8
           345.5 5
           346.5 3
           347.5 6
           348.5 1
           349.5 4
           350.5 2
           351.5 4
           352.5 5
           353.5 5
           354.5 1
           355.5 10
           356.5 6
           357.5 3
           358.5 2
           359.5 4
           360.5 7
           361.5 2
           362.5 5
           363.5 6
           364.5 4
           365.5 6
           366.5 1
           367.5 4
           368.5 4
           369.5 1
           370.5 5
           371.5 4
           372.5 3
           373.5 7
           374.5 4
           375.5 1
           376.5 2
           377.5 4
           378.5 3
           379.5 4
           380.5 3
           381.5 7
           382.5 2
           383.5 4
           384.5 2
           385.5 2
           386.5 7
           387.5 1
           388.5 1
             :
           390.5 1
           391.5 1
             :
           394.5 2
           395.5 2
           396.5 2
           397.5 2
           398.5 1
           399.5 6
           400.5 4
           401.5 1
           402.5 2
           403.5 3
           404.5 3
             :
           406.5 2
           407.5 1
           408.5 5
           409.5 1
           410.5 2
           411.5 2
           412.5 4
             :
           414.5 2
           415.5 1
           416.5 1
           417.5 1
           418.5 1
           419.5 1
           420.5 1
             :
           422.5 1
           423.5 2
             :
           426.5 1
             :
           431.5 1
           432.5 1
             :
           435.5 1
             :
           437.5 2
             :
           439.5 1
             :
           442.5 1
             :
           445.5 1
           446.5 1
             :
           453.5 2
             :
           458.5 1
             :
           462.5 1
             :
           464.5 1
             :
           477.5 1
             :
           481.5 1
             :
           485.5 1
             :
           490.5 1
             :
           492.5 1
             :
           495.5 1
             :
           502.5 1
             :
           504.5 1
             :
           517.5 1
             :
           530.5 1

Total: connections 4800 requests 4800 replies 4800 test-duration 299.950 s

Connection rate: 16.0 conn/s (62.5 ms/conn, <=8 concurrent connections)
Connection time [ms]: min 10.1 avg 100.9 max 530.1 median 21.5 stddev 124.0
Connection time [ms]: connect 0.9
Connection length [replies/conn]: 1.000

Request rate: 16.0 req/s (62.5 ms/req)
Request size [B]: 67.0

Reply rate [replies/s]: min 11.0 avg 16.0 max 21.0 stddev 1.9 (299 samples)
Percentages of the replies served at a given rate:
   50%: 15
   66%: 16
   75%: 16
   80%: 16
   90%: 18
   95%: 18
   98%: 19
   99%: 19
  100%: 21

Reply time [ms]: response 94.1 transfer 5.8
Percentages of the requests served within a certain time (ms) :
   50%: 19
   66%: 76
   75%: 190
   80%: 220
   90%: 286
   95%: 329
   98%: 371
   99%: 398
  100%: 529

Reply size [B]: header 162.0 content 72.0 footer 1.0 (total 235.0)
Reply status: 1xx=0 2xx=4800 3xx=0 4xx=0 5xx=0

CPU time [s]: user 240.34 system 59.08 (user 80.1% system 19.7% total 99.8%)
Net I/O: 4.7 KB/s (0.0*10^6 bps)

Errors: total 0 client-timo 0 socket-timo 0 connrefused 0 connreset 0
Errors: fd-unavail 0 addrunavail 0 ftab-full 0 other 0

