httperf --verbose --hog --timeout=50 --client=0/1 --server=172.16.116.116 --port=8080 --uri=/ --rate=16 --send-buffer=4096 --recv-buffer=16384 --num-conns=4800 --num-calls=1
httperf: maximum number of open descriptors = 65535
Maximum connect burst length: 1

Connection lifetime histogram (time in ms):
             :
            10.5 158
            11.5 380
            12.5 312
            13.5 258
            14.5 252
            15.5 408
            16.5 406
            17.5 272
            18.5 246
            19.5 210
            20.5 182
            21.5 169
            22.5 140
            23.5 128
            24.5 119
            25.5 60
            26.5 56
            27.5 34
            28.5 25
            29.5 10
            30.5 15
            31.5 12
            32.5 13
            33.5 13
            34.5 5
            35.5 12
            36.5 6
            37.5 4
            38.5 5
            39.5 4
            40.5 4
            41.5 4
            42.5 6
             :
            44.5 1
            45.5 2
             :
            47.5 2
            48.5 3
            49.5 2
            50.5 1
             :
            52.5 3
            53.5 3
            54.5 2
            55.5 6
            56.5 3
            57.5 3
            58.5 2
            59.5 2
            60.5 3
            61.5 2
             :
            63.5 4
            64.5 1
            65.5 5
            66.5 2
            67.5 4
            68.5 1
            69.5 1
            70.5 1
            71.5 3
             :
            73.5 3
            74.5 1
            75.5 3
            76.5 1
            77.5 1
            78.5 1
            79.5 2
            80.5 1
            81.5 1
             :
            84.5 2
            85.5 1
            86.5 2
            87.5 2
             :
            91.5 3
             :
            93.5 2
             :
            95.5 1
             :
            98.5 2
            99.5 3
           100.5 2
             :
           103.5 1
           104.5 2
             :
           106.5 2
             :
           108.5 1
           109.5 1
           110.5 1
             :
           112.5 1
           113.5 2
             :
           115.5 3
           116.5 2
           117.5 1
           118.5 2
             :
           120.5 2
           121.5 2
           122.5 3
           123.5 1
           124.5 2
           125.5 1
           126.5 1
             :
           128.5 1
           129.5 1
           130.5 1
           131.5 1
           132.5 2
           133.5 3
           134.5 1
           135.5 1
             :
           138.5 3
             :
           142.5 1
             :
           144.5 1
           145.5 3
             :
           147.5 1
             :
           150.5 2
           151.5 1
           152.5 2
           153.5 2
             :
           155.5 1
             :
           157.5 1
           158.5 1
           159.5 2
           160.5 4
           161.5 1
           162.5 2
           163.5 2
             :
           165.5 2
           166.5 1
           167.5 2
           168.5 2
           169.5 1
           170.5 1
           171.5 2
           172.5 2
             :
           174.5 1
           175.5 5
           176.5 1
           177.5 1
           178.5 3
           179.5 3
           180.5 2
           181.5 1
           182.5 4
           183.5 2
           184.5 1
           185.5 1
             :
           187.5 2
           188.5 1
             :
           190.5 2
           191.5 3
           192.5 1
             :
           194.5 1
           195.5 2
           196.5 1
             :
           198.5 2
             :
           200.5 2
           201.5 4
           202.5 2
           203.5 2
           204.5 3
             :
           206.5 3
           207.5 2
           208.5 4
           209.5 2
             :
           211.5 3
           212.5 2
           213.5 2
           214.5 2
           215.5 4
           216.5 3
           217.5 1
           218.5 4
           219.5 2
           220.5 1
           221.5 2
           222.5 4
           223.5 5
           224.5 2
             :
           226.5 2
           227.5 5
           228.5 2
           229.5 4
           230.5 2
             :
           232.5 3
           233.5 3
           234.5 6
           235.5 2
           236.5 1
           237.5 1
           238.5 2
           239.5 5
           240.5 6
             :
           242.5 1
             :
           244.5 4
           245.5 5
           246.5 7
           247.5 1
           248.5 1
           249.5 2
           250.5 1
           251.5 4
           252.5 3
           253.5 4
             :
           255.5 4
           256.5 4
           257.5 2
           258.5 3
           259.5 2
           260.5 2
           261.5 4
           262.5 5
           263.5 2
           264.5 1
           265.5 1
           266.5 2
           267.5 4
           268.5 3
             :
           270.5 3
           271.5 5
           272.5 9
           273.5 3
           274.5 2
           275.5 2
           276.5 7
           277.5 5
           278.5 2
           279.5 1
           280.5 8
           281.5 4
           282.5 8
           283.5 3
           284.5 2
           285.5 2
           286.5 4
           287.5 3
           288.5 6
           289.5 3
           290.5 4
           291.5 4
           292.5 3
           293.5 2
           294.5 3
           295.5 1
           296.5 4
           297.5 5
           298.5 3
           299.5 4
           300.5 3
           301.5 4
           302.5 1
           303.5 2
           304.5 3
           305.5 2
           306.5 6
           307.5 6
           308.5 4
           309.5 6
           310.5 7
           311.5 3
           312.5 7
           313.5 6
           314.5 3
           315.5 4
           316.5 6
           317.5 3
           318.5 2
           319.5 4
           320.5 6
           321.5 3
           322.5 3
           323.5 7
           324.5 1
           325.5 6
           326.5 4
           327.5 2
           328.5 8
           329.5 2
           330.5 4
           331.5 5
           332.5 6
           333.5 3
           334.5 2
           335.5 6
           336.5 3
           337.5 3
           338.5 2
           339.5 1
           340.5 1
           341.5 1
           342.5 6
           343.5 1
           344.5 4
           345.5 5
           346.5 2
           347.5 4
           348.5 2
           349.5 2
             :
           351.5 3
           352.5 2
           353.5 3
           354.5 1
           355.5 4
           356.5 4
           357.5 3
           358.5 1
           359.5 2
           360.5 5
             :
           362.5 2
           363.5 5
           364.5 3
           365.5 2
           366.5 2
           367.5 2
           368.5 2
           369.5 4
           370.5 1
           371.5 1
           372.5 2
           373.5 5
           374.5 4
           375.5 5
             :
           378.5 1
           379.5 3
           380.5 2
           381.5 2
           382.5 2
           383.5 1
           384.5 3
           385.5 2
           386.5 6
           387.5 3
             :
           389.5 1
           390.5 2
           391.5 3
           392.5 2
           393.5 4
           394.5 2
           395.5 3
           396.5 4
           397.5 3
           398.5 1
           399.5 1
             :
           401.5 1
           402.5 2
           403.5 1
           404.5 1
           405.5 2
             :
           409.5 3
             :
           411.5 1
           412.5 2
             :
           414.5 1
           415.5 2
           416.5 3
           417.5 1
           418.5 2
             :
           420.5 1
           421.5 3
           422.5 2
             :
           427.5 1
             :
           429.5 1
             :
           431.5 1
           432.5 2
           433.5 3
           434.5 1
             :
           441.5 1
             :
           444.5 3
             :
           447.5 1
           448.5 1
             :
           453.5 1
             :
           455.5 1
             :
           460.5 2
             :
           479.5 1
             :
           481.5 1
             :
           492.5 2
             :
           507.5 1
             :
           527.5 1

Total: connections 4800 requests 4800 replies 4800 test-duration 299.953 s

Connection rate: 16.0 conn/s (62.5 ms/conn, <=8 concurrent connections)
Connection time [ms]: min 10.2 avg 61.8 max 527.7 median 17.5 stddev 104.1
Connection time [ms]: connect 0.8
Connection length [replies/conn]: 1.000

Request rate: 16.0 req/s (62.5 ms/req)
Request size [B]: 67.0

Reply rate [replies/s]: min 10.0 avg 16.0 max 22.0 stddev 1.7 (299 samples)
Percentages of the replies served at a given rate:
   50%: 15
   66%: 15
   75%: 15
   80%: 16
   90%: 17
   95%: 18
   98%: 19
   99%: 20
  100%: 22

Reply time [ms]: response 57.5 transfer 3.4
Percentages of the requests served within a certain time (ms) :
   50%: 16
   66%: 19
   75%: 22
   80%: 27
   90%: 243
   95%: 308
   98%: 359
   99%: 389
  100%: 479

Reply size [B]: header 162.0 content 72.0 footer 1.0 (total 235.0)
Reply status: 1xx=0 2xx=4800 3xx=0 4xx=0 5xx=0

CPU time [s]: user 244.68 system 54.71 (user 81.6% system 18.2% total 99.8%)
Net I/O: 4.7 KB/s (0.0*10^6 bps)

Errors: total 0 client-timo 0 socket-timo 0 connrefused 0 connreset 0
Errors: fd-unavail 0 addrunavail 0 ftab-full 0 other 0

