httperf --verbose --hog --timeout=50 --client=0/1 --server=172.16.116.116 --port=8080 --uri=/ --rate=16 --send-buffer=4096 --recv-buffer=16384 --num-conns=4800 --num-calls=1
httperf: maximum number of open descriptors = 65535
Maximum connect burst length: 1

Connection lifetime histogram (time in ms):
             :
            10.5 60
            11.5 184
            12.5 186
            13.5 214
            14.5 250
            15.5 288
            16.5 296
            17.5 229
            18.5 165
            19.5 155
            20.5 146
            21.5 150
            22.5 114
            23.5 78
            24.5 80
            25.5 60
            26.5 57
            27.5 42
            28.5 43
            29.5 34
            30.5 27
            31.5 21
            32.5 19
            33.5 27
            34.5 8
            35.5 9
            36.5 9
            37.5 7
            38.5 8
            39.5 8
            40.5 5
            41.5 7
            42.5 5
            43.5 5
            44.5 7
            45.5 11
            46.5 10
            47.5 7
            48.5 3
            49.5 5
            50.5 6
            51.5 3
            52.5 5
            53.5 4
            54.5 2
            55.5 3
            56.5 2
             :
            58.5 3
            59.5 2
            60.5 4
            61.5 1
            62.5 1
            63.5 3
            64.5 3
             :
            66.5 4
            67.5 4
            68.5 1
            69.5 6
            70.5 1
             :
            72.5 1
            73.5 4
            74.5 2
            75.5 6
             :
            77.5 3
            78.5 5
            79.5 2
            80.5 3
            81.5 2
            82.5 3
            83.5 3
            84.5 3
            85.5 2
            86.5 1
            87.5 3
             :
            89.5 3
            90.5 1
            91.5 2
            92.5 4
            93.5 3
            94.5 2
            95.5 3
            96.5 3
            97.5 1
            98.5 3
            99.5 6
             :
           101.5 3
             :
           103.5 6
           104.5 1
           105.5 3
           106.5 4
           107.5 2
           108.5 2
           109.5 4
           110.5 6
           111.5 5
           112.5 5
             :
           114.5 3
           115.5 2
           116.5 1
           117.5 6
           118.5 1
           119.5 4
           120.5 2
           121.5 2
           122.5 3
           123.5 4
             :
           125.5 2
           126.5 2
           127.5 1
           128.5 4
           129.5 2
           130.5 3
           131.5 1
           132.5 3
           133.5 2
           134.5 3
           135.5 4
           136.5 4
           137.5 2
           138.5 3
           139.5 3
           140.5 6
           141.5 4
           142.5 4
           143.5 3
           144.5 3
           145.5 5
           146.5 3
           147.5 4
           148.5 2
           149.5 3
           150.5 2
           151.5 4
           152.5 4
           153.5 5
           154.5 4
           155.5 3
           156.5 3
           157.5 5
           158.5 4
           159.5 6
           160.5 3
           161.5 5
           162.5 2
           163.5 4
           164.5 5
           165.5 3
           166.5 6
           167.5 4
           168.5 7
           169.5 3
           170.5 6
           171.5 2
           172.5 4
           173.5 2
           174.5 7
           175.5 4
           176.5 4
           177.5 3
           178.5 3
           179.5 2
           180.5 2
           181.5 5
           182.5 4
           183.5 5
           184.5 8
           185.5 6
           186.5 3
           187.5 3
           188.5 4
           189.5 7
           190.5 1
           191.5 5
           192.5 3
           193.5 6
           194.5 8
           195.5 6
           196.5 9
           197.5 5
           198.5 6
           199.5 8
           200.5 7
           201.5 12
           202.5 9
           203.5 6
           204.5 3
           205.5 6
           206.5 5
           207.5 13
           208.5 3
           209.5 4
           210.5 6
           211.5 12
           212.5 10
           213.5 11
           214.5 4
           215.5 9
           216.5 8
           217.5 5
           218.5 9
           219.5 11
           220.5 6
           221.5 6
           222.5 8
           223.5 5
           224.5 11
           225.5 6
           226.5 11
           227.5 10
           228.5 11
           229.5 8
           230.5 7
           231.5 9
           232.5 11
           233.5 11
           234.5 7
           235.5 8
           236.5 9
           237.5 8
           238.5 8
           239.5 8
           240.5 10
           241.5 9
           242.5 9
           243.5 10
           244.5 3
           245.5 9
           246.5 8
           247.5 5
           248.5 3
           249.5 9
           250.5 9
           251.5 10
           252.5 13
           253.5 6
           254.5 7
           255.5 8
           256.5 11
           257.5 7
           258.5 8
           259.5 6
           260.5 7
           261.5 6
           262.5 4
           263.5 12
           264.5 10
           265.5 17
           266.5 7
           267.5 8
           268.5 3
           269.5 9
           270.5 7
           271.5 9
           272.5 7
           273.5 9
           274.5 7
           275.5 11
           276.5 3
           277.5 9
           278.5 9
           279.5 7
           280.5 11
           281.5 10
           282.5 10
           283.5 9
           284.5 4
           285.5 10
           286.5 8
           287.5 5
           288.5 7
           289.5 7
           290.5 9
           291.5 9
           292.5 10
           293.5 5
           294.5 5
           295.5 6
           296.5 4
           297.5 7
           298.5 7
           299.5 10
           300.5 5
           301.5 11
           302.5 7
           303.5 6
           304.5 9
           305.5 8
           306.5 5
           307.5 8
           308.5 3
           309.5 9
           310.5 6
           311.5 4
           312.5 4
           313.5 2
           314.5 8
           315.5 2
           316.5 6
           317.5 5
           318.5 12
           319.5 2
           320.5 5
           321.5 7
           322.5 5
           323.5 6
           324.5 4
           325.5 7
           326.5 5
           327.5 7
           328.5 5
           329.5 4
           330.5 3
           331.5 5
           332.5 5
           333.5 5
           334.5 6
           335.5 3
           336.5 8
           337.5 6
           338.5 3
           339.5 4
           340.5 7
           341.5 3
           342.5 3
           343.5 5
           344.5 1
           345.5 1
           346.5 2
           347.5 4
           348.5 4
           349.5 4
           350.5 2
           351.5 7
           352.5 5
           353.5 2
           354.5 1
           355.5 6
           356.5 3
           357.5 7
           358.5 3
           359.5 3
             :
           361.5 3
           362.5 3
           363.5 5
           364.5 5
           365.5 1
           366.5 4
           367.5 4
           368.5 4
           369.5 5
           370.5 3
           371.5 3
           372.5 5
           373.5 2
           374.5 5
           375.5 6
           376.5 3
           377.5 2
           378.5 2
           379.5 2
           380.5 3
           381.5 4
           382.5 1
           383.5 6
           384.5 2
           385.5 1
           386.5 5
           387.5 2
           388.5 1
           389.5 1
           390.5 1
             :
           392.5 1
           393.5 3
           394.5 2
           395.5 3
             :
           397.5 2
           398.5 2
           399.5 2
           400.5 4
           401.5 3
             :
           403.5 4
           404.5 2
           405.5 2
           406.5 1
           407.5 2
           408.5 2
           409.5 2
             :
           412.5 2
             :
           416.5 2
           417.5 1
             :
           419.5 1
             :
           421.5 3
           422.5 1
           423.5 1
             :
           427.5 1
           428.5 2
             :
           430.5 1
           431.5 1
             :
           438.5 1
           439.5 1
             :
           443.5 1
             :
           448.5 1
           449.5 1
             :
           452.5 2
           453.5 1
             :
           459.5 1
             :
           463.5 1
           464.5 1
             :
           472.5 1
             :
           483.5 2
           484.5 1
             :
           493.5 1
             :
           498.5 1
             :
           522.5 2
             :
           534.5 1
             :
           538.5 1

Total: connections 4800 requests 4800 replies 4800 test-duration 299.952 s

Connection rate: 16.0 conn/s (62.5 ms/conn, <=8 concurrent connections)
Connection time [ms]: min 10.3 avg 101.7 max 538.9 median 22.5 stddev 121.3
Connection time [ms]: connect 1.1
Connection length [replies/conn]: 1.000

Request rate: 16.0 req/s (62.5 ms/req)
Request size [B]: 67.0

Reply rate [replies/s]: min 11.0 avg 16.0 max 21.0 stddev 1.9 (299 samples)
Percentages of the replies served at a given rate:
   50%: 15
   66%: 16
   75%: 16
   80%: 17
   90%: 17
   95%: 18
   98%: 19
   99%: 19
  100%: 21

Reply time [ms]: response 95.0 transfer 5.5
Percentages of the requests served within a certain time (ms) :
   50%: 20
   66%: 96
   75%: 193
   80%: 221
   90%: 280
   95%: 319
   98%: 366
   99%: 389
  100%: 522

Reply size [B]: header 162.0 content 72.0 footer 1.0 (total 235.0)
Reply status: 1xx=0 2xx=4800 3xx=0 4xx=0 5xx=0

CPU time [s]: user 240.60 system 58.79 (user 80.2% system 19.6% total 99.8%)
Net I/O: 4.7 KB/s (0.0*10^6 bps)

Errors: total 0 client-timo 0 socket-timo 0 connrefused 0 connreset 0
Errors: fd-unavail 0 addrunavail 0 ftab-full 0 other 0

