httperf --verbose --hog --timeout=50 --client=0/1 --server=172.16.116.116 --port=8080 --uri=/ --rate=8 --send-buffer=4096 --recv-buffer=16384 --num-conns=1440 --num-calls=1
httperf: maximum number of open descriptors = 65535
Maximum connect burst length: 1

Connection lifetime histogram (time in ms):
             :
            10.5 38
            11.5 322
            12.5 178
            13.5 127
            14.5 99
            15.5 71
            16.5 137
            17.5 100
            18.5 88
            19.5 52
            20.5 23
            21.5 13
            22.5 13
            23.5 7
            24.5 4
            25.5 2
            26.5 1
            27.5 1
             :
            30.5 1
            31.5 1
             :
            33.5 2
             :
            36.5 1
             :
            40.5 1
             :
            46.5 1
            47.5 1
            48.5 1
             :
            62.5 1
             :
            65.5 2
             :
            74.5 1
            75.5 1
             :
            77.5 1
             :
            80.5 1
             :
            82.5 1
             :
            94.5 1
             :
            99.5 1
             :
           102.5 1
             :
           105.5 1
             :
           117.5 1
             :
           120.5 1
             :
           126.5 1
           127.5 1
             :
           130.5 1
             :
           144.5 1
             :
           153.5 1
             :
           157.5 1
             :
           159.5 2
             :
           162.5 1
             :
           171.5 1
             :
           173.5 1
             :
           176.5 1
             :
           179.5 1
             :
           183.5 3
             :
           189.5 1
           190.5 1
             :
           195.5 1
             :
           197.5 1
           198.5 1
             :
           203.5 1
           204.5 1
           205.5 2
             :
           207.5 1
             :
           209.5 2
           210.5 1
           211.5 3
             :
           217.5 1
           218.5 1
           219.5 1
           220.5 2
             :
           222.5 1
           223.5 4
             :
           226.5 1
           227.5 2
           228.5 3
             :
           230.5 3
             :
           234.5 1
             :
           236.5 1
             :
           239.5 3
           240.5 1
           241.5 1
           242.5 1
           243.5 1
             :
           245.5 1
           246.5 2
           247.5 3
             :
           249.5 1
           250.5 1
           251.5 2
             :
           253.5 1
             :
           255.5 1
           256.5 1
             :
           259.5 1
           260.5 1
           261.5 1
           262.5 1
             :
           264.5 1
           265.5 1
             :
           268.5 5
             :
           270.5 3
             :
           272.5 1
           273.5 1
             :
           275.5 1
             :
           277.5 1
           278.5 1
           279.5 3
           280.5 2
             :
           282.5 1
             :
           284.5 1
           285.5 1
           286.5 1
           287.5 2
             :
           291.5 1
             :
           294.5 2
             :
           297.5 1
           298.5 1
             :
           300.5 1
             :
           303.5 2
           304.5 2
           305.5 2
             :
           313.5 1
             :
           315.5 3
           316.5 2
           317.5 1
             :
           319.5 1
             :
           323.5 1
           324.5 1
           325.5 1
             :
           328.5 1
             :
           330.5 1
             :
           339.5 1
             :
           342.5 1
             :
           351.5 1
             :
           355.5 1
           356.5 1
             :
           358.5 1
           359.5 1
             :
           367.5 1
             :
           374.5 1
             :
           389.5 1
             :
           392.5 1
             :
           404.5 1
             :
           429.5 1

Total: connections 1440 requests 1440 replies 1440 test-duration 179.886 s

Connection rate: 8.0 conn/s (124.9 ms/conn, <=2 concurrent connections)
Connection time [ms]: min 10.1 avg 39.3 max 429.7 median 14.5 stddev 74.7
Connection time [ms]: connect 0.8
Connection length [replies/conn]: 1.000

Request rate: 8.0 req/s (124.9 ms/req)
Request size [B]: 67.0

Reply rate [replies/s]: min 7.0 avg 8.0 max 9.0 stddev 0.5 (179 samples)
Percentages of the replies served at a given rate:
   50%: 7
   66%: 7
   75%: 7
   80%: 7
   90%: 8
   95%: 8
   98%: 8
   99%: 8
  100%: 9

Reply time [ms]: response 35.7 transfer 2.7
Percentages of the requests served within a certain time (ms) :
   50%: 12
   66%: 15
   75%: 16
   80%: 17
   90%: 98
   95%: 226
   98%: 282
   99%: 315
  100%: 391

Reply size [B]: header 162.0 content 72.0 footer 1.0 (total 235.0)
Reply status: 1xx=0 2xx=1440 3xx=0 4xx=0 5xx=0

CPU time [s]: user 152.29 system 27.31 (user 84.7% system 15.2% total 99.8%)
Net I/O: 2.4 KB/s (0.0*10^6 bps)

Errors: total 0 client-timo 0 socket-timo 0 connrefused 0 connreset 0
Errors: fd-unavail 0 addrunavail 0 ftab-full 0 other 0

