httperf --verbose --hog --timeout=50 --client=0/1 --server=172.16.116.116 --port=8080 --uri=/ --rate=24 --send-buffer=4096 --recv-buffer=16384 --num-conns=4320 --num-calls=1
httperf: maximum number of open descriptors = 65535
Maximum connect burst length: 1

Connection lifetime histogram (time in ms):
             :
            10.5 587
            11.5 1174
            12.5 399
            13.5 330
            14.5 322
            15.5 361
            16.5 438
            17.5 232
            18.5 103
            19.5 56
            20.5 35
            21.5 18
            22.5 17
            23.5 8
            24.5 5
            25.5 4
            26.5 2
             :
            29.5 3
            30.5 1
            31.5 1
            32.5 2
             :
            35.5 1
            36.5 1
             :
            44.5 1
             :
            49.5 1
             :
            54.5 1
             :
            57.5 1
             :
            66.5 1
             :
            69.5 1
             :
            72.5 3
            73.5 1
            74.5 1
            75.5 1
            76.5 1
             :
            80.5 1
             :
            94.5 1
            95.5 1
             :
            98.5 1
            99.5 1
             :
           101.5 1
           102.5 1
             :
           106.5 1
             :
           108.5 2
             :
           112.5 2
           113.5 1
           114.5 1
             :
           117.5 1
           118.5 1
             :
           120.5 2
           121.5 1
             :
           123.5 2
             :
           126.5 1
           127.5 1
           128.5 1
             :
           131.5 1
             :
           133.5 1
             :
           135.5 1
             :
           138.5 1
           139.5 1
           140.5 1
           141.5 1
           142.5 1
           143.5 2
           144.5 1
             :
           146.5 1
             :
           148.5 2
             :
           151.5 1
           152.5 2
           153.5 2
           154.5 2
           155.5 4
           156.5 1
             :
           158.5 2
             :
           163.5 2
           164.5 1
           165.5 2
           166.5 1
           167.5 2
           168.5 1
             :
           171.5 1
           172.5 2
           173.5 1
             :
           178.5 1
           179.5 2
             :
           182.5 1
           183.5 1
             :
           187.5 1
             :
           190.5 1
           191.5 2
             :
           193.5 2
           194.5 1
           195.5 2
             :
           197.5 1
           198.5 1
             :
           200.5 3
           201.5 1
           202.5 3
           203.5 1
           204.5 2
           205.5 4
           206.5 1
           207.5 1
           208.5 1
           209.5 2
             :
           211.5 1
           212.5 2
           213.5 1
           214.5 1
           215.5 2
             :
           217.5 2
             :
           219.5 1
           220.5 1
           221.5 1
             :
           223.5 1
           224.5 1
           225.5 4
           226.5 1
           227.5 1
           228.5 3
           229.5 2
             :
           231.5 3
           232.5 3
           233.5 2
             :
           235.5 3
           236.5 2
             :
           238.5 2
           239.5 2
             :
           243.5 1
             :
           245.5 1
             :
           248.5 2
           249.5 3
           250.5 1
           251.5 2
             :
           253.5 1
             :
           255.5 1
             :
           257.5 1
           258.5 2
           259.5 1
             :
           261.5 1
           262.5 1
           263.5 1
           264.5 3
           265.5 1
             :
           267.5 1
             :
           269.5 1
             :
           272.5 4
             :
           274.5 1
             :
           276.5 1
           277.5 1
             :
           280.5 2
             :
           282.5 1
             :
           284.5 1
             :
           290.5 1
           291.5 2
             :
           297.5 1
             :
           302.5 1
             :
           305.5 2
             :
           308.5 2
           309.5 1
           310.5 1
           311.5 2
           312.5 1
             :
           319.5 1
           320.5 1
             :
           322.5 1
             :
           324.5 1
           325.5 1
             :
           328.5 1
           329.5 1
             :
           336.5 1
             :
           342.5 1
             :
           351.5 1
             :
           357.5 2
             :
           362.5 1
             :
           387.5 1
             :
           404.5 1

Total: connections 4320 requests 4320 replies 4320 test-duration 179.976 s

Connection rate: 24.0 conn/s (41.7 ms/conn, <=3 concurrent connections)
Connection time [ms]: min 10.2 avg 23.4 max 404.7 median 12.5 stddev 45.4
Connection time [ms]: connect 0.6
Connection length [replies/conn]: 1.000

Request rate: 24.0 req/s (41.7 ms/req)
Request size [B]: 67.0

Reply rate [replies/s]: min 22.0 avg 24.0 max 26.0 stddev 0.6 (179 samples)
Percentages of the replies served at a given rate:
   50%: 23
   66%: 23
   75%: 23
   80%: 23
   90%: 24
   95%: 24
   98%: 24
   99%: 25
  100%: 26

Reply time [ms]: response 21.6 transfer 1.1
Percentages of the requests served within a certain time (ms) :
   50%: 11
   66%: 13
   75%: 14
   80%: 15
   90%: 16
   95%: 53
   98%: 212
   99%: 250
  100%: 347

Reply size [B]: header 162.0 content 72.0 footer 1.0 (total 235.0)
Reply status: 1xx=0 2xx=4320 3xx=0 4xx=0 5xx=0

CPU time [s]: user 141.82 system 37.78 (user 78.8% system 21.0% total 99.8%)
Net I/O: 7.1 KB/s (0.1*10^6 bps)

Errors: total 0 client-timo 0 socket-timo 0 connrefused 0 connreset 0
Errors: fd-unavail 0 addrunavail 0 ftab-full 0 other 0

