httperf --verbose --hog --timeout=50 --client=0/1 --server=172.16.116.116 --port=8080 --uri=/ --rate=24 --send-buffer=4096 --recv-buffer=16384 --num-conns=4320 --num-calls=1
httperf: maximum number of open descriptors = 65535
Maximum connect burst length: 1

Connection lifetime histogram (time in ms):
             :
            10.5 555
            11.5 1235
            12.5 451
            13.5 291
            14.5 370
            15.5 384
            16.5 455
            17.5 184
            18.5 103
            19.5 40
            20.5 27
            21.5 20
            22.5 8
            23.5 6
            24.5 4
            25.5 4
            26.5 1
            27.5 1
            28.5 2
             :
            31.5 1
             :
            35.5 1
             :
            37.5 3
            38.5 1
             :
            43.5 1
             :
            45.5 1
             :
            51.5 1
            52.5 1
            53.5 1
             :
            55.5 1
             :
            67.5 1
             :
            78.5 1
             :
            83.5 1
             :
            89.5 1
            90.5 2
             :
            93.5 1
             :
            98.5 1
             :
           101.5 1
             :
           106.5 1
             :
           110.5 1
             :
           112.5 1
             :
           115.5 1
           116.5 1
             :
           120.5 1
           121.5 1
           122.5 1
             :
           126.5 2
           127.5 2
             :
           131.5 2
           132.5 1
             :
           135.5 2
             :
           142.5 1
           143.5 1
             :
           153.5 1
             :
           155.5 2
           156.5 1
             :
           158.5 1
           159.5 1
             :
           161.5 1
             :
           166.5 3
             :
           169.5 1
             :
           171.5 2
             :
           174.5 1
             :
           176.5 1
           177.5 3
             :
           179.5 1
             :
           181.5 2
             :
           185.5 1
             :
           187.5 1
             :
           189.5 1
             :
           193.5 1
           194.5 1
             :
           196.5 1
           197.5 1
             :
           200.5 1
             :
           204.5 2
             :
           206.5 1
             :
           208.5 3
             :
           210.5 1
           211.5 2
           212.5 2
             :
           217.5 1
           218.5 2
           219.5 1
           220.5 1
             :
           223.5 1
           224.5 1
           225.5 1
           226.5 3
           227.5 1
           228.5 1
           229.5 1
           230.5 3
           231.5 1
             :
           233.5 1
           234.5 1
             :
           238.5 1
           239.5 1
           240.5 1
           241.5 1
             :
           245.5 3
             :
           247.5 1
             :
           249.5 3
           250.5 2
             :
           252.5 3
           253.5 1
           254.5 1
           255.5 1
             :
           257.5 2
           258.5 1
             :
           262.5 1
             :
           265.5 2
           266.5 2
           267.5 1
           268.5 4
           269.5 2
             :
           272.5 1
             :
           274.5 1
           275.5 2
           276.5 3
             :
           280.5 1
           281.5 2
             :
           286.5 1
             :
           291.5 1
             :
           297.5 1
           298.5 2
             :
           304.5 1
             :
           307.5 1
           308.5 1
             :
           312.5 1
           313.5 1
             :
           315.5 2
             :
           320.5 2
             :
           322.5 1
             :
           325.5 2
             :
           334.5 1
           335.5 1
             :
           337.5 2
             :
           342.5 1
             :
           344.5 2
             :
           347.5 1
           348.5 1
             :
           355.5 1
           356.5 1
             :
           361.5 1
             :
           371.5 1
             :
           374.5 1
           375.5 1
             :
           396.5 1
             :
           398.5 1
             :
           406.5 1

Total: connections 4320 requests 4320 replies 4320 test-duration 179.977 s

Connection rate: 24.0 conn/s (41.7 ms/conn, <=3 concurrent connections)
Connection time [ms]: min 10.1 avg 21.9 max 406.8 median 12.5 stddev 44.3
Connection time [ms]: connect 0.6
Connection length [replies/conn]: 1.000

Request rate: 24.0 req/s (41.7 ms/req)
Request size [B]: 67.0

Reply rate [replies/s]: min 22.0 avg 24.0 max 26.0 stddev 0.7 (179 samples)
Percentages of the replies served at a given rate:
   50%: 23
   66%: 23
   75%: 23
   80%: 23
   90%: 24
   95%: 24
   98%: 24
   99%: 25
  100%: 26

Reply time [ms]: response 20.0 transfer 1.2
Percentages of the requests served within a certain time (ms) :
   50%: 11
   66%: 13
   75%: 14
   80%: 15
   90%: 16
   95%: 19
   98%: 205
   99%: 251
  100%: 390

Reply size [B]: header 162.0 content 72.0 footer 1.0 (total 235.0)
Reply status: 1xx=0 2xx=4320 3xx=0 4xx=0 5xx=0

CPU time [s]: user 148.79 system 30.81 (user 82.7% system 17.1% total 99.8%)
Net I/O: 7.1 KB/s (0.1*10^6 bps)

Errors: total 0 client-timo 0 socket-timo 0 connrefused 0 connreset 0
Errors: fd-unavail 0 addrunavail 0 ftab-full 0 other 0

