httperf --verbose --hog --timeout=50 --client=0/1 --server=172.16.116.116 --port=8080 --uri=/ --rate=8 --send-buffer=4096 --recv-buffer=16384 --num-conns=2400 --num-calls=1
httperf: maximum number of open descriptors = 65535
Maximum connect burst length: 1

Connection lifetime histogram (time in ms):
             :
            10.5 26
            11.5 172
            12.5 328
            13.5 244
            14.5 208
            15.5 170
            16.5 200
            17.5 187
            18.5 217
            19.5 125
            20.5 74
            21.5 53
            22.5 37
            23.5 23
            24.5 11
            25.5 12
            26.5 3
            27.5 3
            28.5 5
            29.5 3
            30.5 2
            31.5 1
            32.5 1
             :
            34.5 1
            35.5 1
             :
            39.5 1
             :
            42.5 1
             :
            46.5 1
            47.5 2
             :
            50.5 1
            51.5 1
             :
            53.5 1
             :
            55.5 2
             :
            57.5 1
             :
            60.5 2
             :
            64.5 2
            65.5 2
             :
            68.5 1
            69.5 1
             :
            72.5 1
            73.5 1
             :
            75.5 1
             :
            78.5 1
             :
            82.5 1
            83.5 1
            84.5 1
             :
            86.5 1
             :
            89.5 1
            90.5 1
            91.5 2
             :
            93.5 1
             :
            97.5 1
             :
           101.5 1
           102.5 1
             :
           104.5 1
           105.5 1
             :
           108.5 1
             :
           111.5 1
             :
           114.5 1
           115.5 1
             :
           118.5 1
           119.5 1
           120.5 5
             :
           123.5 1
           124.5 2
           125.5 1
             :
           129.5 3
             :
           139.5 1
             :
           143.5 1
             :
           145.5 1
             :
           147.5 1
           148.5 1
           149.5 1
             :
           153.5 2
           154.5 1
           155.5 1
           156.5 1
           157.5 2
             :
           159.5 1
           160.5 2
           161.5 2
             :
           163.5 4
             :
           166.5 3
           167.5 1
           168.5 1
             :
           170.5 2
           171.5 1
           172.5 2
           173.5 1
           174.5 2
           175.5 2
           176.5 1
           177.5 2
           178.5 1
           179.5 1
             :
           181.5 1
           182.5 1
             :
           184.5 2
             :
           186.5 2
             :
           188.5 2
           189.5 1
           190.5 3
           191.5 2
           192.5 3
             :
           194.5 3
           195.5 2
           196.5 1
           197.5 1
           198.5 4
           199.5 3
           200.5 1
           201.5 3
             :
           203.5 2
           204.5 2
           205.5 1
           206.5 1
           207.5 2
           208.5 2
           209.5 3
           210.5 2
             :
           212.5 2
           213.5 2
           214.5 3
           215.5 2
           216.5 1
           217.5 1
           218.5 1
           219.5 2
           220.5 2
           221.5 1
           222.5 1
           223.5 1
           224.5 3
             :
           226.5 2
           227.5 1
           228.5 3
           229.5 4
           230.5 3
           231.5 4
           232.5 6
           233.5 2
           234.5 2
           235.5 2
           236.5 1
           237.5 2
             :
           239.5 2
           240.5 1
           241.5 1
           242.5 3
           243.5 3
           244.5 3
             :
           247.5 3
             :
           249.5 1
           250.5 1
             :
           252.5 2
             :
           254.5 3
           255.5 1
           256.5 2
           257.5 3
             :
           259.5 3
             :
           262.5 1
             :
           264.5 2
           265.5 2
           266.5 1
           267.5 3
             :
           269.5 1
           270.5 1
           271.5 1
             :
           274.5 1
           275.5 2
             :
           278.5 1
             :
           280.5 1
           281.5 3
             :
           283.5 1
             :
           286.5 1
           287.5 1
             :
           291.5 2
           292.5 1
             :
           295.5 2
           296.5 1
           297.5 2
           298.5 1
           299.5 1
           300.5 1
           301.5 1
             :
           304.5 1
             :
           306.5 2
             :
           308.5 1
             :
           310.5 1
           311.5 1
             :
           316.5 1
             :
           319.5 1
             :
           323.5 1
             :
           328.5 2
           329.5 1
           330.5 1
             :
           333.5 1
           334.5 1
           335.5 1
             :
           343.5 2
             :
           352.5 1
             :
           357.5 1
           358.5 1
             :
           374.5 1
             :
           381.5 1
             :
           387.5 1
             :
           402.5 1

Total: connections 2400 requests 2400 replies 2400 test-duration 299.890 s

Connection rate: 8.0 conn/s (125.0 ms/conn, <=3 concurrent connections)
Connection time [ms]: min 10.5 avg 39.0 max 402.2 median 16.5 stddev 67.3
Connection time [ms]: connect 1.1
Connection length [replies/conn]: 1.000

Request rate: 8.0 req/s (125.0 ms/req)
Request size [B]: 67.0

Reply rate [replies/s]: min 7.0 avg 8.0 max 9.0 stddev 0.5 (299 samples)
Percentages of the replies served at a given rate:
   50%: 7
   66%: 7
   75%: 7
   80%: 7
   90%: 8
   95%: 8
   98%: 8
   99%: 8
  100%: 9

Reply time [ms]: response 35.9 transfer 1.9
Percentages of the requests served within a certain time (ms) :
   50%: 14
   66%: 16
   75%: 17
   80%: 18
   90%: 119
   95%: 212
   98%: 256
   99%: 285
  100%: 379

Reply size [B]: header 162.0 content 72.0 footer 1.0 (total 235.0)
Reply status: 1xx=0 2xx=2400 3xx=0 4xx=0 5xx=0

CPU time [s]: user 252.99 system 46.42 (user 84.4% system 15.5% total 99.8%)
Net I/O: 2.4 KB/s (0.0*10^6 bps)

Errors: total 0 client-timo 0 socket-timo 0 connrefused 0 connreset 0
Errors: fd-unavail 0 addrunavail 0 ftab-full 0 other 0

