httperf --verbose --hog --timeout=50 --client=0/1 --server=172.16.116.116 --port=8080 --uri=/ --rate=24 --send-buffer=4096 --recv-buffer=16384 --num-conns=7200 --num-calls=1
httperf: maximum number of open descriptors = 65535
Maximum connect burst length: 1

Connection lifetime histogram (time in ms):
             :
           110.5 1
             :
           160.5 1
             :
           173.5 1
             :
           176.5 2
             :
           178.5 2
             :
           185.5 1
             :
           190.5 1
             :
           194.5 1
             :
           206.5 1
             :
           214.5 1
             :
           216.5 1
             :
           218.5 1
             :
           226.5 1
             :
           230.5 2
             :
           232.5 1
             :
           234.5 2
             :
           239.5 2
           240.5 2
           241.5 1
             :
           243.5 1
             :
           245.5 1
           246.5 2
           247.5 1
           248.5 3
             :
           250.5 2
           251.5 1
             :
           253.5 2
           254.5 3
           255.5 2
           256.5 2
           257.5 2
           258.5 5
           259.5 3
           260.5 5
           261.5 2
           262.5 7
           263.5 2
           264.5 3
           265.5 2
           266.5 9
           267.5 4
           268.5 5
           269.5 8
           270.5 8
           271.5 5
           272.5 8
           273.5 12
           274.5 7
           275.5 5
           276.5 5
           277.5 9
           278.5 6
           279.5 8
           280.5 3
           281.5 9
           282.5 8
           283.5 10
           284.5 15
           285.5 12
           286.5 13
           287.5 9
           288.5 6
           289.5 12
           290.5 10
           291.5 8
           292.5 6
           293.5 19
           294.5 8
           295.5 9
           296.5 14
           297.5 6
           298.5 10
           299.5 16
           300.5 13
           301.5 14
           302.5 12
           303.5 16
           304.5 12
           305.5 18
           306.5 17
           307.5 14
           308.5 18
           309.5 13
           310.5 9
           311.5 21
           312.5 23
           313.5 22
           314.5 20
           315.5 16
           316.5 20
           317.5 10
           318.5 15
           319.5 21
           320.5 25
           321.5 20
           322.5 26
           323.5 15
           324.5 18
           325.5 26
           326.5 25
           327.5 24
           328.5 21
           329.5 24
           330.5 20
           331.5 35
           332.5 26
           333.5 25
           334.5 30
           335.5 26
           336.5 24
           337.5 32
           338.5 23
           339.5 26
           340.5 29
           341.5 27
           342.5 35
           343.5 34
           344.5 33
           345.5 31
           346.5 38
           347.5 29
           348.5 36
           349.5 34
           350.5 35
           351.5 42
           352.5 46
           353.5 37
           354.5 39
           355.5 29
           356.5 42
           357.5 36
           358.5 33
           359.5 45
           360.5 43
           361.5 44
           362.5 41
           363.5 46
           364.5 43
           365.5 38
           366.5 43
           367.5 37
           368.5 35
           369.5 39
           370.5 44
           371.5 47
           372.5 46
           373.5 40
           374.5 28
           375.5 46
           376.5 39
           377.5 58
           378.5 49
           379.5 54
           380.5 45
           381.5 39
           382.5 38
           383.5 44
           384.5 41
           385.5 44
           386.5 41
           387.5 47
           388.5 47
           389.5 52
           390.5 53
           391.5 26
           392.5 28
           393.5 40
           394.5 42
           395.5 33
           396.5 51
           397.5 50
           398.5 36
           399.5 38
           400.5 36
           401.5 45
           402.5 37
           403.5 48
           404.5 35
           405.5 41
           406.5 61
           407.5 45
           408.5 52
           409.5 45
           410.5 57
           411.5 38
           412.5 38
           413.5 37
           414.5 46
           415.5 36
           416.5 47
           417.5 42
           418.5 34
           419.5 39
           420.5 32
           421.5 34
           422.5 32
           423.5 44
           424.5 31
           425.5 38
           426.5 39
           427.5 46
           428.5 44
           429.5 44
           430.5 41
           431.5 42
           432.5 39
           433.5 24
           434.5 25
           435.5 41
           436.5 40
           437.5 29
           438.5 40
           439.5 25
           440.5 27
           441.5 37
           442.5 28
           443.5 34
           444.5 40
           445.5 29
           446.5 26
           447.5 32
           448.5 43
           449.5 26
           450.5 26
           451.5 24
           452.5 34
           453.5 30
           454.5 36
           455.5 27
           456.5 33
           457.5 37
           458.5 30
           459.5 20
           460.5 35
           461.5 32
           462.5 22
           463.5 26
           464.5 20
           465.5 21
           466.5 33
           467.5 30
           468.5 30
           469.5 19
           470.5 17
           471.5 18
           472.5 19
           473.5 19
           474.5 24
           475.5 23
           476.5 31
           477.5 22
           478.5 21
           479.5 25
           480.5 12
           481.5 15
           482.5 23
           483.5 18
           484.5 18
           485.5 20
           486.5 15
           487.5 19
           488.5 19
           489.5 30
           490.5 13
           491.5 15
           492.5 18
           493.5 20
           494.5 14
           495.5 21
           496.5 13
           497.5 15
           498.5 17
           499.5 15
           500.5 11
           501.5 11
           502.5 14
           503.5 16
           504.5 15
           505.5 17
           506.5 7
           507.5 12
           508.5 15
           509.5 10
           510.5 15
           511.5 10
           512.5 12
           513.5 10
           514.5 5
           515.5 10
           516.5 11
           517.5 12
           518.5 17
           519.5 10
           520.5 1
           521.5 10
           522.5 5
           523.5 7
           524.5 11
           525.5 18
           526.5 2
           527.5 13
           528.5 11
           529.5 9
           530.5 5
           531.5 6
           532.5 8
           533.5 2
           534.5 5
           535.5 6
           536.5 2
           537.5 8
           538.5 6
           539.5 5
           540.5 5
           541.5 8
           542.5 5
           543.5 2
           544.5 1
           545.5 5
           546.5 4
           547.5 5
           548.5 8
           549.5 2
           550.5 7
             :
           552.5 3
           553.5 4
           554.5 5
           555.5 4
           556.5 5
           557.5 3
           558.5 4
           559.5 1
           560.5 7
           561.5 6
             :
           563.5 4
           564.5 4
           565.5 1
           566.5 1
           567.5 3
           568.5 4
             :
           570.5 1
           571.5 4
             :
           573.5 1
           574.5 4
           575.5 2
           576.5 1
           577.5 1
           578.5 2
           579.5 3
           580.5 1
           581.5 1
           582.5 1
           583.5 1
             :
           585.5 1
             :
           587.5 2
           588.5 1
           589.5 1
           590.5 2
           591.5 4
           592.5 2
           593.5 1
             :
           595.5 1
             :
           602.5 2
             :
           604.5 2
             :
           606.5 2
           607.5 1
             :
           610.5 1
             :
           612.5 1
           613.5 1
             :
           616.5 1
           617.5 1
             :
           621.5 1
           622.5 1
             :
           624.5 1
           625.5 1
             :
           627.5 1
             :
           633.5 1
           634.5 1
             :
           641.5 2
             :
           649.5 1
             :
           660.5 1
             :
           678.5 1
             :
           711.5 2
             :
           753.5 1
             :
           762.5 1

Total: connections 7200 requests 7200 replies 7200 test-duration 300.271 s

Connection rate: 24.0 conn/s (41.7 ms/conn, <=14 concurrent connections)
Connection time [ms]: min 110.4 avg 403.1 max 762.4 median 400.5 stddev 66.6
Connection time [ms]: connect 0.9
Connection length [replies/conn]: 1.000

Request rate: 24.0 req/s (41.7 ms/req)
Request size [B]: 67.0

Reply rate [replies/s]: min 15.0 avg 24.0 max 29.0 stddev 1.5 (300 samples)
Percentages of the replies served at a given rate:
   50%: 23
   66%: 24
   75%: 24
   80%: 24
   90%: 25
   95%: 25
   98%: 26
   99%: 26
  100%: 29

Reply time [ms]: response 367.3 transfer 34.7
Percentages of the requests served within a certain time (ms) :
   50%: 366
   66%: 396
   75%: 413
   80%: 425
   90%: 457
   95%: 484
   98%: 516
   99%: 539
  100%: 710

Reply size [B]: header 162.0 content 72.0 footer 1.0 (total 235.0)
Reply status: 1xx=0 2xx=7200 3xx=0 4xx=0 5xx=0

CPU time [s]: user 206.30 system 93.33 (user 68.7% system 31.1% total 99.8%)
Net I/O: 7.1 KB/s (0.1*10^6 bps)

Errors: total 0 client-timo 0 socket-timo 0 connrefused 0 connreset 0
Errors: fd-unavail 0 addrunavail 0 ftab-full 0 other 0

