httperf --verbose --hog --timeout=1 --client=0/1 --server=172.17.60.201 --port=80 --uri=/ --rate=512 --send-buffer=4096 --recv-buffer=16384 --num-conns=40000 --num-calls=1
httperf: maximum number of open descriptors = 4096
Maximum connect burst length: 6

Connection lifetime histogram (time in ms):
             :
             6.5 1
             :
            15.5 1
             :
            17.5 1
            18.5 1
             :
            22.5 1
            23.5 1
            24.5 2
            25.5 1
            26.5 2
            27.5 1
            28.5 3
            29.5 1
             :
            31.5 1
            32.5 3
            33.5 3
            34.5 2
            35.5 4
            36.5 7
            37.5 1
            38.5 1
            39.5 2
            40.5 3
            41.5 5
            42.5 3
            43.5 2
            44.5 2
            45.5 3
            46.5 2
            47.5 6
            48.5 2
            49.5 3
            50.5 1
            51.5 8
            52.5 2
            53.5 4
            54.5 4
            55.5 5
            56.5 5
            57.5 2
            58.5 8
            59.5 7
            60.5 6
            61.5 8
            62.5 6
            63.5 8
            64.5 8
            65.5 4
            66.5 9
            67.5 5
            68.5 11
            69.5 5
            70.5 11
            71.5 2
            72.5 12
            73.5 12
            74.5 12
            75.5 11
            76.5 12
            77.5 13
            78.5 9
            79.5 16
            80.5 19
            81.5 10
            82.5 6
            83.5 14
            84.5 6
            85.5 10
            86.5 13
            87.5 17
            88.5 16
            89.5 6
            90.5 14
            91.5 13
            92.5 15
            93.5 11
            94.5 9
            95.5 7
            96.5 9
            97.5 9
            98.5 20
            99.5 11
           100.5 22
           101.5 11
           102.5 15
           103.5 15
           104.5 9
           105.5 13
           106.5 20
           107.5 12
           108.5 14
           109.5 8
           110.5 9
           111.5 10
           112.5 18
           113.5 8
           114.5 9
           115.5 10
           116.5 15
           117.5 16
           118.5 13
           119.5 15
           120.5 16
           121.5 19
           122.5 13
           123.5 12
           124.5 11
           125.5 14
           126.5 13
           127.5 16
           128.5 14
           129.5 15
           130.5 17
           131.5 25
           132.5 15
           133.5 13
           134.5 23
           135.5 17
           136.5 15
           137.5 13
           138.5 12
           139.5 21
           140.5 13
           141.5 7
           142.5 7
           143.5 24
           144.5 20
           145.5 12
           146.5 9
           147.5 13
           148.5 10
           149.5 10
           150.5 23
           151.5 13
           152.5 16
           153.5 18
           154.5 14
           155.5 17
           156.5 12
           157.5 10
           158.5 6
           159.5 9
           160.5 9
           161.5 15
           162.5 24
           163.5 15
           164.5 18
           165.5 16
           166.5 11
           167.5 11
           168.5 17
           169.5 13
           170.5 15
           171.5 18
           172.5 13
           173.5 15
           174.5 22
           175.5 18
           176.5 15
           177.5 24
           178.5 12
           179.5 21
           180.5 16
           181.5 19
           182.5 5
           183.5 15
           184.5 20
           185.5 12
           186.5 11
           187.5 16
           188.5 17
           189.5 14
           190.5 13
           191.5 11
           192.5 13
           193.5 17
           194.5 22
           195.5 13
           196.5 15
           197.5 15
           198.5 19
           199.5 20
           200.5 13
           201.5 21
           202.5 15
           203.5 15
           204.5 19
           205.5 21
           206.5 13
           207.5 15
           208.5 15
           209.5 16
           210.5 7
           211.5 13
           212.5 12
           213.5 13
           214.5 8
           215.5 24
           216.5 6
           217.5 13
           218.5 17
           219.5 13
           220.5 12
           221.5 17
           222.5 15
           223.5 10
           224.5 12
           225.5 15
           226.5 21
           227.5 14
           228.5 19
           229.5 7
           230.5 18
           231.5 10
           232.5 13
           233.5 15
           234.5 14
           235.5 14
           236.5 12
           237.5 10
           238.5 7
           239.5 5
           240.5 10
           241.5 16
           242.5 6
           243.5 10
           244.5 10
           245.5 9
           246.5 19
           247.5 8
           248.5 8
           249.5 21
           250.5 8
           251.5 10
           252.5 5
           253.5 5
           254.5 19
           255.5 8
           256.5 4
           257.5 5
           258.5 8
           259.5 8
           260.5 6
           261.5 9
           262.5 13
           263.5 8
           264.5 6
           265.5 4
           266.5 6
           267.5 8
           268.5 6
           269.5 6
           270.5 8
           271.5 8
           272.5 9
           273.5 9
           274.5 5
           275.5 5
           276.5 11
           277.5 9
           278.5 5
           279.5 7
           280.5 7
           281.5 4
           282.5 8
           283.5 7
           284.5 5
           285.5 3
           286.5 11
           287.5 6
           288.5 7
           289.5 5
           290.5 7
           291.5 7
           292.5 7
           293.5 8
           294.5 9
           295.5 7
           296.5 9
           297.5 5
           298.5 5
           299.5 13
           300.5 10
           301.5 10
           302.5 7
           303.5 11
           304.5 7
           305.5 14
           306.5 6
           307.5 10
           308.5 14
           309.5 14
           310.5 13
           311.5 12
           312.5 18
           313.5 10
           314.5 11
           315.5 11
           316.5 11
           317.5 17
           318.5 12
           319.5 12
           320.5 11
           321.5 17
           322.5 6
           323.5 12
           324.5 10
           325.5 15
           326.5 12
           327.5 9
           328.5 10
           329.5 10
           330.5 14
           331.5 14
           332.5 1
           333.5 10
           334.5 15
           335.5 10
           336.5 15
           337.5 9
           338.5 10
           339.5 13
           340.5 9
           341.5 11
           342.5 11
           343.5 13
           344.5 14
           345.5 10
           346.5 23
           347.5 11
           348.5 11
           349.5 6
           350.5 12
           351.5 18
           352.5 8
           353.5 9
           354.5 16
           355.5 14
           356.5 10
           357.5 8
           358.5 13
           359.5 7
           360.5 11
           361.5 7
           362.5 9
           363.5 9
           364.5 12
           365.5 9
           366.5 8
           367.5 6
           368.5 6
           369.5 8
           370.5 11
           371.5 11
           372.5 13
           373.5 5
           374.5 13
           375.5 11
           376.5 14
           377.5 8
           378.5 9
           379.5 11
           380.5 9
           381.5 6
           382.5 10
           383.5 16
           384.5 12
           385.5 9
           386.5 10
           387.5 6
           388.5 11
           389.5 8
           390.5 5
           391.5 10
           392.5 12
           393.5 9
           394.5 13
           395.5 8
           396.5 10
           397.5 11
           398.5 14
           399.5 12
           400.5 12
           401.5 7
           402.5 7
           403.5 7
           404.5 8
           405.5 12
           406.5 12
           407.5 10
           408.5 12
           409.5 9
           410.5 9
           411.5 16
           412.5 17
           413.5 10
           414.5 16
           415.5 16
           416.5 9
           417.5 17
           418.5 16
           419.5 14
           420.5 19
           421.5 13
           422.5 13
           423.5 15
           424.5 8
           425.5 15
           426.5 11
           427.5 7
           428.5 21
           429.5 13
           430.5 11
           431.5 9
           432.5 16
           433.5 7
           434.5 16
           435.5 9
           436.5 10
           437.5 13
           438.5 10
           439.5 11
           440.5 9
           441.5 14
           442.5 16
           443.5 9
           444.5 13
           445.5 13
           446.5 11
           447.5 10
           448.5 5
           449.5 13
           450.5 12
           451.5 12
           452.5 8
           453.5 9
           454.5 3
           455.5 12
           456.5 6
           457.5 7
           458.5 11
           459.5 5
           460.5 6
           461.5 4
           462.5 8
           463.5 6
           464.5 5
           465.5 11
           466.5 5
           467.5 6
           468.5 13
           469.5 7
           470.5 8
           471.5 8
           472.5 9
           473.5 9
           474.5 7
           475.5 8
           476.5 9
           477.5 8
           478.5 5
           479.5 10
           480.5 7
           481.5 6
           482.5 8
           483.5 15
           484.5 10
           485.5 9
           486.5 7
           487.5 10
           488.5 11
           489.5 6
           490.5 9
           491.5 7
           492.5 7
           493.5 7
           494.5 7
           495.5 14
           496.5 8
           497.5 5
           498.5 9
           499.5 10
           500.5 8
           501.5 6
           502.5 7
           503.5 10
           504.5 8
           505.5 6
           506.5 6
           507.5 7
           508.5 9
           509.5 1
           510.5 4
           511.5 8
           512.5 9
           513.5 1
           514.5 8
           515.5 7
           516.5 13
           517.5 7
           518.5 4
           519.5 5
           520.5 3
           521.5 6
           522.5 7
           523.5 2
           524.5 5
           525.5 6
           526.5 4
           527.5 8
           528.5 6
           529.5 5
           530.5 5
           531.5 9
           532.5 2
           533.5 4
           534.5 3
           535.5 10
           536.5 9
           537.5 6
           538.5 4
           539.5 4
           540.5 6
           541.5 1
           542.5 4
           543.5 5
           544.5 4
           545.5 5
           546.5 5
           547.5 5
           548.5 6
           549.5 3
           550.5 9
           551.5 4
           552.5 5
           553.5 6
           554.5 4
           555.5 4
           556.5 4
           557.5 1
           558.5 4
           559.5 5
           560.5 1
           561.5 4
           562.5 7
           563.5 1
           564.5 1
           565.5 3
           566.5 3
             :
           568.5 2
           569.5 4
           570.5 2
           571.5 5
           572.5 2
           573.5 3
           574.5 3
           575.5 1
           576.5 4
           577.5 1
           578.5 5
           579.5 5
           580.5 4
           581.5 4
           582.5 8
           583.5 3
           584.5 6
           585.5 4
           586.5 7
           587.5 5
           588.5 3
           589.5 3
           590.5 6
           591.5 3
           592.5 1
           593.5 4
           594.5 1
           595.5 3
           596.5 6
           597.5 1
           598.5 3
           599.5 5
           600.5 5
           601.5 3
           602.5 2
           603.5 1
           604.5 2
           605.5 2
           606.5 1
           607.5 6
           608.5 4
           609.5 9
           610.5 3
           611.5 6
           612.5 3
           613.5 2
           614.5 2
           615.5 5
           616.5 5
           617.5 1
           618.5 3
           619.5 2
           620.5 2
             :
           622.5 4
           623.5 1
           624.5 2
           625.5 5
           626.5 3
           627.5 2
           628.5 3
           629.5 1
           630.5 3
             :
           632.5 1
             :
           634.5 1
           635.5 1
           636.5 2
             :
           638.5 1
           639.5 4
           640.5 2
           641.5 3
           642.5 2
           643.5 3
           644.5 7
           645.5 2
           646.5 4
           647.5 1
           648.5 1
           649.5 7
           650.5 1
           651.5 3
           652.5 4
           653.5 2
           654.5 5
           655.5 5
           656.5 2
           657.5 1
             :
           660.5 3
           661.5 1
           662.5 3
           663.5 5
           664.5 2
           665.5 2
           666.5 3
           667.5 1
           668.5 4
           669.5 3
           670.5 3
           671.5 1
           672.5 3
           673.5 1
             :
           675.5 2
           676.5 4
           677.5 2
           678.5 1
           679.5 4
           680.5 3
           681.5 4
           682.5 2
           683.5 2
           684.5 3
           685.5 1
           686.5 1
           687.5 2
           688.5 2
           689.5 2
           690.5 6
           691.5 4
           692.5 3
           693.5 2
           694.5 6
           695.5 3
           696.5 2
           697.5 4
           698.5 3
           699.5 4
           700.5 2
           701.5 2
           702.5 1
           703.5 3
           704.5 2
           705.5 2
           706.5 4
           707.5 4
           708.5 3
           709.5 1
           710.5 4
           711.5 2
           712.5 4
           713.5 3
           714.5 4
           715.5 3
           716.5 11
           717.5 5
           718.5 1
           719.5 3
           720.5 3
           721.5 2
           722.5 2
           723.5 4
           724.5 5
           725.5 3
           726.5 1
           727.5 7
           728.5 7
           729.5 1
           730.5 4
           731.5 5
           732.5 3
           733.5 1
           734.5 3
           735.5 2
           736.5 6
           737.5 4
           738.5 2
           739.5 6
           740.5 3
           741.5 7
           742.5 14
           743.5 5
           744.5 1
           745.5 7
           746.5 2
           747.5 5
           748.5 1
           749.5 5
           750.5 4
           751.5 2
           752.5 2
           753.5 7
           754.5 4
           755.5 3
           756.5 10
           757.5 2
           758.5 5
           759.5 4
           760.5 3
           761.5 3
           762.5 4
           763.5 8
           764.5 7
           765.5 1
           766.5 5
           767.5 4
           768.5 2
           769.5 5
           770.5 6
           771.5 5
           772.5 4
           773.5 4
           774.5 3
           775.5 7
           776.5 7
           777.5 2
           778.5 7
           779.5 3
           780.5 6
           781.5 7
           782.5 1
           783.5 7
           784.5 2
           785.5 4
           786.5 6
           787.5 8
           788.5 6
           789.5 5
           790.5 3
           791.5 6
           792.5 4
           793.5 3
           794.5 3
           795.5 1
           796.5 1
           797.5 7
           798.5 9
           799.5 11
           800.5 4
           801.5 6
           802.5 2
           803.5 3
           804.5 6
           805.5 7
           806.5 2
           807.5 7
           808.5 5
           809.5 7
           810.5 6
           811.5 6
           812.5 6
           813.5 8
           814.5 7
           815.5 3
           816.5 5
           817.5 2
           818.5 7
           819.5 5
           820.5 10
           821.5 8
           822.5 4
           823.5 3
           824.5 8
           825.5 7
           826.5 5
           827.5 1
           828.5 2
           829.5 4
           830.5 5
           831.5 4
           832.5 5
           833.5 4
           834.5 2
           835.5 6
           836.5 8
           837.5 2
           838.5 5
           839.5 6
           840.5 4
           841.5 4
           842.5 8
           843.5 5
           844.5 3
           845.5 5
           846.5 4
           847.5 7
           848.5 8
           849.5 3
           850.5 7
             :
           852.5 6
           853.5 7
           854.5 5
           855.5 4
           856.5 6
           857.5 3
           858.5 6
           859.5 2
           860.5 6
           861.5 9
           862.5 3
           863.5 6
           864.5 1
           865.5 5
           866.5 5
           867.5 4
           868.5 2
           869.5 7
           870.5 5
           871.5 3
           872.5 3
           873.5 3
           874.5 11
           875.5 5
           876.5 9
           877.5 6
           878.5 3
           879.5 5
           880.5 7
           881.5 3
           882.5 7
           883.5 9
           884.5 6
           885.5 4
           886.5 3
           887.5 7
           888.5 5
           889.5 11
           890.5 9
           891.5 10
           892.5 7
           893.5 7
           894.5 4
           895.5 7
           896.5 7
           897.5 5
           898.5 11
           899.5 7
           900.5 5
           901.5 9
           902.5 4
           903.5 8
           904.5 4
           905.5 8
           906.5 7
           907.5 5
           908.5 6
           909.5 9
           910.5 9
           911.5 4
           912.5 7
           913.5 3
           914.5 6
           915.5 7
           916.5 6
           917.5 6
           918.5 10
           919.5 7
           920.5 3
           921.5 6
           922.5 6
           923.5 6
           924.5 12
           925.5 5
           926.5 8
           927.5 4
           928.5 3
           929.5 7
           930.5 15
           931.5 6
           932.5 9
           933.5 4
           934.5 3
           935.5 6
           936.5 8
           937.5 6
           938.5 8
           939.5 12
           940.5 11
           941.5 8
           942.5 8
           943.5 5
           944.5 5
           945.5 3
           946.5 1
           947.5 4
           948.5 9
           949.5 8
           950.5 8
           951.5 5
           952.5 7
           953.5 9
           954.5 10
           955.5 6
           956.5 9
           957.5 7
           958.5 4
           959.5 6
           960.5 8
           961.5 6
           962.5 6
           963.5 5
           964.5 8
           965.5 5
           966.5 2
           967.5 11
           968.5 11
           969.5 11
           970.5 6
           971.5 5
           972.5 3
           973.5 6
           974.5 10
           975.5 6
           976.5 3
           977.5 5
           978.5 5
           979.5 6
           980.5 4
           981.5 5
           982.5 4
           983.5 6
           984.5 3
           985.5 5
           986.5 5
           987.5 2
           988.5 1
           989.5 4
           990.5 2
           991.5 3
           992.5 3
           993.5 5
           994.5 4
           995.5 3
           996.5 2
           997.5 2
           998.5 3
           999.5 4
          1000.5 3
          1001.5 8
          1002.5 7
          1003.5 4
          1004.5 5
          1005.5 3
          1006.5 6
          1007.5 4
          1008.5 6
          1009.5 4
          1010.5 13
          1011.5 4
          1012.5 2
             :
          1014.5 1
          1015.5 3
          1016.5 2
          1017.5 2
          1018.5 2
          1019.5 2
          1020.5 4
          1021.5 2
          1022.5 4
          1023.5 3
          1024.5 4
          1025.5 4
          1026.5 2
          1027.5 2
          1028.5 3
          1029.5 1
          1030.5 6
          1031.5 2
          1032.5 3
             :
          1034.5 1
          1035.5 2
          1036.5 3
          1037.5 1
          1038.5 1
          1039.5 1
             :
          1042.5 1
          1043.5 1
             :
          1049.5 1
             :
          1170.5 1
             :
          1296.5 1

Total: connections 40000 requests 13773 replies 7536 test-duration 79.143 s

Connection rate: 505.4 conn/s (2.0 ms/conn, <=526 concurrent connections)
Connection time [ms]: min 6.1 avg 429.6 max 1296.4 median 365.5 stddev 281.2
Connection time [ms]: connect 32.7
Connection length [replies/conn]: 1.000

Request rate: 174.0 req/s (5.7 ms/req)
Request size [B]: 66.0

Reply rate [replies/s]: min 1.0 avg 95.2 max 217.0 stddev 34.3 (79 samples)
Percentages of the replies served at a given rate:
   50%: 93
   66%: 106
   75%: 113
   80%: 116
   90%: 138
   95%: 149
   98%: 155
   99%: 216
  100%: 217

Reply time [ms]: response 397.3 transfer 0.1
Percentages of the requests served within a certain time (ms) :
   50%: 333
   66%: 448
   75%: 587
   80%: 711
   90%: 865
   95%: 917
   98%: 958
   99%: 976
  100%: 1001

Reply size [B]: header 266.0 content 76.0 footer 0.0 (total 342.0)
Reply status: 1xx=0 2xx=7536 3xx=0 4xx=0 5xx=0

CPU time [s]: user 34.37 system 43.23 (user 43.4% system 54.6% total 98.1%)
Net I/O: 43.2 KB/s (0.4*10^6 bps)

Errors: total 32464 client-timo 32464 socket-timo 0 connrefused 0 connreset 0
Errors: fd-unavail 0 addrunavail 0 ftab-full 0 other 0

