httperf --verbose --hog --timeout=50 --client=0/1 --server=172.16.116.116 --port=8080 --uri=/ --rate=24 --send-buffer=4096 --recv-buffer=16384 --num-conns=4320 --num-calls=1
httperf: maximum number of open descriptors = 65535
Maximum connect burst length: 1

Connection lifetime histogram (time in ms):
             :
            10.5 401
            11.5 1177
            12.5 624
            13.5 284
            14.5 236
            15.5 316
            16.5 531
            17.5 314
            18.5 213
            19.5 89
            20.5 50
            21.5 28
            22.5 13
            23.5 10
            24.5 4
            25.5 10
            26.5 3
             :
            29.5 1
             :
            31.5 1
             :
            60.5 1
             :
            76.5 1
             :
            85.5 1
             :
            98.5 1
             :
           142.5 1
             :
           191.5 1
             :
           216.5 1
             :
           231.5 1
             :
           254.5 1
             :
           258.5 1
             :
           268.5 1
             :
           296.5 1
             :
           360.5 1
             :
           371.5 1
             :
           405.5 1

Total: connections 4320 requests 4320 replies 4320 test-duration 179.977 s

Connection rate: 24.0 conn/s (41.7 ms/conn, <=2 concurrent connections)
Connection time [ms]: min 10.1 avg 14.7 max 405.3 median 12.5 stddev 14.0
Connection time [ms]: connect 0.6
Connection length [replies/conn]: 1.000

Request rate: 24.0 req/s (41.7 ms/req)
Request size [B]: 67.0

Reply rate [replies/s]: min 23.0 avg 24.0 max 25.0 stddev 0.2 (179 samples)
Percentages of the replies served at a given rate:
   50%: 23
   66%: 23
   75%: 23
   80%: 23
   90%: 23
   95%: 23
   98%: 23
   99%: 24
  100%: 25

Reply time [ms]: response 13.4 transfer 0.6
Percentages of the requests served within a certain time (ms) :
   50%: 11
   66%: 14
   75%: 15
   80%: 15
   90%: 16
   95%: 17
   98%: 18
   99%: 19
  100%: 360

Reply size [B]: header 162.0 content 72.0 footer 1.0 (total 235.0)
Reply status: 1xx=0 2xx=4320 3xx=0 4xx=0 5xx=0

CPU time [s]: user 147.98 system 31.62 (user 82.2% system 17.6% total 99.8%)
Net I/O: 7.1 KB/s (0.1*10^6 bps)

Errors: total 0 client-timo 0 socket-timo 0 connrefused 0 connreset 0
Errors: fd-unavail 0 addrunavail 0 ftab-full 0 other 0

