httperf --verbose --hog --timeout=3 --client=0/1 --server=172.17.60.201 --port=80 --uri=/ --rate=8 --send-buffer=4096 --recv-buffer=16384 --num-conns=500 --num-calls=1
httperf: maximum number of open descriptors = 4096
Maximum connect burst length: 1

Connection lifetime histogram (time in ms):
             :
             7.5 69
             8.5 51
             9.5 39
            10.5 77
            11.5 27
            12.5 21
            13.5 22
            14.5 20
            15.5 12
            16.5 20
            17.5 9
            18.5 11
            19.5 4
            20.5 13
            21.5 8
            22.5 9
            23.5 6
            24.5 8
            25.5 5
            26.5 6
            27.5 5
            28.5 3
            29.5 7
            30.5 2
            31.5 6
            32.5 4
            33.5 4
            34.5 3
            35.5 2
            36.5 1
            37.5 1
            38.5 1
            39.5 1
            40.5 3
            41.5 1
            42.5 1
            43.5 4
            44.5 1
            45.5 1
             :
            47.5 1
            48.5 1
             :
            52.5 1
            53.5 1
            54.5 1
             :
            57.5 1
             :
            62.5 1
             :
            64.5 1
             :
           152.5 1
             :
           170.5 1
           171.5 1
             :
           284.5 1

Total: connections 500 requests 500 replies 500 test-duration 62.383 s

Connection rate: 8.0 conn/s (124.8 ms/conn, <=2 concurrent connections)
Connection time [ms]: min 7.2 avg 17.0 max 284.2 median 11.5 stddev 19.2
Connection time [ms]: connect 0.7
Connection length [replies/conn]: 1.000

Request rate: 8.0 req/s (124.8 ms/req)
Request size [B]: 66.0

Reply rate [replies/s]: min 7.0 avg 8.0 max 9.0 stddev 0.3 (62 samples)
Percentages of the replies served at a given rate:
   50%: 7
   66%: 7
   75%: 7
   80%: 7
   90%: 7
   95%: 7
   98%: 8
   99%: 8
  100%: 9

Reply time [ms]: response 15.9 transfer 0.2
Percentages of the requests served within a certain time (ms) :
   50%: 10
   66%: 14
   75%: 17
   80%: 20
   90%: 28
   95%: 36
   98%: 46
   99%: 60
  100%: 283

Reply size [B]: header 167.0 content 59.0 footer 0.0 (total 226.0)
Reply status: 1xx=0 2xx=500 3xx=0 4xx=0 5xx=0

CPU time [s]: user 40.72 system 21.58 (user 65.3% system 34.6% total 99.9%)
Net I/O: 2.3 KB/s (0.0*10^6 bps)

Errors: total 0 client-timo 0 socket-timo 0 connrefused 0 connreset 0
Errors: fd-unavail 0 addrunavail 0 ftab-full 0 other 0

