httperf --verbose --hog --timeout=3 --client=0/1 --server=172.17.60.201 --port=80 --uri=/ --rate=8 --send-buffer=4096 --recv-buffer=16384 --num-conns=500 --num-calls=1
httperf: maximum number of open descriptors = 4096
Maximum connect burst length: 1

Connection lifetime histogram (time in ms):
             :
             7.5 29
             8.5 53
             9.5 53
            10.5 75
            11.5 49
            12.5 22
            13.5 22
            14.5 20
            15.5 17
            16.5 18
            17.5 15
            18.5 14
            19.5 22
            20.5 8
            21.5 6
            22.5 4
            23.5 7
            24.5 3
             :
            26.5 5
            27.5 5
            28.5 2
            29.5 2
            30.5 2
            31.5 3
            32.5 2
            33.5 2
            34.5 3
            35.5 2
            36.5 1
            37.5 1
            38.5 3
            39.5 2
            40.5 2
            41.5 1
            42.5 1
             :
            44.5 4
             :
            46.5 3
            47.5 2
            48.5 1
             :
            50.5 1
             :
            53.5 2
            54.5 2
             :
            57.5 1
            58.5 1
             :
            60.5 1
            61.5 1
             :
            65.5 2
             :
            68.5 1
             :
            94.5 1
             :
           201.5 1

Total: connections 500 requests 500 replies 500 test-duration 62.390 s

Connection rate: 8.0 conn/s (124.8 ms/conn, <=2 concurrent connections)
Connection time [ms]: min 7.2 avg 16.5 max 201.5 median 11.5 stddev 13.9
Connection time [ms]: connect 1.1
Connection length [replies/conn]: 1.000

Request rate: 8.0 req/s (124.8 ms/req)
Request size [B]: 66.0

Reply rate [replies/s]: min 8.0 avg 8.0 max 8.0 stddev 0.0 (62 samples)
Percentages of the replies served at a given rate:
   50%: 7
   66%: 7
   75%: 7
   80%: 7
   90%: 7
   95%: 7
   98%: 7
   99%: 8
  100%: 8

Reply time [ms]: response 15.0 transfer 0.2
Percentages of the requests served within a certain time (ms) :
   50%: 10
   66%: 13
   75%: 16
   80%: 17
   90%: 26
   95%: 40
   98%: 52
   99%: 56
  100%: 201

Reply size [B]: header 167.0 content 59.0 footer 0.0 (total 226.0)
Reply status: 1xx=0 2xx=500 3xx=0 4xx=0 5xx=0

CPU time [s]: user 40.30 system 22.01 (user 64.6% system 35.3% total 99.9%)
Net I/O: 2.3 KB/s (0.0*10^6 bps)

Errors: total 0 client-timo 0 socket-timo 0 connrefused 0 connreset 0
Errors: fd-unavail 0 addrunavail 0 ftab-full 0 other 0

