httperf --verbose --hog --timeout=3 --client=0/1 --server=172.17.60.201 --port=80 --uri=/ --rate=8 --send-buffer=4096 --recv-buffer=16384 --num-conns=500 --num-calls=1
httperf: maximum number of open descriptors = 4096
Maximum connect burst length: 1

Connection lifetime histogram (time in ms):
             :
             7.5 106
             8.5 60
             9.5 66
            10.5 90
            11.5 45
            12.5 24
            13.5 20
            14.5 14
            15.5 20
            16.5 9
            17.5 9
            18.5 5
            19.5 5
            20.5 4
             :
            22.5 1
            23.5 1
            24.5 3
             :
            27.5 1
             :
            29.5 1
             :
            31.5 2
             :
            34.5 2
            35.5 1
             :
            38.5 1
            39.5 1
             :
            49.5 1
            50.5 1
            51.5 2
            52.5 1
            53.5 1
             :
            57.5 1
             :
            62.5 1
             :
            74.5 1

Total: connections 500 requests 500 replies 500 test-duration 62.387 s

Connection rate: 8.0 conn/s (124.8 ms/conn, <=1 concurrent connections)
Connection time [ms]: min 7.1 avg 11.9 max 74.9 median 10.5 stddev 7.5
Connection time [ms]: connect 0.9
Connection length [replies/conn]: 1.000

Request rate: 8.0 req/s (124.8 ms/req)
Request size [B]: 66.0

Reply rate [replies/s]: min 8.0 avg 8.0 max 8.0 stddev 0.0 (62 samples)
Percentages of the replies served at a given rate:
   50%: 7
   66%: 7
   75%: 7
   80%: 7
   90%: 7
   95%: 7
   98%: 7
   99%: 7
  100%: 8

Reply time [ms]: response 10.8 transfer 0.1
Percentages of the requests served within a certain time (ms) :
   50%: 9
   66%: 9
   75%: 10
   80%: 11
   90%: 14
   95%: 19
   98%: 34
   99%: 51
  100%: 73

Reply size [B]: header 167.0 content 59.0 footer 0.0 (total 226.0)
Reply status: 1xx=0 2xx=500 3xx=0 4xx=0 5xx=0

CPU time [s]: user 39.96 system 22.34 (user 64.1% system 35.8% total 99.9%)
Net I/O: 2.3 KB/s (0.0*10^6 bps)

Errors: total 0 client-timo 0 socket-timo 0 connrefused 0 connreset 0
Errors: fd-unavail 0 addrunavail 0 ftab-full 0 other 0

