httperf --verbose --hog --timeout=50 --client=0/1 --server=172.16.116.116 --port=8080 --uri=/ --rate=8 --send-buffer=4096 --recv-buffer=16384 --num-conns=1440 --num-calls=1
httperf: maximum number of open descriptors = 65535
Maximum connect burst length: 1

Connection lifetime histogram (time in ms):
             :
            10.5 16
            11.5 148
            12.5 164
            13.5 125
            14.5 134
            15.5 121
            16.5 118
            17.5 119
            18.5 113
            19.5 94
            20.5 54
            21.5 43
            22.5 29
            23.5 21
            24.5 18
            25.5 15
            26.5 13
            27.5 9
            28.5 3
            29.5 4
            30.5 2
            31.5 2
            32.5 4
             :
            35.5 2
            36.5 1
             :
            38.5 1
            39.5 1
            40.5 1
            41.5 1
             :
            53.5 2
             :
            56.5 1
             :
            63.5 1
             :
            80.5 1
             :
            95.5 1
             :
            97.5 1
             :
           100.5 1
             :
           105.5 1
           106.5 1
             :
           108.5 1
             :
           112.5 1
             :
           116.5 1
             :
           124.5 1
             :
           126.5 1
             :
           131.5 1
             :
           141.5 2
             :
           146.5 1
             :
           148.5 1
             :
           151.5 1
             :
           154.5 1
             :
           157.5 1
           158.5 1
           159.5 1
             :
           162.5 1
             :
           174.5 1
             :
           177.5 1
           178.5 1
             :
           181.5 1
             :
           186.5 1
             :
           194.5 1
             :
           203.5 1
             :
           207.5 1
             :
           210.5 1
           211.5 1
             :
           218.5 1
             :
           223.5 1
             :
           229.5 2
           230.5 1
             :
           235.5 1
             :
           239.5 1
             :
           244.5 2
           245.5 1
           246.5 1
             :
           249.5 1
             :
           254.5 2
             :
           258.5 1
             :
           260.5 1
             :
           262.5 1
             :
           265.5 1
             :
           273.5 1
             :
           286.5 1
             :
           300.5 1
             :
           303.5 1
             :
           305.5 1
           306.5 1
             :
           314.5 1
             :
           318.5 1
             :
           328.5 1
             :
           408.5 1

Total: connections 1440 requests 1440 replies 1440 test-duration 179.898 s

Connection rate: 8.0 conn/s (124.9 ms/conn, <=2 concurrent connections)
Connection time [ms]: min 10.2 avg 24.4 max 408.5 median 16.5 stddev 40.6
Connection time [ms]: connect 1.4
Connection length [replies/conn]: 1.000

Request rate: 8.0 req/s (124.9 ms/req)
Request size [B]: 67.0

Reply rate [replies/s]: min 7.0 avg 8.0 max 9.0 stddev 0.3 (179 samples)
Percentages of the replies served at a given rate:
   50%: 7
   66%: 7
   75%: 7
   80%: 7
   90%: 7
   95%: 7
   98%: 8
   99%: 8
  100%: 9

Reply time [ms]: response 21.8 transfer 1.2
Percentages of the requests served within a certain time (ms) :
   50%: 14
   66%: 15
   75%: 17
   80%: 17
   90%: 20
   95%: 28
   98%: 185
   99%: 238
  100%: 327

Reply size [B]: header 162.0 content 72.0 footer 1.0 (total 235.0)
Reply status: 1xx=0 2xx=1440 3xx=0 4xx=0 5xx=0

CPU time [s]: user 152.32 system 27.29 (user 84.7% system 15.2% total 99.8%)
Net I/O: 2.4 KB/s (0.0*10^6 bps)

Errors: total 0 client-timo 0 socket-timo 0 connrefused 0 connreset 0
Errors: fd-unavail 0 addrunavail 0 ftab-full 0 other 0

