httperf --verbose --hog --timeout=50 --client=0/1 --server=172.16.116.116 --port=8080 --uri=/ --rate=8 --send-buffer=4096 --recv-buffer=16384 --num-conns=1440 --num-calls=1
httperf: maximum number of open descriptors = 65535
Maximum connect burst length: 1

Connection lifetime histogram (time in ms):
             :
            10.5 86
            11.5 386
            12.5 207
            13.5 139
            14.5 91
            15.5 114
            16.5 139
            17.5 103
            18.5 64
            19.5 30
            20.5 30
            21.5 15
            22.5 4
            23.5 5
            24.5 3
             :
            30.5 1
            31.5 1
            32.5 1
             :
            34.5 1
             :
            78.5 2
             :
            82.5 1
             :
            93.5 1
             :
           145.5 1
             :
           197.5 1
             :
           201.5 1
             :
           203.5 1
             :
           209.5 2
             :
           214.5 1
             :
           227.5 1
             :
           229.5 1
           230.5 1
             :
           241.5 1
             :
           244.5 1
             :
           256.5 1
             :
           283.5 1
           284.5 1
             :
           317.5 1

Total: connections 1440 requests 1440 replies 1440 test-duration 179.953 s

Connection rate: 8.0 conn/s (125.0 ms/conn, <=2 concurrent connections)
Connection time [ms]: min 10.2 avg 16.7 max 317.2 median 13.5 stddev 23.6
Connection time [ms]: connect 0.8
Connection length [replies/conn]: 1.000

Request rate: 8.0 req/s (125.0 ms/req)
Request size [B]: 67.0

Reply rate [replies/s]: min 7.0 avg 8.0 max 9.0 stddev 0.1 (179 samples)
Percentages of the replies served at a given rate:
   50%: 7
   66%: 7
   75%: 7
   80%: 7
   90%: 7
   95%: 7
   98%: 7
   99%: 7
  100%: 9

Reply time [ms]: response 15.2 transfer 0.6
Percentages of the requests served within a certain time (ms) :
   50%: 11
   66%: 13
   75%: 15
   80%: 15
   90%: 16
   95%: 18
   98%: 21
   99%: 144
  100%: 283

Reply size [B]: header 163.0 content 72.0 footer 2.0 (total 237.0)
Reply status: 1xx=0 2xx=1440 3xx=0 4xx=0 5xx=0

CPU time [s]: user 149.05 system 30.62 (user 82.8% system 17.0% total 99.8%)
Net I/O: 2.4 KB/s (0.0*10^6 bps)

Errors: total 0 client-timo 0 socket-timo 0 connrefused 0 connreset 0
Errors: fd-unavail 0 addrunavail 0 ftab-full 0 other 0

