httperf --verbose --hog --timeout=50 --client=0/1 --server=172.16.116.116 --port=8080 --uri=/ --rate=24 --send-buffer=4096 --recv-buffer=16384 --num-conns=7200 --num-calls=1
httperf: maximum number of open descriptors = 65535
Maximum connect burst length: 1

Connection lifetime histogram (time in ms):
             :
            10.5 211
            11.5 722
            12.5 587
            13.5 443
            14.5 500
            15.5 621
            16.5 813
            17.5 604
            18.5 552
            19.5 436
            20.5 352
            21.5 302
            22.5 227
            23.5 170
            24.5 144
            25.5 127
            26.5 67
            27.5 67
            28.5 43
            29.5 28
            30.5 21
            31.5 11
            32.5 12
            33.5 10
            34.5 6
            35.5 1
            36.5 3
            37.5 1
            38.5 3
            39.5 2
            40.5 2
             :
            42.5 1
            43.5 2
             :
            45.5 1
             :
            50.5 1
             :
            53.5 2
             :
            65.5 2
             :
            67.5 2
             :
            76.5 1
             :
            80.5 1
             :
            91.5 2
            92.5 1
            93.5 1
             :
           106.5 1
             :
           108.5 1
             :
           110.5 1
             :
           113.5 1
           114.5 1
             :
           117.5 1
             :
           119.5 1
             :
           125.5 1
             :
           140.5 1
             :
           145.5 1
             :
           148.5 1
           149.5 1
             :
           152.5 1
             :
           161.5 1
             :
           168.5 1
             :
           171.5 1
             :
           174.5 1
             :
           185.5 1
             :
           187.5 1
             :
           189.5 1
             :
           192.5 1
             :
           198.5 1
           199.5 1
             :
           201.5 1
             :
           203.5 3
           204.5 1
             :
           207.5 1
             :
           212.5 1
             :
           214.5 1
           215.5 1
           216.5 1
           217.5 1
             :
           222.5 2
             :
           224.5 2
           225.5 2
           226.5 1
             :
           229.5 1
           230.5 1
             :
           235.5 1
             :
           238.5 2
             :
           240.5 2
           241.5 1
             :
           243.5 1
             :
           247.5 1
           248.5 1
           249.5 1
           250.5 2
             :
           254.5 2
           255.5 2
             :
           257.5 1
             :
           260.5 1
             :
           265.5 2
             :
           267.5 1
             :
           269.5 1
             :
           271.5 1
           272.5 2
             :
           277.5 1
             :
           279.5 2
             :
           281.5 3
             :
           286.5 1
             :
           288.5 1
             :
           292.5 1
             :
           294.5 1
           295.5 1
           296.5 1
           297.5 1
             :
           304.5 1
             :
           310.5 1
             :
           313.5 1
             :
           325.5 1
             :
           330.5 1
             :
           333.5 1
             :
           338.5 1
             :
           342.5 1
             :
           344.5 1
             :
           346.5 1
             :
           352.5 1
           353.5 1
             :
           366.5 1
             :
           368.5 1

Total: connections 7200 requests 7200 replies 7200 test-duration 299.982 s

Connection rate: 24.0 conn/s (41.7 ms/conn, <=2 concurrent connections)
Connection time [ms]: min 10.2 avg 20.1 max 368.4 median 16.5 stddev 26.8
Connection time [ms]: connect 0.7
Connection length [replies/conn]: 1.000

Request rate: 24.0 req/s (41.7 ms/req)
Request size [B]: 67.0

Reply rate [replies/s]: min 23.0 avg 24.0 max 25.0 stddev 0.4 (299 samples)
Percentages of the replies served at a given rate:
   50%: 23
   66%: 23
   75%: 23
   80%: 23
   90%: 23
   95%: 24
   98%: 24
   99%: 24
  100%: 25

Reply time [ms]: response 18.7 transfer 0.7
Percentages of the requests served within a certain time (ms) :
   50%: 15
   66%: 17
   75%: 18
   80%: 19
   90%: 22
   95%: 24
   98%: 30
   99%: 181
  100%: 352

Reply size [B]: header 162.0 content 72.0 footer 1.0 (total 235.0)
Reply status: 1xx=0 2xx=7200 3xx=0 4xx=0 5xx=0

CPU time [s]: user 247.22 system 52.16 (user 82.4% system 17.4% total 99.8%)
Net I/O: 7.1 KB/s (0.1*10^6 bps)

Errors: total 0 client-timo 0 socket-timo 0 connrefused 0 connreset 0
Errors: fd-unavail 0 addrunavail 0 ftab-full 0 other 0

