httperf --verbose --hog --timeout=50 --client=0/1 --server=172.16.116.116 --port=8080 --uri=/ --rate=16 --send-buffer=4096 --recv-buffer=16384 --num-conns=4800 --num-calls=1
httperf: maximum number of open descriptors = 65535
Maximum connect burst length: 1

Connection lifetime histogram (time in ms):
             :
            10.5 222
            11.5 687
            12.5 450
            13.5 425
            14.5 401
            15.5 424
            16.5 464
            17.5 333
            18.5 271
            19.5 234
            20.5 186
            21.5 152
            22.5 132
            23.5 93
            24.5 66
            25.5 62
            26.5 38
            27.5 27
            28.5 23
            29.5 16
            30.5 12
            31.5 8
            32.5 7
            33.5 17
            34.5 4
            35.5 3
            36.5 3
            37.5 2
            38.5 4
            39.5 1
            40.5 2
            41.5 1
            42.5 3
            43.5 1
             :
            45.5 1
             :
            52.5 1
            53.5 1
             :
            56.5 1
             :
            65.5 1
             :
            68.5 1
             :
            74.5 1
             :
            88.5 1
             :
            92.5 1
             :
            94.5 1
             :
           142.5 1
             :
           159.5 1
             :
           185.5 1
             :
           190.5 1
             :
           223.5 1
             :
           227.5 1
             :
           234.5 1
             :
           245.5 1
           246.5 1
           247.5 1
             :
           256.5 1
             :
           259.5 1
             :
           269.5 1
           270.5 1
             :
           339.5 1
             :
           364.5 1

Total: connections 4800 requests 4800 replies 4800 test-duration 299.953 s

Connection rate: 16.0 conn/s (62.5 ms/conn, <=2 concurrent connections)
Connection time [ms]: min 10.1 avg 17.1 max 364.6 median 15.5 stddev 14.4
Connection time [ms]: connect 0.6
Connection length [replies/conn]: 1.000

Request rate: 16.0 req/s (62.5 ms/req)
Request size [B]: 67.0

Reply rate [replies/s]: min 15.0 avg 16.0 max 17.0 stddev 0.1 (299 samples)
Percentages of the replies served at a given rate:
   50%: 15
   66%: 15
   75%: 15
   80%: 15
   90%: 15
   95%: 15
   98%: 15
   99%: 16
  100%: 17

Reply time [ms]: response 15.7 transfer 0.7
Percentages of the requests served within a certain time (ms) :
   50%: 14
   66%: 15
   75%: 17
   80%: 18
   90%: 21
   95%: 23
   98%: 27
   99%: 32
  100%: 288

Reply size [B]: header 162.0 content 72.0 footer 1.0 (total 235.0)
Reply status: 1xx=0 2xx=4800 3xx=0 4xx=0 5xx=0

CPU time [s]: user 250.38 system 49.03 (user 83.5% system 16.3% total 99.8%)
Net I/O: 4.7 KB/s (0.0*10^6 bps)

Errors: total 0 client-timo 0 socket-timo 0 connrefused 0 connreset 0
Errors: fd-unavail 0 addrunavail 0 ftab-full 0 other 0

