httperf --verbose --hog --timeout=50 --client=0/1 --server=172.16.116.116 --port=8080 --uri=/ --rate=16 --send-buffer=4096 --recv-buffer=16384 --num-conns=4800 --num-calls=1
httperf: maximum number of open descriptors = 65535
Maximum connect burst length: 1

Connection lifetime histogram (time in ms):
             :
             9.5 1
            10.5 308
            11.5 791
            12.5 639
            13.5 529
            14.5 437
            15.5 483
            16.5 519
            17.5 272
            18.5 216
            19.5 157
            20.5 132
            21.5 89
            22.5 52
            23.5 52
            24.5 21
            25.5 18
            26.5 12
            27.5 9
            28.5 11
            29.5 6
            30.5 4
            31.5 3
            32.5 2
             :
            36.5 2
            37.5 1
             :
            41.5 1
             :
            48.5 1
             :
            57.5 1
             :
            85.5 1
             :
            88.5 1
             :
            93.5 1
             :
            98.5 1
             :
           127.5 2
             :
           135.5 1
             :
           140.5 1
             :
           146.5 1
             :
           161.5 1
             :
           165.5 1
             :
           168.5 1
             :
           176.5 1
             :
           190.5 1
           191.5 1
             :
           197.5 1
             :
           200.5 1
             :
           210.5 1
             :
           218.5 1
             :
           221.5 1
             :
           225.5 1
           226.5 2
             :
           253.5 1
             :
           263.5 1
             :
           277.5 1
             :
           286.5 1
             :
           323.5 1
             :
           343.5 1
             :
           358.5 1
             :
           385.5 1

Total: connections 4800 requests 4800 replies 4800 test-duration 299.952 s

Connection rate: 16.0 conn/s (62.5 ms/conn, <=2 concurrent connections)
Connection time [ms]: min 10.0 avg 16.2 max 385.4 median 14.5 stddev 16.8
Connection time [ms]: connect 0.8
Connection length [replies/conn]: 1.000

Request rate: 16.0 req/s (62.5 ms/req)
Request size [B]: 67.0

Reply rate [replies/s]: min 15.0 avg 16.0 max 17.0 stddev 0.2 (299 samples)
Percentages of the replies served at a given rate:
   50%: 15
   66%: 15
   75%: 15
   80%: 15
   90%: 15
   95%: 15
   98%: 15
   99%: 16
  100%: 17

Reply time [ms]: response 14.7 transfer 0.6
Percentages of the requests served within a certain time (ms) :
   50%: 12
   66%: 14
   75%: 15
   80%: 15
   90%: 18
   95%: 19
   98%: 23
   99%: 27
  100%: 384

Reply size [B]: header 162.0 content 72.0 footer 1.0 (total 235.0)
Reply status: 1xx=0 2xx=4800 3xx=0 4xx=0 5xx=0

CPU time [s]: user 252.13 system 47.26 (user 84.1% system 15.8% total 99.8%)
Net I/O: 4.7 KB/s (0.0*10^6 bps)

Errors: total 0 client-timo 0 socket-timo 0 connrefused 0 connreset 0
Errors: fd-unavail 0 addrunavail 0 ftab-full 0 other 0

