httperf --verbose --hog --timeout=50 --client=0/1 --server=172.16.116.116 --port=8080 --uri=/ --rate=16 --send-buffer=4096 --recv-buffer=16384 --num-conns=2880 --num-calls=1
httperf: maximum number of open descriptors = 65535
Maximum connect burst length: 1

Connection lifetime histogram (time in ms):
             :
            10.5 278
            11.5 760
            12.5 291
            13.5 214
            14.5 215
            15.5 241
            16.5 393
            17.5 195
            18.5 90
            19.5 59
            20.5 29
            21.5 35
            22.5 19
            23.5 10
            24.5 10
            25.5 5
            26.5 4
             :
            29.5 1
            30.5 1
             :
            36.5 1
             :
            55.5 1
             :
            83.5 1
             :
            90.5 1
             :
            96.5 1
             :
           146.5 1
             :
           175.5 1
             :
           178.5 1
             :
           182.5 1
           183.5 1
             :
           198.5 1
           199.5 1
             :
           202.5 2
             :
           205.5 1
             :
           212.5 1
             :
           224.5 1
           225.5 1
             :
           230.5 1
             :
           232.5 1
           233.5 1
             :
           235.5 1
             :
           239.5 1
             :
           249.5 2
           250.5 1
             :
           256.5 1
             :
           286.5 1
             :
           301.5 1
             :
           333.5 1

Total: connections 2880 requests 2880 replies 2880 test-duration 179.951 s

Connection rate: 16.0 conn/s (62.5 ms/conn, <=2 concurrent connections)
Connection time [ms]: min 10.1 avg 16.1 max 333.1 median 13.5 stddev 20.4
Connection time [ms]: connect 0.7
Connection length [replies/conn]: 1.000

Request rate: 16.0 req/s (62.5 ms/req)
Request size [B]: 67.0

Reply rate [replies/s]: min 15.0 avg 16.0 max 17.0 stddev 0.1 (179 samples)
Percentages of the replies served at a given rate:
   50%: 15
   66%: 15
   75%: 15
   80%: 15
   90%: 15
   95%: 15
   98%: 15
   99%: 16
  100%: 17

Reply time [ms]: response 14.6 transfer 0.7
Percentages of the requests served within a certain time (ms) :
   50%: 11
   66%: 14
   75%: 15
   80%: 15
   90%: 16
   95%: 18
   98%: 20
   99%: 54
  100%: 301

Reply size [B]: header 163.0 content 72.0 footer 2.0 (total 237.0)
Reply status: 1xx=0 2xx=2880 3xx=0 4xx=0 5xx=0

CPU time [s]: user 149.49 system 30.10 (user 83.1% system 16.7% total 99.8%)
Net I/O: 4.7 KB/s (0.0*10^6 bps)

Errors: total 0 client-timo 0 socket-timo 0 connrefused 0 connreset 0
Errors: fd-unavail 0 addrunavail 0 ftab-full 0 other 0

