httperf --verbose --hog --timeout=50 --client=0/1 --server=172.16.116.116 --port=8080 --uri=/ --rate=8 --send-buffer=4096 --recv-buffer=16384 --num-conns=2400 --num-calls=1
httperf: maximum number of open descriptors = 65535
Maximum connect burst length: 1

Connection lifetime histogram (time in ms):
             :
            10.5 147
            11.5 514
            12.5 356
            13.5 263
            14.5 165
            15.5 188
            16.5 230
            17.5 156
            18.5 128
            19.5 57
            20.5 58
            21.5 37
            22.5 21
            23.5 18
            24.5 8
            25.5 9
            26.5 5
            27.5 1
            28.5 3
            29.5 2
            30.5 1
            31.5 3
             :
            33.5 1
            34.5 1
             :
           123.5 1
             :
           135.5 1
             :
           138.5 1
             :
           153.5 1
             :
           157.5 1
             :
           160.5 1
             :
           170.5 1
             :
           179.5 1
             :
           182.5 1
             :
           185.5 1
             :
           209.5 1
             :
           226.5 1
             :
           232.5 1
             :
           234.5 1
             :
           240.5 1
             :
           248.5 1
             :
           261.5 1
             :
           263.5 1
             :
           266.5 1
             :
           270.5 1
           271.5 1
             :
           280.5 1
             :
           289.5 1
             :
           302.5 1
             :
           322.5 1
             :
           336.5 1
             :
           340.5 1
             :
           372.5 1

Total: connections 2400 requests 2400 replies 2400 test-duration 299.889 s

Connection rate: 8.0 conn/s (125.0 ms/conn, <=2 concurrent connections)
Connection time [ms]: min 10.2 avg 17.1 max 372.0 median 13.5 stddev 24.9
Connection time [ms]: connect 0.8
Connection length [replies/conn]: 1.000

Request rate: 8.0 req/s (125.0 ms/req)
Request size [B]: 67.0

Reply rate [replies/s]: min 7.0 avg 8.0 max 9.0 stddev 0.2 (299 samples)
Percentages of the replies served at a given rate:
   50%: 7
   66%: 7
   75%: 7
   80%: 7
   90%: 7
   95%: 7
   98%: 7
   99%: 8
  100%: 9

Reply time [ms]: response 15.7 transfer 0.6
Percentages of the requests served within a certain time (ms) :
   50%: 12
   66%: 14
   75%: 15
   80%: 15
   90%: 17
   95%: 19
   98%: 23
   99%: 137
  100%: 371

Reply size [B]: header 162.0 content 72.0 footer 1.0 (total 235.0)
Reply status: 1xx=0 2xx=2400 3xx=0 4xx=0 5xx=0

CPU time [s]: user 251.93 system 47.50 (user 84.0% system 15.8% total 99.8%)
Net I/O: 2.4 KB/s (0.0*10^6 bps)

Errors: total 0 client-timo 0 socket-timo 0 connrefused 0 connreset 0
Errors: fd-unavail 0 addrunavail 0 ftab-full 0 other 0

