httperf --verbose --hog --timeout=50 --client=0/1 --server=172.16.116.116 --port=8080 --uri=/ --rate=8 --send-buffer=4096 --recv-buffer=16384 --num-conns=2400 --num-calls=1
httperf: maximum number of open descriptors = 65535
Maximum connect burst length: 1

Connection lifetime histogram (time in ms):
             :
            10.5 133
            11.5 491
            12.5 384
            13.5 310
            14.5 188
            15.5 164
            16.5 254
            17.5 124
            18.5 103
            19.5 58
            20.5 43
            21.5 39
            22.5 33
            23.5 18
            24.5 4
            25.5 1
             :
            28.5 1
            29.5 1
             :
            31.5 1
            32.5 1
             :
            38.5 1
            39.5 1
             :
            53.5 1
             :
            66.5 1
            67.5 1
             :
            71.5 1
             :
            81.5 1
             :
            84.5 1
             :
            94.5 1
             :
           103.5 1
             :
           126.5 1
             :
           140.5 1
             :
           143.5 1
             :
           150.5 1
             :
           152.5 1
           153.5 1
             :
           158.5 1
             :
           161.5 1
             :
           169.5 2
             :
           173.5 1
             :
           178.5 1
             :
           180.5 1
             :
           186.5 1
             :
           192.5 1
             :
           197.5 2
           198.5 1
             :
           200.5 1
             :
           202.5 1
             :
           204.5 1
             :
           214.5 1
             :
           218.5 1
             :
           225.5 1
             :
           228.5 1
           229.5 1
             :
           233.5 1
             :
           241.5 1
           242.5 1
             :
           246.5 1
             :
           254.5 1
             :
           261.5 1
             :
           263.5 1
             :
           266.5 1
             :
           270.5 1
             :
           303.5 1
             :
           332.5 1
             :
           361.5 1
             :
           367.5 1

Total: connections 2400 requests 2400 replies 2400 test-duration 299.891 s

Connection rate: 8.0 conn/s (125.0 ms/conn, <=2 concurrent connections)
Connection time [ms]: min 10.2 avg 17.9 max 367.2 median 13.5 stddev 26.9
Connection time [ms]: connect 0.8
Connection length [replies/conn]: 1.000

Request rate: 8.0 req/s (125.0 ms/req)
Request size [B]: 67.0

Reply rate [replies/s]: min 7.0 avg 8.0 max 9.0 stddev 0.2 (299 samples)
Percentages of the replies served at a given rate:
   50%: 7
   66%: 7
   75%: 7
   80%: 7
   90%: 7
   95%: 7
   98%: 8
   99%: 8
  100%: 9

Reply time [ms]: response 16.3 transfer 0.7
Percentages of the requests served within a certain time (ms) :
   50%: 12
   66%: 14
   75%: 15
   80%: 15
   90%: 17
   95%: 20
   98%: 37
   99%: 177
  100%: 359

Reply size [B]: header 162.0 content 72.0 footer 1.0 (total 235.0)
Reply status: 1xx=0 2xx=2400 3xx=0 4xx=0 5xx=0

CPU time [s]: user 253.11 system 46.31 (user 84.4% system 15.4% total 99.8%)
Net I/O: 2.4 KB/s (0.0*10^6 bps)

Errors: total 0 client-timo 0 socket-timo 0 connrefused 0 connreset 0
Errors: fd-unavail 0 addrunavail 0 ftab-full 0 other 0

