httperf --verbose --hog --timeout=50 --client=0/1 --server=172.16.116.116 --port=8080 --uri=/ --rate=8 --send-buffer=4096 --recv-buffer=16384 --num-conns=2400 --num-calls=1
httperf: maximum number of open descriptors = 65535
Maximum connect burst length: 1

Connection lifetime histogram (time in ms):
             :
             9.5 1
            10.5 102
            11.5 417
            12.5 406
            13.5 283
            14.5 201
            15.5 169
            16.5 245
            17.5 155
            18.5 126
            19.5 82
            20.5 46
            21.5 19
            22.5 14
            23.5 10
            24.5 7
            25.5 6
            26.5 2
            27.5 3
            28.5 5
            29.5 1
            30.5 1
            31.5 1
             :
            33.5 1
             :
            59.5 1
             :
            66.5 1
            67.5 1
             :
            69.5 1
             :
            71.5 1
             :
            76.5 1
             :
            87.5 1
             :
            98.5 1
            99.5 1
             :
           104.5 1
             :
           107.5 1
             :
           110.5 1
             :
           114.5 2
           115.5 1
           116.5 1
             :
           119.5 1
             :
           126.5 1
             :
           128.5 1
             :
           134.5 1
             :
           140.5 1
             :
           142.5 1
             :
           144.5 2
             :
           154.5 2
           155.5 1
             :
           157.5 1
             :
           159.5 1
             :
           162.5 1
           163.5 2
             :
           169.5 1
             :
           176.5 1
             :
           179.5 1
             :
           188.5 1
           189.5 1
             :
           193.5 1
           194.5 1
             :
           197.5 1
           198.5 1
           199.5 1
           200.5 1
             :
           202.5 1
           203.5 2
           204.5 1
             :
           207.5 2
             :
           210.5 1
             :
           214.5 1
             :
           216.5 1
           217.5 1
           218.5 1
             :
           221.5 2
           222.5 1
           223.5 2
             :
           225.5 1
           226.5 1
             :
           230.5 1
           231.5 2
             :
           234.5 1
             :
           236.5 2
             :
           239.5 1
             :
           241.5 2
             :
           245.5 2
           246.5 2
             :
           248.5 1
           249.5 1
           250.5 2
             :
           255.5 1
             :
           264.5 1
             :
           269.5 1
           270.5 2
             :
           275.5 1
             :
           277.5 1
             :
           281.5 1
             :
           287.5 1
             :
           298.5 1
             :
           309.5 2
             :
           320.5 1
             :
           326.5 1
             :
           329.5 1
             :
           341.5 1
             :
           344.5 1
             :
           350.5 1
             :
           364.5 1

Total: connections 2400 requests 2400 replies 2400 test-duration 299.894 s

Connection rate: 8.0 conn/s (125.0 ms/conn, <=2 concurrent connections)
Connection time [ms]: min 10.0 avg 22.2 max 364.8 median 13.5 stddev 39.8
Connection time [ms]: connect 0.8
Connection length [replies/conn]: 1.000

Request rate: 8.0 req/s (125.0 ms/req)
Request size [B]: 67.0

Reply rate [replies/s]: min 7.0 avg 8.0 max 9.0 stddev 0.3 (299 samples)
Percentages of the replies served at a given rate:
   50%: 7
   66%: 7
   75%: 7
   80%: 7
   90%: 7
   95%: 8
   98%: 8
   99%: 8
  100%: 9

Reply time [ms]: response 20.3 transfer 1.0
Percentages of the requests served within a certain time (ms) :
   50%: 12
   66%: 14
   75%: 15
   80%: 15
   90%: 17
   95%: 21
   98%: 197
   99%: 235
  100%: 364

Reply size [B]: header 162.0 content 72.0 footer 1.0 (total 235.0)
Reply status: 1xx=0 2xx=2400 3xx=0 4xx=0 5xx=0

CPU time [s]: user 246.50 system 52.95 (user 82.2% system 17.7% total 99.9%)
Net I/O: 2.4 KB/s (0.0*10^6 bps)

Errors: total 0 client-timo 0 socket-timo 0 connrefused 0 connreset 0
Errors: fd-unavail 0 addrunavail 0 ftab-full 0 other 0

