httperf --verbose --hog --timeout=1 --client=0/1 --server=172.17.60.201 --port=80 --uri=/ --rate=256 --send-buffer=4096 --recv-buffer=16384 --num-conns=30000 --num-calls=1
httperf: maximum number of open descriptors = 4096
Maximum connect burst length: 4

Connection lifetime histogram (time in ms):
             :
             1.5 16
             2.5 80
             3.5 190
             4.5 372
             5.5 586
             6.5 729
             7.5 867
             8.5 1039
             9.5 1081
            10.5 1202
            11.5 1203
            12.5 1423
            13.5 1321
            14.5 1193
            15.5 1147
            16.5 1226
            17.5 1029
            18.5 931
            19.5 873
            20.5 824
            21.5 742
            22.5 648
            23.5 549
            24.5 567
            25.5 447
            26.5 396
            27.5 311
            28.5 322
            29.5 272
            30.5 212
            31.5 191
            32.5 173
            33.5 164
            34.5 121
            35.5 118
            36.5 131
            37.5 103
            38.5 74
            39.5 74
            40.5 75
            41.5 69
            42.5 35
            43.5 49
            44.5 40
            45.5 26
            46.5 28
            47.5 28
            48.5 15
            49.5 17
            50.5 22
            51.5 20
            52.5 11
            53.5 13
            54.5 8
            55.5 8
            56.5 8
            57.5 7
            58.5 5
            59.5 4
            60.5 4
            61.5 3
            62.5 3
            63.5 2
            64.5 1
            65.5 3
            66.5 1
            67.5 4
             :
            69.5 1
             :
            71.5 2
             :
            73.5 1
            74.5 1
            75.5 2
            76.5 4
             :
            83.5 1
             :
            85.5 1
             :
            87.5 1
             :
            90.5 1
            91.5 1
             :
            94.5 3
             :
            97.5 1
             :
           106.5 1
           107.5 1
             :
           111.5 1
           112.5 1
             :
           114.5 2
           115.5 1
             :
           120.5 2
             :
           123.5 1
             :
           125.5 2
             :
           127.5 1
             :
           129.5 1
             :
           131.5 2
             :
           133.5 1
           134.5 1
             :
           140.5 1
             :
           144.5 1
             :
           146.5 2
             :
           148.5 1
             :
           154.5 1
             :
           159.5 1
             :
           162.5 1
           163.5 1
           164.5 1
             :
           168.5 1
             :
           170.5 1
             :
           179.5 1
             :
           181.5 1
           182.5 1
             :
           186.5 1
             :
           190.5 1
             :
           193.5 1
           194.5 1
             :
           197.5 2
           198.5 1
           199.5 1
             :
           204.5 1
           205.5 1
             :
           208.5 1
             :
           213.5 2
             :
           217.5 1
             :
           219.5 1
           220.5 2
             :
           222.5 1
             :
           225.5 1
           226.5 1
             :
           228.5 1
           229.5 1
             :
           238.5 1
           239.5 2
             :
           246.5 1
             :
           264.5 1
             :
           273.5 1
           274.5 1
           275.5 1
             :
           277.5 1
             :
           280.5 1
             :
           283.5 1
           284.5 1
             :
           289.5 1
             :
           292.5 1
           293.5 1
             :
           295.5 1
             :
           304.5 1
             :
           309.5 2
             :
           311.5 1
           312.5 1
             :
           320.5 1
             :
           323.5 1
           324.5 1
           325.5 1
             :
           329.5 2
             :
           338.5 1
             :
           347.5 2
           348.5 1
             :
           353.5 1
             :
           358.5 1
           359.5 1
             :
           369.5 1
           370.5 1
             :
           404.5 1
             :
           411.5 1
             :
           416.5 1
             :
           418.5 1
             :
           422.5 1
             :
           427.5 2
             :
           429.5 1
             :
           447.5 1
             :
           463.5 1
           464.5 1
             :
           467.5 1
             :
           470.5 1
             :
           487.5 1
             :
           495.5 1
             :
           524.5 1
             :
           526.5 1
           527.5 1
             :
           534.5 1
             :
           560.5 2
             :
           573.5 1
             :
           575.5 1
             :
           577.5 1
             :
           580.5 1
             :
           587.5 1
             :
           594.5 1
           595.5 1
             :
           598.5 1
             :
           604.5 1
             :
           608.5 1
             :
           612.5 1
           613.5 1
             :
           615.5 1
             :
           621.5 1
             :
           634.5 1
             :
           644.5 1
             :
           647.5 1
             :
           650.5 1
             :
           658.5 1
             :
           663.5 1
             :
           680.5 1
             :
           689.5 1
           690.5 1
             :
           693.5 1
             :
           707.5 2
             :
           711.5 1
             :
           719.5 1
             :
           721.5 1
             :
           724.5 1
             :
           733.5 1
           734.5 1
             :
           743.5 1
           744.5 1
             :
           747.5 1
             :
           750.5 1
             :
           752.5 1
             :
           758.5 1
             :
           771.5 1
             :
           809.5 1
             :
           811.5 1
             :
           815.5 1
             :
           823.5 1
             :
           827.5 2
             :
           835.5 1
           836.5 1
             :
           839.5 2
             :
           842.5 1
             :
           845.5 1
             :
           853.5 1
           854.5 1
             :
           880.5 1
             :
           886.5 1
             :
           891.5 1
             :
           900.5 2
           901.5 1
             :
           910.5 1
             :
           915.5 1
             :
           927.5 1
             :
           930.5 1
             :
           957.5 1
             :
           962.5 1
             :
           967.5 2
             :
           983.5 1
             :
           988.5 1
             :
           992.5 1
             :
          1972.5 1

Total: connections 30000 requests 24725 replies 23659 test-duration 118.180 s

Connection rate: 253.9 conn/s (3.9 ms/conn, <=200 concurrent connections)
Connection time [ms]: min 1.4 avg 20.5 max 1972.1 median 15.5 stddev 48.0
Connection time [ms]: connect 8.3
Connection length [replies/conn]: 1.000

Request rate: 209.2 req/s (4.8 ms/req)
Request size [B]: 66.0

Reply rate [replies/s]: min 45.0 avg 200.5 max 259.0 stddev 40.9 (118 samples)
Percentages of the replies served at a given rate:
   50%: 200
   66%: 211
   75%: 228
   80%: 242
   90%: 253
   95%: 256
   98%: 257
   99%: 258
  100%: 259

Reply time [ms]: response 14.6 transfer 0.0
Percentages of the requests served within a certain time (ms) :
   50%: 9
   66%: 12
   75%: 14
   80%: 15
   90%: 20
   95%: 25
   98%: 33
   99%: 44
  100%: 990

Reply size [B]: header 266.0 content 76.0 footer 0.0 (total 342.0)
Reply status: 1xx=0 2xx=23659 3xx=0 4xx=0 5xx=0

CPU time [s]: user 53.20 system 63.76 (user 45.0% system 53.9% total 99.0%)
Net I/O: 80.6 KB/s (0.7*10^6 bps)

Errors: total 6341 client-timo 6341 socket-timo 0 connrefused 0 connreset 0
Errors: fd-unavail 0 addrunavail 0 ftab-full 0 other 0

