httperf --verbose --hog --timeout=1 --client=0/1 --server=172.17.60.201 --port=80 --uri=/ --rate=256 --send-buffer=4096 --recv-buffer=16384 --num-conns=30000 --num-calls=1
httperf: maximum number of open descriptors = 4096
Maximum connect burst length: 4

Connection lifetime histogram (time in ms):
             :
             1.5 34
             2.5 115
             3.5 268
             4.5 472
             5.5 598
             6.5 802
             7.5 978
             8.5 1117
             9.5 1232
            10.5 1229
            11.5 1239
            12.5 1375
            13.5 1285
            14.5 1175
            15.5 1090
            16.5 1111
            17.5 1021
            18.5 953
            19.5 834
            20.5 821
            21.5 644
            22.5 612
            23.5 552
            24.5 497
            25.5 421
            26.5 366
            27.5 337
            28.5 302
            29.5 261
            30.5 212
            31.5 179
            32.5 198
            33.5 143
            34.5 123
            35.5 97
            36.5 90
            37.5 84
            38.5 65
            39.5 67
            40.5 47
            41.5 42
            42.5 36
            43.5 37
            44.5 23
            45.5 26
            46.5 26
            47.5 27
            48.5 27
            49.5 21
            50.5 19
            51.5 18
            52.5 12
            53.5 8
            54.5 13
            55.5 7
            56.5 12
            57.5 4
            58.5 4
            59.5 5
            60.5 7
            61.5 4
            62.5 2
            63.5 3
            64.5 4
            65.5 2
            66.5 5
            67.5 1
            68.5 2
            69.5 2
            70.5 1
            71.5 1
            72.5 3
            73.5 1
            74.5 2
            75.5 2
            76.5 1
             :
            78.5 2
             :
            80.5 2
             :
            82.5 2
             :
            84.5 1
             :
            86.5 1
            87.5 1
             :
            90.5 1
             :
            92.5 1
             :
            96.5 1
            97.5 1
             :
           100.5 1
             :
           106.5 1
             :
           108.5 1
             :
           111.5 1
             :
           117.5 1
           118.5 1
           119.5 1
           120.5 1
             :
           125.5 1
           126.5 2
             :
           128.5 2
           129.5 3
             :
           131.5 1
           132.5 1
           133.5 1
           134.5 1
             :
           141.5 1
             :
           144.5 1
             :
           146.5 1
           147.5 1
             :
           155.5 1
             :
           157.5 1
             :
           160.5 1
           161.5 2
             :
           167.5 1
             :
           171.5 1
           172.5 1
             :
           174.5 1
             :
           178.5 1
             :
           180.5 1
             :
           183.5 1
             :
           187.5 1
             :
           190.5 1
             :
           192.5 1
             :
           201.5 2
             :
           203.5 1
             :
           205.5 1
             :
           208.5 1
           209.5 1
           210.5 1
             :
           214.5 1
             :
           216.5 1
             :
           219.5 1
           220.5 2
           221.5 1
           222.5 1
           223.5 2
             :
           225.5 1
             :
           231.5 1
           232.5 1
             :
           239.5 1
             :
           242.5 2
             :
           248.5 1
             :
           251.5 1
             :
           256.5 1
             :
           258.5 1
             :
           268.5 1
             :
           279.5 1
             :
           281.5 1
             :
           286.5 1
             :
           292.5 1
             :
           294.5 1
             :
           305.5 1
           306.5 1
             :
           313.5 1
             :
           335.5 1
             :
           338.5 1
             :
           343.5 1
             :
           345.5 2
             :
           349.5 1
             :
           358.5 1
             :
           361.5 1
             :
           367.5 1
             :
           393.5 1
             :
           416.5 1
           417.5 1
             :
           422.5 1
             :
           429.5 1
             :
           432.5 1
             :
           443.5 1
             :
           458.5 1
             :
           461.5 1
             :
           464.5 1
             :
           478.5 1
             :
           485.5 1
             :
           515.5 1
             :
           518.5 1
           519.5 1
             :
           548.5 1
           549.5 1
             :
           552.5 1
             :
           555.5 1
             :
           558.5 1
             :
           566.5 2
             :
           571.5 1
             :
           573.5 1
             :
           579.5 1
             :
           581.5 1
             :
           586.5 1
             :
           589.5 1
             :
           594.5 1
             :
           597.5 2
           598.5 1
             :
           606.5 1
             :
           608.5 1
             :
           629.5 1
             :
           635.5 1
           636.5 1
             :
           638.5 1
             :
           640.5 1
             :
           669.5 1
             :
           680.5 1
             :
           684.5 1
             :
           715.5 1
             :
           717.5 1
             :
           720.5 1
             :
           725.5 1
             :
           736.5 1
             :
           746.5 1
             :
           751.5 1
           752.5 1
             :
           754.5 1
             :
           759.5 1
             :
           783.5 1
             :
           787.5 1
             :
           792.5 1
           793.5 1
           794.5 2
           795.5 1
             :
           797.5 1
             :
           812.5 1
           813.5 1
             :
           815.5 1
             :
           830.5 1
             :
           836.5 2
             :
           840.5 1
             :
           849.5 1
             :
           855.5 1
             :
           860.5 1
             :
           865.5 1
             :
           888.5 1
             :
           906.5 1
           907.5 1
             :
           920.5 1
             :
           924.5 1
             :
           947.5 1
             :
           951.5 1
             :
           965.5 1
           966.5 1
             :
           969.5 1
             :
           977.5 1
             :
           987.5 1
             :
           991.5 1
           992.5 2
             :
          1007.5 1

Total: connections 30000 requests 24712 replies 23639 test-duration 118.176 s

Connection rate: 253.9 conn/s (3.9 ms/conn, <=192 concurrent connections)
Connection time [ms]: min 1.1 avg 19.7 max 1007.8 median 14.5 stddev 45.5
Connection time [ms]: connect 9.0
Connection length [replies/conn]: 1.000

Request rate: 209.1 req/s (4.8 ms/req)
Request size [B]: 66.0

Reply rate [replies/s]: min 41.0 avg 200.3 max 260.0 stddev 40.9 (118 samples)
Percentages of the replies served at a given rate:
   50%: 200
   66%: 211
   75%: 230
   80%: 243
   90%: 253
   95%: 255
   98%: 256
   99%: 257
  100%: 260

Reply time [ms]: response 14.0 transfer 0.0
Percentages of the requests served within a certain time (ms) :
   50%: 9
   66%: 12
   75%: 14
   80%: 15
   90%: 19
   95%: 24
   98%: 32
   99%: 44
  100%: 989

Reply size [B]: header 266.0 content 76.0 footer 0.0 (total 342.0)
Reply status: 1xx=0 2xx=23639 3xx=0 4xx=0 5xx=0

CPU time [s]: user 60.75 system 56.53 (user 51.4% system 47.8% total 99.2%)
Net I/O: 80.5 KB/s (0.7*10^6 bps)

Errors: total 6361 client-timo 6361 socket-timo 0 connrefused 0 connreset 0
Errors: fd-unavail 0 addrunavail 0 ftab-full 0 other 0

