httperf --verbose --hog --timeout=1 --client=0/1 --server=172.17.60.201 --port=80 --uri=/ --rate=256 --send-buffer=4096 --recv-buffer=16384 --num-conns=30000 --num-calls=1
httperf: maximum number of open descriptors = 4096
Maximum connect burst length: 4

Connection lifetime histogram (time in ms):
             :
             1.5 9
             2.5 73
             3.5 173
             4.5 358
             5.5 527
             6.5 729
             7.5 850
             8.5 933
             9.5 1023
            10.5 1173
            11.5 1197
            12.5 1220
            13.5 1253
            14.5 1173
            15.5 1119
            16.5 1118
            17.5 1053
            18.5 979
            19.5 868
            20.5 912
            21.5 753
            22.5 702
            23.5 636
            24.5 592
            25.5 466
            26.5 439
            27.5 373
            28.5 348
            29.5 283
            30.5 276
            31.5 241
            32.5 207
            33.5 186
            34.5 122
            35.5 133
            36.5 128
            37.5 95
            38.5 99
            39.5 86
            40.5 69
            41.5 61
            42.5 48
            43.5 49
            44.5 51
            45.5 36
            46.5 30
            47.5 31
            48.5 29
            49.5 23
            50.5 16
            51.5 11
            52.5 16
            53.5 19
            54.5 11
            55.5 7
            56.5 9
            57.5 11
            58.5 6
            59.5 5
            60.5 12
            61.5 4
            62.5 2
            63.5 3
            64.5 3
            65.5 1
            66.5 6
            67.5 1
            68.5 1
            69.5 4
            70.5 1
            71.5 1
            72.5 1
            73.5 2
            74.5 1
            75.5 1
             :
            80.5 1
            81.5 1
             :
            83.5 2
            84.5 1
            85.5 1
             :
            87.5 1
             :
            94.5 1
            95.5 1
             :
            97.5 1
             :
            99.5 2
           100.5 1
           101.5 1
             :
           103.5 2
           104.5 1
           105.5 1
           106.5 1
             :
           108.5 1
           109.5 1
             :
           114.5 1
             :
           116.5 1
           117.5 1
             :
           120.5 1
             :
           125.5 1
             :
           127.5 1
           128.5 2
           129.5 1
           130.5 1
             :
           132.5 1
             :
           134.5 1
           135.5 1
             :
           138.5 1
             :
           142.5 1
             :
           146.5 1
             :
           149.5 1
           150.5 2
             :
           158.5 1
             :
           162.5 1
           163.5 1
           164.5 1
             :
           166.5 3
             :
           171.5 1
             :
           174.5 1
             :
           178.5 2
             :
           181.5 1
             :
           185.5 1
             :
           188.5 1
           189.5 1
             :
           191.5 1
             :
           198.5 1
             :
           202.5 2
             :
           204.5 1
             :
           209.5 1
             :
           215.5 1
           216.5 1
           217.5 2
             :
           221.5 1
             :
           223.5 2
             :
           233.5 1
             :
           241.5 2
           242.5 2
             :
           245.5 1
             :
           248.5 1
             :
           253.5 1
             :
           256.5 1
           257.5 2
             :
           260.5 2
             :
           266.5 1
             :
           273.5 1
           274.5 1
             :
           285.5 1
             :
           287.5 1
             :
           290.5 1
             :
           292.5 1
             :
           302.5 1
           303.5 1
           304.5 1
             :
           307.5 1
             :
           310.5 1
             :
           315.5 1
             :
           324.5 1
             :
           327.5 1
             :
           331.5 1
             :
           333.5 1
           334.5 1
             :
           340.5 1
             :
           344.5 1
             :
           362.5 2
             :
           383.5 1
             :
           386.5 1
             :
           392.5 1
             :
           398.5 1
             :
           420.5 1
             :
           423.5 1
             :
           463.5 1
             :
           468.5 1
             :
           486.5 1
             :
           505.5 1
             :
           515.5 1
             :
           527.5 1
             :
           540.5 1
           541.5 1
             :
           544.5 1
           545.5 1
             :
           568.5 1
             :
           572.5 2
             :
           586.5 1
             :
           590.5 1
           591.5 2
             :
           596.5 1
             :
           603.5 1
             :
           606.5 1
             :
           613.5 1
             :
           615.5 1
             :
           621.5 1
           622.5 1
             :
           630.5 1
             :
           645.5 1
           646.5 1
             :
           653.5 1
             :
           661.5 1
             :
           663.5 1
             :
           672.5 1
             :
           677.5 1
             :
           705.5 1
             :
           712.5 1
             :
           714.5 1
             :
           720.5 1
             :
           726.5 1
             :
           729.5 1
             :
           742.5 1
             :
           749.5 1
             :
           775.5 1
             :
           786.5 1
           787.5 1
             :
           792.5 1
             :
           794.5 1
             :
           799.5 1
             :
           801.5 1
           802.5 1
             :
           809.5 1
             :
           817.5 1
             :
           848.5 1
             :
           850.5 1
             :
           852.5 1
             :
           861.5 1
           862.5 2
             :
           867.5 1
             :
           890.5 1
             :
           903.5 1
             :
           914.5 1
             :
           916.5 1
             :
           921.5 1
             :
           936.5 2
             :
           945.5 1
           946.5 1
           947.5 1
           948.5 1
           949.5 1
           950.5 1
             :
           952.5 1
             :
           960.5 1
             :
           971.5 1
             :
           979.5 1
           980.5 2
             :
           993.5 1
             :
          1001.5 1

Total: connections 30000 requests 24709 replies 23674 test-duration 118.259 s

Connection rate: 253.7 conn/s (3.9 ms/conn, <=199 concurrent connections)
Connection time [ms]: min 1.5 avg 20.8 max 1001.4 median 16.5 stddev 46.0
Connection time [ms]: connect 8.5
Connection length [replies/conn]: 1.000

Request rate: 208.9 req/s (4.8 ms/req)
Request size [B]: 66.0

Reply rate [replies/s]: min 39.0 avg 200.6 max 261.0 stddev 41.3 (118 samples)
Percentages of the replies served at a given rate:
   50%: 200
   66%: 212
   75%: 232
   80%: 245
   90%: 253
   95%: 255
   98%: 257
   99%: 257
  100%: 261

Reply time [ms]: response 14.7 transfer 0.0
Percentages of the requests served within a certain time (ms) :
   50%: 10
   66%: 12
   75%: 15
   80%: 16
   90%: 20
   95%: 25
   98%: 33
   99%: 45
  100%: 997

Reply size [B]: header 266.0 content 76.0 footer 0.0 (total 342.0)
Reply status: 1xx=0 2xx=23674 3xx=0 4xx=0 5xx=0

CPU time [s]: user 53.71 system 63.18 (user 45.4% system 53.4% total 98.8%)
Net I/O: 80.6 KB/s (0.7*10^6 bps)

Errors: total 6326 client-timo 6326 socket-timo 0 connrefused 0 connreset 0
Errors: fd-unavail 0 addrunavail 0 ftab-full 0 other 0

