httperf --verbose --hog --timeout=1 --client=0/1 --server=172.17.60.201 --port=80 --uri=/ --rate=256 --send-buffer=4096 --recv-buffer=16384 --num-conns=30000 --num-calls=1
httperf: maximum number of open descriptors = 4096
Maximum connect burst length: 4

Connection lifetime histogram (time in ms):
             :
             1.5 44
             2.5 166
             3.5 284
             4.5 454
             5.5 655
             6.5 824
             7.5 984
             8.5 1135
             9.5 1204
            10.5 1299
            11.5 1252
            12.5 1302
            13.5 1270
            14.5 1208
            15.5 1129
            16.5 1086
            17.5 1022
            18.5 961
            19.5 772
            20.5 781
            21.5 676
            22.5 642
            23.5 518
            24.5 457
            25.5 415
            26.5 391
            27.5 287
            28.5 277
            29.5 239
            30.5 216
            31.5 193
            32.5 148
            33.5 129
            34.5 128
            35.5 106
            36.5 107
            37.5 86
            38.5 80
            39.5 54
            40.5 64
            41.5 42
            42.5 36
            43.5 39
            44.5 34
            45.5 34
            46.5 20
            47.5 20
            48.5 21
            49.5 21
            50.5 12
            51.5 13
            52.5 14
            53.5 7
            54.5 14
            55.5 8
            56.5 4
            57.5 5
            58.5 5
            59.5 7
            60.5 5
            61.5 2
            62.5 1
            63.5 1
            64.5 3
            65.5 1
            66.5 1
            67.5 1
             :
            69.5 3
             :
            73.5 1
            74.5 1
            75.5 1
            76.5 1
            77.5 1
             :
            79.5 1
            80.5 1
             :
            83.5 1
            84.5 1
             :
            89.5 1
             :
            91.5 1
            92.5 1
            93.5 1
             :
            96.5 1
             :
           100.5 1
             :
           102.5 2
             :
           105.5 1
             :
           109.5 1
           110.5 1
             :
           112.5 1
             :
           114.5 1
           115.5 1
             :
           118.5 2
           119.5 1
           120.5 1
           121.5 1
             :
           123.5 1
             :
           125.5 1
           126.5 3
             :
           128.5 1
           129.5 1
             :
           133.5 2
             :
           135.5 1
             :
           137.5 2
           138.5 1
             :
           145.5 1
             :
           147.5 1
             :
           151.5 1
             :
           155.5 1
           156.5 1
           157.5 2
           158.5 1
             :
           161.5 1
             :
           163.5 1
             :
           165.5 1
             :
           169.5 1
           170.5 1
             :
           174.5 1
           175.5 1
             :
           177.5 1
             :
           182.5 1
             :
           184.5 1
             :
           187.5 1
           188.5 1
             :
           199.5 1
             :
           206.5 1
           207.5 1
             :
           210.5 1
             :
           215.5 1
             :
           218.5 1
             :
           221.5 2
             :
           223.5 2
             :
           228.5 1
           229.5 2
             :
           236.5 1
             :
           240.5 1
             :
           247.5 1
             :
           250.5 1
           251.5 1
             :
           254.5 1
             :
           270.5 2
             :
           274.5 2
             :
           286.5 1
             :
           291.5 1
             :
           295.5 1
             :
           304.5 1
           305.5 2
             :
           317.5 1
             :
           319.5 1
             :
           323.5 2
             :
           326.5 1
           327.5 1
           328.5 2
             :
           345.5 1
           346.5 1
             :
           356.5 1
             :
           361.5 1
             :
           375.5 1
             :
           387.5 1
           388.5 1
             :
           394.5 2
             :
           397.5 1
             :
           422.5 1
             :
           439.5 1
             :
           447.5 1
             :
           451.5 1
             :
           465.5 1
             :
           470.5 3
             :
           490.5 1
             :
           499.5 1
             :
           508.5 1
           509.5 1
             :
           514.5 1
             :
           516.5 2
             :
           520.5 1
             :
           541.5 1
             :
           547.5 1
           548.5 1
             :
           551.5 2
             :
           564.5 1
             :
           573.5 1
             :
           578.5 1
             :
           580.5 2
             :
           591.5 1
             :
           593.5 1
             :
           598.5 2
             :
           610.5 1
             :
           614.5 1
           615.5 1
             :
           633.5 1
             :
           651.5 1
             :
           657.5 1
             :
           671.5 1
             :
           676.5 1
             :
           703.5 1
             :
           708.5 1
             :
           711.5 1
             :
           732.5 1
             :
           754.5 1
             :
           771.5 1
             :
           784.5 1
             :
           791.5 1
             :
           797.5 1
           798.5 1
             :
           802.5 1
             :
           810.5 1
             :
           816.5 1
             :
           819.5 1
             :
           826.5 1
           827.5 1
             :
           837.5 1
             :
           854.5 1
           855.5 1
             :
           863.5 2
             :
           865.5 2
             :
           869.5 1
           870.5 1
             :
           874.5 1
             :
           882.5 1
             :
           885.5 1
             :
           898.5 1
             :
           907.5 1
             :
           909.5 1
             :
           911.5 1
             :
           914.5 1
             :
           916.5 1
             :
           921.5 1
           922.5 1
             :
           928.5 1
             :
           936.5 1
             :
           939.5 1
             :
           956.5 1
           957.5 1
             :
           961.5 1
             :
           969.5 2
             :
           973.5 1
             :
           986.5 1
             :
           989.5 1
             :
           991.5 1
             :
           997.5 2
             :
          1006.5 1
             :
          1941.5 1

Total: connections 30000 requests 24682 replies 23617 test-duration 118.687 s

Connection rate: 252.8 conn/s (4.0 ms/conn, <=198 concurrent connections)
Connection time [ms]: min 1.3 avg 19.9 max 1941.3 median 14.5 stddev 49.8
Connection time [ms]: connect 9.0
Connection length [replies/conn]: 1.000

Request rate: 208.0 req/s (4.8 ms/req)
Request size [B]: 66.0

Reply rate [replies/s]: min 45.0 avg 200.1 max 258.0 stddev 41.0 (118 samples)
Percentages of the replies served at a given rate:
   50%: 198
   66%: 214
   75%: 231
   80%: 241
   90%: 254
   95%: 256
   98%: 256
   99%: 257
  100%: 258

Reply time [ms]: response 14.2 transfer 0.0
Percentages of the requests served within a certain time (ms) :
   50%: 9
   66%: 11
   75%: 13
   80%: 15
   90%: 19
   95%: 24
   98%: 32
   99%: 44
  100%: 1000

Reply size [B]: header 266.0 content 76.0 footer 0.0 (total 342.0)
Reply status: 1xx=0 2xx=23617 3xx=0 4xx=0 5xx=0

CPU time [s]: user 59.44 system 58.35 (user 50.1% system 49.2% total 99.2%)
Net I/O: 80.1 KB/s (0.7*10^6 bps)

Errors: total 6383 client-timo 6383 socket-timo 0 connrefused 0 connreset 0
Errors: fd-unavail 0 addrunavail 0 ftab-full 0 other 0

