httperf --verbose --hog --timeout=1 --client=0/1 --server=172.17.60.201 --port=80 --uri=/ --rate=256 --send-buffer=4096 --recv-buffer=16384 --num-conns=30000 --num-calls=1
httperf: maximum number of open descriptors = 4096
Maximum connect burst length: 4

Connection lifetime histogram (time in ms):
             :
             1.5 19
             2.5 130
             3.5 274
             4.5 398
             5.5 613
             6.5 803
             7.5 943
             8.5 1078
             9.5 1233
            10.5 1213
            11.5 1141
            12.5 1276
            13.5 1328
            14.5 1217
            15.5 1115
            16.5 1155
            17.5 1063
            18.5 926
            19.5 839
            20.5 823
            21.5 712
            22.5 615
            23.5 522
            24.5 514
            25.5 427
            26.5 396
            27.5 307
            28.5 296
            29.5 258
            30.5 236
            31.5 194
            32.5 170
            33.5 146
            34.5 149
            35.5 111
            36.5 109
            37.5 74
            38.5 87
            39.5 61
            40.5 47
            41.5 60
            42.5 45
            43.5 37
            44.5 43
            45.5 21
            46.5 20
            47.5 24
            48.5 15
            49.5 18
            50.5 10
            51.5 17
            52.5 7
            53.5 11
            54.5 11
            55.5 10
            56.5 5
            57.5 4
            58.5 6
            59.5 8
            60.5 2
            61.5 5
            62.5 2
            63.5 2
             :
            65.5 2
             :
            67.5 4
            68.5 3
            69.5 2
            70.5 1
             :
            73.5 1
             :
            75.5 1
             :
            78.5 1
             :
            80.5 1
            81.5 2
             :
            85.5 1
            86.5 1
             :
            88.5 2
            89.5 1
             :
            91.5 1
             :
            94.5 1
            95.5 2
             :
            98.5 2
             :
           106.5 1
             :
           108.5 1
             :
           110.5 1
           111.5 1
             :
           116.5 1
           117.5 1
             :
           119.5 1
           120.5 2
             :
           122.5 1
           123.5 1
           124.5 1
           125.5 2
             :
           131.5 1
             :
           136.5 1
             :
           146.5 1
           147.5 1
             :
           149.5 2
             :
           153.5 1
             :
           158.5 1
           159.5 2
             :
           161.5 1
           162.5 1
             :
           164.5 2
             :
           167.5 1
             :
           173.5 1
           174.5 1
             :
           178.5 1
             :
           184.5 1
             :
           186.5 1
           187.5 1
             :
           189.5 1
             :
           191.5 1
             :
           193.5 1
             :
           203.5 1
           204.5 2
             :
           208.5 1
             :
           211.5 1
           212.5 1
             :
           216.5 2
           217.5 2
           218.5 1
             :
           220.5 1
             :
           226.5 1
             :
           228.5 1
             :
           232.5 1
             :
           235.5 2
             :
           241.5 1
             :
           244.5 1
             :
           260.5 1
             :
           269.5 1
             :
           275.5 1
             :
           278.5 1
             :
           281.5 1
           282.5 1
             :
           287.5 1
           288.5 1
           289.5 1
             :
           294.5 1
           295.5 1
             :
           300.5 1
           301.5 1
             :
           304.5 1
             :
           306.5 1
             :
           317.5 1
             :
           319.5 1
             :
           324.5 1
             :
           327.5 1
             :
           329.5 2
             :
           331.5 1
             :
           344.5 1
             :
           347.5 1
             :
           356.5 1
             :
           358.5 1
             :
           368.5 1
             :
           378.5 1
             :
           394.5 1
             :
           402.5 1
           403.5 1
           404.5 2
             :
           412.5 1
             :
           416.5 1
             :
           420.5 1
             :
           422.5 1
             :
           428.5 1
             :
           436.5 1
             :
           448.5 1
             :
           452.5 2
             :
           473.5 2
             :
           489.5 1
             :
           505.5 1
             :
           536.5 1
             :
           539.5 1
           540.5 1
           541.5 1
             :
           543.5 1
             :
           552.5 1
             :
           555.5 1
           556.5 1
             :
           566.5 1
           567.5 1
             :
           576.5 1
           577.5 1
             :
           586.5 1
             :
           589.5 1
             :
           598.5 1
             :
           601.5 1
             :
           605.5 1
             :
           607.5 2
           608.5 1
             :
           614.5 1
             :
           620.5 1
             :
           634.5 1
           635.5 1
             :
           644.5 1
             :
           648.5 1
             :
           673.5 1
             :
           676.5 1
             :
           678.5 1
             :
           694.5 1
             :
           729.5 1
             :
           731.5 1
             :
           733.5 1
             :
           736.5 1
             :
           745.5 1
           746.5 1
             :
           788.5 1
             :
           804.5 2
             :
           813.5 1
             :
           818.5 1
             :
           825.5 1
             :
           834.5 2
             :
           839.5 1
             :
           844.5 1
             :
           846.5 1
             :
           855.5 1
           856.5 1
             :
           858.5 1
             :
           863.5 1
             :
           865.5 1
             :
           867.5 1
             :
           873.5 1
             :
           881.5 1
             :
           895.5 1
           896.5 1
             :
           921.5 1
             :
           928.5 1
             :
           943.5 1
             :
           948.5 1
             :
           953.5 1
           954.5 1
             :
           956.5 1
             :
           958.5 2
             :
           963.5 1
             :
           976.5 1
             :
           989.5 1
             :
           991.5 1
             :
          1000.5 1

Total: connections 30000 requests 24674 replies 23604 test-duration 119.173 s

Connection rate: 251.7 conn/s (4.0 ms/conn, <=193 concurrent connections)
Connection time [ms]: min 1.2 avg 19.9 max 1000.7 median 15.5 stddev 45.6
Connection time [ms]: connect 8.7
Connection length [replies/conn]: 1.000

Request rate: 207.0 req/s (4.8 ms/req)
Request size [B]: 66.0

Reply rate [replies/s]: min 0.0 avg 198.3 max 262.0 stddev 44.7 (119 samples)
Percentages of the replies served at a given rate:
   50%: 199
   66%: 211
   75%: 227
   80%: 242
   90%: 253
   95%: 256
   98%: 257
   99%: 258
  100%: 262

Reply time [ms]: response 14.2 transfer 0.0
Percentages of the requests served within a certain time (ms) :
   50%: 9
   66%: 12
   75%: 14
   80%: 15
   90%: 19
   95%: 24
   98%: 32
   99%: 43
  100%: 998

Reply size [B]: header 266.0 content 76.0 footer 0.0 (total 342.0)
Reply status: 1xx=0 2xx=23604 3xx=0 4xx=0 5xx=0

CPU time [s]: user 61.48 system 56.79 (user 51.6% system 47.7% total 99.2%)
Net I/O: 79.7 KB/s (0.7*10^6 bps)

Errors: total 6396 client-timo 6396 socket-timo 0 connrefused 0 connreset 0
Errors: fd-unavail 0 addrunavail 0 ftab-full 0 other 0

