httperf --hog --timeout=1 --client=0/1 --server=172.17.60.201 --port=80 --uri=/ --rate=20 --send-buffer=4096 --recv-buffer=16384 --num-conns=2000 --num-calls=1
Maximum connect burst length: 1

Total: connections 2000 requests 2000 replies 2000 test-duration 99.955 s

Connection rate: 20.0 conn/s (50.0 ms/conn, <=1 concurrent connections)
Connection time [ms]: min 0.6 avg 2.4 max 15.6 median 1.5 stddev 2.0
Connection time [ms]: connect 0.9
Connection length [replies/conn]: 1.000

Request rate: 20.0 req/s (50.0 ms/req)
Request size [B]: 66.0

Reply rate [replies/s]: min 20.0 avg 20.0 max 20.0 stddev 0.0 (19 samples)
Reply time [ms]: response 1.6 transfer 0.0
Reply size [B]: header 267.0 content 77.0 footer 0.0 (total 344.0)
Reply status: 1xx=0 2xx=2000 3xx=0 4xx=0 5xx=0

CPU time [s]: user 44.73 system 55.07 (user 44.7% system 55.1% total 99.8%)
Net I/O: 8.0 KB/s (0.1*10^6 bps)

Errors: total 0 client-timo 0 socket-timo 0 connrefused 0 connreset 0
Errors: fd-unavail 0 addrunavail 0 ftab-full 0 other 0

httperf --hog --timeout=1 --client=0/1 --server=172.17.60.201 --port=80 --uri=/ --rate=40 --send-buffer=4096 --recv-buffer=16384 --num-conns=2000 --num-calls=1
Maximum connect burst length: 1

Total: connections 2000 requests 2000 replies 2000 test-duration 49.983 s

Connection rate: 40.0 conn/s (25.0 ms/conn, <=1 concurrent connections)
Connection time [ms]: min 0.7 avg 2.8 max 20.0 median 1.5 stddev 2.6
Connection time [ms]: connect 1.0
Connection length [replies/conn]: 1.000

Request rate: 40.0 req/s (25.0 ms/req)
Request size [B]: 66.0

Reply rate [replies/s]: min 40.0 avg 40.0 max 40.0 stddev 0.0 (9 samples)
Reply time [ms]: response 1.8 transfer 0.0
Reply size [B]: header 267.0 content 77.0 footer 0.0 (total 344.0)
Reply status: 1xx=0 2xx=2000 3xx=0 4xx=0 5xx=0

CPU time [s]: user 21.16 system 28.72 (user 42.3% system 57.5% total 99.8%)
Net I/O: 16.0 KB/s (0.1*10^6 bps)

Errors: total 0 client-timo 0 socket-timo 0 connrefused 0 connreset 0
Errors: fd-unavail 0 addrunavail 0 ftab-full 0 other 0

httperf --hog --timeout=1 --client=0/1 --server=172.17.60.201 --port=80 --uri=/ --rate=60 --send-buffer=4096 --recv-buffer=16384 --num-conns=2000 --num-calls=1
Maximum connect burst length: 1

Total: connections 2000 requests 2000 replies 2000 test-duration 33.326 s

Connection rate: 60.0 conn/s (16.7 ms/conn, <=2 concurrent connections)
Connection time [ms]: min 0.7 avg 3.2 max 18.7 median 1.5 stddev 3.1
Connection time [ms]: connect 1.4
Connection length [replies/conn]: 1.000

Request rate: 60.0 req/s (16.7 ms/req)
Request size [B]: 66.0

Reply rate [replies/s]: min 60.0 avg 60.0 max 60.0 stddev 0.0 (6 samples)
Reply time [ms]: response 1.9 transfer 0.0
Reply size [B]: header 267.0 content 77.0 footer 0.0 (total 344.0)
Reply status: 1xx=0 2xx=2000 3xx=0 4xx=0 5xx=0

CPU time [s]: user 14.11 system 19.14 (user 42.3% system 57.4% total 99.8%)
Net I/O: 24.0 KB/s (0.2*10^6 bps)

Errors: total 0 client-timo 0 socket-timo 0 connrefused 0 connreset 0
Errors: fd-unavail 0 addrunavail 0 ftab-full 0 other 0

httperf --hog --timeout=1 --client=0/1 --server=172.17.60.201 --port=80 --uri=/ --rate=80 --send-buffer=4096 --recv-buffer=16384 --num-conns=2000 --num-calls=1
Maximum connect burst length: 1

Total: connections 2000 requests 2000 replies 2000 test-duration 24.988 s

Connection rate: 80.0 conn/s (12.5 ms/conn, <=2 concurrent connections)
Connection time [ms]: min 0.7 avg 4.8 max 23.1 median 3.5 stddev 3.9
Connection time [ms]: connect 2.0
Connection length [replies/conn]: 1.000

Request rate: 80.0 req/s (12.5 ms/req)
Request size [B]: 66.0

Reply rate [replies/s]: min 80.0 avg 80.0 max 80.0 stddev 0.0 (4 samples)
Reply time [ms]: response 2.8 transfer 0.0
Reply size [B]: header 267.0 content 77.0 footer 0.0 (total 344.0)
Reply status: 1xx=0 2xx=2000 3xx=0 4xx=0 5xx=0

CPU time [s]: user 9.81 system 15.10 (user 39.3% system 60.4% total 99.7%)
Net I/O: 32.0 KB/s (0.3*10^6 bps)

Errors: total 0 client-timo 0 socket-timo 0 connrefused 0 connreset 0
Errors: fd-unavail 0 addrunavail 0 ftab-full 0 other 0

httperf --hog --timeout=1 --client=0/1 --server=172.17.60.201 --port=80 --uri=/ --rate=100 --send-buffer=4096 --recv-buffer=16384 --num-conns=2000 --num-calls=1
Maximum connect burst length: 1

Total: connections 2000 requests 2000 replies 2000 test-duration 19.996 s

Connection rate: 100.0 conn/s (10.0 ms/conn, <=3 concurrent connections)
Connection time [ms]: min 0.6 avg 5.6 max 25.8 median 4.5 stddev 4.3
Connection time [ms]: connect 2.6
Connection length [replies/conn]: 1.000

Request rate: 100.0 req/s (10.0 ms/req)
Request size [B]: 66.0

Reply rate [replies/s]: min 100.0 avg 100.0 max 100.0 stddev 0.0 (3 samples)
Reply time [ms]: response 3.0 transfer 0.0
Reply size [B]: header 267.0 content 77.0 footer 0.0 (total 344.0)
Reply status: 1xx=0 2xx=2000 3xx=0 4xx=0 5xx=0

CPU time [s]: user 7.43 system 12.49 (user 37.2% system 62.5% total 99.6%)
Net I/O: 40.0 KB/s (0.3*10^6 bps)

Errors: total 0 client-timo 0 socket-timo 0 connrefused 0 connreset 0
Errors: fd-unavail 0 addrunavail 0 ftab-full 0 other 0

httperf --hog --timeout=1 --client=0/1 --server=172.17.60.201 --port=80 --uri=/ --rate=120 --send-buffer=4096 --recv-buffer=16384 --num-conns=2000 --num-calls=1
Maximum connect burst length: 1

Total: connections 2000 requests 2000 replies 2000 test-duration 16.663 s

Connection rate: 120.0 conn/s (8.3 ms/conn, <=4 concurrent connections)
Connection time [ms]: min 0.7 avg 6.9 max 31.5 median 5.5 stddev 4.6
Connection time [ms]: connect 3.1
Connection length [replies/conn]: 1.000

Request rate: 120.0 req/s (8.3 ms/req)
Request size [B]: 66.0

Reply rate [replies/s]: min 119.6 avg 120.0 max 120.4 stddev 0.4 (3 samples)
Reply time [ms]: response 3.8 transfer 0.0
Reply size [B]: header 267.0 content 77.0 footer 0.0 (total 344.0)
Reply status: 1xx=0 2xx=2000 3xx=0 4xx=0 5xx=0

CPU time [s]: user 6.20 system 10.39 (user 37.2% system 62.4% total 99.6%)
Net I/O: 48.1 KB/s (0.4*10^6 bps)

Errors: total 0 client-timo 0 socket-timo 0 connrefused 0 connreset 0
Errors: fd-unavail 0 addrunavail 0 ftab-full 0 other 0

httperf --hog --timeout=1 --client=0/1 --server=172.17.60.201 --port=80 --uri=/ --rate=140 --send-buffer=4096 --recv-buffer=16384 --num-conns=2000 --num-calls=1
Maximum connect burst length: 1

Total: connections 2000 requests 2000 replies 2000 test-duration 14.293 s

Connection rate: 139.9 conn/s (7.1 ms/conn, <=5 concurrent connections)
Connection time [ms]: min 0.7 avg 6.7 max 34.4 median 5.5 stddev 4.6
Connection time [ms]: connect 3.1
Connection length [replies/conn]: 1.000

Request rate: 139.9 req/s (7.1 ms/req)
Request size [B]: 66.0

Reply rate [replies/s]: min 139.8 avg 139.9 max 140.0 stddev 0.1 (2 samples)
Reply time [ms]: response 3.6 transfer 0.0
Reply size [B]: header 267.0 content 77.0 footer 0.0 (total 344.0)
Reply status: 1xx=0 2xx=2000 3xx=0 4xx=0 5xx=0

CPU time [s]: user 4.97 system 9.26 (user 34.8% system 64.8% total 99.6%)
Net I/O: 56.0 KB/s (0.5*10^6 bps)

Errors: total 0 client-timo 0 socket-timo 0 connrefused 0 connreset 0
Errors: fd-unavail 0 addrunavail 0 ftab-full 0 other 0

httperf --hog --timeout=1 --client=0/1 --server=172.17.60.201 --port=80 --uri=/ --rate=160 --send-buffer=4096 --recv-buffer=16384 --num-conns=2000 --num-calls=1
Maximum connect burst length: 2

Total: connections 2000 requests 2000 replies 2000 test-duration 12.499 s

Connection rate: 160.0 conn/s (6.2 ms/conn, <=6 concurrent connections)
Connection time [ms]: min 0.7 avg 7.8 max 31.4 median 6.5 stddev 4.9
Connection time [ms]: connect 3.6
Connection length [replies/conn]: 1.000

Request rate: 160.0 req/s (6.2 ms/req)
Request size [B]: 66.0

Reply rate [replies/s]: min 160.0 avg 160.0 max 160.0 stddev 0.0 (2 samples)
Reply time [ms]: response 4.2 transfer 0.0
Reply size [B]: header 267.0 content 77.0 footer 0.0 (total 344.0)
Reply status: 1xx=0 2xx=2000 3xx=0 4xx=0 5xx=0

CPU time [s]: user 3.90 system 8.55 (user 31.2% system 68.4% total 99.6%)
Net I/O: 64.1 KB/s (0.5*10^6 bps)

Errors: total 0 client-timo 0 socket-timo 0 connrefused 0 connreset 0
Errors: fd-unavail 0 addrunavail 0 ftab-full 0 other 0

httperf --hog --timeout=1 --client=0/1 --server=172.17.60.201 --port=80 --uri=/ --rate=180 --send-buffer=4096 --recv-buffer=16384 --num-conns=2000 --num-calls=1
Maximum connect burst length: 2

Total: connections 2000 requests 2000 replies 2000 test-duration 11.129 s

Connection rate: 179.7 conn/s (5.6 ms/conn, <=10 concurrent connections)
Connection time [ms]: min 0.7 avg 9.6 max 58.2 median 7.5 stddev 6.9
Connection time [ms]: connect 3.9
Connection length [replies/conn]: 1.000

Request rate: 179.7 req/s (5.6 ms/req)
Request size [B]: 66.0

Reply rate [replies/s]: min 179.8 avg 180.0 max 180.2 stddev 0.3 (2 samples)
Reply time [ms]: response 5.7 transfer 0.0
Reply size [B]: header 267.0 content 77.0 footer 0.0 (total 344.0)
Reply status: 1xx=0 2xx=2000 3xx=0 4xx=0 5xx=0

CPU time [s]: user 3.44 system 7.64 (user 30.9% system 68.7% total 99.5%)
Net I/O: 72.0 KB/s (0.6*10^6 bps)

Errors: total 0 client-timo 0 socket-timo 0 connrefused 0 connreset 0
Errors: fd-unavail 0 addrunavail 0 ftab-full 0 other 0

httperf --hog --timeout=1 --client=0/1 --server=172.17.60.201 --port=80 --uri=/ --rate=200 --send-buffer=4096 --recv-buffer=16384 --num-conns=2000 --num-calls=1
Maximum connect burst length: 2

Total: connections 2000 requests 1969 replies 1968 test-duration 10.010 s

Connection rate: 199.8 conn/s (5.0 ms/conn, <=44 concurrent connections)
Connection time [ms]: min 0.7 avg 26.5 max 1580.7 median 8.5 stddev 100.0
Connection time [ms]: connect 6.6
Connection length [replies/conn]: 1.000

Request rate: 196.7 req/s (5.1 ms/req)
Request size [B]: 66.0

Reply rate [replies/s]: min 193.4 avg 196.5 max 199.6 stddev 4.4 (2 samples)
Reply time [ms]: response 19.9 transfer 0.0
Reply size [B]: header 267.0 content 77.0 footer 0.0 (total 344.0)
Reply status: 1xx=0 2xx=1968 3xx=0 4xx=0 5xx=0

CPU time [s]: user 2.21 system 7.74 (user 22.1% system 77.4% total 99.5%)
Net I/O: 78.7 KB/s (0.6*10^6 bps)

Errors: total 32 client-timo 32 socket-timo 0 connrefused 0 connreset 0
Errors: fd-unavail 0 addrunavail 0 ftab-full 0 other 0

httperf --hog --timeout=1 --client=0/1 --server=172.17.60.201 --port=80 --uri=/ --rate=220 --send-buffer=4096 --recv-buffer=16384 --num-conns=2000 --num-calls=1
Maximum connect burst length: 3

Total: connections 2000 requests 2000 replies 2000 test-duration 9.100 s

Connection rate: 219.8 conn/s (4.5 ms/conn, <=9 concurrent connections)
Connection time [ms]: min 0.8 avg 9.9 max 44.6 median 8.5 stddev 5.9
Connection time [ms]: connect 4.3
Connection length [replies/conn]: 1.000

Request rate: 219.8 req/s (4.5 ms/req)
Request size [B]: 66.0

Reply rate [replies/s]: min 219.6 avg 219.6 max 219.6 stddev 0.0 (1 samples)
Reply time [ms]: response 5.6 transfer 0.0
Reply size [B]: header 267.0 content 77.0 footer 0.0 (total 344.0)
Reply status: 1xx=0 2xx=2000 3xx=0 4xx=0 5xx=0

CPU time [s]: user 2.54 system 6.52 (user 28.0% system 71.6% total 99.6%)
Net I/O: 88.0 KB/s (0.7*10^6 bps)

Errors: total 0 client-timo 0 socket-timo 0 connrefused 0 connreset 0
Errors: fd-unavail 0 addrunavail 0 ftab-full 0 other 0

httperf --hog --timeout=1 --client=0/1 --server=172.17.60.201 --port=80 --uri=/ --rate=240 --send-buffer=4096 --recv-buffer=16384 --num-conns=2000 --num-calls=1
Maximum connect burst length: 2

Total: connections 2000 requests 2000 replies 2000 test-duration 8.336 s

Connection rate: 239.9 conn/s (4.2 ms/conn, <=9 concurrent connections)
Connection time [ms]: min 1.1 avg 10.9 max 43.7 median 9.5 stddev 6.1
Connection time [ms]: connect 4.7
Connection length [replies/conn]: 1.000

Request rate: 239.9 req/s (4.2 ms/req)
Request size [B]: 66.0

Reply rate [replies/s]: min 239.4 avg 239.4 max 239.4 stddev 0.0 (1 samples)
Reply time [ms]: response 6.2 transfer 0.0
Reply size [B]: header 267.0 content 77.0 footer 0.0 (total 344.0)
Reply status: 1xx=0 2xx=2000 3xx=0 4xx=0 5xx=0

CPU time [s]: user 2.14 system 6.15 (user 25.7% system 73.8% total 99.5%)
Net I/O: 96.1 KB/s (0.8*10^6 bps)

Errors: total 0 client-timo 0 socket-timo 0 connrefused 0 connreset 0
Errors: fd-unavail 0 addrunavail 0 ftab-full 0 other 0

httperf --hog --timeout=1 --client=0/1 --server=172.17.60.201 --port=80 --uri=/ --rate=260 --send-buffer=4096 --recv-buffer=16384 --num-conns=2000 --num-calls=1
Maximum connect burst length: 4

Total: connections 2000 requests 2000 replies 2000 test-duration 7.701 s

Connection rate: 259.7 conn/s (3.9 ms/conn, <=11 concurrent connections)
Connection time [ms]: min 1.0 avg 11.2 max 43.2 median 9.5 stddev 6.6
Connection time [ms]: connect 4.8
Connection length [replies/conn]: 1.000

Request rate: 259.7 req/s (3.9 ms/req)
Request size [B]: 66.0

Reply rate [replies/s]: min 259.8 avg 259.8 max 259.8 stddev 0.0 (1 samples)
Reply time [ms]: response 6.4 transfer 0.0
Reply size [B]: header 267.0 content 77.0 footer 0.0 (total 344.0)
Reply status: 1xx=0 2xx=2000 3xx=0 4xx=0 5xx=0

CPU time [s]: user 1.76 system 5.90 (user 22.9% system 76.6% total 99.5%)
Net I/O: 104.0 KB/s (0.9*10^6 bps)

Errors: total 0 client-timo 0 socket-timo 0 connrefused 0 connreset 0
Errors: fd-unavail 0 addrunavail 0 ftab-full 0 other 0

httperf --hog --timeout=1 --client=0/1 --server=172.17.60.201 --port=80 --uri=/ --rate=280 --send-buffer=4096 --recv-buffer=16384 --num-conns=2000 --num-calls=1
Maximum connect burst length: 3

Total: connections 2000 requests 2000 replies 2000 test-duration 7.170 s

Connection rate: 279.0 conn/s (3.6 ms/conn, <=14 concurrent connections)
Connection time [ms]: min 1.3 avg 12.2 max 48.4 median 10.5 stddev 6.6
Connection time [ms]: connect 5.1
Connection length [replies/conn]: 1.000

Request rate: 279.0 req/s (3.6 ms/req)
Request size [B]: 66.0

Reply rate [replies/s]: min 279.4 avg 279.4 max 279.4 stddev 0.0 (1 samples)
Reply time [ms]: response 7.1 transfer 0.0
Reply size [B]: header 267.0 content 77.0 footer 0.0 (total 344.0)
Reply status: 1xx=0 2xx=2000 3xx=0 4xx=0 5xx=0

CPU time [s]: user 1.58 system 5.55 (user 22.0% system 77.4% total 99.4%)
Net I/O: 111.7 KB/s (0.9*10^6 bps)

Errors: total 0 client-timo 0 socket-timo 0 connrefused 0 connreset 0
Errors: fd-unavail 0 addrunavail 0 ftab-full 0 other 0

httperf --hog --timeout=1 --client=0/1 --server=172.17.60.201 --port=80 --uri=/ --rate=300 --send-buffer=4096 --recv-buffer=16384 --num-conns=2000 --num-calls=1
Maximum connect burst length: 2

Total: connections 2000 requests 2000 replies 2000 test-duration 6.685 s

Connection rate: 299.2 conn/s (3.3 ms/conn, <=14 concurrent connections)
Connection time [ms]: min 1.5 avg 13.7 max 63.8 median 12.5 stddev 7.2
Connection time [ms]: connect 5.6
Connection length [replies/conn]: 1.000

Request rate: 299.2 req/s (3.3 ms/req)
Request size [B]: 66.0

Reply rate [replies/s]: min 299.4 avg 299.4 max 299.4 stddev 0.0 (1 samples)
Reply time [ms]: response 8.1 transfer 0.0
Reply size [B]: header 267.0 content 77.0 footer 0.0 (total 344.0)
Reply status: 1xx=0 2xx=2000 3xx=0 4xx=0 5xx=0

CPU time [s]: user 1.40 system 5.25 (user 20.9% system 78.6% total 99.5%)
Net I/O: 119.8 KB/s (1.0*10^6 bps)

Errors: total 0 client-timo 0 socket-timo 0 connrefused 0 connreset 0
Errors: fd-unavail 0 addrunavail 0 ftab-full 0 other 0

httperf --hog --timeout=1 --client=0/1 --server=172.17.60.201 --port=80 --uri=/ --rate=320 --send-buffer=4096 --recv-buffer=16384 --num-conns=2000 --num-calls=1
Maximum connect burst length: 2

Total: connections 2000 requests 2000 replies 2000 test-duration 6.258 s

Connection rate: 319.6 conn/s (3.1 ms/conn, <=17 concurrent connections)
Connection time [ms]: min 1.2 avg 16.5 max 60.3 median 14.5 stddev 9.7
Connection time [ms]: connect 5.9
Connection length [replies/conn]: 1.000

Request rate: 319.6 req/s (3.1 ms/req)
Request size [B]: 66.0

Reply rate [replies/s]: min 319.2 avg 319.2 max 319.2 stddev 0.0 (1 samples)
Reply time [ms]: response 10.6 transfer 0.0
Reply size [B]: header 267.0 content 77.0 footer 0.0 (total 344.0)
Reply status: 1xx=0 2xx=2000 3xx=0 4xx=0 5xx=0

CPU time [s]: user 1.28 system 4.94 (user 20.5% system 78.9% total 99.4%)
Net I/O: 128.0 KB/s (1.0*10^6 bps)

Errors: total 0 client-timo 0 socket-timo 0 connrefused 0 connreset 0
Errors: fd-unavail 0 addrunavail 0 ftab-full 0 other 0

httperf --hog --timeout=1 --client=0/1 --server=172.17.60.201 --port=80 --uri=/ --rate=340 --send-buffer=4096 --recv-buffer=16384 --num-conns=2000 --num-calls=1
Maximum connect burst length: 4

Total: connections 2000 requests 1999 replies 1999 test-duration 5.904 s

Connection rate: 338.8 conn/s (3.0 ms/conn, <=32 concurrent connections)
Connection time [ms]: min 1.6 avg 19.5 max 110.8 median 16.5 stddev 14.1
Connection time [ms]: connect 6.6
Connection length [replies/conn]: 1.000

Request rate: 338.6 req/s (3.0 ms/req)
Request size [B]: 66.0

Reply rate [replies/s]: min 339.4 avg 339.4 max 339.4 stddev 0.0 (1 samples)
Reply time [ms]: response 12.9 transfer 0.0
Reply size [B]: header 267.0 content 77.0 footer 0.0 (total 344.0)
Reply status: 1xx=0 2xx=1999 3xx=0 4xx=0 5xx=0

CPU time [s]: user 1.02 system 4.84 (user 17.2% system 82.0% total 99.2%)
Net I/O: 135.6 KB/s (1.1*10^6 bps)

Errors: total 1 client-timo 1 socket-timo 0 connrefused 0 connreset 0
Errors: fd-unavail 0 addrunavail 0 ftab-full 0 other 0

httperf --hog --timeout=1 --client=0/1 --server=172.17.60.201 --port=80 --uri=/ --rate=360 --send-buffer=4096 --recv-buffer=16384 --num-conns=2000 --num-calls=1
Maximum connect burst length: 4

Total: connections 2000 requests 2000 replies 2000 test-duration 5.580 s

Connection rate: 358.4 conn/s (2.8 ms/conn, <=21 concurrent connections)
Connection time [ms]: min 1.9 avg 21.4 max 86.3 median 17.5 stddev 13.8
Connection time [ms]: connect 6.7
Connection length [replies/conn]: 1.000

Request rate: 358.4 req/s (2.8 ms/req)
Request size [B]: 66.0

Reply rate [replies/s]: min 358.6 avg 358.6 max 358.6 stddev 0.0 (1 samples)
Reply time [ms]: response 14.7 transfer 0.0
Reply size [B]: header 267.0 content 77.0 footer 0.0 (total 344.0)
Reply status: 1xx=0 2xx=2000 3xx=0 4xx=0 5xx=0

CPU time [s]: user 0.86 system 4.68 (user 15.4% system 83.9% total 99.3%)
Net I/O: 143.5 KB/s (1.2*10^6 bps)

Errors: total 0 client-timo 0 socket-timo 0 connrefused 0 connreset 0
Errors: fd-unavail 0 addrunavail 0 ftab-full 0 other 0

httperf --hog --timeout=1 --client=0/1 --server=172.17.60.201 --port=80 --uri=/ --rate=380 --send-buffer=4096 --recv-buffer=16384 --num-conns=2000 --num-calls=1
Maximum connect burst length: 4

Total: connections 2000 requests 1822 replies 1812 test-duration 6.057 s

Connection rate: 330.2 conn/s (3.0 ms/conn, <=159 concurrent connections)
Connection time [ms]: min 2.3 avg 124.3 max 1624.3 median 85.5 stddev 174.4
Connection time [ms]: connect 34.3
Connection length [replies/conn]: 1.000

Request rate: 300.8 req/s (3.3 ms/req)
Request size [B]: 66.0

Reply rate [replies/s]: min 326.0 avg 326.0 max 326.0 stddev 0.0 (1 samples)
Reply time [ms]: response 90.5 transfer 0.0
Reply size [B]: header 267.0 content 77.0 footer 0.0 (total 344.0)
Reply status: 1xx=0 2xx=1812 3xx=0 4xx=0 5xx=0

CPU time [s]: user 0.35 system 5.65 (user 5.7% system 93.3% total 99.1%)
Net I/O: 119.9 KB/s (1.0*10^6 bps)

Errors: total 188 client-timo 188 socket-timo 0 connrefused 0 connreset 0
Errors: fd-unavail 0 addrunavail 0 ftab-full 0 other 0

httperf --hog --timeout=1 --client=0/1 --server=172.17.60.201 --port=80 --uri=/ --rate=400 --send-buffer=4096 --recv-buffer=16384 --num-conns=2000 --num-calls=1
Maximum connect burst length: 4

Total: connections 2000 requests 1407 replies 1319 test-duration 5.989 s

Connection rate: 334.0 conn/s (3.0 ms/conn, <=278 concurrent connections)
Connection time [ms]: min 15.7 avg 259.8 max 1214.5 median 158.5 stddev 259.3
Connection time [ms]: connect 73.0
Connection length [replies/conn]: 1.000

Request rate: 234.9 req/s (4.3 ms/req)
Request size [B]: 66.0

Reply rate [replies/s]: min 240.6 avg 240.6 max 240.6 stddev 0.0 (1 samples)
Reply time [ms]: response 183.7 transfer 0.0
Reply size [B]: header 267.0 content 77.0 footer 0.0 (total 344.0)
Reply status: 1xx=0 2xx=1319 3xx=0 4xx=0 5xx=0

CPU time [s]: user 0.14 system 5.76 (user 2.3% system 96.2% total 98.6%)
Net I/O: 89.1 KB/s (0.7*10^6 bps)

Errors: total 681 client-timo 681 socket-timo 0 connrefused 0 connreset 0
Errors: fd-unavail 0 addrunavail 0 ftab-full 0 other 0

httperf --hog --timeout=1 --client=0/1 --server=172.17.60.201 --port=80 --uri=/ --rate=420 --send-buffer=4096 --recv-buffer=16384 --num-conns=2000 --num-calls=1
Maximum connect burst length: 4

Total: connections 2000 requests 1284 replies 1194 test-duration 5.760 s

Connection rate: 347.2 conn/s (2.9 ms/conn, <=331 concurrent connections)
Connection time [ms]: min 9.7 avg 305.2 max 1202.6 median 203.5 stddev 252.1
Connection time [ms]: connect 67.1
Connection length [replies/conn]: 1.000

Request rate: 222.9 req/s (4.5 ms/req)
Request size [B]: 66.0

Reply rate [replies/s]: min 224.0 avg 224.0 max 224.0 stddev 0.0 (1 samples)
Reply time [ms]: response 235.3 transfer 0.0
Reply size [B]: header 267.0 content 77.0 footer 0.0 (total 344.0)
Reply status: 1xx=0 2xx=1194 3xx=0 4xx=0 5xx=0

CPU time [s]: user 0.17 system 5.49 (user 3.0% system 95.4% total 98.3%)
Net I/O: 84.0 KB/s (0.7*10^6 bps)

Errors: total 806 client-timo 806 socket-timo 0 connrefused 0 connreset 0
Errors: fd-unavail 0 addrunavail 0 ftab-full 0 other 0

httperf --hog --timeout=1 --client=0/1 --server=172.17.60.201 --port=80 --uri=/ --rate=440 --send-buffer=4096 --recv-buffer=16384 --num-conns=2000 --num-calls=1
Maximum connect burst length: 5

Total: connections 2000 requests 1276 replies 1184 test-duration 5.544 s

Connection rate: 360.8 conn/s (2.8 ms/conn, <=322 concurrent connections)
Connection time [ms]: min 13.8 avg 304.7 max 1032.7 median 200.5 stddev 263.9
Connection time [ms]: connect 75.4
Connection length [replies/conn]: 1.000

Request rate: 230.2 req/s (4.3 ms/req)
Request size [B]: 66.0

Reply rate [replies/s]: min 227.2 avg 227.2 max 227.2 stddev 0.0 (1 samples)
Reply time [ms]: response 225.8 transfer 0.0
Reply size [B]: header 267.0 content 77.0 footer 0.0 (total 344.0)
Reply status: 1xx=0 2xx=1184 3xx=0 4xx=0 5xx=0

CPU time [s]: user 0.15 system 5.30 (user 2.7% system 95.5% total 98.2%)
Net I/O: 86.6 KB/s (0.7*10^6 bps)

Errors: total 816 client-timo 816 socket-timo 0 connrefused 0 connreset 0
Errors: fd-unavail 0 addrunavail 0 ftab-full 0 other 0

httperf --hog --timeout=1 --client=0/1 --server=172.17.60.201 --port=80 --uri=/ --rate=460 --send-buffer=4096 --recv-buffer=16384 --num-conns=2000 --num-calls=1
Maximum connect burst length: 6

Total: connections 2000 requests 1207 replies 1126 test-duration 5.346 s

Connection rate: 374.1 conn/s (2.7 ms/conn, <=365 concurrent connections)
Connection time [ms]: min 13.9 avg 314.2 max 1063.9 median 209.5 stddev 271.6
Connection time [ms]: connect 78.6
Connection length [replies/conn]: 1.000

Request rate: 225.8 req/s (4.4 ms/req)
Request size [B]: 66.0

Reply rate [replies/s]: min 217.6 avg 217.6 max 217.6 stddev 0.0 (1 samples)
Reply time [ms]: response 232.2 transfer 0.0
Reply size [B]: header 267.0 content 77.0 footer 0.0 (total 344.0)
Reply status: 1xx=0 2xx=1126 3xx=0 4xx=0 5xx=0

CPU time [s]: user 0.16 system 5.08 (user 3.1% system 95.1% total 98.2%)
Net I/O: 85.3 KB/s (0.7*10^6 bps)

Errors: total 874 client-timo 874 socket-timo 0 connrefused 0 connreset 0
Errors: fd-unavail 0 addrunavail 0 ftab-full 0 other 0

httperf --hog --timeout=1 --client=0/1 --server=172.17.60.201 --port=80 --uri=/ --rate=480 --send-buffer=4096 --recv-buffer=16384 --num-conns=2000 --num-calls=1
Maximum connect burst length: 5

Total: connections 2000 requests 1239 replies 1165 test-duration 5.168 s

Connection rate: 387.0 conn/s (2.6 ms/conn, <=389 concurrent connections)
Connection time [ms]: min 8.7 avg 301.7 max 1105.1 median 182.5 stddev 281.1
Connection time [ms]: connect 83.1
Connection length [replies/conn]: 1.000

Request rate: 239.8 req/s (4.2 ms/req)
Request size [B]: 66.0

Reply rate [replies/s]: min 227.8 avg 227.8 max 227.8 stddev 0.0 (1 samples)
Reply time [ms]: response 215.4 transfer 0.0
Reply size [B]: header 267.0 content 77.0 footer 0.0 (total 344.0)
Reply status: 1xx=0 2xx=1165 3xx=0 4xx=0 5xx=0

CPU time [s]: user 0.16 system 4.91 (user 3.0% system 95.1% total 98.1%)
Net I/O: 91.2 KB/s (0.7*10^6 bps)

Errors: total 835 client-timo 835 socket-timo 0 connrefused 0 connreset 0
Errors: fd-unavail 0 addrunavail 0 ftab-full 0 other 0

httperf --hog --timeout=1 --client=0/1 --server=172.17.60.201 --port=80 --uri=/ --rate=500 --send-buffer=4096 --recv-buffer=16384 --num-conns=2000 --num-calls=1
Maximum connect burst length: 5

Total: connections 2000 requests 1181 replies 1070 test-duration 5.003 s

Connection rate: 399.8 conn/s (2.5 ms/conn, <=392 concurrent connections)
Connection time [ms]: min 8.8 avg 319.5 max 1047.9 median 223.5 stddev 268.0
Connection time [ms]: connect 70.3
Connection length [replies/conn]: 1.000

Request rate: 236.1 req/s (4.2 ms/req)
Request size [B]: 66.0

Reply rate [replies/s]: min 213.8 avg 213.8 max 213.8 stddev 0.0 (1 samples)
Reply time [ms]: response 245.1 transfer 0.0
Reply size [B]: header 267.0 content 77.0 footer 0.0 (total 344.0)
Reply status: 1xx=0 2xx=1070 3xx=0 4xx=0 5xx=0

CPU time [s]: user 0.10 system 4.80 (user 2.0% system 96.0% total 98.0%)
Net I/O: 87.1 KB/s (0.7*10^6 bps)

Errors: total 930 client-timo 930 socket-timo 0 connrefused 0 connreset 0
Errors: fd-unavail 0 addrunavail 0 ftab-full 0 other 0

httperf --hog --timeout=1 --client=0/1 --server=172.17.60.201 --port=80 --uri=/ --rate=520 --send-buffer=4096 --recv-buffer=16384 --num-conns=2000 --num-calls=1
Maximum connect burst length: 6

Total: connections 2000 requests 1150 replies 1059 test-duration 4.848 s

Connection rate: 412.6 conn/s (2.4 ms/conn, <=405 concurrent connections)
Connection time [ms]: min 24.2 avg 340.2 max 1031.9 median 219.5 stddev 271.7
Connection time [ms]: connect 72.4
Connection length [replies/conn]: 1.000

Request rate: 237.2 req/s (4.2 ms/req)
Request size [B]: 66.0

Reply rate [replies/s]: min 0.0 avg 0.0 max 0.0 stddev 0.0 (0 samples)
Reply time [ms]: response 264.0 transfer 0.0
Reply size [B]: header 267.0 content 77.0 footer 0.0 (total 344.0)
Reply status: 1xx=0 2xx=1059 3xx=0 4xx=0 5xx=0

CPU time [s]: user 0.14 system 4.61 (user 2.9% system 95.1% total 97.9%)
Net I/O: 88.7 KB/s (0.7*10^6 bps)

Errors: total 941 client-timo 941 socket-timo 0 connrefused 0 connreset 0
Errors: fd-unavail 0 addrunavail 0 ftab-full 0 other 0

httperf --hog --timeout=1 --client=0/1 --server=172.17.60.201 --port=80 --uri=/ --rate=540 --send-buffer=4096 --recv-buffer=16384 --num-conns=2000 --num-calls=1
Maximum connect burst length: 4

Total: connections 2000 requests 744 replies 585 test-duration 4.702 s

Connection rate: 425.3 conn/s (2.4 ms/conn, <=556 concurrent connections)
Connection time [ms]: min 14.3 avg 337.3 max 1017.0 median 216.5 stddev 287.7
Connection time [ms]: connect 82.3
Connection length [replies/conn]: 1.000

Request rate: 158.2 req/s (6.3 ms/req)
Request size [B]: 66.0

Reply rate [replies/s]: min 0.0 avg 0.0 max 0.0 stddev 0.0 (0 samples)
Reply time [ms]: response 241.2 transfer 0.0
Reply size [B]: header 267.0 content 77.0 footer 0.0 (total 344.0)
Reply status: 1xx=0 2xx=585 3xx=0 4xx=0 5xx=0

CPU time [s]: user 0.18 system 4.42 (user 3.7% system 94.1% total 97.8%)
Net I/O: 52.0 KB/s (0.4*10^6 bps)

Errors: total 1415 client-timo 1415 socket-timo 0 connrefused 0 connreset 0
Errors: fd-unavail 0 addrunavail 0 ftab-full 0 other 0

httperf --hog --timeout=1 --client=0/1 --server=172.17.60.201 --port=80 --uri=/ --rate=560 --send-buffer=4096 --recv-buffer=16384 --num-conns=2000 --num-calls=1
Maximum connect burst length: 3

Total: connections 2000 requests 960 replies 843 test-duration 4.570 s

Connection rate: 437.6 conn/s (2.3 ms/conn, <=487 concurrent connections)
Connection time [ms]: min 15.4 avg 358.0 max 1034.2 median 257.5 stddev 274.2
Connection time [ms]: connect 68.7
Connection length [replies/conn]: 1.000

Request rate: 210.1 req/s (4.8 ms/req)
Request size [B]: 66.0

Reply rate [replies/s]: min 0.0 avg 0.0 max 0.0 stddev 0.0 (0 samples)
Reply time [ms]: response 284.2 transfer 0.0
Reply size [B]: header 267.0 content 77.0 footer 0.0 (total 344.0)
Reply status: 1xx=0 2xx=843 3xx=0 4xx=0 5xx=0

CPU time [s]: user 0.10 system 4.36 (user 2.2% system 95.5% total 97.7%)
Net I/O: 75.5 KB/s (0.6*10^6 bps)

Errors: total 1157 client-timo 1157 socket-timo 0 connrefused 0 connreset 0
Errors: fd-unavail 0 addrunavail 0 ftab-full 0 other 0

httperf --hog --timeout=1 --client=0/1 --server=172.17.60.201 --port=80 --uri=/ --rate=580 --send-buffer=4096 --recv-buffer=16384 --num-conns=2000 --num-calls=1
Maximum connect burst length: 5

Total: connections 2000 requests 1022 replies 922 test-duration 4.436 s

Connection rate: 450.9 conn/s (2.2 ms/conn, <=485 concurrent connections)
Connection time [ms]: min 18.7 avg 340.1 max 1023.1 median 249.5 stddev 262.8
Connection time [ms]: connect 57.9
Connection length [replies/conn]: 1.000

Request rate: 230.4 req/s (4.3 ms/req)
Request size [B]: 66.0

Reply rate [replies/s]: min 0.0 avg 0.0 max 0.0 stddev 0.0 (0 samples)
Reply time [ms]: response 279.1 transfer 0.0
Reply size [B]: header 267.0 content 77.0 footer 0.0 (total 344.0)
Reply status: 1xx=0 2xx=922 3xx=0 4xx=0 5xx=0

CPU time [s]: user 0.13 system 4.19 (user 2.9% system 94.5% total 97.4%)
Net I/O: 84.7 KB/s (0.7*10^6 bps)

Errors: total 1078 client-timo 1078 socket-timo 0 connrefused 0 connreset 0
Errors: fd-unavail 0 addrunavail 0 ftab-full 0 other 0

httperf --hog --timeout=1 --client=0/1 --server=172.17.60.201 --port=80 --uri=/ --rate=600 --send-buffer=4096 --recv-buffer=16384 --num-conns=2000 --num-calls=1
Maximum connect burst length: 9

Total: connections 2000 requests 1076 replies 989 test-duration 4.331 s

Connection rate: 461.8 conn/s (2.2 ms/conn, <=496 concurrent connections)
Connection time [ms]: min 28.8 avg 342.0 max 1018.4 median 228.5 stddev 280.7
Connection time [ms]: connect 81.5
Connection length [replies/conn]: 1.000

Request rate: 248.4 req/s (4.0 ms/req)
Request size [B]: 66.0

Reply rate [replies/s]: min 0.0 avg 0.0 max 0.0 stddev 0.0 (0 samples)
Reply time [ms]: response 256.2 transfer 0.0
Reply size [B]: header 267.0 content 77.0 footer 0.0 (total 344.0)
Reply status: 1xx=0 2xx=989 3xx=0 4xx=0 5xx=0

CPU time [s]: user 0.11 system 4.11 (user 2.6% system 94.9% total 97.5%)
Net I/O: 92.7 KB/s (0.8*10^6 bps)

Errors: total 1011 client-timo 1011 socket-timo 0 connrefused 0 connreset 0
Errors: fd-unavail 0 addrunavail 0 ftab-full 0 other 0

httperf --hog --timeout=1 --client=0/1 --server=172.17.60.201 --port=80 --uri=/ --rate=620 --send-buffer=4096 --recv-buffer=16384 --num-conns=2000 --num-calls=1
Maximum connect burst length: 5

Total: connections 2000 requests 951 replies 870 test-duration 4.225 s

Connection rate: 473.4 conn/s (2.1 ms/conn, <=548 concurrent connections)
Connection time [ms]: min 24.2 avg 377.4 max 1056.1 median 283.5 stddev 289.5
Connection time [ms]: connect 92.7
Connection length [replies/conn]: 1.000

Request rate: 225.1 req/s (4.4 ms/req)
Request size [B]: 66.0

Reply rate [replies/s]: min 0.0 avg 0.0 max 0.0 stddev 0.0 (0 samples)
Reply time [ms]: response 278.9 transfer 0.0
Reply size [B]: header 267.0 content 77.0 footer 0.0 (total 344.0)
Reply status: 1xx=0 2xx=870 3xx=0 4xx=0 5xx=0

CPU time [s]: user 0.10 system 4.02 (user 2.4% system 95.2% total 97.6%)
Net I/O: 83.7 KB/s (0.7*10^6 bps)

Errors: total 1130 client-timo 1130 socket-timo 0 connrefused 0 connreset 0
Errors: fd-unavail 0 addrunavail 0 ftab-full 0 other 0

httperf --hog --timeout=1 --client=0/1 --server=172.17.60.201 --port=80 --uri=/ --rate=640 --send-buffer=4096 --recv-buffer=16384 --num-conns=2000 --num-calls=1
Maximum connect burst length: 8

Total: connections 2000 requests 1042 replies 948 test-duration 4.124 s

Connection rate: 485.0 conn/s (2.1 ms/conn, <=540 concurrent connections)
Connection time [ms]: min 32.9 avg 353.2 max 1031.5 median 258.5 stddev 287.4
Connection time [ms]: connect 86.8
Connection length [replies/conn]: 1.000

Request rate: 252.7 req/s (4.0 ms/req)
Request size [B]: 66.0

Reply rate [replies/s]: min 0.0 avg 0.0 max 0.0 stddev 0.0 (0 samples)
Reply time [ms]: response 260.9 transfer 0.0
Reply size [B]: header 267.0 content 77.0 footer 0.0 (total 344.0)
Reply status: 1xx=0 2xx=948 3xx=0 4xx=0 5xx=0

CPU time [s]: user 0.08 system 3.94 (user 1.9% system 95.4% total 97.4%)
Net I/O: 93.5 KB/s (0.8*10^6 bps)

Errors: total 1052 client-timo 1052 socket-timo 0 connrefused 0 connreset 0
Errors: fd-unavail 0 addrunavail 0 ftab-full 0 other 0

httperf --hog --timeout=1 --client=0/1 --server=172.17.60.201 --port=80 --uri=/ --rate=660 --send-buffer=4096 --recv-buffer=16384 --num-conns=2000 --num-calls=1
Maximum connect burst length: 5

Total: connections 2000 requests 906 replies 818 test-duration 4.008 s

Connection rate: 499.0 conn/s (2.0 ms/conn, <=590 concurrent connections)
Connection time [ms]: min 37.3 avg 360.2 max 1054.1 median 257.5 stddev 288.0
Connection time [ms]: connect 80.3
Connection length [replies/conn]: 1.000

Request rate: 226.1 req/s (4.4 ms/req)
Request size [B]: 66.0

Reply rate [replies/s]: min 0.0 avg 0.0 max 0.0 stddev 0.0 (0 samples)
Reply time [ms]: response 274.8 transfer 0.0
Reply size [B]: header 267.0 content 77.0 footer 0.0 (total 344.0)
Reply status: 1xx=0 2xx=818 3xx=0 4xx=0 5xx=0

CPU time [s]: user 0.08 system 3.83 (user 1.9% system 95.6% total 97.5%)
Net I/O: 83.1 KB/s (0.7*10^6 bps)

Errors: total 1182 client-timo 1182 socket-timo 0 connrefused 0 connreset 0
Errors: fd-unavail 0 addrunavail 0 ftab-full 0 other 0

httperf --hog --timeout=1 --client=0/1 --server=172.17.60.201 --port=80 --uri=/ --rate=680 --send-buffer=4096 --recv-buffer=16384 --num-conns=2000 --num-calls=1
Maximum connect burst length: 8

Total: connections 2000 requests 928 replies 835 test-duration 3.963 s

Connection rate: 504.6 conn/s (2.0 ms/conn, <=593 concurrent connections)
Connection time [ms]: min 8.7 avg 338.2 max 1031.9 median 263.5 stddev 256.6
Connection time [ms]: connect 52.7
Connection length [replies/conn]: 1.000

Request rate: 234.1 req/s (4.3 ms/req)
Request size [B]: 66.0

Reply rate [replies/s]: min 0.0 avg 0.0 max 0.0 stddev 0.0 (0 samples)
Reply time [ms]: response 282.9 transfer 0.0
Reply size [B]: header 267.0 content 77.0 footer 0.0 (total 344.0)
Reply status: 1xx=0 2xx=835 3xx=0 4xx=0 5xx=0

CPU time [s]: user 0.11 system 3.75 (user 2.7% system 94.6% total 97.3%)
Net I/O: 85.9 KB/s (0.7*10^6 bps)

Errors: total 1165 client-timo 1165 socket-timo 0 connrefused 0 connreset 0
Errors: fd-unavail 0 addrunavail 0 ftab-full 0 other 0

httperf --hog --timeout=1 --client=0/1 --server=172.17.60.201 --port=80 --uri=/ --rate=700 --send-buffer=4096 --recv-buffer=16384 --num-conns=2000 --num-calls=1
Maximum connect burst length: 7

Total: connections 2000 requests 876 replies 746 test-duration 3.850 s

Connection rate: 519.5 conn/s (1.9 ms/conn, <=640 concurrent connections)
Connection time [ms]: min 26.4 avg 360.6 max 1056.6 median 254.5 stddev 288.8
Connection time [ms]: connect 67.4
Connection length [replies/conn]: 1.000

Request rate: 227.5 req/s (4.4 ms/req)
Request size [B]: 66.0

Reply rate [replies/s]: min 0.0 avg 0.0 max 0.0 stddev 0.0 (0 samples)
Reply time [ms]: response 287.2 transfer 0.0
Reply size [B]: header 267.0 content 77.0 footer 0.0 (total 344.0)
Reply status: 1xx=0 2xx=746 3xx=0 4xx=0 5xx=0

CPU time [s]: user 0.10 system 3.64 (user 2.5% system 94.6% total 97.1%)
Net I/O: 79.8 KB/s (0.7*10^6 bps)

Errors: total 1254 client-timo 1254 socket-timo 0 connrefused 0 connreset 0
Errors: fd-unavail 0 addrunavail 0 ftab-full 0 other 0

httperf --hog --timeout=1 --client=0/1 --server=172.17.60.201 --port=80 --uri=/ --rate=720 --send-buffer=4096 --recv-buffer=16384 --num-conns=2000 --num-calls=1
Maximum connect burst length: 7

Total: connections 2000 requests 842 replies 690 test-duration 3.785 s

Connection rate: 528.4 conn/s (1.9 ms/conn, <=672 concurrent connections)
Connection time [ms]: min 47.4 avg 384.3 max 1033.0 median 312.5 stddev 284.6
Connection time [ms]: connect 74.0
Connection length [replies/conn]: 1.000

Request rate: 222.4 req/s (4.5 ms/req)
Request size [B]: 66.0

Reply rate [replies/s]: min 0.0 avg 0.0 max 0.0 stddev 0.0 (0 samples)
Reply time [ms]: response 301.0 transfer 0.0
Reply size [B]: header 267.0 content 77.0 footer 0.0 (total 344.0)
Reply status: 1xx=0 2xx=690 3xx=0 4xx=0 5xx=0

CPU time [s]: user 0.06 system 3.61 (user 1.7% system 95.3% total 97.0%)
Net I/O: 75.6 KB/s (0.6*10^6 bps)

Errors: total 1310 client-timo 1310 socket-timo 0 connrefused 0 connreset 0
Errors: fd-unavail 0 addrunavail 0 ftab-full 0 other 0

httperf --hog --timeout=1 --client=0/1 --server=172.17.60.201 --port=80 --uri=/ --rate=740 --send-buffer=4096 --recv-buffer=16384 --num-conns=2000 --num-calls=1
Maximum connect burst length: 9

Total: connections 2000 requests 770 replies 639 test-duration 3.702 s

Connection rate: 540.2 conn/s (1.9 ms/conn, <=690 concurrent connections)
Connection time [ms]: min 30.4 avg 353.5 max 1024.7 median 279.5 stddev 282.9
Connection time [ms]: connect 70.7
Connection length [replies/conn]: 1.000

Request rate: 208.0 req/s (4.8 ms/req)
Request size [B]: 66.0

Reply rate [replies/s]: min 0.0 avg 0.0 max 0.0 stddev 0.0 (0 samples)
Reply time [ms]: response 274.7 transfer 0.0
Reply size [B]: header 267.0 content 77.0 footer 0.0 (total 344.0)
Reply status: 1xx=0 2xx=639 3xx=0 4xx=0 5xx=0

CPU time [s]: user 0.07 system 3.53 (user 1.8% system 95.4% total 97.2%)
Net I/O: 71.4 KB/s (0.6*10^6 bps)

Errors: total 1361 client-timo 1361 socket-timo 0 connrefused 0 connreset 0
Errors: fd-unavail 0 addrunavail 0 ftab-full 0 other 0

httperf --hog --timeout=1 --client=0/1 --server=172.17.60.201 --port=80 --uri=/ --rate=760 --send-buffer=4096 --recv-buffer=16384 --num-conns=2000 --num-calls=1
Maximum connect burst length: 5

Total: connections 2000 requests 737 replies 637 test-duration 3.627 s

Connection rate: 551.4 conn/s (1.8 ms/conn, <=699 concurrent connections)
Connection time [ms]: min 48.8 avg 408.8 max 1034.7 median 336.5 stddev 298.1
Connection time [ms]: connect 75.9
Connection length [replies/conn]: 1.000

Request rate: 203.2 req/s (4.9 ms/req)
Request size [B]: 66.0

Reply rate [replies/s]: min 0.0 avg 0.0 max 0.0 stddev 0.0 (0 samples)
Reply time [ms]: response 326.0 transfer 0.0
Reply size [B]: header 267.0 content 77.0 footer 0.0 (total 344.0)
Reply status: 1xx=0 2xx=637 3xx=0 4xx=0 5xx=0

CPU time [s]: user 0.07 system 3.45 (user 1.9% system 95.2% total 97.0%)
Net I/O: 72.1 KB/s (0.6*10^6 bps)

Errors: total 1363 client-timo 1363 socket-timo 0 connrefused 0 connreset 0
Errors: fd-unavail 0 addrunavail 0 ftab-full 0 other 0

httperf --hog --timeout=1 --client=0/1 --server=172.17.60.201 --port=80 --uri=/ --rate=780 --send-buffer=4096 --recv-buffer=16384 --num-conns=2000 --num-calls=1
Maximum connect burst length: 5

Total: connections 2000 requests 703 replies 546 test-duration 3.574 s

Connection rate: 559.6 conn/s (1.8 ms/conn, <=734 concurrent connections)
Connection time [ms]: min 44.4 avg 383.8 max 1021.7 median 298.5 stddev 274.9
Connection time [ms]: connect 40.9
Connection length [replies/conn]: 1.000

Request rate: 196.7 req/s (5.1 ms/req)
Request size [B]: 66.0

Reply rate [replies/s]: min 0.0 avg 0.0 max 0.0 stddev 0.0 (0 samples)
Reply time [ms]: response 340.5 transfer 0.0
Reply size [B]: header 267.0 content 77.0 footer 0.0 (total 344.0)
Reply status: 1xx=0 2xx=546 3xx=0 4xx=0 5xx=0

CPU time [s]: user 0.07 system 3.40 (user 1.9% system 95.1% total 97.0%)
Net I/O: 64.0 KB/s (0.5*10^6 bps)

Errors: total 1454 client-timo 1454 socket-timo 0 connrefused 0 connreset 0
Errors: fd-unavail 0 addrunavail 0 ftab-full 0 other 0

httperf --hog --timeout=1 --client=0/1 --server=172.17.60.201 --port=80 --uri=/ --rate=800 --send-buffer=4096 --recv-buffer=16384 --num-conns=2000 --num-calls=1
Maximum connect burst length: 13

Total: connections 2000 requests 756 replies 618 test-duration 3.499 s

Connection rate: 571.6 conn/s (1.7 ms/conn, <=751 concurrent connections)
Connection time [ms]: min 30.1 avg 394.9 max 1032.8 median 316.5 stddev 308.9
Connection time [ms]: connect 95.7
Connection length [replies/conn]: 1.000

Request rate: 216.1 req/s (4.6 ms/req)
Request size [B]: 66.0

Reply rate [replies/s]: min 0.0 avg 0.0 max 0.0 stddev 0.0 (0 samples)
Reply time [ms]: response 285.3 transfer 0.0
Reply size [B]: header 267.0 content 77.0 footer 0.0 (total 344.0)
Reply status: 1xx=0 2xx=618 3xx=0 4xx=0 5xx=0

CPU time [s]: user 0.07 system 3.32 (user 2.1% system 94.8% total 96.8%)
Net I/O: 73.3 KB/s (0.6*10^6 bps)

Errors: total 1382 client-timo 1382 socket-timo 0 connrefused 0 connreset 0
Errors: fd-unavail 0 addrunavail 0 ftab-full 0 other 0

httperf --hog --timeout=1 --client=0/1 --server=172.17.60.201 --port=80 --uri=/ --rate=820 --send-buffer=4096 --recv-buffer=16384 --num-conns=2000 --num-calls=1
Maximum connect burst length: 5

Total: connections 2000 requests 761 replies 613 test-duration 3.438 s

Connection rate: 581.7 conn/s (1.7 ms/conn, <=764 concurrent connections)
Connection time [ms]: min 48.0 avg 363.0 max 1035.0 median 292.5 stddev 275.7
Connection time [ms]: connect 50.2
Connection length [replies/conn]: 1.000

Request rate: 221.4 req/s (4.5 ms/req)
Request size [B]: 66.0

Reply rate [replies/s]: min 0.0 avg 0.0 max 0.0 stddev 0.0 (0 samples)
Reply time [ms]: response 308.6 transfer 0.0
Reply size [B]: header 267.0 content 77.0 footer 0.0 (total 344.0)
Reply status: 1xx=0 2xx=613 3xx=0 4xx=0 5xx=0

CPU time [s]: user 0.08 system 3.24 (user 2.4% system 94.4% total 96.8%)
Net I/O: 74.2 KB/s (0.6*10^6 bps)

Errors: total 1387 client-timo 1387 socket-timo 0 connrefused 0 connreset 0
Errors: fd-unavail 0 addrunavail 0 ftab-full 0 other 0

httperf --hog --timeout=1 --client=0/1 --server=172.17.60.201 --port=80 --uri=/ --rate=840 --send-buffer=4096 --recv-buffer=16384 --num-conns=2000 --num-calls=1
Maximum connect burst length: 6

Total: connections 2000 requests 631 replies 515 test-duration 3.380 s

Connection rate: 591.7 conn/s (1.7 ms/conn, <=794 concurrent connections)
Connection time [ms]: min 35.6 avg 386.5 max 1028.0 median 336.5 stddev 265.2
Connection time [ms]: connect 30.2
Connection length [replies/conn]: 1.000

Request rate: 186.7 req/s (5.4 ms/req)
Request size [B]: 66.0

Reply rate [replies/s]: min 0.0 avg 0.0 max 0.0 stddev 0.0 (0 samples)
Reply time [ms]: response 356.7 transfer 0.0
Reply size [B]: header 267.0 content 77.0 footer 0.0 (total 344.0)
Reply status: 1xx=0 2xx=515 3xx=0 4xx=0 5xx=0

CPU time [s]: user 0.06 system 3.23 (user 1.7% system 95.5% total 97.2%)
Net I/O: 63.2 KB/s (0.5*10^6 bps)

Errors: total 1485 client-timo 1485 socket-timo 0 connrefused 0 connreset 0
Errors: fd-unavail 0 addrunavail 0 ftab-full 0 other 0

httperf --hog --timeout=1 --client=0/1 --server=172.17.60.201 --port=80 --uri=/ --rate=860 --send-buffer=4096 --recv-buffer=16384 --num-conns=2000 --num-calls=1
Maximum connect burst length: 12

Total: connections 2000 requests 638 replies 484 test-duration 3.325 s

Connection rate: 601.5 conn/s (1.7 ms/conn, <=832 concurrent connections)
Connection time [ms]: min 40.7 avg 359.2 max 1017.4 median 303.5 stddev 251.9
Connection time [ms]: connect 29.7
Connection length [replies/conn]: 1.000

Request rate: 191.9 req/s (5.2 ms/req)
Request size [B]: 66.0

Reply rate [replies/s]: min 0.0 avg 0.0 max 0.0 stddev 0.0 (0 samples)
Reply time [ms]: response 329.0 transfer 0.0
Reply size [B]: header 267.0 content 77.0 footer 0.0 (total 344.0)
Reply status: 1xx=0 2xx=484 3xx=0 4xx=0 5xx=0

CPU time [s]: user 0.12 system 3.11 (user 3.7% system 93.5% total 97.2%)
Net I/O: 61.3 KB/s (0.5*10^6 bps)

Errors: total 1516 client-timo 1516 socket-timo 0 connrefused 0 connreset 0
Errors: fd-unavail 0 addrunavail 0 ftab-full 0 other 0

httperf --hog --timeout=1 --client=0/1 --server=172.17.60.201 --port=80 --uri=/ --rate=880 --send-buffer=4096 --recv-buffer=16384 --num-conns=2000 --num-calls=1
Maximum connect burst length: 11

Total: connections 2000 requests 597 replies 449 test-duration 3.272 s

Connection rate: 611.3 conn/s (1.6 ms/conn, <=859 concurrent connections)
Connection time [ms]: min 46.9 avg 421.0 max 1041.8 median 379.5 stddev 269.3
Connection time [ms]: connect 52.3
Connection length [replies/conn]: 1.000

Request rate: 182.5 req/s (5.5 ms/req)
Request size [B]: 66.0

Reply rate [replies/s]: min 0.0 avg 0.0 max 0.0 stddev 0.0 (0 samples)
Reply time [ms]: response 362.3 transfer 0.0
Reply size [B]: header 267.0 content 77.0 footer 0.0 (total 344.0)
Reply status: 1xx=0 2xx=449 3xx=0 4xx=0 5xx=0

CPU time [s]: user 0.08 system 3.09 (user 2.6% system 94.5% total 97.1%)
Net I/O: 57.9 KB/s (0.5*10^6 bps)

Errors: total 1551 client-timo 1551 socket-timo 0 connrefused 0 connreset 0
Errors: fd-unavail 0 addrunavail 0 ftab-full 0 other 0

httperf --hog --timeout=1 --client=0/1 --server=172.17.60.201 --port=80 --uri=/ --rate=900 --send-buffer=4096 --recv-buffer=16384 --num-conns=2000 --num-calls=1
Maximum connect burst length: 6

Total: connections 2000 requests 599 replies 454 test-duration 3.221 s

Connection rate: 621.0 conn/s (1.6 ms/conn, <=861 concurrent connections)
Connection time [ms]: min 34.5 avg 407.4 max 1039.3 median 379.5 stddev 269.8
Connection time [ms]: connect 28.8
Connection length [replies/conn]: 1.000

Request rate: 186.0 req/s (5.4 ms/req)
Request size [B]: 66.0

Reply rate [replies/s]: min 0.0 avg 0.0 max 0.0 stddev 0.0 (0 samples)
Reply time [ms]: response 378.8 transfer 0.0
Reply size [B]: header 267.0 content 77.0 footer 0.0 (total 344.0)
Reply status: 1xx=0 2xx=454 3xx=0 4xx=0 5xx=0

CPU time [s]: user 0.06 system 3.06 (user 2.0% system 95.0% total 97.0%)
Net I/O: 59.3 KB/s (0.5*10^6 bps)

Errors: total 1546 client-timo 1546 socket-timo 0 connrefused 0 connreset 0
Errors: fd-unavail 0 addrunavail 0 ftab-full 0 other 0

httperf --hog --timeout=1 --client=0/1 --server=172.17.60.201 --port=80 --uri=/ --rate=920 --send-buffer=4096 --recv-buffer=16384 --num-conns=2000 --num-calls=1
Maximum connect burst length: 14

Total: connections 2000 requests 597 replies 413 test-duration 3.173 s

Connection rate: 630.3 conn/s (1.6 ms/conn, <=882 concurrent connections)
Connection time [ms]: min 49.5 avg 428.1 max 1018.8 median 395.5 stddev 249.2
Connection time [ms]: connect 30.6
Connection length [replies/conn]: 1.000

Request rate: 188.1 req/s (5.3 ms/req)
Request size [B]: 66.0

Reply rate [replies/s]: min 0.0 avg 0.0 max 0.0 stddev 0.0 (0 samples)
Reply time [ms]: response 397.8 transfer 0.0
Reply size [B]: header 267.0 content 77.0 footer 0.0 (total 344.0)
Reply status: 1xx=0 2xx=413 3xx=0 4xx=0 5xx=0

CPU time [s]: user 0.06 system 3.02 (user 1.8% system 95.0% total 96.8%)
Net I/O: 55.9 KB/s (0.5*10^6 bps)

Errors: total 1587 client-timo 1587 socket-timo 0 connrefused 0 connreset 0
Errors: fd-unavail 0 addrunavail 0 ftab-full 0 other 0

httperf --hog --timeout=1 --client=0/1 --server=172.17.60.201 --port=80 --uri=/ --rate=940 --send-buffer=4096 --recv-buffer=16384 --num-conns=2000 --num-calls=1
Maximum connect burst length: 10

Total: connections 2000 requests 524 replies 362 test-duration 3.126 s

Connection rate: 639.9 conn/s (1.6 ms/conn, <=905 concurrent connections)
Connection time [ms]: min 39.5 avg 440.1 max 1029.1 median 375.5 stddev 266.4
Connection time [ms]: connect 33.3
Connection length [replies/conn]: 1.000

Request rate: 167.6 req/s (6.0 ms/req)
Request size [B]: 66.0

Reply rate [replies/s]: min 0.0 avg 0.0 max 0.0 stddev 0.0 (0 samples)
Reply time [ms]: response 406.3 transfer 0.0
Reply size [B]: header 267.0 content 77.0 footer 0.0 (total 344.0)
Reply status: 1xx=0 2xx=362 3xx=0 4xx=0 5xx=0

CPU time [s]: user 0.06 system 2.97 (user 1.8% system 95.1% total 96.9%)
Net I/O: 49.7 KB/s (0.4*10^6 bps)

Errors: total 1638 client-timo 1638 socket-timo 0 connrefused 0 connreset 0
Errors: fd-unavail 0 addrunavail 0 ftab-full 0 other 0

httperf --hog --timeout=1 --client=0/1 --server=172.17.60.201 --port=80 --uri=/ --rate=960 --send-buffer=4096 --recv-buffer=16384 --num-conns=2000 --num-calls=1
Maximum connect burst length: 14

Total: connections 2000 requests 517 replies 343 test-duration 3.084 s

Connection rate: 648.5 conn/s (1.5 ms/conn, <=956 concurrent connections)
Connection time [ms]: min 27.3 avg 451.1 max 1041.9 median 411.5 stddev 272.4
Connection time [ms]: connect 34.9
Connection length [replies/conn]: 1.000

Request rate: 167.6 req/s (6.0 ms/req)
Request size [B]: 66.0

Reply rate [replies/s]: min 0.0 avg 0.0 max 0.0 stddev 0.0 (0 samples)
Reply time [ms]: response 415.2 transfer 0.0
Reply size [B]: header 267.0 content 77.0 footer 0.0 (total 344.0)
Reply status: 1xx=0 2xx=343 3xx=0 4xx=0 5xx=0

CPU time [s]: user 0.08 system 2.91 (user 2.6% system 94.3% total 96.9%)
Net I/O: 48.2 KB/s (0.4*10^6 bps)

Errors: total 1657 client-timo 1657 socket-timo 0 connrefused 0 connreset 0
Errors: fd-unavail 0 addrunavail 0 ftab-full 0 other 0

httperf --hog --timeout=1 --client=0/1 --server=172.17.60.201 --port=80 --uri=/ --rate=980 --send-buffer=4096 --recv-buffer=16384 --num-conns=2000 --num-calls=1
Maximum connect burst length: 7

Total: connections 2000 requests 587 replies 440 test-duration 3.036 s

Connection rate: 658.7 conn/s (1.5 ms/conn, <=948 concurrent connections)
Connection time [ms]: min 41.2 avg 455.1 max 1035.9 median 441.5 stddev 269.1
Connection time [ms]: connect 37.0
Connection length [replies/conn]: 1.000

Request rate: 193.3 req/s (5.2 ms/req)
Request size [B]: 66.0

Reply rate [replies/s]: min 0.0 avg 0.0 max 0.0 stddev 0.0 (0 samples)
Reply time [ms]: response 416.3 transfer 0.0
Reply size [B]: header 267.0 content 77.0 footer 0.0 (total 344.0)
Reply status: 1xx=0 2xx=440 3xx=0 4xx=0 5xx=0

CPU time [s]: user 0.09 system 2.84 (user 3.0% system 93.5% total 96.6%)
Net I/O: 61.1 KB/s (0.5*10^6 bps)

Errors: total 1560 client-timo 1560 socket-timo 0 connrefused 0 connreset 0
Errors: fd-unavail 0 addrunavail 0 ftab-full 0 other 0

httperf --hog --timeout=1 --client=0/1 --server=172.17.60.201 --port=80 --uri=/ --rate=1000 --send-buffer=4096 --recv-buffer=16384 --num-conns=2000 --num-calls=1
Maximum connect burst length: 14

Total: connections 2000 requests 483 replies 335 test-duration 2.999 s

Connection rate: 666.9 conn/s (1.5 ms/conn, <=986 concurrent connections)
Connection time [ms]: min 46.8 avg 430.6 max 1020.9 median 416.5 stddev 269.2
Connection time [ms]: connect 31.6
Connection length [replies/conn]: 1.000

Request rate: 161.1 req/s (6.2 ms/req)
Request size [B]: 66.0

Reply rate [replies/s]: min 0.0 avg 0.0 max 0.0 stddev 0.0 (0 samples)
Reply time [ms]: response 399.7 transfer 0.0
Reply size [B]: header 267.0 content 77.0 footer 0.0 (total 344.0)
Reply status: 1xx=0 2xx=335 3xx=0 4xx=0 5xx=0

CPU time [s]: user 0.08 system 2.82 (user 2.5% system 94.2% total 96.7%)
Net I/O: 47.9 KB/s (0.4*10^6 bps)

Errors: total 1665 client-timo 1665 socket-timo 0 connrefused 0 connreset 0
Errors: fd-unavail 0 addrunavail 0 ftab-full 0 other 0

