httperf --hog --timeout=1 --client=0/1 --server=172.17.60.201 --port=80 --uri=/ --rate=20 --send-buffer=4096 --recv-buffer=16384 --num-conns=2000 --num-calls=1
Maximum connect burst length: 1

Total: connections 2000 requests 2000 replies 2000 test-duration 99.952 s

Connection rate: 20.0 conn/s (50.0 ms/conn, <=1 concurrent connections)
Connection time [ms]: min 0.7 avg 1.7 max 15.9 median 1.5 stddev 1.6
Connection time [ms]: connect 0.7
Connection length [replies/conn]: 1.000

Request rate: 20.0 req/s (50.0 ms/req)
Request size [B]: 66.0

Reply rate [replies/s]: min 20.0 avg 20.0 max 20.0 stddev 0.0 (19 samples)
Reply time [ms]: response 1.0 transfer 0.0
Reply size [B]: header 267.0 content 77.0 footer 0.0 (total 344.0)
Reply status: 1xx=0 2xx=2000 3xx=0 4xx=0 5xx=0

CPU time [s]: user 45.18 system 54.62 (user 45.2% system 54.7% total 99.9%)
Net I/O: 8.0 KB/s (0.1*10^6 bps)

Errors: total 0 client-timo 0 socket-timo 0 connrefused 0 connreset 0
Errors: fd-unavail 0 addrunavail 0 ftab-full 0 other 0

httperf --hog --timeout=1 --client=0/1 --server=172.17.60.201 --port=80 --uri=/ --rate=40 --send-buffer=4096 --recv-buffer=16384 --num-conns=2000 --num-calls=1
Maximum connect burst length: 1

Total: connections 2000 requests 2000 replies 2000 test-duration 49.977 s

Connection rate: 40.0 conn/s (25.0 ms/conn, <=1 concurrent connections)
Connection time [ms]: min 0.6 avg 2.0 max 16.5 median 1.5 stddev 1.9
Connection time [ms]: connect 0.7
Connection length [replies/conn]: 1.000

Request rate: 40.0 req/s (25.0 ms/req)
Request size [B]: 66.0

Reply rate [replies/s]: min 40.0 avg 40.0 max 40.0 stddev 0.0 (9 samples)
Reply time [ms]: response 1.2 transfer 0.0
Reply size [B]: header 267.0 content 77.0 footer 0.0 (total 344.0)
Reply status: 1xx=0 2xx=2000 3xx=0 4xx=0 5xx=0

CPU time [s]: user 21.58 system 28.30 (user 43.2% system 56.6% total 99.8%)
Net I/O: 16.0 KB/s (0.1*10^6 bps)

Errors: total 0 client-timo 0 socket-timo 0 connrefused 0 connreset 0
Errors: fd-unavail 0 addrunavail 0 ftab-full 0 other 0

httperf --hog --timeout=1 --client=0/1 --server=172.17.60.201 --port=80 --uri=/ --rate=60 --send-buffer=4096 --recv-buffer=16384 --num-conns=2000 --num-calls=1
Maximum connect burst length: 1

Total: connections 2000 requests 2000 replies 2000 test-duration 33.318 s

Connection rate: 60.0 conn/s (16.7 ms/conn, <=2 concurrent connections)
Connection time [ms]: min 0.6 avg 3.8 max 23.9 median 2.5 stddev 3.4
Connection time [ms]: connect 1.8
Connection length [replies/conn]: 1.000

Request rate: 60.0 req/s (16.7 ms/req)
Request size [B]: 66.0

Reply rate [replies/s]: min 60.0 avg 60.0 max 60.0 stddev 0.0 (6 samples)
Reply time [ms]: response 2.0 transfer 0.0
Reply size [B]: header 267.0 content 77.0 footer 0.0 (total 344.0)
Reply status: 1xx=0 2xx=2000 3xx=0 4xx=0 5xx=0

CPU time [s]: user 13.30 system 19.92 (user 39.9% system 59.8% total 99.7%)
Net I/O: 24.0 KB/s (0.2*10^6 bps)

Errors: total 0 client-timo 0 socket-timo 0 connrefused 0 connreset 0
Errors: fd-unavail 0 addrunavail 0 ftab-full 0 other 0

httperf --hog --timeout=1 --client=0/1 --server=172.17.60.201 --port=80 --uri=/ --rate=80 --send-buffer=4096 --recv-buffer=16384 --num-conns=2000 --num-calls=1
Maximum connect burst length: 1

Total: connections 2000 requests 2000 replies 2000 test-duration 24.992 s

Connection rate: 80.0 conn/s (12.5 ms/conn, <=3 concurrent connections)
Connection time [ms]: min 0.7 avg 5.0 max 31.1 median 4.5 stddev 3.9
Connection time [ms]: connect 2.2
Connection length [replies/conn]: 1.000

Request rate: 80.0 req/s (12.5 ms/req)
Request size [B]: 66.0

Reply rate [replies/s]: min 80.0 avg 80.0 max 80.0 stddev 0.0 (4 samples)
Reply time [ms]: response 2.8 transfer 0.0
Reply size [B]: header 267.0 content 77.0 footer 0.0 (total 344.0)
Reply status: 1xx=0 2xx=2000 3xx=0 4xx=0 5xx=0

CPU time [s]: user 9.74 system 15.18 (user 39.0% system 60.7% total 99.7%)
Net I/O: 32.0 KB/s (0.3*10^6 bps)

Errors: total 0 client-timo 0 socket-timo 0 connrefused 0 connreset 0
Errors: fd-unavail 0 addrunavail 0 ftab-full 0 other 0

httperf --hog --timeout=1 --client=0/1 --server=172.17.60.201 --port=80 --uri=/ --rate=100 --send-buffer=4096 --recv-buffer=16384 --num-conns=2000 --num-calls=1
Maximum connect burst length: 1

Total: connections 2000 requests 2000 replies 2000 test-duration 19.995 s

Connection rate: 100.0 conn/s (10.0 ms/conn, <=3 concurrent connections)
Connection time [ms]: min 0.7 avg 6.2 max 26.7 median 5.5 stddev 4.2
Connection time [ms]: connect 2.8
Connection length [replies/conn]: 1.000

Request rate: 100.0 req/s (10.0 ms/req)
Request size [B]: 66.0

Reply rate [replies/s]: min 99.8 avg 100.0 max 100.2 stddev 0.2 (3 samples)
Reply time [ms]: response 3.4 transfer 0.0
Reply size [B]: header 267.0 content 77.0 footer 0.0 (total 344.0)
Reply status: 1xx=0 2xx=2000 3xx=0 4xx=0 5xx=0

CPU time [s]: user 7.52 system 12.40 (user 37.6% system 62.0% total 99.7%)
Net I/O: 40.0 KB/s (0.3*10^6 bps)

Errors: total 0 client-timo 0 socket-timo 0 connrefused 0 connreset 0
Errors: fd-unavail 0 addrunavail 0 ftab-full 0 other 0

httperf --hog --timeout=1 --client=0/1 --server=172.17.60.201 --port=80 --uri=/ --rate=120 --send-buffer=4096 --recv-buffer=16384 --num-conns=2000 --num-calls=1
Maximum connect burst length: 2

Total: connections 2000 requests 2000 replies 2000 test-duration 16.661 s

Connection rate: 120.0 conn/s (8.3 ms/conn, <=4 concurrent connections)
Connection time [ms]: min 0.7 avg 7.1 max 31.6 median 6.5 stddev 4.7
Connection time [ms]: connect 3.2
Connection length [replies/conn]: 1.000

Request rate: 120.0 req/s (8.3 ms/req)
Request size [B]: 66.0

Reply rate [replies/s]: min 120.0 avg 120.0 max 120.0 stddev 0.0 (3 samples)
Reply time [ms]: response 3.9 transfer 0.0
Reply size [B]: header 267.0 content 77.0 footer 0.0 (total 344.0)
Reply status: 1xx=0 2xx=2000 3xx=0 4xx=0 5xx=0

CPU time [s]: user 5.95 system 10.65 (user 35.7% system 63.9% total 99.6%)
Net I/O: 48.1 KB/s (0.4*10^6 bps)

Errors: total 0 client-timo 0 socket-timo 0 connrefused 0 connreset 0
Errors: fd-unavail 0 addrunavail 0 ftab-full 0 other 0

httperf --hog --timeout=1 --client=0/1 --server=172.17.60.201 --port=80 --uri=/ --rate=140 --send-buffer=4096 --recv-buffer=16384 --num-conns=2000 --num-calls=1
Maximum connect burst length: 1

Total: connections 2000 requests 2000 replies 2000 test-duration 14.283 s

Connection rate: 140.0 conn/s (7.1 ms/conn, <=5 concurrent connections)
Connection time [ms]: min 0.5 avg 7.0 max 31.9 median 6.5 stddev 4.8
Connection time [ms]: connect 3.2
Connection length [replies/conn]: 1.000

Request rate: 140.0 req/s (7.1 ms/req)
Request size [B]: 66.0

Reply rate [replies/s]: min 140.0 avg 140.0 max 140.0 stddev 0.0 (2 samples)
Reply time [ms]: response 3.8 transfer 0.0
Reply size [B]: header 267.0 content 77.0 footer 0.0 (total 344.0)
Reply status: 1xx=0 2xx=2000 3xx=0 4xx=0 5xx=0

CPU time [s]: user 4.90 system 9.33 (user 34.3% system 65.3% total 99.6%)
Net I/O: 56.1 KB/s (0.5*10^6 bps)

Errors: total 0 client-timo 0 socket-timo 0 connrefused 0 connreset 0
Errors: fd-unavail 0 addrunavail 0 ftab-full 0 other 0

httperf --hog --timeout=1 --client=0/1 --server=172.17.60.201 --port=80 --uri=/ --rate=160 --send-buffer=4096 --recv-buffer=16384 --num-conns=2000 --num-calls=1
Maximum connect burst length: 2

Total: connections 2000 requests 2000 replies 2000 test-duration 12.503 s

Connection rate: 160.0 conn/s (6.3 ms/conn, <=6 concurrent connections)
Connection time [ms]: min 0.7 avg 8.2 max 40.8 median 7.5 stddev 5.1
Connection time [ms]: connect 3.6
Connection length [replies/conn]: 1.000

Request rate: 160.0 req/s (6.3 ms/req)
Request size [B]: 66.0

Reply rate [replies/s]: min 159.8 avg 159.9 max 160.0 stddev 0.1 (2 samples)
Reply time [ms]: response 4.5 transfer 0.0
Reply size [B]: header 267.0 content 77.0 footer 0.0 (total 344.0)
Reply status: 1xx=0 2xx=2000 3xx=0 4xx=0 5xx=0

CPU time [s]: user 3.80 system 8.65 (user 30.4% system 69.2% total 99.6%)
Net I/O: 64.0 KB/s (0.5*10^6 bps)

Errors: total 0 client-timo 0 socket-timo 0 connrefused 0 connreset 0
Errors: fd-unavail 0 addrunavail 0 ftab-full 0 other 0

httperf --hog --timeout=1 --client=0/1 --server=172.17.60.201 --port=80 --uri=/ --rate=180 --send-buffer=4096 --recv-buffer=16384 --num-conns=2000 --num-calls=1
Maximum connect burst length: 2

Total: connections 2000 requests 2000 replies 2000 test-duration 11.124 s

Connection rate: 179.8 conn/s (5.6 ms/conn, <=10 concurrent connections)
Connection time [ms]: min 1.0 avg 9.4 max 52.0 median 7.5 stddev 6.6
Connection time [ms]: connect 3.9
Connection length [replies/conn]: 1.000

Request rate: 179.8 req/s (5.6 ms/req)
Request size [B]: 66.0

Reply rate [replies/s]: min 179.8 avg 179.8 max 179.8 stddev 0.0 (2 samples)
Reply time [ms]: response 5.5 transfer 0.0
Reply size [B]: header 267.0 content 77.0 footer 0.0 (total 344.0)
Reply status: 1xx=0 2xx=2000 3xx=0 4xx=0 5xx=0

CPU time [s]: user 3.55 system 7.52 (user 31.9% system 67.6% total 99.5%)
Net I/O: 72.0 KB/s (0.6*10^6 bps)

Errors: total 0 client-timo 0 socket-timo 0 connrefused 0 connreset 0
Errors: fd-unavail 0 addrunavail 0 ftab-full 0 other 0

httperf --hog --timeout=1 --client=0/1 --server=172.17.60.201 --port=80 --uri=/ --rate=200 --send-buffer=4096 --recv-buffer=16384 --num-conns=2000 --num-calls=1
Maximum connect burst length: 2

Total: connections 2000 requests 1980 replies 1976 test-duration 10.005 s

Connection rate: 199.9 conn/s (5.0 ms/conn, <=38 concurrent connections)
Connection time [ms]: min 0.7 avg 23.7 max 1198.5 median 9.5 stddev 91.1
Connection time [ms]: connect 7.8
Connection length [replies/conn]: 1.000

Request rate: 197.9 req/s (5.1 ms/req)
Request size [B]: 66.0

Reply rate [replies/s]: min 195.0 avg 197.3 max 199.6 stddev 3.3 (2 samples)
Reply time [ms]: response 15.9 transfer 0.0
Reply size [B]: header 267.0 content 77.0 footer 0.0 (total 344.0)
Reply status: 1xx=0 2xx=1976 3xx=0 4xx=0 5xx=0

CPU time [s]: user 2.07 system 7.89 (user 20.7% system 78.8% total 99.5%)
Net I/O: 79.1 KB/s (0.6*10^6 bps)

Errors: total 24 client-timo 24 socket-timo 0 connrefused 0 connreset 0
Errors: fd-unavail 0 addrunavail 0 ftab-full 0 other 0

httperf --hog --timeout=1 --client=0/1 --server=172.17.60.201 --port=80 --uri=/ --rate=220 --send-buffer=4096 --recv-buffer=16384 --num-conns=2000 --num-calls=1
Maximum connect burst length: 2

Total: connections 2000 requests 2000 replies 2000 test-duration 9.096 s

Connection rate: 219.9 conn/s (4.5 ms/conn, <=8 concurrent connections)
Connection time [ms]: min 0.8 avg 9.7 max 41.3 median 8.5 stddev 5.7
Connection time [ms]: connect 4.3
Connection length [replies/conn]: 1.000

Request rate: 219.9 req/s (4.5 ms/req)
Request size [B]: 66.0

Reply rate [replies/s]: min 220.0 avg 220.0 max 220.0 stddev 0.0 (1 samples)
Reply time [ms]: response 5.5 transfer 0.0
Reply size [B]: header 267.0 content 77.0 footer 0.0 (total 344.0)
Reply status: 1xx=0 2xx=2000 3xx=0 4xx=0 5xx=0

CPU time [s]: user 2.62 system 6.44 (user 28.8% system 70.8% total 99.5%)
Net I/O: 88.0 KB/s (0.7*10^6 bps)

Errors: total 0 client-timo 0 socket-timo 0 connrefused 0 connreset 0
Errors: fd-unavail 0 addrunavail 0 ftab-full 0 other 0

httperf --hog --timeout=1 --client=0/1 --server=172.17.60.201 --port=80 --uri=/ --rate=240 --send-buffer=4096 --recv-buffer=16384 --num-conns=2000 --num-calls=1
Maximum connect burst length: 2

Total: connections 2000 requests 2000 replies 2000 test-duration 8.338 s

Connection rate: 239.9 conn/s (4.2 ms/conn, <=10 concurrent connections)
Connection time [ms]: min 0.8 avg 11.1 max 38.9 median 10.5 stddev 6.1
Connection time [ms]: connect 4.7
Connection length [replies/conn]: 1.000

Request rate: 239.9 req/s (4.2 ms/req)
Request size [B]: 66.0

Reply rate [replies/s]: min 239.2 avg 239.2 max 239.2 stddev 0.0 (1 samples)
Reply time [ms]: response 6.3 transfer 0.0
Reply size [B]: header 267.0 content 77.0 footer 0.0 (total 344.0)
Reply status: 1xx=0 2xx=2000 3xx=0 4xx=0 5xx=0

CPU time [s]: user 2.04 system 6.26 (user 24.4% system 75.1% total 99.5%)
Net I/O: 96.0 KB/s (0.8*10^6 bps)

Errors: total 0 client-timo 0 socket-timo 0 connrefused 0 connreset 0
Errors: fd-unavail 0 addrunavail 0 ftab-full 0 other 0

httperf --hog --timeout=1 --client=0/1 --server=172.17.60.201 --port=80 --uri=/ --rate=260 --send-buffer=4096 --recv-buffer=16384 --num-conns=2000 --num-calls=1
Maximum connect burst length: 2

Total: connections 2000 requests 2000 replies 2000 test-duration 7.701 s

Connection rate: 259.7 conn/s (3.9 ms/conn, <=11 concurrent connections)
Connection time [ms]: min 0.8 avg 12.1 max 40.5 median 10.5 stddev 6.5
Connection time [ms]: connect 5.2
Connection length [replies/conn]: 1.000

Request rate: 259.7 req/s (3.9 ms/req)
Request size [B]: 66.0

Reply rate [replies/s]: min 259.6 avg 259.6 max 259.6 stddev 0.0 (1 samples)
Reply time [ms]: response 7.0 transfer 0.0
Reply size [B]: header 267.0 content 77.0 footer 0.0 (total 344.0)
Reply status: 1xx=0 2xx=2000 3xx=0 4xx=0 5xx=0

CPU time [s]: user 1.96 system 5.70 (user 25.5% system 74.0% total 99.5%)
Net I/O: 104.0 KB/s (0.9*10^6 bps)

Errors: total 0 client-timo 0 socket-timo 0 connrefused 0 connreset 0
Errors: fd-unavail 0 addrunavail 0 ftab-full 0 other 0

httperf --hog --timeout=1 --client=0/1 --server=172.17.60.201 --port=80 --uri=/ --rate=280 --send-buffer=4096 --recv-buffer=16384 --num-conns=2000 --num-calls=1
Maximum connect burst length: 4

Total: connections 2000 requests 2000 replies 2000 test-duration 7.151 s

Connection rate: 279.7 conn/s (3.6 ms/conn, <=12 concurrent connections)
Connection time [ms]: min 1.5 avg 12.3 max 47.0 median 10.5 stddev 6.7
Connection time [ms]: connect 5.0
Connection length [replies/conn]: 1.000

Request rate: 279.7 req/s (3.6 ms/req)
Request size [B]: 66.0

Reply rate [replies/s]: min 279.6 avg 279.6 max 279.6 stddev 0.0 (1 samples)
Reply time [ms]: response 7.3 transfer 0.0
Reply size [B]: header 267.0 content 77.0 footer 0.0 (total 344.0)
Reply status: 1xx=0 2xx=2000 3xx=0 4xx=0 5xx=0

CPU time [s]: user 1.73 system 5.38 (user 24.2% system 75.2% total 99.4%)
Net I/O: 112.0 KB/s (0.9*10^6 bps)

Errors: total 0 client-timo 0 socket-timo 0 connrefused 0 connreset 0
Errors: fd-unavail 0 addrunavail 0 ftab-full 0 other 0

httperf --hog --timeout=1 --client=0/1 --server=172.17.60.201 --port=80 --uri=/ --rate=300 --send-buffer=4096 --recv-buffer=16384 --num-conns=2000 --num-calls=1
Maximum connect burst length: 4

Total: connections 2000 requests 2000 replies 2000 test-duration 6.689 s

Connection rate: 299.0 conn/s (3.3 ms/conn, <=17 concurrent connections)
Connection time [ms]: min 1.4 avg 13.6 max 62.0 median 12.5 stddev 7.5
Connection time [ms]: connect 5.5
Connection length [replies/conn]: 1.000

Request rate: 299.0 req/s (3.3 ms/req)
Request size [B]: 66.0

Reply rate [replies/s]: min 299.0 avg 299.0 max 299.0 stddev 0.0 (1 samples)
Reply time [ms]: response 8.1 transfer 0.0
Reply size [B]: header 267.0 content 77.0 footer 0.0 (total 344.0)
Reply status: 1xx=0 2xx=2000 3xx=0 4xx=0 5xx=0

CPU time [s]: user 1.35 system 5.30 (user 20.2% system 79.2% total 99.4%)
Net I/O: 119.7 KB/s (1.0*10^6 bps)

Errors: total 0 client-timo 0 socket-timo 0 connrefused 0 connreset 0
Errors: fd-unavail 0 addrunavail 0 ftab-full 0 other 0

httperf --hog --timeout=1 --client=0/1 --server=172.17.60.201 --port=80 --uri=/ --rate=320 --send-buffer=4096 --recv-buffer=16384 --num-conns=2000 --num-calls=1
Maximum connect burst length: 4

Total: connections 2000 requests 2000 replies 2000 test-duration 6.253 s

Connection rate: 319.8 conn/s (3.1 ms/conn, <=20 concurrent connections)
Connection time [ms]: min 1.3 avg 16.8 max 74.3 median 14.5 stddev 9.6
Connection time [ms]: connect 6.1
Connection length [replies/conn]: 1.000

Request rate: 319.8 req/s (3.1 ms/req)
Request size [B]: 66.0

Reply rate [replies/s]: min 319.4 avg 319.4 max 319.4 stddev 0.0 (1 samples)
Reply time [ms]: response 10.8 transfer 0.0
Reply size [B]: header 267.0 content 77.0 footer 0.0 (total 344.0)
Reply status: 1xx=0 2xx=2000 3xx=0 4xx=0 5xx=0

CPU time [s]: user 1.40 system 4.82 (user 22.4% system 77.0% total 99.4%)
Net I/O: 128.1 KB/s (1.0*10^6 bps)

Errors: total 0 client-timo 0 socket-timo 0 connrefused 0 connreset 0
Errors: fd-unavail 0 addrunavail 0 ftab-full 0 other 0

httperf --hog --timeout=1 --client=0/1 --server=172.17.60.201 --port=80 --uri=/ --rate=340 --send-buffer=4096 --recv-buffer=16384 --num-conns=2000 --num-calls=1
Maximum connect burst length: 3

Total: connections 2000 requests 1996 replies 1996 test-duration 5.883 s

Connection rate: 340.0 conn/s (2.9 ms/conn, <=33 concurrent connections)
Connection time [ms]: min 1.9 avg 19.1 max 244.4 median 15.5 stddev 14.8
Connection time [ms]: connect 6.5
Connection length [replies/conn]: 1.000

Request rate: 339.3 req/s (2.9 ms/req)
Request size [B]: 66.0

Reply rate [replies/s]: min 338.4 avg 338.4 max 338.4 stddev 0.0 (1 samples)
Reply time [ms]: response 12.6 transfer 0.0
Reply size [B]: header 267.0 content 77.0 footer 0.0 (total 344.0)
Reply status: 1xx=0 2xx=1996 3xx=0 4xx=0 5xx=0

CPU time [s]: user 1.08 system 4.76 (user 18.3% system 81.0% total 99.3%)
Net I/O: 135.9 KB/s (1.1*10^6 bps)

Errors: total 4 client-timo 4 socket-timo 0 connrefused 0 connreset 0
Errors: fd-unavail 0 addrunavail 0 ftab-full 0 other 0

httperf --hog --timeout=1 --client=0/1 --server=172.17.60.201 --port=80 --uri=/ --rate=360 --send-buffer=4096 --recv-buffer=16384 --num-conns=2000 --num-calls=1
Maximum connect burst length: 6

Total: connections 2000 requests 2000 replies 2000 test-duration 5.563 s

Connection rate: 359.5 conn/s (2.8 ms/conn, <=26 concurrent connections)
Connection time [ms]: min 2.1 avg 21.8 max 99.8 median 18.5 stddev 14.4
Connection time [ms]: connect 6.7
Connection length [replies/conn]: 1.000

Request rate: 359.5 req/s (2.8 ms/req)
Request size [B]: 66.0

Reply rate [replies/s]: min 359.2 avg 359.2 max 359.2 stddev 0.0 (1 samples)
Reply time [ms]: response 15.1 transfer 0.0
Reply size [B]: header 267.0 content 77.0 footer 0.0 (total 344.0)
Reply status: 1xx=0 2xx=2000 3xx=0 4xx=0 5xx=0

CPU time [s]: user 0.98 system 4.54 (user 17.7% system 81.6% total 99.3%)
Net I/O: 144.0 KB/s (1.2*10^6 bps)

Errors: total 0 client-timo 0 socket-timo 0 connrefused 0 connreset 0
Errors: fd-unavail 0 addrunavail 0 ftab-full 0 other 0

httperf --hog --timeout=1 --client=0/1 --server=172.17.60.201 --port=80 --uri=/ --rate=380 --send-buffer=4096 --recv-buffer=16384 --num-conns=2000 --num-calls=1
Maximum connect burst length: 4

Total: connections 2000 requests 1814 replies 1801 test-duration 6.223 s

Connection rate: 321.4 conn/s (3.1 ms/conn, <=157 concurrent connections)
Connection time [ms]: min 2.0 avg 113.6 max 1191.5 median 68.5 stddev 161.3
Connection time [ms]: connect 26.5
Connection length [replies/conn]: 1.000

Request rate: 291.5 req/s (3.4 ms/req)
Request size [B]: 66.0

Reply rate [replies/s]: min 326.4 avg 326.4 max 326.4 stddev 0.0 (1 samples)
Reply time [ms]: response 87.0 transfer 0.0
Reply size [B]: header 267.0 content 77.0 footer 0.0 (total 344.0)
Reply status: 1xx=0 2xx=1801 3xx=0 4xx=0 5xx=0

CPU time [s]: user 0.37 system 5.78 (user 6.0% system 92.9% total 98.9%)
Net I/O: 116.0 KB/s (1.0*10^6 bps)

Errors: total 199 client-timo 199 socket-timo 0 connrefused 0 connreset 0
Errors: fd-unavail 0 addrunavail 0 ftab-full 0 other 0

httperf --hog --timeout=1 --client=0/1 --server=172.17.60.201 --port=80 --uri=/ --rate=400 --send-buffer=4096 --recv-buffer=16384 --num-conns=2000 --num-calls=1
Maximum connect burst length: 4

Total: connections 2000 requests 1344 replies 1228 test-duration 5.998 s

Connection rate: 333.4 conn/s (3.0 ms/conn, <=294 concurrent connections)
Connection time [ms]: min 8.5 avg 277.9 max 1117.3 median 168.5 stddev 267.8
Connection time [ms]: connect 69.3
Connection length [replies/conn]: 1.000

Request rate: 224.1 req/s (4.5 ms/req)
Request size [B]: 66.0

Reply rate [replies/s]: min 221.2 avg 221.2 max 221.2 stddev 0.0 (1 samples)
Reply time [ms]: response 204.4 transfer 0.0
Reply size [B]: header 267.0 content 77.0 footer 0.0 (total 344.0)
Reply status: 1xx=0 2xx=1228 3xx=0 4xx=0 5xx=0

CPU time [s]: user 0.18 system 5.73 (user 2.9% system 95.6% total 98.5%)
Net I/O: 83.2 KB/s (0.7*10^6 bps)

Errors: total 772 client-timo 772 socket-timo 0 connrefused 0 connreset 0
Errors: fd-unavail 0 addrunavail 0 ftab-full 0 other 0

httperf --hog --timeout=1 --client=0/1 --server=172.17.60.201 --port=80 --uri=/ --rate=420 --send-buffer=4096 --recv-buffer=16384 --num-conns=2000 --num-calls=1
Maximum connect burst length: 4

Total: connections 2000 requests 1212 replies 1086 test-duration 5.755 s

Connection rate: 347.5 conn/s (2.9 ms/conn, <=336 concurrent connections)
Connection time [ms]: min 9.6 avg 321.4 max 1008.9 median 216.5 stddev 268.3
Connection time [ms]: connect 64.4
Connection length [replies/conn]: 1.000

Request rate: 210.6 req/s (4.7 ms/req)
Request size [B]: 66.0

Reply rate [replies/s]: min 203.4 avg 203.4 max 203.4 stddev 0.0 (1 samples)
Reply time [ms]: response 253.0 transfer 0.0
Reply size [B]: header 267.0 content 77.0 footer 0.0 (total 344.0)
Reply status: 1xx=0 2xx=1086 3xx=0 4xx=0 5xx=0

CPU time [s]: user 0.14 system 5.52 (user 2.4% system 95.8% total 98.3%)
Net I/O: 77.0 KB/s (0.6*10^6 bps)

Errors: total 914 client-timo 914 socket-timo 0 connrefused 0 connreset 0
Errors: fd-unavail 0 addrunavail 0 ftab-full 0 other 0

httperf --hog --timeout=1 --client=0/1 --server=172.17.60.201 --port=80 --uri=/ --rate=440 --send-buffer=4096 --recv-buffer=16384 --num-conns=2000 --num-calls=1
Maximum connect burst length: 6

Total: connections 2000 requests 1253 replies 1141 test-duration 5.539 s

Connection rate: 361.1 conn/s (2.8 ms/conn, <=343 concurrent connections)
Connection time [ms]: min 12.1 avg 303.1 max 1019.1 median 207.5 stddev 253.5
Connection time [ms]: connect 64.4
Connection length [replies/conn]: 1.000

Request rate: 226.2 req/s (4.4 ms/req)
Request size [B]: 66.0

Reply rate [replies/s]: min 220.4 avg 220.4 max 220.4 stddev 0.0 (1 samples)
Reply time [ms]: response 235.2 transfer 0.0
Reply size [B]: header 267.0 content 77.0 footer 0.0 (total 344.0)
Reply status: 1xx=0 2xx=1141 3xx=0 4xx=0 5xx=0

CPU time [s]: user 0.15 system 5.28 (user 2.7% system 95.4% total 98.1%)
Net I/O: 83.8 KB/s (0.7*10^6 bps)

Errors: total 859 client-timo 859 socket-timo 0 connrefused 0 connreset 0
Errors: fd-unavail 0 addrunavail 0 ftab-full 0 other 0

httperf --hog --timeout=1 --client=0/1 --server=172.17.60.201 --port=80 --uri=/ --rate=460 --send-buffer=4096 --recv-buffer=16384 --num-conns=2000 --num-calls=1
Maximum connect burst length: 5

Total: connections 2000 requests 1208 replies 1086 test-duration 5.346 s

Connection rate: 374.1 conn/s (2.7 ms/conn, <=380 concurrent connections)
Connection time [ms]: min 7.4 avg 326.1 max 1012.9 median 233.5 stddev 270.6
Connection time [ms]: connect 75.5
Connection length [replies/conn]: 1.000

Request rate: 226.0 req/s (4.4 ms/req)
Request size [B]: 66.0

Reply rate [replies/s]: min 212.2 avg 212.2 max 212.2 stddev 0.0 (1 samples)
Reply time [ms]: response 245.5 transfer 0.0
Reply size [B]: header 267.0 content 77.0 footer 0.0 (total 344.0)
Reply status: 1xx=0 2xx=1086 3xx=0 4xx=0 5xx=0

CPU time [s]: user 0.14 system 5.10 (user 2.7% system 95.3% total 98.0%)
Net I/O: 82.8 KB/s (0.7*10^6 bps)

Errors: total 914 client-timo 914 socket-timo 0 connrefused 0 connreset 0
Errors: fd-unavail 0 addrunavail 0 ftab-full 0 other 0

httperf --hog --timeout=1 --client=0/1 --server=172.17.60.201 --port=80 --uri=/ --rate=480 --send-buffer=4096 --recv-buffer=16384 --num-conns=2000 --num-calls=1
Maximum connect burst length: 4

Total: connections 2000 requests 1244 replies 1137 test-duration 5.171 s

Connection rate: 386.8 conn/s (2.6 ms/conn, <=400 concurrent connections)
Connection time [ms]: min 10.6 avg 304.4 max 1167.6 median 200.5 stddev 273.2
Connection time [ms]: connect 78.0
Connection length [replies/conn]: 1.000

Request rate: 240.6 req/s (4.2 ms/req)
Request size [B]: 66.0

Reply rate [replies/s]: min 224.0 avg 224.0 max 224.0 stddev 0.0 (1 samples)
Reply time [ms]: response 222.0 transfer 0.0
Reply size [B]: header 267.0 content 77.0 footer 0.0 (total 344.0)
Reply status: 1xx=0 2xx=1137 3xx=0 4xx=0 5xx=0

CPU time [s]: user 0.17 system 4.90 (user 3.2% system 94.7% total 97.9%)
Net I/O: 89.4 KB/s (0.7*10^6 bps)

Errors: total 863 client-timo 863 socket-timo 0 connrefused 0 connreset 0
Errors: fd-unavail 0 addrunavail 0 ftab-full 0 other 0

httperf --hog --timeout=1 --client=0/1 --server=172.17.60.201 --port=80 --uri=/ --rate=500 --send-buffer=4096 --recv-buffer=16384 --num-conns=2000 --num-calls=1
Maximum connect burst length: 5

Total: connections 2000 requests 1151 replies 1031 test-duration 4.993 s

Connection rate: 400.6 conn/s (2.5 ms/conn, <=406 concurrent connections)
Connection time [ms]: min 9.6 avg 337.4 max 1040.6 median 224.5 stddev 292.3
Connection time [ms]: connect 81.4
Connection length [replies/conn]: 1.000

Request rate: 230.5 req/s (4.3 ms/req)
Request size [B]: 66.0

Reply rate [replies/s]: min 0.0 avg 0.0 max 0.0 stddev 0.0 (0 samples)
Reply time [ms]: response 250.1 transfer 0.0
Reply size [B]: header 267.0 content 77.0 footer 0.0 (total 344.0)
Reply status: 1xx=0 2xx=1031 3xx=0 4xx=0 5xx=0

CPU time [s]: user 0.16 system 4.73 (user 3.1% system 94.8% total 97.9%)
Net I/O: 84.2 KB/s (0.7*10^6 bps)

Errors: total 969 client-timo 969 socket-timo 0 connrefused 0 connreset 0
Errors: fd-unavail 0 addrunavail 0 ftab-full 0 other 0

httperf --hog --timeout=1 --client=0/1 --server=172.17.60.201 --port=80 --uri=/ --rate=520 --send-buffer=4096 --recv-buffer=16384 --num-conns=2000 --num-calls=1
Maximum connect burst length: 5

Total: connections 2000 requests 1100 replies 985 test-duration 4.839 s

Connection rate: 413.3 conn/s (2.4 ms/conn, <=421 concurrent connections)
Connection time [ms]: min 17.6 avg 313.7 max 1029.4 median 213.5 stddev 255.7
Connection time [ms]: connect 61.0
Connection length [replies/conn]: 1.000

Request rate: 227.3 req/s (4.4 ms/req)
Request size [B]: 66.0

Reply rate [replies/s]: min 0.0 avg 0.0 max 0.0 stddev 0.0 (0 samples)
Reply time [ms]: response 249.1 transfer 0.0
Reply size [B]: header 267.0 content 77.0 footer 0.0 (total 344.0)
Reply status: 1xx=0 2xx=985 3xx=0 4xx=0 5xx=0

CPU time [s]: user 0.11 system 4.62 (user 2.2% system 95.6% total 97.8%)
Net I/O: 83.0 KB/s (0.7*10^6 bps)

Errors: total 1015 client-timo 1015 socket-timo 0 connrefused 0 connreset 0
Errors: fd-unavail 0 addrunavail 0 ftab-full 0 other 0

httperf --hog --timeout=1 --client=0/1 --server=172.17.60.201 --port=80 --uri=/ --rate=540 --send-buffer=4096 --recv-buffer=16384 --num-conns=2000 --num-calls=1
Maximum connect burst length: 4

Total: connections 2000 requests 739 replies 582 test-duration 4.702 s

Connection rate: 425.4 conn/s (2.4 ms/conn, <=551 concurrent connections)
Connection time [ms]: min 15.0 avg 280.2 max 1024.9 median 200.5 stddev 252.2
Connection time [ms]: connect 57.8
Connection length [replies/conn]: 1.000

Request rate: 157.2 req/s (6.4 ms/req)
Request size [B]: 66.0

Reply rate [replies/s]: min 0.0 avg 0.0 max 0.0 stddev 0.0 (0 samples)
Reply time [ms]: response 214.9 transfer 0.0
Reply size [B]: header 267.0 content 77.0 footer 0.0 (total 344.0)
Reply status: 1xx=0 2xx=582 3xx=0 4xx=0 5xx=0

CPU time [s]: user 0.11 system 4.50 (user 2.4% system 95.7% total 98.1%)
Net I/O: 51.7 KB/s (0.4*10^6 bps)

Errors: total 1418 client-timo 1418 socket-timo 0 connrefused 0 connreset 0
Errors: fd-unavail 0 addrunavail 0 ftab-full 0 other 0

httperf --hog --timeout=1 --client=0/1 --server=172.17.60.201 --port=80 --uri=/ --rate=560 --send-buffer=4096 --recv-buffer=16384 --num-conns=2000 --num-calls=1
Maximum connect burst length: 8

Total: connections 2000 requests 953 replies 822 test-duration 4.570 s

Connection rate: 437.6 conn/s (2.3 ms/conn, <=480 concurrent connections)
Connection time [ms]: min 18.2 avg 349.1 max 1031.6 median 237.5 stddev 280.6
Connection time [ms]: connect 53.3
Connection length [replies/conn]: 1.000

Request rate: 208.5 req/s (4.8 ms/req)
Request size [B]: 66.0

Reply rate [replies/s]: min 0.0 avg 0.0 max 0.0 stddev 0.0 (0 samples)
Reply time [ms]: response 292.3 transfer 0.0
Reply size [B]: header 267.0 content 77.0 footer 0.0 (total 344.0)
Reply status: 1xx=0 2xx=822 3xx=0 4xx=0 5xx=0

CPU time [s]: user 0.12 system 4.33 (user 2.6% system 94.8% total 97.4%)
Net I/O: 73.9 KB/s (0.6*10^6 bps)

Errors: total 1178 client-timo 1178 socket-timo 0 connrefused 0 connreset 0
Errors: fd-unavail 0 addrunavail 0 ftab-full 0 other 0

httperf --hog --timeout=1 --client=0/1 --server=172.17.60.201 --port=80 --uri=/ --rate=580 --send-buffer=4096 --recv-buffer=16384 --num-conns=2000 --num-calls=1
Maximum connect burst length: 12

Total: connections 2000 requests 1054 replies 946 test-duration 4.444 s

Connection rate: 450.1 conn/s (2.2 ms/conn, <=493 concurrent connections)
Connection time [ms]: min 19.4 avg 345.5 max 1033.1 median 220.5 stddev 282.3
Connection time [ms]: connect 62.6
Connection length [replies/conn]: 1.000

Request rate: 237.2 req/s (4.2 ms/req)
Request size [B]: 66.0

Reply rate [replies/s]: min 0.0 avg 0.0 max 0.0 stddev 0.0 (0 samples)
Reply time [ms]: response 279.2 transfer 0.0
Reply size [B]: header 267.0 content 77.0 footer 0.0 (total 344.0)
Reply status: 1xx=0 2xx=946 3xx=0 4xx=0 5xx=0

CPU time [s]: user 0.14 system 4.21 (user 3.1% system 94.8% total 97.8%)
Net I/O: 86.8 KB/s (0.7*10^6 bps)

Errors: total 1054 client-timo 1054 socket-timo 0 connrefused 0 connreset 0
Errors: fd-unavail 0 addrunavail 0 ftab-full 0 other 0

httperf --hog --timeout=1 --client=0/1 --server=172.17.60.201 --port=80 --uri=/ --rate=600 --send-buffer=4096 --recv-buffer=16384 --num-conns=2000 --num-calls=1
Maximum connect burst length: 7

Total: connections 2000 requests 1063 replies 959 test-duration 4.332 s

Connection rate: 461.7 conn/s (2.2 ms/conn, <=501 concurrent connections)
Connection time [ms]: min 23.6 avg 337.9 max 1017.2 median 219.5 stddev 283.0
Connection time [ms]: connect 74.3
Connection length [replies/conn]: 1.000

Request rate: 245.4 req/s (4.1 ms/req)
Request size [B]: 66.0

Reply rate [replies/s]: min 0.0 avg 0.0 max 0.0 stddev 0.0 (0 samples)
Reply time [ms]: response 259.2 transfer 0.0
Reply size [B]: header 267.0 content 77.0 footer 0.0 (total 344.0)
Reply status: 1xx=0 2xx=959 3xx=0 4xx=0 5xx=0

CPU time [s]: user 0.12 system 4.10 (user 2.9% system 94.6% total 97.5%)
Net I/O: 90.2 KB/s (0.7*10^6 bps)

Errors: total 1041 client-timo 1041 socket-timo 0 connrefused 0 connreset 0
Errors: fd-unavail 0 addrunavail 0 ftab-full 0 other 0

httperf --hog --timeout=1 --client=0/1 --server=172.17.60.201 --port=80 --uri=/ --rate=620 --send-buffer=4096 --recv-buffer=16384 --num-conns=2000 --num-calls=1
Maximum connect burst length: 15

Total: connections 2000 requests 937 replies 795 test-duration 4.224 s

Connection rate: 473.5 conn/s (2.1 ms/conn, <=574 concurrent connections)
Connection time [ms]: min 18.2 avg 336.0 max 1052.2 median 217.5 stddev 293.7
Connection time [ms]: connect 63.8
Connection length [replies/conn]: 1.000

Request rate: 221.8 req/s (4.5 ms/req)
Request size [B]: 66.0

Reply rate [replies/s]: min 0.0 avg 0.0 max 0.0 stddev 0.0 (0 samples)
Reply time [ms]: response 266.8 transfer 0.0
Reply size [B]: header 267.0 content 77.0 footer 0.0 (total 344.0)
Reply status: 1xx=0 2xx=795 3xx=0 4xx=0 5xx=0

CPU time [s]: user 0.12 system 3.99 (user 2.9% system 94.5% total 97.4%)
Net I/O: 77.5 KB/s (0.6*10^6 bps)

Errors: total 1205 client-timo 1205 socket-timo 0 connrefused 0 connreset 0
Errors: fd-unavail 0 addrunavail 0 ftab-full 0 other 0

httperf --hog --timeout=1 --client=0/1 --server=172.17.60.201 --port=80 --uri=/ --rate=640 --send-buffer=4096 --recv-buffer=16384 --num-conns=2000 --num-calls=1
Maximum connect burst length: 8

Total: connections 2000 requests 994 replies 924 test-duration 4.112 s

Connection rate: 486.4 conn/s (2.1 ms/conn, <=553 concurrent connections)
Connection time [ms]: min 27.0 avg 318.3 max 1020.9 median 216.5 stddev 275.8
Connection time [ms]: connect 78.5
Connection length [replies/conn]: 1.000

Request rate: 241.7 req/s (4.1 ms/req)
Request size [B]: 66.0

Reply rate [replies/s]: min 0.0 avg 0.0 max 0.0 stddev 0.0 (0 samples)
Reply time [ms]: response 236.0 transfer 0.0
Reply size [B]: header 267.0 content 77.0 footer 0.0 (total 344.0)
Reply status: 1xx=0 2xx=924 3xx=0 4xx=0 5xx=0

CPU time [s]: user 0.12 system 3.89 (user 2.8% system 94.7% total 97.5%)
Net I/O: 91.1 KB/s (0.7*10^6 bps)

Errors: total 1076 client-timo 1076 socket-timo 0 connrefused 0 connreset 0
Errors: fd-unavail 0 addrunavail 0 ftab-full 0 other 0

httperf --hog --timeout=1 --client=0/1 --server=172.17.60.201 --port=80 --uri=/ --rate=660 --send-buffer=4096 --recv-buffer=16384 --num-conns=2000 --num-calls=1
Maximum connect burst length: 8

Total: connections 2000 requests 995 replies 856 test-duration 4.023 s

Connection rate: 497.1 conn/s (2.0 ms/conn, <=581 concurrent connections)
Connection time [ms]: min 17.2 avg 335.0 max 1052.7 median 227.5 stddev 285.5
Connection time [ms]: connect 73.3
Connection length [replies/conn]: 1.000

Request rate: 247.3 req/s (4.0 ms/req)
Request size [B]: 66.0

Reply rate [replies/s]: min 0.0 avg 0.0 max 0.0 stddev 0.0 (0 samples)
Reply time [ms]: response 254.8 transfer 0.0
Reply size [B]: header 267.0 content 77.0 footer 0.0 (total 344.0)
Reply status: 1xx=0 2xx=856 3xx=0 4xx=0 5xx=0

CPU time [s]: user 0.06 system 3.84 (user 1.6% system 95.4% total 97.0%)
Net I/O: 87.4 KB/s (0.7*10^6 bps)

Errors: total 1144 client-timo 1144 socket-timo 0 connrefused 0 connreset 0
Errors: fd-unavail 0 addrunavail 0 ftab-full 0 other 0

httperf --hog --timeout=1 --client=0/1 --server=172.17.60.201 --port=80 --uri=/ --rate=680 --send-buffer=4096 --recv-buffer=16384 --num-conns=2000 --num-calls=1
Maximum connect burst length: 14

Total: connections 2000 requests 923 replies 790 test-duration 3.942 s

Connection rate: 507.4 conn/s (2.0 ms/conn, <=620 concurrent connections)
Connection time [ms]: min 11.5 avg 326.4 max 1021.8 median 217.5 stddev 268.9
Connection time [ms]: connect 50.6
Connection length [replies/conn]: 1.000

Request rate: 234.2 req/s (4.3 ms/req)
Request size [B]: 66.0

Reply rate [replies/s]: min 0.0 avg 0.0 max 0.0 stddev 0.0 (0 samples)
Reply time [ms]: response 272.5 transfer 0.0
Reply size [B]: header 267.0 content 77.0 footer 0.0 (total 344.0)
Reply status: 1xx=0 2xx=790 3xx=0 4xx=0 5xx=0

CPU time [s]: user 0.08 system 3.74 (user 2.1% system 95.0% total 97.1%)
Net I/O: 82.4 KB/s (0.7*10^6 bps)

Errors: total 1210 client-timo 1210 socket-timo 0 connrefused 0 connreset 0
Errors: fd-unavail 0 addrunavail 0 ftab-full 0 other 0

httperf --hog --timeout=1 --client=0/1 --server=172.17.60.201 --port=80 --uri=/ --rate=700 --send-buffer=4096 --recv-buffer=16384 --num-conns=2000 --num-calls=1
Maximum connect burst length: 4

Total: connections 2000 requests 944 replies 792 test-duration 3.856 s

Connection rate: 518.6 conn/s (1.9 ms/conn, <=637 concurrent connections)
Connection time [ms]: min 9.3 avg 307.8 max 1031.1 median 216.5 stddev 266.7
Connection time [ms]: connect 53.5
Connection length [replies/conn]: 1.000

Request rate: 244.8 req/s (4.1 ms/req)
Request size [B]: 66.0

Reply rate [replies/s]: min 0.0 avg 0.0 max 0.0 stddev 0.0 (0 samples)
Reply time [ms]: response 250.2 transfer 0.0
Reply size [B]: header 267.0 content 77.0 footer 0.0 (total 344.0)
Reply status: 1xx=0 2xx=792 3xx=0 4xx=0 5xx=0

CPU time [s]: user 0.07 system 3.68 (user 1.9% system 95.3% total 97.2%)
Net I/O: 84.8 KB/s (0.7*10^6 bps)

Errors: total 1208 client-timo 1208 socket-timo 0 connrefused 0 connreset 0
Errors: fd-unavail 0 addrunavail 0 ftab-full 0 other 0

httperf --hog --timeout=1 --client=0/1 --server=172.17.60.201 --port=80 --uri=/ --rate=720 --send-buffer=4096 --recv-buffer=16384 --num-conns=2000 --num-calls=1
Maximum connect burst length: 10

Total: connections 2000 requests 811 replies 647 test-duration 3.783 s

Connection rate: 528.7 conn/s (1.9 ms/conn, <=686 concurrent connections)
Connection time [ms]: min 12.0 avg 360.6 max 1030.0 median 274.5 stddev 291.1
Connection time [ms]: connect 71.5
Connection length [replies/conn]: 1.000

Request rate: 214.4 req/s (4.7 ms/req)
Request size [B]: 66.0

Reply rate [replies/s]: min 0.0 avg 0.0 max 0.0 stddev 0.0 (0 samples)
Reply time [ms]: response 279.3 transfer 0.0
Reply size [B]: header 267.0 content 77.0 footer 0.0 (total 344.0)
Reply status: 1xx=0 2xx=647 3xx=0 4xx=0 5xx=0

CPU time [s]: user 0.08 system 3.60 (user 2.0% system 95.1% total 97.1%)
Net I/O: 71.3 KB/s (0.6*10^6 bps)

Errors: total 1353 client-timo 1353 socket-timo 0 connrefused 0 connreset 0
Errors: fd-unavail 0 addrunavail 0 ftab-full 0 other 0

httperf --hog --timeout=1 --client=0/1 --server=172.17.60.201 --port=80 --uri=/ --rate=740 --send-buffer=4096 --recv-buffer=16384 --num-conns=2000 --num-calls=1
Maximum connect burst length: 10

Total: connections 2000 requests 854 replies 737 test-duration 3.710 s

Connection rate: 539.1 conn/s (1.9 ms/conn, <=685 concurrent connections)
Connection time [ms]: min 23.1 avg 366.9 max 1026.3 median 293.5 stddev 296.7
Connection time [ms]: connect 77.4
Connection length [replies/conn]: 1.000

Request rate: 230.2 req/s (4.3 ms/req)
Request size [B]: 66.0

Reply rate [replies/s]: min 0.0 avg 0.0 max 0.0 stddev 0.0 (0 samples)
Reply time [ms]: response 282.2 transfer 0.0
Reply size [B]: header 267.0 content 77.0 footer 0.0 (total 344.0)
Reply status: 1xx=0 2xx=737 3xx=0 4xx=0 5xx=0

CPU time [s]: user 0.05 system 3.54 (user 1.4% system 95.5% total 96.9%)
Net I/O: 81.6 KB/s (0.7*10^6 bps)

Errors: total 1263 client-timo 1263 socket-timo 0 connrefused 0 connreset 0
Errors: fd-unavail 0 addrunavail 0 ftab-full 0 other 0

httperf --hog --timeout=1 --client=0/1 --server=172.17.60.201 --port=80 --uri=/ --rate=760 --send-buffer=4096 --recv-buffer=16384 --num-conns=2000 --num-calls=1
Maximum connect burst length: 7

Total: connections 2000 requests 826 replies 679 test-duration 3.640 s

Connection rate: 549.5 conn/s (1.8 ms/conn, <=687 concurrent connections)
Connection time [ms]: min 20.1 avg 397.5 max 1020.9 median 306.5 stddev 289.4
Connection time [ms]: connect 71.9
Connection length [replies/conn]: 1.000

Request rate: 226.9 req/s (4.4 ms/req)
Request size [B]: 66.0

Reply rate [replies/s]: min 0.0 avg 0.0 max 0.0 stddev 0.0 (0 samples)
Reply time [ms]: response 317.0 transfer 0.0
Reply size [B]: header 267.0 content 77.0 footer 0.0 (total 344.0)
Reply status: 1xx=0 2xx=679 3xx=0 4xx=0 5xx=0

CPU time [s]: user 0.08 system 3.44 (user 2.3% system 94.5% total 96.8%)
Net I/O: 77.3 KB/s (0.6*10^6 bps)

Errors: total 1321 client-timo 1321 socket-timo 0 connrefused 0 connreset 0
Errors: fd-unavail 0 addrunavail 0 ftab-full 0 other 0

httperf --hog --timeout=1 --client=0/1 --server=172.17.60.201 --port=80 --uri=/ --rate=780 --send-buffer=4096 --recv-buffer=16384 --num-conns=2000 --num-calls=1
Maximum connect burst length: 6

Total: connections 2000 requests 710 replies 531 test-duration 3.563 s

Connection rate: 561.3 conn/s (1.8 ms/conn, <=736 concurrent connections)
Connection time [ms]: min 39.4 avg 358.4 max 1029.2 median 278.5 stddev 262.2
Connection time [ms]: connect 35.5
Connection length [replies/conn]: 1.000

Request rate: 199.3 req/s (5.0 ms/req)
Request size [B]: 66.0

Reply rate [replies/s]: min 0.0 avg 0.0 max 0.0 stddev 0.0 (0 samples)
Reply time [ms]: response 322.1 transfer 0.0
Reply size [B]: header 267.0 content 77.0 footer 0.0 (total 344.0)
Reply status: 1xx=0 2xx=531 3xx=0 4xx=0 5xx=0

CPU time [s]: user 0.05 system 3.40 (user 1.3% system 95.3% total 96.7%)
Net I/O: 62.9 KB/s (0.5*10^6 bps)

Errors: total 1469 client-timo 1469 socket-timo 0 connrefused 0 connreset 0
Errors: fd-unavail 0 addrunavail 0 ftab-full 0 other 0

httperf --hog --timeout=1 --client=0/1 --server=172.17.60.201 --port=80 --uri=/ --rate=800 --send-buffer=4096 --recv-buffer=16384 --num-conns=2000 --num-calls=1
Maximum connect burst length: 9

Total: connections 2000 requests 818 replies 650 test-duration 3.499 s

Connection rate: 571.6 conn/s (1.7 ms/conn, <=760 concurrent connections)
Connection time [ms]: min 17.6 avg 361.3 max 1036.6 median 279.5 stddev 299.4
Connection time [ms]: connect 76.9
Connection length [replies/conn]: 1.000

Request rate: 233.8 req/s (4.3 ms/req)
Request size [B]: 66.0

Reply rate [replies/s]: min 0.0 avg 0.0 max 0.0 stddev 0.0 (0 samples)
Reply time [ms]: response 273.2 transfer 0.0
Reply size [B]: header 267.0 content 77.0 footer 0.0 (total 344.0)
Reply status: 1xx=0 2xx=650 3xx=0 4xx=0 5xx=0

CPU time [s]: user 0.09 system 3.30 (user 2.5% system 94.2% total 96.7%)
Net I/O: 77.5 KB/s (0.6*10^6 bps)

Errors: total 1350 client-timo 1350 socket-timo 0 connrefused 0 connreset 0
Errors: fd-unavail 0 addrunavail 0 ftab-full 0 other 0

httperf --hog --timeout=1 --client=0/1 --server=172.17.60.201 --port=80 --uri=/ --rate=820 --send-buffer=4096 --recv-buffer=16384 --num-conns=2000 --num-calls=1
Maximum connect burst length: 14

Total: connections 2000 requests 776 replies 637 test-duration 3.442 s

Connection rate: 581.1 conn/s (1.7 ms/conn, <=762 concurrent connections)
Connection time [ms]: min 20.5 avg 353.7 max 1021.9 median 320.5 stddev 267.0
Connection time [ms]: connect 44.6
Connection length [replies/conn]: 1.000

Request rate: 225.4 req/s (4.4 ms/req)
Request size [B]: 66.0

Reply rate [replies/s]: min 0.0 avg 0.0 max 0.0 stddev 0.0 (0 samples)
Reply time [ms]: response 306.0 transfer 0.0
Reply size [B]: header 267.0 content 77.0 footer 0.0 (total 344.0)
Reply status: 1xx=0 2xx=637 3xx=0 4xx=0 5xx=0

CPU time [s]: user 0.07 system 3.26 (user 2.0% system 94.8% total 96.8%)
Net I/O: 76.7 KB/s (0.6*10^6 bps)

Errors: total 1363 client-timo 1363 socket-timo 0 connrefused 0 connreset 0
Errors: fd-unavail 0 addrunavail 0 ftab-full 0 other 0

httperf --hog --timeout=1 --client=0/1 --server=172.17.60.201 --port=80 --uri=/ --rate=840 --send-buffer=4096 --recv-buffer=16384 --num-conns=2000 --num-calls=1
Maximum connect burst length: 11

Total: connections 2000 requests 684 replies 510 test-duration 3.380 s

Connection rate: 591.7 conn/s (1.7 ms/conn, <=799 concurrent connections)
Connection time [ms]: min 23.0 avg 351.6 max 1028.3 median 280.5 stddev 261.6
Connection time [ms]: connect 30.0
Connection length [replies/conn]: 1.000

Request rate: 202.4 req/s (4.9 ms/req)
Request size [B]: 66.0

Reply rate [replies/s]: min 0.0 avg 0.0 max 0.0 stddev 0.0 (0 samples)
Reply time [ms]: response 321.6 transfer 0.0
Reply size [B]: header 267.0 content 77.0 footer 0.0 (total 344.0)
Reply status: 1xx=0 2xx=510 3xx=0 4xx=0 5xx=0

CPU time [s]: user 0.04 system 3.22 (user 1.3% system 95.4% total 96.7%)
Net I/O: 63.7 KB/s (0.5*10^6 bps)

Errors: total 1490 client-timo 1490 socket-timo 0 connrefused 0 connreset 0
Errors: fd-unavail 0 addrunavail 0 ftab-full 0 other 0

httperf --hog --timeout=1 --client=0/1 --server=172.17.60.201 --port=80 --uri=/ --rate=860 --send-buffer=4096 --recv-buffer=16384 --num-conns=2000 --num-calls=1
Maximum connect burst length: 11

Total: connections 2000 requests 678 replies 470 test-duration 3.360 s

Connection rate: 595.2 conn/s (1.7 ms/conn, <=832 concurrent connections)
Connection time [ms]: min 34.6 avg 385.6 max 1037.9 median 325.5 stddev 281.5
Connection time [ms]: connect 32.3
Connection length [replies/conn]: 1.000

Request rate: 201.8 req/s (5.0 ms/req)
Request size [B]: 66.0

Reply rate [replies/s]: min 0.0 avg 0.0 max 0.0 stddev 0.0 (0 samples)
Reply time [ms]: response 351.8 transfer 0.0
Reply size [B]: header 267.0 content 77.0 footer 0.0 (total 344.0)
Reply status: 1xx=0 2xx=470 3xx=0 4xx=0 5xx=0

CPU time [s]: user 0.09 system 3.16 (user 2.6% system 94.0% total 96.7%)
Net I/O: 60.0 KB/s (0.5*10^6 bps)

Errors: total 1530 client-timo 1530 socket-timo 0 connrefused 0 connreset 0
Errors: fd-unavail 0 addrunavail 0 ftab-full 0 other 0

httperf --hog --timeout=1 --client=0/1 --server=172.17.60.201 --port=80 --uri=/ --rate=880 --send-buffer=4096 --recv-buffer=16384 --num-conns=2000 --num-calls=1
Maximum connect burst length: 7

Total: connections 2000 requests 598 replies 413 test-duration 3.272 s

Connection rate: 611.2 conn/s (1.6 ms/conn, <=861 concurrent connections)
Connection time [ms]: min 41.5 avg 404.2 max 1019.6 median 375.5 stddev 278.5
Connection time [ms]: connect 47.9
Connection length [replies/conn]: 1.000

Request rate: 182.8 req/s (5.5 ms/req)
Request size [B]: 66.0

Reply rate [replies/s]: min 0.0 avg 0.0 max 0.0 stddev 0.0 (0 samples)
Reply time [ms]: response 349.7 transfer 0.0
Reply size [B]: header 267.0 content 77.0 footer 0.0 (total 344.0)
Reply status: 1xx=0 2xx=413 3xx=0 4xx=0 5xx=0

CPU time [s]: user 0.08 system 3.10 (user 2.3% system 94.6% total 96.9%)
Net I/O: 54.2 KB/s (0.4*10^6 bps)

Errors: total 1587 client-timo 1587 socket-timo 0 connrefused 0 connreset 0
Errors: fd-unavail 0 addrunavail 0 ftab-full 0 other 0

httperf --hog --timeout=1 --client=0/1 --server=172.17.60.201 --port=80 --uri=/ --rate=900 --send-buffer=4096 --recv-buffer=16384 --num-conns=2000 --num-calls=1
Maximum connect burst length: 8

Total: connections 2000 requests 638 replies 480 test-duration 3.221 s

Connection rate: 621.0 conn/s (1.6 ms/conn, <=861 concurrent connections)
Connection time [ms]: min 40.3 avg 367.9 max 1037.0 median 296.5 stddev 259.4
Connection time [ms]: connect 28.8
Connection length [replies/conn]: 1.000

Request rate: 198.1 req/s (5.0 ms/req)
Request size [B]: 66.0

Reply rate [replies/s]: min 0.0 avg 0.0 max 0.0 stddev 0.0 (0 samples)
Reply time [ms]: response 339.2 transfer 0.0
Reply size [B]: header 267.0 content 77.0 footer 0.0 (total 344.0)
Reply status: 1xx=0 2xx=480 3xx=0 4xx=0 5xx=0

CPU time [s]: user 0.03 system 3.09 (user 0.9% system 96.0% total 96.9%)
Net I/O: 62.8 KB/s (0.5*10^6 bps)

Errors: total 1520 client-timo 1520 socket-timo 0 connrefused 0 connreset 0
Errors: fd-unavail 0 addrunavail 0 ftab-full 0 other 0

httperf --hog --timeout=1 --client=0/1 --server=172.17.60.201 --port=80 --uri=/ --rate=920 --send-buffer=4096 --recv-buffer=16384 --num-conns=2000 --num-calls=1
Maximum connect burst length: 9

Total: connections 2000 requests 629 replies 436 test-duration 3.173 s

Connection rate: 630.3 conn/s (1.6 ms/conn, <=890 concurrent connections)
Connection time [ms]: min 36.8 avg 410.1 max 1027.6 median 318.5 stddev 279.6
Connection time [ms]: connect 31.4
Connection length [replies/conn]: 1.000

Request rate: 198.2 req/s (5.0 ms/req)
Request size [B]: 66.0

Reply rate [replies/s]: min 0.0 avg 0.0 max 0.0 stddev 0.0 (0 samples)
Reply time [ms]: response 378.9 transfer 0.0
Reply size [B]: header 267.0 content 77.0 footer 0.0 (total 344.0)
Reply status: 1xx=0 2xx=436 3xx=0 4xx=0 5xx=0

CPU time [s]: user 0.07 system 3.00 (user 2.3% system 94.7% total 96.9%)
Net I/O: 58.9 KB/s (0.5*10^6 bps)

Errors: total 1564 client-timo 1564 socket-timo 0 connrefused 0 connreset 0
Errors: fd-unavail 0 addrunavail 0 ftab-full 0 other 0

httperf --hog --timeout=1 --client=0/1 --server=172.17.60.201 --port=80 --uri=/ --rate=940 --send-buffer=4096 --recv-buffer=16384 --num-conns=2000 --num-calls=1
Maximum connect burst length: 11

Total: connections 2000 requests 569 replies 389 test-duration 3.127 s

Connection rate: 639.6 conn/s (1.6 ms/conn, <=910 concurrent connections)
Connection time [ms]: min 69.6 avg 427.9 max 1045.7 median 382.5 stddev 258.3
Connection time [ms]: connect 34.2
Connection length [replies/conn]: 1.000

Request rate: 182.0 req/s (5.5 ms/req)
Request size [B]: 66.0

Reply rate [replies/s]: min 0.0 avg 0.0 max 0.0 stddev 0.0 (0 samples)
Reply time [ms]: response 393.2 transfer 0.0
Reply size [B]: header 267.0 content 77.0 footer 0.0 (total 344.0)
Reply status: 1xx=0 2xx=389 3xx=0 4xx=0 5xx=0

CPU time [s]: user 0.05 system 2.99 (user 1.5% system 95.6% total 97.1%)
Net I/O: 53.5 KB/s (0.4*10^6 bps)

Errors: total 1611 client-timo 1611 socket-timo 0 connrefused 0 connreset 0
Errors: fd-unavail 0 addrunavail 0 ftab-full 0 other 0

httperf --hog --timeout=1 --client=0/1 --server=172.17.60.201 --port=80 --uri=/ --rate=960 --send-buffer=4096 --recv-buffer=16384 --num-conns=2000 --num-calls=1
Maximum connect burst length: 5

Total: connections 2000 requests 559 replies 352 test-duration 3.082 s

Connection rate: 648.9 conn/s (1.5 ms/conn, <=939 concurrent connections)
Connection time [ms]: min 26.5 avg 440.1 max 1033.8 median 391.5 stddev 280.6
Connection time [ms]: connect 33.5
Connection length [replies/conn]: 1.000

Request rate: 181.4 req/s (5.5 ms/req)
Request size [B]: 66.0

Reply rate [replies/s]: min 0.0 avg 0.0 max 0.0 stddev 0.0 (0 samples)
Reply time [ms]: response 406.9 transfer 0.0
Reply size [B]: header 267.0 content 77.0 footer 0.0 (total 344.0)
Reply status: 1xx=0 2xx=352 3xx=0 4xx=0 5xx=0

CPU time [s]: user 0.06 system 2.92 (user 1.8% system 94.9% total 96.7%)
Net I/O: 50.1 KB/s (0.4*10^6 bps)

Errors: total 1648 client-timo 1648 socket-timo 0 connrefused 0 connreset 0
Errors: fd-unavail 0 addrunavail 0 ftab-full 0 other 0

httperf --hog --timeout=1 --client=0/1 --server=172.17.60.201 --port=80 --uri=/ --rate=980 --send-buffer=4096 --recv-buffer=16384 --num-conns=2000 --num-calls=1
Maximum connect burst length: 12

Total: connections 2000 requests 559 replies 383 test-duration 3.040 s

Connection rate: 657.9 conn/s (1.5 ms/conn, <=955 concurrent connections)
Connection time [ms]: min 41.9 avg 429.0 max 1030.7 median 345.5 stddev 280.4
Connection time [ms]: connect 41.3
Connection length [replies/conn]: 1.000

Request rate: 183.9 req/s (5.4 ms/req)
Request size [B]: 66.0

Reply rate [replies/s]: min 0.0 avg 0.0 max 0.0 stddev 0.0 (0 samples)
Reply time [ms]: response 383.9 transfer 0.0
Reply size [B]: header 267.0 content 77.0 footer 0.0 (total 344.0)
Reply status: 1xx=0 2xx=383 3xx=0 4xx=0 5xx=0

CPU time [s]: user 0.10 system 2.83 (user 3.4% system 93.2% total 96.6%)
Net I/O: 54.2 KB/s (0.4*10^6 bps)

Errors: total 1617 client-timo 1617 socket-timo 0 connrefused 0 connreset 0
Errors: fd-unavail 0 addrunavail 0 ftab-full 0 other 0

httperf --hog --timeout=1 --client=0/1 --server=172.17.60.201 --port=80 --uri=/ --rate=1000 --send-buffer=4096 --recv-buffer=16384 --num-conns=2000 --num-calls=1
Maximum connect burst length: 5

Total: connections 2000 requests 502 replies 316 test-duration 2.994 s

Connection rate: 668.0 conn/s (1.5 ms/conn, <=993 concurrent connections)
Connection time [ms]: min 43.5 avg 413.8 max 1020.4 median 348.5 stddev 263.6
Connection time [ms]: connect 31.3
Connection length [replies/conn]: 1.000

Request rate: 167.7 req/s (6.0 ms/req)
Request size [B]: 66.0

Reply rate [replies/s]: min 0.0 avg 0.0 max 0.0 stddev 0.0 (0 samples)
Reply time [ms]: response 383.1 transfer 0.0
Reply size [B]: header 267.0 content 77.0 footer 0.0 (total 344.0)
Reply status: 1xx=0 2xx=316 3xx=0 4xx=0 5xx=0

CPU time [s]: user 0.08 system 2.82 (user 2.8% system 94.1% total 96.9%)
Net I/O: 46.3 KB/s (0.4*10^6 bps)

Errors: total 1684 client-timo 1684 socket-timo 0 connrefused 0 connreset 0
Errors: fd-unavail 0 addrunavail 0 ftab-full 0 other 0

