httperf --hog --timeout=1 --client=0/1 --server=172.17.60.201 --port=80 --uri=/ --rate=20 --send-buffer=4096 --recv-buffer=16384 --num-conns=2000 --num-calls=1
Maximum connect burst length: 1

Total: connections 2000 requests 2000 replies 2000 test-duration 99.951 s

Connection rate: 20.0 conn/s (50.0 ms/conn, <=1 concurrent connections)
Connection time [ms]: min 0.5 avg 1.7 max 14.8 median 1.5 stddev 1.5
Connection time [ms]: connect 0.6
Connection length [replies/conn]: 1.000

Request rate: 20.0 req/s (50.0 ms/req)
Request size [B]: 66.0

Reply rate [replies/s]: min 20.0 avg 20.0 max 20.0 stddev 0.0 (19 samples)
Reply time [ms]: response 1.2 transfer 0.0
Reply size [B]: header 267.0 content 77.0 footer 0.0 (total 344.0)
Reply status: 1xx=0 2xx=2000 3xx=0 4xx=0 5xx=0

CPU time [s]: user 45.16 system 54.64 (user 45.2% system 54.7% total 99.8%)
Net I/O: 8.0 KB/s (0.1*10^6 bps)

Errors: total 0 client-timo 0 socket-timo 0 connrefused 0 connreset 0
Errors: fd-unavail 0 addrunavail 0 ftab-full 0 other 0

httperf --hog --timeout=1 --client=0/1 --server=172.17.60.201 --port=80 --uri=/ --rate=40 --send-buffer=4096 --recv-buffer=16384 --num-conns=2000 --num-calls=1
Maximum connect burst length: 1

Total: connections 2000 requests 2000 replies 2000 test-duration 49.979 s

Connection rate: 40.0 conn/s (25.0 ms/conn, <=1 concurrent connections)
Connection time [ms]: min 0.7 avg 2.2 max 19.8 median 1.5 stddev 2.1
Connection time [ms]: connect 0.9
Connection length [replies/conn]: 1.000

Request rate: 40.0 req/s (25.0 ms/req)
Request size [B]: 66.0

Reply rate [replies/s]: min 40.0 avg 40.0 max 40.0 stddev 0.0 (9 samples)
Reply time [ms]: response 1.3 transfer 0.0
Reply size [B]: header 267.0 content 77.0 footer 0.0 (total 344.0)
Reply status: 1xx=0 2xx=2000 3xx=0 4xx=0 5xx=0

CPU time [s]: user 21.47 system 28.40 (user 43.0% system 56.8% total 99.8%)
Net I/O: 16.0 KB/s (0.1*10^6 bps)

Errors: total 0 client-timo 0 socket-timo 0 connrefused 0 connreset 0
Errors: fd-unavail 0 addrunavail 0 ftab-full 0 other 0

httperf --hog --timeout=1 --client=0/1 --server=172.17.60.201 --port=80 --uri=/ --rate=60 --send-buffer=4096 --recv-buffer=16384 --num-conns=2000 --num-calls=1
Maximum connect burst length: 1

Total: connections 2000 requests 2000 replies 2000 test-duration 33.318 s

Connection rate: 60.0 conn/s (16.7 ms/conn, <=2 concurrent connections)
Connection time [ms]: min 0.7 avg 3.6 max 23.4 median 2.5 stddev 3.3
Connection time [ms]: connect 1.5
Connection length [replies/conn]: 1.000

Request rate: 60.0 req/s (16.7 ms/req)
Request size [B]: 66.0

Reply rate [replies/s]: min 60.0 avg 60.0 max 60.0 stddev 0.0 (6 samples)
Reply time [ms]: response 2.0 transfer 0.0
Reply size [B]: header 267.0 content 77.0 footer 0.0 (total 344.0)
Reply status: 1xx=0 2xx=2000 3xx=0 4xx=0 5xx=0

CPU time [s]: user 13.59 system 19.64 (user 40.8% system 58.9% total 99.7%)
Net I/O: 24.0 KB/s (0.2*10^6 bps)

Errors: total 0 client-timo 0 socket-timo 0 connrefused 0 connreset 0
Errors: fd-unavail 0 addrunavail 0 ftab-full 0 other 0

httperf --hog --timeout=1 --client=0/1 --server=172.17.60.201 --port=80 --uri=/ --rate=80 --send-buffer=4096 --recv-buffer=16384 --num-conns=2000 --num-calls=1
Maximum connect burst length: 1

Total: connections 2000 requests 2000 replies 2000 test-duration 24.990 s

Connection rate: 80.0 conn/s (12.5 ms/conn, <=2 concurrent connections)
Connection time [ms]: min 0.7 avg 4.7 max 23.6 median 3.5 stddev 3.6
Connection time [ms]: connect 2.0
Connection length [replies/conn]: 1.000

Request rate: 80.0 req/s (12.5 ms/req)
Request size [B]: 66.0

Reply rate [replies/s]: min 80.0 avg 80.0 max 80.0 stddev 0.0 (4 samples)
Reply time [ms]: response 2.7 transfer 0.0
Reply size [B]: header 267.0 content 77.0 footer 0.0 (total 344.0)
Reply status: 1xx=0 2xx=2000 3xx=0 4xx=0 5xx=0

CPU time [s]: user 9.88 system 15.03 (user 39.5% system 60.2% total 99.7%)
Net I/O: 32.0 KB/s (0.3*10^6 bps)

Errors: total 0 client-timo 0 socket-timo 0 connrefused 0 connreset 0
Errors: fd-unavail 0 addrunavail 0 ftab-full 0 other 0

httperf --hog --timeout=1 --client=0/1 --server=172.17.60.201 --port=80 --uri=/ --rate=100 --send-buffer=4096 --recv-buffer=16384 --num-conns=2000 --num-calls=1
Maximum connect burst length: 1

Total: connections 2000 requests 2000 replies 2000 test-duration 19.992 s

Connection rate: 100.0 conn/s (10.0 ms/conn, <=3 concurrent connections)
Connection time [ms]: min 0.7 avg 5.9 max 29.5 median 5.5 stddev 4.3
Connection time [ms]: connect 2.7
Connection length [replies/conn]: 1.000

Request rate: 100.0 req/s (10.0 ms/req)
Request size [B]: 66.0

Reply rate [replies/s]: min 99.8 avg 99.9 max 100.0 stddev 0.1 (3 samples)
Reply time [ms]: response 3.2 transfer 0.0
Reply size [B]: header 267.0 content 77.0 footer 0.0 (total 344.0)
Reply status: 1xx=0 2xx=2000 3xx=0 4xx=0 5xx=0

CPU time [s]: user 7.41 system 12.52 (user 37.1% system 62.6% total 99.7%)
Net I/O: 40.1 KB/s (0.3*10^6 bps)

Errors: total 0 client-timo 0 socket-timo 0 connrefused 0 connreset 0
Errors: fd-unavail 0 addrunavail 0 ftab-full 0 other 0

httperf --hog --timeout=1 --client=0/1 --server=172.17.60.201 --port=80 --uri=/ --rate=120 --send-buffer=4096 --recv-buffer=16384 --num-conns=2000 --num-calls=1
Maximum connect burst length: 1

Total: connections 2000 requests 2000 replies 2000 test-duration 16.669 s

Connection rate: 120.0 conn/s (8.3 ms/conn, <=4 concurrent connections)
Connection time [ms]: min 0.7 avg 6.8 max 29.6 median 5.5 stddev 4.4
Connection time [ms]: connect 3.2
Connection length [replies/conn]: 1.000

Request rate: 120.0 req/s (8.3 ms/req)
Request size [B]: 66.0

Reply rate [replies/s]: min 119.6 avg 119.9 max 120.0 stddev 0.2 (3 samples)
Reply time [ms]: response 3.7 transfer 0.0
Reply size [B]: header 267.0 content 77.0 footer 0.0 (total 344.0)
Reply status: 1xx=0 2xx=2000 3xx=0 4xx=0 5xx=0

CPU time [s]: user 5.98 system 10.62 (user 35.9% system 63.7% total 99.6%)
Net I/O: 48.0 KB/s (0.4*10^6 bps)

Errors: total 0 client-timo 0 socket-timo 0 connrefused 0 connreset 0
Errors: fd-unavail 0 addrunavail 0 ftab-full 0 other 0

httperf --hog --timeout=1 --client=0/1 --server=172.17.60.201 --port=80 --uri=/ --rate=140 --send-buffer=4096 --recv-buffer=16384 --num-conns=2000 --num-calls=1
Maximum connect burst length: 1

Total: connections 2000 requests 2000 replies 2000 test-duration 14.288 s

Connection rate: 140.0 conn/s (7.1 ms/conn, <=5 concurrent connections)
Connection time [ms]: min 0.8 avg 7.2 max 41.1 median 6.5 stddev 4.8
Connection time [ms]: connect 3.3
Connection length [replies/conn]: 1.000

Request rate: 140.0 req/s (7.1 ms/req)
Request size [B]: 66.0

Reply rate [replies/s]: min 139.8 avg 139.9 max 140.0 stddev 0.1 (2 samples)
Reply time [ms]: response 3.9 transfer 0.0
Reply size [B]: header 267.0 content 77.0 footer 0.0 (total 344.0)
Reply status: 1xx=0 2xx=2000 3xx=0 4xx=0 5xx=0

CPU time [s]: user 4.91 system 9.32 (user 34.4% system 65.2% total 99.6%)
Net I/O: 56.0 KB/s (0.5*10^6 bps)

Errors: total 0 client-timo 0 socket-timo 0 connrefused 0 connreset 0
Errors: fd-unavail 0 addrunavail 0 ftab-full 0 other 0

httperf --hog --timeout=1 --client=0/1 --server=172.17.60.201 --port=80 --uri=/ --rate=160 --send-buffer=4096 --recv-buffer=16384 --num-conns=2000 --num-calls=1
Maximum connect burst length: 2

Total: connections 2000 requests 2000 replies 2000 test-duration 12.504 s

Connection rate: 160.0 conn/s (6.3 ms/conn, <=5 concurrent connections)
Connection time [ms]: min 0.7 avg 8.0 max 39.1 median 6.5 stddev 5.1
Connection time [ms]: connect 3.6
Connection length [replies/conn]: 1.000

Request rate: 160.0 req/s (6.3 ms/req)
Request size [B]: 66.0

Reply rate [replies/s]: min 159.6 avg 159.9 max 160.2 stddev 0.4 (2 samples)
Reply time [ms]: response 4.4 transfer 0.0
Reply size [B]: header 267.0 content 77.0 footer 0.0 (total 344.0)
Reply status: 1xx=0 2xx=2000 3xx=0 4xx=0 5xx=0

CPU time [s]: user 3.76 system 8.68 (user 30.1% system 69.5% total 99.6%)
Net I/O: 64.0 KB/s (0.5*10^6 bps)

Errors: total 0 client-timo 0 socket-timo 0 connrefused 0 connreset 0
Errors: fd-unavail 0 addrunavail 0 ftab-full 0 other 0

httperf --hog --timeout=1 --client=0/1 --server=172.17.60.201 --port=80 --uri=/ --rate=180 --send-buffer=4096 --recv-buffer=16384 --num-conns=2000 --num-calls=1
Maximum connect burst length: 2

Total: connections 2000 requests 2000 replies 2000 test-duration 11.119 s

Connection rate: 179.9 conn/s (5.6 ms/conn, <=10 concurrent connections)
Connection time [ms]: min 0.7 avg 9.6 max 52.0 median 8.5 stddev 6.8
Connection time [ms]: connect 3.9
Connection length [replies/conn]: 1.000

Request rate: 179.9 req/s (5.6 ms/req)
Request size [B]: 66.0

Reply rate [replies/s]: min 179.8 avg 180.0 max 180.2 stddev 0.3 (2 samples)
Reply time [ms]: response 5.7 transfer 0.0
Reply size [B]: header 267.0 content 77.0 footer 0.0 (total 344.0)
Reply status: 1xx=0 2xx=2000 3xx=0 4xx=0 5xx=0

CPU time [s]: user 3.36 system 7.71 (user 30.2% system 69.4% total 99.6%)
Net I/O: 72.0 KB/s (0.6*10^6 bps)

Errors: total 0 client-timo 0 socket-timo 0 connrefused 0 connreset 0
Errors: fd-unavail 0 addrunavail 0 ftab-full 0 other 0

httperf --hog --timeout=1 --client=0/1 --server=172.17.60.201 --port=80 --uri=/ --rate=200 --send-buffer=4096 --recv-buffer=16384 --num-conns=2000 --num-calls=1
Maximum connect burst length: 3

Total: connections 2000 requests 1972 replies 1971 test-duration 10.003 s

Connection rate: 199.9 conn/s (5.0 ms/conn, <=40 concurrent connections)
Connection time [ms]: min 0.8 avg 28.5 max 1607.7 median 8.5 stddev 105.2
Connection time [ms]: connect 8.1
Connection length [replies/conn]: 1.000

Request rate: 197.1 req/s (5.1 ms/req)
Request size [B]: 66.0

Reply rate [replies/s]: min 194.2 avg 196.9 max 199.6 stddev 3.8 (2 samples)
Reply time [ms]: response 20.4 transfer 0.0
Reply size [B]: header 267.0 content 77.0 footer 0.0 (total 344.0)
Reply status: 1xx=0 2xx=1971 3xx=0 4xx=0 5xx=0

CPU time [s]: user 2.32 system 7.64 (user 23.2% system 76.4% total 99.5%)
Net I/O: 78.9 KB/s (0.6*10^6 bps)

Errors: total 29 client-timo 29 socket-timo 0 connrefused 0 connreset 0
Errors: fd-unavail 0 addrunavail 0 ftab-full 0 other 0

httperf --hog --timeout=1 --client=0/1 --server=172.17.60.201 --port=80 --uri=/ --rate=220 --send-buffer=4096 --recv-buffer=16384 --num-conns=2000 --num-calls=1
Maximum connect burst length: 1

Total: connections 2000 requests 2000 replies 2000 test-duration 9.092 s

Connection rate: 220.0 conn/s (4.5 ms/conn, <=9 concurrent connections)
Connection time [ms]: min 0.9 avg 9.7 max 42.6 median 8.5 stddev 5.8
Connection time [ms]: connect 4.2
Connection length [replies/conn]: 1.000

Request rate: 220.0 req/s (4.5 ms/req)
Request size [B]: 66.0

Reply rate [replies/s]: min 219.8 avg 219.8 max 219.8 stddev 0.0 (1 samples)
Reply time [ms]: response 5.5 transfer 0.0
Reply size [B]: header 267.0 content 77.0 footer 0.0 (total 344.0)
Reply status: 1xx=0 2xx=2000 3xx=0 4xx=0 5xx=0

CPU time [s]: user 2.56 system 6.49 (user 28.2% system 71.4% total 99.6%)
Net I/O: 88.1 KB/s (0.7*10^6 bps)

Errors: total 0 client-timo 0 socket-timo 0 connrefused 0 connreset 0
Errors: fd-unavail 0 addrunavail 0 ftab-full 0 other 0

httperf --hog --timeout=1 --client=0/1 --server=172.17.60.201 --port=80 --uri=/ --rate=240 --send-buffer=4096 --recv-buffer=16384 --num-conns=2000 --num-calls=1
Maximum connect burst length: 2

Total: connections 2000 requests 2000 replies 2000 test-duration 8.332 s

Connection rate: 240.0 conn/s (4.2 ms/conn, <=9 concurrent connections)
Connection time [ms]: min 0.8 avg 10.7 max 38.5 median 9.5 stddev 5.9
Connection time [ms]: connect 4.6
Connection length [replies/conn]: 1.000

Request rate: 240.0 req/s (4.2 ms/req)
Request size [B]: 66.0

Reply rate [replies/s]: min 239.8 avg 239.8 max 239.8 stddev 0.0 (1 samples)
Reply time [ms]: response 6.1 transfer 0.0
Reply size [B]: header 267.0 content 77.0 footer 0.0 (total 344.0)
Reply status: 1xx=0 2xx=2000 3xx=0 4xx=0 5xx=0

CPU time [s]: user 2.15 system 6.14 (user 25.8% system 73.7% total 99.5%)
Net I/O: 96.1 KB/s (0.8*10^6 bps)

Errors: total 0 client-timo 0 socket-timo 0 connrefused 0 connreset 0
Errors: fd-unavail 0 addrunavail 0 ftab-full 0 other 0

httperf --hog --timeout=1 --client=0/1 --server=172.17.60.201 --port=80 --uri=/ --rate=260 --send-buffer=4096 --recv-buffer=16384 --num-conns=2000 --num-calls=1
Maximum connect burst length: 3

Total: connections 2000 requests 2000 replies 2000 test-duration 7.699 s

Connection rate: 259.8 conn/s (3.8 ms/conn, <=11 concurrent connections)
Connection time [ms]: min 1.0 avg 10.9 max 43.9 median 9.5 stddev 6.2
Connection time [ms]: connect 4.7
Connection length [replies/conn]: 1.000

Request rate: 259.8 req/s (3.8 ms/req)
Request size [B]: 66.0

Reply rate [replies/s]: min 259.6 avg 259.6 max 259.6 stddev 0.0 (1 samples)
Reply time [ms]: response 6.2 transfer 0.0
Reply size [B]: header 267.0 content 77.0 footer 0.0 (total 344.0)
Reply status: 1xx=0 2xx=2000 3xx=0 4xx=0 5xx=0

CPU time [s]: user 1.77 system 5.88 (user 23.0% system 76.3% total 99.3%)
Net I/O: 104.0 KB/s (0.9*10^6 bps)

Errors: total 0 client-timo 0 socket-timo 0 connrefused 0 connreset 0
Errors: fd-unavail 0 addrunavail 0 ftab-full 0 other 0

httperf --hog --timeout=1 --client=0/1 --server=172.17.60.201 --port=80 --uri=/ --rate=280 --send-buffer=4096 --recv-buffer=16384 --num-conns=2000 --num-calls=1
Maximum connect burst length: 5

Total: connections 2000 requests 2000 replies 2000 test-duration 7.156 s

Connection rate: 279.5 conn/s (3.6 ms/conn, <=14 concurrent connections)
Connection time [ms]: min 1.1 avg 11.8 max 46.9 median 10.5 stddev 6.3
Connection time [ms]: connect 4.9
Connection length [replies/conn]: 1.000

Request rate: 279.5 req/s (3.6 ms/req)
Request size [B]: 66.0

Reply rate [replies/s]: min 279.2 avg 279.2 max 279.2 stddev 0.0 (1 samples)
Reply time [ms]: response 7.0 transfer 0.0
Reply size [B]: header 267.0 content 77.0 footer 0.0 (total 344.0)
Reply status: 1xx=0 2xx=2000 3xx=0 4xx=0 5xx=0

CPU time [s]: user 1.63 system 5.48 (user 22.8% system 76.6% total 99.4%)
Net I/O: 111.9 KB/s (0.9*10^6 bps)

Errors: total 0 client-timo 0 socket-timo 0 connrefused 0 connreset 0
Errors: fd-unavail 0 addrunavail 0 ftab-full 0 other 0

httperf --hog --timeout=1 --client=0/1 --server=172.17.60.201 --port=80 --uri=/ --rate=300 --send-buffer=4096 --recv-buffer=16384 --num-conns=2000 --num-calls=1
Maximum connect burst length: 3

Total: connections 2000 requests 1998 replies 1998 test-duration 6.698 s

Connection rate: 298.6 conn/s (3.3 ms/conn, <=13 concurrent connections)
Connection time [ms]: min 1.2 avg 13.8 max 43.3 median 12.5 stddev 7.0
Connection time [ms]: connect 5.8
Connection length [replies/conn]: 1.000

Request rate: 298.3 req/s (3.4 ms/req)
Request size [B]: 66.0

Reply rate [replies/s]: min 298.8 avg 298.8 max 298.8 stddev 0.0 (1 samples)
Reply time [ms]: response 8.0 transfer 0.0
Reply size [B]: header 267.0 content 77.0 footer 0.0 (total 344.0)
Reply status: 1xx=0 2xx=1998 3xx=0 4xx=0 5xx=0

CPU time [s]: user 1.30 system 5.36 (user 19.3% system 80.1% total 99.4%)
Net I/O: 119.4 KB/s (1.0*10^6 bps)

Errors: total 2 client-timo 2 socket-timo 0 connrefused 0 connreset 0
Errors: fd-unavail 0 addrunavail 0 ftab-full 0 other 0

httperf --hog --timeout=1 --client=0/1 --server=172.17.60.201 --port=80 --uri=/ --rate=320 --send-buffer=4096 --recv-buffer=16384 --num-conns=2000 --num-calls=1
Maximum connect burst length: 4

Total: connections 2000 requests 2000 replies 2000 test-duration 6.253 s

Connection rate: 319.8 conn/s (3.1 ms/conn, <=15 concurrent connections)
Connection time [ms]: min 1.7 avg 15.7 max 55.9 median 13.5 stddev 8.9
Connection time [ms]: connect 6.0
Connection length [replies/conn]: 1.000

Request rate: 319.8 req/s (3.1 ms/req)
Request size [B]: 66.0

Reply rate [replies/s]: min 319.6 avg 319.6 max 319.6 stddev 0.0 (1 samples)
Reply time [ms]: response 9.7 transfer 0.0
Reply size [B]: header 267.0 content 77.0 footer 0.0 (total 344.0)
Reply status: 1xx=0 2xx=2000 3xx=0 4xx=0 5xx=0

CPU time [s]: user 1.29 system 4.93 (user 20.7% system 78.8% total 99.5%)
Net I/O: 128.1 KB/s (1.0*10^6 bps)

Errors: total 0 client-timo 0 socket-timo 0 connrefused 0 connreset 0
Errors: fd-unavail 0 addrunavail 0 ftab-full 0 other 0

httperf --hog --timeout=1 --client=0/1 --server=172.17.60.201 --port=80 --uri=/ --rate=340 --send-buffer=4096 --recv-buffer=16384 --num-conns=2000 --num-calls=1
Maximum connect burst length: 5

Total: connections 2000 requests 2000 replies 2000 test-duration 5.891 s

Connection rate: 339.5 conn/s (2.9 ms/conn, <=27 concurrent connections)
Connection time [ms]: min 2.0 avg 18.2 max 118.9 median 15.5 stddev 12.3
Connection time [ms]: connect 6.4
Connection length [replies/conn]: 1.000

Request rate: 339.5 req/s (2.9 ms/req)
Request size [B]: 66.0

Reply rate [replies/s]: min 338.1 avg 338.1 max 338.1 stddev 0.0 (1 samples)
Reply time [ms]: response 11.8 transfer 0.0
Reply size [B]: header 267.0 content 77.0 footer 0.0 (total 344.0)
Reply status: 1xx=0 2xx=2000 3xx=0 4xx=0 5xx=0

CPU time [s]: user 1.04 system 4.81 (user 17.7% system 81.6% total 99.3%)
Net I/O: 135.9 KB/s (1.1*10^6 bps)

Errors: total 0 client-timo 0 socket-timo 0 connrefused 0 connreset 0
Errors: fd-unavail 0 addrunavail 0 ftab-full 0 other 0

httperf --hog --timeout=1 --client=0/1 --server=172.17.60.201 --port=80 --uri=/ --rate=360 --send-buffer=4096 --recv-buffer=16384 --num-conns=2000 --num-calls=1
Maximum connect burst length: 5

Total: connections 2000 requests 2000 replies 2000 test-duration 5.562 s

Connection rate: 359.6 conn/s (2.8 ms/conn, <=22 concurrent connections)
Connection time [ms]: min 2.1 avg 21.0 max 88.1 median 17.5 stddev 12.6
Connection time [ms]: connect 7.0
Connection length [replies/conn]: 1.000

Request rate: 359.6 req/s (2.8 ms/req)
Request size [B]: 66.0

Reply rate [replies/s]: min 359.2 avg 359.2 max 359.2 stddev 0.0 (1 samples)
Reply time [ms]: response 14.0 transfer 0.0
Reply size [B]: header 267.0 content 77.0 footer 0.0 (total 344.0)
Reply status: 1xx=0 2xx=2000 3xx=0 4xx=0 5xx=0

CPU time [s]: user 1.00 system 4.52 (user 18.1% system 81.3% total 99.3%)
Net I/O: 144.0 KB/s (1.2*10^6 bps)

Errors: total 0 client-timo 0 socket-timo 0 connrefused 0 connreset 0
Errors: fd-unavail 0 addrunavail 0 ftab-full 0 other 0

httperf --hog --timeout=1 --client=0/1 --server=172.17.60.201 --port=80 --uri=/ --rate=380 --send-buffer=4096 --recv-buffer=16384 --num-conns=2000 --num-calls=1
Maximum connect burst length: 5

Total: connections 2000 requests 1834 replies 1825 test-duration 6.201 s

Connection rate: 322.5 conn/s (3.1 ms/conn, <=139 concurrent connections)
Connection time [ms]: min 1.4 avg 117.3 max 1102.1 median 85.5 stddev 151.1
Connection time [ms]: connect 23.0
Connection length [replies/conn]: 1.000

Request rate: 295.8 req/s (3.4 ms/req)
Request size [B]: 66.0

Reply rate [replies/s]: min 332.2 avg 332.2 max 332.2 stddev 0.0 (1 samples)
Reply time [ms]: response 94.2 transfer 0.0
Reply size [B]: header 267.0 content 77.0 footer 0.0 (total 344.0)
Reply status: 1xx=0 2xx=1825 3xx=0 4xx=0 5xx=0

CPU time [s]: user 0.46 system 5.68 (user 7.5% system 91.6% total 99.1%)
Net I/O: 117.9 KB/s (1.0*10^6 bps)

Errors: total 175 client-timo 175 socket-timo 0 connrefused 0 connreset 0
Errors: fd-unavail 0 addrunavail 0 ftab-full 0 other 0

httperf --hog --timeout=1 --client=0/1 --server=172.17.60.201 --port=80 --uri=/ --rate=400 --send-buffer=4096 --recv-buffer=16384 --num-conns=2000 --num-calls=1
Maximum connect burst length: 5

Total: connections 2000 requests 1379 replies 1292 test-duration 5.963 s

Connection rate: 335.4 conn/s (3.0 ms/conn, <=301 concurrent connections)
Connection time [ms]: min 1.5 avg 251.5 max 1167.9 median 159.5 stddev 250.1
Connection time [ms]: connect 60.5
Connection length [replies/conn]: 1.000

Request rate: 231.3 req/s (4.3 ms/req)
Request size [B]: 66.0

Reply rate [replies/s]: min 235.6 avg 235.6 max 235.6 stddev 0.0 (1 samples)
Reply time [ms]: response 188.6 transfer 0.0
Reply size [B]: header 267.0 content 77.0 footer 0.0 (total 344.0)
Reply status: 1xx=0 2xx=1292 3xx=0 4xx=0 5xx=0

CPU time [s]: user 0.15 system 5.72 (user 2.5% system 95.9% total 98.3%)
Net I/O: 87.7 KB/s (0.7*10^6 bps)

Errors: total 708 client-timo 708 socket-timo 0 connrefused 0 connreset 0
Errors: fd-unavail 0 addrunavail 0 ftab-full 0 other 0

httperf --hog --timeout=1 --client=0/1 --server=172.17.60.201 --port=80 --uri=/ --rate=420 --send-buffer=4096 --recv-buffer=16384 --num-conns=2000 --num-calls=1
Maximum connect burst length: 5

Total: connections 2000 requests 1280 replies 1176 test-duration 5.759 s

Connection rate: 347.3 conn/s (2.9 ms/conn, <=317 concurrent connections)
Connection time [ms]: min 0.9 avg 302.2 max 1016.5 median 199.5 stddev 260.2
Connection time [ms]: connect 68.8
Connection length [replies/conn]: 1.000

Request rate: 222.2 req/s (4.5 ms/req)
Request size [B]: 66.0

Reply rate [replies/s]: min 221.0 avg 221.0 max 221.0 stddev 0.0 (1 samples)
Reply time [ms]: response 230.0 transfer 0.0
Reply size [B]: header 267.0 content 77.0 footer 0.0 (total 344.0)
Reply status: 1xx=0 2xx=1176 3xx=0 4xx=0 5xx=0

CPU time [s]: user 0.20 system 5.45 (user 3.5% system 94.7% total 98.1%)
Net I/O: 82.9 KB/s (0.7*10^6 bps)

Errors: total 824 client-timo 824 socket-timo 0 connrefused 0 connreset 0
Errors: fd-unavail 0 addrunavail 0 ftab-full 0 other 0

httperf --hog --timeout=1 --client=0/1 --server=172.17.60.201 --port=80 --uri=/ --rate=440 --send-buffer=4096 --recv-buffer=16384 --num-conns=2000 --num-calls=1
Maximum connect burst length: 4

Total: connections 2000 requests 1289 replies 1186 test-duration 5.548 s

Connection rate: 360.5 conn/s (2.8 ms/conn, <=325 concurrent connections)
Connection time [ms]: min 2.0 avg 304.6 max 1029.7 median 205.5 stddev 267.2
Connection time [ms]: connect 79.5
Connection length [replies/conn]: 1.000

Request rate: 232.3 req/s (4.3 ms/req)
Request size [B]: 66.0

Reply rate [replies/s]: min 226.8 avg 226.8 max 226.8 stddev 0.0 (1 samples)
Reply time [ms]: response 220.7 transfer 0.0
Reply size [B]: header 267.0 content 77.0 footer 0.0 (total 344.0)
Reply status: 1xx=0 2xx=1186 3xx=0 4xx=0 5xx=0

CPU time [s]: user 0.23 system 5.21 (user 4.2% system 93.9% total 98.0%)
Net I/O: 86.8 KB/s (0.7*10^6 bps)

Errors: total 814 client-timo 814 socket-timo 0 connrefused 0 connreset 0
Errors: fd-unavail 0 addrunavail 0 ftab-full 0 other 0

httperf --hog --timeout=1 --client=0/1 --server=172.17.60.201 --port=80 --uri=/ --rate=460 --send-buffer=4096 --recv-buffer=16384 --num-conns=2000 --num-calls=1
Maximum connect burst length: 5

Total: connections 2000 requests 1253 replies 1141 test-duration 5.352 s

Connection rate: 373.7 conn/s (2.7 ms/conn, <=373 concurrent connections)
Connection time [ms]: min 3.5 avg 317.0 max 1052.7 median 214.5 stddev 274.9
Connection time [ms]: connect 74.1
Connection length [replies/conn]: 1.000

Request rate: 234.1 req/s (4.3 ms/req)
Request size [B]: 66.0

Reply rate [replies/s]: min 222.2 avg 222.2 max 222.2 stddev 0.0 (1 samples)
Reply time [ms]: response 238.6 transfer 0.0
Reply size [B]: header 267.0 content 77.0 footer 0.0 (total 344.0)
Reply status: 1xx=0 2xx=1141 3xx=0 4xx=0 5xx=0

CPU time [s]: user 0.16 system 5.10 (user 2.9% system 95.2% total 98.1%)
Net I/O: 86.7 KB/s (0.7*10^6 bps)

Errors: total 859 client-timo 859 socket-timo 0 connrefused 0 connreset 0
Errors: fd-unavail 0 addrunavail 0 ftab-full 0 other 0

httperf --hog --timeout=1 --client=0/1 --server=172.17.60.201 --port=80 --uri=/ --rate=480 --send-buffer=4096 --recv-buffer=16384 --num-conns=2000 --num-calls=1
Maximum connect burst length: 7

Total: connections 2000 requests 1289 replies 1184 test-duration 5.165 s

Connection rate: 387.2 conn/s (2.6 ms/conn, <=386 concurrent connections)
Connection time [ms]: min 4.0 avg 286.6 max 1027.3 median 172.5 stddev 273.7
Connection time [ms]: connect 71.6
Connection length [replies/conn]: 1.000

Request rate: 249.5 req/s (4.0 ms/req)
Request size [B]: 66.0

Reply rate [replies/s]: min 233.2 avg 233.2 max 233.2 stddev 0.0 (1 samples)
Reply time [ms]: response 211.5 transfer 0.0
Reply size [B]: header 267.0 content 77.0 footer 0.0 (total 344.0)
Reply status: 1xx=0 2xx=1184 3xx=0 4xx=0 5xx=0

CPU time [s]: user 0.16 system 4.90 (user 3.2% system 94.9% total 98.0%)
Net I/O: 93.1 KB/s (0.8*10^6 bps)

Errors: total 816 client-timo 816 socket-timo 0 connrefused 0 connreset 0
Errors: fd-unavail 0 addrunavail 0 ftab-full 0 other 0

httperf --hog --timeout=1 --client=0/1 --server=172.17.60.201 --port=80 --uri=/ --rate=500 --send-buffer=4096 --recv-buffer=16384 --num-conns=2000 --num-calls=1
Maximum connect burst length: 5

Total: connections 2000 requests 1159 replies 1047 test-duration 5.001 s

Connection rate: 400.0 conn/s (2.5 ms/conn, <=404 concurrent connections)
Connection time [ms]: min 1.6 avg 323.6 max 1753.5 median 232.5 stddev 283.5
Connection time [ms]: connect 69.9
Connection length [replies/conn]: 1.000

Request rate: 231.8 req/s (4.3 ms/req)
Request size [B]: 66.0

Reply rate [replies/s]: min 209.2 avg 209.2 max 209.2 stddev 0.0 (1 samples)
Reply time [ms]: response 249.5 transfer 0.0
Reply size [B]: header 267.0 content 77.0 footer 0.0 (total 344.0)
Reply status: 1xx=0 2xx=1047 3xx=0 4xx=0 5xx=0

CPU time [s]: user 0.15 system 4.74 (user 3.0% system 94.9% total 97.8%)
Net I/O: 85.3 KB/s (0.7*10^6 bps)

Errors: total 953 client-timo 953 socket-timo 0 connrefused 0 connreset 0
Errors: fd-unavail 0 addrunavail 0 ftab-full 0 other 0

httperf --hog --timeout=1 --client=0/1 --server=172.17.60.201 --port=80 --uri=/ --rate=520 --send-buffer=4096 --recv-buffer=16384 --num-conns=2000 --num-calls=1
Maximum connect burst length: 7

Total: connections 2000 requests 1111 replies 1016 test-duration 4.846 s

Connection rate: 412.7 conn/s (2.4 ms/conn, <=409 concurrent connections)
Connection time [ms]: min 2.1 avg 316.2 max 1012.0 median 200.5 stddev 265.8
Connection time [ms]: connect 59.5
Connection length [replies/conn]: 1.000

Request rate: 229.3 req/s (4.4 ms/req)
Request size [B]: 66.0

Reply rate [replies/s]: min 0.0 avg 0.0 max 0.0 stddev 0.0 (0 samples)
Reply time [ms]: response 254.0 transfer 0.0
Reply size [B]: header 267.0 content 77.0 footer 0.0 (total 344.0)
Reply status: 1xx=0 2xx=1016 3xx=0 4xx=0 5xx=0

CPU time [s]: user 0.11 system 4.64 (user 2.3% system 95.7% total 98.0%)
Net I/O: 85.2 KB/s (0.7*10^6 bps)

Errors: total 984 client-timo 984 socket-timo 0 connrefused 0 connreset 0
Errors: fd-unavail 0 addrunavail 0 ftab-full 0 other 0

httperf --hog --timeout=1 --client=0/1 --server=172.17.60.201 --port=80 --uri=/ --rate=540 --send-buffer=4096 --recv-buffer=16384 --num-conns=2000 --num-calls=1
Maximum connect burst length: 7

Total: connections 2000 requests 784 replies 629 test-duration 4.702 s

Connection rate: 425.4 conn/s (2.4 ms/conn, <=555 concurrent connections)
Connection time [ms]: min 4.3 avg 290.3 max 1020.0 median 187.5 stddev 273.0
Connection time [ms]: connect 70.8
Connection length [replies/conn]: 1.000

Request rate: 166.7 req/s (6.0 ms/req)
Request size [B]: 66.0

Reply rate [replies/s]: min 0.0 avg 0.0 max 0.0 stddev 0.0 (0 samples)
Reply time [ms]: response 209.4 transfer 0.0
Reply size [B]: header 267.0 content 77.0 footer 0.0 (total 344.0)
Reply status: 1xx=0 2xx=629 3xx=0 4xx=0 5xx=0

CPU time [s]: user 0.08 system 4.52 (user 1.8% system 96.2% total 98.0%)
Net I/O: 55.7 KB/s (0.5*10^6 bps)

Errors: total 1371 client-timo 1371 socket-timo 0 connrefused 0 connreset 0
Errors: fd-unavail 0 addrunavail 0 ftab-full 0 other 0

httperf --hog --timeout=1 --client=0/1 --server=172.17.60.201 --port=80 --uri=/ --rate=560 --send-buffer=4096 --recv-buffer=16384 --num-conns=2000 --num-calls=1
Maximum connect burst length: 4

Total: connections 2000 requests 991 replies 872 test-duration 4.570 s

Connection rate: 437.6 conn/s (2.3 ms/conn, <=477 concurrent connections)
Connection time [ms]: min 3.9 avg 347.8 max 1028.9 median 250.5 stddev 277.9
Connection time [ms]: connect 60.6
Connection length [replies/conn]: 1.000

Request rate: 216.8 req/s (4.6 ms/req)
Request size [B]: 66.0

Reply rate [replies/s]: min 0.0 avg 0.0 max 0.0 stddev 0.0 (0 samples)
Reply time [ms]: response 283.1 transfer 0.0
Reply size [B]: header 267.0 content 77.0 footer 0.0 (total 344.0)
Reply status: 1xx=0 2xx=872 3xx=0 4xx=0 5xx=0

CPU time [s]: user 0.10 system 4.36 (user 2.3% system 95.3% total 97.6%)
Net I/O: 78.1 KB/s (0.6*10^6 bps)

Errors: total 1128 client-timo 1128 socket-timo 0 connrefused 0 connreset 0
Errors: fd-unavail 0 addrunavail 0 ftab-full 0 other 0

httperf --hog --timeout=1 --client=0/1 --server=172.17.60.201 --port=80 --uri=/ --rate=580 --send-buffer=4096 --recv-buffer=16384 --num-conns=2000 --num-calls=1
Maximum connect burst length: 8

Total: connections 2000 requests 1061 replies 961 test-duration 4.445 s

Connection rate: 449.9 conn/s (2.2 ms/conn, <=496 concurrent connections)
Connection time [ms]: min 10.2 avg 342.6 max 1031.1 median 253.5 stddev 265.8
Connection time [ms]: connect 61.4
Connection length [replies/conn]: 1.000

Request rate: 238.7 req/s (4.2 ms/req)
Request size [B]: 66.0

Reply rate [replies/s]: min 0.0 avg 0.0 max 0.0 stddev 0.0 (0 samples)
Reply time [ms]: response 278.0 transfer 0.0
Reply size [B]: header 267.0 content 77.0 footer 0.0 (total 344.0)
Reply status: 1xx=0 2xx=961 3xx=0 4xx=0 5xx=0

CPU time [s]: user 0.10 system 4.24 (user 2.2% system 95.3% total 97.5%)
Net I/O: 88.0 KB/s (0.7*10^6 bps)

Errors: total 1039 client-timo 1039 socket-timo 0 connrefused 0 connreset 0
Errors: fd-unavail 0 addrunavail 0 ftab-full 0 other 0

httperf --hog --timeout=1 --client=0/1 --server=172.17.60.201 --port=80 --uri=/ --rate=600 --send-buffer=4096 --recv-buffer=16384 --num-conns=2000 --num-calls=1
Maximum connect burst length: 8

Total: connections 2000 requests 1085 replies 990 test-duration 4.332 s

Connection rate: 461.7 conn/s (2.2 ms/conn, <=489 concurrent connections)
Connection time [ms]: min 18.4 avg 313.6 max 1015.2 median 211.5 stddev 271.2
Connection time [ms]: connect 75.1
Connection length [replies/conn]: 1.000

Request rate: 250.5 req/s (4.0 ms/req)
Request size [B]: 66.0

Reply rate [replies/s]: min 0.0 avg 0.0 max 0.0 stddev 0.0 (0 samples)
Reply time [ms]: response 234.2 transfer 0.0
Reply size [B]: header 267.0 content 77.0 footer 0.0 (total 344.0)
Reply status: 1xx=0 2xx=990 3xx=0 4xx=0 5xx=0

CPU time [s]: user 0.09 system 4.14 (user 2.0% system 95.6% total 97.6%)
Net I/O: 92.9 KB/s (0.8*10^6 bps)

Errors: total 1010 client-timo 1010 socket-timo 0 connrefused 0 connreset 0
Errors: fd-unavail 0 addrunavail 0 ftab-full 0 other 0

httperf --hog --timeout=1 --client=0/1 --server=172.17.60.201 --port=80 --uri=/ --rate=620 --send-buffer=4096 --recv-buffer=16384 --num-conns=2000 --num-calls=1
Maximum connect burst length: 7

Total: connections 2000 requests 992 replies 881 test-duration 4.224 s

Connection rate: 473.5 conn/s (2.1 ms/conn, <=560 concurrent connections)
Connection time [ms]: min 8.3 avg 371.1 max 1033.4 median 281.5 stddev 297.0
Connection time [ms]: connect 68.9
Connection length [replies/conn]: 1.000

Request rate: 234.8 req/s (4.3 ms/req)
Request size [B]: 66.0

Reply rate [replies/s]: min 0.0 avg 0.0 max 0.0 stddev 0.0 (0 samples)
Reply time [ms]: response 297.6 transfer 0.0
Reply size [B]: header 267.0 content 77.0 footer 0.0 (total 344.0)
Reply status: 1xx=0 2xx=881 3xx=0 4xx=0 5xx=0

CPU time [s]: user 0.12 system 4.00 (user 2.8% system 94.6% total 97.4%)
Net I/O: 85.2 KB/s (0.7*10^6 bps)

Errors: total 1119 client-timo 1119 socket-timo 0 connrefused 0 connreset 0
Errors: fd-unavail 0 addrunavail 0 ftab-full 0 other 0

httperf --hog --timeout=1 --client=0/1 --server=172.17.60.201 --port=80 --uri=/ --rate=640 --send-buffer=4096 --recv-buffer=16384 --num-conns=2000 --num-calls=1
Maximum connect burst length: 7

Total: connections 2000 requests 1017 replies 918 test-duration 4.124 s

Connection rate: 485.0 conn/s (2.1 ms/conn, <=543 concurrent connections)
Connection time [ms]: min 23.4 avg 302.4 max 1016.5 median 206.5 stddev 260.3
Connection time [ms]: connect 59.0
Connection length [replies/conn]: 1.000

Request rate: 246.6 req/s (4.1 ms/req)
Request size [B]: 66.0

Reply rate [replies/s]: min 0.0 avg 0.0 max 0.0 stddev 0.0 (0 samples)
Reply time [ms]: response 240.1 transfer 0.0
Reply size [B]: header 267.0 content 77.0 footer 0.0 (total 344.0)
Reply status: 1xx=0 2xx=918 3xx=0 4xx=0 5xx=0

CPU time [s]: user 0.09 system 3.92 (user 2.1% system 95.2% total 97.3%)
Net I/O: 90.7 KB/s (0.7*10^6 bps)

Errors: total 1082 client-timo 1082 socket-timo 0 connrefused 0 connreset 0
Errors: fd-unavail 0 addrunavail 0 ftab-full 0 other 0

httperf --hog --timeout=1 --client=0/1 --server=172.17.60.201 --port=80 --uri=/ --rate=660 --send-buffer=4096 --recv-buffer=16384 --num-conns=2000 --num-calls=1
Maximum connect burst length: 6

Total: connections 2000 requests 998 replies 868 test-duration 4.029 s

Connection rate: 496.4 conn/s (2.0 ms/conn, <=581 concurrent connections)
Connection time [ms]: min 3.5 avg 345.3 max 1030.4 median 250.5 stddev 291.5
Connection time [ms]: connect 74.4
Connection length [replies/conn]: 1.000

Request rate: 247.7 req/s (4.0 ms/req)
Request size [B]: 66.0

Reply rate [replies/s]: min 0.0 avg 0.0 max 0.0 stddev 0.0 (0 samples)
Reply time [ms]: response 264.6 transfer 0.0
Reply size [B]: header 267.0 content 77.0 footer 0.0 (total 344.0)
Reply status: 1xx=0 2xx=868 3xx=0 4xx=0 5xx=0

CPU time [s]: user 0.08 system 3.83 (user 2.1% system 95.1% total 97.2%)
Net I/O: 88.3 KB/s (0.7*10^6 bps)

Errors: total 1132 client-timo 1132 socket-timo 0 connrefused 0 connreset 0
Errors: fd-unavail 0 addrunavail 0 ftab-full 0 other 0

httperf --hog --timeout=1 --client=0/1 --server=172.17.60.201 --port=80 --uri=/ --rate=680 --send-buffer=4096 --recv-buffer=16384 --num-conns=2000 --num-calls=1
Maximum connect burst length: 7

Total: connections 2000 requests 880 replies 790 test-duration 3.941 s

Connection rate: 507.5 conn/s (2.0 ms/conn, <=605 concurrent connections)
Connection time [ms]: min 7.5 avg 324.2 max 1023.7 median 215.5 stddev 279.5
Connection time [ms]: connect 65.6
Connection length [replies/conn]: 1.000

Request rate: 223.3 req/s (4.5 ms/req)
Request size [B]: 66.0

Reply rate [replies/s]: min 0.0 avg 0.0 max 0.0 stddev 0.0 (0 samples)
Reply time [ms]: response 254.7 transfer 0.0
Reply size [B]: header 267.0 content 77.0 footer 0.0 (total 344.0)
Reply status: 1xx=0 2xx=790 3xx=0 4xx=0 5xx=0

CPU time [s]: user 0.10 system 3.74 (user 2.4% system 94.8% total 97.2%)
Net I/O: 81.7 KB/s (0.7*10^6 bps)

Errors: total 1210 client-timo 1210 socket-timo 0 connrefused 0 connreset 0
Errors: fd-unavail 0 addrunavail 0 ftab-full 0 other 0

httperf --hog --timeout=1 --client=0/1 --server=172.17.60.201 --port=80 --uri=/ --rate=700 --send-buffer=4096 --recv-buffer=16384 --num-conns=2000 --num-calls=1
Maximum connect burst length: 9

Total: connections 2000 requests 927 replies 783 test-duration 3.855 s

Connection rate: 518.8 conn/s (1.9 ms/conn, <=644 concurrent connections)
Connection time [ms]: min 7.3 avg 339.4 max 1080.5 median 226.5 stddev 288.1
Connection time [ms]: connect 56.0
Connection length [replies/conn]: 1.000

Request rate: 240.5 req/s (4.2 ms/req)
Request size [B]: 66.0

Reply rate [replies/s]: min 0.0 avg 0.0 max 0.0 stddev 0.0 (0 samples)
Reply time [ms]: response 278.9 transfer 0.0
Reply size [B]: header 267.0 content 77.0 footer 0.0 (total 344.0)
Reply status: 1xx=0 2xx=783 3xx=0 4xx=0 5xx=0

CPU time [s]: user 0.10 system 3.63 (user 2.7% system 94.1% total 96.8%)
Net I/O: 83.7 KB/s (0.7*10^6 bps)

Errors: total 1217 client-timo 1217 socket-timo 0 connrefused 0 connreset 0
Errors: fd-unavail 0 addrunavail 0 ftab-full 0 other 0

httperf --hog --timeout=1 --client=0/1 --server=172.17.60.201 --port=80 --uri=/ --rate=720 --send-buffer=4096 --recv-buffer=16384 --num-conns=2000 --num-calls=1
Maximum connect burst length: 11

Total: connections 2000 requests 804 replies 648 test-duration 3.777 s

Connection rate: 529.5 conn/s (1.9 ms/conn, <=671 concurrent connections)
Connection time [ms]: min 12.0 avg 388.1 max 1032.8 median 313.5 stddev 297.2
Connection time [ms]: connect 84.0
Connection length [replies/conn]: 1.000

Request rate: 212.9 req/s (4.7 ms/req)
Request size [B]: 66.0

Reply rate [replies/s]: min 0.0 avg 0.0 max 0.0 stddev 0.0 (0 samples)
Reply time [ms]: response 291.6 transfer 0.0
Reply size [B]: header 267.0 content 77.0 footer 0.0 (total 344.0)
Reply status: 1xx=0 2xx=648 3xx=0 4xx=0 5xx=0

CPU time [s]: user 0.10 system 3.56 (user 2.5% system 94.4% total 96.9%)
Net I/O: 71.4 KB/s (0.6*10^6 bps)

Errors: total 1352 client-timo 1352 socket-timo 0 connrefused 0 connreset 0
Errors: fd-unavail 0 addrunavail 0 ftab-full 0 other 0

httperf --hog --timeout=1 --client=0/1 --server=172.17.60.201 --port=80 --uri=/ --rate=740 --send-buffer=4096 --recv-buffer=16384 --num-conns=2000 --num-calls=1
Maximum connect burst length: 7

Total: connections 2000 requests 842 replies 701 test-duration 3.706 s

Connection rate: 539.6 conn/s (1.9 ms/conn, <=684 concurrent connections)
Connection time [ms]: min 7.7 avg 345.9 max 1013.6 median 293.5 stddev 284.8
Connection time [ms]: connect 75.6
Connection length [replies/conn]: 1.000

Request rate: 227.2 req/s (4.4 ms/req)
Request size [B]: 66.0

Reply rate [replies/s]: min 0.0 avg 0.0 max 0.0 stddev 0.0 (0 samples)
Reply time [ms]: response 261.5 transfer 0.0
Reply size [B]: header 267.0 content 77.0 footer 0.0 (total 344.0)
Reply status: 1xx=0 2xx=701 3xx=0 4xx=0 5xx=0

CPU time [s]: user 0.09 system 3.51 (user 2.4% system 94.8% total 97.1%)
Net I/O: 78.2 KB/s (0.6*10^6 bps)

Errors: total 1299 client-timo 1299 socket-timo 0 connrefused 0 connreset 0
Errors: fd-unavail 0 addrunavail 0 ftab-full 0 other 0

httperf --hog --timeout=1 --client=0/1 --server=172.17.60.201 --port=80 --uri=/ --rate=760 --send-buffer=4096 --recv-buffer=16384 --num-conns=2000 --num-calls=1
Maximum connect burst length: 8

Total: connections 2000 requests 808 replies 672 test-duration 3.631 s

Connection rate: 550.8 conn/s (1.8 ms/conn, <=705 concurrent connections)
Connection time [ms]: min 20.7 avg 377.0 max 1037.8 median 310.5 stddev 289.6
Connection time [ms]: connect 72.9
Connection length [replies/conn]: 1.000

Request rate: 222.5 req/s (4.5 ms/req)
Request size [B]: 66.0

Reply rate [replies/s]: min 0.0 avg 0.0 max 0.0 stddev 0.0 (0 samples)
Reply time [ms]: response 295.8 transfer 0.0
Reply size [B]: header 267.0 content 77.0 footer 0.0 (total 344.0)
Reply status: 1xx=0 2xx=672 3xx=0 4xx=0 5xx=0

CPU time [s]: user 0.05 system 3.48 (user 1.3% system 95.8% total 97.2%)
Net I/O: 76.5 KB/s (0.6*10^6 bps)

Errors: total 1328 client-timo 1328 socket-timo 0 connrefused 0 connreset 0
Errors: fd-unavail 0 addrunavail 0 ftab-full 0 other 0

httperf --hog --timeout=1 --client=0/1 --server=172.17.60.201 --port=80 --uri=/ --rate=780 --send-buffer=4096 --recv-buffer=16384 --num-conns=2000 --num-calls=1
Maximum connect burst length: 13

Total: connections 2000 requests 680 replies 550 test-duration 3.563 s

Connection rate: 561.3 conn/s (1.8 ms/conn, <=726 concurrent connections)
Connection time [ms]: min 25.4 avg 363.9 max 1021.0 median 295.5 stddev 255.8
Connection time [ms]: connect 32.8
Connection length [replies/conn]: 1.000

Request rate: 190.8 req/s (5.2 ms/req)
Request size [B]: 66.0

Reply rate [replies/s]: min 0.0 avg 0.0 max 0.0 stddev 0.0 (0 samples)
Reply time [ms]: response 331.5 transfer 0.0
Reply size [B]: header 267.0 content 77.0 footer 0.0 (total 344.0)
Reply status: 1xx=0 2xx=550 3xx=0 4xx=0 5xx=0

CPU time [s]: user 0.06 system 3.40 (user 1.6% system 95.5% total 97.1%)
Net I/O: 64.2 KB/s (0.5*10^6 bps)

Errors: total 1450 client-timo 1450 socket-timo 0 connrefused 0 connreset 0
Errors: fd-unavail 0 addrunavail 0 ftab-full 0 other 0

httperf --hog --timeout=1 --client=0/1 --server=172.17.60.201 --port=80 --uri=/ --rate=800 --send-buffer=4096 --recv-buffer=16384 --num-conns=2000 --num-calls=1
Maximum connect burst length: 7

Total: connections 2000 requests 797 replies 666 test-duration 3.499 s

Connection rate: 571.6 conn/s (1.7 ms/conn, <=760 concurrent connections)
Connection time [ms]: min 20.6 avg 381.3 max 1037.1 median 324.5 stddev 297.6
Connection time [ms]: connect 84.6
Connection length [replies/conn]: 1.000

Request rate: 227.8 req/s (4.4 ms/req)
Request size [B]: 66.0

Reply rate [replies/s]: min 0.0 avg 0.0 max 0.0 stddev 0.0 (0 samples)
Reply time [ms]: response 286.9 transfer 0.0
Reply size [B]: header 267.0 content 77.0 footer 0.0 (total 344.0)
Reply status: 1xx=0 2xx=666 3xx=0 4xx=0 5xx=0

CPU time [s]: user 0.08 system 3.32 (user 2.4% system 94.9% total 97.3%)
Net I/O: 78.6 KB/s (0.6*10^6 bps)

Errors: total 1334 client-timo 1334 socket-timo 0 connrefused 0 connreset 0
Errors: fd-unavail 0 addrunavail 0 ftab-full 0 other 0

httperf --hog --timeout=1 --client=0/1 --server=172.17.60.201 --port=80 --uri=/ --rate=820 --send-buffer=4096 --recv-buffer=16384 --num-conns=2000 --num-calls=1
Maximum connect burst length: 7

Total: connections 2000 requests 723 replies 605 test-duration 3.438 s

Connection rate: 581.7 conn/s (1.7 ms/conn, <=759 concurrent connections)
Connection time [ms]: min 27.8 avg 362.0 max 1014.6 median 291.5 stddev 282.0
Connection time [ms]: connect 48.2
Connection length [replies/conn]: 1.000

Request rate: 210.3 req/s (4.8 ms/req)
Request size [B]: 66.0

Reply rate [replies/s]: min 0.0 avg 0.0 max 0.0 stddev 0.0 (0 samples)
Reply time [ms]: response 310.2 transfer 0.0
Reply size [B]: header 267.0 content 77.0 footer 0.0 (total 344.0)
Reply status: 1xx=0 2xx=605 3xx=0 4xx=0 5xx=0

CPU time [s]: user 0.07 system 3.26 (user 2.0% system 94.9% total 96.9%)
Net I/O: 72.7 KB/s (0.6*10^6 bps)

Errors: total 1395 client-timo 1395 socket-timo 0 connrefused 0 connreset 0
Errors: fd-unavail 0 addrunavail 0 ftab-full 0 other 0

httperf --hog --timeout=1 --client=0/1 --server=172.17.60.201 --port=80 --uri=/ --rate=840 --send-buffer=4096 --recv-buffer=16384 --num-conns=2000 --num-calls=1
Maximum connect burst length: 7

Total: connections 2000 requests 679 replies 532 test-duration 3.380 s

Connection rate: 591.7 conn/s (1.7 ms/conn, <=811 concurrent connections)
Connection time [ms]: min 12.6 avg 362.8 max 1028.7 median 312.5 stddev 266.8
Connection time [ms]: connect 29.2
Connection length [replies/conn]: 1.000

Request rate: 200.9 req/s (5.0 ms/req)
Request size [B]: 66.0

Reply rate [replies/s]: min 0.0 avg 0.0 max 0.0 stddev 0.0 (0 samples)
Reply time [ms]: response 334.3 transfer 0.0
Reply size [B]: header 267.0 content 77.0 footer 0.0 (total 344.0)
Reply status: 1xx=0 2xx=532 3xx=0 4xx=0 5xx=0

CPU time [s]: user 0.05 system 3.23 (user 1.5% system 95.5% total 97.0%)
Net I/O: 65.8 KB/s (0.5*10^6 bps)

Errors: total 1468 client-timo 1468 socket-timo 0 connrefused 0 connreset 0
Errors: fd-unavail 0 addrunavail 0 ftab-full 0 other 0

httperf --hog --timeout=1 --client=0/1 --server=172.17.60.201 --port=80 --uri=/ --rate=860 --send-buffer=4096 --recv-buffer=16384 --num-conns=2000 --num-calls=1
Maximum connect burst length: 7

Total: connections 2000 requests 689 replies 495 test-duration 3.319 s

Connection rate: 602.6 conn/s (1.7 ms/conn, <=821 concurrent connections)
Connection time [ms]: min 42.4 avg 371.1 max 1036.5 median 304.5 stddev 278.3
Connection time [ms]: connect 31.0
Connection length [replies/conn]: 1.000

Request rate: 207.6 req/s (4.8 ms/req)
Request size [B]: 66.0

Reply rate [replies/s]: min 0.0 avg 0.0 max 0.0 stddev 0.0 (0 samples)
Reply time [ms]: response 340.3 transfer 0.0
Reply size [B]: header 267.0 content 77.0 footer 0.0 (total 344.0)
Reply status: 1xx=0 2xx=495 3xx=0 4xx=0 5xx=0

CPU time [s]: user 0.12 system 3.10 (user 3.7% system 93.4% total 97.1%)
Net I/O: 63.5 KB/s (0.5*10^6 bps)

Errors: total 1505 client-timo 1505 socket-timo 0 connrefused 0 connreset 0
Errors: fd-unavail 0 addrunavail 0 ftab-full 0 other 0

httperf --hog --timeout=1 --client=0/1 --server=172.17.60.201 --port=80 --uri=/ --rate=880 --send-buffer=4096 --recv-buffer=16384 --num-conns=2000 --num-calls=1
Maximum connect burst length: 8

Total: connections 2000 requests 623 replies 433 test-duration 3.278 s

Connection rate: 610.1 conn/s (1.6 ms/conn, <=861 concurrent connections)
Connection time [ms]: min 14.2 avg 375.4 max 1020.6 median 304.5 stddev 279.2
Connection time [ms]: connect 47.3
Connection length [replies/conn]: 1.000

Request rate: 190.0 req/s (5.3 ms/req)
Request size [B]: 66.0

Reply rate [replies/s]: min 0.0 avg 0.0 max 0.0 stddev 0.0 (0 samples)
Reply time [ms]: response 321.3 transfer 0.0
Reply size [B]: header 267.0 content 77.0 footer 0.0 (total 344.0)
Reply status: 1xx=0 2xx=433 3xx=0 4xx=0 5xx=0

CPU time [s]: user 0.07 system 3.10 (user 2.2% system 94.7% total 96.9%)
Net I/O: 56.6 KB/s (0.5*10^6 bps)

Errors: total 1567 client-timo 1567 socket-timo 0 connrefused 0 connreset 0
Errors: fd-unavail 0 addrunavail 0 ftab-full 0 other 0

httperf --hog --timeout=1 --client=0/1 --server=172.17.60.201 --port=80 --uri=/ --rate=900 --send-buffer=4096 --recv-buffer=16384 --num-conns=2000 --num-calls=1
Maximum connect burst length: 11

Total: connections 2000 requests 621 replies 459 test-duration 3.221 s

Connection rate: 620.9 conn/s (1.6 ms/conn, <=868 concurrent connections)
Connection time [ms]: min 25.6 avg 387.3 max 1037.5 median 333.5 stddev 267.5
Connection time [ms]: connect 28.5
Connection length [replies/conn]: 1.000

Request rate: 192.8 req/s (5.2 ms/req)
Request size [B]: 66.0

Reply rate [replies/s]: min 0.0 avg 0.0 max 0.0 stddev 0.0 (0 samples)
Reply time [ms]: response 359.3 transfer 0.0
Reply size [B]: header 267.0 content 77.0 footer 0.0 (total 344.0)
Reply status: 1xx=0 2xx=459 3xx=0 4xx=0 5xx=0

CPU time [s]: user 0.03 system 3.09 (user 0.9% system 96.0% total 96.9%)
Net I/O: 60.3 KB/s (0.5*10^6 bps)

Errors: total 1541 client-timo 1541 socket-timo 0 connrefused 0 connreset 0
Errors: fd-unavail 0 addrunavail 0 ftab-full 0 other 0

httperf --hog --timeout=1 --client=0/1 --server=172.17.60.201 --port=80 --uri=/ --rate=920 --send-buffer=4096 --recv-buffer=16384 --num-conns=2000 --num-calls=1
Maximum connect burst length: 6

Total: connections 2000 requests 568 replies 368 test-duration 3.173 s

Connection rate: 630.3 conn/s (1.6 ms/conn, <=900 concurrent connections)
Connection time [ms]: min 49.0 avg 417.7 max 1039.8 median 365.5 stddev 279.4
Connection time [ms]: connect 30.5
Connection length [replies/conn]: 1.000

Request rate: 179.0 req/s (5.6 ms/req)
Request size [B]: 66.0

Reply rate [replies/s]: min 0.0 avg 0.0 max 0.0 stddev 0.0 (0 samples)
Reply time [ms]: response 387.2 transfer 0.0
Reply size [B]: header 267.0 content 77.0 footer 0.0 (total 344.0)
Reply status: 1xx=0 2xx=368 3xx=0 4xx=0 5xx=0

CPU time [s]: user 0.05 system 3.02 (user 1.5% system 95.3% total 96.8%)
Net I/O: 50.5 KB/s (0.4*10^6 bps)

Errors: total 1632 client-timo 1632 socket-timo 0 connrefused 0 connreset 0
Errors: fd-unavail 0 addrunavail 0 ftab-full 0 other 0

httperf --hog --timeout=1 --client=0/1 --server=172.17.60.201 --port=80 --uri=/ --rate=940 --send-buffer=4096 --recv-buffer=16384 --num-conns=2000 --num-calls=1
Maximum connect burst length: 5

Total: connections 2000 requests 546 replies 371 test-duration 3.127 s

Connection rate: 639.5 conn/s (1.6 ms/conn, <=900 concurrent connections)
Connection time [ms]: min 42.7 avg 408.7 max 1011.7 median 355.5 stddev 245.5
Connection time [ms]: connect 31.6
Connection length [replies/conn]: 1.000

Request rate: 174.6 req/s (5.7 ms/req)
Request size [B]: 66.0

Reply rate [replies/s]: min 0.0 avg 0.0 max 0.0 stddev 0.0 (0 samples)
Reply time [ms]: response 377.1 transfer 0.0
Reply size [B]: header 267.0 content 77.0 footer 0.0 (total 344.0)
Reply status: 1xx=0 2xx=371 3xx=0 4xx=0 5xx=0

CPU time [s]: user 0.09 system 2.94 (user 2.8% system 94.1% total 97.0%)
Net I/O: 51.1 KB/s (0.4*10^6 bps)

Errors: total 1629 client-timo 1629 socket-timo 0 connrefused 0 connreset 0
Errors: fd-unavail 0 addrunavail 0 ftab-full 0 other 0

httperf --hog --timeout=1 --client=0/1 --server=172.17.60.201 --port=80 --uri=/ --rate=960 --send-buffer=4096 --recv-buffer=16384 --num-conns=2000 --num-calls=1
Maximum connect burst length: 10

Total: connections 2000 requests 514 replies 335 test-duration 3.078 s

Connection rate: 649.8 conn/s (1.5 ms/conn, <=938 concurrent connections)
Connection time [ms]: min 27.8 avg 416.8 max 1023.2 median 377.5 stddev 275.5
Connection time [ms]: connect 31.8
Connection length [replies/conn]: 1.000

Request rate: 167.0 req/s (6.0 ms/req)
Request size [B]: 66.0

Reply rate [replies/s]: min 0.0 avg 0.0 max 0.0 stddev 0.0 (0 samples)
Reply time [ms]: response 386.3 transfer 0.0
Reply size [B]: header 267.0 content 77.0 footer 0.0 (total 344.0)
Reply status: 1xx=0 2xx=335 3xx=0 4xx=0 5xx=0

CPU time [s]: user 0.08 system 2.90 (user 2.6% system 94.3% total 96.9%)
Net I/O: 47.3 KB/s (0.4*10^6 bps)

Errors: total 1665 client-timo 1665 socket-timo 0 connrefused 0 connreset 0
Errors: fd-unavail 0 addrunavail 0 ftab-full 0 other 0

httperf --hog --timeout=1 --client=0/1 --server=172.17.60.201 --port=80 --uri=/ --rate=980 --send-buffer=4096 --recv-buffer=16384 --num-conns=2000 --num-calls=1
Maximum connect burst length: 4

Total: connections 2000 requests 591 replies 408 test-duration 3.051 s

Connection rate: 655.6 conn/s (1.5 ms/conn, <=953 concurrent connections)
Connection time [ms]: min 13.1 avg 388.8 max 1024.6 median 325.5 stddev 293.4
Connection time [ms]: connect 36.2
Connection length [replies/conn]: 1.000

Request rate: 193.7 req/s (5.2 ms/req)
Request size [B]: 66.0

Reply rate [replies/s]: min 0.0 avg 0.0 max 0.0 stddev 0.0 (0 samples)
Reply time [ms]: response 350.9 transfer 0.0
Reply size [B]: header 267.0 content 77.0 footer 0.0 (total 344.0)
Reply status: 1xx=0 2xx=408 3xx=0 4xx=0 5xx=0

CPU time [s]: user 0.05 system 2.90 (user 1.6% system 95.2% total 96.8%)
Net I/O: 57.4 KB/s (0.5*10^6 bps)

Errors: total 1592 client-timo 1592 socket-timo 0 connrefused 0 connreset 0
Errors: fd-unavail 0 addrunavail 0 ftab-full 0 other 0

httperf --hog --timeout=1 --client=0/1 --server=172.17.60.201 --port=80 --uri=/ --rate=1000 --send-buffer=4096 --recv-buffer=16384 --num-conns=2000 --num-calls=1
Maximum connect burst length: 8

Total: connections 2000 requests 548 replies 351 test-duration 3.011 s

Connection rate: 664.2 conn/s (1.5 ms/conn, <=990 concurrent connections)
Connection time [ms]: min 34.8 avg 423.8 max 1032.5 median 387.5 stddev 283.8
Connection time [ms]: connect 32.2
Connection length [replies/conn]: 1.000

Request rate: 182.0 req/s (5.5 ms/req)
Request size [B]: 66.0

Reply rate [replies/s]: min 0.0 avg 0.0 max 0.0 stddev 0.0 (0 samples)
Reply time [ms]: response 392.5 transfer 0.0
Reply size [B]: header 267.0 content 77.0 footer 0.0 (total 344.0)
Reply status: 1xx=0 2xx=351 3xx=0 4xx=0 5xx=0

CPU time [s]: user 0.07 system 2.84 (user 2.3% system 94.3% total 96.6%)
Net I/O: 50.9 KB/s (0.4*10^6 bps)

Errors: total 1649 client-timo 1649 socket-timo 0 connrefused 0 connreset 0
Errors: fd-unavail 0 addrunavail 0 ftab-full 0 other 0

