httperf --verbose --hog --timeout=3 --client=0/1 --server=172.17.60.201 --port=80 --uri=/ --rate=8 --send-buffer=4096 --recv-buffer=16384 --num-conns=500 --num-calls=1
httperf: maximum number of open descriptors = 4096
Maximum connect burst length: 1

Connection lifetime histogram (time in ms):
             :
             7.5 11
             8.5 27
             9.5 17
            10.5 32
            11.5 28
            12.5 20
            13.5 30
            14.5 14
            15.5 21
            16.5 20
            17.5 15
            18.5 15
            19.5 7
            20.5 8
            21.5 6
            22.5 6
            23.5 12
            24.5 5
            25.5 5
            26.5 5
            27.5 9
            28.5 7
            29.5 4
            30.5 6
            31.5 8
            32.5 6
            33.5 6
            34.5 10
            35.5 1
            36.5 3
            37.5 3
            38.5 8
            39.5 1
            40.5 4
            41.5 2
            42.5 2
            43.5 5
            44.5 8
            45.5 3
            46.5 1
            47.5 9
            48.5 3
            49.5 1
            50.5 2
            51.5 1
             :
            53.5 3
            54.5 2
            55.5 7
            56.5 2
            57.5 3
            58.5 2
            59.5 1
             :
            61.5 5
             :
            64.5 2
            65.5 1
            66.5 1
            67.5 1
             :
            70.5 2
             :
            72.5 2
            73.5 1
             :
            76.5 1
            77.5 2
            78.5 2
             :
            80.5 2
             :
            82.5 1
            83.5 1
            84.5 2
            85.5 1
            86.5 1
            87.5 1
             :
            90.5 2
            91.5 1
             :
            93.5 1
            94.5 1
            95.5 1
             :
            98.5 2
             :
           103.5 1
           104.5 1
             :
           107.5 1
             :
           110.5 1
             :
           115.5 1
             :
           118.5 2
             :
           120.5 1
             :
           122.5 1
             :
           128.5 1
             :
           158.5 1
             :
           163.5 1
             :
           175.5 1
             :
           217.5 1
             :
           283.5 1
             :
           340.5 2
             :
           465.5 1
             :
           471.5 1
             :
           579.5 1
             :
           684.5 1
             :
           713.5 1
             :
           810.5 1
           811.5 1
             :
           965.5 1
             :
          1621.5 1

Total: connections 500 requests 500 replies 500 test-duration 62.382 s

Connection rate: 8.0 conn/s (124.8 ms/conn, <=6 concurrent connections)
Connection time [ms]: min 7.2 avg 45.2 max 1621.3 median 18.5 stddev 116.0
Connection time [ms]: connect 1.5
Connection length [replies/conn]: 1.000

Request rate: 8.0 req/s (124.8 ms/req)
Request size [B]: 66.0

Reply rate [replies/s]: min 5.0 avg 8.0 max 11.0 stddev 0.7 (62 samples)
Percentages of the replies served at a given rate:
   50%: 7
   66%: 7
   75%: 7
   80%: 7
   90%: 7
   95%: 8
   98%: 9
   99%: 10
  100%: 11

Reply time [ms]: response 43.3 transfer 0.2
Percentages of the requests served within a certain time (ms) :
   50%: 17
   66%: 28
   75%: 37
   80%: 43
   90%: 69
   95%: 102
   98%: 335
   99%: 683
  100%: 1620

Reply size [B]: header 167.0 content 59.0 footer 0.0 (total 226.0)
Reply status: 1xx=0 2xx=500 3xx=0 4xx=0 5xx=0

CPU time [s]: user 39.65 system 22.64 (user 63.6% system 36.3% total 99.8%)
Net I/O: 2.3 KB/s (0.0*10^6 bps)

Errors: total 0 client-timo 0 socket-timo 0 connrefused 0 connreset 0
Errors: fd-unavail 0 addrunavail 0 ftab-full 0 other 0

