httperf --verbose --hog --timeout=3 --client=0/1 --server=172.17.60.201 --port=80 --uri=/ --rate=8 --send-buffer=4096 --recv-buffer=16384 --num-conns=500 --num-calls=1
httperf: maximum number of open descriptors = 4096
Maximum connect burst length: 1

Connection lifetime histogram (time in ms):
             :
             7.5 24
             8.5 82
             9.5 34
            10.5 53
            11.5 55
            12.5 32
            13.5 27
            14.5 27
            15.5 25
            16.5 13
            17.5 6
            18.5 7
            19.5 5
            20.5 7
            21.5 5
            22.5 9
            23.5 3
            24.5 5
            25.5 1
            26.5 5
            27.5 1
            28.5 2
            29.5 5
            30.5 7
            31.5 2
            32.5 2
            33.5 1
            34.5 2
            35.5 4
            36.5 2
            37.5 2
             :
            40.5 3
            41.5 1
            42.5 5
            43.5 2
            44.5 1
            45.5 1
            46.5 1
            47.5 2
            48.5 1
             :
            51.5 1
             :
            53.5 2
            54.5 2
            55.5 2
            56.5 2
             :
            59.5 1
            60.5 1
            61.5 1
            62.5 2
             :
            66.5 1
            67.5 1
             :
            72.5 1
             :
            76.5 2
             :
            79.5 1
            80.5 1
             :
            83.5 1
             :
            85.5 1
             :
            93.5 1
             :
           103.5 1
             :
           114.5 1
             :
           133.5 1
             :
           179.5 1

Total: connections 500 requests 500 replies 500 test-duration 62.423 s

Connection rate: 8.0 conn/s (124.8 ms/conn, <=2 concurrent connections)
Connection time [ms]: min 7.1 avg 18.2 max 180.0 median 12.5 stddev 17.5
Connection time [ms]: connect 0.9
Connection length [replies/conn]: 1.000

Request rate: 8.0 req/s (124.8 ms/req)
Request size [B]: 66.0

Reply rate [replies/s]: min 8.0 avg 8.0 max 8.0 stddev 0.0 (62 samples)
Percentages of the replies served at a given rate:
   50%: 7
   66%: 7
   75%: 7
   80%: 7
   90%: 7
   95%: 7
   98%: 7
   99%: 7
  100%: 8

Reply time [ms]: response 16.5 transfer 0.6
Percentages of the requests served within a certain time (ms) :
   50%: 10
   66%: 13
   75%: 15
   80%: 19
   90%: 31
   95%: 46
   98%: 73
   99%: 84
  100%: 133

Reply size [B]: header 167.0 content 59.0 footer 0.0 (total 226.0)
Reply status: 1xx=0 2xx=500 3xx=0 4xx=0 5xx=0

CPU time [s]: user 40.76 system 21.58 (user 65.3% system 34.6% total 99.9%)
Net I/O: 2.3 KB/s (0.0*10^6 bps)

Errors: total 0 client-timo 0 socket-timo 0 connrefused 0 connreset 0
Errors: fd-unavail 0 addrunavail 0 ftab-full 0 other 0

