httperf --verbose --hog --timeout=3 --client=0/1 --server=172.17.60.201 --port=80 --uri=/ --rate=8 --send-buffer=4096 --recv-buffer=16384 --num-conns=500 --num-calls=1
httperf: maximum number of open descriptors = 4096
Maximum connect burst length: 1

Connection lifetime histogram (time in ms):
             :
             7.5 5
             8.5 66
             9.5 31
            10.5 77
            11.5 91
            12.5 43
            13.5 35
            14.5 27
            15.5 25
            16.5 31
            17.5 18
            18.5 7
            19.5 4
            20.5 5
            21.5 1
            22.5 3
            23.5 6
            24.5 1
             :
            26.5 1
            27.5 4
            28.5 1
             :
            30.5 1
            31.5 3
             :
            33.5 2
             :
            35.5 2
             :
            37.5 1
             :
            43.5 1
             :
            46.5 1
            47.5 1
            48.5 1
             :
            51.5 1
             :
            55.5 1
             :
            57.5 1
             :
            90.5 1
             :
           149.5 1

Total: connections 500 requests 500 replies 500 test-duration 62.387 s

Connection rate: 8.0 conn/s (124.8 ms/conn, <=2 concurrent connections)
Connection time [ms]: min 7.6 avg 13.9 max 149.6 median 11.5 stddev 9.4
Connection time [ms]: connect 1.2
Connection length [replies/conn]: 1.000

Request rate: 8.0 req/s (124.8 ms/req)
Request size [B]: 66.0

Reply rate [replies/s]: min 8.0 avg 8.0 max 8.0 stddev 0.0 (62 samples)
Percentages of the replies served at a given rate:
   50%: 7
   66%: 7
   75%: 7
   80%: 7
   90%: 7
   95%: 7
   98%: 7
   99%: 7
  100%: 8

Reply time [ms]: response 12.4 transfer 0.2
Percentages of the requests served within a certain time (ms) :
   50%: 10
   66%: 11
   75%: 13
   80%: 14
   90%: 15
   95%: 21
   98%: 30
   99%: 43
  100%: 149

Reply size [B]: header 167.0 content 59.0 footer 0.0 (total 226.0)
Reply status: 1xx=0 2xx=500 3xx=0 4xx=0 5xx=0

CPU time [s]: user 38.79 system 23.50 (user 62.2% system 37.7% total 99.8%)
Net I/O: 2.3 KB/s (0.0*10^6 bps)

Errors: total 0 client-timo 0 socket-timo 0 connrefused 0 connreset 0
Errors: fd-unavail 0 addrunavail 0 ftab-full 0 other 0

