httperf --verbose --hog --timeout=50 --client=0/1 --server=172.16.116.116 --port=8080 --uri=/ --rate=8 --send-buffer=4096 --recv-buffer=16384 --num-conns=2400 --num-calls=1
httperf: maximum number of open descriptors = 65535
Maximum connect burst length: 1

Connection lifetime histogram (time in ms):
             :
            10.5 23
            11.5 94
            12.5 77
            13.5 64
            14.5 82
            15.5 124
            16.5 132
            17.5 102
            18.5 82
            19.5 91
            20.5 81
            21.5 63
            22.5 78
            23.5 56
            24.5 43
            25.5 45
            26.5 39
            27.5 41
            28.5 40
            29.5 36
            30.5 30
            31.5 32
            32.5 21
            33.5 25
            34.5 30
            35.5 25
            36.5 26
            37.5 34
            38.5 29
            39.5 26
            40.5 24
            41.5 21
            42.5 10
            43.5 24
            44.5 21
            45.5 20
            46.5 17
            47.5 7
            48.5 19
            49.5 15
            50.5 10
            51.5 7
            52.5 4
            53.5 9
            54.5 5
            55.5 7
            56.5 5
            57.5 4
            58.5 6
            59.5 5
            60.5 3
            61.5 5
             :
            63.5 1
            64.5 3
            65.5 3
             :
            67.5 2
            68.5 1
             :
            70.5 1
            71.5 1
            72.5 1
            73.5 1
             :
            78.5 1
             :
            83.5 1
             :
            85.5 2
            86.5 1
             :
            88.5 3
            89.5 4
             :
            91.5 3
             :
            94.5 1
            95.5 2
             :
            97.5 2
            98.5 1
             :
           100.5 1
           101.5 4
           102.5 2
             :
           105.5 1
           106.5 1
             :
           108.5 1
           109.5 2
           110.5 1
           111.5 3
           112.5 1
             :
           115.5 1
           116.5 1
             :
           119.5 2
             :
           123.5 2
             :
           125.5 2
           126.5 1
           127.5 3
             :
           129.5 1
           130.5 1
             :
           135.5 1
             :
           137.5 1
           138.5 1
           139.5 2
           140.5 3
           141.5 1
           142.5 1
             :
           144.5 1
           145.5 1
             :
           147.5 2
           148.5 3
             :
           150.5 4
             :
           152.5 1
           153.5 1
             :
           155.5 1
             :
           158.5 4
           159.5 1
           160.5 1
           161.5 2
           162.5 5
           163.5 1
           164.5 2
           165.5 1
           166.5 2
           167.5 3
           168.5 3
           169.5 1
           170.5 1
           171.5 3
             :
           173.5 3
           174.5 2
           175.5 1
             :
           177.5 1
           178.5 2
           179.5 3
           180.5 2
           181.5 1
           182.5 1
           183.5 2
           184.5 2
           185.5 1
           186.5 2
           187.5 1
           188.5 4
           189.5 1
           190.5 1
           191.5 3
           192.5 2
             :
           194.5 3
             :
           196.5 1
           197.5 2
           198.5 3
           199.5 4
           200.5 1
           201.5 1
           202.5 3
           203.5 1
           204.5 2
           205.5 3
           206.5 1
           207.5 2
           208.5 2
           209.5 3
           210.5 3
           211.5 2
           212.5 1
           213.5 3
             :
           215.5 3
           216.5 2
             :
           218.5 1
           219.5 3
           220.5 1
           221.5 3
           222.5 2
           223.5 2
           224.5 2
           225.5 2
           226.5 1
           227.5 1
           228.5 4
           229.5 2
           230.5 1
             :
           232.5 1
           233.5 2
           234.5 2
           235.5 5
           236.5 3
           237.5 3
           238.5 1
           239.5 2
           240.5 2
           241.5 3
           242.5 1
             :
           244.5 4
             :
           246.5 2
             :
           249.5 5
           250.5 4
           251.5 3
           252.5 2
           253.5 4
           254.5 2
           255.5 1
           256.5 3
           257.5 5
           258.5 2
             :
           261.5 2
           262.5 3
           263.5 1
           264.5 2
           265.5 3
           266.5 3
             :
           268.5 3
           269.5 4
           270.5 1
           271.5 3
           272.5 1
           273.5 3
             :
           275.5 4
           276.5 2
           277.5 1
           278.5 2
           279.5 2
           280.5 3
           281.5 2
           282.5 2
           283.5 4
           284.5 2
           285.5 3
           286.5 2
           287.5 1
           288.5 2
           289.5 2
             :
           291.5 1
           292.5 2
           293.5 2
             :
           295.5 7
           296.5 5
           297.5 1
             :
           299.5 3
           300.5 1
           301.5 2
           302.5 4
           303.5 1
           304.5 4
           305.5 1
           306.5 1
           307.5 1
             :
           309.5 2
           310.5 1
           311.5 1
           312.5 1
           313.5 1
           314.5 1
           315.5 3
           316.5 1
           317.5 2
           318.5 1
           319.5 1
           320.5 2
           321.5 2
           322.5 1
           323.5 3
             :
           325.5 2
           326.5 4
           327.5 1
           328.5 1
           329.5 1
           330.5 4
           331.5 1
           332.5 2
           333.5 1
             :
           336.5 1
             :
           338.5 1
           339.5 1
             :
           341.5 1
           342.5 1
           343.5 3
             :
           345.5 3
           346.5 1
           347.5 3
           348.5 3
             :
           350.5 2
           351.5 2
             :
           354.5 1
           355.5 1
           356.5 1
           357.5 3
           358.5 2
           359.5 2
           360.5 2
           361.5 1
             :
           366.5 2
             :
           368.5 1
           369.5 2
             :
           372.5 1
             :
           374.5 1
             :
           377.5 1
             :
           393.5 1
             :
           395.5 1
           396.5 2
             :
           398.5 1
           399.5 1
             :
           404.5 1
             :
           412.5 1
             :
           421.5 1
             :
           423.5 1
             :
           498.5 1

Total: connections 2400 requests 2400 replies 2400 test-duration 299.926 s

Connection rate: 8.0 conn/s (125.0 ms/conn, <=4 concurrent connections)
Connection time [ms]: min 10.3 avg 66.7 max 498.0 median 25.5 stddev 92.0
Connection time [ms]: connect 1.4
Connection length [replies/conn]: 1.000

Request rate: 8.0 req/s (125.0 ms/req)
Request size [B]: 67.0

Reply rate [replies/s]: min 5.0 avg 8.0 max 11.0 stddev 0.7 (299 samples)
Percentages of the replies served at a given rate:
   50%: 7
   66%: 7
   75%: 7
   80%: 7
   90%: 8
   95%: 8
   98%: 9
   99%: 9
  100%: 11

Reply time [ms]: response 62.1 transfer 3.1
Percentages of the requests served within a certain time (ms) :
   50%: 22
   66%: 33
   75%: 43
   80%: 58
   90%: 225
   95%: 278
   98%: 325
   99%: 345
  100%: 497

Reply size [B]: header 162.0 content 72.0 footer 1.0 (total 235.0)
Reply status: 1xx=0 2xx=2400 3xx=0 4xx=0 5xx=0

CPU time [s]: user 251.41 system 48.08 (user 83.8% system 16.0% total 99.9%)
Net I/O: 2.4 KB/s (0.0*10^6 bps)

Errors: total 0 client-timo 0 socket-timo 0 connrefused 0 connreset 0
Errors: fd-unavail 0 addrunavail 0 ftab-full 0 other 0

