httperf --verbose --hog --timeout=50 --client=0/1 --server=172.16.116.116 --port=8080 --uri=/ --rate=24 --send-buffer=4096 --recv-buffer=16384 --num-conns=4320 --num-calls=1
httperf: maximum number of open descriptors = 65535
Maximum connect burst length: 1

Connection lifetime histogram (time in ms):
             :
            10.5 198
            11.5 703
            12.5 420
            13.5 371
            14.5 265
            15.5 320
            16.5 503
            17.5 308
            18.5 226
            19.5 181
            20.5 155
            21.5 148
            22.5 121
            23.5 73
            24.5 58
            25.5 50
            26.5 21
            27.5 21
            28.5 8
            29.5 12
            30.5 8
            31.5 7
            32.5 3
            33.5 1
            34.5 3
            35.5 1
            36.5 2
            37.5 2
             :
            39.5 1
             :
            45.5 1
             :
            48.5 1
             :
            52.5 1
             :
            63.5 1
             :
            77.5 1
             :
            81.5 1
             :
            91.5 1
             :
           100.5 1
             :
           105.5 1
             :
           109.5 1
             :
           119.5 1
             :
           124.5 1
             :
           128.5 1
             :
           132.5 1
             :
           134.5 2
             :
           136.5 1
             :
           138.5 1
             :
           141.5 1
           142.5 1
             :
           149.5 1
             :
           151.5 1
             :
           156.5 2
           157.5 2
           158.5 1
             :
           164.5 1
             :
           168.5 1
             :
           170.5 1
             :
           172.5 1
             :
           176.5 2
           177.5 1
           178.5 1
             :
           180.5 1
             :
           182.5 2
             :
           185.5 1
             :
           191.5 2
           192.5 1
             :
           196.5 2
           197.5 2
             :
           201.5 3
             :
           203.5 1
           204.5 1
             :
           207.5 1
             :
           212.5 1
             :
           215.5 1
           216.5 2
           217.5 1
             :
           221.5 1
           222.5 1
             :
           224.5 2
           225.5 1
           226.5 2
           227.5 2
             :
           230.5 1
             :
           232.5 2
             :
           236.5 1
             :
           241.5 2
             :
           245.5 1
           246.5 2
           247.5 1
           248.5 1
             :
           251.5 2
           252.5 1
             :
           254.5 1
           255.5 1
           256.5 1
             :
           258.5 2
           259.5 1
             :
           261.5 1
           262.5 1
           263.5 1
           264.5 2
           265.5 2
           266.5 1
           267.5 1
           268.5 1
             :
           270.5 1
           271.5 2
           272.5 1
             :
           275.5 1
           276.5 1
             :
           280.5 1
             :
           283.5 1
             :
           286.5 1
             :
           294.5 1
             :
           296.5 2
             :
           304.5 1
             :
           309.5 1
             :
           314.5 1
             :
           319.5 1
             :
           321.5 1
           322.5 2
           323.5 1
           324.5 1
             :
           330.5 1
             :
           340.5 2
             :
           350.5 1
             :
           352.5 1
           353.5 1
           354.5 1
             :
           368.5 1
             :
           370.5 1
             :
           377.5 1
             :
           391.5 1
             :
           395.5 1
             :
           397.5 1

Total: connections 4320 requests 4320 replies 4320 test-duration 179.972 s

Connection rate: 24.0 conn/s (41.7 ms/conn, <=3 concurrent connections)
Connection time [ms]: min 10.2 avg 22.3 max 397.8 median 15.5 stddev 38.8
Connection time [ms]: connect 0.6
Connection length [replies/conn]: 1.000

Request rate: 24.0 req/s (41.7 ms/req)
Request size [B]: 67.0

Reply rate [replies/s]: min 23.0 avg 24.0 max 25.0 stddev 0.5 (179 samples)
Percentages of the replies served at a given rate:
   50%: 23
   66%: 23
   75%: 23
   80%: 23
   90%: 24
   95%: 24
   98%: 24
   99%: 24
  100%: 25

Reply time [ms]: response 20.5 transfer 1.1
Percentages of the requests served within a certain time (ms) :
   50%: 14
   66%: 15
   75%: 17
   80%: 18
   90%: 21
   95%: 24
   98%: 179
   99%: 239
  100%: 395

Reply size [B]: header 162.0 content 72.0 footer 1.0 (total 235.0)
Reply status: 1xx=0 2xx=4320 3xx=0 4xx=0 5xx=0

CPU time [s]: user 149.22 system 30.39 (user 82.9% system 16.9% total 99.8%)
Net I/O: 7.1 KB/s (0.1*10^6 bps)

Errors: total 0 client-timo 0 socket-timo 0 connrefused 0 connreset 0
Errors: fd-unavail 0 addrunavail 0 ftab-full 0 other 0

