httperf --verbose --hog --timeout=50 --client=0/1 --server=172.16.116.116 --port=8080 --uri=/ --rate=24 --send-buffer=4096 --recv-buffer=16384 --num-conns=4320 --num-calls=1
httperf: maximum number of open descriptors = 65535
Maximum connect burst length: 1

Connection lifetime histogram (time in ms):
             :
            10.5 128
            11.5 295
            12.5 253
            13.5 282
            14.5 382
            15.5 379
            16.5 380
            17.5 316
            18.5 301
            19.5 266
            20.5 253
            21.5 235
            22.5 218
            23.5 170
            24.5 104
            25.5 66
            26.5 38
            27.5 33
            28.5 13
            29.5 10
            30.5 7
            31.5 4
            32.5 3
             :
            34.5 1
            35.5 2
            36.5 2
             :
            38.5 2
             :
            42.5 1
            43.5 2
             :
            45.5 2
             :
            54.5 2
             :
            58.5 1
            59.5 1
             :
            64.5 1
             :
            76.5 1
            77.5 1
             :
            81.5 1
             :
            84.5 1
            85.5 2
             :
            89.5 1
            90.5 1
            91.5 1
             :
            95.5 1
             :
            99.5 1
             :
           114.5 1
             :
           118.5 2
             :
           122.5 1
             :
           130.5 2
             :
           132.5 1
             :
           143.5 2
             :
           146.5 3
             :
           153.5 2
             :
           156.5 1
             :
           159.5 1
           160.5 1
             :
           171.5 1
             :
           173.5 1
             :
           178.5 1
             :
           180.5 1
             :
           182.5 1
           183.5 1
           184.5 1
           185.5 1
           186.5 2
             :
           192.5 2
             :
           194.5 2
           195.5 2
             :
           202.5 1
           203.5 3
             :
           207.5 1
           208.5 2
             :
           210.5 1
           211.5 1
             :
           214.5 1
           215.5 2
           216.5 1
             :
           218.5 2
           219.5 1
           220.5 3
             :
           222.5 2
           223.5 3
           224.5 1
           225.5 1
           226.5 2
           227.5 2
             :
           229.5 1
             :
           232.5 1
           233.5 1
           234.5 1
             :
           236.5 3
             :
           240.5 1
             :
           242.5 1
           243.5 2
           244.5 1
           245.5 1
           246.5 3
           247.5 1
             :
           249.5 3
             :
           251.5 3
           252.5 1
             :
           259.5 2
             :
           262.5 1
           263.5 1
             :
           265.5 3
             :
           268.5 1
           269.5 1
           270.5 1
           271.5 1
           272.5 1
             :
           274.5 1
           275.5 1
             :
           278.5 2
           279.5 4
           280.5 1
             :
           283.5 2
           284.5 1
           285.5 1
           286.5 1
             :
           291.5 1
             :
           293.5 2
             :
           296.5 1
           297.5 1
           298.5 4
             :
           300.5 1
           301.5 1
             :
           303.5 1
             :
           305.5 1
           306.5 1
             :
           312.5 1
           313.5 3
           314.5 1
           315.5 2
           316.5 1
           317.5 1
             :
           321.5 1
             :
           325.5 1
             :
           332.5 2
             :
           341.5 2
           342.5 1
             :
           351.5 1
             :
           354.5 2
             :
           359.5 1
           360.5 1
             :
           364.5 2
             :
           367.5 1
           368.5 1
             :
           382.5 1
             :
           391.5 1
             :
           399.5 1
             :
           416.5 1

Total: connections 4320 requests 4320 replies 4320 test-duration 179.974 s

Connection rate: 24.0 conn/s (41.7 ms/conn, <=3 concurrent connections)
Connection time [ms]: min 10.3 avg 26.1 max 416.4 median 17.5 stddev 45.4
Connection time [ms]: connect 0.8
Connection length [replies/conn]: 1.000

Request rate: 24.0 req/s (41.7 ms/req)
Request size [B]: 67.0

Reply rate [replies/s]: min 22.0 avg 24.0 max 26.0 stddev 0.6 (179 samples)
Percentages of the replies served at a given rate:
   50%: 23
   66%: 23
   75%: 23
   80%: 23
   90%: 24
   95%: 24
   98%: 24
   99%: 24
  100%: 26

Reply time [ms]: response 24.2 transfer 1.1
Percentages of the requests served within a certain time (ms) :
   50%: 15
   66%: 17
   75%: 19
   80%: 20
   90%: 22
   95%: 26
   98%: 220
   99%: 273
  100%: 399

Reply size [B]: header 162.0 content 72.0 footer 1.0 (total 235.0)
Reply status: 1xx=0 2xx=4320 3xx=0 4xx=0 5xx=0

CPU time [s]: user 146.61 system 33.00 (user 81.5% system 18.3% total 99.8%)
Net I/O: 7.1 KB/s (0.1*10^6 bps)

Errors: total 0 client-timo 0 socket-timo 0 connrefused 0 connreset 0
Errors: fd-unavail 0 addrunavail 0 ftab-full 0 other 0

