httperf --verbose --hog --timeout=50 --client=0/1 --server=172.16.116.116 --port=8080 --uri=/ --rate=24 --send-buffer=4096 --recv-buffer=16384 --num-conns=14400 --num-calls=1
httperf: maximum number of open descriptors = 65535
Maximum connect burst length: 1

Connection lifetime histogram (time in ms):
             :
            10.5 383
            11.5 1010
            12.5 660
            13.5 613
            14.5 698
            15.5 713
            16.5 755
            17.5 632
            18.5 528
            19.5 397
            20.5 359
            21.5 381
            22.5 368
            23.5 293
            24.5 287
            25.5 270
            26.5 229
            27.5 209
            28.5 228
            29.5 186
            30.5 221
            31.5 172
            32.5 176
            33.5 185
            34.5 166
            35.5 163
            36.5 143
            37.5 145
            38.5 120
            39.5 142
            40.5 107
            41.5 118
            42.5 95
            43.5 88
            44.5 86
            45.5 96
            46.5 68
            47.5 87
            48.5 54
            49.5 54
            50.5 49
            51.5 65
            52.5 58
            53.5 50
            54.5 34
            55.5 50
            56.5 28
            57.5 40
            58.5 31
            59.5 22
            60.5 20
            61.5 28
            62.5 30
            63.5 20
            64.5 27
            65.5 18
            66.5 18
            67.5 12
            68.5 19
            69.5 17
            70.5 17
            71.5 8
            72.5 16
            73.5 7
            74.5 9
            75.5 10
            76.5 16
            77.5 8
            78.5 7
            79.5 7
            80.5 2
            81.5 4
            82.5 6
            83.5 8
            84.5 9
            85.5 3
            86.5 9
            87.5 6
            88.5 9
            89.5 8
            90.5 4
            91.5 3
            92.5 5
            93.5 8
            94.5 3
            95.5 5
            96.5 6
            97.5 5
            98.5 6
            99.5 3
           100.5 3
           101.5 4
           102.5 3
           103.5 3
           104.5 5
           105.5 2
           106.5 4
           107.5 3
           108.5 3
           109.5 6
           110.5 4
           111.5 3
           112.5 3
           113.5 3
             :
           115.5 2
           116.5 2
           117.5 3
           118.5 1
           119.5 2
           120.5 1
           121.5 3
           122.5 3
           123.5 3
           124.5 7
           125.5 6
           126.5 2
           127.5 4
           128.5 3
           129.5 1
           130.5 1
           131.5 6
           132.5 3
           133.5 4
           134.5 4
           135.5 4
           136.5 5
           137.5 4
           138.5 4
           139.5 8
           140.5 6
           141.5 3
           142.5 5
             :
           144.5 5
           145.5 5
           146.5 4
           147.5 3
           148.5 2
           149.5 4
           150.5 6
           151.5 2
           152.5 6
           153.5 2
           154.5 4
           155.5 2
           156.5 6
           157.5 6
           158.5 2
           159.5 3
           160.5 3
           161.5 5
           162.5 6
             :
           164.5 1
           165.5 6
           166.5 9
           167.5 6
           168.5 4
           169.5 6
           170.5 1
           171.5 3
           172.5 3
           173.5 3
           174.5 10
           175.5 9
           176.5 6
           177.5 7
           178.5 5
           179.5 5
           180.5 7
           181.5 8
           182.5 7
           183.5 3
           184.5 8
           185.5 10
           186.5 1
           187.5 2
           188.5 4
           189.5 4
           190.5 4
           191.5 5
           192.5 7
           193.5 9
           194.5 10
           195.5 3
           196.5 5
           197.5 6
           198.5 5
           199.5 12
           200.5 7
           201.5 6
           202.5 9
           203.5 10
           204.5 4
           205.5 10
           206.5 8
           207.5 7
           208.5 8
           209.5 5
           210.5 4
           211.5 5
           212.5 5
           213.5 9
           214.5 8
           215.5 5
           216.5 8
           217.5 7
           218.5 12
           219.5 10
           220.5 9
           221.5 9
           222.5 6
           223.5 6
           224.5 4
           225.5 5
           226.5 6
           227.5 7
           228.5 11
           229.5 8
           230.5 11
           231.5 11
           232.5 9
           233.5 4
           234.5 8
           235.5 14
           236.5 13
           237.5 8
           238.5 6
           239.5 8
           240.5 8
           241.5 11
           242.5 6
           243.5 7
           244.5 12
           245.5 6
           246.5 9
           247.5 16
           248.5 7
           249.5 8
           250.5 11
           251.5 12
           252.5 8
           253.5 10
           254.5 14
           255.5 12
           256.5 11
           257.5 4
           258.5 17
           259.5 5
           260.5 6
           261.5 10
           262.5 9
           263.5 6
           264.5 7
           265.5 13
           266.5 11
           267.5 5
           268.5 10
           269.5 8
           270.5 12
           271.5 17
           272.5 9
           273.5 8
           274.5 10
           275.5 10
           276.5 7
           277.5 4
           278.5 16
           279.5 8
           280.5 7
           281.5 7
           282.5 7
           283.5 9
           284.5 9
           285.5 6
           286.5 11
           287.5 9
           288.5 10
           289.5 13
           290.5 8
           291.5 7
           292.5 6
           293.5 9
           294.5 8
           295.5 11
           296.5 7
           297.5 9
           298.5 10
           299.5 9
           300.5 12
           301.5 7
           302.5 13
           303.5 4
           304.5 3
           305.5 11
           306.5 7
           307.5 12
           308.5 11
           309.5 10
           310.5 8
           311.5 1
           312.5 15
           313.5 12
           314.5 9
           315.5 6
           316.5 8
           317.5 7
           318.5 7
           319.5 7
           320.5 8
           321.5 5
           322.5 10
           323.5 4
           324.5 10
           325.5 5
           326.5 6
           327.5 5
           328.5 5
           329.5 3
           330.5 3
           331.5 9
           332.5 8
           333.5 4
           334.5 9
           335.5 6
           336.5 1
           337.5 3
           338.5 4
           339.5 4
           340.5 4
           341.5 1
           342.5 4
           343.5 5
           344.5 12
           345.5 5
           346.5 6
           347.5 8
           348.5 3
           349.5 5
           350.5 5
           351.5 8
           352.5 7
           353.5 3
           354.5 6
           355.5 3
           356.5 5
           357.5 3
           358.5 7
           359.5 3
           360.5 7
           361.5 4
           362.5 4
           363.5 3
           364.5 4
           365.5 3
           366.5 6
           367.5 3
           368.5 4
           369.5 2
           370.5 4
           371.5 3
           372.5 2
           373.5 3
           374.5 4
           375.5 2
           376.5 2
           377.5 4
           378.5 5
           379.5 3
           380.5 5
           381.5 4
             :
           383.5 3
           384.5 3
           385.5 2
           386.5 3
           387.5 4
           388.5 2
           389.5 4
           390.5 3
           391.5 3
           392.5 2
           393.5 2
           394.5 2
             :
           396.5 2
           397.5 1
           398.5 2
           399.5 1
           400.5 2
           401.5 3
           402.5 2
           403.5 2
           404.5 3
           405.5 1
           406.5 2
             :
           409.5 4
           410.5 2
           411.5 1
           412.5 1
             :
           415.5 4
           416.5 4
           417.5 2
           418.5 3
           419.5 2
             :
           422.5 2
             :
           425.5 2
           426.5 1
             :
           428.5 1
           429.5 2
             :
           432.5 2
             :
           435.5 1
             :
           437.5 1
             :
           442.5 1
           443.5 1
             :
           446.5 1
             :
           449.5 1
             :
           454.5 1
           455.5 1
           456.5 1
             :
           458.5 2
             :
           463.5 1
             :
           465.5 1
             :
           472.5 1
             :
           487.5 1
             :
           493.5 1
             :
           498.5 1
           499.5 1

Total: connections 14400 requests 14400 replies 14400 test-duration 599.995 s

Connection rate: 24.0 conn/s (41.7 ms/conn, <=9 concurrent connections)
Connection time [ms]: min 10.0 avg 55.2 max 499.9 median 22.5 stddev 84.6
Connection time [ms]: connect 0.9
Connection length [replies/conn]: 1.000

Request rate: 24.0 req/s (41.7 ms/req)
Request size [B]: 67.0

Reply rate [replies/s]: min 19.0 avg 24.0 max 29.0 stddev 1.5 (599 samples)
Percentages of the replies served at a given rate:
   50%: 23
   66%: 23
   75%: 24
   80%: 24
   90%: 25
   95%: 26
   98%: 26
   99%: 27
  100%: 29

Reply time [ms]: response 51.5 transfer 2.8
Percentages of the requests served within a certain time (ms) :
   50%: 20
   66%: 29
   75%: 37
   80%: 44
   90%: 183
   95%: 264
   98%: 317
   99%: 352
  100%: 493

Reply size [B]: header 162.0 content 72.0 footer 1.0 (total 235.0)
Reply status: 1xx=0 2xx=14400 3xx=0 4xx=0 5xx=0

CPU time [s]: user 470.86 system 127.88 (user 78.5% system 21.3% total 99.8%)
Net I/O: 7.1 KB/s (0.1*10^6 bps)

Errors: total 0 client-timo 0 socket-timo 0 connrefused 0 connreset 0
Errors: fd-unavail 0 addrunavail 0 ftab-full 0 other 0

