httperf --verbose --hog --timeout=50 --client=0/1 --server=172.16.116.116 --port=8080 --uri=/ --rate=24 --send-buffer=4096 --recv-buffer=16384 --num-conns=14400 --num-calls=1
httperf: maximum number of open descriptors = 65535
Maximum connect burst length: 1

Connection lifetime histogram (time in ms):
             :
            10.5 66
            11.5 333
            12.5 221
            13.5 209
            14.5 262
            15.5 334
            16.5 416
            17.5 370
            18.5 392
            19.5 400
            20.5 479
            21.5 506
            22.5 465
            23.5 487
            24.5 420
            25.5 399
            26.5 401
            27.5 421
            28.5 372
            29.5 335
            30.5 374
            31.5 319
            32.5 315
            33.5 330
            34.5 285
            35.5 235
            36.5 248
            37.5 225
            38.5 236
            39.5 198
            40.5 197
            41.5 183
            42.5 151
            43.5 166
            44.5 149
            45.5 130
            46.5 133
            47.5 146
            48.5 134
            49.5 107
            50.5 104
            51.5 101
            52.5 84
            53.5 81
            54.5 78
            55.5 71
            56.5 47
            57.5 72
            58.5 61
            59.5 56
            60.5 51
            61.5 44
            62.5 33
            63.5 31
            64.5 30
            65.5 43
            66.5 27
            67.5 39
            68.5 27
            69.5 18
            70.5 20
            71.5 18
            72.5 17
            73.5 18
            74.5 15
            75.5 14
            76.5 8
            77.5 15
            78.5 8
            79.5 13
            80.5 11
            81.5 4
            82.5 7
            83.5 6
            84.5 11
            85.5 9
            86.5 9
            87.5 7
            88.5 4
            89.5 6
            90.5 7
            91.5 6
            92.5 9
            93.5 4
            94.5 3
            95.5 3
            96.5 2
            97.5 7
            98.5 3
            99.5 2
           100.5 5
           101.5 2
           102.5 1
           103.5 3
           104.5 6
           105.5 3
           106.5 4
           107.5 3
           108.5 2
           109.5 3
           110.5 4
           111.5 3
           112.5 7
           113.5 1
           114.5 2
           115.5 1
           116.5 5
           117.5 2
           118.5 3
           119.5 2
           120.5 2
             :
           122.5 5
           123.5 5
           124.5 2
           125.5 1
           126.5 1
           127.5 3
           128.5 1
             :
           130.5 4
           131.5 2
           132.5 2
           133.5 1
           134.5 4
           135.5 3
           136.5 3
             :
           138.5 4
           139.5 2
           140.5 3
           141.5 2
           142.5 3
           143.5 4
           144.5 1
           145.5 3
           146.5 3
           147.5 3
           148.5 5
             :
           150.5 4
           151.5 2
           152.5 4
           153.5 1
           154.5 4
           155.5 4
           156.5 1
           157.5 3
           158.5 4
             :
           160.5 1
           161.5 1
           162.5 3
           163.5 1
             :
           165.5 5
           166.5 3
           167.5 1
           168.5 5
           169.5 4
           170.5 2
           171.5 4
           172.5 4
           173.5 1
           174.5 4
           175.5 3
           176.5 3
           177.5 4
           178.5 6
           179.5 5
           180.5 3
           181.5 3
           182.5 6
           183.5 4
           184.5 5
           185.5 1
           186.5 4
           187.5 2
           188.5 5
           189.5 6
           190.5 3
           191.5 6
           192.5 5
           193.5 6
           194.5 6
           195.5 9
           196.5 3
           197.5 2
             :
           199.5 4
           200.5 3
           201.5 8
           202.5 6
           203.5 4
           204.5 7
           205.5 7
           206.5 6
           207.5 7
           208.5 7
           209.5 9
           210.5 7
           211.5 8
           212.5 5
           213.5 7
           214.5 5
           215.5 6
           216.5 4
           217.5 3
           218.5 3
           219.5 6
           220.5 4
           221.5 7
           222.5 7
           223.5 7
           224.5 7
           225.5 5
           226.5 6
           227.5 9
           228.5 5
           229.5 6
           230.5 8
           231.5 4
           232.5 10
           233.5 5
           234.5 5
           235.5 8
           236.5 8
           237.5 4
           238.5 7
           239.5 11
           240.5 6
           241.5 7
           242.5 3
           243.5 3
           244.5 11
           245.5 8
           246.5 10
           247.5 8
           248.5 10
           249.5 5
           250.5 6
           251.5 5
           252.5 6
           253.5 4
           254.5 15
           255.5 8
           256.5 6
           257.5 10
           258.5 9
           259.5 9
           260.5 6
           261.5 6
           262.5 7
           263.5 7
           264.5 10
           265.5 12
           266.5 5
           267.5 11
           268.5 5
           269.5 7
           270.5 6
           271.5 12
           272.5 2
           273.5 6
           274.5 5
           275.5 9
           276.5 9
           277.5 7
           278.5 8
           279.5 13
           280.5 7
           281.5 9
           282.5 9
           283.5 5
           284.5 9
           285.5 7
           286.5 6
           287.5 10
           288.5 6
           289.5 4
           290.5 6
           291.5 5
           292.5 9
           293.5 6
           294.5 15
           295.5 5
           296.5 1
           297.5 4
           298.5 4
           299.5 6
           300.5 8
           301.5 6
           302.5 12
           303.5 5
           304.5 5
           305.5 7
           306.5 12
           307.5 7
           308.5 8
           309.5 6
           310.5 11
           311.5 6
           312.5 8
           313.5 1
           314.5 6
           315.5 8
           316.5 7
           317.5 5
           318.5 8
           319.5 4
           320.5 5
           321.5 4
           322.5 6
           323.5 6
           324.5 6
           325.5 3
           326.5 4
           327.5 8
           328.5 6
           329.5 7
           330.5 3
           331.5 5
           332.5 6
           333.5 3
           334.5 7
           335.5 7
           336.5 4
           337.5 2
           338.5 3
           339.5 6
           340.5 2
           341.5 3
           342.5 6
           343.5 4
           344.5 3
           345.5 6
           346.5 5
           347.5 1
           348.5 7
           349.5 7
           350.5 2
           351.5 8
           352.5 6
           353.5 3
           354.5 4
           355.5 1
           356.5 2
           357.5 3
           358.5 2
           359.5 4
             :
           361.5 4
           362.5 4
           363.5 2
           364.5 3
           365.5 6
           366.5 2
           367.5 6
           368.5 2
           369.5 2
           370.5 4
           371.5 4
           372.5 2
           373.5 5
             :
           375.5 3
           376.5 2
           377.5 3
           378.5 4
           379.5 1
           380.5 3
           381.5 1
           382.5 7
           383.5 1
           384.5 2
           385.5 2
           386.5 3
             :
           389.5 3
           390.5 3
           391.5 6
           392.5 3
           393.5 1
           394.5 1
           395.5 1
           396.5 1
           397.5 2
           398.5 3
           399.5 3
           400.5 4
           401.5 4
             :
           403.5 4
           404.5 2
           405.5 4
             :
           407.5 3
           408.5 2
           409.5 1
             :
           411.5 3
           412.5 2
             :
           414.5 1
           415.5 1
           416.5 2
           417.5 1
           418.5 1
           419.5 2
           420.5 1
           421.5 2
             :
           423.5 2
             :
           425.5 2
             :
           427.5 1
           428.5 2
             :
           434.5 1
             :
           436.5 1
             :
           439.5 2
           440.5 1
             :
           445.5 2
             :
           447.5 1
             :
           449.5 1
           450.5 1
           451.5 1
           452.5 1
           453.5 1
           454.5 1
             :
           457.5 1
             :
           464.5 2
             :
           469.5 1
           470.5 1
             :
           483.5 1
             :
           487.5 1
             :
           499.5 1
             :
           512.5 1
             :
           519.5 1
             :
           537.5 1

Total: connections 14400 requests 14400 replies 14400 test-duration 600.294 s

Connection rate: 24.0 conn/s (41.7 ms/conn, <=8 concurrent connections)
Connection time [ms]: min 10.2 avg 55.2 max 537.9 median 29.5 stddev 76.9
Connection time [ms]: connect 0.8
Connection length [replies/conn]: 1.000

Request rate: 24.0 req/s (41.7 ms/req)
Request size [B]: 67.0

Reply rate [replies/s]: min 18.0 avg 24.0 max 29.0 stddev 1.5 (600 samples)
Percentages of the replies served at a given rate:
   50%: 23
   66%: 23
   75%: 24
   80%: 24
   90%: 25
   95%: 25
   98%: 26
   99%: 27
  100%: 29

Reply time [ms]: response 51.5 transfer 2.8
Percentages of the requests served within a certain time (ms) :
   50%: 27
   66%: 34
   75%: 41
   80%: 46
   90%: 108
   95%: 248
   98%: 313
   99%: 349
  100%: 537

Reply size [B]: header 162.0 content 72.0 footer 1.0 (total 235.0)
Reply status: 1xx=0 2xx=14400 3xx=0 4xx=0 5xx=0

CPU time [s]: user 483.57 system 115.53 (user 80.6% system 19.2% total 99.8%)
Net I/O: 7.1 KB/s (0.1*10^6 bps)

Errors: total 0 client-timo 0 socket-timo 0 connrefused 0 connreset 0
Errors: fd-unavail 0 addrunavail 0 ftab-full 0 other 0

