httperf --verbose --hog --timeout=50 --client=0/1 --server=172.16.116.116 --port=8080 --uri=/ --rate=1 --send-buffer=4096 --recv-buffer=16384 --num-conns=180 --num-calls=1
httperf: maximum number of open descriptors = 65535
Maximum connect burst length: 1

Connection lifetime histogram (time in ms):
             :
            11.5 1
             :
            13.5 2
            14.5 1
            15.5 1
             :
            17.5 2
            18.5 1
            19.5 1
            20.5 1
             :
            24.5 1
             :
            27.5 1
             :
            30.5 1
             :
            44.5 1
             :
            51.5 1
            52.5 1
             :
            60.5 1
            61.5 1
            62.5 1
            63.5 1
             :
            68.5 1
             :
            70.5 1
            71.5 1
             :
            78.5 1
             :
            80.5 1
             :
            82.5 1
             :
            94.5 1
             :
           104.5 1
             :
           120.5 1
             :
           124.5 1
             :
           129.5 1
             :
           136.5 1
             :
           141.5 1
             :
           174.5 1
             :
           187.5 1
             :
           192.5 1
             :
           203.5 1
           204.5 1
             :
           208.5 1
             :
           213.5 1
           214.5 1
             :
           224.5 1
             :
           231.5 1
             :
           234.5 2
             :
           237.5 1
             :
           240.5 1
           241.5 1
           242.5 2
             :
           246.5 1
           247.5 1
             :
           256.5 2
             :
           259.5 1
           260.5 1
             :
           263.5 1
             :
           266.5 1
             :
           287.5 1
             :
           295.5 2
             :
           302.5 1
             :
           314.5 1
             :
           317.5 1
             :
           322.5 1
             :
           336.5 1
             :
           345.5 2
             :
           366.5 1
             :
           369.5 1
             :
           371.5 1
           372.5 1
             :
           374.5 1
             :
           377.5 1
             :
           387.5 1
             :
           391.5 1
             :
           396.5 2
             :
           399.5 1
             :
           401.5 1
             :
           404.5 1
             :
           407.5 1
             :
           413.5 1
             :
           416.5 1
             :
           419.5 1
             :
           428.5 1
             :
           431.5 1
           432.5 1
             :
           436.5 1
             :
           444.5 1
           445.5 1
             :
           447.5 1
             :
           454.5 1
             :
           456.5 1
             :
           463.5 1
             :
           466.5 1
             :
           469.5 1
           470.5 1
             :
           476.5 1
             :
           481.5 1
             :
           492.5 1
             :
           494.5 1
             :
           497.5 2
             :
           502.5 1
             :
           507.5 1
           508.5 1
             :
           512.5 1
             :
           519.5 1
             :
           525.5 1
             :
           528.5 2
           529.5 1
           530.5 1
           531.5 1
             :
           533.5 1
             :
           537.5 1
             :
           553.5 1
             :
           556.5 1
             :
           566.5 1
             :
           570.5 1
             :
           572.5 1
             :
           580.5 1
             :
           585.5 1
             :
           590.5 2
             :
           597.5 2
           598.5 2
             :
           611.5 1
             :
           613.5 1
             :
           616.5 1
             :
           622.5 1
           623.5 1
           624.5 1
             :
           626.5 1
             :
           629.5 1
             :
           632.5 1
           633.5 1
             :
           640.5 1
           641.5 1
             :
           644.5 1
           645.5 1
             :
           649.5 1
             :
           652.5 1
             :
           655.5 1
             :
           660.5 1
             :
           662.5 1
             :
           671.5 1
             :
           719.5 1
             :
           727.5 1
             :
           732.5 1
             :
           737.5 1
           738.5 1
             :
           746.5 1
             :
           751.5 1
             :
           769.5 1
             :
           771.5 1
             :
           782.5 1
             :
           785.5 1
             :
           802.5 1
             :
           808.5 1
             :
           817.5 1
             :
           823.5 1
             :
           826.5 1
             :
           863.5 1
             :
           876.5 1
             :
           879.5 1
             :
           893.5 1
             :
           898.5 1
             :
           946.5 1
             :
           964.5 1
             :
          1034.5 2
             :
          1111.5 1
             :
          1151.5 1
             :
          1238.5 1
             :
          1243.5 1
             :
          1935.5 1

Total: connections 180 requests 180 replies 180 test-duration 179.053 s

Connection rate: 1.0 conn/s (994.7 ms/conn, <=2 concurrent connections)
Connection time [ms]: min 11.6 avg 449.3 max 1935.4 median 444.5 stddev 296.7
Connection time [ms]: connect 1.2
Connection length [replies/conn]: 1.000

Request rate: 1.0 req/s (994.7 ms/req)
Request size [B]: 67.0

Reply rate [replies/s]: min 0.0 avg 1.0 max 2.0 stddev 0.3 (179 samples)
Percentages of the replies served at a given rate:
   50%: 1
   66%: 1
   75%: 1
   80%: 1
   90%: 1
   95%: 1
   98%: 1
   99%: 1
  100%: 2

Reply time [ms]: response 425.2 transfer 22.8
Percentages of the requests served within a certain time (ms) :
   50%: 431
   66%: 507
   75%: 589
   80%: 626
   90%: 785
   95%: 886
   98%: 1004
   99%: 1090
  100%: 1608

Reply size [B]: header 162.0 content 72.0 footer 1.0 (total 235.0)
Reply status: 1xx=0 2xx=180 3xx=0 4xx=0 5xx=0

CPU time [s]: user 151.28 system 27.57 (user 84.5% system 15.4% total 99.9%)
Net I/O: 0.3 KB/s (0.0*10^6 bps)

Errors: total 0 client-timo 0 socket-timo 0 connrefused 0 connreset 0
Errors: fd-unavail 0 addrunavail 0 ftab-full 0 other 0

