httperf --verbose --hog --timeout=50 --client=0/1 --server=172.16.116.116 --port=8080 --uri=/ --rate=24 --send-buffer=4096 --recv-buffer=16384 --num-conns=14400 --num-calls=1
httperf: maximum number of open descriptors = 65535
Maximum connect burst length: 1

Connection lifetime histogram (time in ms):
             :
             9.5 1
            10.5 522
            11.5 1364
            12.5 1020
            13.5 766
            14.5 884
            15.5 840
            16.5 828
            17.5 686
            18.5 529
            19.5 436
            20.5 387
            21.5 372
            22.5 308
            23.5 323
            24.5 256
            25.5 225
            26.5 214
            27.5 202
            28.5 183
            29.5 184
            30.5 190
            31.5 184
            32.5 115
            33.5 137
            34.5 106
            35.5 100
            36.5 110
            37.5 98
            38.5 101
            39.5 90
            40.5 79
            41.5 85
            42.5 68
            43.5 68
            44.5 63
            45.5 73
            46.5 67
            47.5 47
            48.5 51
            49.5 56
            50.5 45
            51.5 32
            52.5 35
            53.5 29
            54.5 38
            55.5 28
            56.5 24
            57.5 21
            58.5 26
            59.5 16
            60.5 26
            61.5 16
            62.5 18
            63.5 20
            64.5 15
            65.5 15
            66.5 14
            67.5 9
            68.5 4
            69.5 11
            70.5 7
            71.5 13
            72.5 7
            73.5 12
            74.5 6
            75.5 9
            76.5 3
            77.5 5
            78.5 10
            79.5 7
            80.5 7
            81.5 9
            82.5 7
            83.5 2
            84.5 2
            85.5 8
            86.5 5
            87.5 8
            88.5 8
            89.5 5
            90.5 4
            91.5 2
            92.5 4
            93.5 3
            94.5 3
            95.5 1
            96.5 2
            97.5 3
            98.5 1
            99.5 3
           100.5 4
           101.5 1
           102.5 2
           103.5 3
           104.5 1
           105.5 1
           106.5 2
           107.5 2
           108.5 3
           109.5 5
           110.5 3
           111.5 3
           112.5 1
           113.5 2
           114.5 5
           115.5 4
           116.5 1
           117.5 1
           118.5 3
           119.5 4
           120.5 1
           121.5 5
           122.5 1
           123.5 2
           124.5 2
             :
           126.5 2
           127.5 5
           128.5 3
           129.5 3
           130.5 1
           131.5 6
           132.5 6
           133.5 4
           134.5 4
           135.5 3
           136.5 2
           137.5 4
           138.5 3
             :
           140.5 5
           141.5 2
           142.5 4
           143.5 9
           144.5 1
           145.5 1
           146.5 4
           147.5 3
           148.5 6
           149.5 5
           150.5 4
           151.5 4
           152.5 5
           153.5 2
             :
           155.5 5
           156.5 4
           157.5 3
           158.5 2
           159.5 4
           160.5 3
           161.5 2
           162.5 8
           163.5 3
           164.5 4
           165.5 6
           166.5 4
           167.5 3
           168.5 4
           169.5 4
           170.5 6
           171.5 3
           172.5 3
           173.5 3
           174.5 2
           175.5 2
           176.5 4
           177.5 8
           178.5 3
           179.5 7
           180.5 7
           181.5 1
           182.5 7
           183.5 7
           184.5 7
           185.5 3
           186.5 3
           187.5 5
           188.5 5
           189.5 6
           190.5 5
           191.5 9
           192.5 6
           193.5 3
           194.5 1
           195.5 4
           196.5 1
           197.5 5
           198.5 7
           199.5 7
           200.5 5
           201.5 3
           202.5 6
           203.5 5
           204.5 2
           205.5 7
           206.5 5
           207.5 7
           208.5 2
           209.5 4
           210.5 8
           211.5 2
           212.5 7
           213.5 2
           214.5 3
           215.5 5
           216.5 5
           217.5 3
           218.5 2
           219.5 3
           220.5 4
           221.5 5
           222.5 7
           223.5 5
           224.5 4
           225.5 4
             :
           227.5 5
           228.5 6
           229.5 9
           230.5 7
           231.5 13
           232.5 4
           233.5 8
           234.5 9
           235.5 6
           236.5 6
           237.5 5
           238.5 7
           239.5 7
           240.5 2
           241.5 9
           242.5 7
           243.5 7
           244.5 3
           245.5 7
           246.5 2
           247.5 3
           248.5 8
           249.5 6
           250.5 6
           251.5 5
           252.5 5
           253.5 5
           254.5 8
           255.5 8
           256.5 5
           257.5 3
           258.5 7
           259.5 9
           260.5 11
           261.5 8
           262.5 10
           263.5 11
           264.5 13
           265.5 6
           266.5 6
           267.5 4
           268.5 6
           269.5 11
           270.5 8
           271.5 9
           272.5 11
           273.5 10
           274.5 6
           275.5 7
           276.5 8
           277.5 8
           278.5 4
           279.5 8
           280.5 8
           281.5 8
           282.5 6
           283.5 12
           284.5 8
           285.5 3
           286.5 6
           287.5 6
           288.5 7
           289.5 8
           290.5 8
           291.5 6
           292.5 6
           293.5 8
           294.5 8
           295.5 5
           296.5 5
           297.5 1
           298.5 6
           299.5 9
           300.5 4
           301.5 6
           302.5 4
           303.5 7
           304.5 6
           305.5 4
           306.5 10
           307.5 6
           308.5 6
           309.5 4
           310.5 2
           311.5 5
           312.5 10
           313.5 8
           314.5 4
           315.5 5
           316.5 3
           317.5 5
           318.5 1
           319.5 7
           320.5 6
           321.5 8
           322.5 3
           323.5 6
           324.5 4
           325.5 4
           326.5 4
           327.5 9
           328.5 3
           329.5 5
             :
           331.5 1
           332.5 1
           333.5 3
           334.5 3
           335.5 3
           336.5 8
           337.5 4
           338.5 6
           339.5 1
           340.5 6
           341.5 4
           342.5 7
           343.5 3
           344.5 5
           345.5 6
           346.5 3
           347.5 1
           348.5 5
           349.5 3
           350.5 2
           351.5 2
           352.5 1
           353.5 4
           354.5 2
           355.5 4
           356.5 3
           357.5 5
             :
           359.5 4
           360.5 3
           361.5 4
             :
           363.5 6
           364.5 4
           365.5 4
           366.5 1
           367.5 1
           368.5 3
           369.5 3
           370.5 2
           371.5 1
             :
           374.5 2
           375.5 4
             :
           377.5 2
           378.5 1
           379.5 1
           380.5 1
             :
           382.5 1
           383.5 1
           384.5 2
             :
           386.5 2
           387.5 1
           388.5 1
           389.5 4
           390.5 3
             :
           392.5 1
           393.5 2
           394.5 3
           395.5 3
             :
           397.5 2
           398.5 1
           399.5 1
           400.5 1
           401.5 2
           402.5 1
           403.5 1
             :
           405.5 2
           406.5 2
           407.5 2
           408.5 1
           409.5 2
           410.5 2
             :
           413.5 2
           414.5 1
           415.5 1
             :
           417.5 1
             :
           421.5 1
             :
           423.5 1
           424.5 1
             :
           426.5 1
           427.5 1
           428.5 1
           429.5 1
             :
           431.5 1
           432.5 1
           433.5 1
           434.5 2
           435.5 1
           436.5 1
             :
           439.5 1
           440.5 1
           441.5 1
           442.5 2
             :
           444.5 2
             :
           447.5 1
             :
           449.5 1
           450.5 1
             :
           454.5 2
           455.5 1
           456.5 1
             :
           460.5 1
             :
           462.5 1
             :
           464.5 2
             :
           479.5 1
             :
           497.5 1
             :
           526.5 1
             :
           561.5 1
             :
           657.5 1
             :
           759.5 1
             :
           783.5 1
             :
           820.5 1

Total: connections 14400 requests 14400 replies 14400 test-duration 599.974 s

Connection rate: 24.0 conn/s (41.7 ms/conn, <=10 concurrent connections)
Connection time [ms]: min 10.0 avg 44.6 max 820.4 median 18.5 stddev 74.9
Connection time [ms]: connect 0.9
Connection length [replies/conn]: 1.000

Request rate: 24.0 req/s (41.7 ms/req)
Request size [B]: 67.0

Reply rate [replies/s]: min 17.0 avg 24.0 max 31.0 stddev 1.4 (599 samples)
Percentages of the replies served at a given rate:
   50%: 23
   66%: 23
   75%: 24
   80%: 24
   90%: 25
   95%: 25
   98%: 26
   99%: 27
  100%: 31

Reply time [ms]: response 41.4 transfer 2.3
Percentages of the requests served within a certain time (ms) :
   50%: 16
   66%: 22
   75%: 29
   80%: 34
   90%: 79
   95%: 233
   98%: 298
   99%: 337
  100%: 555

Reply size [B]: header 162.0 content 72.0 footer 1.0 (total 235.0)
Reply status: 1xx=0 2xx=14400 3xx=0 4xx=0 5xx=0

CPU time [s]: user 481.60 system 117.17 (user 80.3% system 19.5% total 99.8%)
Net I/O: 7.1 KB/s (0.1*10^6 bps)

Errors: total 0 client-timo 0 socket-timo 0 connrefused 0 connreset 0
Errors: fd-unavail 0 addrunavail 0 ftab-full 0 other 0

