httperf --verbose --hog --timeout=50 --client=0/1 --server=172.16.116.116 --port=8080 --uri=/ --rate=24 --send-buffer=4096 --recv-buffer=16384 --num-conns=14400 --num-calls=1
httperf: maximum number of open descriptors = 65535
Maximum connect burst length: 1

Connection lifetime histogram (time in ms):
             :
            10.5 83
            11.5 262
            12.5 204
            13.5 174
            14.5 239
            15.5 318
            16.5 378
            17.5 398
            18.5 373
            19.5 343
            20.5 304
            21.5 335
            22.5 329
            23.5 305
            24.5 264
            25.5 271
            26.5 265
            27.5 223
            28.5 224
            29.5 227
            30.5 212
            31.5 161
            32.5 179
            33.5 157
            34.5 157
            35.5 167
            36.5 151
            37.5 159
            38.5 157
            39.5 132
            40.5 110
            41.5 94
            42.5 114
            43.5 138
            44.5 123
            45.5 106
            46.5 100
            47.5 88
            48.5 91
            49.5 97
            50.5 92
            51.5 73
            52.5 68
            53.5 64
            54.5 90
            55.5 62
            56.5 56
            57.5 70
            58.5 41
            59.5 68
            60.5 48
            61.5 44
            62.5 50
            63.5 54
            64.5 49
            65.5 42
            66.5 27
            67.5 53
            68.5 45
            69.5 25
            70.5 26
            71.5 26
            72.5 35
            73.5 22
            74.5 20
            75.5 29
            76.5 29
            77.5 21
            78.5 23
            79.5 38
            80.5 21
            81.5 18
            82.5 24
            83.5 16
            84.5 11
            85.5 26
            86.5 18
            87.5 21
            88.5 14
            89.5 20
            90.5 18
            91.5 13
            92.5 20
            93.5 15
            94.5 16
            95.5 17
            96.5 13
            97.5 15
            98.5 19
            99.5 4
           100.5 17
           101.5 14
           102.5 14
           103.5 16
           104.5 20
           105.5 11
           106.5 24
           107.5 12
           108.5 8
           109.5 18
           110.5 8
           111.5 11
           112.5 10
           113.5 11
           114.5 13
           115.5 11
           116.5 13
           117.5 6
           118.5 9
           119.5 13
           120.5 9
           121.5 7
           122.5 16
           123.5 10
           124.5 12
           125.5 5
           126.5 7
           127.5 7
           128.5 8
           129.5 8
           130.5 4
           131.5 14
           132.5 6
           133.5 11
           134.5 11
           135.5 9
           136.5 9
           137.5 9
           138.5 6
           139.5 5
           140.5 6
           141.5 3
           142.5 9
           143.5 4
           144.5 5
           145.5 6
           146.5 3
           147.5 7
           148.5 10
           149.5 6
           150.5 7
           151.5 9
           152.5 7
           153.5 5
           154.5 9
           155.5 16
           156.5 7
           157.5 6
           158.5 5
           159.5 9
           160.5 11
           161.5 7
           162.5 6
           163.5 4
           164.5 3
           165.5 8
           166.5 6
           167.5 6
           168.5 5
           169.5 7
           170.5 7
           171.5 6
           172.5 8
           173.5 5
           174.5 8
           175.5 5
           176.5 1
           177.5 8
           178.5 13
           179.5 5
           180.5 8
           181.5 10
           182.5 3
           183.5 4
           184.5 8
           185.5 4
           186.5 8
           187.5 8
           188.5 13
           189.5 9
           190.5 3
           191.5 8
           192.5 10
           193.5 4
           194.5 6
           195.5 9
           196.5 15
           197.5 9
           198.5 5
           199.5 6
           200.5 9
           201.5 6
           202.5 6
           203.5 6
           204.5 8
           205.5 13
           206.5 12
           207.5 7
           208.5 7
           209.5 9
           210.5 12
           211.5 14
           212.5 13
           213.5 14
           214.5 10
           215.5 14
           216.5 6
           217.5 12
           218.5 12
           219.5 12
           220.5 13
           221.5 11
           222.5 16
           223.5 13
           224.5 17
           225.5 12
           226.5 4
           227.5 16
           228.5 9
           229.5 8
           230.5 8
           231.5 5
           232.5 8
           233.5 11
           234.5 3
           235.5 13
           236.5 13
           237.5 15
           238.5 12
           239.5 13
           240.5 15
           241.5 11
           242.5 5
           243.5 17
           244.5 12
           245.5 16
           246.5 10
           247.5 8
           248.5 10
           249.5 5
           250.5 15
           251.5 13
           252.5 19
           253.5 22
           254.5 15
           255.5 13
           256.5 14
           257.5 12
           258.5 12
           259.5 11
           260.5 14
           261.5 19
           262.5 22
           263.5 8
           264.5 20
           265.5 15
           266.5 13
           267.5 13
           268.5 18
           269.5 12
           270.5 12
           271.5 14
           272.5 17
           273.5 17
           274.5 19
           275.5 11
           276.5 25
           277.5 17
           278.5 21
           279.5 18
           280.5 16
           281.5 14
           282.5 15
           283.5 19
           284.5 9
           285.5 17
           286.5 11
           287.5 16
           288.5 8
           289.5 10
           290.5 18
           291.5 14
           292.5 11
           293.5 19
           294.5 14
           295.5 18
           296.5 15
           297.5 12
           298.5 19
           299.5 18
           300.5 18
           301.5 24
           302.5 16
           303.5 15
           304.5 9
           305.5 13
           306.5 17
           307.5 7
           308.5 9
           309.5 21
           310.5 14
           311.5 17
           312.5 20
           313.5 9
           314.5 15
           315.5 22
           316.5 8
           317.5 22
           318.5 15
           319.5 19
           320.5 18
           321.5 18
           322.5 17
           323.5 24
           324.5 19
           325.5 16
           326.5 18
           327.5 16
           328.5 18
           329.5 19
           330.5 6
           331.5 19
           332.5 17
           333.5 19
           334.5 11
           335.5 15
           336.5 15
           337.5 8
           338.5 12
           339.5 19
           340.5 19
           341.5 21
           342.5 16
           343.5 16
           344.5 15
           345.5 11
           346.5 16
           347.5 15
           348.5 13
           349.5 14
           350.5 18
           351.5 16
           352.5 19
           353.5 19
           354.5 28
           355.5 11
           356.5 15
           357.5 15
           358.5 11
           359.5 18
           360.5 18
           361.5 20
           362.5 14
           363.5 18
           364.5 17
           365.5 16
           366.5 16
           367.5 12
           368.5 13
           369.5 15
           370.5 13
           371.5 14
           372.5 17
           373.5 18
           374.5 13
           375.5 8
           376.5 18
           377.5 14
           378.5 11
           379.5 17
           380.5 15
           381.5 12
           382.5 16
           383.5 18
           384.5 7
           385.5 10
           386.5 12
           387.5 5
           388.5 15
           389.5 11
           390.5 13
           391.5 12
           392.5 14
           393.5 15
           394.5 10
           395.5 13
           396.5 15
           397.5 6
           398.5 9
           399.5 9
           400.5 5
           401.5 11
           402.5 14
           403.5 13
           404.5 2
           405.5 10
           406.5 14
           407.5 10
           408.5 12
           409.5 7
           410.5 7
           411.5 7
           412.5 6
           413.5 6
           414.5 9
           415.5 8
           416.5 6
           417.5 10
           418.5 9
           419.5 12
           420.5 12
           421.5 8
           422.5 7
           423.5 8
           424.5 9
           425.5 6
           426.5 11
           427.5 12
           428.5 9
           429.5 8
           430.5 8
           431.5 8
           432.5 11
           433.5 12
           434.5 5
           435.5 9
           436.5 6
           437.5 5
           438.5 10
           439.5 9
           440.5 3
           441.5 10
           442.5 7
           443.5 9
           444.5 12
           445.5 4
           446.5 7
           447.5 10
           448.5 10
           449.5 5
           450.5 7
           451.5 6
           452.5 7
           453.5 6
           454.5 7
           455.5 11
           456.5 10
           457.5 9
           458.5 6
           459.5 2
           460.5 3
           461.5 9
           462.5 6
           463.5 3
           464.5 6
           465.5 11
           466.5 3
           467.5 6
           468.5 10
           469.5 2
           470.5 5
           471.5 7
           472.5 8
           473.5 6
           474.5 2
           475.5 5
           476.5 5
           477.5 3
           478.5 3
           479.5 3
           480.5 1
           481.5 3
           482.5 3
             :
           484.5 3
           485.5 8
           486.5 5
           487.5 4
           488.5 3
           489.5 4
           490.5 2
           491.5 3
           492.5 3
           493.5 1
           494.5 4
           495.5 5
           496.5 3
           497.5 7
           498.5 4
           499.5 6
           500.5 6
           501.5 3
           502.5 1
           503.5 9
           504.5 2
           505.5 3
           506.5 4
           507.5 6
           508.5 1
           509.5 2
           510.5 1
           511.5 3
             :
           513.5 5
           514.5 3
           515.5 3
             :
           517.5 2
           518.5 3
           519.5 2
           520.5 1
           521.5 2
           522.5 1
           523.5 3
           524.5 3
           525.5 2
           526.5 2
           527.5 1
           528.5 1
           529.5 1
           530.5 1
           531.5 1
           532.5 1
           533.5 2
           534.5 1
           535.5 2
           536.5 1
           537.5 1
             :
           539.5 1
           540.5 1
           541.5 1
             :
           543.5 1
           544.5 4
           545.5 3
             :
           547.5 1
             :
           549.5 1
           550.5 1
           551.5 1
           552.5 2
             :
           556.5 1
             :
           561.5 2
           562.5 1
             :
           564.5 1
             :
           567.5 3
             :
           571.5 1
           572.5 1
           573.5 1
           574.5 1
             :
           580.5 1
           581.5 1
             :
           585.5 1
           586.5 1
             :
           588.5 1
           589.5 1
             :
           592.5 1
           593.5 1
             :
           595.5 1
             :
           597.5 1
           598.5 1
             :
           608.5 2
             :
           610.5 1
             :
           612.5 1
             :
           614.5 2
             :
           617.5 1
             :
           623.5 1
             :
           653.5 1
             :
           671.5 1
             :
           692.5 1
           693.5 1

Total: connections 14400 requests 14400 replies 14400 test-duration 600.252 s

Connection rate: 24.0 conn/s (41.7 ms/conn, <=13 concurrent connections)
Connection time [ms]: min 10.4 avg 116.5 max 693.2 median 40.5 stddev 138.8
Connection time [ms]: connect 0.9
Connection length [replies/conn]: 1.000

Request rate: 24.0 req/s (41.7 ms/req)
Request size [B]: 67.0

Reply rate [replies/s]: min 14.0 avg 24.0 max 35.0 stddev 3.4 (600 samples)
Percentages of the replies served at a given rate:
   50%: 23
   66%: 24
   75%: 25
   80%: 25
   90%: 27
   95%: 29
   98%: 31
   99%: 32
  100%: 35

Reply time [ms]: response 109.0 transfer 6.5
Percentages of the requests served within a certain time (ms) :
   50%: 37
   66%: 71
   75%: 187
   80%: 244
   90%: 334
   95%: 384
   98%: 441
   99%: 471
  100%: 675

Reply size [B]: header 162.0 content 72.0 footer 1.0 (total 235.0)
Reply status: 1xx=0 2xx=14400 3xx=0 4xx=0 5xx=0

CPU time [s]: user 467.16 system 131.81 (user 77.8% system 22.0% total 99.8%)
Net I/O: 7.1 KB/s (0.1*10^6 bps)

Errors: total 0 client-timo 0 socket-timo 0 connrefused 0 connreset 0
Errors: fd-unavail 0 addrunavail 0 ftab-full 0 other 0

