httperf --verbose --hog --timeout=50 --client=0/1 --server=172.16.116.116 --port=8080 --uri=/ --rate=24 --send-buffer=4096 --recv-buffer=16384 --num-conns=14400 --num-calls=1
httperf: maximum number of open descriptors = 65535
Maximum connect burst length: 1

Connection lifetime histogram (time in ms):
             :
            10.5 62
            11.5 229
            12.5 204
            13.5 257
            14.5 241
            15.5 320
            16.5 375
            17.5 307
            18.5 310
            19.5 265
            20.5 275
            21.5 279
            22.5 233
            23.5 227
            24.5 248
            25.5 257
            26.5 234
            27.5 223
            28.5 202
            29.5 231
            30.5 220
            31.5 199
            32.5 195
            33.5 227
            34.5 146
            35.5 136
            36.5 145
            37.5 154
            38.5 145
            39.5 125
            40.5 127
            41.5 117
            42.5 132
            43.5 121
            44.5 120
            45.5 103
            46.5 108
            47.5 106
            48.5 95
            49.5 90
            50.5 82
            51.5 78
            52.5 81
            53.5 68
            54.5 47
            55.5 73
            56.5 62
            57.5 64
            58.5 57
            59.5 55
            60.5 55
            61.5 57
            62.5 48
            63.5 48
            64.5 45
            65.5 35
            66.5 41
            67.5 40
            68.5 22
            69.5 32
            70.5 36
            71.5 31
            72.5 33
            73.5 25
            74.5 27
            75.5 15
            76.5 26
            77.5 25
            78.5 28
            79.5 29
            80.5 23
            81.5 13
            82.5 20
            83.5 16
            84.5 14
            85.5 14
            86.5 14
            87.5 21
            88.5 10
            89.5 17
            90.5 11
            91.5 17
            92.5 12
            93.5 19
            94.5 27
            95.5 21
            96.5 10
            97.5 21
            98.5 14
            99.5 18
           100.5 13
           101.5 17
           102.5 16
           103.5 13
           104.5 9
           105.5 13
           106.5 11
           107.5 12
           108.5 12
           109.5 13
           110.5 6
           111.5 16
           112.5 9
           113.5 7
           114.5 8
           115.5 16
           116.5 11
           117.5 14
           118.5 15
           119.5 11
           120.5 11
           121.5 10
           122.5 10
           123.5 9
           124.5 7
           125.5 8
           126.5 12
           127.5 13
           128.5 10
           129.5 10
           130.5 9
           131.5 7
           132.5 8
           133.5 8
           134.5 10
           135.5 6
           136.5 10
           137.5 9
           138.5 7
           139.5 5
           140.5 12
           141.5 10
           142.5 11
           143.5 10
           144.5 8
           145.5 7
           146.5 9
           147.5 2
           148.5 4
           149.5 12
           150.5 10
           151.5 8
           152.5 5
           153.5 5
           154.5 6
           155.5 11
           156.5 13
           157.5 9
           158.5 6
           159.5 3
           160.5 9
           161.5 6
           162.5 6
           163.5 7
           164.5 6
           165.5 3
           166.5 4
           167.5 8
           168.5 7
           169.5 5
           170.5 12
           171.5 13
           172.5 8
           173.5 11
           174.5 9
           175.5 8
           176.5 5
           177.5 12
           178.5 7
           179.5 6
           180.5 6
           181.5 11
           182.5 6
           183.5 10
           184.5 10
           185.5 9
           186.5 5
           187.5 5
           188.5 9
           189.5 8
           190.5 5
           191.5 7
           192.5 7
           193.5 11
           194.5 5
           195.5 11
           196.5 5
           197.5 6
           198.5 14
           199.5 17
           200.5 9
           201.5 16
           202.5 10
           203.5 5
           204.5 11
           205.5 22
           206.5 11
           207.5 11
           208.5 10
           209.5 11
           210.5 11
           211.5 11
           212.5 12
           213.5 8
           214.5 10
           215.5 17
           216.5 10
           217.5 14
           218.5 16
           219.5 13
           220.5 13
           221.5 11
           222.5 10
           223.5 7
           224.5 20
           225.5 8
           226.5 16
           227.5 12
           228.5 11
           229.5 14
           230.5 19
           231.5 9
           232.5 12
           233.5 16
           234.5 12
           235.5 13
           236.5 10
           237.5 14
           238.5 7
           239.5 13
           240.5 15
           241.5 18
           242.5 15
           243.5 11
           244.5 14
           245.5 16
           246.5 18
           247.5 19
           248.5 22
           249.5 16
           250.5 17
           251.5 8
           252.5 15
           253.5 16
           254.5 14
           255.5 12
           256.5 20
           257.5 15
           258.5 20
           259.5 18
           260.5 18
           261.5 14
           262.5 18
           263.5 14
           264.5 13
           265.5 16
           266.5 13
           267.5 19
           268.5 12
           269.5 25
           270.5 17
           271.5 12
           272.5 21
           273.5 20
           274.5 14
           275.5 10
           276.5 13
           277.5 21
           278.5 17
           279.5 10
           280.5 18
           281.5 22
           282.5 15
           283.5 16
           284.5 18
           285.5 24
           286.5 23
           287.5 14
           288.5 32
           289.5 18
           290.5 17
           291.5 20
           292.5 24
           293.5 18
           294.5 18
           295.5 23
           296.5 16
           297.5 13
           298.5 22
           299.5 19
           300.5 15
           301.5 14
           302.5 22
           303.5 23
           304.5 11
           305.5 15
           306.5 22
           307.5 19
           308.5 16
           309.5 19
           310.5 13
           311.5 24
           312.5 15
           313.5 18
           314.5 9
           315.5 11
           316.5 19
           317.5 26
           318.5 16
           319.5 14
           320.5 19
           321.5 21
           322.5 19
           323.5 13
           324.5 11
           325.5 15
           326.5 24
           327.5 17
           328.5 21
           329.5 19
           330.5 19
           331.5 14
           332.5 19
           333.5 24
           334.5 10
           335.5 15
           336.5 12
           337.5 21
           338.5 11
           339.5 15
           340.5 15
           341.5 14
           342.5 15
           343.5 15
           344.5 14
           345.5 16
           346.5 23
           347.5 19
           348.5 15
           349.5 18
           350.5 20
           351.5 16
           352.5 17
           353.5 28
           354.5 10
           355.5 15
           356.5 14
           357.5 17
           358.5 19
           359.5 25
           360.5 11
           361.5 13
           362.5 19
           363.5 15
           364.5 26
           365.5 16
           366.5 17
           367.5 20
           368.5 12
           369.5 13
           370.5 11
           371.5 13
           372.5 15
           373.5 13
           374.5 10
           375.5 9
           376.5 16
           377.5 16
           378.5 15
           379.5 14
           380.5 12
           381.5 17
           382.5 11
           383.5 17
           384.5 15
           385.5 12
           386.5 17
           387.5 7
           388.5 16
           389.5 14
           390.5 5
           391.5 17
           392.5 8
           393.5 16
           394.5 14
           395.5 9
           396.5 10
           397.5 16
           398.5 12
           399.5 15
           400.5 12
           401.5 10
           402.5 13
           403.5 8
           404.5 10
           405.5 14
           406.5 8
           407.5 8
           408.5 5
           409.5 11
           410.5 13
           411.5 15
           412.5 10
           413.5 7
           414.5 10
           415.5 5
           416.5 10
           417.5 9
           418.5 13
           419.5 12
           420.5 11
           421.5 11
           422.5 12
           423.5 6
           424.5 15
           425.5 19
           426.5 6
           427.5 9
           428.5 10
           429.5 14
           430.5 3
           431.5 8
           432.5 9
           433.5 10
           434.5 7
           435.5 4
           436.5 15
           437.5 14
           438.5 8
           439.5 11
           440.5 5
           441.5 6
           442.5 11
           443.5 6
           444.5 8
           445.5 7
           446.5 9
           447.5 12
           448.5 8
           449.5 6
           450.5 5
           451.5 5
           452.5 4
           453.5 6
           454.5 5
           455.5 7
           456.5 5
           457.5 8
           458.5 6
           459.5 6
           460.5 6
           461.5 2
           462.5 2
           463.5 12
           464.5 4
           465.5 9
           466.5 6
           467.5 4
           468.5 7
           469.5 4
           470.5 4
           471.5 5
           472.5 1
           473.5 7
           474.5 7
           475.5 6
           476.5 9
           477.5 5
           478.5 4
           479.5 4
           480.5 5
           481.5 2
           482.5 7
           483.5 4
           484.5 7
           485.5 6
           486.5 6
           487.5 5
           488.5 5
           489.5 7
           490.5 3
           491.5 7
           492.5 5
           493.5 8
           494.5 3
           495.5 2
           496.5 6
           497.5 3
           498.5 4
           499.5 3
           500.5 6
           501.5 2
           502.5 4
           503.5 5
           504.5 1
           505.5 5
           506.5 5
           507.5 5
           508.5 7
           509.5 3
           510.5 5
           511.5 3
           512.5 2
           513.5 2
           514.5 2
           515.5 2
           516.5 2
           517.5 3
           518.5 3
             :
           520.5 4
           521.5 2
           522.5 2
           523.5 2
           524.5 2
           525.5 6
             :
           527.5 1
           528.5 3
           529.5 1
           530.5 1
           531.5 3
           532.5 1
           533.5 3
           534.5 1
           535.5 1
             :
           537.5 2
           538.5 1
           539.5 3
           540.5 1
           541.5 2
             :
           543.5 1
             :
           545.5 1
           546.5 1
           547.5 3
             :
           549.5 1
           550.5 2
           551.5 1
           552.5 1
           553.5 2
             :
           555.5 2
           556.5 3
           557.5 1
             :
           559.5 1
             :
           562.5 1
           563.5 2
           564.5 2
           565.5 1
           566.5 3
             :
           568.5 2
           569.5 1
           570.5 3
           571.5 1
           572.5 1
           573.5 1
             :
           577.5 1
             :
           579.5 1
             :
           581.5 1
           582.5 1
             :
           585.5 1
           586.5 2
           587.5 1
             :
           589.5 1
           590.5 1
             :
           592.5 1
             :
           597.5 1
             :
           599.5 1
             :
           602.5 1
             :
           608.5 2
             :
           618.5 2
             :
           620.5 1
             :
           623.5 1
             :
           627.5 1
             :
           630.5 1
             :
           632.5 1
             :
           635.5 1
             :
           646.5 1
             :
           666.5 1
             :
           673.5 1
             :
           692.5 1

Total: connections 14400 requests 14400 replies 14399 test-duration 599.988 s

Connection rate: 24.0 conn/s (41.7 ms/conn, <=14 concurrent connections)
Connection time [ms]: min 10.3 avg 125.8 max 692.6 median 44.5 stddev 143.2
Connection time [ms]: connect 0.9
Connection length [replies/conn]: 1.000

Request rate: 24.0 req/s (41.7 ms/req)
Request size [B]: 67.0

Reply rate [replies/s]: min 13.0 avg 24.0 max 35.0 stddev 3.3 (599 samples)
Percentages of the replies served at a given rate:
   50%: 23
   66%: 24
   75%: 25
   80%: 25
   90%: 27
   95%: 29
   98%: 31
   99%: 32
  100%: 35

Reply time [ms]: response 117.7 transfer 7.1
Percentages of the requests served within a certain time (ms) :
   50%: 41
   66%: 95
   75%: 217
   80%: 260
   90%: 341
   95%: 394
   98%: 449
   99%: 483
  100%: 672

Reply size [B]: header 162.0 content 72.0 footer 1.0 (total 235.0)
Reply status: 1xx=0 2xx=14399 3xx=0 4xx=0 5xx=0

CPU time [s]: user 464.46 system 134.30 (user 77.4% system 22.4% total 99.8%)
Net I/O: 7.1 KB/s (0.1*10^6 bps)

Errors: total 1 client-timo 0 socket-timo 0 connrefused 0 connreset 1
Errors: fd-unavail 0 addrunavail 0 ftab-full 0 other 0

