httperf --verbose --hog --timeout=50 --client=0/1 --server=172.16.116.116 --port=8080 --uri=/ --rate=24 --send-buffer=4096 --recv-buffer=16384 --num-conns=14400 --num-calls=1
httperf: maximum number of open descriptors = 65535
Maximum connect burst length: 1

Connection lifetime histogram (time in ms):
             :
            10.5 99
            11.5 341
            12.5 263
            13.5 260
            14.5 262
            15.5 351
            16.5 373
            17.5 325
            18.5 354
            19.5 320
            20.5 295
            21.5 265
            22.5 269
            23.5 238
            24.5 258
            25.5 242
            26.5 212
            27.5 192
            28.5 220
            29.5 193
            30.5 175
            31.5 177
            32.5 210
            33.5 173
            34.5 182
            35.5 177
            36.5 185
            37.5 123
            38.5 135
            39.5 136
            40.5 131
            41.5 118
            42.5 119
            43.5 123
            44.5 113
            45.5 90
            46.5 92
            47.5 85
            48.5 79
            49.5 70
            50.5 72
            51.5 65
            52.5 70
            53.5 66
            54.5 68
            55.5 75
            56.5 51
            57.5 51
            58.5 60
            59.5 48
            60.5 47
            61.5 41
            62.5 46
            63.5 43
            64.5 35
            65.5 42
            66.5 38
            67.5 41
            68.5 23
            69.5 48
            70.5 36
            71.5 24
            72.5 34
            73.5 23
            74.5 21
            75.5 27
            76.5 20
            77.5 26
            78.5 20
            79.5 23
            80.5 21
            81.5 19
            82.5 17
            83.5 23
            84.5 16
            85.5 21
            86.5 20
            87.5 11
            88.5 11
            89.5 14
            90.5 9
            91.5 15
            92.5 15
            93.5 16
            94.5 15
            95.5 18
            96.5 14
            97.5 11
            98.5 19
            99.5 17
           100.5 18
           101.5 14
           102.5 10
           103.5 15
           104.5 8
           105.5 19
           106.5 12
           107.5 15
           108.5 15
           109.5 11
           110.5 8
           111.5 11
           112.5 12
           113.5 11
           114.5 8
           115.5 9
           116.5 9
           117.5 11
           118.5 5
           119.5 10
           120.5 13
           121.5 9
           122.5 8
           123.5 9
           124.5 8
           125.5 10
           126.5 9
           127.5 12
           128.5 10
           129.5 9
           130.5 9
           131.5 5
           132.5 7
           133.5 18
           134.5 7
           135.5 11
           136.5 11
           137.5 7
           138.5 6
           139.5 3
           140.5 5
           141.5 7
           142.5 10
           143.5 6
           144.5 10
           145.5 7
           146.5 13
           147.5 9
           148.5 6
           149.5 5
           150.5 7
           151.5 4
           152.5 9
           153.5 7
           154.5 8
           155.5 6
           156.5 9
           157.5 6
           158.5 5
           159.5 10
           160.5 10
           161.5 7
           162.5 6
           163.5 7
           164.5 11
           165.5 7
           166.5 8
           167.5 8
           168.5 8
           169.5 2
           170.5 7
           171.5 8
           172.5 7
           173.5 3
           174.5 9
           175.5 7
           176.5 11
           177.5 6
           178.5 7
           179.5 11
           180.5 7
           181.5 5
           182.5 7
           183.5 8
           184.5 7
           185.5 8
           186.5 8
           187.5 11
           188.5 6
           189.5 2
           190.5 9
           191.5 7
           192.5 15
           193.5 8
           194.5 8
           195.5 9
           196.5 8
           197.5 14
           198.5 13
           199.5 10
           200.5 13
           201.5 6
           202.5 11
           203.5 20
           204.5 12
           205.5 23
           206.5 13
           207.5 10
           208.5 15
           209.5 11
           210.5 17
           211.5 8
           212.5 9
           213.5 14
           214.5 20
           215.5 6
           216.5 11
           217.5 9
           218.5 9
           219.5 7
           220.5 8
           221.5 7
           222.5 7
           223.5 10
           224.5 8
           225.5 15
           226.5 12
           227.5 13
           228.5 14
           229.5 10
           230.5 10
           231.5 14
           232.5 8
           233.5 9
           234.5 7
           235.5 10
           236.5 10
           237.5 7
           238.5 15
           239.5 11
           240.5 14
           241.5 15
           242.5 16
           243.5 8
           244.5 13
           245.5 13
           246.5 11
           247.5 11
           248.5 16
           249.5 8
           250.5 13
           251.5 8
           252.5 14
           253.5 14
           254.5 18
           255.5 15
           256.5 14
           257.5 14
           258.5 11
           259.5 12
           260.5 13
           261.5 18
           262.5 15
           263.5 17
           264.5 17
           265.5 13
           266.5 13
           267.5 12
           268.5 17
           269.5 19
           270.5 10
           271.5 9
           272.5 13
           273.5 21
           274.5 12
           275.5 14
           276.5 10
           277.5 27
           278.5 23
           279.5 27
           280.5 13
           281.5 21
           282.5 15
           283.5 27
           284.5 22
           285.5 20
           286.5 18
           287.5 15
           288.5 12
           289.5 21
           290.5 14
           291.5 15
           292.5 18
           293.5 13
           294.5 22
           295.5 15
           296.5 20
           297.5 13
           298.5 21
           299.5 13
           300.5 17
           301.5 21
           302.5 17
           303.5 19
           304.5 12
           305.5 18
           306.5 12
           307.5 14
           308.5 21
           309.5 17
           310.5 16
           311.5 16
           312.5 16
           313.5 16
           314.5 9
           315.5 18
           316.5 17
           317.5 20
           318.5 16
           319.5 11
           320.5 14
           321.5 11
           322.5 21
           323.5 30
           324.5 31
           325.5 18
           326.5 25
           327.5 23
           328.5 19
           329.5 17
           330.5 11
           331.5 23
           332.5 19
           333.5 26
           334.5 13
           335.5 20
           336.5 19
           337.5 10
           338.5 21
           339.5 9
           340.5 21
           341.5 11
           342.5 11
           343.5 23
           344.5 18
           345.5 19
           346.5 19
           347.5 20
           348.5 13
           349.5 16
           350.5 19
           351.5 17
           352.5 9
           353.5 17
           354.5 16
           355.5 13
           356.5 20
           357.5 24
           358.5 9
           359.5 21
           360.5 17
           361.5 27
           362.5 15
           363.5 20
           364.5 22
           365.5 18
           366.5 23
           367.5 17
           368.5 12
           369.5 17
           370.5 17
           371.5 15
           372.5 15
           373.5 18
           374.5 18
           375.5 16
           376.5 11
           377.5 11
           378.5 10
           379.5 11
           380.5 15
           381.5 15
           382.5 8
           383.5 15
           384.5 12
           385.5 11
           386.5 12
           387.5 17
           388.5 11
           389.5 12
           390.5 12
           391.5 7
           392.5 13
           393.5 20
           394.5 12
           395.5 10
           396.5 23
           397.5 19
           398.5 8
           399.5 17
           400.5 12
           401.5 10
           402.5 14
           403.5 11
           404.5 12
           405.5 13
           406.5 8
           407.5 7
           408.5 12
           409.5 5
           410.5 4
           411.5 8
           412.5 13
           413.5 10
           414.5 9
           415.5 11
           416.5 8
           417.5 10
           418.5 9
           419.5 8
           420.5 7
           421.5 11
           422.5 5
           423.5 10
           424.5 13
           425.5 13
           426.5 7
           427.5 10
           428.5 14
           429.5 9
           430.5 10
           431.5 9
           432.5 11
           433.5 9
           434.5 8
           435.5 8
           436.5 7
           437.5 8
           438.5 11
           439.5 14
           440.5 6
           441.5 11
           442.5 8
           443.5 10
           444.5 6
           445.5 9
           446.5 7
           447.5 8
           448.5 5
           449.5 10
           450.5 10
           451.5 6
           452.5 6
           453.5 4
           454.5 4
           455.5 9
           456.5 6
           457.5 8
           458.5 5
           459.5 10
           460.5 3
           461.5 4
           462.5 6
           463.5 7
           464.5 5
           465.5 3
           466.5 10
           467.5 4
           468.5 6
           469.5 4
           470.5 5
           471.5 6
           472.5 9
           473.5 4
           474.5 6
           475.5 3
           476.5 3
           477.5 2
           478.5 8
           479.5 5
           480.5 8
           481.5 2
           482.5 5
           483.5 1
           484.5 2
           485.5 5
           486.5 4
           487.5 5
           488.5 5
           489.5 5
           490.5 7
           491.5 4
           492.5 2
           493.5 3
           494.5 6
           495.5 4
           496.5 2
           497.5 5
           498.5 1
           499.5 3
           500.5 4
             :
           502.5 3
           503.5 3
           504.5 2
           505.5 3
           506.5 4
           507.5 2
           508.5 6
           509.5 3
           510.5 2
           511.5 2
           512.5 2
           513.5 1
           514.5 1
           515.5 4
           516.5 3
           517.5 2
           518.5 2
           519.5 2
           520.5 1
           521.5 2
           522.5 3
           523.5 3
           524.5 2
           525.5 1
             :
           530.5 4
             :
           532.5 2
           533.5 2
           534.5 2
           535.5 5
           536.5 2
           537.5 2
           538.5 3
           539.5 1
             :
           541.5 1
             :
           543.5 1
           544.5 1
           545.5 1
           546.5 1
           547.5 1
           548.5 2
           549.5 1
           550.5 2
           551.5 3
           552.5 3
           553.5 1
           554.5 1
             :
           556.5 1
           557.5 1
             :
           561.5 1
           562.5 2
           563.5 1
           564.5 2
           565.5 1
           566.5 3
             :
           570.5 1
           571.5 4
             :
           573.5 2
           574.5 2
           575.5 1
           576.5 1
           577.5 1
           578.5 1
             :
           581.5 1
           582.5 1
           583.5 2
             :
           588.5 1
             :
           591.5 1
           592.5 1
           593.5 1
           594.5 3
             :
           600.5 1
             :
           603.5 1
             :
           607.5 1
           608.5 1
             :
           612.5 2
             :
           618.5 1
           619.5 1
             :
           633.5 1
             :
           639.5 1
           640.5 1
             :
           642.5 1
             :
           659.5 1
             :
           687.5 1

Total: connections 14400 requests 14400 replies 14398 test-duration 599.986 s

Connection rate: 24.0 conn/s (41.7 ms/conn, <=13 concurrent connections)
Connection time [ms]: min 10.3 avg 122.6 max 687.2 median 41.5 stddev 142.7
Connection time [ms]: connect 0.9
Connection length [replies/conn]: 1.000

Request rate: 24.0 req/s (41.7 ms/req)
Request size [B]: 67.0

Reply rate [replies/s]: min 13.0 avg 24.0 max 34.0 stddev 3.5 (599 samples)
Percentages of the replies served at a given rate:
   50%: 23
   66%: 24
   75%: 25
   80%: 26
   90%: 28
   95%: 29
   98%: 31
   99%: 32
  100%: 34

Reply time [ms]: response 114.5 transfer 7.1
Percentages of the requests served within a certain time (ms) :
   50%: 38
   66%: 85
   75%: 208
   80%: 257
   90%: 339
   95%: 391
   98%: 445
   99%: 476
  100%: 686

Reply size [B]: header 162.0 content 72.0 footer 1.0 (total 235.0)
Reply status: 1xx=0 2xx=14398 3xx=0 4xx=0 5xx=0

CPU time [s]: user 465.77 system 132.92 (user 77.6% system 22.2% total 99.8%)
Net I/O: 7.1 KB/s (0.1*10^6 bps)

Errors: total 2 client-timo 0 socket-timo 0 connrefused 0 connreset 2
Errors: fd-unavail 0 addrunavail 0 ftab-full 0 other 0

