httperf --verbose --hog --timeout=50 --client=0/1 --server=172.16.116.116 --port=8080 --uri=/ --rate=16 --send-buffer=4096 --recv-buffer=16384 --num-conns=4800 --num-calls=1
httperf: maximum number of open descriptors = 65535
Maximum connect burst length: 1

Connection lifetime histogram (time in ms):
             :
             9.5 3
            10.5 291
            11.5 898
            12.5 639
            13.5 472
            14.5 402
            15.5 431
            16.5 427
            17.5 275
            18.5 226
            19.5 130
            20.5 104
            21.5 83
            22.5 89
            23.5 55
            24.5 36
            25.5 17
            26.5 19
            27.5 18
            28.5 12
            29.5 14
            30.5 4
            31.5 4
            32.5 6
            33.5 6
            34.5 4
            35.5 4
            36.5 3
            37.5 7
            38.5 1
            39.5 1
             :
            42.5 1
            43.5 1
             :
            45.5 1
            46.5 1
            47.5 1
             :
            52.5 1
             :
            54.5 1
            55.5 2
             :
            64.5 1
             :
            74.5 2
             :
            77.5 1
            78.5 1
             :
            81.5 1
            82.5 1
             :
            84.5 1
             :
            86.5 1
            87.5 2
             :
            99.5 1
             :
           113.5 2
             :
           127.5 1
             :
           130.5 1
             :
           142.5 1
           143.5 1
           144.5 1
             :
           146.5 1
             :
           150.5 1
             :
           152.5 1
             :
           155.5 1
           156.5 1
             :
           159.5 1
             :
           161.5 3
             :
           166.5 2
             :
           172.5 2
           173.5 3
           174.5 1
             :
           178.5 4
             :
           183.5 2
             :
           185.5 2
           186.5 1
             :
           188.5 1
             :
           194.5 1
           195.5 1
             :
           198.5 1
             :
           205.5 1
             :
           209.5 1
             :
           212.5 2
           213.5 2
             :
           216.5 1
             :
           218.5 2
           219.5 1
           220.5 1
           221.5 2
           222.5 1
           223.5 2
           224.5 1
             :
           228.5 2
           229.5 1
             :
           232.5 2
             :
           236.5 1
           237.5 1
             :
           239.5 2
             :
           245.5 1
             :
           248.5 2
             :
           250.5 2
             :
           254.5 1
             :
           263.5 2
             :
           266.5 1
             :
           273.5 1
             :
           278.5 1
           279.5 1
             :
           282.5 2
             :
           285.5 1
             :
           289.5 2
           290.5 1
             :
           298.5 1
           299.5 1
             :
           301.5 1
             :
           320.5 1
             :
           323.5 1
             :
           326.5 1
             :
           333.5 1
             :
           339.5 1
             :
           341.5 1
             :
           350.5 1
           351.5 1
           352.5 1
             :
           365.5 1
             :
           370.5 1
           371.5 1
             :
           394.5 1
             :
           396.5 1

Total: connections 4800 requests 4800 replies 4800 test-duration 299.974 s

Connection rate: 16.0 conn/s (62.5 ms/conn, <=3 concurrent connections)
Connection time [ms]: min 9.9 avg 19.7 max 396.6 median 14.5 stddev 32.4
Connection time [ms]: connect 0.7
Connection length [replies/conn]: 1.000

Request rate: 16.0 req/s (62.5 ms/req)
Request size [B]: 67.0

Reply rate [replies/s]: min 15.0 avg 16.0 max 17.0 stddev 0.4 (299 samples)
Percentages of the replies served at a given rate:
   50%: 15
   66%: 15
   75%: 15
   80%: 15
   90%: 15
   95%: 16
   98%: 16
   99%: 16
  100%: 17

Reply time [ms]: response 18.1 transfer 0.7
Percentages of the requests served within a certain time (ms) :
   50%: 12
   66%: 14
   75%: 15
   80%: 16
   90%: 19
   95%: 23
   98%: 112
   99%: 208
  100%: 393

Reply size [B]: header 162.0 content 72.0 footer 1.0 (total 235.0)
Reply status: 1xx=0 2xx=4800 3xx=0 4xx=0 5xx=0

CPU time [s]: user 249.00 system 50.47 (user 83.0% system 16.8% total 99.8%)
Net I/O: 4.7 KB/s (0.0*10^6 bps)

Errors: total 0 client-timo 0 socket-timo 0 connrefused 0 connreset 0
Errors: fd-unavail 0 addrunavail 0 ftab-full 0 other 0

