httperf --verbose --hog --timeout=50 --client=0/1 --server=172.16.116.116 --port=8080 --uri=/ --rate=16 --send-buffer=4096 --recv-buffer=16384 --num-conns=4800 --num-calls=1
httperf: maximum number of open descriptors = 65535
Maximum connect burst length: 1

Connection lifetime histogram (time in ms):
             :
             9.5 4
            10.5 444
            11.5 1006
            12.5 671
            13.5 525
            14.5 392
            15.5 439
            16.5 368
            17.5 209
            18.5 157
            19.5 130
            20.5 107
            21.5 110
            22.5 57
            23.5 31
            24.5 23
            25.5 8
            26.5 6
            27.5 5
            28.5 4
            29.5 2
            30.5 2
            31.5 3
            32.5 1
             :
            39.5 2
             :
            58.5 1
             :
            66.5 1
             :
            84.5 1
             :
            86.5 1
             :
            88.5 1
             :
            95.5 1
             :
           102.5 1
             :
           104.5 1
             :
           109.5 1
             :
           112.5 1
             :
           115.5 1
             :
           120.5 1
             :
           122.5 1
             :
           129.5 1
             :
           132.5 1
             :
           136.5 1
           137.5 1
             :
           143.5 1
             :
           151.5 1
             :
           154.5 1
             :
           156.5 1
             :
           161.5 1
             :
           164.5 1
             :
           172.5 1
           173.5 1
           174.5 1
           175.5 1
           176.5 2
           177.5 1
             :
           181.5 2
             :
           191.5 3
             :
           195.5 2
             :
           198.5 2
             :
           204.5 1
             :
           206.5 1
             :
           211.5 1
           212.5 1
           213.5 1
           214.5 2
             :
           217.5 1
           218.5 2
             :
           223.5 1
             :
           227.5 1
             :
           234.5 1
             :
           239.5 1
             :
           241.5 1
           242.5 1
           243.5 2
             :
           246.5 1
             :
           248.5 1
           249.5 1
             :
           251.5 1
             :
           253.5 1
           254.5 1
           255.5 1
           256.5 2
             :
           259.5 1
           260.5 1
             :
           263.5 1
           264.5 1
             :
           272.5 1
             :
           284.5 1
             :
           286.5 1
             :
           294.5 1
           295.5 1
           296.5 1
           297.5 1
             :
           302.5 1
             :
           305.5 1
             :
           307.5 1
             :
           311.5 1
             :
           315.5 1
             :
           318.5 1
           319.5 1
             :
           321.5 1
             :
           329.5 1
             :
           333.5 1
             :
           339.5 1
             :
           355.5 1
           356.5 1
             :
           361.5 1
             :
           370.5 1
             :
           373.5 1
             :
           437.5 1

Total: connections 4800 requests 4800 replies 4800 test-duration 299.953 s

Connection rate: 16.0 conn/s (62.5 ms/conn, <=3 concurrent connections)
Connection time [ms]: min 9.9 avg 18.4 max 437.2 median 13.5 stddev 30.9
Connection time [ms]: connect 0.7
Connection length [replies/conn]: 1.000

Request rate: 16.0 req/s (62.5 ms/req)
Request size [B]: 67.0

Reply rate [replies/s]: min 15.0 avg 16.0 max 17.0 stddev 0.3 (299 samples)
Percentages of the replies served at a given rate:
   50%: 15
   66%: 15
   75%: 15
   80%: 15
   90%: 15
   95%: 16
   98%: 16
   99%: 16
  100%: 17

Reply time [ms]: response 17.0 transfer 0.6
Percentages of the requests served within a certain time (ms) :
   50%: 12
   66%: 13
   75%: 14
   80%: 15
   90%: 18
   95%: 20
   98%: 30
   99%: 205
  100%: 436

Reply size [B]: header 162.0 content 72.0 footer 1.0 (total 235.0)
Reply status: 1xx=0 2xx=4800 3xx=0 4xx=0 5xx=0

CPU time [s]: user 252.75 system 46.67 (user 84.3% system 15.6% total 99.8%)
Net I/O: 4.7 KB/s (0.0*10^6 bps)

Errors: total 0 client-timo 0 socket-timo 0 connrefused 0 connreset 0
Errors: fd-unavail 0 addrunavail 0 ftab-full 0 other 0

