httperf --verbose --hog --timeout=50 --client=0/1 --server=172.16.116.116 --port=8080 --uri=/ --rate=16 --send-buffer=4096 --recv-buffer=16384 --num-conns=4800 --num-calls=1
httperf: maximum number of open descriptors = 65535
Maximum connect burst length: 1

Connection lifetime histogram (time in ms):
             :
            10.5 178
            11.5 818
            12.5 668
            13.5 434
            14.5 419
            15.5 418
            16.5 468
            17.5 318
            18.5 227
            19.5 154
            20.5 135
            21.5 83
            22.5 72
            23.5 59
            24.5 35
            25.5 25
            26.5 18
            27.5 14
            28.5 18
            29.5 23
            30.5 11
            31.5 7
            32.5 4
            33.5 7
            34.5 8
            35.5 7
            36.5 3
             :
            38.5 1
            39.5 4
            40.5 2
             :
            43.5 2
             :
            52.5 1
             :
            55.5 1
             :
            60.5 1
            61.5 1
             :
            67.5 1
            68.5 1
             :
            76.5 1
            77.5 4
             :
            80.5 1
            81.5 1
             :
            83.5 1
             :
            85.5 2
             :
            96.5 1
             :
            99.5 1
             :
           102.5 1
             :
           104.5 1
             :
           108.5 1
             :
           117.5 1
           118.5 1
           119.5 1
             :
           121.5 1
             :
           127.5 1
             :
           135.5 1
             :
           137.5 1
           138.5 1
             :
           140.5 1
           141.5 1
           142.5 1
             :
           146.5 2
           147.5 2
             :
           149.5 2
           150.5 1
           151.5 1
           152.5 1
           153.5 1
           154.5 1
             :
           160.5 1
           161.5 1
           162.5 1
           163.5 1
             :
           167.5 1
           168.5 1
           169.5 1
           170.5 2
           171.5 1
             :
           173.5 1
             :
           175.5 1
             :
           182.5 1
           183.5 1
             :
           186.5 1
           187.5 1
           188.5 1
             :
           190.5 2
           191.5 2
           192.5 1
             :
           194.5 3
           195.5 1
           196.5 3
             :
           198.5 1
           199.5 2
           200.5 1
           201.5 2
           202.5 2
             :
           204.5 1
             :
           208.5 2
           209.5 2
             :
           214.5 1
             :
           216.5 1
             :
           218.5 1
           219.5 1
           220.5 2
             :
           222.5 1
             :
           224.5 2
           225.5 2
             :
           235.5 1
           236.5 1
             :
           238.5 1
             :
           240.5 1
             :
           242.5 1
           243.5 1
             :
           247.5 1
             :
           249.5 1
           250.5 1
             :
           252.5 2
           253.5 1
           254.5 1
             :
           257.5 2
           258.5 3
           259.5 1
           260.5 1
           261.5 1
           262.5 1
             :
           264.5 1
             :
           270.5 1
             :
           272.5 1
           273.5 1
           274.5 2
           275.5 1
             :
           282.5 1
             :
           284.5 1
           285.5 2
           286.5 1
             :
           288.5 1
             :
           293.5 1
             :
           299.5 1
             :
           303.5 1
             :
           306.5 2
             :
           314.5 1
             :
           319.5 1
             :
           321.5 1
           322.5 1
             :
           328.5 1
             :
           336.5 1
             :
           341.5 1
             :
           350.5 1
             :
           352.5 1
             :
           357.5 2
             :
           365.5 1
           366.5 1
             :
           372.5 1
             :
           374.5 1
           375.5 1
             :
           379.5 1
           380.5 1
             :
           384.5 1
           385.5 1
             :
           393.5 1
             :
           396.5 1
             :
           414.5 1
             :
           601.5 1

Total: connections 4800 requests 4800 replies 4800 test-duration 300.132 s

Connection rate: 16.0 conn/s (62.5 ms/conn, <=3 concurrent connections)
Connection time [ms]: min 10.0 avg 22.1 max 601.7 median 14.5 stddev 40.0
Connection time [ms]: connect 0.7
Connection length [replies/conn]: 1.000

Request rate: 16.0 req/s (62.5 ms/req)
Request size [B]: 67.0

Reply rate [replies/s]: min 14.0 avg 16.0 max 18.0 stddev 0.5 (300 samples)
Percentages of the replies served at a given rate:
   50%: 15
   66%: 15
   75%: 15
   80%: 15
   90%: 16
   95%: 16
   98%: 16
   99%: 16
  100%: 18

Reply time [ms]: response 20.3 transfer 1.1
Percentages of the requests served within a certain time (ms) :
   50%: 13
   66%: 15
   75%: 16
   80%: 16
   90%: 19
   95%: 25
   98%: 179
   99%: 243
  100%: 553

Reply size [B]: header 162.0 content 72.0 footer 1.0 (total 235.0)
Reply status: 1xx=0 2xx=4800 3xx=0 4xx=0 5xx=0

CPU time [s]: user 252.54 system 47.03 (user 84.1% system 15.7% total 99.8%)
Net I/O: 4.7 KB/s (0.0*10^6 bps)

Errors: total 0 client-timo 0 socket-timo 0 connrefused 0 connreset 0
Errors: fd-unavail 0 addrunavail 0 ftab-full 0 other 0

