httperf --verbose --hog --timeout=50 --client=0/1 --server=172.16.116.116 --port=8080 --uri=/ --rate=8 --send-buffer=4096 --recv-buffer=16384 --num-conns=1440 --num-calls=1
httperf: maximum number of open descriptors = 65535
Maximum connect burst length: 1

Connection lifetime histogram (time in ms):
             :
            10.5 27
            11.5 266
            12.5 196
            13.5 157
            14.5 149
            15.5 137
            16.5 139
            17.5 132
            18.5 68
            19.5 51
            20.5 27
            21.5 20
            22.5 9
            23.5 5
            24.5 2
            25.5 2
            26.5 3
            27.5 1
             :
            31.5 1
             :
            34.5 1
            35.5 1
             :
            48.5 1
             :
            60.5 1
            61.5 1
             :
            92.5 1
             :
            95.5 1
             :
           131.5 1
           132.5 1
             :
           134.5 1
             :
           139.5 1
             :
           142.5 1
             :
           144.5 2
             :
           146.5 1
             :
           149.5 1
             :
           157.5 1
             :
           162.5 1
             :
           167.5 1
             :
           170.5 1
             :
           176.5 1
             :
           179.5 2
             :
           185.5 1
             :
           190.5 1
           191.5 1
             :
           195.5 1
             :
           209.5 1
             :
           216.5 1
             :
           228.5 1
             :
           231.5 1
             :
           246.5 1
             :
           248.5 1
             :
           253.5 1
             :
           264.5 1
             :
           266.5 1
             :
           269.5 1
             :
           283.5 1
             :
           289.5 1
           290.5 1
             :
           305.5 1
             :
           314.5 1
             :
           329.5 1
             :
           335.5 1
             :
           375.5 1
             :
           433.5 1
             :
           536.5 1
             :
          1448.5 1

Total: connections 1440 requests 1440 replies 1440 test-duration 179.887 s

Connection rate: 8.0 conn/s (124.9 ms/conn, <=6 concurrent connections)
Connection time [ms]: min 10.6 avg 22.0 max 1448.6 median 14.5 stddev 53.7
Connection time [ms]: connect 2.2
Connection length [replies/conn]: 1.000

Request rate: 8.0 req/s (124.9 ms/req)
Request size [B]: 67.0

Reply rate [replies/s]: min 7.0 avg 8.0 max 9.0 stddev 0.3 (179 samples)
Percentages of the replies served at a given rate:
   50%: 7
   66%: 7
   75%: 7
   80%: 7
   90%: 7
   95%: 7
   98%: 8
   99%: 8
  100%: 9

Reply time [ms]: response 18.4 transfer 1.2
Percentages of the requests served within a certain time (ms) :
   50%: 12
   66%: 14
   75%: 15
   80%: 15
   90%: 17
   95%: 19
   98%: 143
   99%: 195
  100%: 488

Reply size [B]: header 162.0 content 72.0 footer 1.0 (total 235.0)
Reply status: 1xx=0 2xx=1440 3xx=0 4xx=0 5xx=0

CPU time [s]: user 150.34 system 29.26 (user 83.6% system 16.3% total 99.8%)
Net I/O: 2.4 KB/s (0.0*10^6 bps)

Errors: total 0 client-timo 0 socket-timo 0 connrefused 0 connreset 0
Errors: fd-unavail 0 addrunavail 0 ftab-full 0 other 0

