httperf --verbose --hog --timeout=50 --client=0/1 --server=172.16.116.116 --port=8080 --uri=/ --rate=8 --send-buffer=4096 --recv-buffer=16384 --num-conns=1440 --num-calls=1
httperf: maximum number of open descriptors = 65535
Maximum connect burst length: 1

Connection lifetime histogram (time in ms):
             :
            10.5 58
            11.5 287
            12.5 187
            13.5 137
            14.5 132
            15.5 123
            16.5 141
            17.5 105
            18.5 97
            19.5 42
            20.5 26
            21.5 17
            22.5 13
            23.5 8
            24.5 6
            25.5 1
            26.5 2
            27.5 1
             :
            29.5 2
            30.5 1
            31.5 1
            32.5 2
             :
            37.5 1
            38.5 1
             :
            46.5 1
             :
            51.5 1
             :
            68.5 1
             :
            84.5 1
             :
           113.5 1
             :
           115.5 1
             :
           132.5 1
             :
           142.5 1
             :
           146.5 2
             :
           153.5 1
             :
           156.5 1
             :
           158.5 1
           159.5 1
           160.5 1
             :
           169.5 2
           170.5 1
             :
           174.5 1
             :
           178.5 2
             :
           181.5 1
             :
           194.5 1
             :
           201.5 1
           202.5 1
           203.5 2
             :
           213.5 1
             :
           215.5 1
             :
           222.5 1
             :
           224.5 1
             :
           230.5 2
             :
           242.5 1
             :
           245.5 1
           246.5 1
             :
           258.5 2
             :
           262.5 1
             :
           271.5 1
           272.5 1
             :
           282.5 1
           283.5 1
             :
           295.5 1
             :
           298.5 1
             :
           317.5 1
             :
           382.5 1
             :
           408.5 1
             :
           520.5 1

Total: connections 1440 requests 1440 replies 1440 test-duration 179.891 s

Connection rate: 8.0 conn/s (124.9 ms/conn, <=4 concurrent connections)
Connection time [ms]: min 10.4 avg 21.4 max 520.0 median 14.5 stddev 38.9
Connection time [ms]: connect 1.7
Connection length [replies/conn]: 1.000

Request rate: 8.0 req/s (124.9 ms/req)
Request size [B]: 67.0

Reply rate [replies/s]: min 7.0 avg 8.0 max 9.0 stddev 0.3 (179 samples)
Percentages of the replies served at a given rate:
   50%: 7
   66%: 7
   75%: 7
   80%: 7
   90%: 7
   95%: 7
   98%: 8
   99%: 8
  100%: 9

Reply time [ms]: response 18.6 transfer 0.9
Percentages of the requests served within a certain time (ms) :
   50%: 12
   66%: 14
   75%: 15
   80%: 15
   90%: 17
   95%: 21
   98%: 154
   99%: 211
  100%: 378

Reply size [B]: header 162.0 content 72.0 footer 1.0 (total 235.0)
Reply status: 1xx=0 2xx=1440 3xx=0 4xx=0 5xx=0

CPU time [s]: user 151.64 system 27.96 (user 84.3% system 15.5% total 99.8%)
Net I/O: 2.4 KB/s (0.0*10^6 bps)

Errors: total 0 client-timo 0 socket-timo 0 connrefused 0 connreset 0
Errors: fd-unavail 0 addrunavail 0 ftab-full 0 other 0

