httperf --verbose --hog --timeout=50 --client=0/1 --server=172.16.116.116 --port=8080 --uri=/ --rate=16 --send-buffer=4096 --recv-buffer=16384 --num-conns=2880 --num-calls=1
httperf: maximum number of open descriptors = 65535
Maximum connect burst length: 1

Connection lifetime histogram (time in ms):
             :
            10.5 74
            11.5 651
            12.5 372
            13.5 206
            14.5 170
            15.5 249
            16.5 384
            17.5 284
            18.5 192
            19.5 106
            20.5 68
            21.5 33
            22.5 21
            23.5 11
            24.5 14
            25.5 6
            26.5 2
            27.5 1
            28.5 3
            29.5 1
            30.5 1
             :
            33.5 1
            34.5 2
             :
            49.5 1
             :
            87.5 1
            88.5 1
             :
           106.5 1
             :
           114.5 1
             :
           116.5 1
             :
           120.5 1
             :
           138.5 1
             :
           161.5 1
             :
           168.5 1
             :
           170.5 1
             :
           172.5 1
             :
           175.5 1
             :
           183.5 1
             :
           200.5 1
             :
           214.5 1
             :
           234.5 1
             :
           258.5 1
             :
           265.5 1
             :
           273.5 1
             :
           283.5 1
             :
           291.5 1
             :
           297.5 1
             :
           311.5 1
             :
           339.5 1
             :
           343.5 1
             :
           443.5 1
             :
           448.5 1

Total: connections 2880 requests 2880 replies 2880 test-duration 180.078 s

Connection rate: 16.0 conn/s (62.5 ms/conn, <=2 concurrent connections)
Connection time [ms]: min 10.4 avg 16.9 max 448.5 median 14.5 stddev 22.4
Connection time [ms]: connect 0.7
Connection length [replies/conn]: 1.000

Request rate: 16.0 req/s (62.5 ms/req)
Request size [B]: 67.0

Reply rate [replies/s]: min 15.0 avg 16.0 max 17.0 stddev 0.2 (180 samples)
Percentages of the replies served at a given rate:
   50%: 15
   66%: 15
   75%: 15
   80%: 15
   90%: 15
   95%: 15
   98%: 15
   99%: 16
  100%: 17

Reply time [ms]: response 15.5 transfer 0.6
Percentages of the requests served within a certain time (ms) :
   50%: 13
   66%: 15
   75%: 15
   80%: 16
   90%: 17
   95%: 18
   98%: 21
   99%: 31
  100%: 447

Reply size [B]: header 163.0 content 72.0 footer 2.0 (total 237.0)
Reply status: 1xx=0 2xx=2880 3xx=0 4xx=0 5xx=0

CPU time [s]: user 151.34 system 28.38 (user 84.0% system 15.8% total 99.8%)
Net I/O: 4.7 KB/s (0.0*10^6 bps)

Errors: total 0 client-timo 0 socket-timo 0 connrefused 0 connreset 0
Errors: fd-unavail 0 addrunavail 0 ftab-full 0 other 0

