httperf --verbose --hog --timeout=50 --client=0/1 --server=172.16.116.116 --port=8080 --uri=/ --rate=16 --send-buffer=4096 --recv-buffer=16384 --num-conns=2880 --num-calls=1
httperf: maximum number of open descriptors = 65535
Maximum connect burst length: 1

Connection lifetime histogram (time in ms):
             :
            10.5 165
            11.5 668
            12.5 345
            13.5 202
            14.5 186
            15.5 288
            16.5 423
            17.5 249
            18.5 146
            19.5 70
            20.5 51
            21.5 28
            22.5 25
            23.5 6
            24.5 5
             :
            26.5 2
            27.5 2
             :
            29.5 4
             :
            31.5 1
             :
            69.5 1
             :
           111.5 1
             :
           142.5 1
             :
           158.5 1
             :
           212.5 1
           213.5 1
             :
           217.5 1
             :
           229.5 1
             :
           238.5 1
             :
           240.5 1
             :
           242.5 1
             :
           272.5 1
             :
           289.5 1
             :
           358.5 1

Total: connections 2880 requests 2880 replies 2880 test-duration 179.955 s

Connection rate: 16.0 conn/s (62.5 ms/conn, <=2 concurrent connections)
Connection time [ms]: min 10.1 avg 15.5 max 359.0 median 14.5 stddev 15.1
Connection time [ms]: connect 0.6
Connection length [replies/conn]: 1.000

Request rate: 16.0 req/s (62.5 ms/req)
Request size [B]: 67.0

Reply rate [replies/s]: min 15.0 avg 16.0 max 17.0 stddev 0.1 (179 samples)
Percentages of the replies served at a given rate:
   50%: 15
   66%: 15
   75%: 15
   80%: 15
   90%: 15
   95%: 15
   98%: 15
   99%: 16
  100%: 17

Reply time [ms]: response 14.2 transfer 0.7
Percentages of the requests served within a certain time (ms) :
   50%: 12
   66%: 14
   75%: 15
   80%: 15
   90%: 16
   95%: 17
   98%: 19
   99%: 21
  100%: 358

Reply size [B]: header 162.0 content 72.0 footer 1.0 (total 235.0)
Reply status: 1xx=0 2xx=2880 3xx=0 4xx=0 5xx=0

CPU time [s]: user 150.53 system 29.09 (user 83.6% system 16.2% total 99.8%)
Net I/O: 4.7 KB/s (0.0*10^6 bps)

Errors: total 0 client-timo 0 socket-timo 0 connrefused 0 connreset 0
Errors: fd-unavail 0 addrunavail 0 ftab-full 0 other 0

