httperf --verbose --hog --timeout=50 --client=0/1 --server=172.16.116.116 --port=8080 --uri=/ --rate=16 --send-buffer=4096 --recv-buffer=16384 --num-conns=2880 --num-calls=1
httperf: maximum number of open descriptors = 65535
Maximum connect burst length: 1

Connection lifetime histogram (time in ms):
             :
            10.5 154
            11.5 619
            12.5 395
            13.5 262
            14.5 185
            15.5 209
            16.5 305
            17.5 294
            18.5 183
            19.5 94
            20.5 54
            21.5 37
            22.5 17
            23.5 15
            24.5 9
            25.5 8
            26.5 7
            27.5 3
            28.5 1
            29.5 3
            30.5 1
            31.5 1
            32.5 2
            33.5 1
             :
            40.5 1
             :
            69.5 1
             :
            85.5 1
             :
            88.5 1
             :
           111.5 1
             :
           119.5 1
             :
           160.5 1
             :
           178.5 1
             :
           197.5 1
             :
           202.5 1
           203.5 1
             :
           224.5 1
             :
           228.5 1
             :
           246.5 1
             :
           249.5 1
             :
           262.5 1
             :
           265.5 1
           266.5 1
             :
           271.5 1
             :
           289.5 1
             :
           338.5 1

Total: connections 2880 requests 2880 replies 2880 test-duration 179.951 s

Connection rate: 16.0 conn/s (62.5 ms/conn, <=2 concurrent connections)
Connection time [ms]: min 10.4 avg 16.1 max 338.8 median 14.5 stddev 17.1
Connection time [ms]: connect 0.8
Connection length [replies/conn]: 1.000

Request rate: 16.0 req/s (62.5 ms/req)
Request size [B]: 67.0

Reply rate [replies/s]: min 15.0 avg 16.0 max 17.0 stddev 0.2 (179 samples)
Percentages of the replies served at a given rate:
   50%: 15
   66%: 15
   75%: 15
   80%: 15
   90%: 15
   95%: 15
   98%: 16
   99%: 16
  100%: 17

Reply time [ms]: response 14.6 transfer 0.6
Percentages of the requests served within a certain time (ms) :
   50%: 12
   66%: 14
   75%: 15
   80%: 16
   90%: 17
   95%: 18
   98%: 21
   99%: 25
  100%: 285

Reply size [B]: header 162.0 content 72.0 footer 1.0 (total 235.0)
Reply status: 1xx=0 2xx=2880 3xx=0 4xx=0 5xx=0

CPU time [s]: user 152.34 system 27.28 (user 84.7% system 15.2% total 99.8%)
Net I/O: 4.7 KB/s (0.0*10^6 bps)

Errors: total 0 client-timo 0 socket-timo 0 connrefused 0 connreset 0
Errors: fd-unavail 0 addrunavail 0 ftab-full 0 other 0

