httperf --verbose --hog --timeout=50 --client=0/1 --server=172.16.116.116 --port=8080 --uri=/ --rate=24 --send-buffer=4096 --recv-buffer=16384 --num-conns=2880 --num-calls=1
httperf: maximum number of open descriptors = 65535
Maximum connect burst length: 1

Connection lifetime histogram (time in ms):
             :
            10.5 115
            11.5 237
            12.5 144
            13.5 163
            14.5 165
            15.5 212
            16.5 191
            17.5 132
            18.5 106
            19.5 89
            20.5 82
            21.5 74
            22.5 74
            23.5 48
            24.5 40
            25.5 19
            26.5 19
            27.5 17
            28.5 5
            29.5 8
            30.5 4
            31.5 7
            32.5 8
            33.5 3
            34.5 1
            35.5 4
             :
            38.5 3
             :
            40.5 2
             :
            43.5 2
            44.5 2
             :
            46.5 2
            47.5 1
            48.5 2
            49.5 1
            50.5 1
             :
            52.5 3
            53.5 2
            54.5 2
            55.5 2
             :
            58.5 2
            59.5 2
            60.5 3
            61.5 1
            62.5 2
            63.5 4
             :
            65.5 2
            66.5 4
            67.5 6
            68.5 6
            69.5 2
            70.5 1
            71.5 6
            72.5 1
            73.5 3
            74.5 4
            75.5 1
            76.5 4
            77.5 1
            78.5 2
            79.5 3
            80.5 5
            81.5 4
            82.5 5
            83.5 4
             :
            85.5 3
             :
            87.5 2
            88.5 5
            89.5 1
            90.5 3
            91.5 4
            92.5 3
            93.5 3
            94.5 4
            95.5 2
            96.5 3
            97.5 1
            98.5 1
            99.5 2
           100.5 3
           101.5 2
           102.5 2
           103.5 1
           104.5 3
           105.5 8
             :
           107.5 3
           108.5 3
           109.5 2
           110.5 4
           111.5 3
           112.5 6
           113.5 2
           114.5 4
           115.5 4
           116.5 5
           117.5 1
           118.5 6
             :
           120.5 6
             :
           122.5 5
           123.5 3
           124.5 2
           125.5 4
           126.5 4
           127.5 2
           128.5 4
           129.5 4
           130.5 3
           131.5 5
           132.5 1
           133.5 1
           134.5 3
           135.5 2
           136.5 3
           137.5 3
           138.5 1
           139.5 1
           140.5 2
           141.5 1
           142.5 2
           143.5 4
           144.5 2
             :
           148.5 4
           149.5 2
             :
           151.5 1
           152.5 2
           153.5 2
             :
           155.5 4
           156.5 1
           157.5 1
             :
           159.5 5
           160.5 1
           161.5 3
           162.5 1
           163.5 1
           164.5 2
           165.5 1
           166.5 1
             :
           169.5 1
             :
           171.5 1
           172.5 2
           173.5 1
             :
           175.5 1
             :
           181.5 2
             :
           183.5 2
           184.5 2
           185.5 1
           186.5 1
           187.5 1
             :
           191.5 1
           192.5 1
             :
           196.5 1
           197.5 1
             :
           201.5 1
             :
           203.5 1
             :
           208.5 2
             :
           211.5 1
             :
           214.5 1
             :
           225.5 2
             :
           228.5 1
             :
           238.5 1
             :
           240.5 1
           241.5 1
           242.5 1
             :
           244.5 1
             :
           254.5 1
           255.5 1
             :
           258.5 1
             :
           265.5 1
             :
           267.5 1
             :
           281.5 1
             :
           291.5 1
             :
           294.5 1
             :
           296.5 1
             :
           298.5 1
             :
           307.5 1
             :
           309.5 1
             :
           315.5 1
             :
           317.5 1
             :
           319.5 2
             :
           321.5 1
             :
           332.5 1
             :
           349.5 1
             :
           352.5 1
             :
           354.5 1
             :
           356.5 1
             :
           359.5 1
           360.5 1
             :
           370.5 1
             :
           375.5 1
             :
           380.5 1
             :
           387.5 1
             :
           393.5 1
             :
           401.5 2
             :
           414.5 1
             :
           416.5 1
             :
           430.5 1
           431.5 1
             :
           434.5 1
             :
           442.5 1
             :
           444.5 1
             :
           459.5 1
             :
           461.5 1
             :
           476.5 1
             :
           482.5 1
             :
           489.5 1
             :
           491.5 1
             :
           512.5 1
             :
           524.5 1
             :
           526.5 1
             :
           528.5 1
             :
           533.5 1
             :
           535.5 1
             :
           540.5 2
             :
           543.5 1
             :
           546.5 1
           547.5 2
             :
           550.5 1
             :
           554.5 1
             :
           560.5 1
             :
           562.5 1
             :
           564.5 1
             :
           566.5 2
             :
           568.5 1
             :
           572.5 2
             :
           576.5 3
           577.5 2
           578.5 1
             :
           580.5 1
           581.5 1
           582.5 1
           583.5 1
             :
           585.5 1
             :
           588.5 1
             :
           593.5 1
             :
           595.5 1
             :
           597.5 2
           598.5 1
           599.5 2
             :
           603.5 1
             :
           605.5 1
             :
           612.5 1
           613.5 1
             :
           615.5 3
           616.5 1
           617.5 1
           618.5 1
             :
           621.5 2
           622.5 2
             :
           625.5 1
             :
           629.5 1
           630.5 1
           631.5 1
             :
           633.5 1
             :
           635.5 3
           636.5 1
           637.5 1
           638.5 1
           639.5 1
           640.5 1
             :
           642.5 1
             :
           644.5 1
             :
           646.5 2
             :
           649.5 1
             :
           652.5 1
             :
           654.5 1
           655.5 1
             :
           657.5 1
             :
           663.5 1
             :
           665.5 1
           666.5 2
           667.5 1
             :
           669.5 1
           670.5 2
             :
           673.5 1
           674.5 2
             :
           676.5 1
           677.5 1
             :
           680.5 1
             :
           685.5 1
           686.5 1
             :
           689.5 1
             :
           691.5 1
           692.5 2
           693.5 1
           694.5 2
             :
           697.5 2
             :
           699.5 2
             :
           701.5 1
           702.5 1
             :
           704.5 1
           705.5 1
             :
           707.5 1
             :
           711.5 3
             :
           713.5 1
             :
           715.5 3
           716.5 1
             :
           719.5 1
           720.5 1
           721.5 1
           722.5 2
           723.5 3
           724.5 1
             :
           726.5 2
           727.5 2
           728.5 1
             :
           731.5 1
             :
           733.5 1
             :
           735.5 1
             :
           739.5 2
           740.5 1
             :
           742.5 1
           743.5 1
             :
           745.5 1
           746.5 2
           747.5 1
           748.5 2
             :
           750.5 1
           751.5 1
           752.5 1
             :
           755.5 2
             :
           760.5 1
           761.5 1
           762.5 2
             :
           770.5 1
             :
           772.5 1
             :
           774.5 1
           775.5 2
           776.5 2
           777.5 1
           778.5 1
             :
           780.5 1
             :
           782.5 1
           783.5 1
             :
           788.5 1
             :
           790.5 2
           791.5 2
           792.5 1
             :
           794.5 1
           795.5 1
             :
           797.5 2
           798.5 1
             :
           801.5 1
           802.5 1
           803.5 1
             :
           805.5 1
           806.5 1
             :
           808.5 1
           809.5 1
             :
           812.5 2
           813.5 2
           814.5 2
           815.5 1
             :
           820.5 4
             :
           825.5 1
             :
           828.5 2
             :
           830.5 1
             :
           833.5 1
           834.5 1
           835.5 1
             :
           840.5 1
             :
           844.5 1
             :
           846.5 1
           847.5 1
           848.5 2
           849.5 2
           850.5 1
             :
           852.5 1
             :
           856.5 2
             :
           859.5 1
             :
           862.5 1
             :
           866.5 1
           867.5 1
           868.5 1
             :
           873.5 1
             :
           877.5 2
             :
           879.5 1
           880.5 1
           881.5 1
             :
           883.5 1
           884.5 1
           885.5 1
           886.5 3
             :
           888.5 1
           889.5 2
             :
           891.5 1
           892.5 1
             :
           895.5 3
             :
           897.5 1
           898.5 1
             :
           901.5 1
             :
           904.5 1
             :
           907.5 2
           908.5 1
             :
           910.5 1
             :
           913.5 1
             :
           916.5 2
           917.5 1
             :
           920.5 1
           921.5 1
             :
           926.5 1
           927.5 1
           928.5 2
           929.5 2
             :
           935.5 1
             :
           937.5 1
             :
           943.5 1
             :
           945.5 2
             :
           957.5 1
           958.5 1
             :
           962.5 1
           963.5 1
             :
           967.5 1
             :
           971.5 1
             :
           973.5 1
             :
           975.5 1
           976.5 1
             :
           980.5 1
             :
           984.5 1
             :
           987.5 1
             :
           996.5 2
             :
          1004.5 1
             :
          1011.5 2
          1012.5 1
             :
          1029.5 1
             :
          1032.5 1
             :
          1039.5 1
             :
          1041.5 1
             :
          1043.5 1
          1044.5 1
             :
          1049.5 1
             :
          1051.5 1
             :
          1053.5 1
             :
          1055.5 1
          1056.5 1
             :
          1060.5 2
          1061.5 1
             :
          1067.5 1
             :
          1070.5 1
             :
          1072.5 1
             :
          1074.5 1
             :
          1077.5 1
             :
          1082.5 1
             :
          1088.5 1
             :
          1099.5 1
          1100.5 1
             :
          1111.5 1
             :
          1113.5 1
             :
          1119.5 2
             :
          1152.5 1
             :
          1156.5 1
             :
          1162.5 1
             :
          1186.5 1
             :
          1195.5 1
             :
          1203.5 1
             :
          1226.5 1
             :
          1245.5 1
             :
          1249.5 1
             :
          1251.5 1
             :
          1253.5 1
             :
          1258.5 1
             :
          1260.5 1
             :
          1264.5 1
             :
          1269.5 1
          1270.5 1
          1271.5 1
             :
          1274.5 2
             :
          1276.5 1
          1277.5 1
             :
          1281.5 1
             :
          1293.5 1
             :
          1298.5 1
             :
          1302.5 1
             :
          1313.5 1
             :
          1347.5 1
             :
          1352.5 1
             :
          1358.5 1
             :
          1364.5 1
             :
          1389.5 1
             :
          1407.5 1
             :
          1419.5 1
             :
          1440.5 1
             :
          1444.5 1
             :
          1449.5 1
          1450.5 1
             :
          1464.5 1
             :
          1468.5 1
             :
          1472.5 1
             :
          1477.5 1
             :
          1494.5 1
             :
          1498.5 1
             :
          1507.5 1
             :
          1521.5 1
             :
          1534.5 1
             :
          1553.5 1
             :
          1570.5 1
          1571.5 1
             :
          1573.5 1
             :
          1583.5 1
             :
          1660.5 1
          1661.5 1
             :
          1664.5 1
             :
          1670.5 1
             :
          1672.5 1
             :
          1683.5 1
             :
          1692.5 1
             :
          1706.5 1
             :
          1721.5 1
             :
          1727.5 1
             :
          1748.5 1
             :
          1753.5 1
             :
          1758.5 1
             :
          1768.5 1
             :
          1778.5 1
             :
          1789.5 1
             :
          1791.5 1
             :
          1802.5 1
             :
          1825.5 1
             :
          1855.5 1
             :
          1864.5 1
             :
          1887.5 1
             :
          1893.5 1
             :
          1904.5 1
             :
          1907.5 1
             :
          1912.5 1
          1913.5 1
             :
          1926.5 1
             :
          1932.5 1
             :
          1935.5 1
             :
          1938.5 1
          1939.5 1
             :
          1960.5 1
             :
          1965.5 1
             :
          1967.5 1
             :
          1974.5 1
             :
          1976.5 1
             :
          1984.5 1
             :
          2019.5 1
             :
          2021.5 2
          2022.5 2
             :
          2028.5 1
             :
          2034.5 1
             :
          2036.5 1
             :
          2039.5 1
             :
          2048.5 1
             :
          2050.5 1
             :
          2057.5 1
             :
          2085.5 1
             :
          2090.5 1
             :
          2114.5 2
             :
          2129.5 1
             :
          2162.5 1
             :
          2169.5 1
             :
          2171.5 1
             :
          2173.5 1
             :
          2181.5 1
             :
          2193.5 1
          2194.5 1
             :
          2199.5 1
             :
          2202.5 1
             :
          2241.5 1
             :
          2258.5 1
             :
          2273.5 1
             :
          2278.5 1
             :
          2290.5 1
             :
          2296.5 1
             :
          2306.5 1
             :
          2315.5 1
             :
          2324.5 1
             :
          2329.5 1
          2330.5 1
             :
          2350.5 1
             :
          2356.5 1
          2357.5 1
             :
          2370.5 1
             :
          2378.5 1
             :
          2394.5 1
             :
          2412.5 1
             :
          2415.5 1
             :
          2421.5 1
             :
          2429.5 2
          2430.5 1
             :
          2435.5 1
             :
          2440.5 1
             :
          2445.5 1
             :
          2456.5 1
             :
          2461.5 1
             :
          2467.5 1
             :
          2480.5 1
             :
          2491.5 1
             :
          2501.5 1
             :
          2509.5 1
             :
          2537.5 1
             :
          2539.5 1
             :
          2545.5 1
          2546.5 1
             :
          2550.5 1
             :
          2557.5 1
             :
          2573.5 1
             :
          2584.5 1
             :
          2605.5 1
             :
          2615.5 1
             :
          2627.5 1
             :
          2635.5 1
             :
          2644.5 1
             :
          2646.5 1
             :
          2674.5 1
             :
          2683.5 1
             :
          2689.5 1
             :
          2707.5 1
          2708.5 1
             :
          2763.5 1
             :
          2782.5 1
             :
          2799.5 1
             :
          2810.5 1
             :
          2837.5 1
             :
          2839.5 1
             :
          2877.5 1
             :
          2881.5 1
             :
          2905.5 1
             :
          2907.5 1
             :
          2923.5 1
             :
          2929.5 1
             :
          2932.5 1
             :
          2951.5 1
             :
          2967.5 1
             :
          2980.5 1
          2981.5 1
             :
          3019.5 2
             :
          3029.5 1
          3030.5 1
             :
          3096.5 1
             :
          3099.5 1
          3100.5 1
             :
          3104.5 1
             :
          3117.5 1
             :
          3119.5 1
             :
          3125.5 1
             :
          3135.5 1
             :
          3140.5 1
             :
          3143.5 1
             :
          3150.5 1
             :
          3158.5 1
             :
          3185.5 1
             :
          3201.5 1
             :
          3219.5 1
             :
          3259.5 1
             :
          3270.5 1
             :
          3272.5 1
             :
          3296.5 1
             :
          3316.5 1
             :
          3326.5 1
             :
          3352.5 1
             :
          3370.5 1
             :
          3372.5 1
             :
          3391.5 1
             :
          3408.5 1
             :
          3465.5 1
             :
          3475.5 1
             :
          3483.5 1
             :
          3558.5 1
             :
          3561.5 1
             :
          3631.5 1
             :
          3681.5 1
             :
          3735.5 1
             :
          3939.5 1

Total: connections 2880 requests 2880 replies 2878 test-duration 120.170 s

Connection rate: 24.0 conn/s (41.7 ms/conn, <=67 concurrent connections)
Connection time [ms]: min 10.1 avg 287.2 max 3939.9 median 18.5 stddev 643.2
Connection time [ms]: connect 0.8
Connection length [replies/conn]: 1.000

Request rate: 24.0 req/s (41.7 ms/req)
Request size [B]: 67.0

Reply rate [replies/s]: min 11.0 avg 24.0 max 42.0 stddev 3.6 (120 samples)
Percentages of the replies served at a given rate:
   50%: 23
   66%: 23
   75%: 24
   80%: 24
   90%: 25
   95%: 28
   98%: 31
   99%: 37
  100%: 42

Reply time [ms]: response 273.6 transfer 12.7
Percentages of the requests served within a certain time (ms) :
   50%: 17
   66%: 24
   75%: 111
   80%: 240
   90%: 855
   95%: 1863
   98%: 2604
   99%: 3018
  100%: 3937

Reply size [B]: header 163.0 content 72.0 footer 1.0 (total 236.0)
Reply status: 1xx=0 2xx=2878 3xx=0 4xx=0 5xx=0

CPU time [s]: user 92.72 system 27.22 (user 77.2% system 22.7% total 99.8%)
Net I/O: 7.1 KB/s (0.1*10^6 bps)

Errors: total 2 client-timo 0 socket-timo 0 connrefused 0 connreset 2
Errors: fd-unavail 0 addrunavail 0 ftab-full 0 other 0

