httperf --verbose --hog --timeout=50 --client=0/1 --server=172.16.116.116 --port=8080 --uri=/ --rate=1 --send-buffer=4096 --recv-buffer=16384 --num-conns=180 --num-calls=1
httperf: maximum number of open descriptors = 65535
Maximum connect burst length: 1

Connection lifetime histogram (time in ms):
             :
            11.5 2
             :
            14.5 2
            15.5 5
            16.5 1
            17.5 1
            18.5 4
            19.5 1
            20.5 2
            21.5 1
            22.5 1
            23.5 1
            24.5 1
            25.5 2
            26.5 2
            27.5 2
             :
            30.5 1
             :
            41.5 1
            42.5 1
             :
            51.5 1
             :
            53.5 1
             :
            56.5 1
             :
            66.5 1
             :
            73.5 1
             :
            77.5 1
             :
            88.5 1
             :
            93.5 1
             :
           101.5 1
           102.5 1
             :
           126.5 1
             :
           131.5 1
             :
           145.5 1
             :
           180.5 1
             :
           192.5 1
             :
           218.5 1
             :
           222.5 1
             :
           227.5 2
           228.5 1
             :
           236.5 1
             :
           239.5 1
             :
           241.5 1
             :
           250.5 1
             :
           265.5 1
             :
           275.5 1
             :
           278.5 1
             :
           280.5 1
             :
           297.5 1
             :
           308.5 1
             :
           314.5 1
           315.5 1
             :
           318.5 1
             :
           325.5 1
             :
           329.5 1
             :
           342.5 1
             :
           347.5 1
             :
           351.5 1
           352.5 1
             :
           357.5 1
             :
           365.5 1
             :
           368.5 1
             :
           375.5 2
             :
           384.5 1
             :
           387.5 1
             :
           393.5 1
           394.5 1
             :
           396.5 1
             :
           406.5 1
             :
           413.5 1
           414.5 1
             :
           416.5 1
             :
           428.5 1
             :
           430.5 1
             :
           434.5 1
             :
           464.5 1
             :
           466.5 1
             :
           474.5 1
             :
           479.5 1
             :
           481.5 2
             :
           484.5 1
             :
           490.5 1
             :
           498.5 1
             :
           500.5 1
             :
           510.5 1
             :
           515.5 1
             :
           519.5 1
           520.5 1
             :
           523.5 1
           524.5 1
           525.5 1
             :
           529.5 2
             :
           531.5 1
             :
           537.5 1
             :
           542.5 1
             :
           545.5 1
             :
           553.5 1
             :
           560.5 1
             :
           566.5 2
             :
           572.5 1
           573.5 1
           574.5 3
             :
           577.5 1
             :
           580.5 1
             :
           585.5 1
             :
           590.5 1
             :
           597.5 2
             :
           599.5 1
           600.5 1
             :
           602.5 1
             :
           609.5 1
             :
           612.5 1
           613.5 1
             :
           618.5 1
             :
           620.5 1
             :
           630.5 1
             :
           633.5 1
             :
           635.5 1
             :
           639.5 1
             :
           642.5 1
             :
           644.5 1
           645.5 1
             :
           648.5 1
             :
           652.5 1
             :
           654.5 1
             :
           662.5 2
             :
           670.5 1
             :
           695.5 1
             :
           708.5 1
             :
           715.5 2
             :
           720.5 1
             :
           724.5 3
           725.5 1
             :
           731.5 1
             :
           738.5 1
             :
           744.5 1
             :
           750.5 1
             :
           753.5 1
             :
           764.5 1
             :
           790.5 1
             :
           792.5 1
           793.5 1
             :
           797.5 1
             :
           810.5 1
             :
           829.5 1
             :
           867.5 1
             :
           869.5 1
             :
           884.5 1
             :
           890.5 1
             :
           904.5 1
             :
           932.5 1
             :
           937.5 1
             :
           948.5 1
             :
           956.5 1
             :
           961.5 1
             :
          1082.5 1
             :
          1112.5 1
             :
          1154.5 1

Total: connections 180 requests 180 replies 180 test-duration 179.751 s

Connection rate: 1.0 conn/s (998.6 ms/conn, <=2 concurrent connections)
Connection time [ms]: min 11.7 avg 431.2 max 1154.9 median 474.5 stddev 286.8
Connection time [ms]: connect 1.5
Connection length [replies/conn]: 1.000

Request rate: 1.0 req/s (998.6 ms/req)
Request size [B]: 67.0

Reply rate [replies/s]: min 0.0 avg 1.0 max 2.0 stddev 0.2 (179 samples)
Percentages of the replies served at a given rate:
   50%: 1
   66%: 1
   75%: 1
   80%: 1
   90%: 1
   95%: 1
   98%: 1
   99%: 1
  100%: 2

Reply time [ms]: response 408.2 transfer 21.4
Percentages of the requests served within a certain time (ms) :
   50%: 431
   66%: 538
   75%: 596
   80%: 638
   90%: 731
   95%: 797
   98%: 958
   99%: 1091
  100%: 1153

Reply size [B]: header 163.0 content 72.0 footer 2.0 (total 237.0)
Reply status: 1xx=0 2xx=180 3xx=0 4xx=0 5xx=0

CPU time [s]: user 151.95 system 27.56 (user 84.5% system 15.3% total 99.9%)
Net I/O: 0.3 KB/s (0.0*10^6 bps)

Errors: total 0 client-timo 0 socket-timo 0 connrefused 0 connreset 0
Errors: fd-unavail 0 addrunavail 0 ftab-full 0 other 0

