httperf --verbose --hog --timeout=50 --client=0/1 --server=172.16.116.116 --port=8080 --uri=/ --rate=24 --send-buffer=4096 --recv-buffer=16384 --num-conns=14400 --num-calls=1
httperf: maximum number of open descriptors = 65535
Maximum connect burst length: 1

Connection lifetime histogram (time in ms):
             :
             9.5 1
            10.5 578
            11.5 1313
            12.5 850
            13.5 773
            14.5 954
            15.5 1269
            16.5 1229
            17.5 911
            18.5 710
            19.5 669
            20.5 590
            21.5 539
            22.5 486
            23.5 403
            24.5 367
            25.5 217
            26.5 208
            27.5 153
            28.5 103
            29.5 101
            30.5 78
            31.5 86
            32.5 72
            33.5 72
            34.5 59
            35.5 61
            36.5 46
            37.5 33
            38.5 54
            39.5 45
            40.5 35
            41.5 37
            42.5 28
            43.5 42
            44.5 37
            45.5 42
            46.5 32
            47.5 29
            48.5 26
            49.5 14
            50.5 17
            51.5 17
            52.5 13
            53.5 16
            54.5 21
            55.5 12
            56.5 15
            57.5 16
            58.5 7
            59.5 14
            60.5 9
            61.5 7
            62.5 6
            63.5 6
            64.5 5
            65.5 5
            66.5 6
            67.5 5
            68.5 7
            69.5 7
            70.5 4
            71.5 6
            72.5 3
            73.5 4
            74.5 3
            75.5 3
            76.5 6
             :
            78.5 4
            79.5 2
            80.5 1
            81.5 3
            82.5 2
            83.5 3
            84.5 1
             :
            86.5 1
            87.5 5
            88.5 2
            89.5 2
            90.5 2
             :
            92.5 3
            93.5 2
            94.5 1
            95.5 1
            96.5 1
            97.5 2
             :
            99.5 1
             :
           102.5 2
           103.5 1
           104.5 2
           105.5 1
             :
           107.5 2
           108.5 2
           109.5 2
           110.5 3
             :
           114.5 1
             :
           116.5 3
             :
           119.5 1
           120.5 1
           121.5 1
             :
           125.5 2
             :
           128.5 2
             :
           130.5 3
           131.5 2
           132.5 1
           133.5 1
             :
           136.5 1
           137.5 1
             :
           140.5 3
             :
           142.5 2
           143.5 2
           144.5 1
           145.5 2
           146.5 1
           147.5 1
           148.5 2
           149.5 6
             :
           151.5 1
           152.5 1
           153.5 1
             :
           155.5 3
           156.5 2
           157.5 4
           158.5 2
           159.5 2
           160.5 2
           161.5 2
           162.5 6
           163.5 1
           164.5 2
             :
           166.5 1
           167.5 1
           168.5 2
           169.5 3
           170.5 3
           171.5 2
           172.5 4
           173.5 2
           174.5 3
           175.5 3
           176.5 1
           177.5 3
           178.5 3
           179.5 2
           180.5 3
           181.5 4
           182.5 1
           183.5 4
           184.5 2
           185.5 2
           186.5 2
           187.5 2
           188.5 3
             :
           190.5 1
           191.5 5
           192.5 4
           193.5 1
           194.5 2
           195.5 4
           196.5 2
           197.5 3
           198.5 3
           199.5 4
           200.5 3
           201.5 5
           202.5 5
           203.5 2
           204.5 2
           205.5 1
           206.5 1
           207.5 5
           208.5 2
           209.5 2
           210.5 4
           211.5 3
           212.5 5
           213.5 3
           214.5 4
           215.5 3
           216.5 1
           217.5 5
           218.5 2
           219.5 6
           220.5 3
           221.5 2
           222.5 4
           223.5 7
           224.5 2
           225.5 7
           226.5 3
           227.5 1
           228.5 2
           229.5 5
             :
           231.5 1
           232.5 2
           233.5 4
           234.5 5
           235.5 4
           236.5 4
           237.5 3
           238.5 7
           239.5 2
           240.5 2
           241.5 5
           242.5 5
           243.5 3
           244.5 4
           245.5 4
             :
           247.5 5
           248.5 6
           249.5 1
           250.5 1
           251.5 3
           252.5 1
           253.5 5
           254.5 5
           255.5 2
           256.5 5
           257.5 1
           258.5 2
             :
           260.5 5
           261.5 3
           262.5 5
           263.5 5
           264.5 4
           265.5 2
           266.5 5
           267.5 3
           268.5 5
           269.5 4
           270.5 2
           271.5 3
           272.5 6
           273.5 3
           274.5 8
           275.5 2
           276.5 6
           277.5 5
             :
           279.5 2
           280.5 6
           281.5 4
           282.5 4
           283.5 6
           284.5 6
           285.5 9
           286.5 5
           287.5 3
           288.5 3
           289.5 1
           290.5 4
           291.5 5
           292.5 5
           293.5 4
           294.5 3
           295.5 8
           296.5 1
           297.5 5
           298.5 8
           299.5 5
           300.5 2
           301.5 2
           302.5 2
           303.5 3
           304.5 5
           305.5 1
           306.5 3
           307.5 4
           308.5 4
           309.5 4
           310.5 1
           311.5 3
           312.5 3
           313.5 2
           314.5 2
           315.5 3
           316.5 3
           317.5 5
             :
           319.5 3
           320.5 2
           321.5 3
           322.5 3
           323.5 4
             :
           325.5 3
           326.5 3
           327.5 5
           328.5 3
             :
           330.5 2
           331.5 10
           332.5 3
           333.5 1
           334.5 1
           335.5 2
           336.5 1
           337.5 1
           338.5 4
           339.5 3
           340.5 4
           341.5 4
           342.5 1
           343.5 4
           344.5 3
           345.5 3
           346.5 2
           347.5 3
             :
           349.5 2
           350.5 1
           351.5 1
             :
           353.5 2
             :
           355.5 1
           356.5 2
           357.5 2
           358.5 2
             :
           360.5 4
           361.5 2
           362.5 2
           363.5 3
           364.5 2
           365.5 2
             :
           367.5 2
           368.5 1
           369.5 1
           370.5 2
           371.5 2
           372.5 1
           373.5 2
           374.5 1
           375.5 2
             :
           377.5 2
           378.5 3
           379.5 2
           380.5 2
             :
           382.5 4
           383.5 2
           384.5 1
             :
           386.5 2
           387.5 4
           388.5 2
           389.5 1
             :
           392.5 2
           393.5 1
             :
           395.5 2
           396.5 1
             :
           399.5 1
           400.5 1
           401.5 1
           402.5 1
             :
           404.5 1
             :
           406.5 2
           407.5 1
             :
           410.5 1
             :
           413.5 1
             :
           418.5 1
           419.5 1
             :
           421.5 2
             :
           424.5 1
           425.5 1
             :
           429.5 2
             :
           435.5 1
           436.5 1
             :
           444.5 1
             :
           456.5 1
             :
           460.5 1
             :
           466.5 1
             :
           470.5 1
             :
           473.5 1
             :
           478.5 1
             :
           486.5 1
             :
           526.5 1

Total: connections 14400 requests 14400 replies 14400 test-duration 600.115 s

Connection rate: 24.0 conn/s (41.7 ms/conn, <=7 concurrent connections)
Connection time [ms]: min 9.9 avg 32.5 max 526.5 median 17.5 stddev 58.4
Connection time [ms]: connect 0.7
Connection length [replies/conn]: 1.000

Request rate: 24.0 req/s (41.7 ms/req)
Request size [B]: 67.0

Reply rate [replies/s]: min 20.0 avg 24.0 max 28.0 stddev 0.9 (600 samples)
Percentages of the replies served at a given rate:
   50%: 23
   66%: 23
   75%: 23
   80%: 23
   90%: 24
   95%: 25
   98%: 25
   99%: 26
  100%: 28

Reply time [ms]: response 30.2 transfer 1.6
Percentages of the requests served within a certain time (ms) :
   50%: 15
   66%: 18
   75%: 21
   80%: 22
   90%: 35
   95%: 137
   98%: 273
   99%: 313
  100%: 526

Reply size [B]: header 162.0 content 72.0 footer 1.0 (total 235.0)
Reply status: 1xx=0 2xx=14400 3xx=0 4xx=0 5xx=0

CPU time [s]: user 491.42 system 107.51 (user 81.9% system 17.9% total 99.8%)
Net I/O: 7.1 KB/s (0.1*10^6 bps)

Errors: total 0 client-timo 0 socket-timo 0 connrefused 0 connreset 0
Errors: fd-unavail 0 addrunavail 0 ftab-full 0 other 0

