httperf --verbose --hog --timeout=50 --client=0/1 --server=172.16.116.116 --port=8080 --uri=/ --rate=24 --send-buffer=4096 --recv-buffer=16384 --num-conns=14400 --num-calls=1
httperf: maximum number of open descriptors = 65535
Maximum connect burst length: 1

Connection lifetime histogram (time in ms):
             :
            10.5 393
            11.5 1151
            12.5 950
            13.5 980
            14.5 1238
            15.5 1308
            16.5 1155
            17.5 775
            18.5 581
            19.5 482
            20.5 395
            21.5 362
            22.5 289
            23.5 231
            24.5 197
            25.5 138
            26.5 133
            27.5 141
            28.5 111
            29.5 100
            30.5 95
            31.5 68
            32.5 70
            33.5 67
            34.5 54
            35.5 46
            36.5 47
            37.5 43
            38.5 34
            39.5 37
            40.5 28
            41.5 19
            42.5 28
            43.5 25
            44.5 26
            45.5 20
            46.5 25
            47.5 22
            48.5 9
            49.5 14
            50.5 18
            51.5 19
            52.5 18
            53.5 18
            54.5 16
            55.5 11
            56.5 6
            57.5 10
            58.5 10
            59.5 9
            60.5 12
            61.5 8
            62.5 12
            63.5 7
            64.5 10
            65.5 12
            66.5 3
            67.5 4
            68.5 5
            69.5 5
            70.5 8
            71.5 10
            72.5 6
            73.5 2
            74.5 4
            75.5 3
            76.5 9
            77.5 6
            78.5 5
            79.5 4
            80.5 5
            81.5 6
            82.5 2
            83.5 2
            84.5 4
            85.5 3
            86.5 3
            87.5 3
            88.5 1
            89.5 2
            90.5 4
            91.5 4
            92.5 3
            93.5 8
            94.5 2
            95.5 4
            96.5 5
            97.5 5
            98.5 5
            99.5 4
           100.5 5
           101.5 2
           102.5 6
           103.5 3
           104.5 3
           105.5 5
           106.5 7
           107.5 2
           108.5 3
           109.5 5
           110.5 5
           111.5 4
             :
           113.5 1
           114.5 6
           115.5 1
           116.5 9
           117.5 3
           118.5 7
           119.5 7
           120.5 4
           121.5 3
           122.5 1
           123.5 2
           124.5 5
           125.5 1
           126.5 4
           127.5 2
           128.5 6
           129.5 7
           130.5 1
           131.5 1
           132.5 1
           133.5 7
           134.5 2
           135.5 4
           136.5 2
           137.5 3
           138.5 3
             :
           140.5 5
           141.5 7
           142.5 4
           143.5 3
           144.5 6
           145.5 11
           146.5 4
           147.5 6
           148.5 9
           149.5 8
           150.5 5
           151.5 6
           152.5 9
           153.5 10
           154.5 9
           155.5 7
           156.5 4
           157.5 6
           158.5 2
           159.5 4
           160.5 6
           161.5 4
           162.5 3
           163.5 4
           164.5 3
           165.5 6
           166.5 4
           167.5 10
           168.5 5
           169.5 4
           170.5 4
           171.5 4
           172.5 15
           173.5 12
           174.5 7
           175.5 4
           176.5 3
           177.5 5
           178.5 6
           179.5 6
           180.5 14
           181.5 7
           182.5 7
           183.5 5
           184.5 3
           185.5 8
           186.5 7
           187.5 7
           188.5 4
           189.5 9
           190.5 8
           191.5 8
           192.5 12
           193.5 5
           194.5 11
           195.5 10
           196.5 6
           197.5 9
           198.5 7
           199.5 11
           200.5 9
           201.5 9
           202.5 6
           203.5 6
           204.5 13
           205.5 8
           206.5 14
           207.5 9
           208.5 14
           209.5 11
           210.5 13
           211.5 7
           212.5 6
           213.5 10
           214.5 13
           215.5 8
           216.5 7
           217.5 9
           218.5 11
           219.5 10
           220.5 12
           221.5 10
           222.5 11
           223.5 12
           224.5 14
           225.5 11
           226.5 9
           227.5 13
           228.5 16
           229.5 6
           230.5 7
           231.5 13
           232.5 10
           233.5 9
           234.5 6
           235.5 14
           236.5 9
           237.5 13
           238.5 9
           239.5 15
           240.5 10
           241.5 15
           242.5 21
           243.5 13
           244.5 9
           245.5 11
           246.5 13
           247.5 11
           248.5 9
           249.5 8
           250.5 19
           251.5 7
           252.5 8
           253.5 10
           254.5 13
           255.5 8
           256.5 14
           257.5 11
           258.5 12
           259.5 12
           260.5 16
           261.5 9
           262.5 11
           263.5 16
           264.5 12
           265.5 16
           266.5 22
           267.5 15
           268.5 12
           269.5 6
           270.5 15
           271.5 6
           272.5 14
           273.5 14
           274.5 6
           275.5 6
           276.5 10
           277.5 15
           278.5 12
           279.5 8
           280.5 8
           281.5 13
           282.5 5
           283.5 9
           284.5 11
           285.5 9
           286.5 9
           287.5 9
           288.5 13
           289.5 4
           290.5 16
           291.5 7
           292.5 15
           293.5 9
           294.5 14
           295.5 9
           296.5 8
           297.5 14
           298.5 11
           299.5 14
           300.5 13
           301.5 9
           302.5 7
           303.5 10
           304.5 10
           305.5 5
           306.5 15
           307.5 8
           308.5 9
           309.5 6
           310.5 9
           311.5 6
           312.5 10
           313.5 4
           314.5 4
           315.5 7
           316.5 13
           317.5 10
           318.5 4
           319.5 7
           320.5 11
           321.5 2
           322.5 7
           323.5 5
           324.5 7
           325.5 10
           326.5 8
           327.5 9
           328.5 1
           329.5 9
           330.5 4
           331.5 6
           332.5 5
           333.5 3
           334.5 5
           335.5 2
           336.5 12
           337.5 2
           338.5 9
           339.5 6
           340.5 6
           341.5 4
           342.5 3
           343.5 5
           344.5 3
           345.5 5
           346.5 4
           347.5 2
           348.5 7
           349.5 7
           350.5 7
           351.5 2
           352.5 1
           353.5 1
           354.5 4
           355.5 8
           356.5 3
           357.5 3
           358.5 3
           359.5 7
           360.5 4
           361.5 1
           362.5 4
           363.5 1
             :
           365.5 4
           366.5 3
           367.5 3
           368.5 4
           369.5 1
           370.5 3
           371.5 1
           372.5 4
           373.5 1
           374.5 7
           375.5 1
           376.5 2
           377.5 1
           378.5 6
           379.5 3
           380.5 4
           381.5 1
           382.5 4
           383.5 2
           384.5 6
           385.5 1
           386.5 4
           387.5 3
           388.5 1
           389.5 3
           390.5 1
           391.5 2
           392.5 1
           393.5 4
             :
           395.5 4
           396.5 2
           397.5 1
           398.5 3
           399.5 1
           400.5 2
           401.5 1
           402.5 3
           403.5 2
           404.5 4
           405.5 1
           406.5 1
           407.5 1
             :
           409.5 6
             :
           411.5 2
           412.5 1
           413.5 3
             :
           415.5 1
           416.5 1
           417.5 1
           418.5 1
           419.5 3
           420.5 1
             :
           422.5 2
             :
           428.5 1
           429.5 3
           430.5 1
             :
           432.5 1
             :
           435.5 1
             :
           444.5 1
           445.5 1
           446.5 1
             :
           452.5 2
             :
           456.5 2
             :
           471.5 1
           472.5 1
             :
           479.5 1
             :
           509.5 1
             :
           525.5 1
             :
           530.5 1

Total: connections 14400 requests 14400 replies 14400 test-duration 600.280 s

Connection rate: 24.0 conn/s (41.7 ms/conn, <=8 concurrent connections)
Connection time [ms]: min 10.0 avg 54.1 max 530.7 median 17.5 stddev 88.2
Connection time [ms]: connect 0.9
Connection length [replies/conn]: 1.000

Request rate: 24.0 req/s (41.7 ms/req)
Request size [B]: 67.0

Reply rate [replies/s]: min 17.0 avg 24.0 max 30.0 stddev 1.6 (600 samples)
Percentages of the replies served at a given rate:
   50%: 23
   66%: 23
   75%: 24
   80%: 24
   90%: 25
   95%: 25
   98%: 27
   99%: 27
  100%: 30

Reply time [ms]: response 50.3 transfer 2.8
Percentages of the requests served within a certain time (ms) :
   50%: 15
   66%: 19
   75%: 25
   80%: 33
   90%: 202
   95%: 263
   98%: 314
   99%: 345
  100%: 507

Reply size [B]: header 162.0 content 72.0 footer 1.0 (total 235.0)
Reply status: 1xx=0 2xx=14400 3xx=0 4xx=0 5xx=0

CPU time [s]: user 484.61 system 114.31 (user 80.7% system 19.0% total 99.8%)
Net I/O: 7.1 KB/s (0.1*10^6 bps)

Errors: total 0 client-timo 0 socket-timo 0 connrefused 0 connreset 0
Errors: fd-unavail 0 addrunavail 0 ftab-full 0 other 0

