httperf --verbose --hog --timeout=50 --client=0/1 --server=172.16.116.116 --port=8080 --uri=/ --rate=16 --send-buffer=4096 --recv-buffer=16384 --num-conns=4800 --num-calls=1
httperf: maximum number of open descriptors = 65535
Maximum connect burst length: 1

Connection lifetime histogram (time in ms):
             :
            10.5 111
            11.5 524
            12.5 384
            13.5 258
            14.5 241
            15.5 283
            16.5 415
            17.5 275
            18.5 218
            19.5 186
            20.5 160
            21.5 128
            22.5 109
            23.5 95
            24.5 62
            25.5 60
            26.5 58
            27.5 34
            28.5 38
            29.5 18
            30.5 21
            31.5 21
            32.5 17
            33.5 28
            34.5 14
            35.5 10
            36.5 6
            37.5 6
            38.5 3
            39.5 4
            40.5 3
            41.5 2
            42.5 2
            43.5 2
            44.5 1
            45.5 1
            46.5 2
            47.5 2
            48.5 2
            49.5 3
            50.5 4
            51.5 1
            52.5 3
             :
            54.5 2
            55.5 1
            56.5 1
            57.5 1
            58.5 3
            59.5 1
            60.5 4
            61.5 3
            62.5 1
            63.5 3
            64.5 2
             :
            68.5 3
            69.5 2
             :
            71.5 4
            72.5 1
            73.5 2
            74.5 2
            75.5 1
            76.5 3
             :
            79.5 2
             :
            81.5 2
            82.5 3
            83.5 2
            84.5 1
            85.5 1
            86.5 1
            87.5 1
            88.5 5
            89.5 1
            90.5 1
            91.5 2
            92.5 2
            93.5 2
            94.5 1
             :
            97.5 1
            98.5 2
             :
           100.5 2
           101.5 1
           102.5 2
           103.5 1
           104.5 1
           105.5 3
           106.5 1
           107.5 2
           108.5 3
           109.5 2
           110.5 2
           111.5 2
           112.5 1
             :
           114.5 1
             :
           116.5 4
           117.5 1
           118.5 5
           119.5 2
           120.5 3
             :
           123.5 3
           124.5 1
           125.5 2
             :
           127.5 5
           128.5 2
           129.5 2
           130.5 2
             :
           133.5 2
           134.5 4
           135.5 1
           136.5 6
           137.5 1
           138.5 2
           139.5 1
           140.5 1
           141.5 1
           142.5 2
           143.5 1
           144.5 1
           145.5 4
           146.5 2
           147.5 3
           148.5 3
           149.5 5
           150.5 1
           151.5 1
           152.5 3
           153.5 2
           154.5 5
           155.5 3
           156.5 5
           157.5 2
           158.5 5
           159.5 4
           160.5 2
           161.5 3
           162.5 1
           163.5 2
           164.5 3
           165.5 6
           166.5 2
           167.5 4
           168.5 5
             :
           170.5 4
           171.5 4
             :
           173.5 4
           174.5 1
           175.5 3
           176.5 7
           177.5 4
           178.5 4
           179.5 5
           180.5 5
           181.5 1
           182.5 2
           183.5 1
           184.5 2
           185.5 7
           186.5 5
           187.5 2
           188.5 4
           189.5 6
           190.5 5
             :
           192.5 4
           193.5 6
           194.5 3
           195.5 10
           196.5 8
           197.5 4
           198.5 2
           199.5 4
           200.5 8
           201.5 4
           202.5 8
           203.5 6
           204.5 2
           205.5 6
           206.5 5
           207.5 5
           208.5 4
           209.5 5
           210.5 5
           211.5 10
           212.5 5
           213.5 4
           214.5 7
           215.5 3
           216.5 2
           217.5 2
           218.5 4
           219.5 7
           220.5 7
           221.5 7
           222.5 6
           223.5 4
           224.5 3
           225.5 1
           226.5 4
           227.5 2
           228.5 2
           229.5 1
           230.5 7
           231.5 6
           232.5 4
           233.5 4
           234.5 7
           235.5 6
           236.5 3
           237.5 4
           238.5 1
           239.5 4
           240.5 6
           241.5 4
           242.5 4
           243.5 1
           244.5 3
           245.5 8
           246.5 7
           247.5 7
           248.5 8
           249.5 4
           250.5 4
           251.5 3
           252.5 3
           253.5 8
           254.5 7
           255.5 4
           256.5 6
           257.5 7
           258.5 4
           259.5 3
           260.5 3
           261.5 4
           262.5 4
           263.5 3
           264.5 3
           265.5 6
           266.5 4
           267.5 4
           268.5 4
           269.5 7
           270.5 5
           271.5 5
           272.5 3
           273.5 2
           274.5 6
           275.5 2
           276.5 7
           277.5 1
           278.5 4
           279.5 2
           280.5 5
           281.5 5
           282.5 9
           283.5 1
           284.5 4
           285.5 3
           286.5 5
           287.5 6
           288.5 5
           289.5 4
           290.5 3
           291.5 7
           292.5 4
           293.5 5
           294.5 8
           295.5 6
           296.5 3
           297.5 5
           298.5 3
           299.5 4
           300.5 2
           301.5 4
           302.5 3
           303.5 4
           304.5 3
           305.5 3
           306.5 5
           307.5 4
           308.5 2
           309.5 1
           310.5 1
           311.5 2
           312.5 3
           313.5 3
             :
           315.5 4
           316.5 3
           317.5 6
           318.5 4
           319.5 4
             :
           321.5 5
           322.5 4
           323.5 1
             :
           325.5 3
           326.5 3
             :
           328.5 2
           329.5 1
           330.5 3
             :
           333.5 2
           334.5 2
           335.5 2
             :
           337.5 2
           338.5 2
           339.5 1
           340.5 2
           341.5 1
           342.5 4
           343.5 2
           344.5 2
           345.5 1
             :
           347.5 3
           348.5 1
           349.5 2
           350.5 1
           351.5 1
           352.5 1
             :
           355.5 1
           356.5 1
           357.5 1
           358.5 3
           359.5 1
           360.5 1
           361.5 1
           362.5 1
           363.5 1
           364.5 2
             :
           366.5 4
           367.5 1
           368.5 2
           369.5 2
           370.5 2
           371.5 1
           372.5 3
             :
           374.5 2
           375.5 4
           376.5 3
           377.5 2
           378.5 1
             :
           381.5 2
           382.5 1
             :
           384.5 1
             :
           387.5 2
             :
           390.5 1
           391.5 1
           392.5 1
           393.5 1
           394.5 1
             :
           397.5 1
             :
           401.5 1
           402.5 1
             :
           405.5 1
           406.5 1
           407.5 1
             :
           409.5 1
           410.5 1
           411.5 1
             :
           417.5 1
             :
           419.5 1
             :
           423.5 1
             :
           430.5 1
             :
           437.5 1
             :
           454.5 1
             :
           469.5 1
             :
           478.5 1

Total: connections 4800 requests 4800 replies 4800 test-duration 299.951 s

Connection rate: 16.0 conn/s (62.5 ms/conn, <=5 concurrent connections)
Connection time [ms]: min 10.1 avg 61.0 max 478.9 median 17.5 stddev 93.6
Connection time [ms]: connect 0.9
Connection length [replies/conn]: 1.000

Request rate: 16.0 req/s (62.5 ms/req)
Request size [B]: 67.0

Reply rate [replies/s]: min 13.0 avg 16.0 max 20.0 stddev 1.3 (299 samples)
Percentages of the replies served at a given rate:
   50%: 15
   66%: 15
   75%: 16
   80%: 16
   90%: 17
   95%: 17
   98%: 18
   99%: 18
  100%: 20

Reply time [ms]: response 56.7 transfer 3.3
Percentages of the requests served within a certain time (ms) :
   50%: 16
   66%: 19
   75%: 25
   80%: 62
   90%: 215
   95%: 267
   98%: 315
   99%: 349
  100%: 478

Reply size [B]: header 162.0 content 72.0 footer 1.0 (total 235.0)
Reply status: 1xx=0 2xx=4800 3xx=0 4xx=0 5xx=0

CPU time [s]: user 238.57 system 60.84 (user 79.5% system 20.3% total 99.8%)
Net I/O: 4.7 KB/s (0.0*10^6 bps)

Errors: total 0 client-timo 0 socket-timo 0 connrefused 0 connreset 0
Errors: fd-unavail 0 addrunavail 0 ftab-full 0 other 0

