httperf --verbose --hog --timeout=50 --client=0/1 --server=172.16.116.116 --port=8080 --uri=/ --rate=16 --send-buffer=4096 --recv-buffer=16384 --num-conns=2880 --num-calls=1
httperf: maximum number of open descriptors = 65535
Maximum connect burst length: 1

Connection lifetime histogram (time in ms):
             :
            10.5 222
            11.5 820
            12.5 320
            13.5 233
            14.5 182
            15.5 247
            16.5 361
            17.5 211
            18.5 104
            19.5 57
            20.5 29
            21.5 21
            22.5 14
            23.5 10
            24.5 2
            25.5 3
            26.5 1
            27.5 2
            28.5 1
             :
            30.5 1
             :
            47.5 1
             :
           101.5 1
             :
           117.5 1
             :
           119.5 1
             :
           143.5 1
             :
           148.5 1
             :
           156.5 1
             :
           167.5 1
             :
           174.5 1
             :
           185.5 1
             :
           190.5 1
             :
           193.5 1
             :
           210.5 1
           211.5 2
             :
           216.5 1
             :
           221.5 1
             :
           223.5 1
             :
           227.5 1
             :
           230.5 1
             :
           234.5 1
             :
           241.5 1
             :
           243.5 1
           244.5 1
           245.5 1
             :
           255.5 1
             :
           265.5 1
             :
           269.5 1
             :
           275.5 1
             :
           288.5 1
           289.5 1
             :
           297.5 1
             :
           313.5 1
           314.5 1
           315.5 1
             :
           323.5 1
             :
           337.5 1
             :
           342.5 1
             :
           358.5 1

Total: connections 2880 requests 2880 replies 2880 test-duration 179.949 s

Connection rate: 16.0 conn/s (62.5 ms/conn, <=2 concurrent connections)
Connection time [ms]: min 10.2 avg 17.0 max 359.0 median 13.5 stddev 26.4
Connection time [ms]: connect 0.7
Connection length [replies/conn]: 1.000

Request rate: 16.0 req/s (62.5 ms/req)
Request size [B]: 67.0

Reply rate [replies/s]: min 15.0 avg 16.0 max 17.0 stddev 0.3 (179 samples)
Percentages of the replies served at a given rate:
   50%: 15
   66%: 15
   75%: 15
   80%: 15
   90%: 15
   95%: 15
   98%: 16
   99%: 16
  100%: 17

Reply time [ms]: response 15.5 transfer 0.7
Percentages of the requests served within a certain time (ms) :
   50%: 11
   66%: 14
   75%: 15
   80%: 15
   90%: 16
   95%: 17
   98%: 20
   99%: 174
  100%: 358

Reply size [B]: header 162.0 content 72.0 footer 1.0 (total 235.0)
Reply status: 1xx=0 2xx=2880 3xx=0 4xx=0 5xx=0

CPU time [s]: user 150.51 system 29.09 (user 83.6% system 16.2% total 99.8%)
Net I/O: 4.7 KB/s (0.0*10^6 bps)

Errors: total 0 client-timo 0 socket-timo 0 connrefused 0 connreset 0
Errors: fd-unavail 0 addrunavail 0 ftab-full 0 other 0

