httperf --verbose --hog --timeout=50 --client=0/1 --server=172.16.116.116 --port=8080 --uri=/ --rate=16 --send-buffer=4096 --recv-buffer=16384 --num-conns=2880 --num-calls=1
httperf: maximum number of open descriptors = 65535
Maximum connect burst length: 1

Connection lifetime histogram (time in ms):
             :
            10.5 393
            11.5 846
            12.5 313
            13.5 225
            14.5 181
            15.5 250
            16.5 319
            17.5 155
            18.5 66
            19.5 50
            20.5 21
            21.5 12
            22.5 11
            23.5 10
             :
            25.5 2
            26.5 2
             :
            28.5 1
             :
            31.5 2
             :
            42.5 1
             :
            72.5 1
             :
           126.5 1
             :
           133.5 1
             :
           176.5 1
             :
           191.5 1
             :
           204.5 1
             :
           207.5 1
             :
           218.5 1
             :
           239.5 1
             :
           262.5 1
             :
           270.5 1
             :
           275.5 1
             :
           284.5 1
             :
           294.5 1
             :
           309.5 1
             :
           311.5 1
             :
           315.5 1
             :
           318.5 1
             :
           356.5 1
             :
           361.5 1

Total: connections 2880 requests 2880 replies 2880 test-duration 179.954 s

Connection rate: 16.0 conn/s (62.5 ms/conn, <=5 concurrent connections)
Connection time [ms]: min 10.2 avg 15.2 max 361.1 median 12.5 stddev 20.6
Connection time [ms]: connect 0.9
Connection length [replies/conn]: 1.000

Request rate: 16.0 req/s (62.5 ms/req)
Request size [B]: 67.0

Reply rate [replies/s]: min 12.0 avg 16.0 max 20.0 stddev 0.5 (179 samples)
Percentages of the replies served at a given rate:
   50%: 15
   66%: 15
   75%: 15
   80%: 15
   90%: 15
   95%: 15
   98%: 16
   99%: 16
  100%: 20

Reply time [ms]: response 13.7 transfer 0.6
Percentages of the requests served within a certain time (ms) :
   50%: 11
   66%: 12
   75%: 14
   80%: 15
   90%: 15
   95%: 16
   98%: 18
   99%: 21
  100%: 360

Reply size [B]: header 163.0 content 72.0 footer 2.0 (total 237.0)
Reply status: 1xx=0 2xx=2880 3xx=0 4xx=0 5xx=0

CPU time [s]: user 151.14 system 28.47 (user 84.0% system 15.8% total 99.8%)
Net I/O: 4.7 KB/s (0.0*10^6 bps)

Errors: total 0 client-timo 0 socket-timo 0 connrefused 0 connreset 0
Errors: fd-unavail 0 addrunavail 0 ftab-full 0 other 0

