httperf --verbose --hog --timeout=50 --client=0/1 --server=172.16.116.116 --port=8080 --uri=/ --rate=8 --send-buffer=4096 --recv-buffer=16384 --num-conns=2400 --num-calls=1
httperf: maximum number of open descriptors = 65535
Maximum connect burst length: 1

Connection lifetime histogram (time in ms):
             :
            10.5 41
            11.5 294
            12.5 328
            13.5 256
            14.5 226
            15.5 233
            16.5 250
            17.5 229
            18.5 155
            19.5 109
            20.5 63
            21.5 53
            22.5 36
            23.5 30
            24.5 12
            25.5 6
            26.5 3
            27.5 3
            28.5 4
            29.5 2
            30.5 4
            31.5 3
             :
            33.5 1
            34.5 1
             :
            36.5 1
            37.5 2
            38.5 1
             :
            48.5 1
             :
            58.5 1
             :
            75.5 1
             :
            89.5 1
             :
            94.5 1
             :
           102.5 1
             :
           123.5 1
             :
           133.5 1
             :
           135.5 1
             :
           142.5 1
             :
           144.5 1
             :
           146.5 1
             :
           155.5 1
             :
           167.5 1
             :
           171.5 1
           172.5 1
             :
           178.5 1
             :
           184.5 1
             :
           186.5 1
             :
           188.5 1
             :
           192.5 1
             :
           202.5 3
           203.5 1
             :
           208.5 1
             :
           213.5 3
           214.5 1
             :
           219.5 1
             :
           224.5 1
           225.5 1
             :
           227.5 1
             :
           236.5 1
           237.5 1
           238.5 1
             :
           242.5 1
             :
           245.5 1
           246.5 1
             :
           251.5 2
             :
           253.5 1
           254.5 1
             :
           259.5 1
             :
           261.5 1
           262.5 1
             :
           264.5 1
             :
           273.5 1
             :
           289.5 1
             :
           303.5 2
             :
           322.5 1
             :
           420.5 1

Total: connections 2400 requests 2400 replies 2400 test-duration 299.890 s

Connection rate: 8.0 conn/s (125.0 ms/conn, <=3 concurrent connections)
Connection time [ms]: min 10.3 avg 19.9 max 420.2 median 15.5 stddev 30.2
Connection time [ms]: connect 0.9
Connection length [replies/conn]: 1.000

Request rate: 8.0 req/s (125.0 ms/req)
Request size [B]: 67.0

Reply rate [replies/s]: min 7.0 avg 8.0 max 9.0 stddev 0.2 (299 samples)
Percentages of the replies served at a given rate:
   50%: 7
   66%: 7
   75%: 7
   80%: 7
   90%: 7
   95%: 7
   98%: 8
   99%: 8
  100%: 9

Reply time [ms]: response 17.9 transfer 0.9
Percentages of the requests served within a certain time (ms) :
   50%: 13
   66%: 15
   75%: 16
   80%: 16
   90%: 18
   95%: 20
   98%: 102
   99%: 192
  100%: 419

Reply size [B]: header 162.0 content 72.0 footer 1.0 (total 235.0)
Reply status: 1xx=0 2xx=2400 3xx=0 4xx=0 5xx=0

CPU time [s]: user 246.89 system 52.50 (user 82.3% system 17.5% total 99.8%)
Net I/O: 2.4 KB/s (0.0*10^6 bps)

Errors: total 0 client-timo 0 socket-timo 0 connrefused 0 connreset 0
Errors: fd-unavail 0 addrunavail 0 ftab-full 0 other 0

