httperf --verbose --hog --timeout=50 --client=0/1 --server=172.16.116.116 --port=8080 --uri=/ --rate=8 --send-buffer=4096 --recv-buffer=16384 --num-conns=2400 --num-calls=1
httperf: maximum number of open descriptors = 65535
Maximum connect burst length: 1

Connection lifetime histogram (time in ms):
             :
            10.5 189
            11.5 527
            12.5 330
            13.5 261
            14.5 213
            15.5 197
            16.5 208
            17.5 138
            18.5 95
            19.5 66
            20.5 46
            21.5 25
            22.5 21
            23.5 8
            24.5 6
            25.5 11
            26.5 3
            27.5 1
            28.5 3
             :
            63.5 1
             :
            79.5 1
            80.5 1
             :
            96.5 1
             :
           128.5 1
             :
           138.5 1
             :
           141.5 1
           142.5 2
             :
           145.5 1
           146.5 1
             :
           161.5 1
             :
           172.5 1
             :
           178.5 1
             :
           185.5 1
             :
           187.5 1
             :
           192.5 1
             :
           198.5 2
             :
           207.5 1
             :
           212.5 1
             :
           222.5 1
             :
           224.5 1
             :
           231.5 3
             :
           233.5 1
           234.5 2
           235.5 1
             :
           239.5 1
             :
           247.5 1
             :
           250.5 1
             :
           254.5 1
             :
           259.5 1
             :
           266.5 1
             :
           268.5 1
             :
           279.5 1
             :
           283.5 1
             :
           286.5 1
             :
           289.5 1
             :
           292.5 1
             :
           297.5 1
             :
           299.5 1
             :
           313.5 1
             :
           317.5 1
           318.5 1
             :
           332.5 1
             :
           334.5 1
             :
           348.5 1
             :
           358.5 1
             :
           361.5 1

Total: connections 2400 requests 2400 replies 2400 test-duration 299.888 s

Connection rate: 8.0 conn/s (125.0 ms/conn, <=2 concurrent connections)
Connection time [ms]: min 10.3 avg 18.9 max 361.4 median 13.5 stddev 32.9
Connection time [ms]: connect 0.8
Connection length [replies/conn]: 1.000

Request rate: 8.0 req/s (125.0 ms/req)
Request size [B]: 67.0

Reply rate [replies/s]: min 7.0 avg 8.0 max 9.0 stddev 0.2 (299 samples)
Percentages of the replies served at a given rate:
   50%: 7
   66%: 7
   75%: 7
   80%: 7
   90%: 7
   95%: 7
   98%: 8
   99%: 8
  100%: 9

Reply time [ms]: response 16.8 transfer 1.1
Percentages of the requests served within a certain time (ms) :
   50%: 11
   66%: 13
   75%: 14
   80%: 15
   90%: 17
   95%: 19
   98%: 78
   99%: 201
  100%: 360

Reply size [B]: header 163.0 content 72.0 footer 2.0 (total 237.0)
Reply status: 1xx=0 2xx=2400 3xx=0 4xx=0 5xx=0

CPU time [s]: user 253.15 system 46.22 (user 84.4% system 15.4% total 99.8%)
Net I/O: 2.4 KB/s (0.0*10^6 bps)

Errors: total 0 client-timo 0 socket-timo 0 connrefused 0 connreset 0
Errors: fd-unavail 0 addrunavail 0 ftab-full 0 other 0

