httperf --verbose --hog --timeout=50 --client=0/1 --server=172.16.116.116 --port=8080 --uri=/ --rate=24 --send-buffer=4096 --recv-buffer=16384 --num-conns=4320 --num-calls=1
httperf: maximum number of open descriptors = 65535
Maximum connect burst length: 1

Connection lifetime histogram (time in ms):
             :
             9.5 1
            10.5 1281
            11.5 748
            12.5 403
            13.5 239
            14.5 142
            15.5 477
            16.5 533
            17.5 141
            18.5 46
            19.5 16
            20.5 15
            21.5 9
            22.5 3
            23.5 2
            24.5 2
            25.5 2
            26.5 1
             :
            28.5 1
            29.5 1
             :
           323.5 1
             :
           458.5 1
             :
           494.5 1
             :
           498.5 1
             :
           515.5 1
             :
           519.5 2
             :
           525.5 1
           526.5 1
             :
           530.5 1
             :
           536.5 1
             :
           541.5 1
             :
           544.5 1
             :
           548.5 1
             :
           551.5 1
           552.5 1
           553.5 1
           554.5 1
             :
           556.5 1
             :
           558.5 1
             :
           561.5 1
             :
           566.5 1
           567.5 2
             :
           571.5 3
           572.5 1
           573.5 1
           574.5 1
             :
           577.5 1
             :
           581.5 1
           582.5 3
           583.5 2
           584.5 1
             :
           587.5 1
             :
           591.5 2
             :
           596.5 1
             :
           599.5 1
             :
           602.5 1
           603.5 1
           604.5 1
           605.5 4
             :
           609.5 2
           610.5 1
           611.5 1
           612.5 1
           613.5 2
             :
           615.5 1
           616.5 2
           617.5 2
             :
           620.5 1
           621.5 3
             :
           623.5 2
           624.5 1
           625.5 1
             :
           627.5 1
           628.5 1
           629.5 1
             :
           634.5 2
             :
           636.5 1
             :
           638.5 3
             :
           640.5 1
             :
           642.5 1
             :
           647.5 1
             :
           651.5 2
             :
           656.5 1
             :
           658.5 3
             :
           660.5 1
             :
           662.5 1
           663.5 1
             :
           669.5 1
           670.5 3
           671.5 2
             :
           674.5 1
           675.5 1
           676.5 1
           677.5 1
           678.5 1
             :
           681.5 1
             :
           684.5 2
             :
           686.5 3
           687.5 1
             :
           689.5 2
             :
           691.5 6
           692.5 2
             :
           694.5 2
           695.5 1
           696.5 1
             :
           700.5 2
           701.5 4
             :
           705.5 1
             :
           707.5 1
             :
           709.5 1
           710.5 4
           711.5 2
           712.5 1
           713.5 1
           714.5 1
             :
           717.5 1
           718.5 1
             :
           720.5 1
             :
           722.5 1
           723.5 1
             :
           725.5 1
           726.5 2
           727.5 1
           728.5 4
           729.5 1
             :
           731.5 2
             :
           733.5 1
           734.5 1
           735.5 1
             :
           737.5 1
           738.5 1
             :
           741.5 2
             :
           743.5 2
           744.5 1
           745.5 2
           746.5 1
           747.5 2
           748.5 1
           749.5 2
           750.5 2
           751.5 3
           752.5 1
             :
           754.5 2
           755.5 1
             :
           757.5 1
           758.5 2
             :
           760.5 1
             :
           762.5 4
           763.5 1
           764.5 2
           765.5 1
             :
           768.5 1
           769.5 1
           770.5 1
             :
           772.5 1
           773.5 1
           774.5 1
           775.5 1
           776.5 1
           777.5 1
             :
           779.5 1
             :
           783.5 1
           784.5 2
             :
           786.5 1
             :
           788.5 3
             :
           790.5 1
             :
           792.5 1
           793.5 2
           794.5 1
           795.5 1
             :
           797.5 1
           798.5 1
           799.5 1
           800.5 1
             :
           804.5 1
             :
           807.5 2
             :
           810.5 1
           811.5 1
             :
           818.5 2
             :
           820.5 1
           821.5 2
             :
           824.5 1
             :
           826.5 1
             :
           829.5 1
             :
           833.5 1
             :
           836.5 1
             :
           839.5 1
           840.5 1
             :
           845.5 2
             :
           851.5 1
             :
           853.5 1
             :
           857.5 1
             :
           861.5 1
             :
           868.5 1
           869.5 1
             :
           873.5 2
           874.5 1
             :
           887.5 1
             :
           903.5 1
             :
           916.5 1
             :
           920.5 1
             :
           928.5 1
             :
           934.5 1

Total: connections 4320 requests 4320 replies 4320 test-duration 180.560 s

Connection rate: 23.9 conn/s (41.8 ms/conn, <=5 concurrent connections)
Connection time [ms]: min 9.9 avg 53.8 max 935.0 median 12.5 stddev 163.9
Connection time [ms]: connect 0.5
Connection length [replies/conn]: 1.000

Request rate: 23.9 req/s (41.8 ms/req)
Request size [B]: 67.0

Reply rate [replies/s]: min 21.0 avg 24.0 max 27.0 stddev 1.1 (180 samples)
Percentages of the replies served at a given rate:
   50%: 23
   66%: 23
   75%: 24
   80%: 24
   90%: 24
   95%: 25
   98%: 25
   99%: 26
  100%: 27

Reply time [ms]: response 48.3 transfer 4.9
Percentages of the requests served within a certain time (ms) :
   50%: 11
   66%: 13
   75%: 14
   80%: 15
   90%: 15
   95%: 537
   98%: 656
   99%: 711
  100%: 919

Reply size [B]: header 163.0 content 72.0 footer 2.0 (total 237.0)
Reply status: 1xx=0 2xx=4320 3xx=0 4xx=0 5xx=0

CPU time [s]: user 146.93 system 33.30 (user 81.4% system 18.4% total 99.8%)
Net I/O: 7.1 KB/s (0.1*10^6 bps)

Errors: total 0 client-timo 0 socket-timo 0 connrefused 0 connreset 0
Errors: fd-unavail 0 addrunavail 0 ftab-full 0 other 0

