httperf --verbose --hog --timeout=50 --client=0/1 --server=172.16.116.116 --port=8080 --uri=/ --rate=24 --send-buffer=4096 --recv-buffer=16384 --num-conns=4320 --num-calls=1
httperf: maximum number of open descriptors = 65535
Maximum connect burst length: 1

Connection lifetime histogram (time in ms):
             :
             9.5 2
            10.5 1602
            11.5 543
            12.5 259
            13.5 218
            14.5 161
            15.5 414
            16.5 533
            17.5 118
            18.5 29
            19.5 18
            20.5 12
            21.5 5
            22.5 1
            23.5 3
            24.5 1
            25.5 1
             :
            27.5 1
            28.5 1
             :
            35.5 1
             :
           411.5 1
             :
           452.5 1
             :
           478.5 1
             :
           485.5 1
             :
           499.5 2
             :
           515.5 1
             :
           518.5 1
             :
           522.5 1
             :
           532.5 1
             :
           535.5 1
             :
           537.5 1
             :
           539.5 1
             :
           541.5 1
             :
           546.5 1
           547.5 1
           548.5 1
             :
           550.5 1
           551.5 1
             :
           553.5 1
           554.5 1
           555.5 1
             :
           558.5 1
             :
           561.5 2
           562.5 1
           563.5 2
           564.5 2
           565.5 1
           566.5 2
           567.5 1
             :
           570.5 1
           571.5 2
             :
           573.5 1
           574.5 2
             :
           576.5 2
           577.5 3
           578.5 1
             :
           581.5 1
             :
           583.5 3
           584.5 1
           585.5 3
           586.5 2
             :
           589.5 2
             :
           591.5 1
           592.5 1
           593.5 3
           594.5 2
             :
           596.5 1
             :
           598.5 3
             :
           601.5 2
             :
           605.5 1
           606.5 1
           607.5 1
           608.5 1
           609.5 1
           610.5 2
           611.5 1
           612.5 1
           613.5 1
             :
           616.5 2
           617.5 1
           618.5 1
           619.5 2
             :
           622.5 1
           623.5 1
             :
           627.5 1
           628.5 3
           629.5 2
           630.5 2
           631.5 1
           632.5 1
             :
           634.5 1
           635.5 1
           636.5 1
           637.5 2
             :
           639.5 2
             :
           641.5 1
           642.5 1
           643.5 1
           644.5 1
           645.5 1
             :
           650.5 2
           651.5 2
           652.5 1
           653.5 2
             :
           655.5 2
           656.5 1
           657.5 1
             :
           659.5 1
           660.5 1
           661.5 3
           662.5 1
           663.5 2
           664.5 1
             :
           666.5 1
           667.5 1
             :
           669.5 1
           670.5 1
             :
           673.5 1
             :
           675.5 2
           676.5 1
           677.5 1
             :
           679.5 2
           680.5 3
           681.5 1
             :
           684.5 1
           685.5 1
           686.5 4
           687.5 1
           688.5 2
             :
           690.5 1
             :
           692.5 3
           693.5 1
           694.5 1
           695.5 5
           696.5 1
           697.5 1
             :
           699.5 1
           700.5 3
             :
           704.5 1
           705.5 1
           706.5 2
           707.5 1
           708.5 1
             :
           710.5 7
           711.5 3
           712.5 2
           713.5 4
           714.5 1
           715.5 1
             :
           717.5 1
           718.5 2
           719.5 2
           720.5 1
           721.5 1
           722.5 3
           723.5 3
           724.5 3
           725.5 1
           726.5 2
             :
           728.5 3
           729.5 5
           730.5 1
             :
           732.5 2
           733.5 3
           734.5 1
             :
           736.5 3
           737.5 1
           738.5 5
           739.5 1
           740.5 2
           741.5 1
           742.5 3
           743.5 2
           744.5 1
           745.5 1
           746.5 3
           747.5 2
           748.5 2
           749.5 3
           750.5 2
           751.5 3
             :
           753.5 2
           754.5 1
           755.5 2
           756.5 2
           757.5 1
           758.5 3
           759.5 1
           760.5 1
           761.5 2
           762.5 2
           763.5 4
           764.5 1
             :
           766.5 2
           767.5 2
           768.5 2
             :
           771.5 2
             :
           773.5 2
           774.5 4
             :
           776.5 1
           777.5 3
             :
           779.5 1
           780.5 4
           781.5 2
           782.5 4
             :
           784.5 1
             :
           786.5 1
           787.5 1
           788.5 1
           789.5 2
           790.5 1
           791.5 2
           792.5 1
           793.5 5
           794.5 4
           795.5 1
             :
           797.5 1
           798.5 4
           799.5 1
           800.5 1
           801.5 1
           802.5 2
             :
           804.5 1
             :
           809.5 1
             :
           811.5 1
           812.5 2
           813.5 1
           814.5 2
           815.5 1
           816.5 2
           817.5 1
             :
           819.5 2
             :
           821.5 2
             :
           823.5 1
           824.5 1
             :
           826.5 2
             :
           829.5 1
           830.5 2
             :
           833.5 1
             :
           835.5 1
             :
           838.5 1
           839.5 2
           840.5 1
           841.5 1
             :
           844.5 2
             :
           847.5 4
             :
           849.5 1
           850.5 1
           851.5 1
             :
           853.5 1
           854.5 1
             :
           857.5 2
           858.5 1
             :
           860.5 1
           861.5 1
             :
           871.5 1
             :
           904.5 1
             :
           916.5 1
             :
           923.5 1
             :
           989.5 1

Total: connections 4320 requests 4320 replies 4320 test-duration 180.641 s

Connection rate: 23.9 conn/s (41.8 ms/conn, <=8 concurrent connections)
Connection time [ms]: min 9.9 avg 76.5 max 989.8 median 12.5 stddev 202.0
Connection time [ms]: connect 0.5
Connection length [replies/conn]: 1.000

Request rate: 23.9 req/s (41.8 ms/req)
Request size [B]: 67.0

Reply rate [replies/s]: min 19.0 avg 24.0 max 27.0 stddev 1.3 (180 samples)
Percentages of the replies served at a given rate:
   50%: 23
   66%: 23
   75%: 24
   80%: 24
   90%: 25
   95%: 25
   98%: 26
   99%: 26
  100%: 27

Reply time [ms]: response 67.5 transfer 8.4
Percentages of the requests served within a certain time (ms) :
   50%: 10
   66%: 14
   75%: 14
   80%: 15
   90%: 17
   95%: 593
   98%: 686
   99%: 731
  100%: 903

Reply size [B]: header 162.0 content 72.0 footer 1.0 (total 235.0)
Reply status: 1xx=0 2xx=4320 3xx=0 4xx=0 5xx=0

CPU time [s]: user 143.31 system 37.00 (user 79.3% system 20.5% total 99.8%)
Net I/O: 7.1 KB/s (0.1*10^6 bps)

Errors: total 0 client-timo 0 socket-timo 0 connrefused 0 connreset 0
Errors: fd-unavail 0 addrunavail 0 ftab-full 0 other 0

