httperf --verbose --hog --timeout=50 --client=0/1 --server=172.16.116.116 --port=8080 --uri=/ --rate=24 --send-buffer=4096 --recv-buffer=16384 --num-conns=4320 --num-calls=1
httperf: maximum number of open descriptors = 65535
Maximum connect burst length: 1

Connection lifetime histogram (time in ms):
             :
             9.5 3
            10.5 863
            11.5 499
            12.5 401
            13.5 205
            14.5 179
            15.5 548
            16.5 334
            17.5 109
            18.5 34
            19.5 26
            20.5 24
            21.5 11
            22.5 8
            23.5 7
            24.5 5
             :
            26.5 2
            27.5 2
            28.5 1
             :
           444.5 1
             :
           463.5 1
           464.5 1
             :
           469.5 1
             :
           471.5 1
           472.5 1
           473.5 1
           474.5 1
             :
           476.5 1
             :
           479.5 1
             :
           486.5 1
             :
           488.5 1
             :
           490.5 1
           491.5 2
             :
           495.5 1
           496.5 1
             :
           502.5 1
             :
           504.5 2
             :
           508.5 1
             :
           511.5 2
             :
           513.5 2
           514.5 1
             :
           518.5 1
           519.5 1
             :
           521.5 1
           522.5 2
           523.5 1
           524.5 3
           525.5 2
             :
           527.5 1
             :
           529.5 3
             :
           533.5 3
           534.5 1
           535.5 2
           536.5 1
           537.5 1
           538.5 1
           539.5 2
           540.5 2
           541.5 2
           542.5 1
           543.5 1
             :
           545.5 2
           546.5 4
           547.5 2
           548.5 7
           549.5 1
           550.5 1
           551.5 4
           552.5 2
           553.5 3
           554.5 3
             :
           556.5 4
           557.5 1
           558.5 3
           559.5 3
           560.5 1
           561.5 1
           562.5 5
           563.5 4
           564.5 1
           565.5 5
           566.5 2
           567.5 1
           568.5 3
           569.5 2
             :
           571.5 1
             :
           573.5 1
           574.5 3
             :
           576.5 4
           577.5 3
             :
           579.5 5
           580.5 5
           581.5 5
           582.5 2
           583.5 3
           584.5 1
           585.5 2
           586.5 1
             :
           588.5 4
           589.5 3
           590.5 3
           591.5 1
           592.5 2
           593.5 2
           594.5 2
           595.5 5
           596.5 5
           597.5 4
           598.5 1
           599.5 2
           600.5 4
           601.5 3
           602.5 1
           603.5 1
           604.5 1
           605.5 1
           606.5 3
           607.5 4
           608.5 5
           609.5 1
           610.5 1
           611.5 3
           612.5 3
             :
           614.5 1
           615.5 8
           616.5 7
           617.5 3
           618.5 2
           619.5 3
           620.5 3
           621.5 4
           622.5 1
           623.5 4
           624.5 4
           625.5 2
             :
           627.5 3
           628.5 4
           629.5 3
           630.5 3
           631.5 4
           632.5 2
           633.5 6
           634.5 1
           635.5 2
           636.5 5
           637.5 1
           638.5 3
           639.5 6
           640.5 4
           641.5 5
           642.5 3
           643.5 3
           644.5 2
           645.5 6
           646.5 1
           647.5 4
           648.5 7
           649.5 3
           650.5 2
           651.5 2
           652.5 2
           653.5 1
           654.5 3
           655.5 7
           656.5 5
           657.5 3
           658.5 4
           659.5 4
           660.5 3
           661.5 4
           662.5 4
           663.5 3
           664.5 2
           665.5 6
           666.5 6
           667.5 5
           668.5 4
           669.5 7
           670.5 2
           671.5 5
           672.5 4
           673.5 1
           674.5 2
           675.5 2
           676.5 8
           677.5 7
           678.5 3
           679.5 3
           680.5 4
           681.5 6
           682.5 5
           683.5 2
           684.5 3
           685.5 2
           686.5 2
           687.5 4
           688.5 3
           689.5 4
           690.5 3
           691.5 2
           692.5 2
           693.5 9
           694.5 3
           695.5 5
           696.5 5
           697.5 2
           698.5 4
           699.5 4
           700.5 6
           701.5 1
           702.5 4
           703.5 5
           704.5 5
           705.5 3
           706.5 5
           707.5 4
           708.5 1
           709.5 1
           710.5 4
           711.5 3
           712.5 1
           713.5 3
           714.5 3
           715.5 6
           716.5 3
           717.5 3
           718.5 4
           719.5 2
           720.5 4
           721.5 8
           722.5 4
           723.5 5
           724.5 2
           725.5 6
           726.5 5
           727.5 5
           728.5 5
           729.5 2
           730.5 1
           731.5 5
           732.5 4
           733.5 7
           734.5 7
           735.5 4
           736.5 4
           737.5 3
           738.5 7
           739.5 3
           740.5 11
           741.5 5
           742.5 5
           743.5 5
           744.5 5
           745.5 2
           746.5 9
           747.5 3
           748.5 4
           749.5 1
           750.5 2
           751.5 3
           752.5 3
           753.5 6
           754.5 7
           755.5 5
           756.5 6
           757.5 4
           758.5 8
           759.5 6
           760.5 6
           761.5 5
           762.5 2
           763.5 2
           764.5 3
           765.5 5
           766.5 4
           767.5 4
           768.5 4
           769.5 1
           770.5 6
           771.5 3
           772.5 5
           773.5 3
           774.5 1
             :
           776.5 4
           777.5 6
           778.5 9
             :
           780.5 3
             :
           782.5 5
           783.5 1
           784.5 2
           785.5 1
           786.5 3
           787.5 3
             :
           789.5 2
           790.5 3
           791.5 1
           792.5 1
           793.5 3
           794.5 2
           795.5 3
           796.5 4
           797.5 3
           798.5 1
           799.5 2
           800.5 2
             :
           802.5 2
           803.5 5
           804.5 3
           805.5 2
           806.5 1
           807.5 2
           808.5 2
           809.5 2
           810.5 3
           811.5 1
           812.5 2
           813.5 6
           814.5 2
           815.5 3
           816.5 2
           817.5 4
           818.5 2
           819.5 9
             :
           822.5 2
           823.5 4
             :
           825.5 2
           826.5 1
           827.5 3
             :
           829.5 1
           830.5 1
           831.5 1
           832.5 1
           833.5 1
           834.5 2
           835.5 2
           836.5 2
             :
           838.5 3
           839.5 2
           840.5 1
           841.5 2
           842.5 1
             :
           845.5 4
           846.5 1
           847.5 2
           848.5 1
           849.5 2
           850.5 2
             :
           852.5 1
           853.5 2
           854.5 1
             :
           856.5 1
           857.5 3
           858.5 1
             :
           860.5 1
             :
           862.5 3
           863.5 1
           864.5 2
             :
           866.5 1
             :
           870.5 1
           871.5 1
             :
           873.5 2
           874.5 1
           875.5 1
           876.5 1
           877.5 1
           878.5 1
             :
           880.5 1
           881.5 1
             :
           884.5 1
             :
           887.5 1
             :
           892.5 1
           893.5 2
             :
           896.5 1
           897.5 1
             :
           902.5 1
             :
           905.5 1
           906.5 1
           907.5 1
           908.5 1
           909.5 1
             :
           913.5 2
             :
           922.5 1
             :
           928.5 1
             :
           931.5 1
             :
           947.5 1
             :
           962.5 1
             :
           964.5 1
             :
           967.5 1
             :
           970.5 1

Total: connections 4320 requests 4320 replies 4320 test-duration 180.670 s

Connection rate: 23.9 conn/s (41.8 ms/conn, <=12 concurrent connections)
Connection time [ms]: min 9.8 avg 180.6 max 970.1 median 15.5 stddev 297.3
Connection time [ms]: connect 0.6
Connection length [replies/conn]: 1.000

Request rate: 23.9 req/s (41.8 ms/req)
Request size [B]: 67.0

Reply rate [replies/s]: min 16.0 avg 24.0 max 31.0 stddev 2.3 (180 samples)
Percentages of the replies served at a given rate:
   50%: 23
   66%: 24
   75%: 24
   80%: 25
   90%: 26
   95%: 27
   98%: 28
   99%: 28
  100%: 31

Reply time [ms]: response 159.6 transfer 20.3
Percentages of the requests served within a certain time (ms) :
   50%: 13
   66%: 15
   75%: 19
   80%: 536
   90%: 624
   95%: 685
   98%: 749
   99%: 788
  100%: 964

Reply size [B]: header 162.0 content 72.0 footer 1.0 (total 235.0)
Reply status: 1xx=0 2xx=4320 3xx=0 4xx=0 5xx=0

CPU time [s]: user 135.76 system 44.56 (user 75.1% system 24.7% total 99.8%)
Net I/O: 7.1 KB/s (0.1*10^6 bps)

Errors: total 0 client-timo 0 socket-timo 0 connrefused 0 connreset 0
Errors: fd-unavail 0 addrunavail 0 ftab-full 0 other 0

