httperf --verbose --hog --timeout=50 --client=0/1 --server=172.16.116.116 --port=8080 --uri=/ --rate=24 --send-buffer=4096 --recv-buffer=16384 --num-conns=4320 --num-calls=1
httperf: maximum number of open descriptors = 65535
Maximum connect burst length: 1

Connection lifetime histogram (time in ms):
             :
             9.5 2
            10.5 1404
            11.5 657
            12.5 390
            13.5 237
            14.5 156
            15.5 522
            16.5 499
            17.5 97
            18.5 49
            19.5 14
            20.5 16
            21.5 5
            22.5 7
            23.5 4
             :
            25.5 2
            26.5 1
            27.5 3
             :
            29.5 1
             :
            32.5 1
             :
           374.5 1
             :
           445.5 1
             :
           476.5 1
             :
           478.5 1
             :
           482.5 1
             :
           484.5 1
             :
           500.5 1
             :
           519.5 1
             :
           521.5 1
             :
           527.5 1
             :
           532.5 1
           533.5 3
             :
           535.5 3
             :
           538.5 1
             :
           545.5 1
             :
           547.5 1
           548.5 2
             :
           557.5 1
           558.5 1
             :
           560.5 1
           561.5 1
           562.5 1
             :
           564.5 1
           565.5 1
             :
           568.5 1
             :
           570.5 2
             :
           573.5 1
             :
           577.5 1
           578.5 2
           579.5 1
           580.5 1
             :
           584.5 1
             :
           590.5 1
           591.5 1
             :
           596.5 2
           597.5 1
             :
           599.5 2
           600.5 1
             :
           602.5 1
             :
           604.5 2
             :
           607.5 2
             :
           609.5 3
           610.5 1
           611.5 1
             :
           614.5 1
           615.5 2
             :
           617.5 1
           618.5 1
           619.5 1
           620.5 1
           621.5 1
           622.5 1
             :
           628.5 1
           629.5 3
             :
           631.5 1
           632.5 1
             :
           634.5 1
             :
           636.5 1
           637.5 2
           638.5 1
           639.5 1
             :
           641.5 1
           642.5 1
             :
           646.5 1
           647.5 1
             :
           649.5 1
             :
           653.5 3
           654.5 2
           655.5 1
             :
           657.5 1
           658.5 1
           659.5 1
             :
           662.5 1
           663.5 1
           664.5 1
           665.5 1
             :
           667.5 1
           668.5 2
             :
           670.5 2
           671.5 1
           672.5 1
             :
           676.5 1
             :
           678.5 1
           679.5 1
           680.5 1
             :
           682.5 1
             :
           684.5 1
           685.5 4
             :
           687.5 1
           688.5 2
           689.5 1
           690.5 1
           691.5 1
             :
           693.5 2
           694.5 1
             :
           696.5 3
           697.5 1
           698.5 1
             :
           703.5 3
             :
           705.5 1
             :
           707.5 1
           708.5 1
           709.5 2
           710.5 3
             :
           712.5 1
           713.5 1
             :
           715.5 2
           716.5 2
             :
           720.5 1
           721.5 2
           722.5 3
             :
           724.5 2
             :
           727.5 1
           728.5 2
           729.5 2
           730.5 4
             :
           733.5 1
             :
           735.5 3
             :
           739.5 2
             :
           741.5 1
             :
           743.5 1
           744.5 1
             :
           746.5 1
           747.5 1
           748.5 1
           749.5 2
           750.5 1
           751.5 2
           752.5 1
           753.5 1
             :
           755.5 1
           756.5 2
             :
           758.5 1
             :
           763.5 1
             :
           766.5 2
             :
           768.5 2
           769.5 1
           770.5 1
             :
           773.5 2
             :
           776.5 1
           777.5 1
           778.5 4
           779.5 1
             :
           782.5 2
             :
           784.5 1
           785.5 1
           786.5 3
           787.5 2
           788.5 3
           789.5 1
           790.5 1
             :
           793.5 1
           794.5 1
           795.5 1
             :
           797.5 1
             :
           799.5 1
           800.5 2
           801.5 1
             :
           805.5 1
           806.5 1
             :
           810.5 1
           811.5 1
             :
           813.5 2
             :
           823.5 1
             :
           825.5 1
           826.5 1
           827.5 1
           828.5 2
           829.5 1
             :
           835.5 2
             :
           839.5 1
             :
           841.5 1
           842.5 1
             :
           844.5 1
             :
           859.5 1
             :
           868.5 2
           869.5 1
           870.5 1
             :
           875.5 1
             :
           894.5 1
             :
           899.5 1
             :
           907.5 1
             :
           946.5 1
             :
           980.5 1
             :
          1004.5 1

Total: connections 4320 requests 4320 replies 4320 test-duration 179.969 s

Connection rate: 24.0 conn/s (41.7 ms/conn, <=6 concurrent connections)
Connection time [ms]: min 9.8 avg 52.9 max 1004.9 median 12.5 stddev 162.1
Connection time [ms]: connect 0.5
Connection length [replies/conn]: 1.000

Request rate: 24.0 req/s (41.7 ms/req)
Request size [B]: 67.0

Reply rate [replies/s]: min 20.0 avg 24.0 max 28.0 stddev 1.2 (179 samples)
Percentages of the replies served at a given rate:
   50%: 23
   66%: 23
   75%: 24
   80%: 24
   90%: 24
   95%: 25
   98%: 25
   99%: 26
  100%: 28

Reply time [ms]: response 47.4 transfer 4.9
Percentages of the requests served within a certain time (ms) :
   50%: 11
   66%: 13
   75%: 14
   80%: 15
   90%: 15
   95%: 531
   98%: 654
   99%: 713
  100%: 945

Reply size [B]: header 162.0 content 72.0 footer 1.0 (total 235.0)
Reply status: 1xx=0 2xx=4320 3xx=0 4xx=0 5xx=0

CPU time [s]: user 144.90 system 34.75 (user 80.5% system 19.3% total 99.8%)
Net I/O: 7.1 KB/s (0.1*10^6 bps)

Errors: total 0 client-timo 0 socket-timo 0 connrefused 0 connreset 0
Errors: fd-unavail 0 addrunavail 0 ftab-full 0 other 0

