httperf --verbose --hog --timeout=50 --client=0/1 --server=172.16.116.116 --port=8080 --uri=/ --rate=8 --send-buffer=4096 --recv-buffer=16384 --num-conns=2400 --num-calls=1
httperf: maximum number of open descriptors = 65535
Maximum connect burst length: 1

Connection lifetime histogram (time in ms):
             :
             9.5 1
            10.5 189
            11.5 384
            12.5 294
            13.5 219
            14.5 209
            15.5 226
            16.5 247
            17.5 144
            18.5 111
            19.5 77
            20.5 56
            21.5 39
            22.5 27
            23.5 22
            24.5 4
            25.5 4
            26.5 3
            27.5 3
            28.5 2
            29.5 2
            30.5 1
             :
            32.5 3
             :
            34.5 2
             :
            36.5 3
             :
            42.5 1
             :
            53.5 1
             :
            59.5 1
             :
            62.5 2
             :
            76.5 1
             :
            79.5 1
            80.5 1
             :
            84.5 1
             :
            93.5 1
             :
            95.5 1
             :
           100.5 1
             :
           102.5 1
             :
           110.5 1
             :
           114.5 1
           115.5 1
             :
           118.5 1
           119.5 1
           120.5 1
             :
           124.5 1
             :
           127.5 1
           128.5 1
             :
           130.5 1
             :
           141.5 1
             :
           146.5 4
           147.5 1
           148.5 3
           149.5 1
             :
           152.5 1
             :
           155.5 2
             :
           159.5 1
             :
           161.5 1
           162.5 1
             :
           165.5 1
           166.5 2
             :
           168.5 1
           169.5 1
           170.5 1
           171.5 1
           172.5 1
             :
           174.5 1
             :
           177.5 1
             :
           179.5 1
             :
           182.5 1
             :
           187.5 2
             :
           191.5 1
           192.5 2
             :
           194.5 1
           195.5 1
           196.5 1
           197.5 1
           198.5 1
             :
           201.5 2
           202.5 1
           203.5 2
           204.5 1
             :
           206.5 3
             :
           209.5 1
           210.5 1
           211.5 1
           212.5 2
             :
           217.5 1
           218.5 2
           219.5 1
             :
           222.5 1
           223.5 2
           224.5 1
             :
           227.5 1
           228.5 1
           229.5 1
             :
           235.5 1
             :
           237.5 1
             :
           240.5 2
             :
           242.5 1
           243.5 1
           244.5 1
             :
           253.5 1
           254.5 3
             :
           256.5 1
             :
           258.5 1
           259.5 1
           260.5 1
             :
           265.5 1
             :
           274.5 1
             :
           276.5 1
           277.5 1
             :
           280.5 1
             :
           283.5 3
           284.5 1
           285.5 1
             :
           287.5 1
             :
           295.5 1
             :
           299.5 1
           300.5 1
             :
           304.5 1
             :
           307.5 1
             :
           312.5 1
             :
           315.5 1
             :
           321.5 1
             :
           329.5 2
             :
           336.5 1
             :
           348.5 1
             :
           364.5 1
             :
           367.5 1
             :
           390.5 1
             :
           412.5 1

Total: connections 2400 requests 2400 replies 2400 test-duration 299.895 s

Connection rate: 8.0 conn/s (125.0 ms/conn, <=3 concurrent connections)
Connection time [ms]: min 9.8 avg 24.9 max 413.0 median 14.5 stddev 46.1
Connection time [ms]: connect 0.8
Connection length [replies/conn]: 1.000

Request rate: 8.0 req/s (125.0 ms/req)
Request size [B]: 67.0

Reply rate [replies/s]: min 6.0 avg 8.0 max 10.0 stddev 0.4 (299 samples)
Percentages of the replies served at a given rate:
   50%: 7
   66%: 7
   75%: 7
   80%: 7
   90%: 7
   95%: 8
   98%: 8
   99%: 8
  100%: 10

Reply time [ms]: response 22.9 transfer 1.1
Percentages of the requests served within a certain time (ms) :
   50%: 12
   66%: 14
   75%: 15
   80%: 16
   90%: 19
   95%: 71
   98%: 207
   99%: 245
  100%: 411

Reply size [B]: header 162.0 content 72.0 footer 1.0 (total 235.0)
Reply status: 1xx=0 2xx=2400 3xx=0 4xx=0 5xx=0

CPU time [s]: user 253.50 system 45.96 (user 84.5% system 15.3% total 99.9%)
Net I/O: 2.4 KB/s (0.0*10^6 bps)

Errors: total 0 client-timo 0 socket-timo 0 connrefused 0 connreset 0
Errors: fd-unavail 0 addrunavail 0 ftab-full 0 other 0

