httperf --verbose --hog --timeout=50 --client=0/1 --server=172.16.116.116 --port=8080 --uri=/ --rate=8 --send-buffer=4096 --recv-buffer=16384 --num-conns=2400 --num-calls=1
httperf: maximum number of open descriptors = 65535
Maximum connect burst length: 1

Connection lifetime histogram (time in ms):
             :
            10.5 71
            11.5 288
            12.5 225
            13.5 200
            14.5 207
            15.5 219
            16.5 263
            17.5 174
            18.5 134
            19.5 116
            20.5 88
            21.5 72
            22.5 54
            23.5 39
            24.5 25
            25.5 16
            26.5 22
            27.5 9
            28.5 8
            29.5 8
            30.5 6
            31.5 7
            32.5 3
            33.5 2
            34.5 1
            35.5 4
            36.5 2
            37.5 1
             :
            44.5 1
             :
            46.5 1
             :
            48.5 2
            49.5 1
             :
            51.5 1
            52.5 1
             :
            58.5 1
            59.5 1
             :
            77.5 1
            78.5 1
             :
           102.5 1
             :
           104.5 1
           105.5 1
             :
           115.5 1
             :
           123.5 2
             :
           130.5 1
           131.5 2
             :
           134.5 1
             :
           137.5 1
             :
           147.5 3
           148.5 2
           149.5 1
           150.5 2
             :
           152.5 1
             :
           156.5 1
             :
           160.5 1
             :
           162.5 2
           163.5 1
             :
           166.5 1
           167.5 1
           168.5 1
             :
           170.5 1
           171.5 3
             :
           173.5 1
             :
           181.5 1
           182.5 1
             :
           187.5 2
             :
           189.5 1
             :
           191.5 1
             :
           193.5 1
           194.5 1
           195.5 1
           196.5 2
             :
           199.5 1
           200.5 2
             :
           202.5 1
             :
           204.5 1
             :
           206.5 1
           207.5 2
             :
           212.5 1
           213.5 3
             :
           215.5 1
           216.5 1
             :
           218.5 1
             :
           222.5 2
             :
           224.5 1
           225.5 1
             :
           227.5 1
           228.5 1
             :
           230.5 2
             :
           232.5 1
             :
           235.5 1
           236.5 2
             :
           239.5 1
             :
           247.5 1
             :
           250.5 1
             :
           256.5 1
             :
           258.5 2
             :
           261.5 1
             :
           264.5 1
           265.5 2
           266.5 1
           267.5 2
             :
           269.5 3
           270.5 2
             :
           275.5 2
             :
           277.5 2
           278.5 1
           279.5 1
           280.5 2
             :
           287.5 1
             :
           290.5 1
             :
           299.5 2
             :
           305.5 2
             :
           308.5 1
             :
           312.5 1
           313.5 2
           314.5 1
             :
           316.5 1
             :
           333.5 1
           334.5 1
             :
           340.5 2
             :
           345.5 1
             :
           349.5 1
             :
           353.5 1
             :
           355.5 1
             :
           359.5 1
             :
           364.5 2
             :
           370.5 2
             :
           381.5 1
             :
           388.5 1
             :
           441.5 1

Total: connections 2400 requests 2400 replies 2400 test-duration 300.106 s

Connection rate: 8.0 conn/s (125.0 ms/conn, <=3 concurrent connections)
Connection time [ms]: min 10.2 avg 27.7 max 441.2 median 15.5 stddev 51.3
Connection time [ms]: connect 1.0
Connection length [replies/conn]: 1.000

Request rate: 8.0 req/s (125.0 ms/req)
Request size [B]: 67.0

Reply rate [replies/s]: min 6.0 avg 8.0 max 10.0 stddev 0.4 (300 samples)
Percentages of the replies served at a given rate:
   50%: 7
   66%: 7
   75%: 7
   80%: 7
   90%: 7
   95%: 8
   98%: 8
   99%: 8
  100%: 10

Reply time [ms]: response 25.4 transfer 1.3
Percentages of the requests served within a certain time (ms) :
   50%: 14
   66%: 15
   75%: 17
   80%: 18
   90%: 22
   95%: 90
   98%: 233
   99%: 285
  100%: 440

Reply size [B]: header 162.0 content 72.0 footer 1.0 (total 235.0)
Reply status: 1xx=0 2xx=2400 3xx=0 4xx=0 5xx=0

CPU time [s]: user 252.89 system 46.78 (user 84.3% system 15.6% total 99.9%)
Net I/O: 2.4 KB/s (0.0*10^6 bps)

Errors: total 0 client-timo 0 socket-timo 0 connrefused 0 connreset 0
Errors: fd-unavail 0 addrunavail 0 ftab-full 0 other 0

