httperf --verbose --hog --timeout=50 --client=0/1 --server=172.16.116.116 --port=8080 --uri=/ --rate=8 --send-buffer=4096 --recv-buffer=16384 --num-conns=1440 --num-calls=1
httperf: maximum number of open descriptors = 65535
Maximum connect burst length: 1

Connection lifetime histogram (time in ms):
             :
            10.5 12
            11.5 176
            12.5 125
            13.5 113
            14.5 100
            15.5 89
            16.5 133
            17.5 102
            18.5 62
            19.5 43
            20.5 35
            21.5 28
            22.5 16
            23.5 11
            24.5 6
            25.5 2
            26.5 8
            27.5 4
             :
            29.5 3
             :
            31.5 4
            32.5 1
             :
            36.5 1
            37.5 2
            38.5 2
             :
            41.5 1
            42.5 1
            43.5 1
            44.5 1
            45.5 1
             :
            48.5 1
            49.5 1
            50.5 2
            51.5 1
            52.5 1
             :
            55.5 2
             :
            59.5 3
            60.5 1
             :
            62.5 1
            63.5 2
             :
            65.5 1
            66.5 1
             :
            69.5 1
            70.5 1
             :
            73.5 1
             :
            75.5 4
            76.5 1
             :
            86.5 1
            87.5 2
             :
            92.5 1
            93.5 2
            94.5 1
             :
            97.5 1
            98.5 1
            99.5 1
           100.5 1
           101.5 1
           102.5 1
             :
           104.5 2
             :
           108.5 3
           109.5 1
             :
           114.5 2
           115.5 3
             :
           117.5 2
           118.5 1
             :
           120.5 1
             :
           122.5 3
             :
           125.5 3
             :
           128.5 3
           129.5 1
           130.5 2
           131.5 1
           132.5 1
           133.5 1
           134.5 2
             :
           136.5 2
             :
           139.5 2
           140.5 1
             :
           142.5 2
           143.5 2
           144.5 1
           145.5 1
           146.5 1
           147.5 1
           148.5 3
             :
           151.5 3
           152.5 1
             :
           154.5 2
             :
           156.5 3
           157.5 1
             :
           159.5 2
           160.5 1
             :
           162.5 1
           163.5 4
           164.5 2
           165.5 4
           166.5 1
           167.5 1
           168.5 2
           169.5 4
           170.5 1
           171.5 3
             :
           173.5 1
             :
           175.5 3
           176.5 1
           177.5 2
             :
           179.5 2
           180.5 2
           181.5 3
           182.5 2
             :
           184.5 1
           185.5 4
           186.5 1
           187.5 7
           188.5 2
           189.5 2
           190.5 2
           191.5 1
           192.5 2
           193.5 2
             :
           196.5 2
           197.5 2
           198.5 2
           199.5 1
           200.5 1
           201.5 1
           202.5 3
           203.5 1
           204.5 3
           205.5 2
           206.5 3
           207.5 1
             :
           209.5 2
           210.5 4
           211.5 2
           212.5 2
           213.5 2
           214.5 1
           215.5 2
           216.5 4
           217.5 2
           218.5 2
           219.5 3
           220.5 3
           221.5 5
           222.5 5
           223.5 2
           224.5 3
             :
           226.5 1
           227.5 4
           228.5 3
           229.5 1
             :
           231.5 1
             :
           233.5 3
           234.5 4
           235.5 1
             :
           237.5 3
           238.5 2
           239.5 2
           240.5 4
             :
           242.5 2
           243.5 1
           244.5 1
             :
           246.5 6
           247.5 2
           248.5 3
           249.5 2
           250.5 1
           251.5 1
           252.5 1
             :
           254.5 5
           255.5 2
           256.5 3
           257.5 1
           258.5 1
             :
           260.5 3
           261.5 1
           262.5 2
             :
           264.5 3
           265.5 3
           266.5 2
           267.5 2
           268.5 3
           269.5 2
           270.5 1
             :
           272.5 2
           273.5 3
           274.5 2
             :
           278.5 1
             :
           280.5 3
           281.5 1
           282.5 2
           283.5 1
           284.5 1
             :
           286.5 1
             :
           288.5 2
             :
           293.5 1
           294.5 3
             :
           296.5 1
             :
           298.5 1
             :
           300.5 1
             :
           305.5 2
           306.5 1
           307.5 1
             :
           310.5 1
           311.5 1
           312.5 1
             :
           315.5 1
             :
           317.5 1
           318.5 1
             :
           320.5 1
           321.5 1
             :
           323.5 1
             :
           325.5 1
             :
           337.5 1
             :
           340.5 1
             :
           346.5 1
             :
           348.5 1
             :
           353.5 1
             :
           383.5 1

Total: connections 1440 requests 1440 replies 1440 test-duration 179.887 s

Connection rate: 8.0 conn/s (124.9 ms/conn, <=3 concurrent connections)
Connection time [ms]: min 10.4 avg 61.1 max 383.7 median 16.5 stddev 85.9
Connection time [ms]: connect 1.1
Connection length [replies/conn]: 1.000

Request rate: 8.0 req/s (124.9 ms/req)
Request size [B]: 67.0

Reply rate [replies/s]: min 6.0 avg 8.0 max 10.0 stddev 0.8 (179 samples)
Percentages of the replies served at a given rate:
   50%: 7
   66%: 7
   75%: 7
   80%: 8
   90%: 8
   95%: 8
   98%: 8
   99%: 9
  100%: 10

Reply time [ms]: response 55.5 transfer 4.4
Percentages of the requests served within a certain time (ms) :
   50%: 15
   66%: 17
   75%: 40
   80%: 127
   90%: 197
   95%: 225
   98%: 272
   99%: 292
  100%: 353

Reply size [B]: header 162.0 content 72.0 footer 1.0 (total 235.0)
Reply status: 1xx=0 2xx=1440 3xx=0 4xx=0 5xx=0

CPU time [s]: user 147.31 system 32.30 (user 81.9% system 18.0% total 99.8%)
Net I/O: 2.4 KB/s (0.0*10^6 bps)

Errors: total 0 client-timo 0 socket-timo 0 connrefused 0 connreset 0
Errors: fd-unavail 0 addrunavail 0 ftab-full 0 other 0

