httperf --verbose --hog --timeout=50 --client=0/1 --server=172.16.116.116 --port=8080 --uri=/ --rate=16 --send-buffer=4096 --recv-buffer=16384 --num-conns=2880 --num-calls=1
httperf: maximum number of open descriptors = 65535
Maximum connect burst length: 1

Connection lifetime histogram (time in ms):
             :
            10.5 237
            11.5 578
            12.5 238
            13.5 227
            14.5 279
            15.5 309
            16.5 339
            17.5 205
            18.5 106
            19.5 67
            20.5 51
            21.5 24
            22.5 17
            23.5 12
            24.5 6
            25.5 7
            26.5 6
            27.5 4
            28.5 3
            29.5 1
            30.5 4
            31.5 2
             :
            41.5 1
             :
            43.5 1
             :
            47.5 1
             :
            49.5 1
             :
            57.5 1
             :
            61.5 1
             :
            64.5 2
             :
            76.5 2
             :
            96.5 1
            97.5 1
             :
           100.5 1
           101.5 2
             :
           106.5 1
             :
           108.5 2
           109.5 1
             :
           114.5 1
             :
           118.5 1
             :
           128.5 2
             :
           130.5 1
           131.5 1
             :
           133.5 1
             :
           137.5 1
           138.5 1
             :
           141.5 1
             :
           143.5 2
             :
           145.5 1
           146.5 1
             :
           150.5 1
           151.5 1
             :
           153.5 1
             :
           156.5 3
             :
           158.5 1
             :
           164.5 1
           165.5 2
             :
           167.5 1
             :
           172.5 1
           173.5 1
             :
           176.5 2
             :
           182.5 1
             :
           184.5 1
           185.5 3
             :
           188.5 3
             :
           191.5 1
           192.5 1
           193.5 1
           194.5 1
           195.5 2
             :
           197.5 1
             :
           199.5 1
             :
           205.5 3
           206.5 1
           207.5 1
             :
           209.5 2
             :
           211.5 1
           212.5 1
           213.5 1
           214.5 1
           215.5 1
           216.5 1
             :
           219.5 3
           220.5 1
           221.5 2
           222.5 1
           223.5 1
             :
           226.5 3
             :
           228.5 3
             :
           231.5 2
           232.5 1
           233.5 1
           234.5 1
             :
           238.5 1
           239.5 2
           240.5 1
           241.5 1
             :
           246.5 2
           247.5 1
           248.5 2
             :
           251.5 2
           252.5 1
           253.5 1
           254.5 2
           255.5 1
           256.5 1
             :
           258.5 3
             :
           260.5 1
           261.5 1
             :
           263.5 1
           264.5 1
             :
           266.5 1
           267.5 1
             :
           271.5 1
           272.5 1
           273.5 1
             :
           276.5 2
           277.5 1
             :
           281.5 1
             :
           285.5 1
             :
           288.5 2
           289.5 2
           290.5 1
           291.5 1
           292.5 1
             :
           294.5 2
             :
           297.5 1
             :
           299.5 1
           300.5 1
           301.5 1
           302.5 1
             :
           305.5 1
             :
           311.5 1
             :
           317.5 1
             :
           322.5 1
             :
           324.5 2
             :
           327.5 1
             :
           335.5 1
             :
           337.5 1
           338.5 1
             :
           345.5 1
             :
           354.5 1
             :
           388.5 1

Total: connections 2880 requests 2880 replies 2880 test-duration 179.950 s

Connection rate: 16.0 conn/s (62.5 ms/conn, <=3 concurrent connections)
Connection time [ms]: min 10.2 avg 25.3 max 388.7 median 14.5 stddev 48.1
Connection time [ms]: connect 0.9
Connection length [replies/conn]: 1.000

Request rate: 16.0 req/s (62.5 ms/req)
Request size [B]: 67.0

Reply rate [replies/s]: min 14.0 avg 16.0 max 18.0 stddev 0.5 (179 samples)
Percentages of the replies served at a given rate:
   50%: 15
   66%: 15
   75%: 15
   80%: 15
   90%: 16
   95%: 16
   98%: 16
   99%: 16
  100%: 18

Reply time [ms]: response 23.1 transfer 1.2
Percentages of the requests served within a certain time (ms) :
   50%: 13
   66%: 14
   75%: 15
   80%: 15
   90%: 17
   95%: 99
   98%: 220
   99%: 257
  100%: 356

Reply size [B]: header 162.0 content 72.0 footer 1.0 (total 235.0)
Reply status: 1xx=0 2xx=2880 3xx=0 4xx=0 5xx=0

CPU time [s]: user 149.11 system 30.47 (user 82.9% system 16.9% total 99.8%)
Net I/O: 4.7 KB/s (0.0*10^6 bps)

Errors: total 0 client-timo 0 socket-timo 0 connrefused 0 connreset 0
Errors: fd-unavail 0 addrunavail 0 ftab-full 0 other 0

