httperf --verbose --hog --timeout=50 --client=0/1 --server=172.16.116.116 --port=8080 --uri=/ --rate=24 --send-buffer=4096 --recv-buffer=16384 --num-conns=4320 --num-calls=1
httperf: maximum number of open descriptors = 65535
Maximum connect burst length: 1

Connection lifetime histogram (time in ms):
             :
            10.5 122
            11.5 240
            12.5 205
            13.5 207
            14.5 243
            15.5 302
            16.5 350
            17.5 263
            18.5 236
            19.5 235
            20.5 213
            21.5 186
            22.5 164
            23.5 160
            24.5 130
            25.5 124
            26.5 99
            27.5 93
            28.5 73
            29.5 64
            30.5 52
            31.5 49
            32.5 51
            33.5 47
            34.5 30
            35.5 33
            36.5 33
            37.5 33
            38.5 31
            39.5 28
            40.5 27
            41.5 18
            42.5 24
            43.5 17
            44.5 14
            45.5 11
            46.5 10
            47.5 10
            48.5 9
            49.5 7
            50.5 5
            51.5 6
            52.5 8
            53.5 3
            54.5 6
            55.5 4
            56.5 2
            57.5 1
            58.5 1
            59.5 3
            60.5 2
            61.5 2
             :
            64.5 1
            65.5 1
             :
            68.5 2
             :
            73.5 1
             :
            82.5 1
             :
           143.5 1
             :
           163.5 1
             :
           170.5 1
             :
           194.5 1
             :
           207.5 1
             :
           273.5 1
             :
           289.5 1
             :
           297.5 1
             :
           388.5 1
             :
           391.5 1
             :
           407.5 1
             :
           465.5 1
             :
           498.5 1
             :
           545.5 1
             :
           564.5 1
             :
           576.5 1
             :
           584.5 1
             :
           590.5 1
             :
           610.5 1
             :
           627.5 1
             :
           664.5 1
             :
           684.5 1
             :
           719.5 1
             :
           748.5 1
             :
           784.5 1
             :
           853.5 1
             :
           895.5 1
             :
          1046.5 1

Total: connections 4320 requests 4320 replies 4320 test-duration 180.742 s

Connection rate: 23.9 conn/s (41.8 ms/conn, <=3 concurrent connections)
Connection time [ms]: min 10.1 avg 24.3 max 1046.6 median 18.5 stddev 44.8
Connection time [ms]: connect 0.6
Connection length [replies/conn]: 1.000

Request rate: 23.9 req/s (41.8 ms/req)
Request size [B]: 67.0

Reply rate [replies/s]: min 22.0 avg 24.0 max 26.0 stddev 0.5 (180 samples)
Percentages of the replies served at a given rate:
   50%: 23
   66%: 23
   75%: 23
   80%: 23
   90%: 24
   95%: 24
   98%: 24
   99%: 24
  100%: 26

Reply time [ms]: response 22.6 transfer 1.1
Percentages of the requests served within a certain time (ms) :
   50%: 17
   66%: 20
   75%: 22
   80%: 24
   90%: 31
   95%: 37
   98%: 45
   99%: 54
  100%: 1046

Reply size [B]: header 162.0 content 72.0 footer 1.0 (total 235.0)
Reply status: 1xx=0 2xx=4320 3xx=0 4xx=0 5xx=0

CPU time [s]: user 150.50 system 29.88 (user 83.3% system 16.5% total 99.8%)
Net I/O: 7.0 KB/s (0.1*10^6 bps)

Errors: total 0 client-timo 0 socket-timo 0 connrefused 0 connreset 0
Errors: fd-unavail 0 addrunavail 0 ftab-full 0 other 0

