httperf --verbose --hog --timeout=50 --client=0/1 --server=172.16.116.116 --port=8080 --uri=/ --rate=16 --send-buffer=4096 --recv-buffer=16384 --num-conns=4800 --num-calls=1
httperf: maximum number of open descriptors = 65535
Maximum connect burst length: 1

Connection lifetime histogram (time in ms):
             :
             9.5 1
            10.5 169
            11.5 296
            12.5 259
            13.5 320
            14.5 327
            15.5 312
            16.5 295
            17.5 207
            18.5 191
            19.5 209
            20.5 217
            21.5 214
            22.5 198
            23.5 156
            24.5 131
            25.5 96
            26.5 60
            27.5 65
            28.5 37
            29.5 44
            30.5 39
            31.5 44
            32.5 26
            33.5 28
            34.5 24
            35.5 28
            36.5 29
            37.5 28
            38.5 16
            39.5 16
            40.5 15
            41.5 17
            42.5 7
            43.5 8
            44.5 8
            45.5 8
            46.5 4
            47.5 5
            48.5 3
             :
            50.5 7
            51.5 5
            52.5 7
            53.5 5
             :
            56.5 3
            57.5 2
            58.5 2
            59.5 1
            60.5 1
            61.5 3
            62.5 2
             :
            64.5 2
             :
            66.5 1
            67.5 2
             :
            69.5 2
            70.5 1
             :
            72.5 2
             :
            77.5 1
             :
            80.5 2
             :
            82.5 3
             :
            85.5 2
            86.5 1
            87.5 2
             :
            89.5 1
             :
            91.5 1
            92.5 1
             :
            97.5 2
             :
           101.5 2
           102.5 4
           103.5 1
             :
           105.5 1
           106.5 2
           107.5 2
             :
           109.5 1
             :
           111.5 2
           112.5 2
             :
           114.5 3
           115.5 5
           116.5 1
           117.5 2
             :
           119.5 3
           120.5 2
             :
           122.5 2
             :
           124.5 2
           125.5 2
             :
           127.5 1
           128.5 2
           129.5 1
             :
           131.5 2
           132.5 1
             :
           134.5 2
           135.5 1
           136.5 1
           137.5 2
           138.5 4
           139.5 1
             :
           141.5 4
           142.5 1
           143.5 1
           144.5 3
           145.5 1
           146.5 2
           147.5 1
           148.5 1
             :
           150.5 6
             :
           153.5 2
           154.5 3
           155.5 2
           156.5 2
           157.5 4
           158.5 2
           159.5 4
           160.5 2
           161.5 4
           162.5 4
           163.5 2
           164.5 2
           165.5 1
           166.5 1
           167.5 1
           168.5 2
           169.5 2
           170.5 2
           171.5 1
           172.5 3
           173.5 4
           174.5 2
           175.5 2
             :
           177.5 5
           178.5 2
           179.5 2
           180.5 2
           181.5 1
           182.5 4
           183.5 1
           184.5 5
           185.5 4
           186.5 3
           187.5 2
           188.5 1
           189.5 2
             :
           191.5 3
           192.5 5
           193.5 3
           194.5 5
           195.5 3
           196.5 5
           197.5 1
           198.5 8
           199.5 2
           200.5 1
           201.5 3
           202.5 2
           203.5 4
           204.5 2
           205.5 1
           206.5 2
           207.5 3
           208.5 4
           209.5 6
           210.5 4
           211.5 3
           212.5 4
           213.5 3
             :
           215.5 1
           216.5 2
           217.5 3
           218.5 4
           219.5 2
           220.5 4
           221.5 1
           222.5 5
           223.5 2
           224.5 1
           225.5 3
           226.5 1
           227.5 5
           228.5 6
           229.5 2
           230.5 9
             :
           232.5 5
           233.5 2
             :
           235.5 2
           236.5 3
           237.5 3
           238.5 1
           239.5 1
           240.5 1
           241.5 1
           242.5 4
           243.5 5
           244.5 1
           245.5 4
           246.5 2
           247.5 1
           248.5 2
           249.5 1
           250.5 1
           251.5 2
           252.5 5
           253.5 3
           254.5 2
           255.5 1
           256.5 1
           257.5 6
           258.5 2
           259.5 2
           260.5 1
           261.5 1
           262.5 2
           263.5 5
           264.5 4
           265.5 5
           266.5 3
           267.5 1
           268.5 2
           269.5 4
           270.5 3
           271.5 5
           272.5 3
           273.5 2
           274.5 4
           275.5 3
           276.5 2
           277.5 3
           278.5 2
           279.5 4
           280.5 1
           281.5 2
           282.5 1
           283.5 5
           284.5 2
           285.5 4
           286.5 1
           287.5 1
           288.5 3
           289.5 5
           290.5 3
           291.5 4
           292.5 5
           293.5 2
           294.5 2
           295.5 3
             :
           297.5 3
           298.5 1
           299.5 2
             :
           301.5 2
           302.5 1
           303.5 2
           304.5 2
           305.5 1
           306.5 4
           307.5 2
           308.5 2
             :
           310.5 1
             :
           313.5 1
           314.5 1
             :
           316.5 1
           317.5 1
           318.5 1
           319.5 2
           320.5 4
           321.5 2
             :
           323.5 2
           324.5 3
           325.5 1
           326.5 1
           327.5 4
           328.5 1
             :
           330.5 1
           331.5 1
             :
           333.5 1
           334.5 1
           335.5 3
           336.5 2
           337.5 2
           338.5 1
             :
           340.5 2
           341.5 1
             :
           344.5 2
           345.5 1
           346.5 1
           347.5 1
           348.5 3
           349.5 1
           350.5 2
             :
           353.5 1
           354.5 1
           355.5 1
           356.5 1
           357.5 1
             :
           359.5 1
           360.5 3
           361.5 1
           362.5 1
             :
           364.5 1
             :
           366.5 1
           367.5 3
           368.5 1
           369.5 1
             :
           378.5 1
             :
           380.5 2
             :
           382.5 1
             :
           384.5 2
             :
           388.5 1
           389.5 2
           390.5 1
             :
           394.5 2
           395.5 1
           396.5 1
             :
           399.5 2
             :
           404.5 1
             :
           408.5 1
             :
           411.5 1
             :
           416.5 1
             :
           420.5 1
             :
           428.5 1
           429.5 1
             :
           437.5 1
             :
           448.5 1
             :
           450.5 1
             :
           462.5 1

Total: connections 4800 requests 4800 replies 4800 test-duration 300.162 s

Connection rate: 16.0 conn/s (62.5 ms/conn, <=5 concurrent connections)
Connection time [ms]: min 9.9 avg 46.2 max 462.3 median 19.5 stddev 76.1
Connection time [ms]: connect 1.0
Connection length [replies/conn]: 1.000

Request rate: 16.0 req/s (62.5 ms/req)
Request size [B]: 67.0

Reply rate [replies/s]: min 13.0 avg 16.0 max 20.0 stddev 1.2 (300 samples)
Percentages of the replies served at a given rate:
   50%: 15
   66%: 15
   75%: 16
   80%: 16
   90%: 16
   95%: 17
   98%: 18
   99%: 18
  100%: 20

Reply time [ms]: response 42.8 transfer 2.2
Percentages of the requests served within a certain time (ms) :
   50%: 17
   66%: 20
   75%: 23
   80%: 28
   90%: 154
   95%: 230
   98%: 290
   99%: 326
  100%: 453

Reply size [B]: header 162.0 content 72.0 footer 1.0 (total 235.0)
Reply status: 1xx=0 2xx=4800 3xx=0 4xx=0 5xx=0

CPU time [s]: user 247.01 system 52.61 (user 82.3% system 17.5% total 99.8%)
Net I/O: 4.7 KB/s (0.0*10^6 bps)

Errors: total 0 client-timo 0 socket-timo 0 connrefused 0 connreset 0
Errors: fd-unavail 0 addrunavail 0 ftab-full 0 other 0

