httperf --verbose --hog --timeout=50 --client=0/1 --server=172.16.116.116 --port=8080 --uri=/ --rate=16 --send-buffer=4096 --recv-buffer=16384 --num-conns=4800 --num-calls=1
httperf: maximum number of open descriptors = 65535
Maximum connect burst length: 1

Connection lifetime histogram (time in ms):
             :
            10.5 184
            11.5 579
            12.5 443
            13.5 348
            14.5 407
            15.5 414
            16.5 431
            17.5 270
            18.5 186
            19.5 178
            20.5 133
            21.5 127
            22.5 99
            23.5 97
            24.5 83
            25.5 71
            26.5 53
            27.5 50
            28.5 28
            29.5 26
            30.5 44
            31.5 32
            32.5 31
            33.5 18
            34.5 25
            35.5 18
            36.5 9
            37.5 17
            38.5 13
            39.5 15
            40.5 6
            41.5 7
            42.5 7
            43.5 5
            44.5 5
            45.5 4
            46.5 4
            47.5 3
            48.5 1
            49.5 2
            50.5 1
            51.5 3
            52.5 1
            53.5 4
            54.5 1
             :
            57.5 1
             :
            59.5 1
             :
            63.5 3
             :
            65.5 1
            66.5 1
             :
            70.5 1
             :
            73.5 1
            74.5 1
            75.5 1
             :
            82.5 2
             :
            85.5 2
            86.5 1
            87.5 1
             :
            89.5 1
             :
            92.5 1
             :
           102.5 2
           103.5 1
             :
           105.5 1
             :
           107.5 2
             :
           109.5 3
             :
           111.5 1
             :
           114.5 1
             :
           117.5 1
             :
           119.5 1
           120.5 1
             :
           122.5 1
             :
           126.5 1
             :
           136.5 2
             :
           141.5 2
             :
           143.5 2
             :
           145.5 2
           146.5 1
           147.5 1
           148.5 1
             :
           150.5 1
           151.5 1
           152.5 1
             :
           154.5 3
             :
           157.5 3
             :
           160.5 1
           161.5 4
           162.5 2
             :
           164.5 1
           165.5 1
           166.5 2
             :
           168.5 1
           169.5 3
           170.5 2
           171.5 1
           172.5 1
             :
           174.5 1
           175.5 1
             :
           177.5 1
           178.5 2
           179.5 1
             :
           181.5 1
           182.5 2
             :
           185.5 1
           186.5 2
           187.5 1
           188.5 1
           189.5 2
             :
           191.5 1
           192.5 1
           193.5 1
             :
           195.5 5
           196.5 2
             :
           199.5 1
           200.5 1
           201.5 1
           202.5 2
           203.5 1
           204.5 2
           205.5 1
           206.5 1
             :
           210.5 2
           211.5 4
           212.5 3
           213.5 2
           214.5 1
           215.5 1
           216.5 5
           217.5 1
           218.5 1
           219.5 1
           220.5 2
             :
           222.5 2
           223.5 3
           224.5 2
           225.5 1
             :
           227.5 3
           228.5 3
           229.5 2
           230.5 1
           231.5 2
             :
           233.5 3
             :
           235.5 3
           236.5 2
             :
           238.5 1
             :
           240.5 4
           241.5 3
           242.5 1
             :
           244.5 2
             :
           246.5 1
             :
           248.5 2
           249.5 2
           250.5 2
           251.5 1
           252.5 5
           253.5 1
           254.5 1
             :
           256.5 3
           257.5 1
           258.5 3
           259.5 1
           260.5 1
           261.5 1
             :
           263.5 1
           264.5 1
           265.5 2
           266.5 1
           267.5 1
           268.5 1
             :
           270.5 2
             :
           272.5 1
           273.5 3
           274.5 2
             :
           276.5 2
           277.5 1
           278.5 1
           279.5 2
             :
           282.5 2
           283.5 1
           284.5 2
           285.5 1
             :
           287.5 2
             :
           293.5 1
           294.5 1
             :
           296.5 3
           297.5 2
           298.5 2
           299.5 1
             :
           301.5 1
           302.5 1
           303.5 2
           304.5 2
             :
           306.5 2
           307.5 2
           308.5 1
             :
           311.5 1
           312.5 2
           313.5 1
           314.5 1
           315.5 1
           316.5 2
           317.5 1
           318.5 2
           319.5 1
           320.5 1
           321.5 1
           322.5 1
           323.5 2
           324.5 3
           325.5 1
             :
           328.5 1
           329.5 1
           330.5 1
           331.5 1
           332.5 1
           333.5 1
           334.5 2
           335.5 2
             :
           337.5 1
             :
           340.5 1
           341.5 1
           342.5 1
           343.5 2
             :
           345.5 1
           346.5 1
             :
           348.5 1
             :
           350.5 2
             :
           352.5 1
             :
           357.5 1
           358.5 1
             :
           361.5 2
           362.5 1
             :
           365.5 1
           366.5 1
           367.5 1
             :
           371.5 1
             :
           376.5 1
             :
           380.5 1
           381.5 2
             :
           384.5 1
           385.5 1
           386.5 2
             :
           388.5 1
             :
           391.5 1
             :
           399.5 2
           400.5 1
             :
           416.5 1
             :
           420.5 1
             :
           426.5 1
             :
           428.5 1
             :
           449.5 1
             :
           465.5 1

Total: connections 4800 requests 4800 replies 4800 test-duration 300.166 s

Connection rate: 16.0 conn/s (62.5 ms/conn, <=4 concurrent connections)
Connection time [ms]: min 10.1 avg 32.0 max 465.4 median 16.5 stddev 59.6
Connection time [ms]: connect 0.9
Connection length [replies/conn]: 1.000

Request rate: 16.0 req/s (62.5 ms/req)
Request size [B]: 67.0

Reply rate [replies/s]: min 13.0 avg 16.0 max 19.0 stddev 0.7 (300 samples)
Percentages of the replies served at a given rate:
   50%: 15
   66%: 15
   75%: 15
   80%: 15
   90%: 16
   95%: 16
   98%: 16
   99%: 17
  100%: 19

Reply time [ms]: response 29.4 transfer 1.6
Percentages of the requests served within a certain time (ms) :
   50%: 14
   66%: 16
   75%: 19
   80%: 21
   90%: 30
   95%: 166
   98%: 262
   99%: 310
  100%: 464

Reply size [B]: header 162.0 content 72.0 footer 1.0 (total 235.0)
Reply status: 1xx=0 2xx=4800 3xx=0 4xx=0 5xx=0

CPU time [s]: user 247.82 system 51.79 (user 82.6% system 17.3% total 99.8%)
Net I/O: 4.7 KB/s (0.0*10^6 bps)

Errors: total 0 client-timo 0 socket-timo 0 connrefused 0 connreset 0
Errors: fd-unavail 0 addrunavail 0 ftab-full 0 other 0

