httperf --verbose --hog --timeout=50 --client=0/1 --server=172.16.116.116 --port=8080 --uri=/ --rate=24 --send-buffer=4096 --recv-buffer=16384 --num-conns=4320 --num-calls=1
httperf: maximum number of open descriptors = 65535
Maximum connect burst length: 1

Connection lifetime histogram (time in ms):
             :
            10.5 657
            11.5 1282
            12.5 437
            13.5 359
            14.5 360
            15.5 327
            16.5 395
            17.5 219
            18.5 97
            19.5 47
            20.5 35
            21.5 20
            22.5 12
            23.5 5
            24.5 3
            25.5 1
            26.5 1
             :
            29.5 2
            30.5 2
             :
            34.5 1
             :
            40.5 1
             :
            51.5 1
             :
            60.5 1
             :
            78.5 1
             :
            94.5 1
             :
           114.5 1
             :
           118.5 1
           119.5 1
             :
           140.5 1
             :
           145.5 1
             :
           153.5 1
             :
           160.5 1
             :
           164.5 1
             :
           166.5 1
             :
           168.5 2
             :
           172.5 1
             :
           174.5 1
             :
           177.5 1
           178.5 1
             :
           184.5 1
             :
           191.5 1
           192.5 1
             :
           194.5 1
             :
           206.5 1
             :
           209.5 1
             :
           215.5 1
             :
           219.5 1
           220.5 1
             :
           222.5 1
             :
           225.5 1
             :
           229.5 1
             :
           243.5 1
           244.5 1
             :
           247.5 1
           248.5 1
           249.5 1
           250.5 1
             :
           254.5 2
             :
           256.5 3
             :
           261.5 1
             :
           268.5 2
             :
           272.5 1
             :
           281.5 1
           282.5 1
             :
           286.5 1
             :
           299.5 1
             :
           309.5 1
             :
           312.5 1
             :
           317.5 1
             :
           327.5 1
             :
           333.5 1
             :
           347.5 1
             :
           359.5 1

Total: connections 4320 requests 4320 replies 4320 test-duration 179.975 s

Connection rate: 24.0 conn/s (41.7 ms/conn, <=2 concurrent connections)
Connection time [ms]: min 10.1 avg 16.1 max 359.8 median 12.5 stddev 24.9
Connection time [ms]: connect 0.6
Connection length [replies/conn]: 1.000

Request rate: 24.0 req/s (41.7 ms/req)
Request size [B]: 67.0

Reply rate [replies/s]: min 23.0 avg 24.0 max 25.0 stddev 0.2 (179 samples)
Percentages of the replies served at a given rate:
   50%: 23
   66%: 23
   75%: 23
   80%: 23
   90%: 23
   95%: 23
   98%: 24
   99%: 24
  100%: 25

Reply time [ms]: response 14.8 transfer 0.7
Percentages of the requests served within a certain time (ms) :
   50%: 11
   66%: 13
   75%: 14
   80%: 14
   90%: 15
   95%: 16
   98%: 19
   99%: 163
  100%: 359

Reply size [B]: header 162.0 content 72.0 footer 1.0 (total 235.0)
Reply status: 1xx=0 2xx=4320 3xx=0 4xx=0 5xx=0

CPU time [s]: user 144.42 system 35.14 (user 80.2% system 19.5% total 99.8%)
Net I/O: 7.1 KB/s (0.1*10^6 bps)

Errors: total 0 client-timo 0 socket-timo 0 connrefused 0 connreset 0
Errors: fd-unavail 0 addrunavail 0 ftab-full 0 other 0

