httperf --verbose --hog --timeout=50 --client=0/1 --server=172.16.116.116 --port=8080 --uri=/ --rate=1 --send-buffer=4096 --recv-buffer=16384 --num-conns=180 --num-calls=1
httperf: maximum number of open descriptors = 65535
Maximum connect burst length: 1

Connection lifetime histogram (time in ms):
             :
            10.5 1
            11.5 5
            12.5 3
            13.5 6
            14.5 3
            15.5 3
             :
            17.5 2
            18.5 2
            19.5 2
            20.5 1
            21.5 3
             :
            30.5 2
             :
            32.5 1
             :
            34.5 1
            35.5 1
            36.5 1
             :
            49.5 1
             :
            64.5 1
            65.5 1
            66.5 1
            67.5 1
             :
            78.5 1
             :
            85.5 1
             :
            91.5 1
            92.5 1
            93.5 1
             :
            97.5 1
             :
           101.5 1
           102.5 1
             :
           108.5 1
             :
           114.5 1
             :
           122.5 1
             :
           132.5 1
             :
           138.5 2
             :
           147.5 2
             :
           149.5 1
             :
           153.5 1
             :
           156.5 1
           157.5 1
             :
           161.5 1
             :
           169.5 1
             :
           177.5 1
             :
           180.5 1
           181.5 1
           182.5 2
             :
           186.5 1
             :
           188.5 1
             :
           190.5 1
             :
           195.5 1
             :
           202.5 1
           203.5 1
             :
           216.5 2
             :
           228.5 1
             :
           244.5 1
             :
           248.5 1
             :
           254.5 1
             :
           256.5 1
             :
           260.5 1
             :
           264.5 1
             :
           268.5 1
             :
           273.5 1
             :
           279.5 1
           280.5 1
             :
           283.5 1
           284.5 1
           285.5 1
             :
           292.5 1
             :
           297.5 1
             :
           301.5 1
             :
           304.5 1
             :
           306.5 2
             :
           311.5 1
           312.5 1
             :
           316.5 1
             :
           320.5 1
             :
           325.5 1
             :
           328.5 1
             :
           332.5 1
             :
           343.5 1
           344.5 1
             :
           347.5 1
             :
           359.5 1
             :
           372.5 1
           373.5 1
           374.5 1
             :
           383.5 1
             :
           385.5 1
             :
           388.5 1
             :
           391.5 1
             :
           405.5 1
             :
           414.5 1
             :
           416.5 1
             :
           422.5 1
             :
           431.5 1
             :
           436.5 1
             :
           441.5 1
             :
           447.5 1
             :
           450.5 1
             :
           476.5 1
             :
           478.5 1
             :
           482.5 1
             :
           491.5 1
           492.5 1
             :
           504.5 1
           505.5 1
           506.5 1
             :
           511.5 1
             :
           513.5 1
             :
           516.5 1
             :
           522.5 1
           523.5 1
           524.5 1
             :
           526.5 1
           527.5 2
           528.5 1
             :
           530.5 2
             :
           539.5 1
             :
           541.5 2
             :
           544.5 1
             :
           561.5 1
             :
           600.5 1
             :
           604.5 1
             :
           608.5 1
             :
           624.5 1
             :
           648.5 1
             :
           653.5 1
             :
           657.5 1
             :
           667.5 1
             :
           679.5 1
             :
           684.5 1
             :
           697.5 1
             :
           700.5 1
             :
           716.5 1
             :
           718.5 1
             :
           723.5 1
           724.5 1
             :
           734.5 1
             :
           746.5 1
             :
           748.5 1
             :
           757.5 1
           758.5 1
             :
           766.5 1
             :
           774.5 1
           775.5 2
           776.5 1
             :
           824.5 1
             :
           926.5 1
             :
           946.5 1
           947.5 1
             :
          1160.5 1

Total: connections 180 requests 180 replies 180 test-duration 179.392 s

Connection rate: 1.0 conn/s (996.6 ms/conn, <=2 concurrent connections)
Connection time [ms]: min 10.7 avg 322.3 max 1160.3 median 284.5 stddev 258.9
Connection time [ms]: connect 1.6
Connection length [replies/conn]: 1.000

Request rate: 1.0 req/s (996.6 ms/req)
Request size [B]: 67.0

Reply rate [replies/s]: min 0.0 avg 1.0 max 2.0 stddev 0.1 (179 samples)
Percentages of the replies served at a given rate:
   50%: 1
   66%: 1
   75%: 1
   80%: 1
   90%: 1
   95%: 1
   98%: 1
   99%: 1
  100%: 2

Reply time [ms]: response 303.4 transfer 17.2
Percentages of the requests served within a certain time (ms) :
   50%: 274
   66%: 395
   75%: 489
   80%: 522
   90%: 652
   95%: 747
   98%: 774
   99%: 945
  100%: 1159

Reply size [B]: header 163.0 content 72.0 footer 2.0 (total 237.0)
Reply status: 1xx=0 2xx=180 3xx=0 4xx=0 5xx=0

CPU time [s]: user 147.86 system 31.28 (user 82.4% system 17.4% total 99.9%)
Net I/O: 0.3 KB/s (0.0*10^6 bps)

Errors: total 0 client-timo 0 socket-timo 0 connrefused 0 connreset 0
Errors: fd-unavail 0 addrunavail 0 ftab-full 0 other 0

