httperf --verbose --hog --timeout=1 --client=0/1 --server=172.17.60.201 --port=80 --uri=/ --rate=512 --send-buffer=4096 --recv-buffer=16384 --num-conns=40000 --num-calls=1
httperf: maximum number of open descriptors = 4096
Maximum connect burst length: 5

Connection lifetime histogram (time in ms):
             :
            13.5 1
             :
            16.5 2
             :
            18.5 1
             :
            20.5 2
             :
            22.5 3
             :
            24.5 3
            25.5 2
            26.5 4
            27.5 1
             :
            30.5 1
            31.5 1
            32.5 1
            33.5 2
             :
            35.5 2
            36.5 2
            37.5 3
            38.5 2
            39.5 5
            40.5 1
            41.5 7
            42.5 2
            43.5 5
            44.5 2
            45.5 7
            46.5 2
            47.5 2
            48.5 5
            49.5 7
            50.5 5
            51.5 6
            52.5 5
            53.5 2
            54.5 2
            55.5 6
            56.5 10
            57.5 9
            58.5 6
            59.5 7
            60.5 8
            61.5 13
            62.5 4
            63.5 10
            64.5 11
            65.5 12
            66.5 8
            67.5 9
            68.5 7
            69.5 12
            70.5 13
            71.5 10
            72.5 10
            73.5 15
            74.5 10
            75.5 15
            76.5 20
            77.5 22
            78.5 17
            79.5 18
            80.5 16
            81.5 11
            82.5 13
            83.5 23
            84.5 19
            85.5 26
            86.5 18
            87.5 20
            88.5 23
            89.5 20
            90.5 21
            91.5 24
            92.5 20
            93.5 23
            94.5 30
            95.5 30
            96.5 27
            97.5 29
            98.5 38
            99.5 25
           100.5 39
           101.5 24
           102.5 34
           103.5 32
           104.5 24
           105.5 17
           106.5 36
           107.5 34
           108.5 26
           109.5 33
           110.5 35
           111.5 29
           112.5 32
           113.5 30
           114.5 32
           115.5 26
           116.5 28
           117.5 25
           118.5 25
           119.5 33
           120.5 25
           121.5 31
           122.5 43
           123.5 38
           124.5 34
           125.5 24
           126.5 24
           127.5 28
           128.5 30
           129.5 21
           130.5 32
           131.5 31
           132.5 39
           133.5 23
           134.5 28
           135.5 39
           136.5 31
           137.5 34
           138.5 28
           139.5 25
           140.5 26
           141.5 27
           142.5 16
           143.5 36
           144.5 37
           145.5 25
           146.5 33
           147.5 28
           148.5 28
           149.5 27
           150.5 36
           151.5 25
           152.5 25
           153.5 27
           154.5 23
           155.5 31
           156.5 30
           157.5 22
           158.5 37
           159.5 22
           160.5 23
           161.5 32
           162.5 20
           163.5 33
           164.5 30
           165.5 28
           166.5 19
           167.5 21
           168.5 28
           169.5 26
           170.5 24
           171.5 28
           172.5 24
           173.5 24
           174.5 25
           175.5 25
           176.5 32
           177.5 25
           178.5 25
           179.5 23
           180.5 28
           181.5 23
           182.5 20
           183.5 13
           184.5 19
           185.5 33
           186.5 27
           187.5 18
           188.5 28
           189.5 27
           190.5 30
           191.5 18
           192.5 22
           193.5 37
           194.5 20
           195.5 14
           196.5 26
           197.5 22
           198.5 24
           199.5 18
           200.5 15
           201.5 19
           202.5 19
           203.5 23
           204.5 26
           205.5 18
           206.5 22
           207.5 20
           208.5 16
           209.5 17
           210.5 14
           211.5 10
           212.5 25
           213.5 10
           214.5 12
           215.5 13
           216.5 10
           217.5 13
           218.5 9
           219.5 15
           220.5 12
           221.5 18
           222.5 11
           223.5 12
           224.5 19
           225.5 11
           226.5 9
           227.5 15
           228.5 14
           229.5 21
           230.5 22
           231.5 10
           232.5 9
           233.5 9
           234.5 13
           235.5 11
           236.5 6
           237.5 15
           238.5 17
           239.5 8
           240.5 11
           241.5 11
           242.5 9
           243.5 7
           244.5 9
           245.5 10
           246.5 11
           247.5 9
           248.5 13
           249.5 9
           250.5 10
           251.5 9
           252.5 5
           253.5 5
           254.5 13
           255.5 6
           256.5 6
           257.5 8
           258.5 3
           259.5 12
           260.5 4
           261.5 6
           262.5 8
           263.5 8
           264.5 3
           265.5 7
           266.5 9
           267.5 3
           268.5 7
           269.5 10
           270.5 10
           271.5 6
           272.5 8
           273.5 4
           274.5 6
           275.5 5
           276.5 11
           277.5 9
           278.5 10
           279.5 6
           280.5 9
           281.5 7
           282.5 10
           283.5 5
           284.5 9
           285.5 8
           286.5 8
           287.5 3
           288.5 11
           289.5 10
           290.5 6
           291.5 10
           292.5 9
           293.5 10
           294.5 9
           295.5 16
           296.5 8
           297.5 6
           298.5 9
           299.5 10
           300.5 12
           301.5 5
           302.5 13
           303.5 15
           304.5 14
           305.5 13
           306.5 14
           307.5 11
           308.5 12
           309.5 12
           310.5 10
           311.5 10
           312.5 18
           313.5 14
           314.5 19
           315.5 13
           316.5 12
           317.5 9
           318.5 13
           319.5 14
           320.5 22
           321.5 23
           322.5 17
           323.5 16
           324.5 23
           325.5 17
           326.5 16
           327.5 13
           328.5 13
           329.5 16
           330.5 16
           331.5 19
           332.5 15
           333.5 19
           334.5 22
           335.5 14
           336.5 26
           337.5 31
           338.5 18
           339.5 22
           340.5 22
           341.5 22
           342.5 20
           343.5 21
           344.5 21
           345.5 12
           346.5 17
           347.5 15
           348.5 26
           349.5 10
           350.5 19
           351.5 13
           352.5 26
           353.5 18
           354.5 20
           355.5 13
           356.5 15
           357.5 17
           358.5 12
           359.5 11
           360.5 17
           361.5 9
           362.5 11
           363.5 12
           364.5 20
           365.5 10
           366.5 12
           367.5 16
           368.5 19
           369.5 14
           370.5 17
           371.5 10
           372.5 10
           373.5 18
           374.5 15
           375.5 19
           376.5 16
           377.5 16
           378.5 18
           379.5 18
           380.5 17
           381.5 16
           382.5 19
           383.5 17
           384.5 18
           385.5 22
           386.5 20
           387.5 29
           388.5 16
           389.5 21
           390.5 13
           391.5 26
           392.5 20
           393.5 30
           394.5 20
           395.5 24
           396.5 19
           397.5 19
           398.5 15
           399.5 26
           400.5 21
           401.5 24
           402.5 22
           403.5 16
           404.5 19
           405.5 22
           406.5 18
           407.5 15
           408.5 15
           409.5 22
           410.5 18
           411.5 18
           412.5 21
           413.5 24
           414.5 13
           415.5 20
           416.5 19
           417.5 10
           418.5 24
           419.5 22
           420.5 26
           421.5 20
           422.5 20
           423.5 18
           424.5 23
           425.5 17
           426.5 24
           427.5 18
           428.5 27
           429.5 17
           430.5 15
           431.5 24
           432.5 13
           433.5 19
           434.5 22
           435.5 22
           436.5 16
           437.5 23
           438.5 26
           439.5 17
           440.5 19
           441.5 10
           442.5 30
           443.5 24
           444.5 13
           445.5 22
           446.5 23
           447.5 19
           448.5 22
           449.5 11
           450.5 27
           451.5 17
           452.5 9
           453.5 23
           454.5 11
           455.5 11
           456.5 20
           457.5 16
           458.5 19
           459.5 18
           460.5 19
           461.5 12
           462.5 21
           463.5 14
           464.5 19
           465.5 10
           466.5 16
           467.5 19
           468.5 14
           469.5 10
           470.5 10
           471.5 23
           472.5 11
           473.5 20
           474.5 14
           475.5 17
           476.5 16
           477.5 15
           478.5 17
           479.5 14
           480.5 9
           481.5 18
           482.5 20
           483.5 11
           484.5 14
           485.5 12
           486.5 10
           487.5 13
           488.5 10
           489.5 12
           490.5 14
           491.5 10
           492.5 9
           493.5 8
           494.5 10
           495.5 13
           496.5 17
           497.5 16
           498.5 12
           499.5 12
           500.5 12
           501.5 9
           502.5 14
           503.5 6
           504.5 13
           505.5 13
           506.5 12
           507.5 11
           508.5 11
           509.5 9
           510.5 4
           511.5 11
           512.5 10
           513.5 13
           514.5 8
           515.5 5
           516.5 9
           517.5 9
           518.5 12
           519.5 10
           520.5 11
           521.5 13
           522.5 8
           523.5 10
           524.5 8
           525.5 5
           526.5 9
           527.5 5
           528.5 9
           529.5 13
           530.5 7
           531.5 5
           532.5 6
           533.5 5
           534.5 11
           535.5 8
           536.5 8
           537.5 7
           538.5 6
           539.5 4
           540.5 3
           541.5 7
           542.5 8
           543.5 11
           544.5 5
           545.5 10
           546.5 6
           547.5 6
           548.5 2
           549.5 7
           550.5 5
           551.5 6
           552.5 5
           553.5 11
           554.5 10
           555.5 5
           556.5 8
           557.5 4
           558.5 5
           559.5 6
           560.5 6
           561.5 1
           562.5 9
           563.5 3
           564.5 6
           565.5 4
           566.5 3
           567.5 10
           568.5 4
           569.5 7
           570.5 6
           571.5 5
           572.5 4
           573.5 1
           574.5 4
           575.5 6
           576.5 3
           577.5 2
           578.5 1
           579.5 2
           580.5 3
           581.5 4
           582.5 3
           583.5 7
           584.5 3
           585.5 1
           586.5 4
           587.5 3
           588.5 2
           589.5 4
           590.5 4
           591.5 8
           592.5 4
           593.5 7
           594.5 5
           595.5 9
           596.5 7
           597.5 2
           598.5 5
           599.5 3
           600.5 8
           601.5 6
           602.5 2
           603.5 6
           604.5 4
           605.5 3
           606.5 3
           607.5 3
           608.5 1
           609.5 4
           610.5 2
           611.5 2
           612.5 6
           613.5 4
           614.5 2
           615.5 1
           616.5 6
             :
           618.5 3
           619.5 3
           620.5 3
           621.5 2
           622.5 2
           623.5 1
           624.5 2
           625.5 2
           626.5 1
             :
           628.5 3
           629.5 3
           630.5 1
           631.5 1
           632.5 2
           633.5 6
           634.5 2
           635.5 3
           636.5 5
           637.5 5
           638.5 4
           639.5 1
           640.5 2
           641.5 4
             :
           643.5 3
           644.5 5
           645.5 3
           646.5 3
           647.5 7
           648.5 6
           649.5 5
           650.5 6
           651.5 8
           652.5 5
           653.5 6
           654.5 12
           655.5 6
           656.5 6
           657.5 5
           658.5 6
           659.5 3
           660.5 5
           661.5 6
           662.5 5
           663.5 7
           664.5 7
           665.5 4
           666.5 5
           667.5 8
           668.5 3
           669.5 6
           670.5 6
           671.5 9
           672.5 5
           673.5 6
           674.5 6
           675.5 9
           676.5 9
           677.5 7
           678.5 4
           679.5 2
           680.5 5
           681.5 10
           682.5 5
           683.5 6
           684.5 6
           685.5 2
           686.5 4
           687.5 1
           688.5 4
           689.5 10
           690.5 8
           691.5 8
           692.5 9
           693.5 10
           694.5 6
           695.5 6
           696.5 4
           697.5 3
           698.5 2
           699.5 2
           700.5 3
           701.5 2
           702.5 1
           703.5 5
           704.5 3
           705.5 5
           706.5 8
           707.5 2
           708.5 5
           709.5 4
           710.5 2
           711.5 3
           712.5 4
           713.5 6
           714.5 3
           715.5 5
           716.5 3
           717.5 4
           718.5 2
           719.5 3
           720.5 3
           721.5 3
           722.5 2
           723.5 4
           724.5 3
           725.5 4
           726.5 2
           727.5 4
           728.5 2
           729.5 9
           730.5 3
           731.5 3
           732.5 4
           733.5 10
           734.5 1
           735.5 2
           736.5 3
           737.5 4
           738.5 4
           739.5 3
           740.5 1
           741.5 7
           742.5 6
           743.5 5
           744.5 3
           745.5 3
           746.5 1
           747.5 8
           748.5 4
           749.5 1
           750.5 3
           751.5 3
           752.5 6
           753.5 5
           754.5 6
           755.5 5
           756.5 2
           757.5 3
           758.5 7
           759.5 6
           760.5 3
           761.5 2
           762.5 2
           763.5 7
           764.5 4
           765.5 6
           766.5 3
           767.5 6
           768.5 7
           769.5 4
           770.5 4
           771.5 2
           772.5 1
           773.5 4
           774.5 4
           775.5 3
           776.5 3
           777.5 3
           778.5 8
           779.5 5
           780.5 5
           781.5 7
           782.5 6
           783.5 3
           784.5 7
           785.5 5
           786.5 6
           787.5 9
           788.5 7
           789.5 7
           790.5 3
           791.5 4
           792.5 1
           793.5 2
           794.5 2
           795.5 3
           796.5 3
           797.5 6
           798.5 3
           799.5 11
           800.5 4
           801.5 6
           802.5 4
           803.5 4
           804.5 3
           805.5 5
           806.5 1
           807.5 2
           808.5 4
           809.5 6
           810.5 3
           811.5 3
           812.5 5
           813.5 4
           814.5 5
           815.5 1
           816.5 2
           817.5 8
           818.5 1
           819.5 5
           820.5 3
           821.5 6
           822.5 5
           823.5 2
           824.5 5
           825.5 6
           826.5 4
           827.5 4
           828.5 4
           829.5 6
           830.5 5
           831.5 6
           832.5 3
           833.5 4
           834.5 4
           835.5 6
           836.5 3
           837.5 2
           838.5 2
           839.5 9
           840.5 6
           841.5 3
           842.5 4
           843.5 3
           844.5 3
           845.5 6
           846.5 8
           847.5 8
           848.5 2
           849.5 5
           850.5 7
           851.5 3
           852.5 7
           853.5 7
           854.5 7
           855.5 4
           856.5 2
           857.5 6
           858.5 14
           859.5 9
           860.5 5
           861.5 7
           862.5 11
           863.5 8
           864.5 7
           865.5 8
           866.5 10
           867.5 6
           868.5 6
           869.5 7
           870.5 6
           871.5 2
           872.5 1
           873.5 8
           874.5 8
           875.5 9
           876.5 1
           877.5 12
           878.5 4
           879.5 5
           880.5 6
           881.5 6
           882.5 6
           883.5 9
           884.5 7
           885.5 10
           886.5 7
           887.5 7
           888.5 6
           889.5 8
           890.5 10
           891.5 8
           892.5 7
           893.5 4
           894.5 8
           895.5 12
           896.5 12
           897.5 8
           898.5 12
           899.5 2
           900.5 11
           901.5 15
           902.5 5
           903.5 8
           904.5 7
           905.5 8
           906.5 7
           907.5 7
           908.5 9
           909.5 4
           910.5 10
           911.5 8
           912.5 8
           913.5 7
           914.5 8
           915.5 8
           916.5 9
           917.5 7
           918.5 7
           919.5 5
           920.5 6
           921.5 3
           922.5 5
           923.5 6
           924.5 4
           925.5 4
           926.5 13
           927.5 4
           928.5 9
           929.5 9
           930.5 6
           931.5 6
           932.5 6
           933.5 8
           934.5 9
           935.5 8
           936.5 6
           937.5 3
           938.5 5
           939.5 2
           940.5 8
           941.5 9
           942.5 8
           943.5 11
           944.5 4
           945.5 5
           946.5 10
           947.5 4
           948.5 5
           949.5 6
           950.5 5
           951.5 8
           952.5 2
           953.5 4
           954.5 8
           955.5 6
           956.5 7
           957.5 8
           958.5 5
           959.5 5
           960.5 7
           961.5 9
           962.5 7
           963.5 6
           964.5 4
           965.5 4
           966.5 3
           967.5 2
           968.5 4
           969.5 6
           970.5 3
           971.5 3
           972.5 5
           973.5 8
           974.5 10
           975.5 7
           976.5 6
           977.5 5
           978.5 8
           979.5 8
           980.5 7
           981.5 10
           982.5 8
           983.5 9
           984.5 4
           985.5 5
           986.5 4
           987.5 7
           988.5 4
           989.5 11
           990.5 3
           991.5 7
           992.5 2
           993.5 5
           994.5 9
           995.5 6
           996.5 5
           997.5 4
           998.5 10
           999.5 2
          1000.5 3
          1001.5 10
          1002.5 7
          1003.5 6
          1004.5 9
          1005.5 7
          1006.5 8
          1007.5 3
          1008.5 5
          1009.5 4
          1010.5 8
          1011.5 6
          1012.5 8
          1013.5 11
          1014.5 10
          1015.5 3
          1016.5 12
          1017.5 1
          1018.5 8
          1019.5 5
          1020.5 3
          1021.5 5
          1022.5 5
          1023.5 3
          1024.5 5
          1025.5 6
          1026.5 4
          1027.5 4
          1028.5 2
          1029.5 3
          1030.5 1
          1031.5 2
          1032.5 7
          1033.5 4
          1034.5 4
          1035.5 4
          1036.5 2
          1037.5 2
          1038.5 3
          1039.5 3
          1040.5 5
             :
          1042.5 1

Total: connections 40000 requests 15397 replies 11005 test-duration 79.123 s

Connection rate: 505.5 conn/s (2.0 ms/conn, <=522 concurrent connections)
Connection time [ms]: min 13.2 avg 396.6 max 1042.4 median 351.5 stddev 268.1
Connection time [ms]: connect 34.6
Connection length [replies/conn]: 1.000

Request rate: 194.6 req/s (5.1 ms/req)
Request size [B]: 66.0

Reply rate [replies/s]: min 26.0 avg 139.2 max 269.0 stddev 36.7 (79 samples)
Percentages of the replies served at a given rate:
   50%: 133
   66%: 152
   75%: 160
   80%: 169
   90%: 175
   95%: 187
   98%: 257
   99%: 268
  100%: 269

Reply time [ms]: response 362.3 transfer 0.0
Percentages of the requests served within a certain time (ms) :
   50%: 317
   66%: 410
   75%: 479
   80%: 579
   90%: 831
   95%: 908
   98%: 961
   99%: 980
  100%: 1000

Reply size [B]: header 266.0 content 76.0 footer 0.0 (total 342.0)
Reply status: 1xx=0 2xx=11005 3xx=0 4xx=0 5xx=0

CPU time [s]: user 33.80 system 43.72 (user 42.7% system 55.3% total 98.0%)
Net I/O: 59.3 KB/s (0.5*10^6 bps)

Errors: total 28995 client-timo 28995 socket-timo 0 connrefused 0 connreset 0
Errors: fd-unavail 0 addrunavail 0 ftab-full 0 other 0

