httperf --verbose --hog --timeout=1 --client=0/1 --server=172.17.60.201 --port=80 --uri=/ --rate=512 --send-buffer=4096 --recv-buffer=16384 --num-conns=40000 --num-calls=1
httperf: maximum number of open descriptors = 4096
Maximum connect burst length: 5

Connection lifetime histogram (time in ms):
             :
            13.5 1
            14.5 1
             :
            16.5 2
             :
            18.5 2
            19.5 1
            20.5 1
             :
            23.5 2
            24.5 2
            25.5 4
             :
            27.5 2
             :
            29.5 1
            30.5 1
            31.5 2
            32.5 1
             :
            34.5 1
            35.5 1
            36.5 3
            37.5 1
            38.5 6
            39.5 1
            40.5 4
            41.5 4
            42.5 2
            43.5 3
            44.5 4
            45.5 3
            46.5 6
             :
            48.5 3
            49.5 2
            50.5 5
            51.5 9
            52.5 2
            53.5 5
            54.5 2
            55.5 4
            56.5 11
            57.5 4
            58.5 10
            59.5 8
            60.5 9
            61.5 12
            62.5 13
            63.5 7
            64.5 12
            65.5 10
            66.5 8
            67.5 18
            68.5 7
            69.5 8
            70.5 11
            71.5 13
            72.5 8
            73.5 17
            74.5 10
            75.5 24
            76.5 22
            77.5 9
            78.5 17
            79.5 18
            80.5 12
            81.5 16
            82.5 17
            83.5 18
            84.5 19
            85.5 24
            86.5 16
            87.5 16
            88.5 28
            89.5 24
            90.5 25
            91.5 17
            92.5 28
            93.5 23
            94.5 23
            95.5 22
            96.5 29
            97.5 27
            98.5 25
            99.5 28
           100.5 18
           101.5 30
           102.5 23
           103.5 27
           104.5 30
           105.5 35
           106.5 24
           107.5 24
           108.5 33
           109.5 37
           110.5 28
           111.5 37
           112.5 32
           113.5 29
           114.5 28
           115.5 37
           116.5 31
           117.5 24
           118.5 28
           119.5 33
           120.5 40
           121.5 34
           122.5 32
           123.5 37
           124.5 35
           125.5 35
           126.5 25
           127.5 31
           128.5 26
           129.5 32
           130.5 30
           131.5 30
           132.5 33
           133.5 28
           134.5 27
           135.5 33
           136.5 35
           137.5 24
           138.5 33
           139.5 33
           140.5 24
           141.5 32
           142.5 32
           143.5 30
           144.5 29
           145.5 25
           146.5 22
           147.5 29
           148.5 25
           149.5 30
           150.5 26
           151.5 32
           152.5 23
           153.5 23
           154.5 35
           155.5 31
           156.5 26
           157.5 23
           158.5 25
           159.5 22
           160.5 24
           161.5 30
           162.5 26
           163.5 19
           164.5 28
           165.5 29
           166.5 24
           167.5 19
           168.5 31
           169.5 34
           170.5 24
           171.5 30
           172.5 18
           173.5 15
           174.5 18
           175.5 23
           176.5 28
           177.5 19
           178.5 34
           179.5 29
           180.5 26
           181.5 28
           182.5 29
           183.5 21
           184.5 28
           185.5 17
           186.5 17
           187.5 23
           188.5 20
           189.5 16
           190.5 18
           191.5 16
           192.5 28
           193.5 23
           194.5 20
           195.5 19
           196.5 22
           197.5 25
           198.5 21
           199.5 18
           200.5 20
           201.5 22
           202.5 19
           203.5 17
           204.5 20
           205.5 29
           206.5 21
           207.5 18
           208.5 16
           209.5 19
           210.5 23
           211.5 20
           212.5 11
           213.5 10
           214.5 19
           215.5 12
           216.5 12
           217.5 17
           218.5 16
           219.5 18
           220.5 19
           221.5 13
           222.5 12
           223.5 27
           224.5 20
           225.5 13
           226.5 13
           227.5 19
           228.5 12
           229.5 10
           230.5 12
           231.5 10
           232.5 13
           233.5 15
           234.5 10
           235.5 15
           236.5 10
           237.5 11
           238.5 10
           239.5 11
           240.5 11
           241.5 14
           242.5 12
           243.5 11
           244.5 16
           245.5 9
           246.5 12
           247.5 11
           248.5 11
           249.5 13
           250.5 8
           251.5 16
           252.5 7
           253.5 7
           254.5 4
           255.5 9
           256.5 5
           257.5 7
           258.5 9
           259.5 10
           260.5 9
           261.5 15
           262.5 7
           263.5 10
           264.5 13
           265.5 7
           266.5 5
           267.5 7
           268.5 6
           269.5 11
           270.5 12
           271.5 5
           272.5 8
           273.5 8
           274.5 7
           275.5 7
           276.5 8
           277.5 4
           278.5 6
           279.5 6
           280.5 11
           281.5 2
           282.5 7
           283.5 5
           284.5 6
           285.5 12
           286.5 6
           287.5 7
           288.5 6
           289.5 7
           290.5 8
           291.5 7
           292.5 3
           293.5 11
           294.5 4
           295.5 17
           296.5 10
           297.5 12
           298.5 3
           299.5 8
           300.5 8
           301.5 9
           302.5 7
           303.5 15
           304.5 24
           305.5 8
           306.5 5
           307.5 8
           308.5 12
           309.5 9
           310.5 12
           311.5 17
           312.5 13
           313.5 13
           314.5 16
           315.5 18
           316.5 9
           317.5 16
           318.5 9
           319.5 15
           320.5 18
           321.5 19
           322.5 16
           323.5 10
           324.5 15
           325.5 11
           326.5 20
           327.5 12
           328.5 10
           329.5 19
           330.5 20
           331.5 20
           332.5 21
           333.5 13
           334.5 9
           335.5 19
           336.5 25
           337.5 14
           338.5 15
           339.5 19
           340.5 8
           341.5 19
           342.5 33
           343.5 19
           344.5 23
           345.5 24
           346.5 24
           347.5 18
           348.5 20
           349.5 14
           350.5 15
           351.5 12
           352.5 15
           353.5 18
           354.5 16
           355.5 17
           356.5 21
           357.5 12
           358.5 15
           359.5 10
           360.5 17
           361.5 16
           362.5 19
           363.5 16
           364.5 11
           365.5 12
           366.5 13
           367.5 13
           368.5 13
           369.5 17
           370.5 14
           371.5 9
           372.5 12
           373.5 8
           374.5 16
           375.5 12
           376.5 12
           377.5 13
           378.5 15
           379.5 14
           380.5 15
           381.5 19
           382.5 24
           383.5 16
           384.5 19
           385.5 16
           386.5 16
           387.5 28
           388.5 22
           389.5 20
           390.5 18
           391.5 22
           392.5 21
           393.5 18
           394.5 15
           395.5 20
           396.5 20
           397.5 19
           398.5 13
           399.5 11
           400.5 14
           401.5 14
           402.5 21
           403.5 20
           404.5 16
           405.5 13
           406.5 21
           407.5 17
           408.5 19
           409.5 21
           410.5 16
           411.5 21
           412.5 13
           413.5 29
           414.5 13
           415.5 19
           416.5 12
           417.5 16
           418.5 18
           419.5 26
           420.5 17
           421.5 18
           422.5 14
           423.5 17
           424.5 12
           425.5 27
           426.5 6
           427.5 13
           428.5 12
           429.5 16
           430.5 24
           431.5 11
           432.5 21
           433.5 16
           434.5 21
           435.5 18
           436.5 17
           437.5 17
           438.5 14
           439.5 21
           440.5 16
           441.5 15
           442.5 25
           443.5 16
           444.5 23
           445.5 18
           446.5 20
           447.5 13
           448.5 16
           449.5 20
           450.5 22
           451.5 15
           452.5 16
           453.5 15
           454.5 16
           455.5 12
           456.5 13
           457.5 12
           458.5 12
           459.5 13
           460.5 19
           461.5 16
           462.5 16
           463.5 13
           464.5 17
           465.5 12
           466.5 20
           467.5 16
           468.5 5
           469.5 10
           470.5 6
           471.5 13
           472.5 9
           473.5 11
           474.5 12
           475.5 12
           476.5 5
           477.5 13
           478.5 9
           479.5 17
           480.5 13
           481.5 18
           482.5 7
           483.5 11
           484.5 9
           485.5 12
           486.5 17
           487.5 8
           488.5 8
           489.5 12
           490.5 7
           491.5 9
           492.5 9
           493.5 8
           494.5 7
           495.5 8
           496.5 8
           497.5 10
           498.5 10
           499.5 8
           500.5 8
           501.5 7
           502.5 7
           503.5 7
           504.5 4
           505.5 10
           506.5 7
           507.5 8
           508.5 14
           509.5 5
           510.5 9
           511.5 8
           512.5 7
           513.5 9
           514.5 6
           515.5 12
           516.5 6
           517.5 8
           518.5 4
           519.5 6
           520.5 5
           521.5 6
           522.5 9
           523.5 10
           524.5 8
           525.5 3
           526.5 6
           527.5 9
           528.5 7
           529.5 1
           530.5 5
           531.5 4
           532.5 4
           533.5 3
           534.5 4
           535.5 3
           536.5 8
           537.5 5
           538.5 4
           539.5 7
           540.5 4
           541.5 4
           542.5 3
           543.5 7
           544.5 3
           545.5 6
           546.5 5
           547.5 7
           548.5 7
           549.5 8
           550.5 2
           551.5 7
           552.5 4
           553.5 4
           554.5 3
           555.5 5
           556.5 4
           557.5 3
           558.5 2
           559.5 6
           560.5 5
           561.5 6
           562.5 6
           563.5 3
           564.5 2
           565.5 5
           566.5 3
           567.5 11
           568.5 1
           569.5 5
           570.5 7
           571.5 7
           572.5 3
           573.5 2
           574.5 2
           575.5 3
           576.5 7
           577.5 3
           578.5 4
           579.5 2
           580.5 2
           581.5 3
           582.5 10
           583.5 1
           584.5 7
           585.5 5
           586.5 3
           587.5 4
           588.5 3
           589.5 3
           590.5 6
           591.5 6
           592.5 4
           593.5 3
           594.5 6
           595.5 4
           596.5 6
           597.5 6
           598.5 3
           599.5 3
           600.5 4
           601.5 2
           602.5 6
           603.5 1
           604.5 5
           605.5 4
           606.5 2
           607.5 2
           608.5 4
           609.5 5
           610.5 4
           611.5 1
           612.5 2
           613.5 2
           614.5 4
           615.5 3
           616.5 8
             :
           618.5 4
           619.5 1
           620.5 4
           621.5 4
           622.5 2
           623.5 3
           624.5 3
           625.5 3
           626.5 5
           627.5 3
           628.5 3
           629.5 3
           630.5 4
           631.5 4
           632.5 3
           633.5 5
           634.5 2
           635.5 4
           636.5 7
           637.5 4
           638.5 6
           639.5 6
           640.5 4
           641.5 1
           642.5 6
           643.5 6
           644.5 5
           645.5 2
           646.5 1
           647.5 3
           648.5 6
           649.5 9
           650.5 6
           651.5 6
           652.5 4
           653.5 3
           654.5 3
           655.5 8
           656.5 4
           657.5 6
           658.5 5
           659.5 3
           660.5 3
           661.5 3
           662.5 3
           663.5 5
           664.5 7
           665.5 2
           666.5 4
           667.5 3
           668.5 1
           669.5 3
           670.5 4
           671.5 7
           672.5 7
           673.5 2
           674.5 3
           675.5 4
           676.5 8
           677.5 2
           678.5 6
           679.5 3
           680.5 3
           681.5 2
           682.5 3
           683.5 2
           684.5 2
           685.5 2
           686.5 2
           687.5 7
           688.5 3
           689.5 6
           690.5 4
           691.5 1
           692.5 4
           693.5 2
           694.5 7
           695.5 3
           696.5 4
           697.5 9
           698.5 3
           699.5 2
           700.5 4
           701.5 5
           702.5 4
           703.5 6
           704.5 5
           705.5 4
           706.5 11
           707.5 5
           708.5 5
           709.5 2
           710.5 5
           711.5 7
           712.5 5
           713.5 7
           714.5 5
           715.5 1
           716.5 6
           717.5 4
           718.5 4
           719.5 3
           720.5 4
           721.5 1
           722.5 6
           723.5 4
           724.5 7
           725.5 3
           726.5 7
           727.5 7
           728.5 4
           729.5 7
           730.5 9
           731.5 4
           732.5 3
           733.5 2
           734.5 4
           735.5 1
           736.5 2
           737.5 5
           738.5 5
           739.5 4
           740.5 3
           741.5 2
           742.5 5
           743.5 4
           744.5 5
           745.5 3
           746.5 4
           747.5 2
           748.5 3
           749.5 5
           750.5 3
           751.5 2
           752.5 4
           753.5 6
           754.5 6
           755.5 3
           756.5 5
           757.5 7
           758.5 6
           759.5 4
           760.5 4
           761.5 3
           762.5 6
           763.5 7
           764.5 3
           765.5 3
             :
           767.5 6
           768.5 4
           769.5 2
           770.5 1
           771.5 6
           772.5 4
           773.5 2
           774.5 3
           775.5 5
           776.5 5
           777.5 6
           778.5 6
           779.5 4
           780.5 4
           781.5 4
           782.5 2
           783.5 6
           784.5 5
           785.5 7
           786.5 4
           787.5 7
           788.5 3
           789.5 5
           790.5 7
           791.5 5
           792.5 6
           793.5 6
           794.5 9
           795.5 4
           796.5 4
           797.5 4
           798.5 5
           799.5 2
           800.5 2
           801.5 5
           802.5 4
           803.5 5
           804.5 5
           805.5 2
           806.5 4
           807.5 4
           808.5 6
           809.5 10
           810.5 10
           811.5 3
           812.5 4
           813.5 4
           814.5 4
           815.5 6
           816.5 6
           817.5 5
           818.5 4
           819.5 5
           820.5 1
           821.5 4
           822.5 7
           823.5 6
           824.5 4
           825.5 6
           826.5 5
           827.5 5
           828.5 7
           829.5 5
           830.5 1
           831.5 5
           832.5 5
           833.5 2
           834.5 6
           835.5 7
           836.5 4
           837.5 6
           838.5 5
           839.5 7
           840.5 9
           841.5 6
           842.5 1
           843.5 3
           844.5 8
           845.5 7
           846.5 9
           847.5 4
           848.5 9
           849.5 6
           850.5 3
           851.5 1
           852.5 7
           853.5 2
           854.5 3
           855.5 4
           856.5 5
           857.5 4
           858.5 8
           859.5 7
           860.5 8
           861.5 6
           862.5 12
           863.5 5
           864.5 9
           865.5 5
           866.5 11
           867.5 3
           868.5 8
           869.5 7
           870.5 9
           871.5 8
           872.5 7
           873.5 10
           874.5 4
           875.5 4
           876.5 7
           877.5 3
           878.5 6
           879.5 4
           880.5 3
           881.5 12
           882.5 8
           883.5 8
           884.5 9
           885.5 5
           886.5 6
           887.5 9
           888.5 4
           889.5 10
           890.5 5
           891.5 6
           892.5 7
           893.5 6
           894.5 4
           895.5 3
           896.5 9
           897.5 3
           898.5 5
           899.5 8
           900.5 4
           901.5 10
           902.5 8
           903.5 14
           904.5 6
           905.5 6
           906.5 9
           907.5 8
           908.5 4
           909.5 9
           910.5 8
           911.5 5
           912.5 4
           913.5 5
           914.5 7
           915.5 5
           916.5 5
           917.5 6
           918.5 3
           919.5 9
           920.5 7
           921.5 8
           922.5 9
           923.5 5
           924.5 8
           925.5 9
           926.5 12
           927.5 6
           928.5 6
           929.5 7
           930.5 8
           931.5 2
           932.5 12
           933.5 3
           934.5 5
           935.5 5
           936.5 11
           937.5 9
           938.5 8
           939.5 9
           940.5 10
           941.5 5
           942.5 7
           943.5 5
           944.5 5
           945.5 11
           946.5 5
           947.5 8
           948.5 4
           949.5 4
           950.5 5
           951.5 6
           952.5 5
           953.5 4
           954.5 6
           955.5 4
           956.5 8
           957.5 5
           958.5 6
           959.5 7
           960.5 9
           961.5 9
           962.5 9
           963.5 8
           964.5 4
           965.5 7
           966.5 3
           967.5 3
           968.5 4
           969.5 9
           970.5 7
           971.5 13
           972.5 9
           973.5 8
           974.5 6
           975.5 11
           976.5 5
           977.5 8
           978.5 5
           979.5 4
           980.5 2
           981.5 4
           982.5 4
           983.5 7
           984.5 7
           985.5 8
           986.5 4
           987.5 4
           988.5 8
           989.5 6
           990.5 4
           991.5 3
           992.5 6
           993.5 6
           994.5 1
           995.5 1
           996.5 4
           997.5 2
           998.5 7
           999.5 4
          1000.5 3
          1001.5 3
          1002.5 8
          1003.5 13
          1004.5 13
          1005.5 5
          1006.5 7
          1007.5 8
          1008.5 7
          1009.5 8
          1010.5 6
          1011.5 3
          1012.5 5
          1013.5 4
          1014.5 8
          1015.5 5
          1016.5 9
          1017.5 7
          1018.5 6
          1019.5 5
          1020.5 3
          1021.5 4
          1022.5 4
          1023.5 2
          1024.5 6
          1025.5 4
          1026.5 7
          1027.5 5
          1028.5 6
          1029.5 4
          1030.5 3
          1031.5 5
          1032.5 2
          1033.5 4
          1034.5 2
          1035.5 5
          1036.5 2
          1037.5 2
          1038.5 3
          1039.5 1
          1040.5 1
             :
          1042.5 1
             :
          1151.5 1
             :
          1340.5 1

Total: connections 40000 requests 15128 replies 10482 test-duration 79.137 s

Connection rate: 505.5 conn/s (2.0 ms/conn, <=525 concurrent connections)
Connection time [ms]: min 13.4 avg 392.9 max 1340.7 median 340.5 stddev 272.7
Connection time [ms]: connect 35.2
Connection length [replies/conn]: 1.000

Request rate: 191.2 req/s (5.2 ms/req)
Request size [B]: 66.0

Reply rate [replies/s]: min 27.0 avg 132.6 max 265.0 stddev 38.3 (79 samples)
Percentages of the replies served at a given rate:
   50%: 132
   66%: 146
   75%: 155
   80%: 160
   90%: 175
   95%: 190
   98%: 258
   99%: 264
  100%: 265

Reply time [ms]: response 357.9 transfer 0.0
Percentages of the requests served within a certain time (ms) :
   50%: 304
   66%: 402
   75%: 479
   80%: 596
   90%: 835
   95%: 908
   98%: 959
   99%: 980
  100%: 1000

Reply size [B]: header 266.0 content 76.0 footer 0.0 (total 342.0)
Reply status: 1xx=0 2xx=10482 3xx=0 4xx=0 5xx=0

CPU time [s]: user 35.33 system 42.42 (user 44.6% system 53.6% total 98.2%)
Net I/O: 56.8 KB/s (0.5*10^6 bps)

Errors: total 29518 client-timo 29518 socket-timo 0 connrefused 0 connreset 0
Errors: fd-unavail 0 addrunavail 0 ftab-full 0 other 0

