httperf --verbose --hog --timeout=1 --client=0/1 --server=172.17.60.201 --port=80 --uri=/ --rate=512 --send-buffer=4096 --recv-buffer=16384 --num-conns=40000 --num-calls=1
httperf: maximum number of open descriptors = 4096
Maximum connect burst length: 5

Connection lifetime histogram (time in ms):
             :
            18.5 1
            19.5 1
             :
            22.5 2
            23.5 2
            24.5 2
            25.5 2
            26.5 1
            27.5 1
            28.5 4
             :
            30.5 4
             :
            32.5 2
            33.5 1
             :
            35.5 2
            36.5 6
            37.5 1
            38.5 4
             :
            40.5 2
            41.5 3
            42.5 1
            43.5 4
            44.5 4
            45.5 6
            46.5 4
            47.5 1
            48.5 4
            49.5 3
            50.5 3
            51.5 9
            52.5 5
            53.5 9
            54.5 6
            55.5 6
            56.5 7
            57.5 6
            58.5 4
            59.5 9
            60.5 9
            61.5 11
            62.5 4
            63.5 13
            64.5 4
            65.5 11
            66.5 14
            67.5 11
            68.5 6
            69.5 15
            70.5 14
            71.5 10
            72.5 15
            73.5 14
            74.5 16
            75.5 19
            76.5 14
            77.5 20
            78.5 18
            79.5 16
            80.5 21
            81.5 16
            82.5 20
            83.5 16
            84.5 25
            85.5 20
            86.5 25
            87.5 25
            88.5 25
            89.5 20
            90.5 25
            91.5 23
            92.5 23
            93.5 26
            94.5 21
            95.5 27
            96.5 25
            97.5 25
            98.5 42
            99.5 27
           100.5 35
           101.5 16
           102.5 27
           103.5 28
           104.5 18
           105.5 20
           106.5 28
           107.5 30
           108.5 27
           109.5 31
           110.5 34
           111.5 34
           112.5 32
           113.5 38
           114.5 35
           115.5 34
           116.5 34
           117.5 36
           118.5 34
           119.5 37
           120.5 28
           121.5 37
           122.5 35
           123.5 33
           124.5 43
           125.5 26
           126.5 34
           127.5 36
           128.5 30
           129.5 32
           130.5 28
           131.5 27
           132.5 32
           133.5 29
           134.5 28
           135.5 36
           136.5 36
           137.5 29
           138.5 32
           139.5 31
           140.5 35
           141.5 18
           142.5 25
           143.5 32
           144.5 40
           145.5 34
           146.5 32
           147.5 29
           148.5 24
           149.5 39
           150.5 26
           151.5 30
           152.5 22
           153.5 31
           154.5 23
           155.5 35
           156.5 32
           157.5 30
           158.5 28
           159.5 25
           160.5 20
           161.5 24
           162.5 30
           163.5 30
           164.5 39
           165.5 21
           166.5 31
           167.5 25
           168.5 32
           169.5 26
           170.5 21
           171.5 33
           172.5 22
           173.5 25
           174.5 35
           175.5 30
           176.5 19
           177.5 22
           178.5 24
           179.5 17
           180.5 29
           181.5 22
           182.5 28
           183.5 27
           184.5 31
           185.5 30
           186.5 17
           187.5 21
           188.5 20
           189.5 18
           190.5 30
           191.5 16
           192.5 32
           193.5 31
           194.5 17
           195.5 24
           196.5 20
           197.5 21
           198.5 19
           199.5 30
           200.5 17
           201.5 17
           202.5 22
           203.5 18
           204.5 14
           205.5 17
           206.5 24
           207.5 20
           208.5 11
           209.5 19
           210.5 26
           211.5 18
           212.5 17
           213.5 19
           214.5 20
           215.5 18
           216.5 12
           217.5 15
           218.5 14
           219.5 20
           220.5 10
           221.5 24
           222.5 23
           223.5 8
           224.5 13
           225.5 11
           226.5 11
           227.5 20
           228.5 14
           229.5 26
           230.5 11
           231.5 6
           232.5 15
           233.5 19
           234.5 12
           235.5 11
           236.5 14
           237.5 11
           238.5 7
           239.5 12
           240.5 15
           241.5 6
           242.5 14
           243.5 9
           244.5 14
           245.5 11
           246.5 14
           247.5 10
           248.5 9
           249.5 11
           250.5 16
           251.5 8
           252.5 11
           253.5 7
           254.5 12
           255.5 7
           256.5 9
           257.5 9
           258.5 11
           259.5 7
           260.5 7
           261.5 8
           262.5 8
           263.5 9
           264.5 13
           265.5 10
           266.5 11
           267.5 11
           268.5 7
           269.5 4
           270.5 7
           271.5 5
           272.5 5
           273.5 6
           274.5 9
           275.5 4
           276.5 11
           277.5 12
           278.5 6
           279.5 8
           280.5 3
           281.5 7
           282.5 9
           283.5 5
           284.5 8
           285.5 9
           286.5 11
           287.5 6
           288.5 5
           289.5 6
           290.5 6
           291.5 11
           292.5 5
           293.5 13
           294.5 6
           295.5 9
           296.5 14
           297.5 11
           298.5 8
           299.5 8
           300.5 5
           301.5 8
           302.5 12
           303.5 14
           304.5 7
           305.5 13
           306.5 9
           307.5 11
           308.5 14
           309.5 16
           310.5 15
           311.5 11
           312.5 14
           313.5 17
           314.5 18
           315.5 20
           316.5 10
           317.5 14
           318.5 11
           319.5 18
           320.5 15
           321.5 17
           322.5 26
           323.5 11
           324.5 17
           325.5 17
           326.5 13
           327.5 16
           328.5 13
           329.5 16
           330.5 16
           331.5 21
           332.5 16
           333.5 14
           334.5 16
           335.5 21
           336.5 16
           337.5 19
           338.5 27
           339.5 10
           340.5 21
           341.5 18
           342.5 18
           343.5 15
           344.5 21
           345.5 23
           346.5 24
           347.5 11
           348.5 17
           349.5 17
           350.5 25
           351.5 11
           352.5 14
           353.5 11
           354.5 19
           355.5 12
           356.5 18
           357.5 20
           358.5 17
           359.5 11
           360.5 17
           361.5 22
           362.5 29
           363.5 11
           364.5 21
           365.5 16
           366.5 16
           367.5 18
           368.5 25
           369.5 22
           370.5 13
           371.5 12
           372.5 16
           373.5 27
           374.5 15
           375.5 14
           376.5 21
           377.5 18
           378.5 16
           379.5 17
           380.5 17
           381.5 11
           382.5 25
           383.5 16
           384.5 18
           385.5 18
           386.5 16
           387.5 22
           388.5 12
           389.5 15
           390.5 28
           391.5 16
           392.5 27
           393.5 14
           394.5 26
           395.5 19
           396.5 23
           397.5 25
           398.5 17
           399.5 15
           400.5 17
           401.5 23
           402.5 20
           403.5 15
           404.5 11
           405.5 19
           406.5 21
           407.5 13
           408.5 26
           409.5 19
           410.5 19
           411.5 22
           412.5 25
           413.5 19
           414.5 28
           415.5 14
           416.5 20
           417.5 17
           418.5 21
           419.5 14
           420.5 14
           421.5 19
           422.5 16
           423.5 21
           424.5 22
           425.5 18
           426.5 17
           427.5 19
           428.5 14
           429.5 14
           430.5 15
           431.5 16
           432.5 20
           433.5 14
           434.5 28
           435.5 24
           436.5 20
           437.5 21
           438.5 16
           439.5 22
           440.5 15
           441.5 23
           442.5 23
           443.5 17
           444.5 14
           445.5 29
           446.5 15
           447.5 19
           448.5 19
           449.5 9
           450.5 18
           451.5 17
           452.5 13
           453.5 15
           454.5 17
           455.5 17
           456.5 16
           457.5 17
           458.5 14
           459.5 19
           460.5 12
           461.5 16
           462.5 10
           463.5 10
           464.5 11
           465.5 15
           466.5 16
           467.5 19
           468.5 12
           469.5 23
           470.5 15
           471.5 12
           472.5 11
           473.5 19
           474.5 14
           475.5 14
           476.5 17
           477.5 10
           478.5 20
           479.5 12
           480.5 8
           481.5 18
           482.5 12
           483.5 14
           484.5 10
           485.5 10
           486.5 11
           487.5 16
           488.5 11
           489.5 7
           490.5 11
           491.5 16
           492.5 11
           493.5 16
           494.5 9
           495.5 10
           496.5 15
           497.5 11
           498.5 12
           499.5 7
           500.5 11
           501.5 12
           502.5 14
           503.5 10
           504.5 9
           505.5 15
           506.5 12
           507.5 9
           508.5 7
           509.5 8
           510.5 8
           511.5 9
           512.5 8
           513.5 13
           514.5 11
           515.5 8
           516.5 10
           517.5 8
           518.5 8
           519.5 11
           520.5 16
           521.5 9
           522.5 8
           523.5 5
           524.5 3
           525.5 10
           526.5 6
           527.5 7
           528.5 3
           529.5 5
           530.5 12
           531.5 2
           532.5 4
           533.5 4
           534.5 10
           535.5 4
           536.5 6
           537.5 5
           538.5 6
           539.5 6
           540.5 7
           541.5 4
           542.5 5
           543.5 5
           544.5 6
           545.5 7
           546.5 5
           547.5 4
           548.5 4
           549.5 8
           550.5 5
           551.5 6
           552.5 4
           553.5 6
           554.5 8
           555.5 4
           556.5 1
           557.5 4
           558.5 3
           559.5 4
           560.5 6
           561.5 4
           562.5 3
           563.5 3
           564.5 2
           565.5 2
           566.5 5
           567.5 2
           568.5 9
           569.5 5
           570.5 5
           571.5 6
           572.5 3
           573.5 2
           574.5 3
           575.5 6
           576.5 1
           577.5 4
           578.5 5
             :
           580.5 4
           581.5 3
           582.5 1
           583.5 1
           584.5 3
           585.5 1
           586.5 3
           587.5 2
           588.5 7
           589.5 6
           590.5 7
           591.5 4
           592.5 5
           593.5 4
           594.5 5
           595.5 7
           596.5 9
           597.5 5
           598.5 8
           599.5 5
           600.5 3
           601.5 6
           602.5 2
           603.5 2
           604.5 7
           605.5 4
           606.5 7
           607.5 4
           608.5 4
           609.5 5
           610.5 4
           611.5 3
           612.5 2
           613.5 1
           614.5 2
           615.5 2
           616.5 2
           617.5 1
             :
           619.5 2
           620.5 2
           621.5 3
           622.5 1
           623.5 2
           624.5 4
           625.5 3
           626.5 1
           627.5 2
           628.5 2
           629.5 2
           630.5 2
           631.5 2
           632.5 3
           633.5 3
             :
           635.5 3
           636.5 4
             :
           638.5 4
           639.5 2
           640.5 1
             :
           642.5 2
           643.5 4
           644.5 3
           645.5 4
           646.5 1
           647.5 7
           648.5 1
           649.5 4
           650.5 4
           651.5 5
           652.5 4
           653.5 2
           654.5 5
           655.5 9
           656.5 10
           657.5 10
           658.5 2
           659.5 4
           660.5 11
           661.5 4
           662.5 13
           663.5 2
           664.5 4
           665.5 4
           666.5 3
           667.5 2
           668.5 4
           669.5 5
           670.5 5
           671.5 6
           672.5 5
           673.5 9
           674.5 11
           675.5 5
           676.5 6
           677.5 4
             :
           679.5 3
           680.5 8
           681.5 5
           682.5 6
           683.5 3
           684.5 5
             :
           686.5 6
           687.5 5
           688.5 6
           689.5 8
           690.5 6
           691.5 1
           692.5 2
           693.5 3
           694.5 5
           695.5 7
           696.5 5
           697.5 2
           698.5 5
           699.5 2
           700.5 6
           701.5 3
           702.5 4
           703.5 8
           704.5 6
           705.5 5
           706.5 3
           707.5 5
           708.5 2
           709.5 5
           710.5 2
           711.5 5
           712.5 1
           713.5 6
           714.5 1
           715.5 2
           716.5 4
           717.5 3
           718.5 2
           719.5 3
           720.5 5
           721.5 4
           722.5 3
           723.5 5
           724.5 3
           725.5 5
           726.5 5
           727.5 3
           728.5 3
           729.5 2
           730.5 7
           731.5 1
           732.5 3
           733.5 4
           734.5 3
           735.5 6
           736.5 3
           737.5 3
           738.5 3
           739.5 6
           740.5 3
           741.5 6
           742.5 3
           743.5 5
           744.5 1
           745.5 2
           746.5 4
           747.5 2
           748.5 5
           749.5 5
           750.5 6
           751.5 8
           752.5 4
           753.5 4
           754.5 9
           755.5 3
           756.5 6
           757.5 1
           758.5 3
           759.5 4
           760.5 5
           761.5 7
           762.5 6
           763.5 8
           764.5 2
           765.5 7
           766.5 6
           767.5 9
           768.5 2
           769.5 2
           770.5 4
           771.5 1
           772.5 4
           773.5 5
           774.5 4
             :
           776.5 3
           777.5 2
           778.5 1
           779.5 2
             :
           781.5 3
           782.5 4
           783.5 6
           784.5 8
           785.5 3
             :
           787.5 3
           788.5 5
           789.5 7
           790.5 2
           791.5 2
           792.5 2
           793.5 6
           794.5 4
           795.5 3
           796.5 4
           797.5 4
           798.5 4
           799.5 6
           800.5 1
           801.5 7
           802.5 4
           803.5 12
           804.5 6
           805.5 8
           806.5 2
           807.5 6
           808.5 4
           809.5 5
           810.5 5
           811.5 5
           812.5 7
           813.5 5
           814.5 6
           815.5 4
           816.5 5
           817.5 10
           818.5 3
           819.5 6
           820.5 8
           821.5 4
           822.5 4
           823.5 4
           824.5 5
           825.5 3
           826.5 5
           827.5 5
           828.5 5
           829.5 6
           830.5 6
           831.5 2
             :
           833.5 3
           834.5 4
           835.5 6
           836.5 4
           837.5 6
           838.5 5
           839.5 4
           840.5 4
           841.5 4
           842.5 4
           843.5 8
           844.5 6
           845.5 2
           846.5 4
           847.5 4
           848.5 2
           849.5 2
           850.5 3
           851.5 3
           852.5 7
           853.5 6
           854.5 5
           855.5 2
           856.5 5
           857.5 7
           858.5 2
           859.5 5
           860.5 2
           861.5 4
           862.5 6
           863.5 4
           864.5 5
           865.5 4
           866.5 6
           867.5 9
           868.5 10
           869.5 6
           870.5 6
           871.5 9
           872.5 5
           873.5 6
           874.5 4
           875.5 6
           876.5 6
           877.5 5
           878.5 4
           879.5 6
           880.5 11
           881.5 7
           882.5 3
           883.5 3
           884.5 10
           885.5 4
           886.5 7
           887.5 6
           888.5 7
           889.5 7
           890.5 7
           891.5 12
           892.5 4
           893.5 11
           894.5 6
           895.5 4
           896.5 12
           897.5 8
           898.5 4
           899.5 7
           900.5 6
           901.5 4
           902.5 10
           903.5 6
           904.5 3
           905.5 7
           906.5 5
           907.5 9
           908.5 10
           909.5 8
           910.5 5
           911.5 4
           912.5 5
           913.5 7
           914.5 3
           915.5 13
           916.5 9
           917.5 8
           918.5 4
           919.5 5
           920.5 9
           921.5 6
           922.5 12
           923.5 6
           924.5 5
           925.5 8
           926.5 7
           927.5 6
           928.5 5
           929.5 6
           930.5 9
           931.5 7
           932.5 9
           933.5 5
           934.5 10
           935.5 6
           936.5 4
           937.5 8
           938.5 12
           939.5 8
           940.5 6
           941.5 3
           942.5 8
           943.5 9
           944.5 7
           945.5 8
           946.5 6
           947.5 7
           948.5 3
           949.5 6
           950.5 7
           951.5 3
           952.5 10
           953.5 5
           954.5 5
           955.5 8
           956.5 9
           957.5 4
           958.5 8
           959.5 4
           960.5 7
           961.5 11
           962.5 6
           963.5 14
           964.5 5
           965.5 7
           966.5 6
           967.5 4
           968.5 8
           969.5 1
           970.5 1
           971.5 8
           972.5 2
           973.5 4
           974.5 10
           975.5 10
           976.5 7
           977.5 2
           978.5 8
           979.5 6
           980.5 7
           981.5 4
           982.5 5
           983.5 6
           984.5 2
           985.5 9
           986.5 5
           987.5 6
           988.5 4
           989.5 5
           990.5 5
           991.5 6
           992.5 7
           993.5 9
           994.5 7
           995.5 7
           996.5 3
           997.5 4
           998.5 3
           999.5 9
          1000.5 4
          1001.5 7
          1002.5 7
          1003.5 5
          1004.5 5
          1005.5 5
          1006.5 4
          1007.5 7
          1008.5 10
          1009.5 3
          1010.5 5
          1011.5 4
          1012.5 3
          1013.5 5
          1014.5 4
          1015.5 4
          1016.5 6
          1017.5 7
          1018.5 8
          1019.5 4
          1020.5 9
          1021.5 5
          1022.5 4
          1023.5 3
          1024.5 4
          1025.5 4
          1026.5 3
          1027.5 5
          1028.5 5
          1029.5 4
          1030.5 9
          1031.5 5
          1032.5 3
          1033.5 1
          1034.5 4
          1035.5 1
          1036.5 2
          1037.5 4
          1038.5 3
          1039.5 2
             :
          1041.5 1
          1042.5 1
             :
          1044.5 2
             :
          1046.5 1
             :
          1155.5 1
             :
          1164.5 1

Total: connections 40000 requests 15349 replies 10938 test-duration 79.123 s

Connection rate: 505.5 conn/s (2.0 ms/conn, <=522 concurrent connections)
Connection time [ms]: min 18.8 avg 386.3 max 1164.4 median 339.5 stddev 266.7
Connection time [ms]: connect 34.3
Connection length [replies/conn]: 1.000

Request rate: 194.0 req/s (5.2 ms/req)
Request size [B]: 66.0

Reply rate [replies/s]: min 24.0 avg 138.4 max 283.0 stddev 40.4 (79 samples)
Percentages of the replies served at a given rate:
   50%: 134
   66%: 149
   75%: 158
   80%: 171
   90%: 181
   95%: 201
   98%: 271
   99%: 282
  100%: 283

Reply time [ms]: response 352.5 transfer 0.0
Percentages of the requests served within a certain time (ms) :
   50%: 305
   66%: 399
   75%: 461
   80%: 553
   90%: 825
   95%: 907
   98%: 960
   99%: 979
  100%: 1000

Reply size [B]: header 266.0 content 76.0 footer 0.0 (total 342.0)
Reply status: 1xx=0 2xx=10938 3xx=0 4xx=0 5xx=0

CPU time [s]: user 34.69 system 43.02 (user 43.8% system 54.4% total 98.2%)
Net I/O: 58.9 KB/s (0.5*10^6 bps)

Errors: total 29062 client-timo 29062 socket-timo 0 connrefused 0 connreset 0
Errors: fd-unavail 0 addrunavail 0 ftab-full 0 other 0

