httperf --verbose --hog --timeout=50 --client=0/1 --server=172.16.116.116 --port=8080 --uri=/ --rate=24 --send-buffer=4096 --recv-buffer=16384 --num-conns=4320 --num-calls=1
httperf: maximum number of open descriptors = 65535
Maximum connect burst length: 1

Connection lifetime histogram (time in ms):
             :
            10.5 572
            11.5 1106
            12.5 584
            13.5 322
            14.5 272
            15.5 272
            16.5 354
            17.5 308
            18.5 152
            19.5 79
            20.5 59
            21.5 41
            22.5 20
            23.5 23
            24.5 6
            25.5 3
            26.5 7
            27.5 1
            28.5 1
            29.5 1
            30.5 1
             :
            32.5 1
             :
            37.5 1
            38.5 1
            39.5 1
             :
            43.5 2
             :
            59.5 1
             :
            68.5 1
             :
            73.5 1
             :
            75.5 1
             :
            80.5 1
             :
            94.5 1
             :
            97.5 1
            98.5 1
             :
           104.5 1
             :
           111.5 1
             :
           118.5 1
             :
           124.5 2
             :
           126.5 1
             :
           130.5 1
             :
           132.5 1
             :
           140.5 1
             :
           143.5 1
             :
           147.5 1
           148.5 1
             :
           150.5 1
           151.5 1
             :
           153.5 1
             :
           156.5 1
           157.5 1
             :
           159.5 1
             :
           162.5 2
             :
           166.5 1
             :
           170.5 1
           171.5 2
           172.5 1
             :
           174.5 1
           175.5 1
             :
           178.5 1
             :
           181.5 1
             :
           186.5 2
             :
           190.5 1
             :
           193.5 1
             :
           196.5 1
           197.5 1
           198.5 1
             :
           200.5 1
             :
           202.5 1
             :
           204.5 1
           205.5 1
           206.5 3
             :
           208.5 1
           209.5 1
           210.5 2
             :
           215.5 1
             :
           219.5 2
             :
           221.5 1
             :
           223.5 1
             :
           225.5 2
           226.5 1
           227.5 1
             :
           229.5 2
           230.5 1
           231.5 1
             :
           234.5 1
           235.5 2
             :
           237.5 1
           238.5 1
           239.5 1
           240.5 2
             :
           244.5 1
           245.5 1
             :
           247.5 1
             :
           249.5 1
           250.5 2
             :
           252.5 1
             :
           256.5 1
           257.5 1
           258.5 1
             :
           261.5 1
             :
           263.5 1
           264.5 1
           265.5 2
             :
           269.5 1
           270.5 1
             :
           272.5 1
           273.5 3
             :
           280.5 2
           281.5 1
           282.5 2
             :
           284.5 1
             :
           289.5 2
             :
           292.5 1
             :
           298.5 2
             :
           302.5 1
             :
           304.5 1
           305.5 1
             :
           308.5 1
           309.5 1
           310.5 1
             :
           315.5 1
             :
           318.5 1
             :
           325.5 1
             :
           327.5 3
             :
           329.5 1
             :
           333.5 1
             :
           343.5 2
             :
           346.5 2
             :
           379.5 1
             :
           397.5 1
             :
           417.5 1
             :
           444.5 1

Total: connections 4320 requests 4320 replies 4320 test-duration 179.971 s

Connection rate: 24.0 conn/s (41.7 ms/conn, <=3 concurrent connections)
Connection time [ms]: min 10.1 avg 20.3 max 444.4 median 12.5 stddev 38.9
Connection time [ms]: connect 0.7
Connection length [replies/conn]: 1.000

Request rate: 24.0 req/s (41.7 ms/req)
Request size [B]: 67.0

Reply rate [replies/s]: min 22.0 avg 24.0 max 26.0 stddev 0.5 (179 samples)
Percentages of the replies served at a given rate:
   50%: 23
   66%: 23
   75%: 23
   80%: 23
   90%: 24
   95%: 24
   98%: 24
   99%: 24
  100%: 26

Reply time [ms]: response 18.5 transfer 1.0
Percentages of the requests served within a certain time (ms) :
   50%: 11
   66%: 13
   75%: 14
   80%: 15
   90%: 16
   95%: 18
   98%: 175
   99%: 238
  100%: 415

Reply size [B]: header 162.0 content 72.0 footer 1.0 (total 235.0)
Reply status: 1xx=0 2xx=4320 3xx=0 4xx=0 5xx=0

CPU time [s]: user 148.35 system 31.25 (user 82.4% system 17.4% total 99.8%)
Net I/O: 7.1 KB/s (0.1*10^6 bps)

Errors: total 0 client-timo 0 socket-timo 0 connrefused 0 connreset 0
Errors: fd-unavail 0 addrunavail 0 ftab-full 0 other 0

