httperf --verbose --hog --timeout=50 --client=0/1 --server=172.16.116.116 --port=8080 --uri=/ --rate=24 --send-buffer=4096 --recv-buffer=16384 --num-conns=4320 --num-calls=1
httperf: maximum number of open descriptors = 65535
Maximum connect burst length: 1

Connection lifetime histogram (time in ms):
             :
            10.5 369
            11.5 1247
            12.5 511
            13.5 340
            14.5 282
            15.5 341
            16.5 506
            17.5 299
            18.5 147
            19.5 77
            20.5 37
            21.5 29
            22.5 26
            23.5 15
            24.5 14
            25.5 6
            26.5 5
            27.5 2
            28.5 1
             :
            32.5 1
             :
            81.5 1
            82.5 2
             :
            86.5 1
             :
            97.5 1
             :
           110.5 1
             :
           115.5 1
           116.5 1
             :
           127.5 1
             :
           135.5 1
             :
           142.5 2
             :
           149.5 1
             :
           153.5 1
             :
           162.5 1
             :
           178.5 1
           179.5 1
           180.5 1
           181.5 1
           182.5 1
           183.5 1
             :
           192.5 1
             :
           194.5 1
             :
           199.5 1
             :
           202.5 1
             :
           206.5 1
             :
           212.5 1
           213.5 1
           214.5 1
           215.5 1
           216.5 1
           217.5 1
             :
           223.5 1
             :
           225.5 1
             :
           229.5 1
             :
           234.5 1
           235.5 1
             :
           240.5 1
           241.5 2
             :
           248.5 1
             :
           252.5 1
             :
           255.5 1
           256.5 1
             :
           258.5 1
             :
           266.5 1
           267.5 1
           268.5 1
             :
           270.5 1
             :
           274.5 1
             :
           279.5 1
             :
           284.5 1
             :
           291.5 1
           292.5 1
             :
           315.5 1
             :
           317.5 1
           318.5 1
             :
           322.5 1
             :
           324.5 1
             :
           331.5 1
             :
           339.5 1
             :
           352.5 1
             :
           362.5 1
             :
           391.5 1
             :
           405.5 1

Total: connections 4320 requests 4320 replies 4320 test-duration 179.976 s

Connection rate: 24.0 conn/s (41.7 ms/conn, <=3 concurrent connections)
Connection time [ms]: min 10.1 avg 17.1 max 405.3 median 13.5 stddev 27.5
Connection time [ms]: connect 0.7
Connection length [replies/conn]: 1.000

Request rate: 24.0 req/s (41.7 ms/req)
Request size [B]: 67.0

Reply rate [replies/s]: min 23.0 avg 24.0 max 25.0 stddev 0.4 (179 samples)
Percentages of the replies served at a given rate:
   50%: 23
   66%: 23
   75%: 23
   80%: 23
   90%: 23
   95%: 24
   98%: 24
   99%: 24
  100%: 25

Reply time [ms]: response 15.7 transfer 0.6
Percentages of the requests served within a certain time (ms) :
   50%: 11
   66%: 14
   75%: 15
   80%: 15
   90%: 16
   95%: 17
   98%: 22
   99%: 178
  100%: 404

Reply size [B]: header 162.0 content 72.0 footer 1.0 (total 235.0)
Reply status: 1xx=0 2xx=4320 3xx=0 4xx=0 5xx=0

CPU time [s]: user 147.54 system 32.06 (user 82.0% system 17.8% total 99.8%)
Net I/O: 7.1 KB/s (0.1*10^6 bps)

Errors: total 0 client-timo 0 socket-timo 0 connrefused 0 connreset 0
Errors: fd-unavail 0 addrunavail 0 ftab-full 0 other 0

