httperf --verbose --hog --timeout=50 --client=0/1 --server=172.16.116.116 --port=8080 --uri=/ --rate=24 --send-buffer=4096 --recv-buffer=16384 --num-conns=4320 --num-calls=1
httperf: maximum number of open descriptors = 65535
Maximum connect burst length: 1

Connection lifetime histogram (time in ms):
             :
            10.5 323
            11.5 1246
            12.5 462
            13.5 335
            14.5 252
            15.5 410
            16.5 553
            17.5 329
            18.5 139
            19.5 86
            20.5 64
            21.5 40
            22.5 17
            23.5 10
            24.5 4
            25.5 5
            26.5 5
            27.5 2
            28.5 1
            29.5 1
             :
            32.5 1
             :
            39.5 1
             :
            74.5 1
             :
            82.5 1
             :
           129.5 1
             :
           142.5 1
             :
           147.5 2
             :
           164.5 1
             :
           170.5 1
             :
           189.5 1
             :
           199.5 1
             :
           201.5 1
             :
           211.5 1
             :
           213.5 1
             :
           216.5 1
             :
           219.5 1
           220.5 1
             :
           243.5 1
             :
           250.5 1
             :
           255.5 1
           256.5 1
           257.5 1
             :
           267.5 1
           268.5 1
             :
           276.5 1
             :
           282.5 1
             :
           301.5 1
             :
           306.5 1
           307.5 1
             :
           311.5 1
             :
           313.5 1
             :
           326.5 1
             :
           346.5 1
             :
           363.5 1
             :
           389.5 1

Total: connections 4320 requests 4320 replies 4320 test-duration 179.970 s

Connection rate: 24.0 conn/s (41.7 ms/conn, <=2 concurrent connections)
Connection time [ms]: min 10.2 avg 15.9 max 389.2 median 13.5 stddev 21.0
Connection time [ms]: connect 0.6
Connection length [replies/conn]: 1.000

Request rate: 24.0 req/s (41.7 ms/req)
Request size [B]: 67.0

Reply rate [replies/s]: min 23.0 avg 24.0 max 25.0 stddev 0.2 (179 samples)
Percentages of the replies served at a given rate:
   50%: 23
   66%: 23
   75%: 23
   80%: 23
   90%: 23
   95%: 23
   98%: 24
   99%: 24
  100%: 25

Reply time [ms]: response 14.4 transfer 0.7
Percentages of the requests served within a certain time (ms) :
   50%: 11
   66%: 14
   75%: 15
   80%: 15
   90%: 16
   95%: 17
   98%: 20
   99%: 23
  100%: 363

Reply size [B]: header 162.0 content 72.0 footer 1.0 (total 235.0)
Reply status: 1xx=0 2xx=4320 3xx=0 4xx=0 5xx=0

CPU time [s]: user 146.02 system 33.54 (user 81.1% system 18.6% total 99.8%)
Net I/O: 7.1 KB/s (0.1*10^6 bps)

Errors: total 0 client-timo 0 socket-timo 0 connrefused 0 connreset 0
Errors: fd-unavail 0 addrunavail 0 ftab-full 0 other 0

