httperf --verbose --hog --timeout=50 --client=0/1 --server=172.16.116.116 --port=8080 --uri=/ --rate=24 --send-buffer=4096 --recv-buffer=16384 --num-conns=4320 --num-calls=1
httperf: maximum number of open descriptors = 65535
Maximum connect burst length: 1

Connection lifetime histogram (time in ms):
             :
            10.5 328
            11.5 1087
            12.5 545
            13.5 379
            14.5 295
            15.5 340
            16.5 484
            17.5 312
            18.5 195
            19.5 92
            20.5 46
            21.5 33
            22.5 25
            23.5 11
            24.5 14
            25.5 5
            26.5 4
            27.5 2
            28.5 1
            29.5 3
            30.5 2
            31.5 1
             :
            35.5 1
             :
            40.5 1
             :
            45.5 1
             :
            62.5 1
             :
            74.5 2
             :
            77.5 1
             :
            81.5 1
             :
           100.5 1
             :
           102.5 1
             :
           106.5 1
             :
           114.5 1
           115.5 1
             :
           117.5 1
             :
           119.5 1
             :
           126.5 2
             :
           134.5 1
             :
           137.5 1
           138.5 1
           139.5 1
             :
           143.5 1
             :
           147.5 1
           148.5 1
             :
           150.5 1
           151.5 1
             :
           158.5 2
             :
           161.5 1
           162.5 1
             :
           172.5 1
             :
           174.5 1
             :
           179.5 1
           180.5 1
             :
           182.5 2
             :
           190.5 1
             :
           192.5 1
           193.5 2
           194.5 2
           195.5 1
             :
           197.5 1
           198.5 2
             :
           200.5 2
           201.5 2
             :
           203.5 2
             :
           206.5 1
           207.5 1
             :
           209.5 1
             :
           212.5 2
           213.5 1
             :
           217.5 1
             :
           219.5 1
           220.5 1
             :
           223.5 3
             :
           225.5 1
             :
           229.5 1
             :
           231.5 2
           232.5 1
           233.5 2
             :
           235.5 1
           236.5 2
             :
           238.5 2
             :
           240.5 1
           241.5 2
           242.5 1
             :
           246.5 1
           247.5 1
             :
           249.5 1
           250.5 1
             :
           256.5 1
             :
           258.5 1
             :
           262.5 1
             :
           267.5 1
             :
           270.5 1
           271.5 1
             :
           273.5 1
           274.5 1
           275.5 1
           276.5 2
             :
           281.5 1
             :
           286.5 1
           287.5 1
             :
           303.5 1
             :
           306.5 1
             :
           314.5 1
           315.5 1
           316.5 1
           317.5 1
             :
           323.5 2
             :
           332.5 1
             :
           340.5 1
             :
           343.5 1
             :
           354.5 1
           355.5 1
           356.5 1
             :
           361.5 2
             :
           383.5 1
             :
           398.5 1

Total: connections 4320 requests 4320 replies 4320 test-duration 179.972 s

Connection rate: 24.0 conn/s (41.7 ms/conn, <=3 concurrent connections)
Connection time [ms]: min 10.2 avg 19.6 max 398.2 median 13.5 stddev 35.0
Connection time [ms]: connect 0.7
Connection length [replies/conn]: 1.000

Request rate: 24.0 req/s (41.7 ms/req)
Request size [B]: 67.0

Reply rate [replies/s]: min 22.0 avg 24.0 max 26.0 stddev 0.5 (179 samples)
Percentages of the replies served at a given rate:
   50%: 23
   66%: 23
   75%: 23
   80%: 23
   90%: 24
   95%: 24
   98%: 24
   99%: 24
  100%: 26

Reply time [ms]: response 18.0 transfer 0.8
Percentages of the requests served within a certain time (ms) :
   50%: 12
   66%: 14
   75%: 15
   80%: 15
   90%: 16
   95%: 18
   98%: 149
   99%: 224
  100%: 394

Reply size [B]: header 162.0 content 72.0 footer 1.0 (total 235.0)
Reply status: 1xx=0 2xx=4320 3xx=0 4xx=0 5xx=0

CPU time [s]: user 146.92 system 32.68 (user 81.6% system 18.2% total 99.8%)
Net I/O: 7.1 KB/s (0.1*10^6 bps)

Errors: total 0 client-timo 0 socket-timo 0 connrefused 0 connreset 0
Errors: fd-unavail 0 addrunavail 0 ftab-full 0 other 0

