httperf --verbose --hog --timeout=50 --client=0/1 --server=172.16.116.116 --port=8080 --uri=/ --rate=24 --send-buffer=4096 --recv-buffer=16384 --num-conns=4320 --num-calls=1
httperf: maximum number of open descriptors = 65535
Maximum connect burst length: 1

Connection lifetime histogram (time in ms):
             :
            10.5 347
            11.5 961
            12.5 605
            13.5 385
            14.5 296
            15.5 252
            16.5 356
            17.5 436
            18.5 305
            19.5 122
            20.5 79
            21.5 31
            22.5 22
            23.5 23
            24.5 8
            25.5 4
            26.5 6
            27.5 3
            28.5 4
            29.5 3
             :
            31.5 2
             :
            33.5 2
            34.5 1
             :
            38.5 1
             :
            40.5 1
             :
            44.5 1
             :
            69.5 1
             :
            77.5 1
             :
           109.5 1
             :
           112.5 1
             :
           122.5 1
             :
           136.5 2
             :
           156.5 1
             :
           161.5 1
             :
           168.5 1
             :
           171.5 1
             :
           174.5 1
             :
           177.5 1
             :
           180.5 1
             :
           187.5 1
             :
           192.5 1
             :
           194.5 1
             :
           198.5 1
             :
           202.5 1
             :
           205.5 1
           206.5 1
             :
           212.5 1
           213.5 1
           214.5 1
             :
           223.5 1
             :
           225.5 1
             :
           234.5 1
           235.5 1
           236.5 1
           237.5 1
           238.5 1
             :
           251.5 1
           252.5 1
           253.5 1
           254.5 1
           255.5 1
             :
           258.5 1
             :
           262.5 1
             :
           267.5 1
             :
           269.5 1
             :
           272.5 1
             :
           276.5 1
             :
           279.5 1
           280.5 1
           281.5 1
           282.5 1
           283.5 1
             :
           285.5 1
           286.5 1
             :
           293.5 1
             :
           300.5 1
             :
           306.5 1
             :
           308.5 1
             :
           319.5 1
             :
           335.5 1
             :
           341.5 1
             :
           345.5 1
             :
           357.5 1
             :
           360.5 1
             :
           364.5 2
             :
           380.5 1
             :
           393.5 1
             :
           412.5 1

Total: connections 4320 requests 4320 replies 4320 test-duration 179.973 s

Connection rate: 24.0 conn/s (41.7 ms/conn, <=3 concurrent connections)
Connection time [ms]: min 10.2 avg 17.9 max 412.4 median 13.5 stddev 29.5
Connection time [ms]: connect 0.7
Connection length [replies/conn]: 1.000

Request rate: 24.0 req/s (41.7 ms/req)
Request size [B]: 67.0

Reply rate [replies/s]: min 23.0 avg 24.0 max 25.0 stddev 0.4 (179 samples)
Percentages of the replies served at a given rate:
   50%: 23
   66%: 23
   75%: 23
   80%: 23
   90%: 23
   95%: 24
   98%: 24
   99%: 24
  100%: 25

Reply time [ms]: response 16.3 transfer 0.8
Percentages of the requests served within a certain time (ms) :
   50%: 12
   66%: 14
   75%: 15
   80%: 16
   90%: 17
   95%: 18
   98%: 22
   99%: 183
  100%: 411

Reply size [B]: header 162.0 content 72.0 footer 1.0 (total 235.0)
Reply status: 1xx=0 2xx=4320 3xx=0 4xx=0 5xx=0

CPU time [s]: user 148.96 system 30.66 (user 82.8% system 17.0% total 99.8%)
Net I/O: 7.1 KB/s (0.1*10^6 bps)

Errors: total 0 client-timo 0 socket-timo 0 connrefused 0 connreset 0
Errors: fd-unavail 0 addrunavail 0 ftab-full 0 other 0

