httperf --verbose --hog --timeout=50 --client=0/1 --server=172.16.116.116 --port=8080 --uri=/ --rate=24 --send-buffer=4096 --recv-buffer=16384 --num-conns=4320 --num-calls=1
httperf: maximum number of open descriptors = 65535
Maximum connect burst length: 1

Connection lifetime histogram (time in ms):
             :
            10.5 488
            11.5 1551
            12.5 492
            13.5 245
            14.5 175
            15.5 267
            16.5 401
            17.5 315
            18.5 177
            19.5 77
            20.5 38
            21.5 16
            22.5 13
            23.5 5
            24.5 7
            25.5 1
            26.5 2
            27.5 2
            28.5 2
            29.5 2
             :
            32.5 2
             :
            35.5 1
             :
            38.5 1
             :
            58.5 1
             :
            62.5 1
             :
            84.5 1
             :
            86.5 1
             :
           130.5 1
             :
           150.5 1
             :
           160.5 1
             :
           178.5 1
             :
           206.5 1
             :
           209.5 1
             :
           221.5 1
             :
           225.5 1
           226.5 1
             :
           233.5 1
             :
           239.5 1
             :
           247.5 1
             :
           251.5 1
             :
           253.5 1
             :
           259.5 1
             :
           262.5 1
             :
           269.5 1
             :
           275.5 2
             :
           283.5 1
             :
           288.5 2
           289.5 1
             :
           292.5 1
           293.5 1
             :
           296.5 1
             :
           307.5 1
             :
           321.5 1
           322.5 1
             :
           332.5 1
             :
           334.5 1
           335.5 1
             :
           338.5 1
             :
           380.5 1
             :
           449.5 1
             :
           478.5 1

Total: connections 4320 requests 4320 replies 4320 test-duration 179.971 s

Connection rate: 24.0 conn/s (41.7 ms/conn, <=2 concurrent connections)
Connection time [ms]: min 10.2 avg 15.8 max 478.4 median 12.5 stddev 24.9
Connection time [ms]: connect 0.6
Connection length [replies/conn]: 1.000

Request rate: 24.0 req/s (41.7 ms/req)
Request size [B]: 67.0

Reply rate [replies/s]: min 23.0 avg 24.0 max 25.0 stddev 0.4 (179 samples)
Percentages of the replies served at a given rate:
   50%: 23
   66%: 23
   75%: 23
   80%: 23
   90%: 23
   95%: 24
   98%: 24
   99%: 24
  100%: 25

Reply time [ms]: response 14.5 transfer 0.7
Percentages of the requests served within a certain time (ms) :
   50%: 11
   66%: 13
   75%: 14
   80%: 15
   90%: 16
   95%: 17
   98%: 19
   99%: 27
  100%: 477

Reply size [B]: header 163.0 content 72.0 footer 2.0 (total 237.0)
Reply status: 1xx=0 2xx=4320 3xx=0 4xx=0 5xx=0

CPU time [s]: user 149.16 system 30.43 (user 82.9% system 16.9% total 99.8%)
Net I/O: 7.1 KB/s (0.1*10^6 bps)

Errors: total 0 client-timo 0 socket-timo 0 connrefused 0 connreset 0
Errors: fd-unavail 0 addrunavail 0 ftab-full 0 other 0

