httperf --verbose --hog --timeout=50 --client=0/1 --server=172.16.116.116 --port=8080 --uri=/ --rate=24 --send-buffer=4096 --recv-buffer=16384 --num-conns=14400 --num-calls=1
httperf: maximum number of open descriptors = 65535
Maximum connect burst length: 1

Connection lifetime histogram (time in ms):
             :
            10.5 119
            11.5 776
            12.5 492
            13.5 439
            14.5 564
            15.5 599
            16.5 756
            17.5 579
            18.5 522
            19.5 612
            20.5 570
            21.5 569
            22.5 470
            23.5 496
            24.5 467
            25.5 409
            26.5 376
            27.5 401
            28.5 356
            29.5 313
            30.5 314
            31.5 281
            32.5 235
            33.5 222
            34.5 231
            35.5 187
            36.5 161
            37.5 191
            38.5 163
            39.5 167
            40.5 154
            41.5 122
            42.5 133
            43.5 107
            44.5 106
            45.5 95
            46.5 83
            47.5 81
            48.5 72
            49.5 63
            50.5 65
            51.5 55
            52.5 54
            53.5 59
            54.5 37
            55.5 39
            56.5 34
            57.5 35
            58.5 33
            59.5 40
            60.5 21
            61.5 23
            62.5 22
            63.5 12
            64.5 13
            65.5 16
            66.5 11
            67.5 13
            68.5 5
            69.5 11
            70.5 9
            71.5 8
            72.5 9
            73.5 9
            74.5 4
            75.5 6
            76.5 12
            77.5 9
            78.5 2
            79.5 9
            80.5 5
            81.5 5
            82.5 1
            83.5 4
            84.5 1
            85.5 1
            86.5 1
            87.5 3
            88.5 2
             :
            90.5 3
            91.5 2
            92.5 4
            93.5 1
            94.5 1
            95.5 3
             :
            97.5 2
            98.5 1
            99.5 2
           100.5 2
           101.5 3
           102.5 2
             :
           104.5 1
           105.5 1
           106.5 2
           107.5 1
           108.5 2
             :
           110.5 2
           111.5 2
             :
           113.5 1
             :
           116.5 1
             :
           118.5 1
           119.5 2
           120.5 1
             :
           123.5 1
           124.5 1
             :
           126.5 1
           127.5 2
             :
           129.5 2
           130.5 1
             :
           132.5 2
           133.5 1
           134.5 1
             :
           136.5 1
           137.5 2
             :
           139.5 1
           140.5 1
           141.5 4
           142.5 2
           143.5 1
           144.5 2
           145.5 3
             :
           147.5 2
             :
           149.5 2
           150.5 1
           151.5 2
           152.5 2
           153.5 1
           154.5 3
           155.5 3
           156.5 5
           157.5 3
           158.5 4
           159.5 2
             :
           161.5 2
           162.5 3
           163.5 2
             :
           165.5 2
           166.5 2
           167.5 5
           168.5 3
           169.5 1
           170.5 7
           171.5 3
           172.5 3
           173.5 4
           174.5 2
             :
           176.5 6
           177.5 1
           178.5 4
           179.5 1
           180.5 3
           181.5 1
           182.5 2
           183.5 4
           184.5 3
           185.5 3
             :
           187.5 6
             :
           189.5 1
           190.5 2
           191.5 3
           192.5 5
           193.5 5
           194.5 1
           195.5 5
           196.5 1
           197.5 5
           198.5 4
           199.5 3
           200.5 2
           201.5 6
           202.5 3
           203.5 4
           204.5 3
           205.5 2
           206.5 1
             :
           208.5 3
           209.5 1
           210.5 4
           211.5 5
           212.5 5
           213.5 3
           214.5 3
             :
           216.5 6
           217.5 6
           218.5 4
           219.5 1
           220.5 1
           221.5 8
           222.5 1
             :
           224.5 3
           225.5 3
           226.5 1
           227.5 7
           228.5 1
           229.5 9
           230.5 5
           231.5 5
           232.5 6
           233.5 5
           234.5 1
           235.5 4
           236.5 5
           237.5 5
           238.5 3
           239.5 4
           240.5 2
           241.5 3
           242.5 7
           243.5 3
           244.5 8
           245.5 5
           246.5 5
           247.5 3
           248.5 2
           249.5 8
           250.5 6
           251.5 6
           252.5 3
           253.5 3
           254.5 1
           255.5 2
           256.5 3
           257.5 3
           258.5 3
           259.5 2
           260.5 3
           261.5 1
           262.5 4
           263.5 4
           264.5 1
             :
           266.5 2
           267.5 4
           268.5 2
           269.5 6
           270.5 1
           271.5 5
           272.5 5
           273.5 1
           274.5 1
           275.5 5
           276.5 2
           277.5 1
           278.5 1
           279.5 1
           280.5 1
           281.5 4
           282.5 4
           283.5 2
           284.5 2
           285.5 1
           286.5 5
           287.5 1
           288.5 1
           289.5 5
           290.5 1
           291.5 6
           292.5 2
           293.5 3
           294.5 1
           295.5 4
           296.5 1
           297.5 1
           298.5 2
             :
           302.5 1
           303.5 2
           304.5 2
           305.5 2
           306.5 1
           307.5 4
           308.5 2
           309.5 1
           310.5 3
           311.5 2
             :
           313.5 2
           314.5 3
           315.5 2
           316.5 6
             :
           319.5 1
           320.5 2
           321.5 2
           322.5 3
             :
           325.5 1
           326.5 3
           327.5 2
           328.5 1
             :
           331.5 2
             :
           333.5 1
           334.5 2
           335.5 4
             :
           338.5 2
           339.5 2
           340.5 1
           341.5 2
           342.5 1
           343.5 1
           344.5 3
           345.5 3
           346.5 1
           347.5 1
           348.5 4
             :
           350.5 2
           351.5 1
             :
           356.5 2
           357.5 1
           358.5 1
             :
           360.5 2
           361.5 2
           362.5 1
           363.5 1
           364.5 1
           365.5 1
             :
           368.5 1
             :
           370.5 2
             :
           372.5 3
             :
           374.5 1
             :
           378.5 1
             :
           380.5 1
             :
           383.5 2
             :
           385.5 1
             :
           387.5 1
             :
           389.5 2
             :
           391.5 2
             :
           393.5 1
             :
           396.5 2
             :
           402.5 2
           403.5 1
             :
           410.5 1
           411.5 1
             :
           425.5 1
             :
           431.5 1
           432.5 1
             :
           434.5 1
           435.5 1
             :
           456.5 1
             :
           460.5 1

Total: connections 14400 requests 14400 replies 14400 test-duration 599.983 s

Connection rate: 24.0 conn/s (41.7 ms/conn, <=4 concurrent connections)
Connection time [ms]: min 10.1 avg 35.2 max 460.9 median 23.5 stddev 48.0
Connection time [ms]: connect 0.8
Connection length [replies/conn]: 1.000

Request rate: 24.0 req/s (41.7 ms/req)
Request size [B]: 67.0

Reply rate [replies/s]: min 22.0 avg 24.0 max 26.0 stddev 0.7 (599 samples)
Percentages of the replies served at a given rate:
   50%: 23
   66%: 23
   75%: 23
   80%: 23
   90%: 24
   95%: 24
   98%: 25
   99%: 25
  100%: 26

Reply time [ms]: response 32.8 transfer 1.5
Percentages of the requests served within a certain time (ms) :
   50%: 21
   66%: 26
   75%: 31
   80%: 34
   90%: 45
   95%: 69
   98%: 228
   99%: 271
  100%: 460

Reply size [B]: header 162.0 content 72.0 footer 1.0 (total 235.0)
Reply status: 1xx=0 2xx=14400 3xx=0 4xx=0 5xx=0

CPU time [s]: user 488.36 system 110.24 (user 81.4% system 18.4% total 99.8%)
Net I/O: 7.1 KB/s (0.1*10^6 bps)

Errors: total 0 client-timo 0 socket-timo 0 connrefused 0 connreset 0
Errors: fd-unavail 0 addrunavail 0 ftab-full 0 other 0

