httperf --verbose --hog --timeout=50 --client=0/1 --server=172.16.116.116 --port=8080 --uri=/ --rate=24 --send-buffer=4096 --recv-buffer=16384 --num-conns=14400 --num-calls=1
httperf: maximum number of open descriptors = 65535
Maximum connect burst length: 1

Connection lifetime histogram (time in ms):
             :
            10.5 436
            11.5 1364
            12.5 1067
            13.5 770
            14.5 722
            15.5 806
            16.5 979
            17.5 701
            18.5 551
            19.5 470
            20.5 442
            21.5 384
            22.5 392
            23.5 353
            24.5 328
            25.5 295
            26.5 250
            27.5 215
            28.5 222
            29.5 199
            30.5 195
            31.5 192
            32.5 189
            33.5 158
            34.5 162
            35.5 133
            36.5 127
            37.5 118
            38.5 126
            39.5 112
            40.5 95
            41.5 82
            42.5 87
            43.5 108
            44.5 63
            45.5 81
            46.5 59
            47.5 74
            48.5 62
            49.5 50
            50.5 47
            51.5 46
            52.5 49
            53.5 54
            54.5 29
            55.5 42
            56.5 27
            57.5 30
            58.5 26
            59.5 16
            60.5 23
            61.5 22
            62.5 17
            63.5 10
            64.5 18
            65.5 12
            66.5 13
            67.5 9
            68.5 8
            69.5 8
            70.5 8
            71.5 4
            72.5 6
            73.5 5
            74.5 10
            75.5 3
            76.5 4
            77.5 7
            78.5 2
            79.5 9
            80.5 3
            81.5 1
            82.5 3
            83.5 3
            84.5 3
             :
            86.5 1
            87.5 3
            88.5 1
            89.5 1
            90.5 2
            91.5 1
            92.5 1
             :
            94.5 2
             :
            96.5 2
            97.5 2
            98.5 4
            99.5 1
           100.5 1
             :
           102.5 1
           103.5 1
           104.5 1
             :
           106.5 2
           107.5 1
             :
           110.5 1
           111.5 2
           112.5 1
           113.5 1
             :
           115.5 1
           116.5 1
             :
           118.5 3
           119.5 1
           120.5 2
           121.5 2
             :
           123.5 1
           124.5 3
             :
           126.5 1
             :
           128.5 3
           129.5 3
           130.5 2
             :
           132.5 1
           133.5 1
             :
           137.5 4
           138.5 1
           139.5 1
           140.5 3
           141.5 2
           142.5 1
           143.5 2
           144.5 1
           145.5 1
           146.5 4
             :
           149.5 3
           150.5 2
           151.5 1
           152.5 3
           153.5 2
           154.5 1
             :
           156.5 3
           157.5 1
           158.5 1
           159.5 3
           160.5 4
           161.5 5
             :
           163.5 2
             :
           165.5 3
           166.5 3
           167.5 2
           168.5 3
           169.5 3
           170.5 3
             :
           172.5 2
             :
           174.5 1
           175.5 3
           176.5 3
           177.5 2
           178.5 2
           179.5 2
           180.5 2
           181.5 2
           182.5 3
           183.5 1
           184.5 3
           185.5 2
           186.5 5
           187.5 2
           188.5 1
           189.5 2
           190.5 1
           191.5 2
           192.5 9
           193.5 1
           194.5 3
             :
           196.5 5
           197.5 3
           198.5 3
           199.5 2
           200.5 4
           201.5 2
           202.5 3
           203.5 2
           204.5 2
           205.5 2
           206.5 5
           207.5 1
           208.5 3
           209.5 4
           210.5 4
           211.5 5
           212.5 3
           213.5 4
           214.5 8
           215.5 5
           216.5 6
           217.5 1
           218.5 6
           219.5 2
             :
           221.5 2
           222.5 3
           223.5 3
           224.5 3
           225.5 3
           226.5 3
           227.5 4
           228.5 2
           229.5 1
           230.5 4
           231.5 4
           232.5 3
           233.5 4
           234.5 1
           235.5 2
           236.5 4
           237.5 1
           238.5 3
           239.5 8
           240.5 1
           241.5 1
           242.5 3
           243.5 6
           244.5 6
           245.5 3
           246.5 3
           247.5 2
           248.5 2
           249.5 1
           250.5 3
           251.5 4
           252.5 4
           253.5 5
           254.5 2
             :
           256.5 2
           257.5 3
           258.5 3
           259.5 5
           260.5 3
           261.5 4
           262.5 7
           263.5 3
           264.5 3
           265.5 4
           266.5 2
           267.5 3
           268.5 1
           269.5 7
           270.5 2
           271.5 4
           272.5 2
           273.5 4
           274.5 1
           275.5 6
             :
           277.5 6
             :
           279.5 4
           280.5 4
           281.5 4
           282.5 1
           283.5 3
           284.5 3
           285.5 2
           286.5 5
           287.5 2
           288.5 3
           289.5 1
           290.5 1
           291.5 1
           292.5 1
           293.5 3
           294.5 6
             :
           296.5 3
             :
           298.5 2
           299.5 1
           300.5 1
           301.5 4
           302.5 2
           303.5 1
             :
           305.5 2
           306.5 2
             :
           308.5 1
           309.5 4
           310.5 1
           311.5 1
           312.5 2
           313.5 1
           314.5 1
           315.5 2
             :
           319.5 3
             :
           321.5 1
           322.5 4
           323.5 1
           324.5 2
           325.5 2
           326.5 3
           327.5 3
             :
           329.5 3
             :
           331.5 2
             :
           335.5 1
             :
           337.5 2
             :
           339.5 2
           340.5 2
           341.5 2
             :
           344.5 1
             :
           346.5 1
           347.5 3
           348.5 2
             :
           351.5 2
           352.5 1
             :
           355.5 1
           356.5 2
           357.5 1
             :
           360.5 1
             :
           362.5 4
             :
           364.5 4
           365.5 1
           366.5 1
             :
           374.5 1
           375.5 2
             :
           380.5 2
           381.5 1
           382.5 1
             :
           386.5 1
           387.5 1
           388.5 1
             :
           391.5 1
           392.5 1
             :
           394.5 1
             :
           398.5 1
             :
           400.5 1
           401.5 2
             :
           410.5 1
             :
           412.5 1
             :
           422.5 1
             :
           424.5 1
           425.5 2
             :
           429.5 1
             :
           442.5 1
             :
           464.5 1
             :
           481.5 1

Total: connections 14400 requests 14400 replies 14400 test-duration 599.997 s

Connection rate: 24.0 conn/s (41.7 ms/conn, <=5 concurrent connections)
Connection time [ms]: min 10.1 avg 31.4 max 481.2 median 18.5 stddev 46.9
Connection time [ms]: connect 0.7
Connection length [replies/conn]: 1.000

Request rate: 24.0 req/s (41.7 ms/req)
Request size [B]: 67.0

Reply rate [replies/s]: min 21.0 avg 24.0 max 27.0 stddev 0.8 (599 samples)
Percentages of the replies served at a given rate:
   50%: 23
   66%: 23
   75%: 23
   80%: 23
   90%: 24
   95%: 24
   98%: 25
   99%: 25
  100%: 27

Reply time [ms]: response 29.1 transfer 1.5
Percentages of the requests served within a certain time (ms) :
   50%: 16
   66%: 21
   75%: 26
   80%: 30
   90%: 42
   95%: 61
   98%: 222
   99%: 271
  100%: 462

Reply size [B]: header 162.0 content 72.0 footer 1.0 (total 235.0)
Reply status: 1xx=0 2xx=14400 3xx=0 4xx=0 5xx=0

CPU time [s]: user 492.92 system 105.83 (user 82.2% system 17.6% total 99.8%)
Net I/O: 7.1 KB/s (0.1*10^6 bps)

Errors: total 0 client-timo 0 socket-timo 0 connrefused 0 connreset 0
Errors: fd-unavail 0 addrunavail 0 ftab-full 0 other 0

