httperf --verbose --hog --timeout=50 --client=0/1 --server=172.16.116.116 --port=8080 --uri=/ --rate=8 --send-buffer=4096 --recv-buffer=16384 --num-conns=2400 --num-calls=1
httperf: maximum number of open descriptors = 65535
Maximum connect burst length: 1

Connection lifetime histogram (time in ms):
             :
            10.5 72
            11.5 246
            12.5 203
            13.5 189
            14.5 232
            15.5 189
            16.5 191
            17.5 142
            18.5 114
            19.5 122
            20.5 109
            21.5 102
            22.5 87
            23.5 76
            24.5 33
            25.5 39
            26.5 22
            27.5 12
            28.5 21
            29.5 12
            30.5 3
            31.5 1
            32.5 4
            33.5 3
            34.5 2
            35.5 4
            36.5 3
             :
            38.5 2
             :
            41.5 1
             :
            49.5 1
            50.5 4
             :
            54.5 1
             :
            60.5 2
             :
            69.5 1
             :
            97.5 1
             :
           101.5 1
             :
           108.5 1
             :
           116.5 1
             :
           121.5 1
           122.5 1
           123.5 1
           124.5 1
             :
           127.5 2
             :
           133.5 1
             :
           136.5 1
           137.5 1
             :
           139.5 3
           140.5 1
           141.5 1
             :
           143.5 1
           144.5 1
             :
           146.5 3
           147.5 1
             :
           152.5 2
           153.5 3
           154.5 1
             :
           158.5 1
           159.5 1
           160.5 1
           161.5 1
             :
           163.5 4
           164.5 1
             :
           167.5 2
           168.5 1
           169.5 1
             :
           172.5 1
             :
           176.5 1
             :
           185.5 2
           186.5 1
             :
           192.5 2
             :
           196.5 1
             :
           198.5 1
             :
           201.5 4
             :
           204.5 2
             :
           206.5 1
           207.5 2
             :
           209.5 2
           210.5 2
           211.5 1
           212.5 1
             :
           215.5 1
             :
           217.5 1
           218.5 1
             :
           220.5 2
             :
           222.5 2
           223.5 1
             :
           228.5 2
           229.5 1
           230.5 1
           231.5 2
           232.5 2
             :
           234.5 2
           235.5 1
             :
           239.5 1
             :
           241.5 2
           242.5 1
             :
           244.5 2
             :
           249.5 1
           250.5 2
           251.5 1
           252.5 2
           253.5 1
           254.5 1
           255.5 1
           256.5 2
           257.5 4
             :
           259.5 1
             :
           261.5 1
             :
           264.5 2
             :
           268.5 1
           269.5 1
           270.5 1
             :
           273.5 1
           274.5 1
             :
           277.5 1
             :
           279.5 1
             :
           282.5 1
             :
           284.5 1
             :
           286.5 5
           287.5 3
             :
           291.5 1
             :
           293.5 1
             :
           295.5 1
             :
           298.5 2
           299.5 1
           300.5 1
             :
           303.5 1
             :
           306.5 1
           307.5 1
             :
           309.5 1
             :
           311.5 1
             :
           315.5 2
             :
           317.5 1
             :
           324.5 1
           325.5 1
             :
           334.5 1
             :
           336.5 1
             :
           349.5 1
             :
           352.5 1
             :
           355.5 1
             :
           357.5 1
             :
           359.5 1
             :
           370.5 1
             :
           377.5 1
             :
           433.5 1

Total: connections 2400 requests 2400 replies 2400 test-duration 299.889 s

Connection rate: 8.0 conn/s (125.0 ms/conn, <=3 concurrent connections)
Connection time [ms]: min 10.2 avg 30.6 max 433.9 median 16.5 stddev 54.7
Connection time [ms]: connect 1.2
Connection length [replies/conn]: 1.000

Request rate: 8.0 req/s (125.0 ms/req)
Request size [B]: 67.0

Reply rate [replies/s]: min 6.0 avg 8.0 max 10.0 stddev 0.5 (299 samples)
Percentages of the replies served at a given rate:
   50%: 7
   66%: 7
   75%: 7
   80%: 7
   90%: 7
   95%: 8
   98%: 8
   99%: 8
  100%: 10

Reply time [ms]: response 27.8 transfer 1.5
Percentages of the requests served within a certain time (ms) :
   50%: 14
   66%: 16
   75%: 18
   80%: 19
   90%: 23
   95%: 151
   98%: 238
   99%: 282
  100%: 433

Reply size [B]: header 162.0 content 72.0 footer 1.0 (total 235.0)
Reply status: 1xx=0 2xx=2400 3xx=0 4xx=0 5xx=0

CPU time [s]: user 252.70 system 46.70 (user 84.3% system 15.6% total 99.8%)
Net I/O: 2.4 KB/s (0.0*10^6 bps)

Errors: total 0 client-timo 0 socket-timo 0 connrefused 0 connreset 0
Errors: fd-unavail 0 addrunavail 0 ftab-full 0 other 0

