httperf --verbose --hog --timeout=50 --client=0/1 --server=172.16.116.116 --port=8080 --uri=/ --rate=24 --send-buffer=4096 --recv-buffer=16384 --num-conns=4320 --num-calls=1
httperf: maximum number of open descriptors = 65535
Maximum connect burst length: 1

Connection lifetime histogram (time in ms):
             :
            10.5 246
            11.5 777
            12.5 325
            13.5 284
            14.5 262
            15.5 377
            16.5 488
            17.5 326
            18.5 232
            19.5 185
            20.5 187
            21.5 143
            22.5 90
            23.5 101
            24.5 68
            25.5 67
            26.5 31
            27.5 19
            28.5 16
            29.5 12
            30.5 10
            31.5 4
            32.5 4
            33.5 2
            34.5 3
            35.5 1
            36.5 1
            37.5 2
             :
            39.5 1
             :
            43.5 1
             :
            54.5 1
             :
            74.5 1
             :
            85.5 2
            86.5 1
             :
            96.5 1
             :
           110.5 1
             :
           130.5 1
             :
           147.5 1
             :
           155.5 1
           156.5 1
             :
           160.5 1
             :
           163.5 1
           164.5 1
             :
           176.5 1
             :
           208.5 1
           209.5 1
           210.5 1
             :
           212.5 1
           213.5 2
             :
           216.5 1
             :
           220.5 1
             :
           223.5 1
             :
           226.5 1
             :
           228.5 1
           229.5 1
             :
           233.5 2
             :
           239.5 1
           240.5 2
             :
           242.5 1
           243.5 2
             :
           249.5 1
             :
           254.5 1
             :
           256.5 1
           257.5 1
             :
           260.5 2
             :
           264.5 1
             :
           271.5 1
             :
           273.5 2
             :
           276.5 1
             :
           281.5 2
           282.5 1
             :
           284.5 1
             :
           300.5 1
             :
           305.5 1
             :
           318.5 1
           319.5 1
             :
           340.5 1

Total: connections 4320 requests 4320 replies 4320 test-duration 179.971 s

Connection rate: 24.0 conn/s (41.7 ms/conn, <=3 concurrent connections)
Connection time [ms]: min 10.1 avg 18.6 max 340.7 median 15.5 stddev 24.3
Connection time [ms]: connect 0.7
Connection length [replies/conn]: 1.000

Request rate: 24.0 req/s (41.7 ms/req)
Request size [B]: 67.0

Reply rate [replies/s]: min 23.0 avg 24.0 max 25.0 stddev 0.4 (179 samples)
Percentages of the replies served at a given rate:
   50%: 23
   66%: 23
   75%: 23
   80%: 23
   90%: 23
   95%: 24
   98%: 24
   99%: 24
  100%: 25

Reply time [ms]: response 17.2 transfer 0.6
Percentages of the requests served within a certain time (ms) :
   50%: 14
   66%: 15
   75%: 17
   80%: 18
   90%: 21
   95%: 23
   98%: 27
   99%: 146
  100%: 324

Reply size [B]: header 162.0 content 72.0 footer 1.0 (total 235.0)
Reply status: 1xx=0 2xx=4320 3xx=0 4xx=0 5xx=0

CPU time [s]: user 148.87 system 30.74 (user 82.7% system 17.1% total 99.8%)
Net I/O: 7.1 KB/s (0.1*10^6 bps)

Errors: total 0 client-timo 0 socket-timo 0 connrefused 0 connreset 0
Errors: fd-unavail 0 addrunavail 0 ftab-full 0 other 0

