httperf --verbose --hog --timeout=50 --client=0/1 --server=172.16.116.116 --port=8080 --uri=/ --rate=24 --send-buffer=4096 --recv-buffer=16384 --num-conns=4320 --num-calls=1
httperf: maximum number of open descriptors = 65535
Maximum connect burst length: 1

Connection lifetime histogram (time in ms):
             :
            10.5 348
            11.5 1197
            12.5 348
            13.5 296
            14.5 278
            15.5 427
            16.5 672
            17.5 343
            18.5 164
            19.5 66
            20.5 40
            21.5 31
            22.5 20
            23.5 7
            24.5 11
            25.5 15
            26.5 6
            27.5 4
            28.5 7
            29.5 1
            30.5 2
            31.5 3
             :
            33.5 1
             :
            36.5 1
            37.5 1
             :
            45.5 1
             :
            74.5 1
             :
            88.5 1
             :
           103.5 1
             :
           115.5 1
             :
           131.5 1
             :
           133.5 1
           134.5 1
             :
           152.5 1
             :
           163.5 1
             :
           176.5 1
             :
           182.5 1
             :
           198.5 1
           199.5 1
             :
           205.5 1
             :
           213.5 1
           214.5 1
             :
           224.5 1
             :
           227.5 1
           228.5 1
           229.5 1
             :
           231.5 1
             :
           237.5 1
             :
           241.5 1
             :
           262.5 1
             :
           264.5 1
             :
           266.5 1
             :
           274.5 1
             :
           318.5 1
             :
           328.5 1
             :
           331.5 1

Total: connections 4320 requests 4320 replies 4320 test-duration 179.971 s

Connection rate: 24.0 conn/s (41.7 ms/conn, <=2 concurrent connections)
Connection time [ms]: min 10.3 avg 15.6 max 331.2 median 13.5 stddev 17.1
Connection time [ms]: connect 0.6
Connection length [replies/conn]: 1.000

Request rate: 24.0 req/s (41.7 ms/req)
Request size [B]: 67.0

Reply rate [replies/s]: min 23.0 avg 24.0 max 25.0 stddev 0.2 (179 samples)
Percentages of the replies served at a given rate:
   50%: 23
   66%: 23
   75%: 23
   80%: 23
   90%: 23
   95%: 23
   98%: 24
   99%: 24
  100%: 25

Reply time [ms]: response 14.4 transfer 0.6
Percentages of the requests served within a certain time (ms) :
   50%: 12
   66%: 14
   75%: 15
   80%: 15
   90%: 16
   95%: 17
   98%: 21
   99%: 25
  100%: 330

Reply size [B]: header 162.0 content 72.0 footer 1.0 (total 235.0)
Reply status: 1xx=0 2xx=4320 3xx=0 4xx=0 5xx=0

CPU time [s]: user 149.05 system 30.55 (user 82.8% system 17.0% total 99.8%)
Net I/O: 7.1 KB/s (0.1*10^6 bps)

Errors: total 0 client-timo 0 socket-timo 0 connrefused 0 connreset 0
Errors: fd-unavail 0 addrunavail 0 ftab-full 0 other 0

