httperf --verbose --hog --timeout=50 --client=0/1 --server=172.16.116.116 --port=8080 --uri=/ --rate=16 --send-buffer=4096 --recv-buffer=16384 --num-conns=2880 --num-calls=1
httperf: maximum number of open descriptors = 65535
Maximum connect burst length: 1

Connection lifetime histogram (time in ms):
             :
            10.5 473
            11.5 887
            12.5 328
            13.5 200
            14.5 131
            15.5 189
            16.5 267
            17.5 169
            18.5 96
            19.5 62
            20.5 22
            21.5 17
            22.5 9
            23.5 5
            24.5 8
            25.5 2
            26.5 2
            27.5 2
            28.5 2
            29.5 2
            30.5 1
             :
           153.5 1
             :
           191.5 1
             :
           251.5 1
             :
           265.5 1
             :
           344.5 1
             :
           349.5 1

Total: connections 2880 requests 2880 replies 2880 test-duration 179.952 s

Connection rate: 16.0 conn/s (62.5 ms/conn, <=2 concurrent connections)
Connection time [ms]: min 10.0 avg 14.0 max 349.3 median 12.5 stddev 12.1
Connection time [ms]: connect 0.7
Connection length [replies/conn]: 1.000

Request rate: 16.0 req/s (62.5 ms/req)
Request size [B]: 67.0

Reply rate [replies/s]: min 15.0 avg 16.0 max 17.0 stddev 0.2 (179 samples)
Percentages of the replies served at a given rate:
   50%: 15
   66%: 15
   75%: 15
   80%: 15
   90%: 15
   95%: 15
   98%: 15
   99%: 16
  100%: 17

Reply time [ms]: response 12.7 transfer 0.5
Percentages of the requests served within a certain time (ms) :
   50%: 10
   66%: 12
   75%: 14
   80%: 15
   90%: 16
   95%: 17
   98%: 18
   99%: 21
  100%: 344

Reply size [B]: header 163.0 content 72.0 footer 2.0 (total 237.0)
Reply status: 1xx=0 2xx=2880 3xx=0 4xx=0 5xx=0

CPU time [s]: user 151.82 system 27.79 (user 84.4% system 15.4% total 99.8%)
Net I/O: 4.7 KB/s (0.0*10^6 bps)

Errors: total 0 client-timo 0 socket-timo 0 connrefused 0 connreset 0
Errors: fd-unavail 0 addrunavail 0 ftab-full 0 other 0

