httperf --verbose --hog --timeout=50 --client=0/1 --server=172.16.116.116 --port=8080 --uri=/ --rate=16 --send-buffer=4096 --recv-buffer=16384 --num-conns=4800 --num-calls=1
httperf: maximum number of open descriptors = 65535
Maximum connect burst length: 1

Connection lifetime histogram (time in ms):
             :
            10.5 586
            11.5 1153
            12.5 809
            13.5 554
            14.5 309
            15.5 289
            16.5 449
            17.5 228
            18.5 163
            19.5 82
            20.5 62
            21.5 59
            22.5 23
            23.5 19
            24.5 12
            25.5 1
            26.5 1
             :
            32.5 1

Total: connections 4800 requests 4800 replies 4800 test-duration 299.951 s

Connection rate: 16.0 conn/s (62.5 ms/conn, <=1 concurrent connections)
Connection time [ms]: min 10.1 avg 13.7 max 32.6 median 12.5 stddev 2.8
Connection time [ms]: connect 0.6
Connection length [replies/conn]: 1.000

Request rate: 16.0 req/s (62.5 ms/req)
Request size [B]: 67.0

Reply rate [replies/s]: min 16.0 avg 16.0 max 16.0 stddev 0.0 (299 samples)
Percentages of the replies served at a given rate:
   50%: 15
   66%: 15
   75%: 15
   80%: 15
   90%: 15
   95%: 15
   98%: 15
   99%: 15
  100%: 16

Reply time [ms]: response 12.6 transfer 0.4
Percentages of the requests served within a certain time (ms) :
   50%: 11
   66%: 12
   75%: 14
   80%: 15
   90%: 16
   95%: 17
   98%: 19
   99%: 20
  100%: 27

Reply size [B]: header 162.0 content 72.0 footer 1.0 (total 235.0)
Reply status: 1xx=0 2xx=4800 3xx=0 4xx=0 5xx=0

CPU time [s]: user 243.38 system 56.01 (user 81.1% system 18.7% total 99.8%)
Net I/O: 4.7 KB/s (0.0*10^6 bps)

Errors: total 0 client-timo 0 socket-timo 0 connrefused 0 connreset 0
Errors: fd-unavail 0 addrunavail 0 ftab-full 0 other 0

