httperf --verbose --hog --timeout=50 --client=0/1 --server=172.16.116.116 --port=8080 --uri=/ --rate=8 --send-buffer=4096 --recv-buffer=16384 --num-conns=1440 --num-calls=1
httperf: maximum number of open descriptors = 65535
Maximum connect burst length: 1

Connection lifetime histogram (time in ms):
             :
            10.5 73
            11.5 250
            12.5 157
            13.5 132
            14.5 104
            15.5 93
            16.5 123
            17.5 121
            18.5 69
            19.5 45
            20.5 34
            21.5 19
            22.5 17
            23.5 13
            24.5 13
            25.5 5
            26.5 5
            27.5 3
            28.5 1
            29.5 1
            30.5 2
             :
            34.5 1
            35.5 1
            36.5 1
            37.5 1
            38.5 1
             :
            41.5 1
            42.5 1
             :
            45.5 1
            46.5 1
            47.5 1
            48.5 1
             :
            50.5 1
             :
            58.5 1
             :
            65.5 1
             :
            74.5 1
             :
            79.5 1
             :
            85.5 1
             :
            89.5 1
            90.5 1
            91.5 1
            92.5 1
             :
            96.5 1
             :
            99.5 2
           100.5 1
             :
           104.5 1
           105.5 2
           106.5 1
             :
           110.5 1
             :
           115.5 1
             :
           119.5 1
             :
           124.5 1
             :
           128.5 1
           129.5 1
             :
           134.5 1
             :
           139.5 1
           140.5 1
             :
           143.5 1
             :
           146.5 1
             :
           149.5 1
             :
           152.5 1
           153.5 2
             :
           158.5 1
           159.5 2
             :
           167.5 1
             :
           170.5 1
           171.5 1
           172.5 1
             :
           176.5 1
             :
           183.5 1
             :
           185.5 1
           186.5 1
             :
           188.5 1
             :
           190.5 1
           191.5 1
             :
           193.5 3
           194.5 3
           195.5 1
             :
           198.5 2
             :
           201.5 2
           202.5 1
             :
           204.5 2
             :
           207.5 1
           208.5 1
           209.5 1
           210.5 3
           211.5 3
           212.5 2
           213.5 1
           214.5 3
             :
           217.5 2
           218.5 1
           219.5 1
             :
           222.5 2
             :
           224.5 1
             :
           226.5 2
           227.5 2
           228.5 2
             :
           231.5 2
           232.5 1
             :
           234.5 2
             :
           239.5 1
           240.5 2
           241.5 2
           242.5 2
             :
           244.5 1
           245.5 1
           246.5 2
           247.5 1
           248.5 2
           249.5 1
           250.5 1
             :
           258.5 3
             :
           265.5 1
           266.5 1
           267.5 1
           268.5 3
           269.5 1
             :
           271.5 1
           272.5 1
             :
           274.5 1
             :
           276.5 3
           277.5 1
             :
           282.5 2
             :
           286.5 1
           287.5 2
           288.5 1
             :
           290.5 2
           291.5 1
             :
           297.5 1
           298.5 2
             :
           301.5 1
             :
           305.5 1
           306.5 1
             :
           315.5 1
             :
           317.5 1
             :
           319.5 1
             :
           321.5 1
             :
           346.5 1
             :
           354.5 1
             :
           370.5 1

Total: connections 1440 requests 1440 replies 1440 test-duration 179.894 s

Connection rate: 8.0 conn/s (124.9 ms/conn, <=3 concurrent connections)
Connection time [ms]: min 10.4 avg 35.4 max 370.5 median 15.5 stddev 63.4
Connection time [ms]: connect 1.0
Connection length [replies/conn]: 1.000

Request rate: 8.0 req/s (124.9 ms/req)
Request size [B]: 67.0

Reply rate [replies/s]: min 7.0 avg 8.0 max 9.0 stddev 0.5 (179 samples)
Percentages of the replies served at a given rate:
   50%: 7
   66%: 7
   75%: 7
   80%: 7
   90%: 8
   95%: 8
   98%: 8
   99%: 8
  100%: 9

Reply time [ms]: response 32.2 transfer 2.1
Percentages of the requests served within a certain time (ms) :
   50%: 13
   66%: 15
   75%: 16
   80%: 17
   90%: 78
   95%: 198
   98%: 241
   99%: 267
  100%: 367

Reply size [B]: header 162.0 content 72.0 footer 1.0 (total 235.0)
Reply status: 1xx=0 2xx=1440 3xx=0 4xx=0 5xx=0

CPU time [s]: user 152.35 system 27.27 (user 84.7% system 15.2% total 99.8%)
Net I/O: 2.4 KB/s (0.0*10^6 bps)

Errors: total 0 client-timo 0 socket-timo 0 connrefused 0 connreset 0
Errors: fd-unavail 0 addrunavail 0 ftab-full 0 other 0

