httperf --verbose --hog --timeout=50 --client=0/1 --server=172.16.116.116 --port=8080 --uri=/ --rate=8 --send-buffer=4096 --recv-buffer=16384 --num-conns=1440 --num-calls=1
httperf: maximum number of open descriptors = 65535
Maximum connect burst length: 1

Connection lifetime histogram (time in ms):
             :
            10.5 68
            11.5 305
            12.5 174
            13.5 128
            14.5 102
            15.5 113
            16.5 116
            17.5 99
            18.5 71
            19.5 43
            20.5 34
            21.5 10
            22.5 18
            23.5 9
            24.5 7
            25.5 6
            26.5 5
            27.5 2
            28.5 1
             :
            32.5 1
            33.5 1
             :
            39.5 1
             :
            43.5 1
             :
            50.5 1
             :
            55.5 1
             :
            58.5 1
             :
            65.5 1
             :
            71.5 1
             :
            76.5 1
             :
            81.5 1
             :
            85.5 1
            86.5 1
            87.5 1
             :
           101.5 1
           102.5 2
             :
           104.5 1
             :
           115.5 1
             :
           119.5 1
             :
           125.5 1
             :
           129.5 1
             :
           132.5 1
             :
           134.5 1
             :
           139.5 2
             :
           143.5 1
             :
           145.5 1
             :
           154.5 1
             :
           160.5 1
             :
           162.5 1
           163.5 1
           164.5 3
             :
           166.5 1
             :
           169.5 1
             :
           171.5 1
             :
           173.5 1
             :
           176.5 1
           177.5 1
             :
           179.5 1
             :
           183.5 1
             :
           185.5 1
             :
           189.5 1
           190.5 1
             :
           193.5 3
           194.5 1
             :
           201.5 1
           202.5 2
             :
           205.5 1
             :
           207.5 2
             :
           209.5 2
           210.5 1
           211.5 2
           212.5 1
           213.5 1
           214.5 1
             :
           217.5 3
             :
           221.5 1
           222.5 1
           223.5 1
             :
           226.5 2
           227.5 1
             :
           229.5 1
             :
           235.5 1
             :
           238.5 2
           239.5 1
             :
           241.5 1
             :
           244.5 1
             :
           246.5 1
           247.5 2
           248.5 1
             :
           251.5 1
             :
           254.5 1
             :
           257.5 1
             :
           259.5 2
           260.5 2
             :
           262.5 1
           263.5 1
             :
           268.5 1
           269.5 1
             :
           271.5 1
           272.5 1
             :
           274.5 2
           275.5 1
             :
           280.5 1
             :
           284.5 1
             :
           289.5 2
             :
           291.5 1
             :
           293.5 1
             :
           295.5 1
             :
           297.5 2
             :
           303.5 1
             :
           307.5 2
           308.5 2
             :
           311.5 1
           312.5 1
             :
           319.5 2
             :
           322.5 1
             :
           324.5 1
           325.5 1
             :
           334.5 1
           335.5 1
             :
           337.5 1
             :
           351.5 1
           352.5 1
             :
           357.5 1
             :
           369.5 1
             :
           498.5 1

Total: connections 1440 requests 1440 replies 1440 test-duration 179.886 s

Connection rate: 8.0 conn/s (124.9 ms/conn, <=2 concurrent connections)
Connection time [ms]: min 10.1 avg 32.5 max 498.4 median 14.5 stddev 62.4
Connection time [ms]: connect 1.0
Connection length [replies/conn]: 1.000

Request rate: 8.0 req/s (124.9 ms/req)
Request size [B]: 67.0

Reply rate [replies/s]: min 7.0 avg 8.0 max 9.0 stddev 0.4 (179 samples)
Percentages of the replies served at a given rate:
   50%: 7
   66%: 7
   75%: 7
   80%: 7
   90%: 7
   95%: 8
   98%: 8
   99%: 8
  100%: 9

Reply time [ms]: response 29.5 transfer 1.9
Percentages of the requests served within a certain time (ms) :
   50%: 12
   66%: 14
   75%: 15
   80%: 16
   90%: 21
   95%: 192
   98%: 258
   99%: 288
  100%: 369

Reply size [B]: header 162.0 content 72.0 footer 1.0 (total 235.0)
Reply status: 1xx=0 2xx=1440 3xx=0 4xx=0 5xx=0

CPU time [s]: user 151.88 system 27.70 (user 84.4% system 15.4% total 99.8%)
Net I/O: 2.4 KB/s (0.0*10^6 bps)

Errors: total 0 client-timo 0 socket-timo 0 connrefused 0 connreset 0
Errors: fd-unavail 0 addrunavail 0 ftab-full 0 other 0

