httperf --verbose --hog --timeout=50 --client=0/1 --server=172.16.116.116 --port=8080 --uri=/ --rate=24 --send-buffer=4096 --recv-buffer=16384 --num-conns=4320 --num-calls=1
httperf: maximum number of open descriptors = 65535
Maximum connect burst length: 1

Connection lifetime histogram (time in ms):
             :
            10.5 465
            11.5 1185
            12.5 412
            13.5 291
            14.5 404
            15.5 479
            16.5 486
            17.5 231
            18.5 111
            19.5 44
            20.5 36
            21.5 24
            22.5 15
            23.5 11
            24.5 5
            25.5 2
            26.5 1
            27.5 4
             :
            29.5 1
            30.5 1
             :
            36.5 1
             :
            38.5 1
             :
            52.5 1
             :
            56.5 1
             :
            58.5 1
             :
            62.5 1
             :
            69.5 1
             :
            73.5 1
             :
            86.5 1
             :
            94.5 1
             :
           108.5 1
             :
           112.5 1
             :
           118.5 1
             :
           120.5 1
             :
           122.5 1
             :
           128.5 1
             :
           130.5 2
           131.5 1
             :
           136.5 1
             :
           141.5 1
             :
           148.5 1
             :
           150.5 1
             :
           154.5 1
           155.5 2
             :
           159.5 1
             :
           164.5 1
             :
           168.5 1
             :
           171.5 1
           172.5 1
           173.5 2
           174.5 1
             :
           176.5 1
           177.5 1
             :
           179.5 1
           180.5 1
             :
           183.5 1
           184.5 1
             :
           188.5 1
           189.5 1
             :
           197.5 1
           198.5 1
           199.5 1
           200.5 1
           201.5 1
           202.5 1
             :
           205.5 1
             :
           207.5 1
           208.5 1
             :
           211.5 1
           212.5 1
             :
           214.5 1
             :
           216.5 1
           217.5 1
             :
           220.5 1
           221.5 2
             :
           225.5 2
           226.5 1
             :
           228.5 1
             :
           231.5 1
             :
           236.5 3
           237.5 1
           238.5 1
             :
           245.5 1
             :
           247.5 1
             :
           249.5 1
           250.5 1
             :
           252.5 2
           253.5 1
             :
           255.5 3
             :
           257.5 2
           258.5 1
             :
           260.5 1
             :
           265.5 3
           266.5 1
             :
           270.5 2
           271.5 1
             :
           275.5 2
             :
           277.5 1
             :
           280.5 1
           281.5 1
             :
           284.5 1
           285.5 1
           286.5 2
           287.5 1
           288.5 1
             :
           291.5 1
             :
           293.5 2
             :
           302.5 1
           303.5 2
             :
           306.5 1
             :
           319.5 1
             :
           335.5 1
             :
           342.5 1
           343.5 1

Total: connections 4320 requests 4320 replies 4320 test-duration 179.970 s

Connection rate: 24.0 conn/s (41.7 ms/conn, <=3 concurrent connections)
Connection time [ms]: min 10.3 avg 18.9 max 343.3 median 13.5 stddev 33.2
Connection time [ms]: connect 0.7
Connection length [replies/conn]: 1.000

Request rate: 24.0 req/s (41.7 ms/req)
Request size [B]: 67.0

Reply rate [replies/s]: min 22.0 avg 24.0 max 26.0 stddev 0.5 (179 samples)
Percentages of the replies served at a given rate:
   50%: 23
   66%: 23
   75%: 23
   80%: 23
   90%: 23
   95%: 24
   98%: 24
   99%: 24
  100%: 26

Reply time [ms]: response 17.3 transfer 0.8
Percentages of the requests served within a certain time (ms) :
   50%: 11
   66%: 13
   75%: 14
   80%: 15
   90%: 15
   95%: 17
   98%: 147
   99%: 221
  100%: 305

Reply size [B]: header 162.0 content 72.0 footer 1.0 (total 235.0)
Reply status: 1xx=0 2xx=4320 3xx=0 4xx=0 5xx=0

CPU time [s]: user 146.74 system 32.85 (user 81.5% system 18.3% total 99.8%)
Net I/O: 7.1 KB/s (0.1*10^6 bps)

Errors: total 0 client-timo 0 socket-timo 0 connrefused 0 connreset 0
Errors: fd-unavail 0 addrunavail 0 ftab-full 0 other 0

