httperf --verbose --hog --timeout=50 --client=0/1 --server=172.16.116.116 --port=8080 --uri=/ --rate=8 --send-buffer=4096 --recv-buffer=16384 --num-conns=2400 --num-calls=1
httperf: maximum number of open descriptors = 65535
Maximum connect burst length: 1

Connection lifetime histogram (time in ms):
             :
            10.5 129
            11.5 538
            12.5 317
            13.5 249
            14.5 215
            15.5 198
            16.5 220
            17.5 140
            18.5 114
            19.5 59
            20.5 31
            21.5 30
            22.5 14
            23.5 8
            24.5 9
            25.5 2
            26.5 2
            27.5 3
             :
            29.5 2
            30.5 3
            31.5 1
             :
            34.5 1
             :
            53.5 1
             :
            58.5 1
             :
            61.5 1
             :
            70.5 1
             :
            80.5 1
             :
            85.5 1
             :
            91.5 1
             :
            93.5 1
             :
            97.5 1
             :
            99.5 1
             :
           110.5 1
             :
           112.5 1
             :
           115.5 1
             :
           117.5 2
           118.5 1
             :
           120.5 2
             :
           122.5 1
             :
           125.5 1
             :
           127.5 1
             :
           131.5 1
             :
           133.5 1
             :
           141.5 1
           142.5 1
             :
           147.5 1
             :
           154.5 1
             :
           159.5 1
             :
           162.5 2
             :
           166.5 1
           167.5 1
             :
           179.5 1
           180.5 2
           181.5 1
           182.5 2
           183.5 1
             :
           186.5 2
           187.5 1
             :
           189.5 1
           190.5 1
           191.5 1
           192.5 1
             :
           194.5 1
             :
           200.5 1
             :
           206.5 1
           207.5 2
           208.5 2
             :
           210.5 1
             :
           212.5 1
           213.5 1
           214.5 1
             :
           218.5 1
             :
           221.5 3
           222.5 1
           223.5 1
             :
           226.5 1
             :
           229.5 1
           230.5 1
           231.5 1
             :
           234.5 1
           235.5 1
           236.5 2
           237.5 3
             :
           239.5 2
           240.5 1
             :
           244.5 1
             :
           248.5 1
             :
           250.5 1
             :
           254.5 1
             :
           258.5 2
           259.5 2
             :
           262.5 1
           263.5 1
           264.5 1
           265.5 1
             :
           267.5 2
           268.5 1
           269.5 3
             :
           273.5 1
             :
           277.5 1
             :
           280.5 1
             :
           283.5 2
             :
           286.5 1
           287.5 1
             :
           289.5 1
             :
           293.5 1
             :
           296.5 2
             :
           303.5 1
             :
           308.5 1
             :
           317.5 1
             :
           321.5 1
             :
           336.5 1
             :
           344.5 1
             :
           359.5 1
             :
           361.5 1
           362.5 1

Total: connections 2400 requests 2400 replies 2400 test-duration 299.887 s

Connection rate: 8.0 conn/s (125.0 ms/conn, <=2 concurrent connections)
Connection time [ms]: min 10.3 avg 23.7 max 362.7 median 13.5 stddev 44.7
Connection time [ms]: connect 1.0
Connection length [replies/conn]: 1.000

Request rate: 8.0 req/s (125.0 ms/req)
Request size [B]: 67.0

Reply rate [replies/s]: min 7.0 avg 8.0 max 9.0 stddev 0.3 (299 samples)
Percentages of the replies served at a given rate:
   50%: 7
   66%: 7
   75%: 7
   80%: 7
   90%: 7
   95%: 8
   98%: 8
   99%: 8
  100%: 9

Reply time [ms]: response 21.5 transfer 1.2
Percentages of the requests served within a certain time (ms) :
   50%: 11
   66%: 13
   75%: 15
   80%: 15
   90%: 17
   95%: 28
   98%: 211
   99%: 244
  100%: 361

Reply size [B]: header 162.0 content 72.0 footer 1.0 (total 235.0)
Reply status: 1xx=0 2xx=2400 3xx=0 4xx=0 5xx=0

CPU time [s]: user 253.67 system 45.72 (user 84.6% system 15.2% total 99.8%)
Net I/O: 2.4 KB/s (0.0*10^6 bps)

Errors: total 0 client-timo 0 socket-timo 0 connrefused 0 connreset 0
Errors: fd-unavail 0 addrunavail 0 ftab-full 0 other 0

