httperf --verbose --hog --timeout=50 --client=0/1 --server=172.16.116.116 --port=8080 --uri=/ --rate=8 --send-buffer=4096 --recv-buffer=16384 --num-conns=2400 --num-calls=1
httperf: maximum number of open descriptors = 65535
Maximum connect burst length: 1

Connection lifetime histogram (time in ms):
             :
            10.5 122
            11.5 660
            12.5 332
            13.5 201
            14.5 158
            15.5 180
            16.5 289
            17.5 193
            18.5 105
            19.5 63
            20.5 30
            21.5 25
            22.5 10
            23.5 9
            24.5 6
            25.5 5
             :
            28.5 1
             :
            37.5 1
            38.5 1
             :
           138.5 1
             :
           167.5 1
             :
           184.5 1
             :
           188.5 1
             :
           217.5 1
             :
           230.5 1
             :
           267.5 1
             :
           301.5 1
             :
           307.5 1

Total: connections 2400 requests 2400 replies 2400 test-duration 299.894 s

Connection rate: 8.0 conn/s (125.0 ms/conn, <=2 concurrent connections)
Connection time [ms]: min 10.2 avg 15.0 max 307.7 median 13.5 stddev 13.5
Connection time [ms]: connect 0.8
Connection length [replies/conn]: 1.000

Request rate: 8.0 req/s (125.0 ms/req)
Request size [B]: 67.0

Reply rate [replies/s]: min 7.0 avg 8.0 max 9.0 stddev 0.1 (299 samples)
Percentages of the replies served at a given rate:
   50%: 7
   66%: 7
   75%: 7
   80%: 7
   90%: 7
   95%: 7
   98%: 7
   99%: 7
  100%: 9

Reply time [ms]: response 13.6 transfer 0.5
Percentages of the requests served within a certain time (ms) :
   50%: 11
   66%: 14
   75%: 15
   80%: 15
   90%: 16
   95%: 17
   98%: 20
   99%: 21
  100%: 306

Reply size [B]: header 163.0 content 72.0 footer 2.0 (total 237.0)
Reply status: 1xx=0 2xx=2400 3xx=0 4xx=0 5xx=0

CPU time [s]: user 254.69 system 44.68 (user 84.9% system 14.9% total 99.8%)
Net I/O: 2.4 KB/s (0.0*10^6 bps)

Errors: total 0 client-timo 0 socket-timo 0 connrefused 0 connreset 0
Errors: fd-unavail 0 addrunavail 0 ftab-full 0 other 0

