httperf --verbose --hog --timeout=50 --client=0/1 --server=172.16.116.116 --port=8080 --uri=/ --rate=8 --send-buffer=4096 --recv-buffer=16384 --num-conns=2400 --num-calls=1
httperf: maximum number of open descriptors = 65535
Maximum connect burst length: 1

Connection lifetime histogram (time in ms):
             :
            10.5 62
            11.5 322
            12.5 261
            13.5 195
            14.5 142
            15.5 152
            16.5 198
            17.5 163
            18.5 142
            19.5 75
            20.5 46
            21.5 35
            22.5 23
            23.5 10
            24.5 9
            25.5 13
            26.5 5
            27.5 8
            28.5 2
            29.5 6
            30.5 3
            31.5 2
            32.5 2
            33.5 2
            34.5 1
            35.5 2
             :
            37.5 1
            38.5 1
            39.5 2
             :
            41.5 2
            42.5 1
            43.5 2
             :
            47.5 4
            48.5 1
             :
            51.5 3
            52.5 2
             :
            54.5 1
             :
            56.5 1
            57.5 1
             :
            59.5 1
            60.5 1
             :
            62.5 1
            63.5 1
            64.5 2
            65.5 1
             :
            67.5 1
            68.5 1
            69.5 2
            70.5 2
             :
            72.5 1
             :
            74.5 4
             :
            76.5 1
             :
            79.5 1
            80.5 1
             :
            82.5 1
            83.5 1
            84.5 1
             :
            86.5 1
            87.5 1
             :
            89.5 1
            90.5 1
            91.5 2
            92.5 1
            93.5 3
            94.5 1
            95.5 3
             :
            97.5 2
            98.5 1
            99.5 1
           100.5 1
           101.5 5
           102.5 4
           103.5 2
           104.5 1
             :
           108.5 1
             :
           110.5 1
           111.5 1
           112.5 1
           113.5 2
           114.5 2
             :
           117.5 3
             :
           119.5 1
           120.5 1
           121.5 1
           122.5 2
           123.5 1
           124.5 1
             :
           126.5 1
           127.5 1
           128.5 2
             :
           130.5 2
           131.5 2
             :
           134.5 5
           135.5 2
           136.5 3
           137.5 2
           138.5 3
           139.5 1
           140.5 1
           141.5 2
           142.5 1
           143.5 3
           144.5 1
           145.5 2
           146.5 2
           147.5 2
           148.5 2
           149.5 1
           150.5 1
           151.5 4
             :
           153.5 4
           154.5 3
           155.5 4
           156.5 2
           157.5 1
           158.5 2
           159.5 2
           160.5 5
           161.5 1
           162.5 1
           163.5 2
           164.5 3
             :
           166.5 1
             :
           168.5 4
           169.5 2
           170.5 1
           171.5 4
           172.5 4
           173.5 3
           174.5 2
           175.5 2
           176.5 2
           177.5 7
           178.5 1
             :
           180.5 2
           181.5 4
             :
           184.5 3
           185.5 4
           186.5 2
           187.5 2
           188.5 2
           189.5 4
           190.5 2
           191.5 1
           192.5 1
           193.5 4
           194.5 1
           195.5 7
           196.5 3
           197.5 3
           198.5 2
           199.5 2
           200.5 3
           201.5 2
           202.5 1
           203.5 5
           204.5 5
           205.5 2
           206.5 2
           207.5 5
           208.5 2
           209.5 4
           210.5 3
           211.5 3
           212.5 6
           213.5 5
           214.5 2
           215.5 2
           216.5 1
           217.5 1
           218.5 2
           219.5 1
           220.5 4
           221.5 3
           222.5 1
           223.5 3
           224.5 5
           225.5 1
           226.5 4
           227.5 3
           228.5 5
           229.5 1
           230.5 2
           231.5 1
           232.5 2
           233.5 1
           234.5 4
           235.5 4
           236.5 3
           237.5 2
           238.5 2
           239.5 4
           240.5 3
           241.5 5
           242.5 4
           243.5 2
           244.5 3
           245.5 5
           246.5 8
           247.5 2
           248.5 1
           249.5 2
           250.5 2
           251.5 5
           252.5 3
           253.5 2
           254.5 5
           255.5 2
           256.5 5
           257.5 2
           258.5 3
           259.5 1
           260.5 2
           261.5 1
             :
           263.5 4
           264.5 3
           265.5 2
           266.5 5
           267.5 3
           268.5 4
           269.5 1
             :
           271.5 1
           272.5 1
           273.5 2
           274.5 1
           275.5 1
             :
           277.5 1
           278.5 2
           279.5 1
           280.5 1
           281.5 2
           282.5 1
           283.5 8
             :
           285.5 2
             :
           288.5 2
             :
           290.5 1
           291.5 1
           292.5 3
           293.5 1
           294.5 1
           295.5 1
             :
           297.5 2
             :
           299.5 2
           300.5 2
           301.5 1
           302.5 2
             :
           306.5 1
           307.5 1
             :
           310.5 1
             :
           313.5 2
             :
           316.5 1
             :
           322.5 3
             :
           326.5 1
             :
           333.5 1
             :
           343.5 1
           344.5 1
             :
           355.5 1
           356.5 2
           357.5 1
             :
           359.5 1
             :
           370.5 1
             :
           379.5 1
             :
           385.5 1

Total: connections 2400 requests 2400 replies 2400 test-duration 299.891 s

Connection rate: 8.0 conn/s (125.0 ms/conn, <=3 concurrent connections)
Connection time [ms]: min 10.2 avg 54.1 max 385.5 median 16.5 stddev 81.0
Connection time [ms]: connect 1.0
Connection length [replies/conn]: 1.000

Request rate: 8.0 req/s (125.0 ms/req)
Request size [B]: 67.0

Reply rate [replies/s]: min 6.0 avg 8.0 max 10.0 stddev 0.7 (299 samples)
Percentages of the replies served at a given rate:
   50%: 7
   66%: 7
   75%: 7
   80%: 7
   90%: 8
   95%: 8
   98%: 8
   99%: 9
  100%: 10

Reply time [ms]: response 50.0 transfer 3.0
Percentages of the requests served within a certain time (ms) :
   50%: 14
   66%: 16
   75%: 20
   80%: 72
   90%: 194
   95%: 234
   98%: 262
   99%: 282
  100%: 384

Reply size [B]: header 162.0 content 72.0 footer 1.0 (total 235.0)
Reply status: 1xx=0 2xx=2400 3xx=0 4xx=0 5xx=0

CPU time [s]: user 251.09 system 48.34 (user 83.7% system 16.1% total 99.8%)
Net I/O: 2.4 KB/s (0.0*10^6 bps)

Errors: total 0 client-timo 0 socket-timo 0 connrefused 0 connreset 0
Errors: fd-unavail 0 addrunavail 0 ftab-full 0 other 0

