httperf --verbose --hog --timeout=50 --client=0/1 --server=172.16.116.116 --port=8080 --uri=/ --rate=16 --send-buffer=4096 --recv-buffer=16384 --num-conns=4800 --num-calls=1
httperf: maximum number of open descriptors = 65535
Maximum connect burst length: 1

Connection lifetime histogram (time in ms):
             :
            10.5 27
            11.5 220
            12.5 265
            13.5 185
            14.5 157
            15.5 218
            16.5 246
            17.5 205
            18.5 190
            19.5 134
            20.5 98
            21.5 112
            22.5 109
            23.5 94
            24.5 94
            25.5 77
            26.5 62
            27.5 78
            28.5 64
            29.5 68
            30.5 71
            31.5 61
            32.5 63
            33.5 55
            34.5 45
            35.5 52
            36.5 34
            37.5 40
            38.5 36
            39.5 31
            40.5 40
            41.5 35
            42.5 26
            43.5 31
            44.5 31
            45.5 30
            46.5 31
            47.5 28
            48.5 33
            49.5 24
            50.5 29
            51.5 16
            52.5 14
            53.5 27
            54.5 18
            55.5 24
            56.5 19
            57.5 14
            58.5 6
            59.5 11
            60.5 11
            61.5 9
            62.5 8
            63.5 8
            64.5 3
            65.5 13
            66.5 4
            67.5 3
            68.5 8
            69.5 6
            70.5 6
            71.5 2
            72.5 5
            73.5 1
             :
            75.5 3
            76.5 2
            77.5 3
             :
            79.5 4
            80.5 3
            81.5 2
             :
            83.5 1
            84.5 2
            85.5 1
            86.5 1
            87.5 2
            88.5 3
            89.5 1
            90.5 1
            91.5 2
            92.5 1
             :
            95.5 5
            96.5 1
            97.5 1
            98.5 3
            99.5 1
           100.5 2
           101.5 1
           102.5 1
           103.5 1
           104.5 1
           105.5 1
           106.5 2
           107.5 1
           108.5 3
             :
           110.5 4
           111.5 2
           112.5 1
           113.5 1
           114.5 2
           115.5 1
           116.5 1
           117.5 3
           118.5 1
             :
           120.5 2
           121.5 1
           122.5 1
           123.5 1
             :
           125.5 1
           126.5 1
           127.5 2
           128.5 3
           129.5 2
           130.5 2
           131.5 2
             :
           133.5 2
           134.5 2
             :
           136.5 2
           137.5 1
           138.5 2
           139.5 1
           140.5 2
           141.5 1
           142.5 2
           143.5 1
             :
           145.5 3
           146.5 4
           147.5 2
           148.5 1
           149.5 3
           150.5 3
           151.5 3
           152.5 2
           153.5 3
           154.5 2
           155.5 3
           156.5 1
             :
           158.5 2
           159.5 4
           160.5 1
           161.5 2
             :
           163.5 2
           164.5 2
           165.5 3
           166.5 2
             :
           168.5 3
           169.5 2
           170.5 2
           171.5 3
           172.5 4
           173.5 4
             :
           175.5 1
           176.5 3
           177.5 3
           178.5 3
             :
           180.5 1
           181.5 1
           182.5 3
           183.5 6
           184.5 3
           185.5 3
           186.5 1
           187.5 2
           188.5 3
           189.5 3
             :
           191.5 3
           192.5 4
           193.5 1
           194.5 2
           195.5 1
           196.5 1
           197.5 4
           198.5 2
           199.5 7
           200.5 1
           201.5 1
           202.5 4
           203.5 2
           204.5 5
           205.5 2
             :
           207.5 1
           208.5 8
           209.5 1
           210.5 3
           211.5 5
           212.5 3
           213.5 6
           214.5 4
           215.5 4
           216.5 2
           217.5 2
           218.5 6
           219.5 5
           220.5 2
           221.5 2
           222.5 3
           223.5 4
           224.5 2
           225.5 7
           226.5 4
           227.5 5
           228.5 4
           229.5 4
           230.5 7
           231.5 2
           232.5 4
           233.5 4
           234.5 5
           235.5 7
           236.5 5
           237.5 4
           238.5 3
           239.5 5
           240.5 7
           241.5 1
           242.5 3
           243.5 1
           244.5 4
           245.5 5
           246.5 8
           247.5 4
           248.5 5
           249.5 5
           250.5 2
           251.5 5
           252.5 3
           253.5 2
           254.5 2
           255.5 5
           256.5 10
           257.5 5
           258.5 3
           259.5 8
           260.5 6
           261.5 3
           262.5 5
           263.5 6
           264.5 2
           265.5 4
           266.5 7
           267.5 4
           268.5 5
           269.5 3
           270.5 3
           271.5 5
           272.5 2
           273.5 5
           274.5 3
           275.5 1
           276.5 5
           277.5 5
           278.5 9
           279.5 2
           280.5 6
           281.5 5
           282.5 4
           283.5 5
           284.5 4
           285.5 6
           286.5 2
           287.5 6
           288.5 3
           289.5 2
           290.5 4
           291.5 5
           292.5 6
           293.5 7
           294.5 4
           295.5 10
           296.5 4
           297.5 6
           298.5 5
           299.5 10
           300.5 5
           301.5 4
           302.5 4
           303.5 4
           304.5 5
           305.5 8
           306.5 4
           307.5 6
           308.5 5
           309.5 3
           310.5 3
           311.5 6
           312.5 6
           313.5 5
           314.5 4
           315.5 4
           316.5 6
           317.5 3
           318.5 1
           319.5 2
           320.5 2
           321.5 3
           322.5 4
           323.5 5
           324.5 2
           325.5 5
           326.5 5
           327.5 5
           328.5 5
           329.5 6
           330.5 2
           331.5 4
           332.5 4
           333.5 4
           334.5 6
           335.5 5
           336.5 2
           337.5 5
           338.5 1
           339.5 4
           340.5 7
           341.5 5
           342.5 2
           343.5 4
           344.5 3
           345.5 3
             :
           347.5 4
           348.5 2
           349.5 2
             :
           351.5 6
           352.5 1
           353.5 4
           354.5 4
           355.5 4
           356.5 3
           357.5 3
           358.5 1
           359.5 1
           360.5 6
           361.5 3
           362.5 2
           363.5 3
           364.5 5
           365.5 2
           366.5 2
           367.5 2
           368.5 4
           369.5 1
           370.5 3
           371.5 1
           372.5 3
           373.5 1
           374.5 1
           375.5 3
           376.5 1
           377.5 1
           378.5 2
           379.5 1
           380.5 2
           381.5 2
           382.5 2
           383.5 5
           384.5 3
           385.5 1
             :
           387.5 3
           388.5 2
           389.5 3
             :
           391.5 3
           392.5 2
           393.5 5
             :
           397.5 4
           398.5 3
           399.5 2
             :
           401.5 3
           402.5 1
           403.5 2
           404.5 2
           405.5 1
           406.5 1
           407.5 3
           408.5 2
             :
           410.5 1
             :
           412.5 1
             :
           414.5 2
             :
           416.5 1
             :
           418.5 1
           419.5 2
           420.5 1
             :
           425.5 1
           426.5 2
           427.5 2
           428.5 2
           429.5 1
           430.5 1
           431.5 1
             :
           434.5 1
           435.5 1
             :
           438.5 2
             :
           440.5 1
           441.5 1
             :
           443.5 1
           444.5 2
           445.5 2
           446.5 1
             :
           450.5 2
             :
           454.5 1
             :
           458.5 1
             :
           460.5 1
           461.5 1
             :
           463.5 1
             :
           465.5 1
           466.5 1
             :
           480.5 1
             :
           482.5 2
             :
           486.5 1
             :
           498.5 1
             :
           513.5 1
             :
           601.5 1

Total: connections 4800 requests 4800 replies 4800 test-duration 299.973 s

Connection rate: 16.0 conn/s (62.5 ms/conn, <=8 concurrent connections)
Connection time [ms]: min 10.4 avg 77.3 max 602.0 median 25.5 stddev 108.2
Connection time [ms]: connect 0.8
Connection length [replies/conn]: 1.000

Request rate: 16.0 req/s (62.5 ms/req)
Request size [B]: 67.0

Reply rate [replies/s]: min 10.0 avg 16.0 max 21.0 stddev 1.8 (299 samples)
Percentages of the replies served at a given rate:
   50%: 15
   66%: 15
   75%: 16
   80%: 16
   90%: 17
   95%: 18
   98%: 19
   99%: 20
  100%: 21

Reply time [ms]: response 71.7 transfer 4.7
Percentages of the requests served within a certain time (ms) :
   50%: 22
   66%: 34
   75%: 51
   80%: 116
   90%: 258
   95%: 311
   98%: 362
   99%: 389
  100%: 599

Reply size [B]: header 162.0 content 72.0 footer 1.0 (total 235.0)
Reply status: 1xx=0 2xx=4800 3xx=0 4xx=0 5xx=0

CPU time [s]: user 243.70 system 55.75 (user 81.2% system 18.6% total 99.8%)
Net I/O: 4.7 KB/s (0.0*10^6 bps)

Errors: total 0 client-timo 0 socket-timo 0 connrefused 0 connreset 0
Errors: fd-unavail 0 addrunavail 0 ftab-full 0 other 0

