httperf --verbose --hog --timeout=50 --client=0/1 --server=172.16.116.116 --port=8080 --uri=/ --rate=8 --send-buffer=4096 --recv-buffer=16384 --num-conns=1440 --num-calls=1
httperf: maximum number of open descriptors = 65535
Maximum connect burst length: 1

Connection lifetime histogram (time in ms):
             :
            10.5 13
            11.5 103
            12.5 84
            13.5 131
            14.5 150
            15.5 168
            16.5 128
            17.5 114
            18.5 93
            19.5 82
            20.5 71
            21.5 47
            22.5 23
            23.5 21
            24.5 11
            25.5 11
            26.5 3
            27.5 5
            28.5 3
            29.5 2
            30.5 1
            31.5 1
            32.5 1
            33.5 2
             :
            37.5 1
             :
            39.5 1
             :
            43.5 1
             :
            52.5 1
             :
            58.5 2
             :
            66.5 1
             :
            74.5 1
            75.5 1
            76.5 1
            77.5 1
             :
            80.5 1
             :
            86.5 1
             :
            88.5 1
             :
            95.5 1
            96.5 1
             :
           101.5 1
             :
           103.5 1
             :
           109.5 1
             :
           114.5 1
             :
           122.5 1
             :
           124.5 1
           125.5 1
             :
           133.5 1
             :
           135.5 1
             :
           143.5 1
           144.5 1
           145.5 1
             :
           148.5 1
             :
           151.5 2
           152.5 1
             :
           157.5 1
           158.5 1
             :
           164.5 1
           165.5 1
             :
           170.5 1
             :
           172.5 1
             :
           174.5 1
           175.5 1
           176.5 2
           177.5 1
             :
           180.5 1
             :
           186.5 2
             :
           188.5 1
           189.5 1
             :
           191.5 3
           192.5 1
           193.5 2
           194.5 1
           195.5 1
             :
           197.5 2
             :
           199.5 1
             :
           201.5 2
           202.5 1
           203.5 1
             :
           205.5 1
             :
           207.5 1
           208.5 1
           209.5 2
           210.5 2
           211.5 1
           212.5 1
           213.5 1
           214.5 3
           215.5 1
             :
           217.5 1
           218.5 3
             :
           221.5 4
             :
           223.5 2
           224.5 2
           225.5 2
           226.5 1
           227.5 1
             :
           230.5 1
           231.5 2
           232.5 2
           233.5 3
             :
           235.5 2
           236.5 3
           237.5 2
           238.5 3
           239.5 1
           240.5 3
           241.5 1
             :
           243.5 2
           244.5 1
           245.5 1
           246.5 2
             :
           248.5 1
             :
           250.5 1
           251.5 2
           252.5 1
           253.5 1
           254.5 2
           255.5 1
             :
           257.5 1
             :
           259.5 1
             :
           264.5 1
           265.5 1
           266.5 2
             :
           268.5 1
           269.5 1
           270.5 1
           271.5 1
             :
           273.5 1
           274.5 1
             :
           276.5 1
             :
           280.5 2
             :
           283.5 1
           284.5 2
             :
           286.5 1
             :
           290.5 1
           291.5 1
             :
           293.5 1
           294.5 1
             :
           298.5 1
             :
           303.5 1
             :
           305.5 1
             :
           308.5 1
             :
           311.5 1
             :
           313.5 1
             :
           315.5 1
           316.5 1
             :
           321.5 1
             :
           328.5 1
             :
           333.5 1
             :
           341.5 1
             :
           347.5 1
             :
           359.5 1
             :
           364.5 1
             :
           373.5 1
           374.5 1
             :
           379.5 1

Total: connections 1440 requests 1440 replies 1440 test-duration 179.895 s

Connection rate: 8.0 conn/s (124.9 ms/conn, <=2 concurrent connections)
Connection time [ms]: min 10.5 avg 40.2 max 379.5 median 16.5 stddev 69.1
Connection time [ms]: connect 2.5
Connection length [replies/conn]: 1.000

Request rate: 8.0 req/s (124.9 ms/req)
Request size [B]: 67.0

Reply rate [replies/s]: min 7.0 avg 8.0 max 9.0 stddev 0.5 (179 samples)
Percentages of the replies served at a given rate:
   50%: 7
   66%: 7
   75%: 7
   80%: 7
   90%: 8
   95%: 8
   98%: 8
   99%: 8
  100%: 9

Reply time [ms]: response 34.7 transfer 2.9
Percentages of the requests served within a certain time (ms) :
   50%: 13
   66%: 15
   75%: 16
   80%: 17
   90%: 121
   95%: 212
   98%: 248
   99%: 272
  100%: 361

Reply size [B]: header 163.0 content 72.0 footer 2.0 (total 237.0)
Reply status: 1xx=0 2xx=1440 3xx=0 4xx=0 5xx=0

CPU time [s]: user 150.94 system 28.65 (user 83.9% system 15.9% total 99.8%)
Net I/O: 2.4 KB/s (0.0*10^6 bps)

Errors: total 0 client-timo 0 socket-timo 0 connrefused 0 connreset 0
Errors: fd-unavail 0 addrunavail 0 ftab-full 0 other 0

