httperf --verbose --hog --timeout=50 --client=0/1 --server=172.16.116.116 --port=8080 --uri=/ --rate=8 --send-buffer=4096 --recv-buffer=16384 --num-conns=1440 --num-calls=1
httperf: maximum number of open descriptors = 65535
Maximum connect burst length: 1

Connection lifetime histogram (time in ms):
             :
            10.5 8
            11.5 181
            12.5 179
            13.5 139
            14.5 123
            15.5 121
            16.5 157
            17.5 129
            18.5 93
            19.5 87
            20.5 52
            21.5 35
            22.5 32
            23.5 15
            24.5 13
            25.5 9
            26.5 11
            27.5 1
            28.5 5
            29.5 1
             :
            31.5 1
             :
            33.5 3
             :
            63.5 2
             :
            67.5 1
             :
            75.5 1
            76.5 1
             :
           101.5 1
             :
           114.5 1
             :
           121.5 1
           122.5 1
             :
           124.5 1
             :
           135.5 1
             :
           159.5 2
           160.5 1
             :
           174.5 2
             :
           181.5 1
             :
           184.5 1
             :
           193.5 1
             :
           195.5 1
           196.5 1
             :
           202.5 1
             :
           205.5 1
             :
           210.5 1
             :
           217.5 1
             :
           222.5 1
             :
           233.5 1
             :
           235.5 1
             :
           237.5 1
           238.5 1
             :
           240.5 1
             :
           243.5 1
             :
           249.5 1
           250.5 1
             :
           253.5 1
           254.5 1
           255.5 1
           256.5 1
             :
           260.5 1
             :
           266.5 1
             :
           268.5 1
           269.5 1
             :
           295.5 1
             :
           316.5 1
           317.5 1

Total: connections 1440 requests 1440 replies 1440 test-duration 179.891 s

Connection rate: 8.0 conn/s (124.9 ms/conn, <=3 concurrent connections)
Connection time [ms]: min 10.5 avg 21.6 max 317.3 median 15.5 stddev 33.9
Connection time [ms]: connect 1.0
Connection length [replies/conn]: 1.000

Request rate: 8.0 req/s (124.9 ms/req)
Request size [B]: 67.0

Reply rate [replies/s]: min 7.0 avg 8.0 max 9.0 stddev 0.3 (179 samples)
Percentages of the replies served at a given rate:
   50%: 7
   66%: 7
   75%: 7
   80%: 7
   90%: 7
   95%: 7
   98%: 8
   99%: 8
  100%: 9

Reply time [ms]: response 19.3 transfer 1.2
Percentages of the requests served within a certain time (ms) :
   50%: 14
   66%: 15
   75%: 16
   80%: 17
   90%: 19
   95%: 23
   98%: 160
   99%: 201
  100%: 294

Reply size [B]: header 163.0 content 72.0 footer 2.0 (total 237.0)
Reply status: 1xx=0 2xx=1440 3xx=0 4xx=0 5xx=0

CPU time [s]: user 153.37 system 26.23 (user 85.3% system 14.6% total 99.8%)
Net I/O: 2.4 KB/s (0.0*10^6 bps)

Errors: total 0 client-timo 0 socket-timo 0 connrefused 0 connreset 0
Errors: fd-unavail 0 addrunavail 0 ftab-full 0 other 0

