httperf --verbose --hog --timeout=50 --client=0/1 --server=172.16.116.116 --port=8080 --uri=/ --rate=8 --send-buffer=4096 --recv-buffer=16384 --num-conns=1440 --num-calls=1
httperf: maximum number of open descriptors = 65535
Maximum connect burst length: 1

Connection lifetime histogram (time in ms):
             :
            10.5 17
            11.5 153
            12.5 146
            13.5 136
            14.5 108
            15.5 141
            16.5 147
            17.5 117
            18.5 100
            19.5 78
            20.5 61
            21.5 35
            22.5 33
            23.5 24
            24.5 8
            25.5 12
            26.5 11
            27.5 2
            28.5 3
            29.5 5
            30.5 1
            31.5 2
            32.5 2
            33.5 3
             :
            35.5 1
             :
            40.5 1
            41.5 1
            42.5 2
             :
            46.5 1
             :
            53.5 1
             :
            57.5 1
             :
            59.5 1
             :
            61.5 1
            62.5 1
             :
            65.5 1
             :
            70.5 1
             :
            75.5 1
             :
            93.5 1
             :
            97.5 1
             :
           111.5 1
             :
           122.5 2
           123.5 1
             :
           127.5 2
           128.5 1
             :
           131.5 1
             :
           136.5 1
             :
           141.5 1
             :
           149.5 1
             :
           156.5 1
           157.5 1
           158.5 1
             :
           163.5 2
           164.5 1
             :
           169.5 1
           170.5 2
             :
           174.5 2
             :
           177.5 1
           178.5 1
             :
           180.5 1
           181.5 1
           182.5 3
             :
           185.5 2
             :
           189.5 1
           190.5 1
             :
           197.5 1
             :
           199.5 1
             :
           201.5 1
             :
           206.5 1
           207.5 1
             :
           210.5 1
             :
           213.5 1
           214.5 2
             :
           217.5 2
             :
           219.5 1
             :
           221.5 1
             :
           224.5 1
             :
           227.5 2
             :
           232.5 1
             :
           235.5 2
             :
           239.5 1
             :
           242.5 1
             :
           244.5 1
             :
           247.5 4
             :
           251.5 1
             :
           257.5 1
             :
           264.5 1
             :
           269.5 1
             :
           273.5 1
             :
           279.5 1
           280.5 1
             :
           282.5 2
             :
           285.5 1
             :
           298.5 1
             :
           302.5 1
             :
           312.5 1
             :
           320.5 1
             :
           326.5 1
           327.5 1
             :
           334.5 1
             :
           337.5 1
             :
           339.5 1
             :
           383.5 1

Total: connections 1440 requests 1440 replies 1440 test-duration 179.893 s

Connection rate: 8.0 conn/s (124.9 ms/conn, <=2 concurrent connections)
Connection time [ms]: min 10.7 avg 27.7 max 383.9 median 16.5 stddev 48.1
Connection time [ms]: connect 1.0
Connection length [replies/conn]: 1.000

Request rate: 8.0 req/s (124.9 ms/req)
Request size [B]: 67.0

Reply rate [replies/s]: min 7.0 avg 8.0 max 9.0 stddev 0.3 (179 samples)
Percentages of the replies served at a given rate:
   50%: 7
   66%: 7
   75%: 7
   80%: 7
   90%: 7
   95%: 8
   98%: 8
   99%: 8
  100%: 9

Reply time [ms]: response 25.1 transfer 1.5
Percentages of the requests served within a certain time (ms) :
   50%: 14
   66%: 16
   75%: 17
   80%: 18
   90%: 22
   95%: 122
   98%: 208
   99%: 241
  100%: 351

Reply size [B]: header 162.0 content 72.0 footer 1.0 (total 235.0)
Reply status: 1xx=0 2xx=1440 3xx=0 4xx=0 5xx=0

CPU time [s]: user 151.45 system 28.12 (user 84.2% system 15.6% total 99.8%)
Net I/O: 2.4 KB/s (0.0*10^6 bps)

Errors: total 0 client-timo 0 socket-timo 0 connrefused 0 connreset 0
Errors: fd-unavail 0 addrunavail 0 ftab-full 0 other 0

