httperf --verbose --hog --timeout=50 --client=0/1 --server=172.16.116.116 --port=8080 --uri=/ --rate=8 --send-buffer=4096 --recv-buffer=16384 --num-conns=1440 --num-calls=1
httperf: maximum number of open descriptors = 65535
Maximum connect burst length: 1

Connection lifetime histogram (time in ms):
             :
            10.5 23
            11.5 133
            12.5 113
            13.5 109
            14.5 140
            15.5 149
            16.5 154
            17.5 114
            18.5 74
            19.5 71
            20.5 51
            21.5 34
            22.5 19
            23.5 10
            24.5 13
            25.5 2
            26.5 6
            27.5 2
            28.5 5
            29.5 2
             :
            31.5 1
            32.5 1
            33.5 1
             :
            35.5 1
             :
            43.5 1
             :
            45.5 1
             :
            50.5 1
             :
            54.5 1
            55.5 1
             :
            60.5 1
            61.5 3
             :
            67.5 2
             :
            73.5 1
             :
            78.5 1
             :
            81.5 1
             :
            85.5 1
             :
            87.5 3
            88.5 1
            89.5 1
             :
            94.5 1
             :
            98.5 1
            99.5 1
             :
           103.5 4
             :
           105.5 3
           106.5 1
             :
           113.5 1
             :
           115.5 2
             :
           119.5 1
           120.5 1
             :
           122.5 1
             :
           125.5 2
             :
           129.5 1
             :
           131.5 1
             :
           133.5 1
             :
           136.5 2
             :
           141.5 1
             :
           144.5 1
           145.5 2
           146.5 1
             :
           149.5 1
             :
           151.5 1
           152.5 1
             :
           154.5 1
             :
           157.5 1
             :
           160.5 1
           161.5 1
             :
           165.5 1
             :
           168.5 1
           169.5 1
           170.5 2
           171.5 2
             :
           173.5 2
           174.5 1
           175.5 1
             :
           178.5 1
           179.5 1
           180.5 2
           181.5 2
             :
           183.5 1
           184.5 1
             :
           186.5 1
           187.5 1
           188.5 2
           189.5 1
             :
           191.5 1
           192.5 4
           193.5 5
           194.5 2
             :
           196.5 1
           197.5 1
           198.5 1
           199.5 1
           200.5 1
             :
           202.5 1
           203.5 1
             :
           205.5 1
             :
           207.5 2
             :
           209.5 1
             :
           211.5 2
             :
           213.5 2
             :
           215.5 1
           216.5 3
           217.5 1
           218.5 1
           219.5 1
           220.5 1
             :
           222.5 2
             :
           224.5 1
           225.5 1
             :
           227.5 1
           228.5 3
           229.5 3
           230.5 1
           231.5 3
           232.5 2
           233.5 2
             :
           235.5 2
           236.5 1
           237.5 2
           238.5 2
             :
           242.5 1
             :
           244.5 2
           245.5 1
           246.5 1
           247.5 1
           248.5 1
           249.5 3
           250.5 1
             :
           252.5 1
           253.5 2
           254.5 1
             :
           256.5 1
           257.5 3
           258.5 2
             :
           260.5 1
             :
           263.5 1
           264.5 1
             :
           266.5 4
           267.5 1
             :
           269.5 2
             :
           271.5 2
             :
           274.5 2
           275.5 1
             :
           277.5 1
             :
           279.5 1
             :
           281.5 1
             :
           288.5 1
           289.5 1
             :
           291.5 1
             :
           298.5 1
             :
           303.5 1
             :
           305.5 1
           306.5 4
           307.5 1
           308.5 1
             :
           311.5 1
             :
           314.5 1
           315.5 1
             :
           317.5 2
             :
           321.5 1
           322.5 1
             :
           324.5 1
             :
           326.5 1
             :
           328.5 1
             :
           331.5 1
             :
           342.5 1
             :
           347.5 1
             :
           353.5 1
             :
           359.5 1
             :
           366.5 1
           367.5 1
             :
           372.5 1
             :
           389.5 1
             :
           436.5 1

Total: connections 1440 requests 1440 replies 1440 test-duration 179.895 s

Connection rate: 8.0 conn/s (124.9 ms/conn, <=3 concurrent connections)
Connection time [ms]: min 10.5 avg 44.2 max 436.7 median 16.5 stddev 74.3
Connection time [ms]: connect 1.2
Connection length [replies/conn]: 1.000

Request rate: 8.0 req/s (124.9 ms/req)
Request size [B]: 67.0

Reply rate [replies/s]: min 6.0 avg 8.0 max 10.0 stddev 0.6 (179 samples)
Percentages of the replies served at a given rate:
   50%: 7
   66%: 7
   75%: 7
   80%: 7
   90%: 8
   95%: 8
   98%: 8
   99%: 8
  100%: 10

Reply time [ms]: response 40.3 transfer 2.6
Percentages of the requests served within a certain time (ms) :
   50%: 14
   66%: 16
   75%: 17
   80%: 19
   90%: 163
   95%: 221
   98%: 267
   99%: 290
  100%: 364

Reply size [B]: header 162.0 content 72.0 footer 1.0 (total 235.0)
Reply status: 1xx=0 2xx=1440 3xx=0 4xx=0 5xx=0

CPU time [s]: user 150.97 system 28.64 (user 83.9% system 15.9% total 99.8%)
Net I/O: 2.4 KB/s (0.0*10^6 bps)

Errors: total 0 client-timo 0 socket-timo 0 connrefused 0 connreset 0
Errors: fd-unavail 0 addrunavail 0 ftab-full 0 other 0

