httperf --verbose --hog --timeout=50 --client=0/1 --server=172.16.116.116 --port=8080 --uri=/ --rate=16 --send-buffer=4096 --recv-buffer=16384 --num-conns=2880 --num-calls=1
httperf: maximum number of open descriptors = 65535
Maximum connect burst length: 1

Connection lifetime histogram (time in ms):
             :
            10.5 594
            11.5 820
            12.5 346
            13.5 231
            14.5 193
            15.5 172
            16.5 219
            17.5 110
            18.5 52
            19.5 24
            20.5 16
            21.5 10
            22.5 6
            23.5 1
            24.5 3
            25.5 3
            26.5 3
            27.5 1
             :
            56.5 1
             :
            75.5 1
             :
            78.5 1
             :
            91.5 1
             :
            93.5 1
             :
            95.5 1
             :
            97.5 1
             :
           105.5 1
             :
           111.5 1
             :
           119.5 1
           120.5 1
             :
           125.5 1
             :
           127.5 1
             :
           132.5 1
           133.5 1
             :
           144.5 2
           145.5 1
           146.5 1
             :
           150.5 1
             :
           153.5 3
             :
           156.5 1
           157.5 2
             :
           160.5 1
             :
           165.5 1
             :
           172.5 1
           173.5 1
             :
           180.5 1
           181.5 1
             :
           185.5 1
             :
           187.5 1
           188.5 1
             :
           193.5 1
             :
           200.5 1
             :
           207.5 1
             :
           212.5 1
             :
           218.5 1
           219.5 1
             :
           221.5 1
             :
           224.5 2
             :
           229.5 1
             :
           231.5 2
           232.5 1
             :
           234.5 1
             :
           237.5 1
           238.5 2
             :
           240.5 1
           241.5 2
           242.5 1
             :
           247.5 1
             :
           250.5 1
             :
           253.5 2
             :
           258.5 1
           259.5 1
             :
           265.5 1
             :
           271.5 1
             :
           275.5 1
           276.5 1
             :
           293.5 1
             :
           298.5 1
             :
           317.5 1
             :
           324.5 1
             :
           330.5 1
             :
           335.5 1
           336.5 1
             :
           338.5 1
           339.5 1
             :
           356.5 1

Total: connections 2880 requests 2880 replies 2880 test-duration 179.949 s

Connection rate: 16.0 conn/s (62.5 ms/conn, <=2 concurrent connections)
Connection time [ms]: min 10.2 avg 18.1 max 356.3 median 12.5 stddev 32.8
Connection time [ms]: connect 0.7
Connection length [replies/conn]: 1.000

Request rate: 16.0 req/s (62.5 ms/req)
Request size [B]: 67.0

Reply rate [replies/s]: min 15.0 avg 16.0 max 17.0 stddev 0.3 (179 samples)
Percentages of the replies served at a given rate:
   50%: 15
   66%: 15
   75%: 15
   80%: 15
   90%: 15
   95%: 15
   98%: 16
   99%: 16
  100%: 17

Reply time [ms]: response 16.4 transfer 0.8
Percentages of the requests served within a certain time (ms) :
   50%: 10
   66%: 12
   75%: 13
   80%: 14
   90%: 15
   95%: 17
   98%: 144
   99%: 205
  100%: 355

Reply size [B]: header 162.0 content 72.0 footer 1.0 (total 235.0)
Reply status: 1xx=0 2xx=2880 3xx=0 4xx=0 5xx=0

CPU time [s]: user 150.67 system 28.96 (user 83.7% system 16.1% total 99.8%)
Net I/O: 4.7 KB/s (0.0*10^6 bps)

Errors: total 0 client-timo 0 socket-timo 0 connrefused 0 connreset 0
Errors: fd-unavail 0 addrunavail 0 ftab-full 0 other 0

