httperf --verbose --hog --timeout=50 --client=0/1 --server=172.16.116.116 --port=8080 --uri=/ --rate=16 --send-buffer=4096 --recv-buffer=16384 --num-conns=4800 --num-calls=1
httperf: maximum number of open descriptors = 65535
Maximum connect burst length: 1

Connection lifetime histogram (time in ms):
             :
            10.5 51
            11.5 169
            12.5 156
            13.5 131
            14.5 152
            15.5 161
            16.5 194
            17.5 180
            18.5 148
            19.5 114
            20.5 99
            21.5 92
            22.5 116
            23.5 108
            24.5 102
            25.5 102
            26.5 84
            27.5 102
            28.5 93
            29.5 81
            30.5 78
            31.5 84
            32.5 78
            33.5 76
            34.5 74
            35.5 73
            36.5 76
            37.5 60
            38.5 62
            39.5 62
            40.5 50
            41.5 41
            42.5 45
            43.5 47
            44.5 42
            45.5 25
            46.5 30
            47.5 30
            48.5 26
            49.5 37
            50.5 23
            51.5 24
            52.5 26
            53.5 20
            54.5 18
            55.5 15
            56.5 9
            57.5 9
            58.5 6
            59.5 7
            60.5 3
            61.5 8
            62.5 6
            63.5 6
            64.5 1
            65.5 5
            66.5 2
            67.5 2
            68.5 3
            69.5 4
            70.5 3
            71.5 5
            72.5 1
            73.5 3
            74.5 1
            75.5 3
            76.5 1
             :
            78.5 3
            79.5 2
             :
            81.5 3
            82.5 2
            83.5 5
            84.5 1
            85.5 3
            86.5 2
            87.5 4
            88.5 2
             :
            90.5 1
            91.5 6
             :
            93.5 3
            94.5 1
            95.5 1
            96.5 2
            97.5 2
            98.5 1
            99.5 1
           100.5 2
             :
           102.5 5
           103.5 4
           104.5 1
             :
           106.5 1
           107.5 2
             :
           109.5 2
           110.5 5
             :
           112.5 2
             :
           114.5 1
           115.5 3
           116.5 2
           117.5 1
           118.5 2
           119.5 2
           120.5 3
           121.5 1
           122.5 1
           123.5 1
           124.5 2
           125.5 2
             :
           127.5 4
             :
           130.5 1
           131.5 1
             :
           133.5 1
           134.5 2
           135.5 3
           136.5 3
             :
           139.5 2
           140.5 2
           141.5 2
           142.5 2
             :
           144.5 1
           145.5 4
           146.5 3
           147.5 3
           148.5 1
           149.5 6
           150.5 1
           151.5 2
           152.5 1
           153.5 5
             :
           155.5 4
           156.5 2
           157.5 2
           158.5 2
           159.5 2
           160.5 5
           161.5 3
           162.5 2
           163.5 4
           164.5 1
           165.5 1
           166.5 2
           167.5 3
             :
           169.5 1
             :
           171.5 5
           172.5 2
           173.5 5
           174.5 1
           175.5 4
           176.5 2
           177.5 3
           178.5 4
           179.5 2
           180.5 3
           181.5 3
           182.5 3
           183.5 5
           184.5 4
           185.5 3
           186.5 6
           187.5 2
           188.5 2
           189.5 3
           190.5 1
           191.5 2
           192.5 2
           193.5 1
           194.5 9
             :
           196.5 4
           197.5 4
           198.5 3
           199.5 7
           200.5 3
           201.5 3
           202.5 3
           203.5 5
           204.5 5
           205.5 4
           206.5 3
           207.5 3
           208.5 3
           209.5 4
           210.5 5
           211.5 2
           212.5 2
           213.5 6
           214.5 6
             :
           216.5 2
           217.5 7
           218.5 4
           219.5 8
           220.5 5
           221.5 6
           222.5 4
           223.5 4
           224.5 5
           225.5 7
           226.5 3
           227.5 4
           228.5 1
           229.5 7
           230.5 8
           231.5 5
           232.5 7
           233.5 5
           234.5 6
           235.5 1
           236.5 3
           237.5 5
           238.5 4
           239.5 6
           240.5 7
           241.5 6
           242.5 5
           243.5 6
           244.5 5
           245.5 4
           246.5 6
           247.5 9
           248.5 8
           249.5 7
           250.5 5
           251.5 3
           252.5 5
           253.5 7
           254.5 8
           255.5 1
           256.5 8
           257.5 3
           258.5 7
           259.5 6
             :
           261.5 4
           262.5 3
           263.5 2
           264.5 8
           265.5 6
           266.5 4
           267.5 12
           268.5 2
           269.5 3
           270.5 6
           271.5 4
           272.5 4
           273.5 4
           274.5 1
           275.5 2
           276.5 3
           277.5 3
           278.5 5
           279.5 6
           280.5 3
           281.5 5
           282.5 3
           283.5 3
           284.5 8
           285.5 5
           286.5 8
           287.5 3
           288.5 5
           289.5 4
           290.5 3
           291.5 2
           292.5 5
           293.5 10
           294.5 2
           295.5 3
           296.5 6
           297.5 1
           298.5 9
           299.5 3
             :
           301.5 6
           302.5 4
           303.5 2
           304.5 6
           305.5 7
           306.5 1
           307.5 7
           308.5 5
           309.5 5
           310.5 5
           311.5 4
           312.5 4
           313.5 1
           314.5 5
           315.5 8
           316.5 4
             :
           318.5 4
           319.5 7
           320.5 2
           321.5 3
           322.5 1
           323.5 7
           324.5 2
           325.5 4
           326.5 3
           327.5 3
           328.5 4
           329.5 2
           330.5 4
           331.5 2
           332.5 3
           333.5 4
           334.5 2
           335.5 3
           336.5 3
           337.5 2
           338.5 6
           339.5 6
           340.5 5
           341.5 3
           342.5 2
           343.5 2
           344.5 5
           345.5 3
             :
           347.5 5
           348.5 1
           349.5 4
           350.5 2
           351.5 2
           352.5 4
           353.5 1
           354.5 6
           355.5 3
             :
           358.5 1
           359.5 2
           360.5 4
           361.5 2
           362.5 1
           363.5 2
           364.5 1
           365.5 2
           366.5 4
             :
           368.5 3
           369.5 2
           370.5 1
           371.5 2
             :
           373.5 1
           374.5 4
             :
           376.5 4
           377.5 2
           378.5 1
           379.5 2
           380.5 2
           381.5 2
             :
           383.5 1
           384.5 1
           385.5 1
           386.5 1
           387.5 3
           388.5 1
           389.5 2
           390.5 2
           391.5 6
             :
           393.5 1
           394.5 1
           395.5 3
           396.5 3
           397.5 2
             :
           399.5 1
             :
           401.5 4
           402.5 2
           403.5 1
             :
           405.5 1
             :
           407.5 5
           408.5 2
           409.5 2
           410.5 2
             :
           413.5 1
             :
           415.5 2
             :
           417.5 1
             :
           420.5 1
             :
           422.5 1
           423.5 1
           424.5 4
             :
           428.5 1
           429.5 2
             :
           436.5 1
           437.5 1
             :
           439.5 1
           440.5 5
             :
           445.5 1
             :
           447.5 1
             :
           481.5 1
             :
           488.5 1
             :
           503.5 1
             :
           515.5 1
             :
           520.5 1
           521.5 1
             :
           541.5 1

Total: connections 4800 requests 4800 replies 4800 test-duration 299.954 s

Connection rate: 16.0 conn/s (62.5 ms/conn, <=8 concurrent connections)
Connection time [ms]: min 10.2 avg 77.2 max 541.1 median 29.5 stddev 103.6
Connection time [ms]: connect 1.1
Connection length [replies/conn]: 1.000

Request rate: 16.0 req/s (62.5 ms/req)
Request size [B]: 67.0

Reply rate [replies/s]: min 11.0 avg 16.0 max 21.0 stddev 1.6 (299 samples)
Percentages of the replies served at a given rate:
   50%: 15
   66%: 15
   75%: 16
   80%: 16
   90%: 17
   95%: 18
   98%: 19
   99%: 19
  100%: 21

Reply time [ms]: response 72.3 transfer 3.7
Percentages of the requests served within a certain time (ms) :
   50%: 27
   66%: 38
   75%: 50
   80%: 121
   90%: 246
   95%: 304
   98%: 353
   99%: 382
  100%: 519

Reply size [B]: header 162.0 content 72.0 footer 1.0 (total 235.0)
Reply status: 1xx=0 2xx=4800 3xx=0 4xx=0 5xx=0

CPU time [s]: user 241.00 system 58.40 (user 80.3% system 19.5% total 99.8%)
Net I/O: 4.7 KB/s (0.0*10^6 bps)

Errors: total 0 client-timo 0 socket-timo 0 connrefused 0 connreset 0
Errors: fd-unavail 0 addrunavail 0 ftab-full 0 other 0

