httperf --verbose --hog --timeout=50 --client=0/1 --server=172.16.116.116 --port=8080 --uri=/ --rate=16 --send-buffer=4096 --recv-buffer=16384 --num-conns=4800 --num-calls=1
httperf: maximum number of open descriptors = 65535
Maximum connect burst length: 1

Connection lifetime histogram (time in ms):
             :
            10.5 61
            11.5 196
            12.5 160
            13.5 115
            14.5 122
            15.5 162
            16.5 225
            17.5 157
            18.5 125
            19.5 134
            20.5 152
            21.5 119
            22.5 135
            23.5 101
            24.5 80
            25.5 89
            26.5 92
            27.5 71
            28.5 80
            29.5 78
            30.5 54
            31.5 58
            32.5 56
            33.5 61
            34.5 45
            35.5 56
            36.5 52
            37.5 58
            38.5 47
            39.5 47
            40.5 41
            41.5 40
            42.5 30
            43.5 39
            44.5 36
            45.5 33
            46.5 34
            47.5 36
            48.5 32
            49.5 29
            50.5 40
            51.5 34
            52.5 34
            53.5 27
            54.5 17
            55.5 22
            56.5 14
            57.5 19
            58.5 18
            59.5 11
            60.5 14
            61.5 17
            62.5 11
            63.5 6
            64.5 12
            65.5 7
            66.5 8
            67.5 5
            68.5 6
            69.5 9
            70.5 4
            71.5 2
            72.5 2
            73.5 3
            74.5 4
            75.5 3
            76.5 5
            77.5 4
            78.5 4
            79.5 2
            80.5 2
            81.5 1
            82.5 1
             :
            84.5 3
            85.5 2
             :
            87.5 2
            88.5 2
            89.5 3
            90.5 1
             :
            92.5 2
            93.5 1
            94.5 2
            95.5 4
             :
            97.5 3
            98.5 4
             :
           100.5 1
           101.5 1
           102.5 5
           103.5 3
           104.5 1
             :
           106.5 2
           107.5 1
           108.5 3
           109.5 2
           110.5 2
             :
           112.5 2
             :
           114.5 2
           115.5 1
             :
           117.5 1
           118.5 2
           119.5 2
           120.5 3
           121.5 1
           122.5 2
           123.5 2
           124.5 1
             :
           126.5 2
           127.5 1
           128.5 1
           129.5 2
             :
           131.5 5
           132.5 2
           133.5 2
           134.5 2
           135.5 3
           136.5 3
           137.5 1
           138.5 1
             :
           140.5 2
           141.5 1
             :
           143.5 1
           144.5 4
           145.5 1
             :
           147.5 1
             :
           149.5 2
           150.5 3
           151.5 1
           152.5 3
             :
           155.5 2
           156.5 2
           157.5 6
           158.5 3
           159.5 1
           160.5 1
           161.5 2
           162.5 2
           163.5 2
           164.5 3
           165.5 3
           166.5 4
           167.5 4
           168.5 1
           169.5 4
           170.5 1
             :
           172.5 6
           173.5 2
           174.5 1
           175.5 2
           176.5 6
           177.5 4
           178.5 7
           179.5 2
           180.5 2
           181.5 1
           182.5 3
           183.5 1
           184.5 2
           185.5 4
           186.5 1
           187.5 3
           188.5 4
           189.5 1
           190.5 2
           191.5 2
           192.5 2
           193.5 2
           194.5 4
           195.5 2
           196.5 5
           197.5 8
           198.5 5
           199.5 4
           200.5 6
           201.5 4
           202.5 2
           203.5 3
           204.5 4
           205.5 6
           206.5 4
           207.5 3
           208.5 7
           209.5 3
           210.5 4
           211.5 1
           212.5 5
           213.5 5
           214.5 6
           215.5 5
           216.5 4
           217.5 3
           218.5 4
           219.5 4
           220.5 3
           221.5 7
           222.5 8
           223.5 3
           224.5 7
           225.5 3
           226.5 2
           227.5 1
           228.5 3
           229.5 4
           230.5 2
           231.5 5
           232.5 6
           233.5 3
           234.5 2
           235.5 1
           236.5 4
           237.5 6
           238.5 4
           239.5 4
           240.5 4
           241.5 6
           242.5 4
           243.5 6
           244.5 5
           245.5 8
           246.5 2
           247.5 8
           248.5 5
           249.5 6
           250.5 1
           251.5 4
           252.5 7
           253.5 6
           254.5 2
           255.5 2
           256.5 2
           257.5 9
           258.5 2
           259.5 10
           260.5 5
           261.5 3
           262.5 7
           263.5 4
           264.5 6
           265.5 6
           266.5 5
           267.5 6
           268.5 3
           269.5 3
           270.5 4
           271.5 5
           272.5 4
           273.5 5
           274.5 6
           275.5 5
           276.5 3
           277.5 6
           278.5 6
           279.5 2
           280.5 10
           281.5 7
           282.5 5
           283.5 5
           284.5 10
           285.5 4
           286.5 8
           287.5 6
           288.5 3
           289.5 6
           290.5 8
           291.5 11
           292.5 6
           293.5 6
           294.5 4
           295.5 3
           296.5 3
           297.5 2
           298.5 3
           299.5 5
           300.5 5
           301.5 4
           302.5 3
           303.5 5
           304.5 3
           305.5 2
           306.5 6
           307.5 2
           308.5 3
           309.5 5
           310.5 7
           311.5 5
           312.5 6
           313.5 6
           314.5 3
           315.5 4
           316.5 8
           317.5 4
           318.5 4
           319.5 2
           320.5 2
           321.5 6
           322.5 4
           323.5 4
           324.5 5
           325.5 7
           326.5 3
           327.5 6
           328.5 2
           329.5 4
           330.5 6
           331.5 5
           332.5 8
           333.5 2
           334.5 4
           335.5 4
           336.5 4
           337.5 4
           338.5 1
           339.5 6
           340.5 6
           341.5 3
           342.5 3
           343.5 1
           344.5 5
           345.5 1
           346.5 5
           347.5 3
           348.5 3
           349.5 3
           350.5 4
             :
           352.5 5
           353.5 2
           354.5 5
           355.5 6
           356.5 2
           357.5 4
           358.5 4
           359.5 2
           360.5 4
           361.5 4
           362.5 2
           363.5 2
           364.5 1
           365.5 2
           366.5 4
           367.5 1
             :
           369.5 2
           370.5 1
           371.5 2
           372.5 3
           373.5 4
           374.5 2
           375.5 3
           376.5 1
           377.5 3
           378.5 3
           379.5 4
           380.5 4
             :
           383.5 1
           384.5 2
           385.5 2
           386.5 3
           387.5 1
           388.5 3
           389.5 2
           390.5 1
           391.5 2
             :
           393.5 1
           394.5 2
           395.5 3
           396.5 4
           397.5 2
           398.5 3
           399.5 1
             :
           401.5 2
           402.5 1
             :
           404.5 2
             :
           406.5 1
           407.5 2
           408.5 1
           409.5 1
           410.5 1
           411.5 1
           412.5 1
           413.5 1
           414.5 1
             :
           419.5 4
             :
           421.5 1
           422.5 1
           423.5 1
             :
           427.5 1
           428.5 1
           429.5 2
           430.5 2
             :
           432.5 3
           433.5 2
             :
           435.5 1
           436.5 2
             :
           446.5 1
             :
           449.5 1
             :
           454.5 1
             :
           460.5 2
             :
           463.5 1
             :
           465.5 1
             :
           469.5 1
             :
           471.5 1
             :
           474.5 1
             :
           478.5 1
             :
           484.5 1
           485.5 2
           486.5 1
             :
           489.5 1
             :
           502.5 1
             :
           521.5 1
             :
           523.5 1
             :
           561.5 1
             :
           575.5 1

Total: connections 4800 requests 4800 replies 4800 test-duration 299.949 s

Connection rate: 16.0 conn/s (62.5 ms/conn, <=8 concurrent connections)
Connection time [ms]: min 10.2 avg 82.1 max 575.0 median 29.5 stddev 109.0
Connection time [ms]: connect 1.0
Connection length [replies/conn]: 1.000

Request rate: 16.0 req/s (62.5 ms/req)
Request size [B]: 67.0

Reply rate [replies/s]: min 11.0 avg 16.0 max 21.0 stddev 1.6 (299 samples)
Percentages of the replies served at a given rate:
   50%: 15
   66%: 15
   75%: 16
   80%: 16
   90%: 17
   95%: 18
   98%: 18
   99%: 19
  100%: 21

Reply time [ms]: response 76.6 transfer 4.5
Percentages of the requests served within a certain time (ms) :
   50%: 26
   66%: 41
   75%: 58
   80%: 154
   90%: 261
   95%: 314
   98%: 361
   99%: 394
  100%: 496

Reply size [B]: header 162.0 content 72.0 footer 1.0 (total 235.0)
Reply status: 1xx=0 2xx=4800 3xx=0 4xx=0 5xx=0

CPU time [s]: user 241.04 system 58.36 (user 80.4% system 19.5% total 99.8%)
Net I/O: 4.7 KB/s (0.0*10^6 bps)

Errors: total 0 client-timo 0 socket-timo 0 connrefused 0 connreset 0
Errors: fd-unavail 0 addrunavail 0 ftab-full 0 other 0

