httperf --verbose --hog --timeout=50 --client=0/1 --server=172.16.116.116 --port=8080 --uri=/ --rate=24 --send-buffer=4096 --recv-buffer=16384 --num-conns=5760 --num-calls=1
httperf: maximum number of open descriptors = 65535
Maximum connect burst length: 1

Connection lifetime histogram (time in ms):
             :
             9.5 5
            10.5 609
            11.5 635
            12.5 327
            13.5 201
            14.5 149
            15.5 271
            16.5 304
            17.5 157
            18.5 55
            19.5 31
            20.5 22
            21.5 29
            22.5 17
            23.5 18
            24.5 15
            25.5 23
            26.5 18
            27.5 10
            28.5 6
            29.5 12
            30.5 10
            31.5 8
            32.5 11
            33.5 7
            34.5 10
            35.5 12
            36.5 11
            37.5 6
            38.5 8
            39.5 9
            40.5 3
            41.5 7
            42.5 2
            43.5 5
            44.5 6
            45.5 5
             :
            47.5 6
            48.5 1
            49.5 4
            50.5 3
            51.5 2
            52.5 2
            53.5 3
            54.5 3
            55.5 2
            56.5 3
            57.5 3
            58.5 2
            59.5 3
            60.5 4
            61.5 3
            62.5 3
            63.5 4
            64.5 3
            65.5 2
            66.5 4
            67.5 2
            68.5 4
            69.5 2
            70.5 3
            71.5 4
             :
            73.5 1
            74.5 1
            75.5 1
             :
            77.5 2
            78.5 4
            79.5 1
            80.5 1
            81.5 1
            82.5 1
            83.5 1
             :
            85.5 1
             :
            90.5 1
            91.5 4
             :
            93.5 1
            94.5 1
            95.5 1
             :
            97.5 3
             :
            99.5 2
           100.5 1
             :
           102.5 2
             :
           105.5 2
             :
           107.5 1
           108.5 1
             :
           111.5 1
             :
           113.5 1
             :
           116.5 1
             :
           118.5 1
             :
           122.5 1
           123.5 1
             :
           125.5 2
             :
           128.5 1
             :
           132.5 1
           133.5 1
           134.5 1
             :
           138.5 1
             :
           143.5 1
           144.5 1
           145.5 1
           146.5 1
           147.5 1
             :
           150.5 1
             :
           152.5 1
             :
           155.5 1
             :
           157.5 1
             :
           160.5 1
             :
           165.5 1
             :
           169.5 1
             :
           174.5 1
           175.5 1
             :
           196.5 1
             :
           199.5 1
             :
           202.5 2
             :
           210.5 1
             :
           213.5 1
             :
           215.5 1
             :
           220.5 1
             :
           227.5 1
             :
           237.5 1
             :
           243.5 1
           244.5 1
           245.5 1
             :
           258.5 1
             :
           262.5 1
           263.5 1
             :
           271.5 1
           272.5 1
             :
           286.5 1
             :
           288.5 1
             :
           295.5 1
             :
           298.5 1
             :
           301.5 1
             :
           315.5 1
             :
           317.5 1
             :
           319.5 1
           320.5 1
             :
           323.5 1
             :
           327.5 1
           328.5 2
             :
           332.5 1
             :
           336.5 2
             :
           345.5 1
             :
           350.5 1
             :
           358.5 1
             :
           360.5 1
           361.5 1
           362.5 1
             :
           364.5 1
           365.5 1
           366.5 1
             :
           372.5 1
             :
           380.5 1
             :
           384.5 1
             :
           386.5 1
             :
           390.5 1
           391.5 1
             :
           398.5 1
             :
           414.5 1
           415.5 1
             :
           431.5 1
           432.5 1
           433.5 1
           434.5 1
             :
           439.5 1
             :
           445.5 1
             :
           448.5 1
           449.5 2
             :
           456.5 2
             :
           460.5 1
           461.5 1
             :
           465.5 1
             :
           468.5 1
             :
           470.5 1
             :
           477.5 1
             :
           479.5 1
             :
           483.5 1
             :
           488.5 2
             :
           493.5 1
             :
           505.5 1
           506.5 1
           507.5 1
             :
           511.5 1
             :
           513.5 1
             :
           517.5 1
             :
           522.5 1
             :
           524.5 2
           525.5 1
           526.5 2
             :
           532.5 1
             :
           537.5 1
           538.5 1
           539.5 4
           540.5 1
           541.5 1
           542.5 1
             :
           544.5 1
           545.5 1
           546.5 1
           547.5 2
           548.5 2
           549.5 1
             :
           551.5 1
           552.5 2
             :
           555.5 2
             :
           559.5 1
           560.5 3
           561.5 1
           562.5 1
           563.5 2
           564.5 1
             :
           567.5 1
           568.5 3
             :
           570.5 3
           571.5 1
             :
           573.5 1
           574.5 2
           575.5 1
           576.5 2
           577.5 1
           578.5 1
             :
           581.5 1
             :
           583.5 1
             :
           585.5 2
           586.5 2
             :
           588.5 1
           589.5 1
           590.5 1
             :
           592.5 1
           593.5 2
             :
           595.5 4
             :
           597.5 1
           598.5 1
           599.5 1
             :
           602.5 1
           603.5 2
           604.5 3
           605.5 3
           606.5 1
           607.5 1
           608.5 2
             :
           610.5 1
           611.5 1
           612.5 2
           613.5 2
           614.5 2
           615.5 1
             :
           617.5 2
           618.5 2
             :
           620.5 1
             :
           622.5 1
           623.5 3
           624.5 1
           625.5 3
           626.5 1
           627.5 3
           628.5 1
           629.5 2
             :
           631.5 1
           632.5 2
           633.5 2
           634.5 7
           635.5 1
           636.5 3
           637.5 4
           638.5 2
           639.5 5
           640.5 1
           641.5 2
           642.5 2
           643.5 3
           644.5 4
           645.5 4
           646.5 1
             :
           648.5 2
           649.5 1
           650.5 4
           651.5 2
           652.5 2
           653.5 1
           654.5 1
           655.5 1
           656.5 3
           657.5 4
           658.5 1
             :
           660.5 2
           661.5 4
             :
           663.5 1
           664.5 4
             :
           666.5 1
           667.5 6
           668.5 2
           669.5 2
             :
           671.5 2
           672.5 3
           673.5 1
             :
           675.5 1
           676.5 3
           677.5 2
           678.5 2
             :
           680.5 3
           681.5 1
           682.5 1
           683.5 1
           684.5 4
             :
           686.5 3
           687.5 4
           688.5 2
           689.5 1
             :
           691.5 2
           692.5 4
           693.5 1
           694.5 4
             :
           696.5 5
           697.5 1
           698.5 2
           699.5 2
           700.5 4
           701.5 1
           702.5 1
           703.5 1
           704.5 2
           705.5 1
           706.5 2
             :
           708.5 3
           709.5 2
           710.5 3
           711.5 3
           712.5 1
           713.5 4
           714.5 2
           715.5 4
           716.5 2
           717.5 2
           718.5 2
           719.5 2
           720.5 3
           721.5 1
           722.5 3
           723.5 3
           724.5 1
           725.5 1
           726.5 1
           727.5 2
           728.5 4
           729.5 2
           730.5 1
           731.5 3
             :
           733.5 3
           734.5 5
           735.5 2
           736.5 2
             :
           738.5 2
           739.5 5
           740.5 2
           741.5 2
           742.5 1
           743.5 2
           744.5 2
           745.5 2
           746.5 7
           747.5 2
           748.5 1
           749.5 3
           750.5 3
           751.5 4
           752.5 3
           753.5 2
           754.5 1
           755.5 2
           756.5 1
             :
           759.5 3
             :
           761.5 4
           762.5 3
           763.5 4
           764.5 1
           765.5 1
           766.5 3
             :
           768.5 2
           769.5 3
           770.5 2
           771.5 3
           772.5 2
           773.5 2
           774.5 4
           775.5 2
           776.5 1
             :
           778.5 4
             :
           780.5 2
           781.5 5
           782.5 1
           783.5 3
           784.5 2
           785.5 1
             :
           787.5 2
           788.5 1
           789.5 2
             :
           791.5 1
           792.5 3
           793.5 3
           794.5 3
           795.5 1
           796.5 2
             :
           798.5 1
             :
           801.5 2
             :
           805.5 2
           806.5 2
             :
           809.5 1
           810.5 2
           811.5 2
           812.5 2
           813.5 3
           814.5 2
             :
           816.5 1
           817.5 2
           818.5 1
             :
           820.5 1
           821.5 2
           822.5 1
           823.5 1
           824.5 1
           825.5 2
             :
           827.5 6
           828.5 2
           829.5 2
           830.5 1
             :
           832.5 5
           833.5 2
             :
           836.5 2
           837.5 2
           838.5 1
           839.5 1
             :
           841.5 1
           842.5 4
           843.5 3
           844.5 5
             :
           846.5 2
           847.5 2
           848.5 4
           849.5 1
           850.5 2
             :
           853.5 2
             :
           855.5 2
           856.5 5
           857.5 1
           858.5 5
           859.5 2
           860.5 5
           861.5 1
             :
           863.5 1
           864.5 3
           865.5 3
             :
           867.5 2
           868.5 3
             :
           870.5 4
           871.5 1
           872.5 3
           873.5 2
           874.5 1
           875.5 1
           876.5 1
           877.5 3
           878.5 1
           879.5 3
           880.5 2
             :
           882.5 3
           883.5 1
           884.5 1
           885.5 2
           886.5 1
           887.5 1
             :
           889.5 1
           890.5 3
           891.5 3
           892.5 2
           893.5 4
           894.5 3
           895.5 2
           896.5 1
             :
           898.5 2
           899.5 3
           900.5 2
           901.5 2
           902.5 4
           903.5 3
           904.5 2
           905.5 3
           906.5 3
             :
           908.5 3
           909.5 3
           910.5 1
           911.5 1
           912.5 2
           913.5 2
             :
           916.5 2
           917.5 1
           918.5 2
           919.5 1
           920.5 2
           921.5 3
           922.5 2
           923.5 1
           924.5 2
           925.5 1
             :
           927.5 4
           928.5 1
             :
           930.5 1
             :
           932.5 2
           933.5 2
           934.5 2
           935.5 1
           936.5 1
           937.5 5
           938.5 1
             :
           940.5 2
           941.5 1
             :
           944.5 2
           945.5 1
             :
           947.5 2
           948.5 1
             :
           950.5 4
           951.5 1
           952.5 1
           953.5 1
           954.5 3
             :
           957.5 3
             :
           959.5 1
           960.5 2
           961.5 3
           962.5 4
           963.5 1
           964.5 1
             :
           966.5 1
           967.5 2
             :
           969.5 1
           970.5 1
           971.5 1
           972.5 2
           973.5 3
           974.5 1
           975.5 1
           976.5 2
           977.5 3
           978.5 1
           979.5 2
           980.5 2
             :
           982.5 1
             :
           984.5 2
             :
           986.5 3
           987.5 2
           988.5 1
           989.5 1
           990.5 2
           991.5 2
             :
           995.5 2
           996.5 2
           997.5 3
           998.5 2
           999.5 2
          1000.5 1
          1001.5 1
          1002.5 1
          1003.5 1
             :
          1005.5 2
             :
          1007.5 2
          1008.5 1
             :
          1010.5 4
          1011.5 1
          1012.5 2
          1013.5 1
          1014.5 2
             :
          1016.5 2
             :
          1018.5 1
          1019.5 1
          1020.5 2
          1021.5 1
          1022.5 2
          1023.5 2
             :
          1026.5 2
             :
          1028.5 2
             :
          1030.5 1
          1031.5 2
          1032.5 1
             :
          1035.5 1
          1036.5 1
             :
          1038.5 3
          1039.5 2
          1040.5 1
          1041.5 3
          1042.5 2
             :
          1044.5 3
          1045.5 2
          1046.5 3
          1047.5 1
          1048.5 4
             :
          1051.5 3
          1052.5 2
          1053.5 3
          1054.5 6
             :
          1056.5 1
             :
          1058.5 2
          1059.5 2
          1060.5 1
          1061.5 2
             :
          1063.5 1
          1064.5 3
          1065.5 2
          1066.5 3
          1067.5 1
          1068.5 1
          1069.5 2
          1070.5 1
          1071.5 2
             :
          1074.5 1
             :
          1076.5 1
          1077.5 1
             :
          1079.5 2
          1080.5 3
          1081.5 1
          1082.5 1
          1083.5 2
          1084.5 1
          1085.5 3
          1086.5 3
          1087.5 1
          1088.5 1
          1089.5 2
          1090.5 1
          1091.5 1
          1092.5 1
          1093.5 1
             :
          1095.5 1
          1096.5 2
          1097.5 2
          1098.5 1
          1099.5 2
          1100.5 1
          1101.5 1
             :
          1103.5 3
             :
          1106.5 3
             :
          1108.5 1
             :
          1111.5 2
             :
          1113.5 1
          1114.5 1
          1115.5 2
          1116.5 2
          1117.5 1
          1118.5 3
          1119.5 1
             :
          1122.5 4
          1123.5 1
          1124.5 2
          1125.5 1
             :
          1127.5 1
             :
          1129.5 2
             :
          1131.5 3
             :
          1133.5 3
          1134.5 1
             :
          1137.5 1
          1138.5 3
          1139.5 1
             :
          1147.5 1
          1148.5 1
          1149.5 2
          1150.5 1
          1151.5 1
          1152.5 1
          1153.5 2
          1154.5 1
          1155.5 2
          1156.5 2
             :
          1158.5 2
          1159.5 2
          1160.5 1
          1161.5 1
             :
          1164.5 1
             :
          1169.5 2
          1170.5 2
          1171.5 2
             :
          1173.5 1
             :
          1175.5 1
          1176.5 3
             :
          1178.5 1
          1179.5 1
             :
          1181.5 1
             :
          1184.5 2
          1185.5 1
          1186.5 1
          1187.5 2
             :
          1189.5 1
          1190.5 1
          1191.5 1
          1192.5 2
             :
          1195.5 1
          1196.5 2
          1197.5 1
          1198.5 2
             :
          1201.5 1
             :
          1203.5 1
          1204.5 2
             :
          1207.5 1
          1208.5 2
             :
          1210.5 1
             :
          1212.5 2
          1213.5 2
          1214.5 2
             :
          1218.5 1
             :
          1220.5 1
             :
          1223.5 1
             :
          1225.5 1
             :
          1227.5 2
             :
          1229.5 2
          1230.5 1
             :
          1232.5 2
          1233.5 1
          1234.5 2
             :
          1236.5 3
          1237.5 1
             :
          1240.5 2
          1241.5 3
             :
          1243.5 3
          1244.5 1
             :
          1248.5 1
             :
          1250.5 1
          1251.5 1
             :
          1257.5 2
          1258.5 3
          1259.5 2
             :
          1261.5 2
             :
          1265.5 2
             :
          1267.5 1
          1268.5 1
             :
          1272.5 1
             :
          1275.5 1
             :
          1277.5 1
             :
          1279.5 1
          1280.5 1
          1281.5 1
          1282.5 1
             :
          1284.5 1
             :
          1286.5 1
             :
          1289.5 3
             :
          1291.5 1
             :
          1293.5 3
             :
          1295.5 1
             :
          1298.5 1
          1299.5 1
             :
          1301.5 1
             :
          1303.5 1
          1304.5 1
             :
          1306.5 1
          1307.5 1
          1308.5 1
          1309.5 1
             :
          1311.5 1
             :
          1314.5 1
          1315.5 1
          1316.5 3
          1317.5 1
          1318.5 1
          1319.5 1
          1320.5 2
          1321.5 1
             :
          1326.5 1
          1327.5 1
          1328.5 1
             :
          1331.5 2
          1332.5 1
             :
          1335.5 1
          1336.5 1
          1337.5 1
          1338.5 1
             :
          1341.5 1
          1342.5 1
          1343.5 1
          1344.5 2
          1345.5 1
          1346.5 2
             :
          1348.5 2
             :
          1355.5 1
             :
          1357.5 1
             :
          1360.5 1
             :
          1363.5 1
          1364.5 2
          1365.5 2
             :
          1368.5 2
          1369.5 1
          1370.5 1
             :
          1372.5 1
             :
          1376.5 1
             :
          1379.5 2
          1380.5 2
             :
          1382.5 1
          1383.5 2
          1384.5 1
          1385.5 1
          1386.5 1
             :
          1390.5 1
             :
          1394.5 2
          1395.5 1
          1396.5 1
          1397.5 1
             :
          1399.5 2
          1400.5 3
          1401.5 1
             :
          1403.5 2
             :
          1405.5 2
             :
          1412.5 1
          1413.5 2
             :
          1416.5 1
             :
          1419.5 1
             :
          1421.5 1
          1422.5 1
          1423.5 2
          1424.5 1
             :
          1429.5 1
             :
          1432.5 1
             :
          1434.5 1
             :
          1438.5 2
          1439.5 2
             :
          1444.5 1
          1445.5 1
             :
          1449.5 1
          1450.5 1
          1451.5 1
             :
          1455.5 2
             :
          1458.5 1
             :
          1464.5 1
          1465.5 1
          1466.5 1
             :
          1470.5 1
             :
          1472.5 1
          1473.5 1
          1474.5 1
             :
          1476.5 1
          1477.5 1
             :
          1479.5 2
             :
          1483.5 1
          1484.5 1
             :
          1486.5 1
             :
          1488.5 1
             :
          1490.5 1
          1491.5 2
             :
          1494.5 1
             :
          1501.5 1
          1502.5 1
             :
          1504.5 1
             :
          1509.5 1
             :
          1511.5 2
          1512.5 1
          1513.5 1
          1514.5 1
          1515.5 1
          1516.5 2
             :
          1518.5 1
          1519.5 1
             :
          1521.5 2
          1522.5 1
          1523.5 1
             :
          1527.5 2
             :
          1530.5 1
          1531.5 2
             :
          1534.5 3
             :
          1537.5 1
             :
          1542.5 2
          1543.5 2
          1544.5 1
             :
          1546.5 1
          1547.5 1
          1548.5 1
             :
          1551.5 1
             :
          1554.5 3
             :
          1557.5 1
             :
          1564.5 1
          1565.5 1
             :
          1567.5 1
          1568.5 2
          1569.5 1
             :
          1572.5 2
             :
          1581.5 1
          1582.5 2
             :
          1586.5 1
          1587.5 2
             :
          1589.5 1
          1590.5 2
             :
          1593.5 1
             :
          1595.5 1
          1596.5 1
          1597.5 2
          1598.5 1
             :
          1601.5 1
             :
          1604.5 1
             :
          1606.5 2
             :
          1608.5 1
             :
          1610.5 1
             :
          1612.5 1
             :
          1614.5 1
          1615.5 2
          1616.5 2
             :
          1619.5 1
          1620.5 1
             :
          1622.5 1
          1623.5 1
             :
          1629.5 1
             :
          1633.5 1
          1634.5 1
             :
          1642.5 1
             :
          1644.5 2
          1645.5 2
             :
          1647.5 1
          1648.5 1
          1649.5 2
             :
          1652.5 1
          1653.5 2
             :
          1660.5 1
             :
          1662.5 1
          1663.5 1
          1664.5 1
             :
          1667.5 1
          1668.5 1
             :
          1671.5 1
          1672.5 2
          1673.5 2
             :
          1679.5 1
          1680.5 1
          1681.5 1
             :
          1689.5 2
             :
          1692.5 1
             :
          1694.5 1
          1695.5 2
             :
          1698.5 1
             :
          1701.5 1
             :
          1703.5 1
          1704.5 2
          1705.5 1
             :
          1709.5 1
          1710.5 1
          1711.5 1
             :
          1714.5 1
          1715.5 1
             :
          1719.5 1
          1720.5 1
          1721.5 1
          1722.5 1
          1723.5 1
          1724.5 2
             :
          1726.5 1
          1727.5 2
             :
          1730.5 1
             :
          1733.5 1
          1734.5 1
          1735.5 1
             :
          1737.5 1
             :
          1742.5 1
             :
          1748.5 1
             :
          1750.5 1
          1751.5 1
          1752.5 1
             :
          1757.5 1
          1758.5 1
             :
          1761.5 1
             :
          1763.5 2
             :
          1765.5 1
             :
          1768.5 2
          1769.5 1
          1770.5 1
             :
          1772.5 1
          1773.5 3
             :
          1775.5 1
             :
          1777.5 1
             :
          1784.5 2
             :
          1787.5 1
          1788.5 1
          1789.5 1
          1790.5 1
             :
          1792.5 1
          1793.5 2
             :
          1795.5 1
             :
          1797.5 1
             :
          1799.5 1
             :
          1801.5 2
          1802.5 1
             :
          1804.5 2
             :
          1807.5 1
             :
          1810.5 2
             :
          1815.5 1
             :
          1818.5 1
             :
          1822.5 1
          1823.5 1
          1824.5 3
             :
          1826.5 1
          1827.5 1
          1828.5 1
             :
          1830.5 1
          1831.5 1
             :
          1836.5 1
             :
          1839.5 1
          1840.5 1
          1841.5 1
          1842.5 1
             :
          1846.5 2
          1847.5 2
             :
          1849.5 1
             :
          1853.5 1
          1854.5 3
             :
          1857.5 1
          1858.5 1
          1859.5 1
             :
          1862.5 2
             :
          1865.5 1
             :
          1870.5 1
             :
          1872.5 1
             :
          1874.5 1
          1875.5 1
             :
          1884.5 1
             :
          1886.5 1
             :
          1888.5 2
             :
          1892.5 2
             :
          1901.5 1
          1902.5 1
             :
          1907.5 1
             :
          1909.5 1
             :
          1911.5 1
             :
          1917.5 1
             :
          1921.5 2
             :
          1923.5 1
          1924.5 1
          1925.5 4
          1926.5 1
             :
          1929.5 2
          1930.5 1
          1931.5 1
             :
          1933.5 1
          1934.5 2
             :
          1936.5 3
          1937.5 1
          1938.5 1
             :
          1940.5 1
             :
          1943.5 2
          1944.5 1
          1945.5 2
             :
          1948.5 1
          1949.5 1
             :
          1951.5 1
             :
          1956.5 1
          1957.5 1
             :
          1963.5 1
          1964.5 2
             :
          1966.5 2
          1967.5 1
             :
          1969.5 2
             :
          1973.5 1
             :
          1981.5 1
          1982.5 1
             :
          1984.5 2
          1985.5 1
             :
          1988.5 1
          1989.5 1
          1990.5 1
          1991.5 1
             :
          1993.5 1
             :
          1995.5 1
             :
          1997.5 1
             :
          1999.5 1
          2000.5 1
          2001.5 1
             :
          2003.5 2
          2004.5 3
          2005.5 1
          2006.5 1
             :
          2008.5 1
          2009.5 1
             :
          2011.5 1
             :
          2013.5 1
          2014.5 2
          2015.5 1
          2016.5 1
             :
          2018.5 1
             :
          2020.5 1
             :
          2022.5 1
             :
          2026.5 1
             :
          2028.5 1
          2029.5 2
             :
          2031.5 2
          2032.5 2
          2033.5 2
          2034.5 1
          2035.5 1
          2036.5 1
             :
          2039.5 2
          2040.5 1
             :
          2047.5 1
             :
          2050.5 1
          2051.5 1
             :
          2053.5 2
          2054.5 1
             :
          2056.5 1
          2057.5 1
          2058.5 2
          2059.5 1
             :
          2063.5 1
          2064.5 2
             :
          2066.5 2
          2067.5 1
             :
          2069.5 1
          2070.5 1
          2071.5 1
             :
          2074.5 2
             :
          2076.5 1
             :
          2078.5 1
          2079.5 1
             :
          2082.5 1
          2083.5 1
             :
          2085.5 1
             :
          2087.5 2
             :
          2089.5 1
          2090.5 2
             :
          2092.5 2
          2093.5 1
             :
          2096.5 1
             :
          2098.5 1
          2099.5 1
          2100.5 1
          2101.5 3
             :
          2104.5 4
             :
          2106.5 1
          2107.5 1
             :
          2109.5 2
          2110.5 1
          2111.5 1
             :
          2115.5 1
          2116.5 3
             :
          2118.5 2
             :
          2120.5 1
          2121.5 1
          2122.5 1
          2123.5 1
          2124.5 1
             :
          2127.5 2
          2128.5 1
             :
          2131.5 1
             :
          2133.5 1
             :
          2135.5 1
             :
          2138.5 1
             :
          2142.5 1
             :
          2144.5 2
          2145.5 1
             :
          2149.5 2
          2150.5 2
          2151.5 1
             :
          2153.5 1
             :
          2155.5 1
             :
          2157.5 1
             :
          2160.5 1
             :
          2162.5 2
             :
          2165.5 1
             :
          2167.5 2
          2168.5 1
             :
          2174.5 2
             :
          2180.5 3
             :
          2182.5 2
             :
          2184.5 1
             :
          2186.5 2
             :
          2189.5 1
          2190.5 1
          2191.5 1
          2192.5 1
          2193.5 1
          2194.5 2
             :
          2199.5 1
          2200.5 2
             :
          2203.5 1
          2204.5 2
             :
          2208.5 1
          2209.5 1
             :
          2213.5 1
             :
          2215.5 2
          2216.5 3
             :
          2218.5 1
          2219.5 1
          2220.5 1
          2221.5 1
             :
          2223.5 1
          2224.5 1
          2225.5 1
          2226.5 1
             :
          2228.5 1
             :
          2231.5 2
             :
          2234.5 1
          2235.5 1
          2236.5 1
             :
          2238.5 1
          2239.5 3
             :
          2241.5 1
          2242.5 1
             :
          2244.5 1
             :
          2246.5 1
             :
          2248.5 1
             :
          2251.5 1
          2252.5 1
             :
          2255.5 2
             :
          2257.5 1
          2258.5 1
          2259.5 2
          2260.5 2
             :
          2264.5 2
             :
          2268.5 2
             :
          2271.5 1
             :
          2278.5 1
          2279.5 1
          2280.5 2
             :
          2283.5 1
          2284.5 3
             :
          2286.5 1
          2287.5 1
             :
          2289.5 1
             :
          2291.5 1
             :
          2294.5 1
          2295.5 3
             :
          2299.5 2
          2300.5 1
             :
          2306.5 2
             :
          2308.5 1
          2309.5 1
          2310.5 1
          2311.5 1
             :
          2315.5 1
          2316.5 1
             :
          2320.5 1
          2321.5 2
             :
          2325.5 1
          2326.5 1
             :
          2328.5 1
          2329.5 1
             :
          2334.5 2
          2335.5 1
          2336.5 1
             :
          2339.5 1
             :
          2347.5 1
             :
          2351.5 1
          2352.5 2
          2353.5 1
          2354.5 1
          2355.5 1
          2356.5 1
             :
          2362.5 1
             :
          2364.5 1
             :
          2366.5 1
          2367.5 1
             :
          2369.5 1
             :
          2371.5 1
             :
          2374.5 1
          2375.5 1
          2376.5 1
          2377.5 1
             :
          2379.5 1
          2380.5 1
          2381.5 2
             :
          2385.5 2
             :
          2387.5 2
             :
          2389.5 1
          2390.5 1
          2391.5 1
             :
          2393.5 1
             :
          2399.5 1
             :
          2405.5 1
             :
          2410.5 1
             :
          2415.5 1
          2416.5 1
             :
          2418.5 1
             :
          2420.5 1
             :
          2423.5 1
          2424.5 2
             :
          2428.5 1
             :
          2434.5 1
             :
          2439.5 3
          2440.5 2
          2441.5 1
          2442.5 1
             :
          2444.5 1
             :
          2446.5 1
             :
          2448.5 1
             :
          2452.5 1
             :
          2457.5 1
             :
          2468.5 1
             :
          2470.5 1
             :
          2472.5 1
          2473.5 2
          2474.5 1
             :
          2479.5 1
             :
          2482.5 1
          2483.5 2
          2484.5 1
          2485.5 1
             :
          2490.5 1
          2491.5 1
          2492.5 1
             :
          2495.5 1
          2496.5 1
             :
          2498.5 2
          2499.5 1
             :
          2502.5 2
             :
          2507.5 2
             :
          2509.5 1
             :
          2513.5 1
             :
          2515.5 1
             :
          2517.5 1
             :
          2520.5 1
          2521.5 1
          2522.5 1
             :
          2525.5 1
          2526.5 2
             :
          2532.5 1
             :
          2534.5 2
          2535.5 1
             :
          2539.5 1
             :
          2546.5 1
             :
          2550.5 1
          2551.5 1
             :
          2557.5 1
             :
          2568.5 1
             :
          2572.5 2
             :
          2575.5 1
          2576.5 1
          2577.5 1
             :
          2589.5 1
          2590.5 1
          2591.5 1
             :
          2594.5 1
          2595.5 1
             :
          2598.5 1
             :
          2600.5 2
             :
          2604.5 1
             :
          2611.5 1
             :
          2614.5 1
             :
          2616.5 1
             :
          2623.5 1
          2624.5 1
          2625.5 1
             :
          2628.5 1
             :
          2640.5 1
          2641.5 1
          2642.5 2
             :
          2645.5 1
             :
          2647.5 1
             :
          2654.5 3
          2655.5 1
             :
          2657.5 1
             :
          2659.5 3
          2660.5 1
             :
          2669.5 1
             :
          2671.5 1
          2672.5 3
             :
          2675.5 1
          2676.5 1
             :
          2678.5 2
             :
          2682.5 1
             :
          2686.5 2
             :
          2688.5 1
             :
          2692.5 1
             :
          2695.5 1
             :
          2698.5 1
          2699.5 1
          2700.5 1
             :
          2704.5 1
          2705.5 1
             :
          2714.5 1
             :
          2716.5 1
             :
          2720.5 1
             :
          2728.5 1
             :
          2731.5 1
             :
          2734.5 1
          2735.5 2
          2736.5 1
             :
          2738.5 2
          2739.5 1
             :
          2743.5 1
             :
          2745.5 2
          2746.5 1
             :
          2757.5 2
          2758.5 1
             :
          2770.5 2
             :
          2776.5 1
             :
          2780.5 1
             :
          2788.5 1
             :
          2790.5 1
             :
          2796.5 1
             :
          2800.5 1
             :
          2807.5 1
          2808.5 1
             :
          2810.5 1
             :
          2820.5 2
             :
          2823.5 1
             :
          2826.5 1
          2827.5 1
          2828.5 2
             :
          2834.5 2
             :
          2836.5 1
          2837.5 2
             :
          2850.5 2
          2851.5 1
             :
          2853.5 1
             :
          2860.5 1
             :
          2862.5 1
             :
          2868.5 1
             :
          2873.5 1
             :
          2876.5 1
             :
          2886.5 1
             :
          2890.5 1
             :
          2897.5 1
             :
          2899.5 1
          2900.5 1
             :
          2902.5 2
             :
          2907.5 1
             :
          2911.5 1
             :
          2917.5 1
             :
          2919.5 1
          2920.5 1
             :
          2923.5 1
          2924.5 1
             :
          2930.5 1
             :
          2932.5 1
             :
          2943.5 1
             :
          2954.5 2
             :
          2959.5 1
             :
          2964.5 1
             :
          2966.5 1
             :
          2974.5 1
             :
          2978.5 1
             :
          2981.5 1
             :
          2984.5 1
          2985.5 1
             :
          2992.5 1
             :
          2997.5 2
             :
          3003.5 1
             :
          3012.5 1
             :
          3015.5 1
             :
          3018.5 1
             :
          3020.5 2
             :
          3024.5 1
             :
          3029.5 1
          3030.5 1
             :
          3032.5 1
             :
          3037.5 2
             :
          3043.5 1
             :
          3047.5 2
             :
          3055.5 1
             :
          3068.5 1
             :
          3080.5 1
          3081.5 1
             :
          3091.5 1
          3092.5 1
             :
          3095.5 1
             :
          3100.5 1
             :
          3103.5 1
          3104.5 1
             :
          3106.5 1
             :
          3117.5 1
          3118.5 1
             :
          3123.5 1
             :
          3129.5 1
             :
          3131.5 1
             :
          3137.5 1
          3138.5 1
          3139.5 1
             :
          3143.5 1
             :
          3150.5 1
             :
          3154.5 1
             :
          3157.5 1
             :
          3162.5 1
             :
          3175.5 2
             :
          3179.5 1
             :
          3193.5 1
             :
          3210.5 1
             :
          3213.5 1
             :
          3218.5 1
             :
          3221.5 1
             :
          3230.5 3
             :
          3236.5 1
             :
          3240.5 1
             :
          3242.5 1
             :
          3246.5 2
             :
          3254.5 1
             :
          3260.5 1
             :
          3268.5 1
          3269.5 1
             :
          3271.5 1
          3272.5 1
             :
          3275.5 1
             :
          3288.5 1
             :
          3298.5 2
             :
          3310.5 1
             :
          3316.5 1
             :
          3318.5 1
             :
          3325.5 1
             :
          3330.5 1
             :
          3338.5 1
             :
          3349.5 1
             :
          3354.5 1
             :
          3360.5 1
          3361.5 2
             :
          3375.5 1
             :
          3382.5 1
             :
          3384.5 1
          3385.5 1
             :
          3392.5 1
          3393.5 2
             :
          3402.5 1
             :
          3406.5 1
             :
          3419.5 1
             :
          3424.5 1
             :
          3438.5 1
             :
          3442.5 1
             :
          3449.5 1
             :
          3451.5 1
             :
          3454.5 2
             :
          3459.5 2
             :
          3461.5 2
             :
          3467.5 1
             :
          3471.5 1
             :
          3473.5 2
             :
          3480.5 1
          3481.5 1
             :
          3488.5 1
             :
          3497.5 1
          3498.5 1
             :
          3500.5 1
             :
          3507.5 1
          3508.5 1
          3509.5 1
             :
          3522.5 1
          3523.5 1
          3524.5 1
             :
          3526.5 1
             :
          3528.5 1
             :
          3536.5 3
          3537.5 1
             :
          3544.5 1
          3545.5 2
             :
          3547.5 1
             :
          3552.5 1
             :
          3558.5 1
             :
          3564.5 1
             :
          3570.5 1
          3571.5 1
          3572.5 1
          3573.5 1
             :
          3578.5 1
          3579.5 2
             :
          3581.5 1
             :
          3587.5 1
             :
          3589.5 1
             :
          3596.5 1
             :
          3599.5 1
             :
          3601.5 1
          3602.5 1
             :
          3606.5 1
             :
          3610.5 1
             :
          3612.5 1
          3613.5 1
             :
          3616.5 2
             :
          3621.5 1
          3622.5 1
             :
          3625.5 1
             :
          3627.5 1
             :
          3629.5 1
             :
          3633.5 1
             :
          3639.5 1
          3640.5 1
             :
          3644.5 1
          3645.5 2
             :
          3656.5 1
          3657.5 2
             :
          3659.5 1
             :
          3665.5 1
             :
          3667.5 1
          3668.5 3
             :
          3676.5 2
             :
          3681.5 1
          3682.5 1
             :
          3688.5 1
             :
          3692.5 1
             :
          3695.5 1
             :
          3698.5 1
          3699.5 1
             :
          3702.5 1
             :
          3706.5 1
             :
          3715.5 2
             :
          3718.5 1
             :
          3724.5 1
             :
          3728.5 1
             :
          3732.5 1
             :
          3739.5 1
             :
          3742.5 1
             :
          3748.5 1
             :
          3752.5 1
          3753.5 1
             :
          3755.5 1
             :
          3759.5 3
          3760.5 1
             :
          3765.5 1
             :
          3777.5 1
             :
          3788.5 1
             :
          3793.5 1
             :
          3796.5 1
          3797.5 1
             :
          3809.5 1
          3810.5 1
             :
          3812.5 1
             :
          3816.5 1
          3817.5 2
             :
          3821.5 2
             :
          3830.5 1
             :
          3832.5 1
             :
          3834.5 1
             :
          3839.5 1
             :
          3843.5 1
          3844.5 1
             :
          3849.5 1
             :
          3853.5 1
             :
          3856.5 1
             :
          3859.5 1
             :
          3866.5 1
          3867.5 1
             :
          3872.5 2
             :
          3878.5 1
             :
          3885.5 1
             :
          3888.5 1
             :
          3895.5 1
          3896.5 2
          3897.5 1
          3898.5 1
          3899.5 1
          3900.5 1
             :
          3903.5 1
             :
          3905.5 1
             :
          3911.5 1
             :
          3921.5 1
             :
          3935.5 1
             :
          3939.5 2
             :
          3947.5 1
             :
          3949.5 1
          3950.5 1
             :
          3961.5 1
             :
          3965.5 1
             :
          3968.5 1
             :
          3971.5 1
             :
          3978.5 1
             :
          3983.5 1
             :
          3985.5 1
          3986.5 2
             :
          3993.5 1
             :
          3997.5 3
             :
          4001.5 1
             :
          4004.5 1
          4005.5 1
          4006.5 1
             :
          4008.5 1
             :
          4010.5 1
             :
          4017.5 1
             :
          4039.5 1
             :
          4049.5 1
             :
          4058.5 1
             :
          4060.5 1
             :
          4063.5 1
             :
          4066.5 1
             :
          4072.5 1
             :
          4076.5 1
             :
          4078.5 1
          4079.5 1
             :
          4086.5 1
             :
          4096.5 1
             :
          4103.5 1
             :
          4118.5 1
             :
          4120.5 1
             :
          4123.5 1
             :
          4126.5 1
          4127.5 1
             :
          4130.5 1
          4131.5 1
             :
          4134.5 1
             :
          4136.5 2
             :
          4138.5 1
             :
          4142.5 1
             :
          4146.5 1
             :
          4148.5 1
             :
          4151.5 1
             :
          4159.5 1
             :
          4162.5 2
             :
          4167.5 1
             :
          4169.5 1
             :
          4175.5 1
             :
          4183.5 1
             :
          4189.5 1
          4190.5 1
             :
          4192.5 1
             :
          4202.5 2
          4203.5 1
          4204.5 1
          4205.5 1
             :
          4207.5 1
             :
          4209.5 1
             :
          4211.5 1
             :
          4213.5 1
             :
          4219.5 1
             :
          4226.5 1
             :
          4230.5 2
          4231.5 2
             :
          4236.5 1
             :
          4238.5 1
             :
          4246.5 1
             :
          4251.5 1
             :
          4257.5 1
             :
          4264.5 1
             :
          4272.5 1
             :
          4285.5 1
             :
          4291.5 1
             :
          4301.5 1
             :
          4310.5 1
             :
          4317.5 1
          4318.5 1
             :
          4331.5 1
             :
          4335.5 1
          4336.5 1
             :
          4341.5 1
             :
          4355.5 1
             :
          4357.5 1
             :
          4361.5 1
             :
          4364.5 1
             :
          4368.5 1
          4369.5 1
             :
          4375.5 1
             :
          4377.5 1
             :
          4382.5 1
          4383.5 1
             :
          4390.5 1
             :
          4399.5 3
             :
          4401.5 1
             :
          4404.5 1
             :
          4411.5 1
             :
          4415.5 2
             :
          4421.5 1
          4422.5 1
             :
          4443.5 1
             :
          4461.5 1
             :
          4466.5 1
             :
          4473.5 1
          4474.5 1
          4475.5 1
             :
          4481.5 1
             :
          4485.5 1
             :
          4489.5 2
             :
          4510.5 1
             :
          4514.5 1
             :
          4520.5 1
             :
          4524.5 1
          4525.5 1
             :
          4534.5 1
             :
          4536.5 1
          4537.5 1
             :
          4543.5 1
             :
          4551.5 1
             :
          4560.5 1
             :
          4565.5 1
             :
          4577.5 1
             :
          4586.5 1
             :
          4595.5 1
          4596.5 1
          4597.5 2
             :
          4599.5 1
             :
          4618.5 1
             :
          4624.5 1
             :
          4633.5 1
          4634.5 1
             :
          4643.5 1
             :
          4647.5 1
             :
          4665.5 1
             :
          4675.5 1
             :
          4701.5 2
             :
          4708.5 1
             :
          4710.5 1
          4711.5 1
             :
          4716.5 1
             :
          4729.5 1
             :
          4762.5 1
          4763.5 1
             :
          4769.5 2
             :
          4776.5 1
             :
          4780.5 1
             :
          4783.5 1
             :
          4785.5 2
             :
          4796.5 1
          4797.5 1
             :
          4799.5 1
             :
          4806.5 1
             :
          4813.5 1
          4814.5 1
             :
          4822.5 1
             :
          4824.5 2
             :
          4832.5 1
             :
          4838.5 1
             :
          4841.5 1
             :
          4850.5 1
          4851.5 1
          4852.5 1
             :
          4861.5 1
             :
          4868.5 1
             :
          4871.5 1
             :
          4874.5 1
             :
          4884.5 1
             :
          4894.5 1
             :
          4897.5 1
             :
          4905.5 1
             :
          4910.5 1
             :
          4923.5 1
             :
          4977.5 1
             :
          5014.5 1
          5015.5 1
             :
          5019.5 2
             :
          5031.5 1
             :
          5035.5 1
             :
          5039.5 1
             :
          5043.5 1
             :
          5055.5 1
             :
          5062.5 2
             :
          5069.5 1
             :
          5074.5 1
             :
          5091.5 1
             :
          5097.5 1
          5098.5 1
             :
          5115.5 1
             :
          5119.5 1
             :
          5128.5 1
             :
          5136.5 1
             :
          5146.5 1
             :
          5160.5 1
             :
          5165.5 1
             :
          5169.5 1
             :
          5178.5 1
          5179.5 1
             :
          5200.5 1
             :
          5208.5 1
             :
          5215.5 1
             :
          5230.5 1
             :
          5243.5 1
             :
          5260.5 1
             :
          5270.5 1
             :
          5275.5 1
             :
          5282.5 1
             :
          5310.5 1
          5311.5 1
             :
          5318.5 1
             :
          5328.5 1
             :
          5339.5 1
             :
          5349.5 1
             :
          5351.5 1
             :
          5353.5 1
             :
          5366.5 1
             :
          5403.5 1
             :
          5412.5 1
             :
          5424.5 1
             :
          5427.5 1
             :
          5440.5 1
          5441.5 1
             :
          5445.5 1
             :
          5497.5 1
             :
          5549.5 1
             :
          5589.5 1
             :
          5605.5 1
             :
          5626.5 1
             :
          5658.5 1
             :
          5676.5 1
             :
          5714.5 1
             :
          5726.5 1
             :
          5739.5 1
             :
          5786.5 1
             :
          5797.5 1
             :
          5876.5 1
             :
          5899.5 1
             :
          5914.5 1
             :
          5944.5 1
             :
          5965.5 1
             :
          6211.5 1
             :
          6230.5 1
             :
          6336.5 1
             :
          6513.5 1
             :
          6544.5 1
             :
          6570.5 1
             :
          6646.5 1
             :
          6654.5 1
             :
          6752.5 1
             :
          6757.5 1
             :
          6789.5 1
             :
          6875.5 1
             :
          7024.5 1
             :
          7029.5 2
             :
          7122.5 1
             :
          7167.5 1
             :
          7172.5 1
             :
          7304.5 1
             :
          7481.5 1
             :
          7509.5 1
             :
          7614.5 1
             :
          7618.5 1
             :
          7645.5 1
             :
          7681.5 1
             :
          7685.5 1
             :
          7743.5 1
             :
          7748.5 1
             :
          7802.5 1
             :
          7942.5 1
          7943.5 1
             :
          7949.5 1
             :
          8056.5 1
             :
          8076.5 1
             :
          8101.5 1
             :
          8104.5 1
             :
          8122.5 1
             :
          8128.5 1
             :
          8174.5 1
             :
          8276.5 1
             :
          8319.5 1
             :
          8453.5 1
             :
          8666.5 1
             :
         12242.5 1
             :
         12402.5 2

Total: connections 5760 requests 5760 replies 5760 test-duration 242.349 s

Connection rate: 23.8 conn/s (42.1 ms/conn, <=76 concurrent connections)
Connection time [ms]: min 10.0 avg 907.2 max 12402.5 median 26.5 stddev 1410.2
Connection time [ms]: connect 75.2
Connection length [replies/conn]: 1.000

Request rate: 23.8 req/s (42.1 ms/req)
Request size [B]: 67.0

Reply rate [replies/s]: min 5.0 avg 23.8 max 43.0 stddev 6.8 (242 samples)
Percentages of the replies served at a given rate:
   50%: 23
   66%: 25
   75%: 27
   80%: 29
   90%: 31
   95%: 35
   98%: 38
   99%: 41
  100%: 43

Reply time [ms]: response 804.3 transfer 27.6
Percentages of the requests served within a certain time (ms) :
   50%: 24
   66%: 758
   75%: 1158
   80%: 1530
   90%: 2606
   95%: 3665
   98%: 4536
   99%: 5014
  100%: 5943

Reply size [B]: header 163.0 content 72.0 footer 1.0 (total 236.0)
Reply status: 1xx=0 2xx=5760 3xx=0 4xx=0 5xx=0

CPU time [s]: user 162.79 system 79.11 (user 67.2% system 32.6% total 99.8%)
Net I/O: 7.0 KB/s (0.1*10^6 bps)

Errors: total 0 client-timo 0 socket-timo 0 connrefused 0 connreset 0
Errors: fd-unavail 0 addrunavail 0 ftab-full 0 other 0

