httperf --verbose --hog --timeout=50 --client=0/1 --server=172.16.116.116 --port=8080 --uri=/ --rate=24 --send-buffer=4096 --recv-buffer=16384 --num-conns=5760 --num-calls=1
httperf: maximum number of open descriptors = 65535
Maximum connect burst length: 1

Connection lifetime histogram (time in ms):
             :
             9.5 1
            10.5 498
            11.5 723
            12.5 355
            13.5 187
            14.5 163
            15.5 330
            16.5 303
            17.5 129
            18.5 53
            19.5 37
            20.5 32
            21.5 29
            22.5 27
            23.5 25
            24.5 16
            25.5 19
            26.5 20
            27.5 18
            28.5 14
            29.5 15
            30.5 8
            31.5 7
            32.5 11
            33.5 9
            34.5 9
            35.5 7
            36.5 10
            37.5 7
            38.5 7
            39.5 9
            40.5 3
            41.5 5
            42.5 6
            43.5 5
            44.5 7
            45.5 5
            46.5 6
            47.5 7
            48.5 1
            49.5 8
            50.5 2
            51.5 3
            52.5 6
            53.5 4
            54.5 5
            55.5 4
            56.5 8
            57.5 2
            58.5 3
            59.5 2
            60.5 1
            61.5 3
            62.5 4
            63.5 2
            64.5 5
            65.5 3
            66.5 1
            67.5 1
            68.5 4
            69.5 1
            70.5 2
            71.5 3
            72.5 3
            73.5 1
            74.5 2
            75.5 3
            76.5 1
            77.5 2
            78.5 3
             :
            80.5 4
            81.5 2
            82.5 2
            83.5 1
            84.5 2
            85.5 3
            86.5 3
            87.5 2
            88.5 1
            89.5 1
             :
            92.5 2
            93.5 1
            94.5 1
             :
            96.5 2
            97.5 1
            98.5 3
            99.5 1
             :
           101.5 2
             :
           103.5 2
             :
           105.5 1
           106.5 1
           107.5 1
           108.5 2
             :
           112.5 2
           113.5 4
           114.5 1
           115.5 1
             :
           118.5 1
             :
           121.5 1
             :
           123.5 2
             :
           126.5 1
           127.5 1
             :
           133.5 1
             :
           139.5 1
             :
           145.5 1
             :
           147.5 2
             :
           151.5 1
             :
           154.5 1
           155.5 1
           156.5 1
           157.5 1
             :
           162.5 1
             :
           176.5 1
             :
           178.5 1
             :
           184.5 1
             :
           186.5 1
             :
           193.5 1
           194.5 1
           195.5 1
             :
           198.5 1
             :
           200.5 1
             :
           206.5 1
             :
           221.5 1
             :
           228.5 1
             :
           236.5 1
             :
           240.5 1
             :
           244.5 2
             :
           253.5 1
             :
           258.5 1
             :
           264.5 1
             :
           273.5 1
             :
           279.5 2
             :
           294.5 1
             :
           307.5 1
             :
           319.5 1
           320.5 1
             :
           322.5 1
             :
           329.5 1
             :
           332.5 1
             :
           341.5 1
             :
           346.5 1
             :
           351.5 1
           352.5 1
             :
           357.5 1
             :
           359.5 1
             :
           367.5 1
             :
           376.5 1
             :
           379.5 1
             :
           382.5 1
             :
           392.5 1
             :
           394.5 2
             :
           398.5 1
             :
           414.5 2
           415.5 1
             :
           419.5 1
             :
           425.5 1
             :
           429.5 1
             :
           435.5 2
           436.5 1
             :
           438.5 1
             :
           442.5 1
           443.5 1
             :
           452.5 1
             :
           456.5 1
             :
           461.5 2
             :
           469.5 1
             :
           471.5 1
             :
           476.5 1
             :
           479.5 2
             :
           482.5 1
             :
           484.5 1
             :
           486.5 1
           487.5 1
             :
           490.5 1
             :
           493.5 2
             :
           495.5 1
           496.5 1
           497.5 1
             :
           499.5 2
           500.5 1
             :
           502.5 1
           503.5 1
             :
           512.5 1
             :
           514.5 1
             :
           517.5 1
             :
           519.5 1
           520.5 2
             :
           522.5 1
           523.5 1
           524.5 2
             :
           526.5 1
             :
           529.5 1
             :
           532.5 2
           533.5 1
             :
           538.5 1
             :
           543.5 2
             :
           546.5 1
           547.5 3
             :
           550.5 1
           551.5 1
           552.5 1
           553.5 3
             :
           556.5 1
           557.5 2
             :
           563.5 1
           564.5 2
           565.5 1
           566.5 1
             :
           568.5 1
             :
           570.5 1
             :
           572.5 1
             :
           574.5 1
           575.5 1
           576.5 1
           577.5 2
           578.5 2
           579.5 1
             :
           582.5 1
           583.5 2
           584.5 1
           585.5 1
           586.5 2
             :
           588.5 1
             :
           591.5 1
           592.5 1
             :
           594.5 1
           595.5 2
           596.5 1
           597.5 4
           598.5 2
           599.5 1
           600.5 2
           601.5 1
           602.5 3
           603.5 1
           604.5 1
             :
           606.5 1
             :
           608.5 1
           609.5 1
           610.5 1
           611.5 1
           612.5 3
           613.5 4
           614.5 1
           615.5 2
           616.5 1
           617.5 2
           618.5 1
             :
           620.5 1
             :
           622.5 2
           623.5 1
             :
           626.5 2
           627.5 2
           628.5 1
             :
           630.5 4
           631.5 2
           632.5 1
           633.5 2
           634.5 1
           635.5 2
           636.5 1
           637.5 1
             :
           639.5 1
           640.5 1
           641.5 3
           642.5 2
           643.5 3
           644.5 2
           645.5 2
           646.5 1
             :
           649.5 1
           650.5 5
           651.5 1
           652.5 2
           653.5 2
           654.5 2
           655.5 5
           656.5 2
           657.5 3
           658.5 2
           659.5 2
           660.5 2
           661.5 1
           662.5 3
           663.5 5
           664.5 3
           665.5 2
           666.5 1
           667.5 3
           668.5 5
           669.5 2
           670.5 2
           671.5 2
           672.5 3
           673.5 1
           674.5 2
           675.5 1
           676.5 1
           677.5 2
           678.5 2
           679.5 1
           680.5 1
           681.5 1
             :
           683.5 1
           684.5 4
           685.5 1
             :
           687.5 3
           688.5 3
             :
           690.5 2
           691.5 3
           692.5 2
           693.5 1
           694.5 3
           695.5 1
           696.5 1
           697.5 3
           698.5 2
           699.5 4
           700.5 3
           701.5 5
             :
           704.5 1
           705.5 3
           706.5 1
           707.5 5
           708.5 1
           709.5 2
             :
           711.5 2
           712.5 3
           713.5 2
           714.5 5
           715.5 2
           716.5 5
             :
           719.5 6
           720.5 6
           721.5 6
           722.5 5
           723.5 5
             :
           725.5 1
           726.5 1
           727.5 1
           728.5 5
           729.5 2
           730.5 3
           731.5 1
           732.5 1
           733.5 2
           734.5 2
           735.5 2
           736.5 3
           737.5 7
           738.5 4
             :
           740.5 2
           741.5 3
           742.5 1
           743.5 4
           744.5 1
           745.5 1
           746.5 3
             :
           749.5 2
           750.5 3
           751.5 2
           752.5 1
           753.5 1
           754.5 3
           755.5 7
           756.5 2
           757.5 2
           758.5 4
           759.5 4
             :
           762.5 5
           763.5 4
           764.5 2
           765.5 3
           766.5 2
           767.5 2
           768.5 3
           769.5 3
           770.5 2
           771.5 2
           772.5 1
           773.5 2
           774.5 2
           775.5 1
           776.5 2
           777.5 2
           778.5 2
             :
           780.5 6
           781.5 4
           782.5 1
           783.5 3
           784.5 4
           785.5 2
           786.5 1
           787.5 2
           788.5 2
           789.5 1
           790.5 2
           791.5 1
           792.5 1
             :
           794.5 1
             :
           796.5 2
           797.5 2
             :
           799.5 3
             :
           801.5 5
           802.5 2
           803.5 4
           804.5 1
           805.5 2
           806.5 5
           807.5 4
           808.5 2
           809.5 5
           810.5 1
           811.5 1
           812.5 2
           813.5 2
             :
           815.5 3
           816.5 3
           817.5 4
           818.5 1
           819.5 2
             :
           821.5 4
           822.5 1
           823.5 2
           824.5 5
           825.5 2
           826.5 2
             :
           828.5 2
           829.5 1
           830.5 5
           831.5 1
             :
           833.5 1
           834.5 2
           835.5 3
           836.5 4
           837.5 2
           838.5 1
           839.5 3
           840.5 1
           841.5 1
           842.5 4
             :
           844.5 3
           845.5 4
           846.5 4
           847.5 3
           848.5 2
           849.5 4
           850.5 1
           851.5 2
           852.5 3
           853.5 3
             :
           857.5 2
           858.5 4
             :
           860.5 1
           861.5 6
           862.5 1
           863.5 4
             :
           865.5 3
           866.5 5
           867.5 1
           868.5 3
             :
           870.5 2
           871.5 5
           872.5 2
             :
           874.5 3
           875.5 2
           876.5 1
             :
           878.5 2
           879.5 3
             :
           881.5 2
           882.5 2
           883.5 2
           884.5 2
           885.5 2
           886.5 2
           887.5 1
           888.5 1
           889.5 2
             :
           891.5 1
           892.5 1
           893.5 2
           894.5 3
             :
           898.5 1
           899.5 1
           900.5 1
           901.5 3
           902.5 2
           903.5 1
           904.5 3
           905.5 1
           906.5 3
           907.5 2
             :
           909.5 3
             :
           911.5 2
           912.5 1
           913.5 1
             :
           915.5 3
           916.5 1
           917.5 1
           918.5 1
           919.5 1
             :
           921.5 3
           922.5 1
             :
           924.5 1
             :
           927.5 1
           928.5 1
           929.5 1
           930.5 1
           931.5 2
             :
           933.5 3
           934.5 1
             :
           936.5 2
             :
           938.5 4
             :
           940.5 3
             :
           945.5 3
           946.5 2
           947.5 3
           948.5 1
           949.5 1
             :
           951.5 3
           952.5 1
           953.5 1
           954.5 1
           955.5 3
           956.5 2
           957.5 1
           958.5 2
             :
           961.5 1
             :
           964.5 3
             :
           968.5 2
             :
           971.5 2
           972.5 1
             :
           976.5 5
             :
           979.5 1
           980.5 1
           981.5 1
             :
           983.5 4
           984.5 2
           985.5 2
           986.5 1
           987.5 1
             :
           989.5 2
           990.5 2
             :
           992.5 1
           993.5 1
           994.5 2
           995.5 2
           996.5 4
           997.5 3
             :
          1000.5 2
             :
          1003.5 2
             :
          1005.5 1
             :
          1007.5 2
          1008.5 1
             :
          1012.5 1
          1013.5 1
          1014.5 3
          1015.5 1
          1016.5 3
          1017.5 3
          1018.5 2
          1019.5 1
          1020.5 1
          1021.5 3
          1022.5 1
          1023.5 3
          1024.5 3
          1025.5 4
          1026.5 1
          1027.5 1
          1028.5 1
             :
          1031.5 1
          1032.5 1
          1033.5 1
          1034.5 2
          1035.5 2
             :
          1037.5 2
             :
          1039.5 1
             :
          1041.5 1
          1042.5 1
          1043.5 1
          1044.5 1
             :
          1046.5 2
          1047.5 1
          1048.5 1
          1049.5 3
          1050.5 1
             :
          1053.5 1
          1054.5 1
          1055.5 2
          1056.5 2
             :
          1059.5 2
             :
          1061.5 1
          1062.5 2
          1063.5 1
          1064.5 2
             :
          1066.5 1
          1067.5 4
          1068.5 2
          1069.5 1
          1070.5 2
          1071.5 5
          1072.5 1
          1073.5 1
          1074.5 1
          1075.5 1
             :
          1077.5 2
          1078.5 1
          1079.5 2
          1080.5 1
          1081.5 1
             :
          1083.5 1
          1084.5 1
          1085.5 2
          1086.5 2
             :
          1088.5 1
             :
          1090.5 1
          1091.5 2
          1092.5 1
             :
          1097.5 2
          1098.5 1
          1099.5 1
          1100.5 2
             :
          1103.5 2
             :
          1108.5 1
             :
          1110.5 2
          1111.5 2
             :
          1114.5 1
          1115.5 1
          1116.5 1
          1117.5 1
          1118.5 1
             :
          1120.5 2
          1121.5 1
          1122.5 3
          1123.5 1
             :
          1125.5 1
             :
          1127.5 1
             :
          1129.5 1
          1130.5 1
             :
          1132.5 3
          1133.5 1
          1134.5 1
          1135.5 1
          1136.5 1
          1137.5 3
          1138.5 1
             :
          1141.5 1
          1142.5 2
          1143.5 1
          1144.5 2
             :
          1146.5 2
             :
          1149.5 1
             :
          1151.5 1
             :
          1154.5 1
          1155.5 1
          1156.5 1
             :
          1159.5 2
          1160.5 1
          1161.5 1
          1162.5 2
          1163.5 1
          1164.5 4
             :
          1166.5 1
          1167.5 1
             :
          1169.5 1
             :
          1171.5 1
          1172.5 1
             :
          1174.5 1
          1175.5 1
          1176.5 2
          1177.5 4
          1178.5 2
             :
          1180.5 1
          1181.5 1
          1182.5 2
             :
          1185.5 2
          1186.5 1
             :
          1191.5 3
          1192.5 1
          1193.5 2
          1194.5 3
          1195.5 1
          1196.5 2
             :
          1203.5 2
             :
          1206.5 2
             :
          1209.5 1
             :
          1211.5 2
          1212.5 1
          1213.5 2
          1214.5 1
          1215.5 1
          1216.5 1
          1217.5 1
          1218.5 1
             :
          1220.5 3
          1221.5 1
          1222.5 1
             :
          1224.5 1
             :
          1228.5 2
             :
          1230.5 2
             :
          1236.5 1
          1237.5 3
          1238.5 1
          1239.5 1
             :
          1243.5 1
          1244.5 2
             :
          1247.5 1
             :
          1249.5 1
          1250.5 3
          1251.5 1
             :
          1253.5 3
          1254.5 1
             :
          1259.5 1
             :
          1261.5 1
             :
          1264.5 1
          1265.5 1
             :
          1268.5 1
             :
          1270.5 1
          1271.5 1
             :
          1273.5 1
          1274.5 1
          1275.5 1
             :
          1278.5 1
             :
          1282.5 1
          1283.5 2
          1284.5 1
          1285.5 3
             :
          1287.5 2
             :
          1290.5 1
          1291.5 1
          1292.5 1
             :
          1294.5 1
          1295.5 1
             :
          1297.5 1
             :
          1303.5 1
          1304.5 1
             :
          1306.5 1
             :
          1308.5 1
          1309.5 1
             :
          1311.5 1
          1312.5 3
          1313.5 3
             :
          1315.5 1
             :
          1319.5 2
          1320.5 3
          1321.5 1
          1322.5 2
          1323.5 1
             :
          1326.5 1
             :
          1329.5 3
          1330.5 1
             :
          1333.5 1
             :
          1335.5 1
          1336.5 1
          1337.5 2
             :
          1339.5 1
             :
          1341.5 1
             :
          1346.5 1
          1347.5 2
             :
          1349.5 1
          1350.5 1
             :
          1352.5 1
          1353.5 3
          1354.5 3
          1355.5 1
          1356.5 1
             :
          1359.5 1
             :
          1361.5 1
             :
          1363.5 1
          1364.5 1
          1365.5 1
          1366.5 1
          1367.5 2
             :
          1374.5 1
             :
          1376.5 1
          1377.5 1
          1378.5 1
             :
          1382.5 1
             :
          1386.5 1
          1387.5 1
             :
          1392.5 1
          1393.5 3
          1394.5 2
          1395.5 1
          1396.5 1
          1397.5 1
             :
          1399.5 1
          1400.5 1
          1401.5 1
          1402.5 1
          1403.5 1
             :
          1405.5 2
             :
          1407.5 1
          1408.5 1
          1409.5 1
             :
          1411.5 1
             :
          1413.5 1
          1414.5 1
             :
          1416.5 1
             :
          1418.5 1
             :
          1422.5 1
          1423.5 2
             :
          1425.5 4
             :
          1429.5 1
             :
          1431.5 1
             :
          1435.5 1
             :
          1440.5 1
          1441.5 1
             :
          1444.5 2
          1445.5 1
          1446.5 1
             :
          1448.5 1
          1449.5 2
          1450.5 2
             :
          1452.5 2
             :
          1454.5 1
             :
          1456.5 2
          1457.5 1
             :
          1461.5 1
             :
          1466.5 1
          1467.5 3
             :
          1469.5 1
             :
          1472.5 1
          1473.5 2
             :
          1475.5 1
          1476.5 1
          1477.5 2
          1478.5 1
             :
          1480.5 1
             :
          1483.5 1
             :
          1486.5 1
          1487.5 1
          1488.5 1
          1489.5 1
          1490.5 1
          1491.5 1
             :
          1495.5 1
          1496.5 1
             :
          1498.5 1
             :
          1500.5 1
             :
          1502.5 1
             :
          1509.5 2
          1510.5 1
          1511.5 1
             :
          1515.5 1
             :
          1521.5 1
          1522.5 1
             :
          1525.5 1
          1526.5 3
             :
          1532.5 1
             :
          1537.5 1
             :
          1541.5 2
             :
          1543.5 1
             :
          1545.5 1
             :
          1549.5 2
             :
          1552.5 1
          1553.5 2
             :
          1555.5 1
             :
          1562.5 1
             :
          1566.5 1
             :
          1570.5 1
          1571.5 1
             :
          1573.5 2
             :
          1579.5 1
             :
          1584.5 1
             :
          1594.5 1
          1595.5 1
             :
          1598.5 1
             :
          1600.5 1
             :
          1603.5 2
             :
          1607.5 3
             :
          1610.5 1
          1611.5 1
          1612.5 2
             :
          1617.5 2
             :
          1619.5 2
             :
          1625.5 1
             :
          1627.5 1
             :
          1629.5 1
             :
          1633.5 1
          1634.5 1
             :
          1636.5 2
             :
          1641.5 1
             :
          1644.5 2
             :
          1647.5 2
             :
          1650.5 1
             :
          1652.5 1
             :
          1657.5 1
             :
          1665.5 1
          1666.5 1
             :
          1668.5 1
             :
          1670.5 1
          1671.5 1
             :
          1674.5 2
          1675.5 1
             :
          1677.5 1
             :
          1687.5 1
             :
          1697.5 1
          1698.5 1
          1699.5 2
             :
          1704.5 1
          1705.5 2
             :
          1708.5 1
             :
          1710.5 2
             :
          1715.5 1
          1716.5 1
             :
          1722.5 1
          1723.5 1
          1724.5 2
             :
          1727.5 1
             :
          1729.5 1
          1730.5 1
             :
          1732.5 1
             :
          1734.5 1
             :
          1737.5 1
             :
          1749.5 1
             :
          1753.5 1
             :
          1755.5 1
          1756.5 1
          1757.5 1
          1758.5 2
          1759.5 1
          1760.5 1
             :
          1764.5 1
             :
          1767.5 1
             :
          1770.5 1
             :
          1777.5 1
             :
          1781.5 1
             :
          1787.5 1
             :
          1790.5 1
             :
          1792.5 1
             :
          1796.5 1
             :
          1804.5 1
          1805.5 2
             :
          1810.5 1
          1811.5 1
             :
          1813.5 3
             :
          1817.5 1
             :
          1823.5 2
             :
          1825.5 2
             :
          1828.5 1
             :
          1830.5 1
             :
          1833.5 1
          1834.5 1
             :
          1839.5 1
             :
          1842.5 1
             :
          1844.5 1
          1845.5 1
             :
          1849.5 1
             :
          1853.5 2
          1854.5 2
          1855.5 2
             :
          1866.5 1
             :
          1868.5 1
             :
          1871.5 1
          1872.5 1
          1873.5 2
          1874.5 1
          1875.5 1
             :
          1877.5 1
          1878.5 2
          1879.5 1
             :
          1883.5 1
          1884.5 1
          1885.5 2
             :
          1887.5 2
          1888.5 2
          1889.5 1
          1890.5 1
             :
          1893.5 1
             :
          1895.5 1
             :
          1897.5 1
             :
          1899.5 1
             :
          1903.5 2
             :
          1907.5 2
             :
          1913.5 1
          1914.5 2
             :
          1916.5 1
             :
          1922.5 1
             :
          1925.5 2
             :
          1933.5 1
             :
          1939.5 2
          1940.5 1
          1941.5 1
          1942.5 1
             :
          1946.5 2
             :
          1948.5 1
             :
          1950.5 2
             :
          1953.5 1
             :
          1955.5 2
             :
          1958.5 1
          1959.5 1
             :
          1961.5 1
          1962.5 1
             :
          1965.5 1
          1966.5 1
             :
          1968.5 2
             :
          1971.5 1
             :
          1973.5 1
          1974.5 1
             :
          1977.5 1
             :
          1982.5 1
             :
          1986.5 1
          1987.5 1
             :
          1991.5 1
             :
          1996.5 1
          1997.5 1
             :
          1999.5 1
             :
          2001.5 1
             :
          2003.5 1
          2004.5 1
          2005.5 1
             :
          2010.5 1
             :
          2013.5 1
             :
          2016.5 1
          2017.5 1
          2018.5 2
             :
          2020.5 1
             :
          2022.5 1
          2023.5 1
          2024.5 1
             :
          2026.5 3
             :
          2036.5 1
             :
          2042.5 1
          2043.5 2
             :
          2047.5 1
             :
          2050.5 1
             :
          2056.5 1
             :
          2059.5 4
             :
          2061.5 2
          2062.5 1
             :
          2064.5 2
             :
          2066.5 1
          2067.5 2
             :
          2070.5 1
             :
          2073.5 1
          2074.5 1
             :
          2077.5 1
             :
          2080.5 1
          2081.5 1
          2082.5 2
             :
          2084.5 2
             :
          2087.5 1
             :
          2089.5 1
          2090.5 1
             :
          2094.5 1
          2095.5 1
             :
          2097.5 1
             :
          2100.5 1
             :
          2106.5 1
             :
          2108.5 2
          2109.5 1
          2110.5 1
             :
          2112.5 1
             :
          2115.5 1
          2116.5 1
             :
          2118.5 1
          2119.5 1
          2120.5 1
             :
          2122.5 1
             :
          2127.5 1
          2128.5 1
             :
          2131.5 1
             :
          2133.5 1
          2134.5 1
          2135.5 1
             :
          2139.5 1
          2140.5 2
             :
          2142.5 1
          2143.5 1
          2144.5 2
          2145.5 2
             :
          2151.5 1
             :
          2153.5 1
          2154.5 1
          2155.5 1
             :
          2162.5 1
          2163.5 1
             :
          2166.5 2
          2167.5 1
             :
          2171.5 1
          2172.5 1
             :
          2175.5 1
          2176.5 1
          2177.5 1
          2178.5 1
             :
          2186.5 1
             :
          2188.5 1
             :
          2198.5 1
          2199.5 1
          2200.5 1
          2201.5 1
             :
          2204.5 1
          2205.5 1
             :
          2208.5 2
             :
          2210.5 1
             :
          2212.5 1
             :
          2214.5 1
          2215.5 2
          2216.5 2
          2217.5 1
          2218.5 1
          2219.5 2
             :
          2222.5 1
             :
          2231.5 1
          2232.5 1
             :
          2234.5 2
             :
          2236.5 1
             :
          2238.5 2
          2239.5 1
             :
          2241.5 1
             :
          2244.5 1
             :
          2247.5 2
             :
          2249.5 1
             :
          2251.5 1
             :
          2254.5 1
             :
          2260.5 1
             :
          2267.5 1
             :
          2270.5 1
          2271.5 1
             :
          2282.5 1
             :
          2284.5 1
             :
          2288.5 2
             :
          2293.5 1
          2294.5 1
             :
          2296.5 1
             :
          2299.5 1
             :
          2302.5 1
             :
          2306.5 1
          2307.5 1
          2308.5 2
             :
          2313.5 3
             :
          2315.5 2
             :
          2317.5 1
          2318.5 2
             :
          2324.5 3
          2325.5 1
             :
          2327.5 1
             :
          2333.5 1
             :
          2335.5 1
             :
          2337.5 1
             :
          2339.5 1
          2340.5 4
             :
          2344.5 1
             :
          2348.5 1
             :
          2350.5 1
          2351.5 1
             :
          2354.5 1
             :
          2356.5 3
          2357.5 1
             :
          2359.5 1
             :
          2363.5 2
             :
          2367.5 2
             :
          2369.5 1
             :
          2372.5 1
          2373.5 1
             :
          2379.5 1
          2380.5 1
          2381.5 1
             :
          2386.5 2
             :
          2389.5 1
          2390.5 1
             :
          2393.5 1
             :
          2396.5 2
             :
          2398.5 1
             :
          2409.5 1
             :
          2412.5 1
             :
          2416.5 1
          2417.5 1
             :
          2420.5 1
          2421.5 1
             :
          2424.5 1
             :
          2428.5 2
             :
          2434.5 1
          2435.5 1
             :
          2438.5 1
             :
          2442.5 1
          2443.5 1
             :
          2449.5 2
             :
          2453.5 1
             :
          2455.5 1
             :
          2459.5 2
             :
          2461.5 2
          2462.5 1
             :
          2464.5 2
             :
          2472.5 1
             :
          2475.5 1
          2476.5 1
          2477.5 1
             :
          2479.5 1
             :
          2484.5 1
             :
          2490.5 1
             :
          2492.5 1
          2493.5 1
             :
          2495.5 1
             :
          2501.5 1
          2502.5 1
             :
          2504.5 1
             :
          2507.5 2
             :
          2513.5 1
             :
          2518.5 1
             :
          2521.5 1
             :
          2533.5 1
             :
          2535.5 2
             :
          2537.5 2
             :
          2541.5 1
             :
          2548.5 1
          2549.5 1
             :
          2551.5 1
          2552.5 1
          2553.5 1
             :
          2556.5 1
             :
          2574.5 1
             :
          2580.5 1
             :
          2582.5 1
             :
          2584.5 1
             :
          2587.5 1
             :
          2590.5 1
             :
          2595.5 1
             :
          2598.5 1
             :
          2601.5 1
          2602.5 1
             :
          2605.5 1
             :
          2607.5 1
             :
          2614.5 1
          2615.5 1
             :
          2618.5 1
             :
          2625.5 1
          2626.5 1
             :
          2629.5 1
          2630.5 2
             :
          2633.5 1
          2634.5 1
             :
          2640.5 2
             :
          2647.5 1
             :
          2649.5 1
             :
          2653.5 1
          2654.5 2
          2655.5 2
             :
          2659.5 1
             :
          2661.5 3
             :
          2663.5 1
          2664.5 2
          2665.5 1
             :
          2670.5 1
          2671.5 1
          2672.5 1
             :
          2674.5 1
             :
          2676.5 1
             :
          2678.5 1
             :
          2680.5 1
             :
          2682.5 1
          2683.5 1
             :
          2691.5 2
             :
          2697.5 1
             :
          2700.5 1
             :
          2703.5 1
          2704.5 1
             :
          2712.5 1
             :
          2715.5 2
             :
          2717.5 1
             :
          2721.5 1
             :
          2723.5 1
             :
          2731.5 1
          2732.5 1
             :
          2734.5 2
             :
          2738.5 1
             :
          2744.5 1
             :
          2746.5 1
             :
          2749.5 1
          2750.5 1
             :
          2757.5 1
             :
          2759.5 2
             :
          2761.5 1
             :
          2764.5 2
             :
          2774.5 1
             :
          2776.5 1
             :
          2778.5 1
             :
          2790.5 1
             :
          2793.5 2
             :
          2795.5 1
             :
          2797.5 1
          2798.5 1
          2799.5 1
          2800.5 1
             :
          2803.5 2
             :
          2805.5 1
             :
          2809.5 1
             :
          2813.5 4
          2814.5 1
          2815.5 1
             :
          2817.5 1
             :
          2819.5 1
             :
          2824.5 1
             :
          2826.5 1
             :
          2829.5 1
             :
          2831.5 1
             :
          2835.5 1
             :
          2840.5 1
             :
          2844.5 1
             :
          2846.5 1
             :
          2848.5 1
             :
          2851.5 1
          2852.5 1
             :
          2855.5 1
             :
          2857.5 1
             :
          2859.5 2
          2860.5 1
             :
          2866.5 1
             :
          2873.5 1
             :
          2880.5 1
             :
          2887.5 1
          2888.5 1
          2889.5 1
             :
          2894.5 1
             :
          2896.5 2
             :
          2905.5 1
             :
          2911.5 1
          2912.5 1
             :
          2919.5 1
             :
          2921.5 2
             :
          2929.5 1
             :
          2941.5 1
             :
          2944.5 1
             :
          2948.5 1
          2949.5 1
             :
          2951.5 1
             :
          2957.5 2
          2958.5 1
             :
          2962.5 1
             :
          2966.5 1
             :
          2971.5 1
             :
          2973.5 1
             :
          2975.5 1
             :
          2977.5 1
             :
          2983.5 1
             :
          2987.5 1
          2988.5 1
             :
          2999.5 1
             :
          3003.5 1
             :
          3009.5 1
             :
          3012.5 1
          3013.5 1
             :
          3028.5 1
             :
          3031.5 1
          3032.5 2
             :
          3036.5 1
             :
          3040.5 1
             :
          3043.5 1
          3044.5 1
             :
          3053.5 1
             :
          3057.5 2
             :
          3061.5 2
             :
          3092.5 1
             :
          3096.5 1
             :
          3098.5 1
             :
          3100.5 1
          3101.5 1
             :
          3108.5 1
             :
          3110.5 1
             :
          3121.5 1
             :
          3123.5 2
             :
          3126.5 1
          3127.5 1
          3128.5 1
          3129.5 1
             :
          3132.5 1
             :
          3140.5 1
             :
          3144.5 1
             :
          3150.5 1
          3151.5 1
             :
          3167.5 1
             :
          3169.5 1
             :
          3171.5 1
          3172.5 1
          3173.5 2
             :
          3175.5 1
          3176.5 1
             :
          3182.5 1
             :
          3189.5 1
             :
          3192.5 1
          3193.5 2
             :
          3203.5 3
             :
          3205.5 1
             :
          3218.5 1
             :
          3223.5 2
             :
          3226.5 1
             :
          3228.5 1
             :
          3244.5 1
             :
          3251.5 1
          3252.5 1
             :
          3259.5 1
          3260.5 1
             :
          3262.5 1
          3263.5 1
             :
          3268.5 1
             :
          3275.5 1
             :
          3287.5 1
             :
          3291.5 1
          3292.5 1
             :
          3299.5 1
             :
          3310.5 1
             :
          3317.5 1
             :
          3325.5 1
             :
          3331.5 1
             :
          3335.5 1
          3336.5 1
             :
          3338.5 1
             :
          3343.5 1
             :
          3349.5 1
             :
          3351.5 1
             :
          3356.5 1
             :
          3359.5 1
          3360.5 1
             :
          3362.5 1
             :
          3366.5 1
             :
          3368.5 1
             :
          3372.5 2
             :
          3379.5 1
             :
          3388.5 1
             :
          3390.5 1
             :
          3392.5 1
             :
          3394.5 2
             :
          3398.5 1
             :
          3403.5 1
             :
          3407.5 1
          3408.5 1
             :
          3410.5 1
          3411.5 1
             :
          3418.5 1
             :
          3424.5 1
             :
          3426.5 1
             :
          3429.5 1
             :
          3436.5 1
             :
          3441.5 1
          3442.5 1
             :
          3444.5 1
             :
          3446.5 1
          3447.5 1
             :
          3454.5 1
             :
          3459.5 1
             :
          3466.5 1
             :
          3468.5 1
             :
          3470.5 1
             :
          3474.5 1
          3475.5 2
          3476.5 1
          3477.5 1
          3478.5 1
          3479.5 1
          3480.5 1
             :
          3482.5 1
             :
          3484.5 1
             :
          3489.5 1
          3490.5 1
             :
          3497.5 1
             :
          3502.5 1
             :
          3507.5 1
             :
          3521.5 2
             :
          3527.5 1
          3528.5 1
             :
          3532.5 1
             :
          3537.5 2
             :
          3543.5 1
             :
          3549.5 1
             :
          3551.5 1
             :
          3554.5 1
             :
          3561.5 1
             :
          3566.5 1
             :
          3571.5 1
          3572.5 1
          3573.5 1
             :
          3575.5 1
             :
          3593.5 1
          3594.5 2
             :
          3599.5 1
             :
          3602.5 1
             :
          3607.5 1
             :
          3621.5 1
             :
          3632.5 1
             :
          3639.5 1
             :
          3642.5 1
          3643.5 1
             :
          3645.5 1
          3646.5 1
             :
          3650.5 1
             :
          3659.5 1
             :
          3661.5 1
             :
          3667.5 2
             :
          3674.5 1
             :
          3676.5 2
             :
          3680.5 1
             :
          3686.5 1
             :
          3693.5 1
             :
          3700.5 2
          3701.5 1
             :
          3705.5 2
             :
          3715.5 1
             :
          3717.5 1
             :
          3719.5 1
             :
          3721.5 1
             :
          3726.5 1
             :
          3735.5 1
             :
          3737.5 1
          3738.5 1
             :
          3741.5 2
          3742.5 1
             :
          3745.5 1
             :
          3753.5 1
             :
          3765.5 1
          3766.5 2
             :
          3770.5 1
             :
          3778.5 1
          3779.5 1
             :
          3781.5 1
             :
          3786.5 1
          3787.5 1
             :
          3789.5 1
             :
          3795.5 1
             :
          3798.5 1
             :
          3802.5 1
             :
          3810.5 1
             :
          3813.5 1
             :
          3829.5 2
          3830.5 1
             :
          3832.5 1
             :
          3840.5 1
          3841.5 1
             :
          3843.5 1
          3844.5 1
             :
          3848.5 1
             :
          3856.5 1
             :
          3860.5 1
             :
          3863.5 1
             :
          3880.5 1
          3881.5 1
          3882.5 1
             :
          3886.5 1
          3887.5 1
             :
          3904.5 1
             :
          3923.5 1
             :
          3931.5 1
             :
          3933.5 1
          3934.5 1
             :
          3939.5 1
             :
          3941.5 2
          3942.5 1
             :
          3948.5 1
             :
          3958.5 1
             :
          3960.5 1
             :
          3966.5 1
             :
          3968.5 1
             :
          3970.5 1
             :
          3972.5 1
             :
          3978.5 1
             :
          3990.5 1
             :
          3999.5 1
             :
          4003.5 1
             :
          4008.5 1
             :
          4012.5 1
             :
          4015.5 1
             :
          4026.5 1
             :
          4031.5 1
             :
          4035.5 1
             :
          4040.5 1
          4041.5 2
             :
          4044.5 1
             :
          4051.5 1
             :
          4062.5 1
             :
          4064.5 1
             :
          4071.5 1
             :
          4073.5 1
          4074.5 1
             :
          4079.5 1
          4080.5 1
             :
          4100.5 1
             :
          4104.5 1
             :
          4106.5 1
             :
          4112.5 1
             :
          4117.5 1
          4118.5 1
          4119.5 2
             :
          4121.5 1
             :
          4124.5 1
             :
          4127.5 1
             :
          4134.5 1
             :
          4136.5 1
          4137.5 1
             :
          4139.5 1
          4140.5 1
             :
          4144.5 1
             :
          4148.5 1
             :
          4162.5 1
             :
          4166.5 1
             :
          4180.5 1
             :
          4183.5 1
             :
          4189.5 1
             :
          4192.5 2
             :
          4197.5 1
             :
          4199.5 1
             :
          4224.5 1
             :
          4229.5 1
             :
          4231.5 1
             :
          4255.5 1
             :
          4258.5 1
             :
          4261.5 1
          4262.5 1
             :
          4264.5 1
          4265.5 1
             :
          4268.5 1
             :
          4277.5 1
             :
          4279.5 2
             :
          4282.5 1
             :
          4289.5 2
             :
          4293.5 1
          4294.5 1
          4295.5 1
             :
          4305.5 1
             :
          4308.5 1
             :
          4313.5 1
             :
          4330.5 1
             :
          4333.5 1
             :
          4338.5 1
             :
          4343.5 1
             :
          4352.5 1
             :
          4362.5 1
             :
          4364.5 1
             :
          4367.5 2
             :
          4383.5 2
             :
          4388.5 2
             :
          4392.5 1
             :
          4399.5 1
          4400.5 1
             :
          4403.5 1
          4404.5 1
          4405.5 1
             :
          4407.5 1
          4408.5 1
             :
          4415.5 1
             :
          4427.5 1
             :
          4438.5 1
             :
          4442.5 1
             :
          4455.5 1
             :
          4462.5 1
             :
          4464.5 1
             :
          4486.5 2
             :
          4491.5 1
             :
          4495.5 1
             :
          4515.5 1
             :
          4519.5 1
             :
          4526.5 1
          4527.5 1
             :
          4531.5 1
             :
          4542.5 1
             :
          4548.5 1
             :
          4553.5 1
             :
          4556.5 1
             :
          4560.5 1
             :
          4566.5 1
             :
          4575.5 1
             :
          4578.5 1
             :
          4585.5 1
             :
          4615.5 1
             :
          4621.5 2
             :
          4628.5 1
          4629.5 1
             :
          4633.5 1
             :
          4639.5 1
             :
          4645.5 1
             :
          4649.5 1
             :
          4653.5 1
             :
          4678.5 1
             :
          4694.5 1
             :
          4700.5 1
          4701.5 1
             :
          4741.5 1
             :
          4748.5 1
             :
          4750.5 1
             :
          4752.5 1
             :
          4758.5 1
             :
          4760.5 1
             :
          4769.5 1
             :
          4773.5 1
             :
          4778.5 1
             :
          4781.5 1
             :
          4785.5 1
             :
          4796.5 1
             :
          4805.5 2
             :
          4815.5 1
             :
          4823.5 1
          4824.5 1
             :
          4830.5 1
             :
          4832.5 1
             :
          4835.5 1
             :
          4839.5 1
             :
          4854.5 1
             :
          4863.5 1
             :
          4867.5 1
             :
          4869.5 1
             :
          4872.5 1
             :
          4874.5 1
             :
          4876.5 1
             :
          4888.5 1
             :
          4891.5 1
             :
          4895.5 1
             :
          4897.5 2
             :
          4901.5 1
          4902.5 1
          4903.5 2
             :
          4913.5 1
             :
          4923.5 1
             :
          4929.5 1
             :
          4935.5 1
             :
          4952.5 1
          4953.5 1
             :
          4955.5 1
             :
          4957.5 1
             :
          4971.5 1
             :
          4975.5 1
             :
          4980.5 1
             :
          4983.5 1
             :
          4990.5 1
             :
          4995.5 1
             :
          5003.5 1
             :
          5011.5 1
             :
          5013.5 1
             :
          5018.5 1
             :
          5020.5 2
          5021.5 1
             :
          5025.5 1
             :
          5050.5 1
          5051.5 2
             :
          5053.5 1
             :
          5058.5 1
          5059.5 1
             :
          5061.5 1
          5062.5 1
             :
          5065.5 2
             :
          5072.5 1
             :
          5076.5 1
             :
          5089.5 1
             :
          5093.5 1
             :
          5110.5 1
             :
          5112.5 1
             :
          5127.5 1
          5128.5 2
             :
          5136.5 1
          5137.5 1
             :
          5139.5 1
             :
          5158.5 2
          5159.5 1
             :
          5170.5 1
             :
          5177.5 1
             :
          5179.5 1
             :
          5187.5 2
          5188.5 1
             :
          5196.5 3
             :
          5202.5 1
             :
          5205.5 2
             :
          5208.5 1
             :
          5227.5 1
          5228.5 1
             :
          5232.5 1
             :
          5244.5 1
             :
          5249.5 1
          5250.5 1
             :
          5268.5 1
             :
          5271.5 1
             :
          5275.5 1
             :
          5291.5 1
             :
          5295.5 1
             :
          5300.5 1
          5301.5 1
             :
          5304.5 1
             :
          5306.5 1
             :
          5308.5 1
             :
          5318.5 1
             :
          5320.5 1
             :
          5328.5 1
             :
          5330.5 1
             :
          5338.5 1
             :
          5351.5 1
             :
          5356.5 1
             :
          5361.5 1
             :
          5366.5 1
             :
          5370.5 1
             :
          5397.5 1
             :
          5399.5 1
             :
          5412.5 1
             :
          5423.5 1
             :
          5432.5 1
             :
          5442.5 1
             :
          5458.5 1
             :
          5480.5 1
             :
          5495.5 1
             :
          5502.5 1
             :
          5522.5 1
             :
          5566.5 1
             :
          5582.5 1
             :
          5611.5 1
             :
          5676.5 1
             :
          5680.5 1
          5681.5 1
             :
          5699.5 1
             :
          5747.5 1
             :
          5899.5 1
             :
          5969.5 1
             :
          5986.5 1
             :
          6052.5 1
             :
          6057.5 1
             :
          6094.5 1
             :
          6107.5 1
             :
          6134.5 1
             :
          6169.5 1
             :
          6191.5 1
             :
          6239.5 1
             :
          6260.5 1
             :
          6306.5 1
             :
          6415.5 1
             :
          6502.5 1
             :
          6718.5 1
          6719.5 1
             :
          6733.5 1
             :
          6804.5 1
             :
          6806.5 1
             :
          7025.5 2
             :
          7027.5 2
             :
          7054.5 1
             :
          7063.5 1
             :
          7069.5 1
             :
          7132.5 1
             :
          7161.5 1
             :
          7167.5 1
             :
          7191.5 1
             :
          7201.5 1
             :
          7227.5 1
             :
          7294.5 1
             :
          7504.5 1
             :
          7506.5 1
             :
          7653.5 1
          7654.5 1
             :
          7679.5 1
             :
          7685.5 1
             :
          7800.5 1
             :
          7830.5 1
             :
          7875.5 1
             :
          7894.5 1
             :
          7919.5 1
             :
          7966.5 1
             :
          8022.5 1
             :
          8068.5 1
             :
          8072.5 1
             :
          8075.5 1
             :
          8088.5 1
             :
          8131.5 1
             :
          8191.5 1
             :
          8262.5 1
             :
          8325.5 1
             :
          8455.5 1
             :
          8596.5 1
             :
          8695.5 1
             :
          8798.5 1
             :
         11874.5 1
             :
         11908.5 1
             :
         11914.5 1
             :
         12291.5 1
             :
         12313.5 1
             :
         12410.5 1

Total: connections 5760 requests 5760 replies 5760 test-duration 242.541 s

Connection rate: 23.7 conn/s (42.1 ms/conn, <=85 concurrent connections)
Connection time [ms]: min 9.9 avg 899.9 max 12410.5 median 23.5 stddev 1480.9
Connection time [ms]: connect 81.1
Connection length [replies/conn]: 1.000

Request rate: 23.7 req/s (42.1 ms/req)
Request size [B]: 67.0

Reply rate [replies/s]: min 7.0 avg 23.8 max 45.0 stddev 6.9 (242 samples)
Percentages of the replies served at a given rate:
   50%: 23
   66%: 24
   75%: 26
   80%: 27
   90%: 33
   95%: 35
   98%: 39
   99%: 41
  100%: 45

Reply time [ms]: response 792.6 transfer 26.1
Percentages of the requests served within a certain time (ms) :
   50%: 21
   66%: 712
   75%: 1053
   80%: 1395
   90%: 2690
   95%: 3743
   98%: 4837
   99%: 5127
  100%: 7800

Reply size [B]: header 163.0 content 72.0 footer 1.0 (total 236.0)
Reply status: 1xx=0 2xx=5760 3xx=0 4xx=0 5xx=0

CPU time [s]: user 162.83 system 79.22 (user 67.1% system 32.7% total 99.8%)
Net I/O: 7.0 KB/s (0.1*10^6 bps)

Errors: total 0 client-timo 0 socket-timo 0 connrefused 0 connreset 0
Errors: fd-unavail 0 addrunavail 0 ftab-full 0 other 0

