httperf --verbose --hog --timeout=50 --client=0/1 --server=172.16.116.116 --port=8080 --uri=/ --rate=16 --send-buffer=4096 --recv-buffer=16384 --num-conns=4800 --num-calls=1
httperf: maximum number of open descriptors = 65535
Maximum connect burst length: 1

Connection lifetime histogram (time in ms):
             :
            10.5 33
            11.5 108
            12.5 124
            13.5 123
            14.5 168
            15.5 170
            16.5 156
            17.5 156
            18.5 145
            19.5 136
            20.5 168
            21.5 152
            22.5 195
            23.5 139
            24.5 122
            25.5 112
            26.5 115
            27.5 102
            28.5 98
            29.5 93
            30.5 97
            31.5 93
            32.5 81
            33.5 84
            34.5 92
            35.5 86
            36.5 80
            37.5 81
            38.5 86
            39.5 78
            40.5 74
            41.5 78
            42.5 51
            43.5 59
            44.5 53
            45.5 46
            46.5 40
            47.5 43
            48.5 37
            49.5 44
            50.5 31
            51.5 30
            52.5 33
            53.5 17
            54.5 20
            55.5 23
            56.5 15
            57.5 18
            58.5 10
            59.5 7
            60.5 11
            61.5 6
            62.5 3
            63.5 5
            64.5 6
            65.5 2
            66.5 1
            67.5 1
            68.5 4
            69.5 1
            70.5 1
            71.5 3
            72.5 3
            73.5 1
            74.5 1
             :
            77.5 1
            78.5 1
            79.5 3
            80.5 1
            81.5 1
             :
            86.5 2
            87.5 4
            88.5 2
            89.5 2
            90.5 2
            91.5 2
             :
            93.5 1
             :
            95.5 2
             :
            97.5 3
            98.5 2
            99.5 1
             :
           101.5 2
           102.5 1
           103.5 3
             :
           105.5 1
             :
           108.5 1
           109.5 1
           110.5 2
           111.5 1
           112.5 3
           113.5 2
           114.5 1
           115.5 1
             :
           118.5 1
           119.5 4
           120.5 2
             :
           122.5 2
           123.5 1
           124.5 2
           125.5 1
           126.5 3
           127.5 1
             :
           132.5 1
           133.5 1
             :
           135.5 1
           136.5 1
           137.5 1
           138.5 1
             :
           140.5 1
             :
           142.5 3
             :
           146.5 5
           147.5 1
           148.5 1
           149.5 1
           150.5 2
           151.5 1
             :
           153.5 3
             :
           155.5 2
             :
           158.5 2
             :
           160.5 3
           161.5 3
             :
           163.5 1
           164.5 1
             :
           166.5 3
           167.5 1
             :
           169.5 2
             :
           171.5 2
           172.5 2
           173.5 1
           174.5 2
             :
           176.5 3
           177.5 5
             :
           179.5 2
           180.5 4
             :
           182.5 1
           183.5 2
           184.5 2
             :
           186.5 2
             :
           188.5 2
           189.5 3
           190.5 4
           191.5 1
             :
           193.5 4
           194.5 4
           195.5 2
           196.5 2
             :
           198.5 3
           199.5 1
           200.5 2
           201.5 2
             :
           203.5 5
           204.5 3
           205.5 2
           206.5 3
           207.5 1
           208.5 2
           209.5 4
           210.5 2
           211.5 5
           212.5 1
           213.5 3
           214.5 2
           215.5 1
           216.5 8
           217.5 1
             :
           219.5 2
           220.5 3
           221.5 3
           222.5 2
             :
           224.5 3
           225.5 3
           226.5 3
           227.5 7
           228.5 3
           229.5 3
           230.5 3
           231.5 2
           232.5 3
           233.5 3
           234.5 4
           235.5 1
           236.5 4
             :
           238.5 2
           239.5 4
           240.5 3
           241.5 2
           242.5 5
           243.5 2
           244.5 1
           245.5 4
             :
           247.5 2
           248.5 4
           249.5 3
             :
           251.5 1
           252.5 4
           253.5 3
           254.5 8
           255.5 6
           256.5 2
           257.5 4
           258.5 1
           259.5 2
           260.5 6
           261.5 4
             :
           263.5 4
           264.5 1
           265.5 2
           266.5 3
           267.5 1
           268.5 1
           269.5 3
           270.5 3
           271.5 1
           272.5 1
           273.5 5
           274.5 2
           275.5 2
           276.5 1
           277.5 1
           278.5 3
           279.5 5
           280.5 3
           281.5 3
           282.5 1
           283.5 2
           284.5 1
           285.5 2
           286.5 1
           287.5 2
           288.5 4
           289.5 6
           290.5 1
           291.5 2
           292.5 2
           293.5 2
             :
           295.5 3
           296.5 5
           297.5 2
             :
           299.5 2
           300.5 4
           301.5 1
           302.5 3
           303.5 6
           304.5 4
           305.5 2
           306.5 3
           307.5 1
             :
           309.5 2
           310.5 2
           311.5 2
           312.5 2
             :
           314.5 3
             :
           320.5 5
           321.5 1
           322.5 1
           323.5 2
           324.5 1
             :
           327.5 3
           328.5 2
           329.5 2
             :
           332.5 1
           333.5 3
             :
           335.5 3
           336.5 1
           337.5 1
           338.5 1
           339.5 2
             :
           343.5 2
             :
           345.5 1
           346.5 1
           347.5 1
           348.5 2
           349.5 2
             :
           352.5 1
           353.5 3
           354.5 3
           355.5 2
           356.5 1
           357.5 1
           358.5 2
             :
           360.5 1
           361.5 2
             :
           365.5 1
             :
           367.5 2
           368.5 4
           369.5 1
           370.5 1
           371.5 1
           372.5 1
           373.5 1
           374.5 2
           375.5 2
             :
           377.5 2
             :
           384.5 1
           385.5 1
           386.5 1
             :
           388.5 1
             :
           391.5 2
           392.5 1
             :
           395.5 1
           396.5 1
           397.5 1
           398.5 2
             :
           403.5 1
             :
           407.5 1
             :
           409.5 1
           410.5 1
             :
           427.5 1
             :
           431.5 1
             :
           433.5 1
           434.5 1
             :
           437.5 1
             :
           458.5 1
             :
           472.5 1
             :
           475.5 1
             :
           664.5 1

Total: connections 4800 requests 4800 replies 4800 test-duration 299.954 s

Connection rate: 16.0 conn/s (62.5 ms/conn, <=5 concurrent connections)
Connection time [ms]: min 10.2 avg 52.6 max 664.1 median 27.5 stddev 74.8
Connection time [ms]: connect 1.3
Connection length [replies/conn]: 1.000

Request rate: 16.0 req/s (62.5 ms/req)
Request size [B]: 67.0

Reply rate [replies/s]: min 14.0 avg 16.0 max 19.0 stddev 0.8 (299 samples)
Percentages of the replies served at a given rate:
   50%: 15
   66%: 15
   75%: 15
   80%: 16
   90%: 16
   95%: 16
   98%: 17
   99%: 17
  100%: 19

Reply time [ms]: response 48.8 transfer 2.4
Percentages of the requests served within a certain time (ms) :
   50%: 25
   66%: 33
   75%: 39
   80%: 43
   90%: 123
   95%: 235
   98%: 300
   99%: 338
  100%: 588

Reply size [B]: header 162.0 content 72.0 footer 1.0 (total 235.0)
Reply status: 1xx=0 2xx=4800 3xx=0 4xx=0 5xx=0

CPU time [s]: user 246.60 system 52.84 (user 82.2% system 17.6% total 99.8%)
Net I/O: 4.7 KB/s (0.0*10^6 bps)

Errors: total 0 client-timo 0 socket-timo 0 connrefused 0 connreset 0
Errors: fd-unavail 0 addrunavail 0 ftab-full 0 other 0

