httperf --verbose --hog --timeout=50 --client=0/1 --server=172.16.116.116 --port=8080 --uri=/ --rate=16 --send-buffer=4096 --recv-buffer=16384 --num-conns=4800 --num-calls=1
httperf: maximum number of open descriptors = 65535
Maximum connect burst length: 1

Connection lifetime histogram (time in ms):
             :
            10.5 24
            11.5 206
            12.5 221
            13.5 190
            14.5 160
            15.5 234
            16.5 307
            17.5 259
            18.5 204
            19.5 194
            20.5 153
            21.5 121
            22.5 129
            23.5 125
            24.5 103
            25.5 95
            26.5 89
            27.5 101
            28.5 80
            29.5 86
            30.5 80
            31.5 72
            32.5 72
            33.5 61
            34.5 69
            35.5 51
            36.5 66
            37.5 74
            38.5 54
            39.5 50
            40.5 56
            41.5 70
            42.5 41
            43.5 36
            44.5 45
            45.5 46
            46.5 46
            47.5 31
            48.5 31
            49.5 20
            50.5 35
            51.5 21
            52.5 14
            53.5 16
            54.5 32
            55.5 16
            56.5 15
            57.5 21
            58.5 13
            59.5 9
            60.5 8
            61.5 8
            62.5 7
            63.5 4
            64.5 7
            65.5 5
            66.5 2
            67.5 1
            68.5 1
            69.5 4
            70.5 1
             :
            72.5 2
            73.5 2
            74.5 2
             :
            76.5 1
            77.5 1
             :
            80.5 1
             :
            84.5 2
            85.5 1
             :
            89.5 2
            90.5 1
            91.5 2
             :
            93.5 1
            94.5 2
            95.5 1
            96.5 3
            97.5 1
             :
           100.5 1
           101.5 1
             :
           103.5 1
           104.5 1
             :
           106.5 1
             :
           110.5 2
             :
           112.5 1
           113.5 1
             :
           115.5 5
             :
           117.5 1
           118.5 1
             :
           122.5 2
             :
           127.5 1
             :
           129.5 2
             :
           131.5 1
             :
           135.5 1
             :
           138.5 1
           139.5 1
           140.5 1
             :
           145.5 3
             :
           147.5 1
           148.5 2
           149.5 1
           150.5 1
           151.5 1
           152.5 1
           153.5 1
           154.5 1
             :
           157.5 1
             :
           159.5 2
             :
           164.5 2
           165.5 6
           166.5 2
             :
           168.5 2
           169.5 1
           170.5 2
           171.5 1
           172.5 2
             :
           174.5 1
           175.5 1
           176.5 1
           177.5 1
             :
           179.5 1
           180.5 3
           181.5 1
             :
           183.5 2
             :
           186.5 1
           187.5 3
           188.5 2
           189.5 3
             :
           191.5 1
           192.5 6
             :
           194.5 1
           195.5 1
           196.5 1
           197.5 1
           198.5 2
           199.5 1
           200.5 1
           201.5 3
           202.5 3
           203.5 1
           204.5 1
           205.5 3
           206.5 2
           207.5 4
           208.5 1
           209.5 2
           210.5 1
           211.5 4
           212.5 1
           213.5 1
           214.5 2
           215.5 3
             :
           218.5 2
           219.5 1
           220.5 2
           221.5 2
           222.5 2
           223.5 3
           224.5 4
           225.5 4
             :
           227.5 3
           228.5 3
           229.5 2
           230.5 3
           231.5 1
             :
           233.5 5
           234.5 3
           235.5 2
           236.5 3
           237.5 3
           238.5 3
           239.5 3
             :
           241.5 2
             :
           244.5 2
             :
           246.5 2
           247.5 2
           248.5 2
           249.5 1
           250.5 1
           251.5 4
           252.5 3
             :
           255.5 2
           256.5 1
           257.5 2
           258.5 1
           259.5 3
           260.5 1
           261.5 1
           262.5 3
           263.5 5
             :
           265.5 1
           266.5 4
           267.5 1
           268.5 2
           269.5 4
           270.5 2
           271.5 1
             :
           273.5 1
           274.5 3
           275.5 4
           276.5 4
           277.5 2
           278.5 3
           279.5 3
           280.5 1
           281.5 2
             :
           283.5 4
           284.5 2
           285.5 1
           286.5 1
           287.5 2
           288.5 2
           289.5 1
           290.5 1
           291.5 3
           292.5 1
           293.5 6
             :
           295.5 2
           296.5 1
           297.5 1
           298.5 2
           299.5 2
           300.5 1
             :
           302.5 1
             :
           304.5 2
           305.5 2
             :
           309.5 3
           310.5 4
           311.5 2
           312.5 2
             :
           315.5 2
           316.5 1
             :
           319.5 5
           320.5 2
           321.5 3
             :
           323.5 2
           324.5 1
             :
           326.5 1
           327.5 2
           328.5 3
           329.5 1
           330.5 1
           331.5 1
           332.5 1
           333.5 2
             :
           335.5 1
           336.5 1
             :
           338.5 2
             :
           340.5 1
             :
           343.5 1
           344.5 1
           345.5 1
             :
           348.5 2
           349.5 1
             :
           351.5 1
             :
           357.5 1
           358.5 1
             :
           362.5 1
           363.5 2
             :
           367.5 3
           368.5 1
             :
           370.5 1
             :
           374.5 1
             :
           380.5 1
             :
           383.5 1
           384.5 1
             :
           386.5 1
             :
           388.5 2
             :
           390.5 1
           391.5 1
             :
           398.5 3
             :
           403.5 1
           404.5 2
           405.5 2
             :
           407.5 1
             :
           413.5 1
             :
           417.5 1
             :
           423.5 1
           424.5 1
           425.5 1
             :
           434.5 1
             :
           438.5 1
             :
           441.5 1
             :
           452.5 1
             :
           487.5 1

Total: connections 4800 requests 4800 replies 4800 test-duration 299.958 s

Connection rate: 16.0 conn/s (62.5 ms/conn, <=5 concurrent connections)
Connection time [ms]: min 10.4 avg 44.0 max 487.3 median 22.5 stddev 66.4
Connection time [ms]: connect 1.0
Connection length [replies/conn]: 1.000

Request rate: 16.0 req/s (62.5 ms/req)
Request size [B]: 67.0

Reply rate [replies/s]: min 13.0 avg 16.0 max 19.0 stddev 0.8 (299 samples)
Percentages of the replies served at a given rate:
   50%: 15
   66%: 15
   75%: 15
   80%: 16
   90%: 16
   95%: 16
   98%: 17
   99%: 17
  100%: 19

Reply time [ms]: response 41.1 transfer 1.9
Percentages of the requests served within a certain time (ms) :
   50%: 20
   66%: 28
   75%: 35
   80%: 39
   90%: 54
   95%: 217
   98%: 285
   99%: 322
  100%: 485

Reply size [B]: header 162.0 content 72.0 footer 1.0 (total 235.0)
Reply status: 1xx=0 2xx=4800 3xx=0 4xx=0 5xx=0

CPU time [s]: user 248.78 system 50.62 (user 82.9% system 16.9% total 99.8%)
Net I/O: 4.7 KB/s (0.0*10^6 bps)

Errors: total 0 client-timo 0 socket-timo 0 connrefused 0 connreset 0
Errors: fd-unavail 0 addrunavail 0 ftab-full 0 other 0

