httperf --verbose --hog --timeout=50 --client=0/1 --server=172.16.116.116 --port=8080 --uri=/ --rate=16 --send-buffer=4096 --recv-buffer=16384 --num-conns=4800 --num-calls=1
httperf: maximum number of open descriptors = 65535
Maximum connect burst length: 1

Connection lifetime histogram (time in ms):
             :
            10.5 91
            11.5 242
            12.5 162
            13.5 128
            14.5 172
            15.5 182
            16.5 191
            17.5 184
            18.5 179
            19.5 216
            20.5 160
            21.5 148
            22.5 162
            23.5 120
            24.5 123
            25.5 92
            26.5 95
            27.5 86
            28.5 84
            29.5 90
            30.5 101
            31.5 88
            32.5 83
            33.5 71
            34.5 67
            35.5 74
            36.5 71
            37.5 63
            38.5 67
            39.5 64
            40.5 59
            41.5 74
            42.5 48
            43.5 53
            44.5 51
            45.5 52
            46.5 34
            47.5 39
            48.5 32
            49.5 28
            50.5 26
            51.5 19
            52.5 19
            53.5 14
            54.5 19
            55.5 13
            56.5 13
            57.5 4
            58.5 3
            59.5 6
            60.5 3
            61.5 2
            62.5 2
            63.5 2
            64.5 4
             :
            66.5 6
             :
            69.5 1
            70.5 1
            71.5 1
             :
            75.5 1
             :
            79.5 1
            80.5 3
            81.5 2
            82.5 2
            83.5 3
            84.5 1
             :
            86.5 2
             :
            88.5 1
            89.5 1
             :
            91.5 1
             :
            94.5 2
            95.5 1
             :
            97.5 2
            98.5 1
             :
           101.5 1
           102.5 1
             :
           104.5 1
           105.5 1
           106.5 2
             :
           108.5 2
           109.5 1
             :
           111.5 1
           112.5 3
           113.5 1
             :
           119.5 1
           120.5 1
             :
           122.5 1
           123.5 1
           124.5 1
           125.5 2
           126.5 3
           127.5 1
           128.5 2
             :
           130.5 2
           131.5 3
           132.5 1
           133.5 2
           134.5 1
           135.5 1
           136.5 2
             :
           139.5 2
           140.5 3
             :
           142.5 1
           143.5 1
           144.5 1
           145.5 1
             :
           147.5 2
           148.5 2
           149.5 1
             :
           153.5 2
           154.5 2
           155.5 1
           156.5 3
           157.5 2
           158.5 2
           159.5 3
           160.5 1
           161.5 1
           162.5 3
           163.5 4
           164.5 1
           165.5 2
           166.5 2
           167.5 3
           168.5 1
             :
           171.5 4
           172.5 2
           173.5 1
           174.5 4
           175.5 2
           176.5 1
           177.5 1
           178.5 3
           179.5 4
           180.5 3
           181.5 3
           182.5 3
           183.5 6
           184.5 1
           185.5 1
           186.5 4
           187.5 1
           188.5 4
           189.5 2
           190.5 8
             :
           192.5 2
           193.5 1
             :
           195.5 1
           196.5 1
           197.5 4
           198.5 1
           199.5 1
           200.5 2
             :
           202.5 4
           203.5 2
           204.5 1
           205.5 1
           206.5 1
           207.5 1
           208.5 2
           209.5 6
           210.5 5
           211.5 2
           212.5 1
           213.5 1
           214.5 1
           215.5 1
           216.5 6
           217.5 6
           218.5 2
           219.5 2
           220.5 1
             :
           222.5 4
           223.5 2
           224.5 2
             :
           226.5 8
           227.5 3
           228.5 2
           229.5 3
           230.5 4
           231.5 2
           232.5 2
           233.5 1
           234.5 4
           235.5 4
           236.5 4
           237.5 1
           238.5 2
           239.5 2
           240.5 2
           241.5 4
           242.5 3
           243.5 2
           244.5 5
           245.5 3
           246.5 1
           247.5 1
           248.5 2
           249.5 4
             :
           251.5 2
           252.5 1
           253.5 7
           254.5 2
           255.5 2
           256.5 3
           257.5 2
           258.5 2
           259.5 5
           260.5 3
           261.5 1
           262.5 4
             :
           264.5 3
           265.5 3
           266.5 3
           267.5 2
             :
           269.5 3
           270.5 2
           271.5 2
           272.5 1
           273.5 3
           274.5 3
           275.5 2
           276.5 2
             :
           278.5 3
           279.5 3
           280.5 1
           281.5 4
           282.5 2
           283.5 4
           284.5 1
           285.5 5
           286.5 4
           287.5 1
           288.5 1
           289.5 2
           290.5 1
           291.5 1
           292.5 2
             :
           294.5 1
           295.5 2
           296.5 5
           297.5 2
           298.5 1
           299.5 2
           300.5 1
           301.5 1
           302.5 1
           303.5 2
           304.5 1
           305.5 2
           306.5 2
           307.5 1
             :
           309.5 2
             :
           312.5 1
           313.5 2
             :
           315.5 2
             :
           319.5 1
           320.5 2
             :
           322.5 1
           323.5 1
             :
           325.5 1
           326.5 1
           327.5 1
           328.5 2
           329.5 3
           330.5 2
             :
           332.5 2
           333.5 2
             :
           335.5 1
           336.5 2
           337.5 1
             :
           339.5 1
           340.5 3
             :
           342.5 2
             :
           344.5 1
             :
           346.5 1
           347.5 6
           348.5 2
             :
           350.5 2
             :
           352.5 1
           353.5 3
             :
           356.5 1
             :
           359.5 1
           360.5 1
           361.5 2
           362.5 1
           363.5 1
           364.5 2
           365.5 1
           366.5 2
           367.5 2
           368.5 2
             :
           371.5 1
           372.5 1
             :
           374.5 1
           375.5 1
           376.5 1
           377.5 2
             :
           380.5 1
             :
           382.5 1
             :
           384.5 1
             :
           386.5 1
             :
           388.5 1
             :
           396.5 1
             :
           400.5 1
             :
           412.5 1
             :
           422.5 1
           423.5 2
             :
           430.5 1
             :
           434.5 2
             :
           496.5 1

Total: connections 4800 requests 4800 replies 4800 test-duration 299.968 s

Connection rate: 16.0 conn/s (62.5 ms/conn, <=5 concurrent connections)
Connection time [ms]: min 10.2 avg 48.2 max 496.2 median 24.5 stddev 70.5
Connection time [ms]: connect 1.4
Connection length [replies/conn]: 1.000

Request rate: 16.0 req/s (62.5 ms/req)
Request size [B]: 67.0

Reply rate [replies/s]: min 13.0 avg 16.0 max 19.0 stddev 0.9 (299 samples)
Percentages of the replies served at a given rate:
   50%: 15
   66%: 15
   75%: 15
   80%: 16
   90%: 16
   95%: 17
   98%: 17
   99%: 17
  100%: 19

Reply time [ms]: response 44.7 transfer 2.0
Percentages of the requests served within a certain time (ms) :
   50%: 22
   66%: 30
   75%: 36
   80%: 40
   90%: 103
   95%: 226
   98%: 285
   99%: 327
  100%: 443

Reply size [B]: header 162.0 content 72.0 footer 1.0 (total 235.0)
Reply status: 1xx=0 2xx=4800 3xx=0 4xx=0 5xx=0

CPU time [s]: user 247.16 system 52.26 (user 82.4% system 17.4% total 99.8%)
Net I/O: 4.7 KB/s (0.0*10^6 bps)

Errors: total 0 client-timo 0 socket-timo 0 connrefused 0 connreset 0
Errors: fd-unavail 0 addrunavail 0 ftab-full 0 other 0

