httperf --verbose --hog --timeout=50 --client=0/1 --server=172.16.116.116 --port=8080 --uri=/ --rate=24 --send-buffer=4096 --recv-buffer=16384 --num-conns=4320 --num-calls=1
httperf: maximum number of open descriptors = 65535
Maximum connect burst length: 1

Connection lifetime histogram (time in ms):
             :
            10.5 959
            11.5 1331
            12.5 362
            13.5 304
            14.5 272
            15.5 391
            16.5 355
            17.5 112
            18.5 69
            19.5 25
            20.5 11
            21.5 8
            22.5 3
            23.5 5
            24.5 4
            25.5 2
            26.5 2
             :
            29.5 2
             :
            31.5 1
             :
            37.5 3
             :
            39.5 1
             :
            47.5 1
             :
            49.5 1
            50.5 1
             :
            58.5 1
             :
            61.5 1
             :
            65.5 1
             :
            70.5 1
             :
            78.5 1
            79.5 1
             :
            94.5 2
             :
           100.5 1
             :
           106.5 1
             :
           112.5 1
             :
           118.5 1
             :
           123.5 1
             :
           129.5 3
             :
           136.5 1
           137.5 1
             :
           141.5 1
           142.5 1
             :
           144.5 1
             :
           147.5 1
             :
           150.5 1
           151.5 1
             :
           154.5 1
             :
           157.5 1
           158.5 1
           159.5 1
           160.5 1
             :
           164.5 1
             :
           167.5 2
             :
           172.5 3
           173.5 1
           174.5 1
             :
           177.5 1
             :
           181.5 1
             :
           183.5 1
           184.5 2
           185.5 1
           186.5 1
             :
           190.5 1
             :
           192.5 1
             :
           199.5 1
             :
           202.5 1
             :
           204.5 1
             :
           206.5 1
           207.5 2
           208.5 1
           209.5 1
             :
           211.5 1
             :
           214.5 1
             :
           216.5 1
             :
           218.5 1
           219.5 1
             :
           221.5 1
             :
           223.5 3
             :
           227.5 1
             :
           231.5 1
           232.5 2
           233.5 2
             :
           240.5 1
             :
           247.5 1
             :
           250.5 2
             :
           254.5 3
           255.5 1
             :
           257.5 1
             :
           261.5 1
             :
           264.5 2
           265.5 1
             :
           272.5 1
             :
           278.5 1
             :
           280.5 1
             :
           283.5 1
             :
           287.5 2
             :
           293.5 1
             :
           299.5 1
             :
           302.5 1
             :
           317.5 1
             :
           331.5 1
             :
           335.5 1
             :
           337.5 1

Total: connections 4320 requests 4320 replies 4320 test-duration 180.033 s

Connection rate: 24.0 conn/s (41.7 ms/conn, <=7 concurrent connections)
Connection time [ms]: min 10.0 avg 17.0 max 337.8 median 11.5 stddev 28.9
Connection time [ms]: connect 0.8
Connection length [replies/conn]: 1.000

Request rate: 24.0 req/s (41.7 ms/req)
Request size [B]: 67.0

Reply rate [replies/s]: min 23.0 avg 24.0 max 25.0 stddev 0.5 (180 samples)
Percentages of the replies served at a given rate:
   50%: 23
   66%: 23
   75%: 23
   80%: 23
   90%: 24
   95%: 24
   98%: 24
   99%: 24
  100%: 25

Reply time [ms]: response 15.4 transfer 0.8
Percentages of the requests served within a certain time (ms) :
   50%: 10
   66%: 12
   75%: 13
   80%: 14
   90%: 15
   95%: 16
   98%: 76
   99%: 177
  100%: 327

Reply size [B]: header 162.0 content 72.0 footer 1.0 (total 235.0)
Reply status: 1xx=0 2xx=4320 3xx=0 4xx=0 5xx=0

CPU time [s]: user 148.60 system 31.04 (user 82.5% system 17.2% total 99.8%)
Net I/O: 7.1 KB/s (0.1*10^6 bps)

Errors: total 0 client-timo 0 socket-timo 0 connrefused 0 connreset 0
Errors: fd-unavail 0 addrunavail 0 ftab-full 0 other 0

