httperf --verbose --hog --timeout=50 --client=0/1 --server=172.16.116.116 --port=8080 --uri=/ --rate=24 --send-buffer=4096 --recv-buffer=16384 --num-conns=4320 --num-calls=1
httperf: maximum number of open descriptors = 65535
Maximum connect burst length: 1

Connection lifetime histogram (time in ms):
             :
            10.5 450
            11.5 947
            12.5 329
            13.5 368
            14.5 337
            15.5 490
            16.5 585
            17.5 279
            18.5 148
            19.5 98
            20.5 51
            21.5 36
            22.5 27
            23.5 21
            24.5 16
            25.5 9
            26.5 6
            27.5 8
            28.5 3
            29.5 2
            30.5 3
            31.5 3
            32.5 1
            33.5 2
            34.5 1
             :
            38.5 1
             :
            45.5 1
            46.5 1
             :
            51.5 1
             :
            55.5 1
             :
            64.5 1
             :
            67.5 1
             :
            74.5 1
             :
            76.5 2
             :
            79.5 1
             :
            83.5 1
             :
            96.5 1
             :
           103.5 1
             :
           106.5 1
             :
           108.5 1
             :
           110.5 1
             :
           119.5 1
             :
           128.5 1
             :
           131.5 1
             :
           135.5 1
           136.5 1
             :
           148.5 2
             :
           153.5 1
             :
           156.5 2
           157.5 1
             :
           162.5 1
             :
           164.5 1
             :
           171.5 1
           172.5 1
           173.5 1
             :
           177.5 1
           178.5 1
           179.5 2
           180.5 1
             :
           184.5 2
           185.5 1
             :
           187.5 1
             :
           189.5 1
           190.5 1
             :
           192.5 1
             :
           194.5 2
             :
           196.5 1
             :
           205.5 2
             :
           207.5 2
             :
           212.5 1
           213.5 1
           214.5 1
           215.5 1
             :
           217.5 1
             :
           219.5 1
             :
           222.5 1
           223.5 1
             :
           226.5 1
             :
           231.5 2
           232.5 1
             :
           234.5 1
           235.5 2
             :
           240.5 1
             :
           244.5 2
             :
           252.5 1
             :
           254.5 1
             :
           256.5 1
           257.5 2
             :
           260.5 1
           261.5 1
             :
           268.5 1
             :
           270.5 2
             :
           281.5 1
             :
           288.5 1
           289.5 2
           290.5 1
             :
           292.5 1
             :
           297.5 1
             :
           305.5 1
             :
           310.5 1
           311.5 1
             :
           314.5 1
           315.5 1
           316.5 1
             :
           327.5 1
             :
           329.5 1
             :
           333.5 1
             :
           339.5 1
           340.5 1
             :
           348.5 1
             :
           350.5 1

Total: connections 4320 requests 4320 replies 4320 test-duration 179.975 s

Connection rate: 24.0 conn/s (41.7 ms/conn, <=7 concurrent connections)
Connection time [ms]: min 10.1 avg 18.8 max 350.6 median 14.5 stddev 31.0
Connection time [ms]: connect 0.9
Connection length [replies/conn]: 1.000

Request rate: 24.0 req/s (41.7 ms/req)
Request size [B]: 67.0

Reply rate [replies/s]: min 23.0 avg 24.0 max 25.0 stddev 0.4 (179 samples)
Percentages of the replies served at a given rate:
   50%: 23
   66%: 23
   75%: 23
   80%: 23
   90%: 23
   95%: 24
   98%: 24
   99%: 24
  100%: 25

Reply time [ms]: response 17.0 transfer 0.8
Percentages of the requests served within a certain time (ms) :
   50%: 12
   66%: 14
   75%: 15
   80%: 15
   90%: 16
   95%: 19
   98%: 79
   99%: 195
  100%: 350

Reply size [B]: header 162.0 content 72.0 footer 1.0 (total 235.0)
Reply status: 1xx=0 2xx=4320 3xx=0 4xx=0 5xx=0

CPU time [s]: user 148.40 system 31.20 (user 82.5% system 17.3% total 99.8%)
Net I/O: 7.1 KB/s (0.1*10^6 bps)

Errors: total 0 client-timo 0 socket-timo 0 connrefused 0 connreset 0
Errors: fd-unavail 0 addrunavail 0 ftab-full 0 other 0

