httperf --verbose --hog --timeout=50 --client=0/1 --server=172.16.116.116 --port=8080 --uri=/ --rate=8 --send-buffer=4096 --recv-buffer=16384 --num-conns=2400 --num-calls=1
httperf: maximum number of open descriptors = 65535
Maximum connect burst length: 1

Connection lifetime histogram (time in ms):
             :
             9.5 3
            10.5 370
            11.5 573
            12.5 367
            13.5 256
            14.5 155
            15.5 253
            16.5 157
            17.5 119
            18.5 63
            19.5 33
            20.5 24
            21.5 13
            22.5 8
            23.5 3
            24.5 1
            25.5 1
            26.5 1

Total: connections 2400 requests 2400 replies 2400 test-duration 299.894 s

Connection rate: 8.0 conn/s (125.0 ms/conn, <=1 concurrent connections)
Connection time [ms]: min 9.9 avg 13.5 max 26.3 median 12.5 stddev 2.6
Connection time [ms]: connect 0.6
Connection length [replies/conn]: 1.000

Request rate: 8.0 req/s (125.0 ms/req)
Request size [B]: 67.0

Reply rate [replies/s]: min 8.0 avg 8.0 max 8.0 stddev 0.0 (299 samples)
Percentages of the replies served at a given rate:
   50%: 7
   66%: 7
   75%: 7
   80%: 7
   90%: 7
   95%: 7
   98%: 7
   99%: 7
  100%: 8

Reply time [ms]: response 12.3 transfer 0.4
Percentages of the requests served within a certain time (ms) :
   50%: 11
   66%: 12
   75%: 14
   80%: 14
   90%: 15
   95%: 16
   98%: 18
   99%: 19
  100%: 25

Reply size [B]: header 162.0 content 72.0 footer 1.0 (total 235.0)
Reply status: 1xx=0 2xx=2400 3xx=0 4xx=0 5xx=0

CPU time [s]: user 255.77 system 43.72 (user 85.3% system 14.6% total 99.9%)
Net I/O: 2.4 KB/s (0.0*10^6 bps)

Errors: total 0 client-timo 0 socket-timo 0 connrefused 0 connreset 0
Errors: fd-unavail 0 addrunavail 0 ftab-full 0 other 0

