httperf --verbose --hog --timeout=50 --client=0/1 --server=172.16.116.116 --port=8080 --uri=/ --rate=8 --send-buffer=4096 --recv-buffer=16384 --num-conns=2400 --num-calls=1
httperf: maximum number of open descriptors = 65535
Maximum connect burst length: 1

Connection lifetime histogram (time in ms):
             :
            10.5 43
            11.5 244
            12.5 242
            13.5 203
            14.5 156
            15.5 180
            16.5 202
            17.5 199
            18.5 193
            19.5 99
            20.5 75
            21.5 79
            22.5 57
            23.5 56
            24.5 46
            25.5 43
            26.5 34
            27.5 22
            28.5 23
            29.5 12
            30.5 15
            31.5 15
            32.5 17
            33.5 10
            34.5 11
            35.5 10
            36.5 8
            37.5 7
            38.5 8
            39.5 6
            40.5 4
            41.5 2
            42.5 5
            43.5 3
            44.5 3
            45.5 2
            46.5 5
            47.5 2
            48.5 5
            49.5 1
             :
            52.5 2
             :
            54.5 2
            55.5 2
            56.5 2
            57.5 2
            58.5 1
            59.5 1
            60.5 1
            61.5 2
             :
            64.5 1
             :
            90.5 1
             :
           182.5 1
             :
           205.5 1
             :
           213.5 1
             :
           216.5 1
             :
           220.5 1
             :
           225.5 1
             :
           227.5 1
             :
           242.5 1
             :
           245.5 1
             :
           248.5 1
             :
           250.5 2
             :
           252.5 1
             :
           254.5 1
             :
           266.5 1
           267.5 1
             :
           271.5 1
             :
           273.5 1
             :
           276.5 1
             :
           279.5 1
             :
           285.5 1
             :
           298.5 1
             :
           305.5 2
           306.5 1
             :
           323.5 1
             :
           329.5 1
             :
           331.5 1
             :
           339.5 1
             :
           346.5 1
             :
           369.5 1
             :
           379.5 1
             :
           388.5 1
             :
           400.5 1
             :
           419.5 1
             :
           439.5 1

Total: connections 2400 requests 2400 replies 2400 test-duration 299.927 s

Connection rate: 8.0 conn/s (125.0 ms/conn, <=2 concurrent connections)
Connection time [ms]: min 10.4 avg 22.3 max 439.7 median 16.5 stddev 34.7
Connection time [ms]: connect 0.8
Connection length [replies/conn]: 1.000

Request rate: 8.0 req/s (125.0 ms/req)
Request size [B]: 67.0

Reply rate [replies/s]: min 7.0 avg 8.0 max 9.0 stddev 0.1 (299 samples)
Percentages of the replies served at a given rate:
   50%: 7
   66%: 7
   75%: 7
   80%: 7
   90%: 7
   95%: 7
   98%: 7
   99%: 7
  100%: 9

Reply time [ms]: response 20.1 transfer 1.3
Percentages of the requests served within a certain time (ms) :
   50%: 15
   66%: 16
   75%: 17
   80%: 19
   90%: 24
   95%: 31
   98%: 49
   99%: 229
  100%: 439

Reply size [B]: header 162.0 content 72.0 footer 1.0 (total 235.0)
Reply status: 1xx=0 2xx=2400 3xx=0 4xx=0 5xx=0

CPU time [s]: user 250.84 system 48.59 (user 83.6% system 16.2% total 99.8%)
Net I/O: 2.4 KB/s (0.0*10^6 bps)

Errors: total 0 client-timo 0 socket-timo 0 connrefused 0 connreset 0
Errors: fd-unavail 0 addrunavail 0 ftab-full 0 other 0

