httperf --verbose --hog --timeout=50 --client=0/1 --server=172.16.116.116 --port=8080 --uri=/ --rate=8 --send-buffer=4096 --recv-buffer=16384 --num-conns=2400 --num-calls=1
httperf: maximum number of open descriptors = 65535
Maximum connect burst length: 1

Connection lifetime histogram (time in ms):
             :
            10.5 119
            11.5 415
            12.5 281
            13.5 237
            14.5 161
            15.5 257
            16.5 241
            17.5 135
            18.5 111
            19.5 59
            20.5 55
            21.5 40
            22.5 20
            23.5 11
            24.5 8
            25.5 10
            26.5 4
            27.5 2
            28.5 2
            29.5 2
            30.5 3
            31.5 4
            32.5 2
            33.5 1
            34.5 1
            35.5 1
             :
            39.5 2
             :
            43.5 1
             :
            53.5 1
            54.5 3
             :
            56.5 1
             :
            63.5 1
             :
            68.5 1
            69.5 1
             :
            71.5 2
             :
            75.5 1
             :
            77.5 2
             :
            83.5 4
             :
            89.5 2
             :
            91.5 1
             :
            97.5 1
             :
           100.5 1
             :
           103.5 1
             :
           106.5 1
             :
           109.5 1
           110.5 4
             :
           116.5 1
             :
           119.5 1
           120.5 1
           121.5 1
           122.5 2
             :
           124.5 2
             :
           128.5 1
           129.5 1
             :
           136.5 3
           137.5 1
             :
           139.5 1
           140.5 1
             :
           143.5 1
             :
           146.5 2
             :
           148.5 1
           149.5 1
             :
           152.5 1
             :
           154.5 2
             :
           156.5 1
           157.5 1
           158.5 1
           159.5 1
           160.5 1
             :
           164.5 2
           165.5 1
             :
           168.5 2
             :
           170.5 1
           171.5 1
           172.5 3
           173.5 3
             :
           175.5 4
             :
           177.5 1
           178.5 1
             :
           180.5 2
             :
           183.5 1
           184.5 1
           185.5 1
             :
           187.5 1
           188.5 1
           189.5 2
           190.5 2
           191.5 3
             :
           193.5 4
           194.5 2
           195.5 1
             :
           197.5 1
             :
           204.5 2
             :
           208.5 3
           209.5 1
             :
           211.5 2
           212.5 1
           213.5 2
           214.5 1
           215.5 1
           216.5 2
           217.5 1
           218.5 1
           219.5 1
             :
           221.5 1
           222.5 1
           223.5 1
           224.5 1
             :
           226.5 2
             :
           228.5 2
           229.5 3
           230.5 2
           231.5 2
           232.5 1
           233.5 1
           234.5 1
             :
           236.5 1
           237.5 1
             :
           239.5 3
           240.5 2
           241.5 2
           242.5 1
           243.5 4
             :
           245.5 1
           246.5 1
             :
           248.5 2
           249.5 2
           250.5 1
             :
           252.5 3
           253.5 1
           254.5 1
             :
           258.5 1
           259.5 1
             :
           261.5 1
             :
           265.5 2
           266.5 1
             :
           270.5 1
             :
           274.5 1
           275.5 2
           276.5 3
           277.5 1
           278.5 1
             :
           281.5 1
             :
           283.5 1
           284.5 1
             :
           286.5 2
           287.5 1
           288.5 1
           289.5 1
           290.5 1
             :
           298.5 3
           299.5 2
           300.5 2
           301.5 1
             :
           304.5 1
             :
           306.5 1
             :
           308.5 1
           309.5 1
             :
           313.5 1
             :
           315.5 2
             :
           318.5 1
             :
           321.5 1
             :
           333.5 1
           334.5 2
             :
           336.5 2
             :
           350.5 1
             :
           354.5 1
             :
           363.5 1
             :
           383.5 1
             :
           389.5 1
             :
           396.5 1
             :
           402.5 1
             :
           455.5 1

Total: connections 2400 requests 2400 replies 2400 test-duration 299.887 s

Connection rate: 8.0 conn/s (125.0 ms/conn, <=3 concurrent connections)
Connection time [ms]: min 10.0 avg 32.2 max 455.4 median 14.5 stddev 60.2
Connection time [ms]: connect 0.8
Connection length [replies/conn]: 1.000

Request rate: 8.0 req/s (125.0 ms/req)
Request size [B]: 67.0

Reply rate [replies/s]: min 7.0 avg 8.0 max 9.0 stddev 0.4 (299 samples)
Percentages of the replies served at a given rate:
   50%: 7
   66%: 7
   75%: 7
   80%: 7
   90%: 7
   95%: 8
   98%: 8
   99%: 8
  100%: 9

Reply time [ms]: response 29.9 transfer 1.5
Percentages of the requests served within a certain time (ms) :
   50%: 13
   66%: 15
   75%: 15
   80%: 16
   90%: 24
   95%: 184
   98%: 251
   99%: 285
  100%: 401

Reply size [B]: header 162.0 content 72.0 footer 1.0 (total 235.0)
Reply status: 1xx=0 2xx=2400 3xx=0 4xx=0 5xx=0

CPU time [s]: user 271.42 system 28.02 (user 90.5% system 9.3% total 99.9%)
Net I/O: 2.4 KB/s (0.0*10^6 bps)

Errors: total 0 client-timo 0 socket-timo 0 connrefused 0 connreset 0
Errors: fd-unavail 0 addrunavail 0 ftab-full 0 other 0

