httperf --verbose --hog --timeout=50 --client=0/1 --server=172.16.116.116 --port=8080 --uri=/ --rate=8 --send-buffer=4096 --recv-buffer=16384 --num-conns=2400 --num-calls=1
httperf: maximum number of open descriptors = 65535
Maximum connect burst length: 1

Connection lifetime histogram (time in ms):
             :
            10.5 22
            11.5 154
            12.5 121
            13.5 114
            14.5 128
            15.5 139
            16.5 209
            17.5 196
            18.5 150
            19.5 128
            20.5 114
            21.5 94
            22.5 97
            23.5 75
            24.5 49
            25.5 56
            26.5 45
            27.5 36
            28.5 28
            29.5 27
            30.5 24
            31.5 17
            32.5 23
            33.5 16
            34.5 16
            35.5 12
            36.5 17
            37.5 8
            38.5 14
            39.5 10
            40.5 14
            41.5 3
            42.5 10
            43.5 11
            44.5 9
            45.5 13
            46.5 8
            47.5 12
            48.5 9
            49.5 3
            50.5 7
            51.5 4
            52.5 4
            53.5 8
            54.5 2
            55.5 3
            56.5 1
             :
            58.5 3
            59.5 1
            60.5 1
             :
            62.5 1
            63.5 1
            64.5 2
             :
            66.5 2
             :
            70.5 1
             :
            75.5 1
             :
            81.5 1
             :
            83.5 2
             :
            85.5 1
            86.5 1
             :
            91.5 1
             :
            93.5 1
            94.5 1
             :
            97.5 1
             :
           105.5 1
             :
           109.5 1
           110.5 1
             :
           115.5 1
             :
           118.5 1
           119.5 1
             :
           125.5 1
             :
           129.5 2
             :
           141.5 1
           142.5 1
             :
           144.5 1
             :
           147.5 1
           148.5 1
           149.5 1
             :
           151.5 1
             :
           157.5 1
           158.5 1
             :
           168.5 1
             :
           174.5 1
             :
           180.5 1
             :
           182.5 1
             :
           185.5 1
             :
           192.5 1
             :
           194.5 1
             :
           196.5 1
             :
           200.5 1
           201.5 1
             :
           205.5 1
             :
           207.5 1
           208.5 1
           209.5 1
           210.5 2
           211.5 2
             :
           213.5 1
             :
           220.5 2
           221.5 1
           222.5 1
           223.5 2
             :
           225.5 1
           226.5 1
           227.5 1
             :
           234.5 1
             :
           237.5 1
             :
           240.5 1
             :
           243.5 1
           244.5 1
           245.5 2
             :
           248.5 1
           249.5 2
           250.5 1
             :
           257.5 2
           258.5 2
             :
           260.5 1
           261.5 1
           262.5 1
           263.5 3
             :
           265.5 1
             :
           267.5 2
             :
           269.5 1
             :
           272.5 2
           273.5 1
             :
           277.5 3
             :
           282.5 2
           283.5 1
             :
           285.5 1
             :
           288.5 1
             :
           291.5 1
           292.5 1
           293.5 1
             :
           298.5 1
             :
           300.5 1
           301.5 1
             :
           303.5 1
           304.5 1
             :
           307.5 4
             :
           309.5 3
           310.5 1
             :
           313.5 1
             :
           319.5 1
             :
           322.5 1
             :
           330.5 1
             :
           338.5 1
             :
           343.5 1
             :
           348.5 1
           349.5 1
             :
           352.5 1
           353.5 1
           354.5 1
             :
           362.5 1
           363.5 1
             :
           365.5 1
             :
           367.5 2
             :
           371.5 1
             :
           397.5 1
             :
           402.5 1
             :
           434.5 1

Total: connections 2400 requests 2400 replies 2400 test-duration 299.895 s

Connection rate: 8.0 conn/s (125.0 ms/conn, <=3 concurrent connections)
Connection time [ms]: min 10.3 avg 32.6 max 434.7 median 18.5 stddev 53.2
Connection time [ms]: connect 1.1
Connection length [replies/conn]: 1.000

Request rate: 8.0 req/s (125.0 ms/req)
Request size [B]: 67.0

Reply rate [replies/s]: min 7.0 avg 8.0 max 9.0 stddev 0.3 (299 samples)
Percentages of the replies served at a given rate:
   50%: 7
   66%: 7
   75%: 7
   80%: 7
   90%: 7
   95%: 8
   98%: 8
   99%: 8
  100%: 9

Reply time [ms]: response 30.0 transfer 1.4
Percentages of the requests served within a certain time (ms) :
   50%: 16
   66%: 19
   75%: 22
   80%: 24
   90%: 38
   95%: 91
   98%: 255
   99%: 296
  100%: 432

Reply size [B]: header 162.0 content 72.0 footer 1.0 (total 235.0)
Reply status: 1xx=0 2xx=2400 3xx=0 4xx=0 5xx=0

CPU time [s]: user 253.82 system 45.60 (user 84.6% system 15.2% total 99.8%)
Net I/O: 2.4 KB/s (0.0*10^6 bps)

Errors: total 0 client-timo 0 socket-timo 0 connrefused 0 connreset 0
Errors: fd-unavail 0 addrunavail 0 ftab-full 0 other 0

