httperf --verbose --hog --timeout=50 --client=0/1 --server=172.16.116.116 --port=8080 --uri=/ --rate=8 --send-buffer=4096 --recv-buffer=16384 --num-conns=2400 --num-calls=1
httperf: maximum number of open descriptors = 65535
Maximum connect burst length: 1

Connection lifetime histogram (time in ms):
             :
            10.5 8
            11.5 100
            12.5 99
            13.5 110
            14.5 135
            15.5 174
            16.5 175
            17.5 167
            18.5 158
            19.5 109
            20.5 118
            21.5 109
            22.5 91
            23.5 66
            24.5 58
            25.5 50
            26.5 32
            27.5 35
            28.5 27
            29.5 16
            30.5 17
            31.5 15
            32.5 14
            33.5 16
            34.5 16
            35.5 19
            36.5 21
            37.5 9
            38.5 14
            39.5 9
            40.5 18
            41.5 16
            42.5 10
            43.5 14
            44.5 17
            45.5 9
            46.5 11
            47.5 8
            48.5 6
            49.5 5
            50.5 3
            51.5 7
            52.5 3
            53.5 7
            54.5 4
            55.5 2
             :
            57.5 4
            58.5 2
             :
            60.5 2
            61.5 3
            62.5 1
            63.5 1
             :
            65.5 1
             :
            67.5 1
             :
            75.5 2
             :
            79.5 1
             :
            83.5 1
             :
            85.5 1
             :
            88.5 1
             :
            91.5 1
            92.5 1
             :
            94.5 1
            95.5 1
            96.5 2
            97.5 1
            98.5 1
            99.5 1
             :
           113.5 2
             :
           115.5 1
           116.5 1
           117.5 1
           118.5 3
             :
           123.5 1
             :
           126.5 2
           127.5 1
             :
           129.5 1
             :
           131.5 1
             :
           133.5 3
             :
           135.5 2
           136.5 1
           137.5 1
           138.5 1
           139.5 2
           140.5 1
             :
           142.5 1
             :
           145.5 1
           146.5 1
             :
           148.5 1
           149.5 1
           150.5 1
             :
           155.5 1
           156.5 3
             :
           160.5 1
             :
           162.5 2
           163.5 2
           164.5 1
             :
           166.5 2
             :
           169.5 1
           170.5 3
           171.5 4
             :
           175.5 1
             :
           178.5 1
           179.5 1
           180.5 2
           181.5 1
           182.5 2
           183.5 2
             :
           185.5 3
           186.5 2
           187.5 1
             :
           191.5 4
           192.5 1
           193.5 1
             :
           195.5 2
           196.5 2
             :
           198.5 2
           199.5 2
             :
           203.5 1
           204.5 1
             :
           206.5 1
           207.5 1
           208.5 1
           209.5 1
             :
           211.5 3
           212.5 2
           213.5 2
             :
           215.5 1
           216.5 1
           217.5 2
           218.5 1
           219.5 3
             :
           221.5 1
           222.5 2
           223.5 2
             :
           225.5 1
             :
           227.5 2
           228.5 4
             :
           231.5 1
           232.5 2
           233.5 2
           234.5 2
           235.5 3
           236.5 2
           237.5 1
           238.5 2
           239.5 2
           240.5 1
           241.5 1
           242.5 1
           243.5 2
           244.5 2
           245.5 2
           246.5 1
             :
           249.5 3
           250.5 2
           251.5 5
             :
           254.5 3
             :
           256.5 1
             :
           260.5 1
           261.5 2
           262.5 2
           263.5 1
           264.5 3
             :
           266.5 1
           267.5 2
           268.5 3
           269.5 2
           270.5 1
             :
           273.5 1
           274.5 1
             :
           277.5 1
             :
           279.5 1
           280.5 1
             :
           282.5 1
             :
           284.5 1
           285.5 1
             :
           287.5 1
           288.5 1
             :
           291.5 1
           292.5 3
             :
           296.5 3
           297.5 2
             :
           299.5 1
           300.5 2
             :
           302.5 1
           303.5 1
             :
           305.5 1
             :
           307.5 1
             :
           309.5 1
             :
           311.5 1
           312.5 2
             :
           314.5 1
             :
           319.5 1
           320.5 2
           321.5 2
             :
           324.5 1
           325.5 1
             :
           327.5 2
             :
           329.5 1
           330.5 1
           331.5 1
           332.5 1
           333.5 1
             :
           335.5 2
             :
           337.5 1
             :
           339.5 2
           340.5 1
             :
           345.5 1
             :
           349.5 1
             :
           353.5 1
           354.5 1
             :
           361.5 1
           362.5 1
             :
           364.5 1
             :
           366.5 1
             :
           369.5 1
             :
           375.5 1
           376.5 1
             :
           379.5 1
             :
           386.5 1
             :
           389.5 1
             :
           392.5 1
             :
           402.5 1
             :
           405.5 1
             :
           415.5 1
             :
           422.5 1

Total: connections 2400 requests 2400 replies 2400 test-duration 300.012 s

Connection rate: 8.0 conn/s (125.0 ms/conn, <=3 concurrent connections)
Connection time [ms]: min 10.3 avg 43.9 max 422.4 median 19.5 stddev 69.8
Connection time [ms]: connect 1.3
Connection length [replies/conn]: 1.000

Request rate: 8.0 req/s (125.0 ms/req)
Request size [B]: 67.0

Reply rate [replies/s]: min 7.0 avg 8.0 max 9.0 stddev 0.5 (300 samples)
Percentages of the replies served at a given rate:
   50%: 7
   66%: 7
   75%: 7
   80%: 7
   90%: 8
   95%: 8
   98%: 8
   99%: 8
  100%: 9

Reply time [ms]: response 40.3 transfer 2.2
Percentages of the requests served within a certain time (ms) :
   50%: 17
   66%: 21
   75%: 25
   80%: 30
   90%: 105
   95%: 219
   98%: 276
   99%: 319
  100%: 405

Reply size [B]: header 162.0 content 72.0 footer 1.0 (total 235.0)
Reply status: 1xx=0 2xx=2400 3xx=0 4xx=0 5xx=0

CPU time [s]: user 251.56 system 47.97 (user 83.9% system 16.0% total 99.8%)
Net I/O: 2.4 KB/s (0.0*10^6 bps)

Errors: total 0 client-timo 0 socket-timo 0 connrefused 0 connreset 0
Errors: fd-unavail 0 addrunavail 0 ftab-full 0 other 0

