httperf --verbose --hog --timeout=3 --client=0/1 --server=172.17.60.201 --port=80 --uri=/ --rate=8 --send-buffer=4096 --recv-buffer=16384 --num-conns=500 --num-calls=1
httperf: maximum number of open descriptors = 4096
Maximum connect burst length: 1

Connection lifetime histogram (time in ms):
             :
             7.5 9
             8.5 67
             9.5 44
            10.5 87
            11.5 67
            12.5 41
            13.5 31
            14.5 32
            15.5 60
            16.5 18
            17.5 8
            18.5 3
            19.5 5
            20.5 12
            21.5 2
             :
            23.5 2
            24.5 3
            25.5 2
             :
            28.5 1
             :
            32.5 1
            33.5 2
            34.5 1
             :
            36.5 1
             :
            40.5 1

Total: connections 500 requests 500 replies 500 test-duration 62.387 s

Connection rate: 8.0 conn/s (124.8 ms/conn, <=1 concurrent connections)
Connection time [ms]: min 7.1 avg 12.7 max 40.1 median 11.5 stddev 4.2
Connection time [ms]: connect 1.2
Connection length [replies/conn]: 1.000

Request rate: 8.0 req/s (124.8 ms/req)
Request size [B]: 66.0

Reply rate [replies/s]: min 7.0 avg 8.0 max 9.0 stddev 0.2 (62 samples)
Percentages of the replies served at a given rate:
   50%: 7
   66%: 7
   75%: 7
   80%: 7
   90%: 7
   95%: 7
   98%: 8
   99%: 8
  100%: 9

Reply time [ms]: response 10.7 transfer 0.1
Percentages of the requests served within a certain time (ms) :
   50%: 10
   66%: 10
   75%: 11
   80%: 12
   90%: 14
   95%: 15
   98%: 19
   99%: 23
  100%: 36

Reply size [B]: header 167.0 content 59.0 footer 0.0 (total 226.0)
Reply status: 1xx=0 2xx=500 3xx=0 4xx=0 5xx=0

CPU time [s]: user 31.00 system 17.00 (user 49.7% system 27.2% total 76.9%)
Net I/O: 2.3 KB/s (0.0*10^6 bps)

Errors: total 0 client-timo 0 socket-timo 0 connrefused 0 connreset 0
Errors: fd-unavail 0 addrunavail 0 ftab-full 0 other 0

