httperf --verbose --hog --timeout=3 --client=0/1 --server=172.17.60.201 --port=80 --uri=/ --rate=8 --send-buffer=4096 --recv-buffer=16384 --num-conns=500 --num-calls=1
httperf: maximum number of open descriptors = 4096
Maximum connect burst length: 1

Connection lifetime histogram (time in ms):
             :
             7.5 9
             8.5 60
             9.5 47
            10.5 96
            11.5 91
            12.5 38
            13.5 31
            14.5 19
            15.5 38
            16.5 24
            17.5 14
            18.5 9
            19.5 10
            20.5 5
            21.5 4
            22.5 1
             :
            26.5 1
            27.5 1
             :
            29.5 1
             :
            31.5 1

Total: connections 500 requests 500 replies 500 test-duration 62.385 s

Connection rate: 8.0 conn/s (124.8 ms/conn, <=1 concurrent connections)
Connection time [ms]: min 7.4 avg 12.3 max 31.1 median 11.5 stddev 3.4
Connection time [ms]: connect 1.4
Connection length [replies/conn]: 1.000

Request rate: 8.0 req/s (124.8 ms/req)
Request size [B]: 66.0

Reply rate [replies/s]: min 8.0 avg 8.0 max 8.0 stddev 0.0 (62 samples)
Percentages of the replies served at a given rate:
   50%: 7
   66%: 7
   75%: 7
   80%: 7
   90%: 7
   95%: 7
   98%: 7
   99%: 7
  100%: 8

Reply time [ms]: response 10.6 transfer 0.1
Percentages of the requests served within a certain time (ms) :
   50%: 10
   66%: 10
   75%: 11
   80%: 11
   90%: 14
   95%: 15
   98%: 17
   99%: 19
  100%: 26

Reply size [B]: header 167.0 content 59.0 footer 0.0 (total 226.0)
Reply status: 1xx=0 2xx=500 3xx=0 4xx=0 5xx=0

CPU time [s]: user 39.44 system 22.86 (user 63.2% system 36.6% total 99.9%)
Net I/O: 2.3 KB/s (0.0*10^6 bps)

Errors: total 0 client-timo 0 socket-timo 0 connrefused 0 connreset 0
Errors: fd-unavail 0 addrunavail 0 ftab-full 0 other 0

