httperf --verbose --hog --timeout=3 --client=0/1 --server=172.17.60.201 --port=80 --uri=/ --rate=8 --send-buffer=4096 --recv-buffer=16384 --num-conns=500 --num-calls=1
httperf: maximum number of open descriptors = 4096
Maximum connect burst length: 1

Connection lifetime histogram (time in ms):
             :
             7.5 55
             8.5 32
             9.5 42
            10.5 58
            11.5 22
            12.5 9
            13.5 10
            14.5 27
            15.5 24
            16.5 18
            17.5 10
            18.5 12
            19.5 10
            20.5 8
            21.5 9
            22.5 13
            23.5 14
            24.5 12
            25.5 13
            26.5 12
            27.5 4
            28.5 8
            29.5 8
            30.5 4
            31.5 2
            32.5 5
            33.5 7
            34.5 1
            35.5 3
            36.5 1
            37.5 3
            38.5 3
            39.5 1
            40.5 1
            41.5 1
             :
            45.5 1
            46.5 1
             :
            49.5 2
             :
            51.5 1
             :
            53.5 2
            54.5 1
             :
            57.5 2
            58.5 1
            59.5 1
            60.5 1
            61.5 1
             :
            64.5 2
            65.5 1
            66.5 4
            67.5 2
            68.5 1
            69.5 2
             :
            71.5 1
             :
            73.5 3
             :
            75.5 1
             :
            78.5 1
             :
            80.5 2
            81.5 1
            82.5 1
             :
            86.5 1
            87.5 1

Total: connections 500 requests 500 replies 500 test-duration 62.386 s

Connection rate: 8.0 conn/s (124.8 ms/conn, <=1 concurrent connections)
Connection time [ms]: min 7.1 avg 19.9 max 87.3 median 14.5 stddev 15.6
Connection time [ms]: connect 0.8
Connection length [replies/conn]: 1.000

Request rate: 8.0 req/s (124.8 ms/req)
Request size [B]: 66.0

Reply rate [replies/s]: min 8.0 avg 8.0 max 8.0 stddev 0.0 (62 samples)
Percentages of the replies served at a given rate:
   50%: 7
   66%: 7
   75%: 7
   80%: 7
   90%: 7
   95%: 7
   98%: 7
   99%: 7
  100%: 8

Reply time [ms]: response 18.5 transfer 0.5
Percentages of the requests served within a certain time (ms) :
   50%: 13
   66%: 18
   75%: 22
   80%: 24
   90%: 32
   95%: 60
   98%: 72
   99%: 77
  100%: 87

Reply size [B]: header 167.0 content 59.0 footer 0.0 (total 226.0)
Reply status: 1xx=0 2xx=500 3xx=0 4xx=0 5xx=0

CPU time [s]: user 38.74 system 23.58 (user 62.1% system 37.8% total 99.9%)
Net I/O: 2.3 KB/s (0.0*10^6 bps)

Errors: total 0 client-timo 0 socket-timo 0 connrefused 0 connreset 0
Errors: fd-unavail 0 addrunavail 0 ftab-full 0 other 0

