httperf --hog --timeout=1 --client=0/1 --server=172.17.60.201 --port=80 --uri=/ --rate=20 --send-buffer=4096 --recv-buffer=16384 --num-conns=2000 --num-calls=1
Maximum connect burst length: 1

Total: connections 2000 requests 2000 replies 2000 test-duration 99.951 s

Connection rate: 20.0 conn/s (50.0 ms/conn, <=1 concurrent connections)
Connection time [ms]: min 0.6 avg 3.4 max 49.3 median 1.5 stddev 5.0
Connection time [ms]: connect 0.6
Connection length [replies/conn]: 1.000

Request rate: 20.0 req/s (50.0 ms/req)
Request size [B]: 66.0

Reply rate [replies/s]: min 20.0 avg 20.0 max 20.0 stddev 0.0 (19 samples)
Reply time [ms]: response 2.8 transfer 0.0
Reply size [B]: header 250.0 content 74.0 footer 0.0 (total 324.0)
Reply status: 1xx=0 2xx=2000 3xx=0 4xx=0 5xx=0

CPU time [s]: user 45.17 system 54.64 (user 45.2% system 54.7% total 99.9%)
Net I/O: 7.6 KB/s (0.1*10^6 bps)

Errors: total 0 client-timo 0 socket-timo 0 connrefused 0 connreset 0
Errors: fd-unavail 0 addrunavail 0 ftab-full 0 other 0

httperf --hog --timeout=1 --client=0/1 --server=172.17.60.201 --port=80 --uri=/ --rate=40 --send-buffer=4096 --recv-buffer=16384 --num-conns=2000 --num-calls=1
Maximum connect burst length: 1

Total: connections 2000 requests 2000 replies 2000 test-duration 49.977 s

Connection rate: 40.0 conn/s (25.0 ms/conn, <=7 concurrent connections)
Connection time [ms]: min 0.7 avg 11.4 max 549.8 median 2.5 stddev 35.2
Connection time [ms]: connect 1.4
Connection length [replies/conn]: 1.000

Request rate: 40.0 req/s (25.0 ms/req)
Request size [B]: 66.0

Reply rate [replies/s]: min 39.6 avg 40.0 max 40.2 stddev 0.2 (9 samples)
Reply time [ms]: response 9.9 transfer 0.1
Reply size [B]: header 250.0 content 74.0 footer 0.0 (total 324.0)
Reply status: 1xx=0 2xx=2000 3xx=0 4xx=0 5xx=0

CPU time [s]: user 20.28 system 29.60 (user 40.6% system 59.2% total 99.8%)
Net I/O: 15.3 KB/s (0.1*10^6 bps)

Errors: total 0 client-timo 0 socket-timo 0 connrefused 0 connreset 0
Errors: fd-unavail 0 addrunavail 0 ftab-full 0 other 0

httperf --hog --timeout=1 --client=0/1 --server=172.17.60.201 --port=80 --uri=/ --rate=60 --send-buffer=4096 --recv-buffer=16384 --num-conns=2000 --num-calls=1
Maximum connect burst length: 1

Total: connections 2000 requests 1997 replies 1936 test-duration 33.321 s

Connection rate: 60.0 conn/s (16.7 ms/conn, <=25 concurrent connections)
Connection time [ms]: min 0.7 avg 67.9 max 1847.3 median 3.5 stddev 208.8
Connection time [ms]: connect 4.8
Connection length [replies/conn]: 1.000

Request rate: 59.9 req/s (16.7 ms/req)
Request size [B]: 66.0

Reply rate [replies/s]: min 54.8 avg 57.7 max 59.8 stddev 1.8 (6 samples)
Reply time [ms]: response 64.7 transfer 0.3
Reply size [B]: header 256.0 content 75.0 footer 0.0 (total 331.0)
Reply status: 1xx=0 2xx=1936 3xx=0 4xx=0 5xx=0

CPU time [s]: user 8.58 system 24.66 (user 25.7% system 74.0% total 99.7%)
Net I/O: 22.7 KB/s (0.2*10^6 bps)

Errors: total 64 client-timo 64 socket-timo 0 connrefused 0 connreset 0
Errors: fd-unavail 0 addrunavail 0 ftab-full 0 other 0

httperf --hog --timeout=1 --client=0/1 --server=172.17.60.201 --port=80 --uri=/ --rate=80 --send-buffer=4096 --recv-buffer=16384 --num-conns=2000 --num-calls=1
Maximum connect burst length: 1

Total: connections 2000 requests 1952 replies 1836 test-duration 25.001 s

Connection rate: 80.0 conn/s (12.5 ms/conn, <=31 concurrent connections)
Connection time [ms]: min 0.7 avg 22.5 max 998.7 median 4.5 stddev 111.5
Connection time [ms]: connect 9.0
Connection length [replies/conn]: 1.000

Request rate: 78.1 req/s (12.8 ms/req)
Request size [B]: 66.0

Reply rate [replies/s]: min 65.2 avg 73.4 max 80.6 stddev 6.6 (5 samples)
Reply time [ms]: response 20.1 transfer 0.0
Reply size [B]: header 262.0 content 76.0 footer 0.0 (total 338.0)
Reply status: 1xx=0 2xx=1836 3xx=0 4xx=0 5xx=0

CPU time [s]: user 5.74 system 19.18 (user 23.0% system 76.7% total 99.7%)
Net I/O: 29.3 KB/s (0.2*10^6 bps)

Errors: total 164 client-timo 164 socket-timo 0 connrefused 0 connreset 0
Errors: fd-unavail 0 addrunavail 0 ftab-full 0 other 0

httperf --hog --timeout=1 --client=0/1 --server=172.17.60.201 --port=80 --uri=/ --rate=100 --send-buffer=4096 --recv-buffer=16384 --num-conns=2000 --num-calls=1
Maximum connect burst length: 1

Total: connections 2000 requests 2000 replies 1983 test-duration 20.773 s

Connection rate: 96.3 conn/s (10.4 ms/conn, <=17 concurrent connections)
Connection time [ms]: min 0.7 avg 23.0 max 769.2 median 5.5 stddev 83.6
Connection time [ms]: connect 2.8
Connection length [replies/conn]: 1.000

Request rate: 96.3 req/s (10.4 ms/req)
Request size [B]: 66.0

Reply rate [replies/s]: min 98.4 avg 99.0 max 100.0 stddev 0.7 (4 samples)
Reply time [ms]: response 20.0 transfer 0.3
Reply size [B]: header 260.0 content 75.0 footer 0.0 (total 335.0)
Reply status: 1xx=0 2xx=1983 3xx=0 4xx=0 5xx=0

CPU time [s]: user 6.35 system 14.35 (user 30.6% system 69.1% total 99.7%)
Net I/O: 37.5 KB/s (0.3*10^6 bps)

Errors: total 17 client-timo 17 socket-timo 0 connrefused 0 connreset 0
Errors: fd-unavail 0 addrunavail 0 ftab-full 0 other 0

httperf --hog --timeout=1 --client=0/1 --server=172.17.60.201 --port=80 --uri=/ --rate=120 --send-buffer=4096 --recv-buffer=16384 --num-conns=2000 --num-calls=1
Maximum connect burst length: 1

Total: connections 2000 requests 1996 replies 1949 test-duration 16.770 s

Connection rate: 119.3 conn/s (8.4 ms/conn, <=31 concurrent connections)
Connection time [ms]: min 0.7 avg 28.1 max 1792.9 median 6.5 stddev 122.5
Connection time [ms]: connect 3.8
Connection length [replies/conn]: 1.000

Request rate: 119.0 req/s (8.4 ms/req)
Request size [B]: 66.0

Reply rate [replies/s]: min 111.0 avg 116.5 max 119.6 stddev 4.8 (3 samples)
Reply time [ms]: response 24.3 transfer 0.0
Reply size [B]: header 262.0 content 76.0 footer 0.0 (total 338.0)
Reply status: 1xx=0 2xx=1949 3xx=0 4xx=0 5xx=0

CPU time [s]: user 4.14 system 12.56 (user 24.7% system 74.9% total 99.6%)
Net I/O: 46.2 KB/s (0.4*10^6 bps)

Errors: total 51 client-timo 51 socket-timo 0 connrefused 0 connreset 0
Errors: fd-unavail 0 addrunavail 0 ftab-full 0 other 0

httperf --hog --timeout=1 --client=0/1 --server=172.17.60.201 --port=80 --uri=/ --rate=140 --send-buffer=4096 --recv-buffer=16384 --num-conns=2000 --num-calls=1
Maximum connect burst length: 1

Total: connections 2000 requests 1957 replies 1949 test-duration 15.237 s

Connection rate: 131.3 conn/s (7.6 ms/conn, <=51 concurrent connections)
Connection time [ms]: min 0.7 avg 40.8 max 1408.6 median 8.5 stddev 134.8
Connection time [ms]: connect 9.1
Connection length [replies/conn]: 1.000

Request rate: 128.4 req/s (7.8 ms/req)
Request size [B]: 66.0

Reply rate [replies/s]: min 120.2 avg 129.9 max 138.0 stddev 9.0 (3 samples)
Reply time [ms]: response 31.0 transfer 0.7
Reply size [B]: header 263.0 content 76.0 footer 0.0 (total 339.0)
Reply status: 1xx=0 2xx=1949 3xx=0 4xx=0 5xx=0

CPU time [s]: user 3.84 system 11.34 (user 25.2% system 74.4% total 99.6%)
Net I/O: 50.7 KB/s (0.4*10^6 bps)

Errors: total 51 client-timo 51 socket-timo 0 connrefused 0 connreset 0
Errors: fd-unavail 0 addrunavail 0 ftab-full 0 other 0

httperf --hog --timeout=1 --client=0/1 --server=172.17.60.201 --port=80 --uri=/ --rate=160 --send-buffer=4096 --recv-buffer=16384 --num-conns=2000 --num-calls=1
Maximum connect burst length: 2

Total: connections 2000 requests 2000 replies 1996 test-duration 12.504 s

Connection rate: 159.9 conn/s (6.3 ms/conn, <=20 concurrent connections)
Connection time [ms]: min 0.8 avg 22.0 max 881.8 median 7.5 stddev 93.1
Connection time [ms]: connect 3.8
Connection length [replies/conn]: 1.000

Request rate: 159.9 req/s (6.3 ms/req)
Request size [B]: 66.0

Reply rate [replies/s]: min 158.0 avg 158.9 max 159.8 stddev 1.3 (2 samples)
Reply time [ms]: response 18.2 transfer 0.0
Reply size [B]: header 263.0 content 76.0 footer 0.0 (total 339.0)
Reply status: 1xx=0 2xx=1996 3xx=0 4xx=0 5xx=0

CPU time [s]: user 3.24 system 9.20 (user 25.9% system 73.6% total 99.6%)
Net I/O: 63.3 KB/s (0.5*10^6 bps)

Errors: total 4 client-timo 4 socket-timo 0 connrefused 0 connreset 0
Errors: fd-unavail 0 addrunavail 0 ftab-full 0 other 0

httperf --hog --timeout=1 --client=0/1 --server=172.17.60.201 --port=80 --uri=/ --rate=180 --send-buffer=4096 --recv-buffer=16384 --num-conns=2000 --num-calls=1
Maximum connect burst length: 2

Total: connections 2000 requests 2000 replies 1992 test-duration 12.103 s

Connection rate: 165.2 conn/s (6.1 ms/conn, <=14 concurrent connections)
Connection time [ms]: min 0.7 avg 17.9 max 1003.5 median 8.5 stddev 56.4
Connection time [ms]: connect 4.1
Connection length [replies/conn]: 1.000

Request rate: 165.2 req/s (6.1 ms/req)
Request size [B]: 66.0

Reply rate [replies/s]: min 179.4 avg 179.5 max 179.6 stddev 0.1 (2 samples)
Reply time [ms]: response 13.7 transfer 0.0
Reply size [B]: header 262.0 content 76.0 footer 0.0 (total 338.0)
Reply status: 1xx=0 2xx=1992 3xx=0 4xx=0 5xx=0

CPU time [s]: user 3.05 system 9.00 (user 25.2% system 74.3% total 99.5%)
Net I/O: 65.1 KB/s (0.5*10^6 bps)

Errors: total 8 client-timo 8 socket-timo 0 connrefused 0 connreset 0
Errors: fd-unavail 0 addrunavail 0 ftab-full 0 other 0

httperf --hog --timeout=1 --client=0/1 --server=172.17.60.201 --port=80 --uri=/ --rate=200 --send-buffer=4096 --recv-buffer=16384 --num-conns=2000 --num-calls=1
Maximum connect burst length: 2

Total: connections 2000 requests 2000 replies 1998 test-duration 10.855 s

Connection rate: 184.2 conn/s (5.4 ms/conn, <=14 concurrent connections)
Connection time [ms]: min 0.9 avg 24.0 max 1160.0 median 9.5 stddev 78.1
Connection time [ms]: connect 4.5
Connection length [replies/conn]: 1.000

Request rate: 184.2 req/s (5.4 ms/req)
Request size [B]: 66.0

Reply rate [replies/s]: min 198.4 avg 199.2 max 200.0 stddev 1.1 (2 samples)
Reply time [ms]: response 19.4 transfer 0.2
Reply size [B]: header 263.0 content 76.0 footer 0.0 (total 339.0)
Reply status: 1xx=0 2xx=1998 3xx=0 4xx=0 5xx=0

CPU time [s]: user 2.43 system 8.38 (user 22.4% system 77.2% total 99.6%)
Net I/O: 72.9 KB/s (0.6*10^6 bps)

Errors: total 2 client-timo 2 socket-timo 0 connrefused 0 connreset 0
Errors: fd-unavail 0 addrunavail 0 ftab-full 0 other 0

httperf --hog --timeout=1 --client=0/1 --server=172.17.60.201 --port=80 --uri=/ --rate=220 --send-buffer=4096 --recv-buffer=16384 --num-conns=2000 --num-calls=1
Maximum connect burst length: 3

Total: connections 2000 requests 2000 replies 1980 test-duration 10.333 s

Connection rate: 193.5 conn/s (5.2 ms/conn, <=27 concurrent connections)
Connection time [ms]: min 0.7 avg 36.7 max 1901.5 median 11.5 stddev 145.9
Connection time [ms]: connect 5.2
Connection length [replies/conn]: 1.000

Request rate: 193.5 req/s (5.2 ms/req)
Request size [B]: 66.0

Reply rate [replies/s]: min 178.0 avg 197.9 max 217.8 stddev 28.1 (2 samples)
Reply time [ms]: response 31.4 transfer 0.0
Reply size [B]: header 264.0 content 76.0 footer 0.0 (total 340.0)
Reply status: 1xx=0 2xx=1980 3xx=0 4xx=0 5xx=0

CPU time [s]: user 1.80 system 8.49 (user 17.4% system 82.1% total 99.6%)
Net I/O: 76.2 KB/s (0.6*10^6 bps)

Errors: total 20 client-timo 20 socket-timo 0 connrefused 0 connreset 0
Errors: fd-unavail 0 addrunavail 0 ftab-full 0 other 0

httperf --hog --timeout=1 --client=0/1 --server=172.17.60.201 --port=80 --uri=/ --rate=240 --send-buffer=4096 --recv-buffer=16384 --num-conns=2000 --num-calls=1
Maximum connect burst length: 2

Total: connections 2000 requests 1991 replies 1954 test-duration 9.330 s

Connection rate: 214.4 conn/s (4.7 ms/conn, <=27 concurrent connections)
Connection time [ms]: min 0.7 avg 27.2 max 1968.3 median 10.5 stddev 123.5
Connection time [ms]: connect 5.7
Connection length [replies/conn]: 1.000

Request rate: 213.4 req/s (4.7 ms/req)
Request size [B]: 66.0

Reply rate [replies/s]: min 232.8 avg 232.8 max 232.8 stddev 0.0 (1 samples)
Reply time [ms]: response 22.1 transfer 0.0
Reply size [B]: header 265.0 content 76.0 footer 0.0 (total 341.0)
Reply status: 1xx=0 2xx=1954 3xx=0 4xx=0 5xx=0

CPU time [s]: user 1.52 system 7.76 (user 16.3% system 83.2% total 99.5%)
Net I/O: 83.7 KB/s (0.7*10^6 bps)

Errors: total 46 client-timo 46 socket-timo 0 connrefused 0 connreset 0
Errors: fd-unavail 0 addrunavail 0 ftab-full 0 other 0

httperf --hog --timeout=1 --client=0/1 --server=172.17.60.201 --port=80 --uri=/ --rate=260 --send-buffer=4096 --recv-buffer=16384 --num-conns=2000 --num-calls=1
Maximum connect burst length: 2

Total: connections 2000 requests 1962 replies 1915 test-duration 8.009 s

Connection rate: 249.7 conn/s (4.0 ms/conn, <=35 concurrent connections)
Connection time [ms]: min 1.3 avg 17.4 max 984.1 median 12.5 stddev 57.9
Connection time [ms]: connect 6.0
Connection length [replies/conn]: 1.000

Request rate: 245.0 req/s (4.1 ms/req)
Request size [B]: 66.0

Reply rate [replies/s]: min 249.6 avg 249.6 max 249.6 stddev 0.0 (1 samples)
Reply time [ms]: response 12.5 transfer 0.0
Reply size [B]: header 266.0 content 76.0 footer 0.0 (total 342.0)
Reply status: 1xx=0 2xx=1915 3xx=0 4xx=0 5xx=0

CPU time [s]: user 1.02 system 6.94 (user 12.8% system 86.6% total 99.4%)
Net I/O: 96.0 KB/s (0.8*10^6 bps)

Errors: total 85 client-timo 85 socket-timo 0 connrefused 0 connreset 0
Errors: fd-unavail 0 addrunavail 0 ftab-full 0 other 0

httperf --hog --timeout=1 --client=0/1 --server=172.17.60.201 --port=80 --uri=/ --rate=280 --send-buffer=4096 --recv-buffer=16384 --num-conns=2000 --num-calls=1
Maximum connect burst length: 4

Total: connections 2000 requests 1962 replies 1910 test-duration 8.319 s

Connection rate: 240.4 conn/s (4.2 ms/conn, <=43 concurrent connections)
Connection time [ms]: min 1.1 avg 24.4 max 998.9 median 16.5 stddev 41.3
Connection time [ms]: connect 7.7
Connection length [replies/conn]: 1.000

Request rate: 235.9 req/s (4.2 ms/req)
Request size [B]: 66.0

Reply rate [replies/s]: min 267.0 avg 267.0 max 267.0 stddev 0.0 (1 samples)
Reply time [ms]: response 18.8 transfer 0.0
Reply size [B]: header 266.0 content 76.0 footer 0.0 (total 342.0)
Reply status: 1xx=0 2xx=1910 3xx=0 4xx=0 5xx=0

CPU time [s]: user 1.17 system 7.10 (user 14.1% system 85.3% total 99.4%)
Net I/O: 92.3 KB/s (0.8*10^6 bps)

Errors: total 90 client-timo 90 socket-timo 0 connrefused 0 connreset 0
Errors: fd-unavail 0 addrunavail 0 ftab-full 0 other 0

httperf --hog --timeout=1 --client=0/1 --server=172.17.60.201 --port=80 --uri=/ --rate=300 --send-buffer=4096 --recv-buffer=16384 --num-conns=2000 --num-calls=1
Maximum connect burst length: 3

Total: connections 2000 requests 1956 replies 1907 test-duration 7.607 s

Connection rate: 262.9 conn/s (3.8 ms/conn, <=40 concurrent connections)
Connection time [ms]: min 1.2 avg 20.3 max 968.8 median 15.5 stddev 39.2
Connection time [ms]: connect 7.6
Connection length [replies/conn]: 1.000

Request rate: 257.1 req/s (3.9 ms/req)
Request size [B]: 66.0

Reply rate [replies/s]: min 285.4 avg 285.4 max 285.4 stddev 0.0 (1 samples)
Reply time [ms]: response 14.8 transfer 0.0
Reply size [B]: header 266.0 content 76.0 footer 0.0 (total 342.0)
Reply status: 1xx=0 2xx=1907 3xx=0 4xx=0 5xx=0

CPU time [s]: user 1.02 system 6.54 (user 13.4% system 86.0% total 99.4%)
Net I/O: 100.7 KB/s (0.8*10^6 bps)

Errors: total 93 client-timo 93 socket-timo 0 connrefused 0 connreset 0
Errors: fd-unavail 0 addrunavail 0 ftab-full 0 other 0

httperf --hog --timeout=1 --client=0/1 --server=172.17.60.201 --port=80 --uri=/ --rate=320 --send-buffer=4096 --recv-buffer=16384 --num-conns=2000 --num-calls=1
Maximum connect burst length: 4

Total: connections 2000 requests 1936 replies 1897 test-duration 7.364 s

Connection rate: 271.6 conn/s (3.7 ms/conn, <=50 concurrent connections)
Connection time [ms]: min 2.5 avg 24.8 max 1951.8 median 18.5 stddev 70.1
Connection time [ms]: connect 8.4
Connection length [replies/conn]: 1.000

Request rate: 262.9 req/s (3.8 ms/req)
Request size [B]: 66.0

Reply rate [replies/s]: min 301.8 avg 301.8 max 301.8 stddev 0.0 (1 samples)
Reply time [ms]: response 17.9 transfer 0.0
Reply size [B]: header 266.0 content 76.0 footer 0.0 (total 342.0)
Reply status: 1xx=0 2xx=1897 3xx=0 4xx=0 5xx=0

CPU time [s]: user 0.96 system 6.36 (user 13.0% system 86.3% total 99.3%)
Net I/O: 103.4 KB/s (0.8*10^6 bps)

Errors: total 103 client-timo 103 socket-timo 0 connrefused 0 connreset 0
Errors: fd-unavail 0 addrunavail 0 ftab-full 0 other 0

httperf --hog --timeout=1 --client=0/1 --server=172.17.60.201 --port=80 --uri=/ --rate=340 --send-buffer=4096 --recv-buffer=16384 --num-conns=2000 --num-calls=1
Maximum connect burst length: 4

Total: connections 2000 requests 1943 replies 1889 test-duration 6.198 s

Connection rate: 322.7 conn/s (3.1 ms/conn, <=60 concurrent connections)
Connection time [ms]: min 1.2 avg 26.8 max 1000.7 median 19.5 stddev 36.9
Connection time [ms]: connect 7.2
Connection length [replies/conn]: 1.000

Request rate: 313.5 req/s (3.2 ms/req)
Request size [B]: 66.0

Reply rate [replies/s]: min 319.0 avg 319.0 max 319.0 stddev 0.0 (1 samples)
Reply time [ms]: response 20.1 transfer 0.0
Reply size [B]: header 266.0 content 76.0 footer 0.0 (total 342.0)
Reply status: 1xx=0 2xx=1889 3xx=0 4xx=0 5xx=0

CPU time [s]: user 0.48 system 5.68 (user 7.7% system 91.6% total 99.3%)
Net I/O: 122.6 KB/s (1.0*10^6 bps)

Errors: total 111 client-timo 111 socket-timo 0 connrefused 0 connreset 0
Errors: fd-unavail 0 addrunavail 0 ftab-full 0 other 0

httperf --hog --timeout=1 --client=0/1 --server=172.17.60.201 --port=80 --uri=/ --rate=360 --send-buffer=4096 --recv-buffer=16384 --num-conns=2000 --num-calls=1
Maximum connect burst length: 6

Total: connections 2000 requests 1931 replies 1879 test-duration 6.484 s

Connection rate: 308.5 conn/s (3.2 ms/conn, <=60 concurrent connections)
Connection time [ms]: min 1.3 avg 26.1 max 266.3 median 21.5 stddev 17.7
Connection time [ms]: connect 9.4
Connection length [replies/conn]: 1.000

Request rate: 297.8 req/s (3.4 ms/req)
Request size [B]: 66.0

Reply rate [replies/s]: min 334.8 avg 334.8 max 334.8 stddev 0.0 (1 samples)
Reply time [ms]: response 19.2 transfer 0.0
Reply size [B]: header 267.0 content 77.0 footer 0.0 (total 344.0)
Reply status: 1xx=0 2xx=1879 3xx=0 4xx=0 5xx=0

CPU time [s]: user 0.78 system 5.66 (user 12.0% system 87.4% total 99.3%)
Net I/O: 116.5 KB/s (1.0*10^6 bps)

Errors: total 121 client-timo 121 socket-timo 0 connrefused 0 connreset 0
Errors: fd-unavail 0 addrunavail 0 ftab-full 0 other 0

httperf --hog --timeout=1 --client=0/1 --server=172.17.60.201 --port=80 --uri=/ --rate=380 --send-buffer=4096 --recv-buffer=16384 --num-conns=2000 --num-calls=1
Maximum connect burst length: 4

Total: connections 2000 requests 1917 replies 1863 test-duration 6.603 s

Connection rate: 302.9 conn/s (3.3 ms/conn, <=71 concurrent connections)
Connection time [ms]: min 2.0 avg 34.9 max 1011.0 median 25.5 stddev 42.2
Connection time [ms]: connect 8.8
Connection length [replies/conn]: 1.000

Request rate: 290.3 req/s (3.4 ms/req)
Request size [B]: 66.0

Reply rate [replies/s]: min 350.8 avg 350.8 max 350.8 stddev 0.0 (1 samples)
Reply time [ms]: response 26.6 transfer 0.0
Reply size [B]: header 267.0 content 77.0 footer 0.0 (total 344.0)
Reply status: 1xx=0 2xx=1863 3xx=0 4xx=0 5xx=0

CPU time [s]: user 0.61 system 5.94 (user 9.2% system 90.0% total 99.2%)
Net I/O: 113.5 KB/s (0.9*10^6 bps)

Errors: total 137 client-timo 137 socket-timo 0 connrefused 0 connreset 0
Errors: fd-unavail 0 addrunavail 0 ftab-full 0 other 0

httperf --hog --timeout=1 --client=0/1 --server=172.17.60.201 --port=80 --uri=/ --rate=400 --send-buffer=4096 --recv-buffer=16384 --num-conns=2000 --num-calls=1
Maximum connect burst length: 5

Total: connections 2000 requests 1884 replies 1830 test-duration 6.020 s

Connection rate: 332.2 conn/s (3.0 ms/conn, <=108 concurrent connections)
Connection time [ms]: min 2.6 avg 57.9 max 1080.2 median 48.5 stddev 61.3
Connection time [ms]: connect 12.1
Connection length [replies/conn]: 1.000

Request rate: 313.0 req/s (3.2 ms/req)
Request size [B]: 66.0

Reply rate [replies/s]: min 359.8 avg 359.8 max 359.8 stddev 0.0 (1 samples)
Reply time [ms]: response 46.9 transfer 0.0
Reply size [B]: header 267.0 content 77.0 footer 0.0 (total 344.0)
Reply status: 1xx=0 2xx=1830 3xx=0 4xx=0 5xx=0

CPU time [s]: user 0.41 system 5.56 (user 6.8% system 92.4% total 99.2%)
Net I/O: 122.3 KB/s (1.0*10^6 bps)

Errors: total 170 client-timo 170 socket-timo 0 connrefused 0 connreset 0
Errors: fd-unavail 0 addrunavail 0 ftab-full 0 other 0

httperf --hog --timeout=1 --client=0/1 --server=172.17.60.201 --port=80 --uri=/ --rate=420 --send-buffer=4096 --recv-buffer=16384 --num-conns=2000 --num-calls=1
Maximum connect burst length: 7

Total: connections 2000 requests 1873 replies 1831 test-duration 5.761 s

Connection rate: 347.2 conn/s (2.9 ms/conn, <=99 concurrent connections)
Connection time [ms]: min 2.0 avg 51.5 max 1054.7 median 40.5 stddev 62.9
Connection time [ms]: connect 10.6
Connection length [replies/conn]: 1.000

Request rate: 325.1 req/s (3.1 ms/req)
Request size [B]: 66.0

Reply rate [replies/s]: min 365.6 avg 365.6 max 365.6 stddev 0.0 (1 samples)
Reply time [ms]: response 40.9 transfer 0.0
Reply size [B]: header 266.0 content 76.0 footer 0.0 (total 342.0)
Reply status: 1xx=0 2xx=1831 3xx=0 4xx=0 5xx=0

CPU time [s]: user 0.36 system 5.36 (user 6.2% system 93.0% total 99.2%)
Net I/O: 127.7 KB/s (1.0*10^6 bps)

Errors: total 169 client-timo 169 socket-timo 0 connrefused 0 connreset 0
Errors: fd-unavail 0 addrunavail 0 ftab-full 0 other 0

httperf --hog --timeout=1 --client=0/1 --server=172.17.60.201 --port=80 --uri=/ --rate=440 --send-buffer=4096 --recv-buffer=16384 --num-conns=2000 --num-calls=1
Maximum connect burst length: 6

Total: connections 2000 requests 1721 replies 1668 test-duration 5.539 s

Connection rate: 361.1 conn/s (2.8 ms/conn, <=189 concurrent connections)
Connection time [ms]: min 3.6 avg 118.0 max 1073.7 median 72.5 stddev 145.1
Connection time [ms]: connect 20.4
Connection length [replies/conn]: 1.000

Request rate: 310.7 req/s (3.2 ms/req)
Request size [B]: 66.0

Reply rate [replies/s]: min 333.2 avg 333.2 max 333.2 stddev 0.0 (1 samples)
Reply time [ms]: response 97.5 transfer 0.0
Reply size [B]: header 267.0 content 77.0 footer 0.0 (total 344.0)
Reply status: 1xx=0 2xx=1668 3xx=0 4xx=0 5xx=0

CPU time [s]: user 0.28 system 5.19 (user 5.1% system 93.7% total 98.9%)
Net I/O: 121.2 KB/s (1.0*10^6 bps)

Errors: total 332 client-timo 332 socket-timo 0 connrefused 0 connreset 0
Errors: fd-unavail 0 addrunavail 0 ftab-full 0 other 0

httperf --hog --timeout=1 --client=0/1 --server=172.17.60.201 --port=80 --uri=/ --rate=460 --send-buffer=4096 --recv-buffer=16384 --num-conns=2000 --num-calls=1
Maximum connect burst length: 6

Total: connections 2000 requests 1804 replies 1750 test-duration 5.329 s

Connection rate: 375.3 conn/s (2.7 ms/conn, <=156 concurrent connections)
Connection time [ms]: min 5.5 avg 72.6 max 768.6 median 53.5 stddev 80.9
Connection time [ms]: connect 12.5
Connection length [replies/conn]: 1.000

Request rate: 338.5 req/s (3.0 ms/req)
Request size [B]: 66.0

Reply rate [replies/s]: min 350.0 avg 350.0 max 350.0 stddev 0.0 (1 samples)
Reply time [ms]: response 60.7 transfer 0.0
Reply size [B]: header 267.0 content 77.0 footer 0.0 (total 344.0)
Reply status: 1xx=0 2xx=1750 3xx=0 4xx=0 5xx=0

CPU time [s]: user 0.29 system 4.98 (user 5.4% system 93.5% total 98.9%)
Net I/O: 132.1 KB/s (1.1*10^6 bps)

Errors: total 250 client-timo 250 socket-timo 0 connrefused 0 connreset 0
Errors: fd-unavail 0 addrunavail 0 ftab-full 0 other 0

httperf --hog --timeout=1 --client=0/1 --server=172.17.60.201 --port=80 --uri=/ --rate=480 --send-buffer=4096 --recv-buffer=16384 --num-conns=2000 --num-calls=1
Maximum connect burst length: 5

Total: connections 2000 requests 1706 replies 1658 test-duration 5.144 s

Connection rate: 388.8 conn/s (2.6 ms/conn, <=220 concurrent connections)
Connection time [ms]: min 5.1 avg 112.0 max 1088.2 median 73.5 stddev 122.9
Connection time [ms]: connect 19.1
Connection length [replies/conn]: 1.000

Request rate: 331.7 req/s (3.0 ms/req)
Request size [B]: 66.0

Reply rate [replies/s]: min 331.2 avg 331.2 max 331.2 stddev 0.0 (1 samples)
Reply time [ms]: response 93.4 transfer 0.0
Reply size [B]: header 266.0 content 76.0 footer 0.0 (total 342.0)
Reply status: 1xx=0 2xx=1658 3xx=0 4xx=0 5xx=0

CPU time [s]: user 0.16 system 4.92 (user 3.1% system 95.6% total 98.8%)
Net I/O: 129.6 KB/s (1.1*10^6 bps)

Errors: total 342 client-timo 342 socket-timo 0 connrefused 0 connreset 0
Errors: fd-unavail 0 addrunavail 0 ftab-full 0 other 0

httperf --hog --timeout=1 --client=0/1 --server=172.17.60.201 --port=80 --uri=/ --rate=500 --send-buffer=4096 --recv-buffer=16384 --num-conns=2000 --num-calls=1
Maximum connect burst length: 5

Total: connections 2000 requests 1580 replies 1512 test-duration 4.993 s

Connection rate: 400.6 conn/s (2.5 ms/conn, <=251 concurrent connections)
Connection time [ms]: min 12.3 avg 160.8 max 1270.4 median 90.5 stddev 169.3
Connection time [ms]: connect 19.2
Connection length [replies/conn]: 1.000

Request rate: 316.5 req/s (3.2 ms/req)
Request size [B]: 66.0

Reply rate [replies/s]: min 0.0 avg 0.0 max 0.0 stddev 0.0 (0 samples)
Reply time [ms]: response 141.5 transfer 0.0
Reply size [B]: header 266.0 content 76.0 footer 0.0 (total 342.0)
Reply status: 1xx=0 2xx=1512 3xx=0 4xx=0 5xx=0

CPU time [s]: user 0.14 system 4.77 (user 2.9% system 95.6% total 98.5%)
Net I/O: 122.1 KB/s (1.0*10^6 bps)

Errors: total 488 client-timo 488 socket-timo 0 connrefused 0 connreset 0
Errors: fd-unavail 0 addrunavail 0 ftab-full 0 other 0

httperf --hog --timeout=1 --client=0/1 --server=172.17.60.201 --port=80 --uri=/ --rate=520 --send-buffer=4096 --recv-buffer=16384 --num-conns=2000 --num-calls=1
Maximum connect burst length: 7

Total: connections 2000 requests 1451 replies 1366 test-duration 4.839 s

Connection rate: 413.3 conn/s (2.4 ms/conn, <=318 concurrent connections)
Connection time [ms]: min 32.1 avg 185.7 max 1080.0 median 116.5 stddev 169.0
Connection time [ms]: connect 26.4
Connection length [replies/conn]: 1.000

Request rate: 299.9 req/s (3.3 ms/req)
Request size [B]: 66.0

Reply rate [replies/s]: min 0.0 avg 0.0 max 0.0 stddev 0.0 (0 samples)
Reply time [ms]: response 159.3 transfer 0.0
Reply size [B]: header 267.0 content 77.0 footer 0.0 (total 344.0)
Reply status: 1xx=0 2xx=1366 3xx=0 4xx=0 5xx=0

CPU time [s]: user 0.13 system 4.62 (user 2.7% system 95.6% total 98.3%)
Net I/O: 114.2 KB/s (0.9*10^6 bps)

Errors: total 634 client-timo 634 socket-timo 0 connrefused 0 connreset 0
Errors: fd-unavail 0 addrunavail 0 ftab-full 0 other 0

httperf --hog --timeout=1 --client=0/1 --server=172.17.60.201 --port=80 --uri=/ --rate=540 --send-buffer=4096 --recv-buffer=16384 --num-conns=2000 --num-calls=1
Maximum connect burst length: 7

Total: connections 2000 requests 1395 replies 1325 test-duration 4.710 s

Connection rate: 424.6 conn/s (2.4 ms/conn, <=339 concurrent connections)
Connection time [ms]: min 35.1 avg 206.5 max 1013.7 median 119.5 stddev 186.2
Connection time [ms]: connect 27.1
Connection length [replies/conn]: 1.000

Request rate: 296.2 req/s (3.4 ms/req)
Request size [B]: 66.0

Reply rate [replies/s]: min 0.0 avg 0.0 max 0.0 stddev 0.0 (0 samples)
Reply time [ms]: response 179.4 transfer 0.0
Reply size [B]: header 267.0 content 77.0 footer 0.0 (total 344.0)
Reply status: 1xx=0 2xx=1325 3xx=0 4xx=0 5xx=0

CPU time [s]: user 0.10 system 4.50 (user 2.1% system 95.5% total 97.6%)
Net I/O: 113.6 KB/s (0.9*10^6 bps)

Errors: total 675 client-timo 675 socket-timo 0 connrefused 0 connreset 0
Errors: fd-unavail 0 addrunavail 0 ftab-full 0 other 0

httperf --hog --timeout=1 --client=0/1 --server=172.17.60.201 --port=80 --uri=/ --rate=560 --send-buffer=4096 --recv-buffer=16384 --num-conns=2000 --num-calls=1
Maximum connect burst length: 10

Total: connections 2000 requests 1522 replies 1441 test-duration 4.570 s

Connection rate: 437.6 conn/s (2.3 ms/conn, <=271 concurrent connections)
Connection time [ms]: min 24.7 avg 150.3 max 1630.8 median 89.5 stddev 152.6
Connection time [ms]: connect 21.9
Connection length [replies/conn]: 1.000

Request rate: 333.0 req/s (3.0 ms/req)
Request size [B]: 66.0

Reply rate [replies/s]: min 0.0 avg 0.0 max 0.0 stddev 0.0 (0 samples)
Reply time [ms]: response 128.4 transfer 0.0
Reply size [B]: header 267.0 content 77.0 footer 0.0 (total 344.0)
Reply status: 1xx=0 2xx=1441 3xx=0 4xx=0 5xx=0

CPU time [s]: user 0.14 system 4.34 (user 3.0% system 95.1% total 98.0%)
Net I/O: 127.4 KB/s (1.0*10^6 bps)

Errors: total 559 client-timo 559 socket-timo 0 connrefused 0 connreset 0
Errors: fd-unavail 0 addrunavail 0 ftab-full 0 other 0

httperf --hog --timeout=1 --client=0/1 --server=172.17.60.201 --port=80 --uri=/ --rate=580 --send-buffer=4096 --recv-buffer=16384 --num-conns=2000 --num-calls=1
Maximum connect burst length: 6

Total: connections 2000 requests 1371 replies 1267 test-duration 4.472 s

Connection rate: 447.3 conn/s (2.2 ms/conn, <=402 concurrent connections)
Connection time [ms]: min 30.9 avg 198.3 max 1026.9 median 99.5 stddev 191.4
Connection time [ms]: connect 27.7
Connection length [replies/conn]: 1.000

Request rate: 306.6 req/s (3.3 ms/req)
Request size [B]: 66.0

Reply rate [replies/s]: min 0.0 avg 0.0 max 0.0 stddev 0.0 (0 samples)
Reply time [ms]: response 170.6 transfer 0.0
Reply size [B]: header 267.0 content 77.0 footer 0.0 (total 344.0)
Reply status: 1xx=0 2xx=1267 3xx=0 4xx=0 5xx=0

CPU time [s]: user 0.14 system 4.24 (user 3.0% system 94.7% total 97.8%)
Net I/O: 114.9 KB/s (0.9*10^6 bps)

Errors: total 733 client-timo 733 socket-timo 0 connrefused 0 connreset 0
Errors: fd-unavail 0 addrunavail 0 ftab-full 0 other 0

httperf --hog --timeout=1 --client=0/1 --server=172.17.60.201 --port=80 --uri=/ --rate=600 --send-buffer=4096 --recv-buffer=16384 --num-conns=2000 --num-calls=1
Maximum connect burst length: 10

Total: connections 2000 requests 1322 replies 1222 test-duration 4.332 s

Connection rate: 461.7 conn/s (2.2 ms/conn, <=437 concurrent connections)
Connection time [ms]: min 19.9 avg 198.1 max 1022.6 median 110.5 stddev 193.0
Connection time [ms]: connect 28.5
Connection length [replies/conn]: 1.000

Request rate: 305.2 req/s (3.3 ms/req)
Request size [B]: 66.0

Reply rate [replies/s]: min 0.0 avg 0.0 max 0.0 stddev 0.0 (0 samples)
Reply time [ms]: response 169.8 transfer 0.0
Reply size [B]: header 267.0 content 77.0 footer 0.0 (total 344.0)
Reply status: 1xx=0 2xx=1222 3xx=0 4xx=0 5xx=0

CPU time [s]: user 0.10 system 4.13 (user 2.3% system 95.4% total 97.7%)
Net I/O: 114.4 KB/s (0.9*10^6 bps)

Errors: total 778 client-timo 778 socket-timo 0 connrefused 0 connreset 0
Errors: fd-unavail 0 addrunavail 0 ftab-full 0 other 0

httperf --hog --timeout=1 --client=0/1 --server=172.17.60.201 --port=80 --uri=/ --rate=620 --send-buffer=4096 --recv-buffer=16384 --num-conns=2000 --num-calls=1
Maximum connect burst length: 9

Total: connections 2000 requests 620 replies 473 test-duration 4.225 s

Connection rate: 473.4 conn/s (2.1 ms/conn, <=631 concurrent connections)
Connection time [ms]: min 30.2 avg 280.2 max 1029.2 median 176.5 stddev 233.0
Connection time [ms]: connect 26.0
Connection length [replies/conn]: 1.000

Request rate: 146.7 req/s (6.8 ms/req)
Request size [B]: 66.0

Reply rate [replies/s]: min 0.0 avg 0.0 max 0.0 stddev 0.0 (0 samples)
Reply time [ms]: response 254.3 transfer 0.0
Reply size [B]: header 265.0 content 76.0 footer 0.0 (total 341.0)
Reply status: 1xx=0 2xx=473 3xx=0 4xx=0 5xx=0

CPU time [s]: user 0.07 system 4.05 (user 1.7% system 95.8% total 97.5%)
Net I/O: 46.9 KB/s (0.4*10^6 bps)

Errors: total 1527 client-timo 1527 socket-timo 0 connrefused 0 connreset 0
Errors: fd-unavail 0 addrunavail 0 ftab-full 0 other 0

httperf --hog --timeout=1 --client=0/1 --server=172.17.60.201 --port=80 --uri=/ --rate=640 --send-buffer=4096 --recv-buffer=16384 --num-conns=2000 --num-calls=1
Maximum connect burst length: 6

Total: connections 2000 requests 1090 replies 958 test-duration 4.152 s

Connection rate: 481.7 conn/s (2.1 ms/conn, <=515 concurrent connections)
Connection time [ms]: min 40.3 avg 229.0 max 1014.3 median 139.5 stddev 209.3
Connection time [ms]: connect 29.1
Connection length [replies/conn]: 1.000

Request rate: 262.5 req/s (3.8 ms/req)
Request size [B]: 66.0

Reply rate [replies/s]: min 0.0 avg 0.0 max 0.0 stddev 0.0 (0 samples)
Reply time [ms]: response 200.1 transfer 0.0
Reply size [B]: header 267.0 content 77.0 footer 0.0 (total 344.0)
Reply status: 1xx=0 2xx=958 3xx=0 4xx=0 5xx=0

CPU time [s]: user 0.07 system 3.97 (user 1.7% system 95.7% total 97.4%)
Net I/O: 94.4 KB/s (0.8*10^6 bps)

Errors: total 1042 client-timo 1042 socket-timo 0 connrefused 0 connreset 0
Errors: fd-unavail 0 addrunavail 0 ftab-full 0 other 0

httperf --hog --timeout=1 --client=0/1 --server=172.17.60.201 --port=80 --uri=/ --rate=660 --send-buffer=4096 --recv-buffer=16384 --num-conns=2000 --num-calls=1
Maximum connect burst length: 12

Total: connections 2000 requests 1179 replies 1060 test-duration 4.063 s

Connection rate: 492.2 conn/s (2.0 ms/conn, <=516 concurrent connections)
Connection time [ms]: min 29.2 avg 216.4 max 944.0 median 127.5 stddev 191.7
Connection time [ms]: connect 25.6
Connection length [replies/conn]: 1.000

Request rate: 290.2 req/s (3.4 ms/req)
Request size [B]: 66.0

Reply rate [replies/s]: min 0.0 avg 0.0 max 0.0 stddev 0.0 (0 samples)
Reply time [ms]: response 191.1 transfer 0.0
Reply size [B]: header 266.0 content 76.0 footer 0.0 (total 342.0)
Reply status: 1xx=0 2xx=1060 3xx=0 4xx=0 5xx=0

CPU time [s]: user 0.14 system 3.81 (user 3.5% system 93.7% total 97.3%)
Net I/O: 106.3 KB/s (0.9*10^6 bps)

Errors: total 940 client-timo 940 socket-timo 0 connrefused 0 connreset 0
Errors: fd-unavail 0 addrunavail 0 ftab-full 0 other 0

httperf --hog --timeout=1 --client=0/1 --server=172.17.60.201 --port=80 --uri=/ --rate=680 --send-buffer=4096 --recv-buffer=16384 --num-conns=2000 --num-calls=1
Maximum connect burst length: 11

Total: connections 2000 requests 984 replies 765 test-duration 3.962 s

Connection rate: 504.8 conn/s (2.0 ms/conn, <=560 concurrent connections)
Connection time [ms]: min 54.7 avg 303.0 max 1058.5 median 182.5 stddev 236.2
Connection time [ms]: connect 30.0
Connection length [replies/conn]: 1.000

Request rate: 248.4 req/s (4.0 ms/req)
Request size [B]: 66.0

Reply rate [replies/s]: min 0.0 avg 0.0 max 0.0 stddev 0.0 (0 samples)
Reply time [ms]: response 273.1 transfer 0.0
Reply size [B]: header 266.0 content 76.0 footer 0.0 (total 342.0)
Reply status: 1xx=0 2xx=765 3xx=0 4xx=0 5xx=0

CPU time [s]: user 0.08 system 3.77 (user 2.0% system 95.2% total 97.2%)
Net I/O: 80.8 KB/s (0.7*10^6 bps)

Errors: total 1235 client-timo 1235 socket-timo 0 connrefused 0 connreset 0
Errors: fd-unavail 0 addrunavail 0 ftab-full 0 other 0

httperf --hog --timeout=1 --client=0/1 --server=172.17.60.201 --port=80 --uri=/ --rate=700 --send-buffer=4096 --recv-buffer=16384 --num-conns=2000 --num-calls=1
Maximum connect burst length: 8

Total: connections 2000 requests 1045 replies 861 test-duration 3.875 s

Connection rate: 516.1 conn/s (1.9 ms/conn, <=568 concurrent connections)
Connection time [ms]: min 43.5 avg 248.5 max 1015.1 median 160.5 stddev 206.6
Connection time [ms]: connect 24.2
Connection length [replies/conn]: 1.000

Request rate: 269.7 req/s (3.7 ms/req)
Request size [B]: 66.0

Reply rate [replies/s]: min 0.0 avg 0.0 max 0.0 stddev 0.0 (0 samples)
Reply time [ms]: response 225.1 transfer 0.0
Reply size [B]: header 267.0 content 77.0 footer 0.0 (total 344.0)
Reply status: 1xx=0 2xx=861 3xx=0 4xx=0 5xx=0

CPU time [s]: user 0.10 system 3.67 (user 2.6% system 94.7% total 97.2%)
Net I/O: 92.0 KB/s (0.8*10^6 bps)

Errors: total 1139 client-timo 1139 socket-timo 0 connrefused 0 connreset 0
Errors: fd-unavail 0 addrunavail 0 ftab-full 0 other 0

httperf --hog --timeout=1 --client=0/1 --server=172.17.60.201 --port=80 --uri=/ --rate=720 --send-buffer=4096 --recv-buffer=16384 --num-conns=2000 --num-calls=1
Maximum connect burst length: 9

Total: connections 2000 requests 878 replies 669 test-duration 3.775 s

Connection rate: 529.8 conn/s (1.9 ms/conn, <=586 concurrent connections)
Connection time [ms]: min 77.0 avg 334.7 max 1059.2 median 226.5 stddev 238.9
Connection time [ms]: connect 30.6
Connection length [replies/conn]: 1.000

Request rate: 232.6 req/s (4.3 ms/req)
Request size [B]: 66.0

Reply rate [replies/s]: min 0.0 avg 0.0 max 0.0 stddev 0.0 (0 samples)
Reply time [ms]: response 304.2 transfer 0.0
Reply size [B]: header 267.0 content 77.0 footer 0.0 (total 344.0)
Reply status: 1xx=0 2xx=669 3xx=0 4xx=0 5xx=0

CPU time [s]: user 0.07 system 3.59 (user 1.8% system 95.2% total 97.0%)
Net I/O: 74.5 KB/s (0.6*10^6 bps)

Errors: total 1331 client-timo 1331 socket-timo 0 connrefused 0 connreset 0
Errors: fd-unavail 0 addrunavail 0 ftab-full 0 other 0

httperf --hog --timeout=1 --client=0/1 --server=172.17.60.201 --port=80 --uri=/ --rate=740 --send-buffer=4096 --recv-buffer=16384 --num-conns=2000 --num-calls=1
Maximum connect burst length: 7

Total: connections 2000 requests 923 replies 766 test-duration 3.702 s

Connection rate: 540.3 conn/s (1.9 ms/conn, <=581 concurrent connections)
Connection time [ms]: min 64.7 avg 287.3 max 1032.3 median 191.5 stddev 214.6
Connection time [ms]: connect 25.9
Connection length [replies/conn]: 1.000

Request rate: 249.3 req/s (4.0 ms/req)
Request size [B]: 66.0

Reply rate [replies/s]: min 0.0 avg 0.0 max 0.0 stddev 0.0 (0 samples)
Reply time [ms]: response 261.5 transfer 0.0
Reply size [B]: header 266.0 content 76.0 footer 0.0 (total 342.0)
Reply status: 1xx=0 2xx=766 3xx=0 4xx=0 5xx=0

CPU time [s]: user 0.06 system 3.53 (user 1.6% system 95.4% total 97.0%)
Net I/O: 85.5 KB/s (0.7*10^6 bps)

Errors: total 1234 client-timo 1234 socket-timo 0 connrefused 0 connreset 0
Errors: fd-unavail 0 addrunavail 0 ftab-full 0 other 0

httperf --hog --timeout=1 --client=0/1 --server=172.17.60.201 --port=80 --uri=/ --rate=760 --send-buffer=4096 --recv-buffer=16384 --num-conns=2000 --num-calls=1
Maximum connect burst length: 7

Total: connections 2000 requests 306 replies 207 test-duration 3.667 s

Connection rate: 545.3 conn/s (1.8 ms/conn, <=766 concurrent connections)
Connection time [ms]: min 67.3 avg 372.0 max 971.7 median 300.5 stddev 252.5
Connection time [ms]: connect 27.7
Connection length [replies/conn]: 1.000

Request rate: 83.4 req/s (12.0 ms/req)
Request size [B]: 66.0

Reply rate [replies/s]: min 0.0 avg 0.0 max 0.0 stddev 0.0 (0 samples)
Reply time [ms]: response 345.7 transfer 0.0
Reply size [B]: header 266.0 content 76.0 footer 0.0 (total 342.0)
Reply status: 1xx=0 2xx=207 3xx=0 4xx=0 5xx=0

CPU time [s]: user 0.06 system 3.52 (user 1.5% system 96.1% total 97.6%)
Net I/O: 24.3 KB/s (0.2*10^6 bps)

Errors: total 1793 client-timo 1793 socket-timo 0 connrefused 0 connreset 0
Errors: fd-unavail 0 addrunavail 0 ftab-full 0 other 0

httperf --hog --timeout=1 --client=0/1 --server=172.17.60.201 --port=80 --uri=/ --rate=780 --send-buffer=4096 --recv-buffer=16384 --num-conns=2000 --num-calls=1
Maximum connect burst length: 10

Total: connections 2000 requests 752 replies 533 test-duration 3.584 s

Connection rate: 558.0 conn/s (1.8 ms/conn, <=689 concurrent connections)
Connection time [ms]: min 85.7 avg 354.1 max 1010.5 median 239.5 stddev 239.6
Connection time [ms]: connect 28.8
Connection length [replies/conn]: 1.000

Request rate: 209.8 req/s (4.8 ms/req)
Request size [B]: 66.0

Reply rate [replies/s]: min 0.0 avg 0.0 max 0.0 stddev 0.0 (0 samples)
Reply time [ms]: response 325.9 transfer 0.0
Reply size [B]: header 267.0 content 77.0 footer 0.0 (total 344.0)
Reply status: 1xx=0 2xx=533 3xx=0 4xx=0 5xx=0

CPU time [s]: user 0.06 system 3.43 (user 1.6% system 95.6% total 97.2%)
Net I/O: 63.5 KB/s (0.5*10^6 bps)

Errors: total 1467 client-timo 1467 socket-timo 0 connrefused 0 connreset 0
Errors: fd-unavail 0 addrunavail 0 ftab-full 0 other 0

httperf --hog --timeout=1 --client=0/1 --server=172.17.60.201 --port=80 --uri=/ --rate=800 --send-buffer=4096 --recv-buffer=16384 --num-conns=2000 --num-calls=1
Maximum connect burst length: 13

Total: connections 2000 requests 725 replies 515 test-duration 3.510 s

Connection rate: 569.7 conn/s (1.8 ms/conn, <=700 concurrent connections)
Connection time [ms]: min 74.3 avg 341.1 max 999.5 median 247.5 stddev 228.4
Connection time [ms]: connect 27.3
Connection length [replies/conn]: 1.000

Request rate: 206.5 req/s (4.8 ms/req)
Request size [B]: 66.0

Reply rate [replies/s]: min 0.0 avg 0.0 max 0.0 stddev 0.0 (0 samples)
Reply time [ms]: response 313.8 transfer 0.0
Reply size [B]: header 266.0 content 76.0 footer 0.0 (total 342.0)
Reply status: 1xx=0 2xx=515 3xx=0 4xx=0 5xx=0

CPU time [s]: user 0.07 system 3.32 (user 2.1% system 94.7% total 96.7%)
Net I/O: 62.6 KB/s (0.5*10^6 bps)

Errors: total 1485 client-timo 1485 socket-timo 0 connrefused 0 connreset 0
Errors: fd-unavail 0 addrunavail 0 ftab-full 0 other 0

httperf --hog --timeout=1 --client=0/1 --server=172.17.60.201 --port=80 --uri=/ --rate=820 --send-buffer=4096 --recv-buffer=16384 --num-conns=2000 --num-calls=1
Maximum connect burst length: 15

Total: connections 2000 requests 736 replies 469 test-duration 3.466 s

Connection rate: 577.0 conn/s (1.7 ms/conn, <=730 concurrent connections)
Connection time [ms]: min 92.2 avg 364.4 max 1012.1 median 240.5 stddev 246.9
Connection time [ms]: connect 29.8
Connection length [replies/conn]: 1.000

Request rate: 212.3 req/s (4.7 ms/req)
Request size [B]: 66.0

Reply rate [replies/s]: min 0.0 avg 0.0 max 0.0 stddev 0.0 (0 samples)
Reply time [ms]: response 335.7 transfer 0.0
Reply size [B]: header 267.0 content 77.0 footer 0.0 (total 344.0)
Reply status: 1xx=0 2xx=469 3xx=0 4xx=0 5xx=0

CPU time [s]: user 0.06 system 3.31 (user 1.6% system 95.4% total 97.1%)
Net I/O: 59.1 KB/s (0.5*10^6 bps)

Errors: total 1531 client-timo 1531 socket-timo 0 connrefused 0 connreset 0
Errors: fd-unavail 0 addrunavail 0 ftab-full 0 other 0

httperf --hog --timeout=1 --client=0/1 --server=172.17.60.201 --port=80 --uri=/ --rate=840 --send-buffer=4096 --recv-buffer=16384 --num-conns=2000 --num-calls=1
Maximum connect burst length: 14

Total: connections 2000 requests 720 replies 493 test-duration 3.416 s

Connection rate: 585.5 conn/s (1.7 ms/conn, <=733 concurrent connections)
Connection time [ms]: min 93.6 avg 355.8 max 1012.0 median 239.5 stddev 242.2
Connection time [ms]: connect 26.9
Connection length [replies/conn]: 1.000

Request rate: 210.8 req/s (4.7 ms/req)
Request size [B]: 66.0

Reply rate [replies/s]: min 0.0 avg 0.0 max 0.0 stddev 0.0 (0 samples)
Reply time [ms]: response 329.5 transfer 0.0
Reply size [B]: header 267.0 content 77.0 footer 0.0 (total 344.0)
Reply status: 1xx=0 2xx=493 3xx=0 4xx=0 5xx=0

CPU time [s]: user 0.07 system 3.23 (user 2.0% system 94.6% total 96.6%)
Net I/O: 62.1 KB/s (0.5*10^6 bps)

Errors: total 1507 client-timo 1507 socket-timo 0 connrefused 0 connreset 0
Errors: fd-unavail 0 addrunavail 0 ftab-full 0 other 0

httperf --hog --timeout=1 --client=0/1 --server=172.17.60.201 --port=80 --uri=/ --rate=860 --send-buffer=4096 --recv-buffer=16384 --num-conns=2000 --num-calls=1
Maximum connect burst length: 14

Total: connections 2000 requests 684 replies 420 test-duration 3.345 s

Connection rate: 597.9 conn/s (1.7 ms/conn, <=786 concurrent connections)
Connection time [ms]: min 104.0 avg 381.9 max 1014.5 median 282.5 stddev 246.8
Connection time [ms]: connect 28.7
Connection length [replies/conn]: 1.000

Request rate: 204.5 req/s (4.9 ms/req)
Request size [B]: 66.0

Reply rate [replies/s]: min 0.0 avg 0.0 max 0.0 stddev 0.0 (0 samples)
Reply time [ms]: response 353.9 transfer 0.0
Reply size [B]: header 267.0 content 77.0 footer 0.0 (total 344.0)
Reply status: 1xx=0 2xx=420 3xx=0 4xx=0 5xx=0

CPU time [s]: user 0.06 system 3.18 (user 1.8% system 95.2% total 97.0%)
Net I/O: 55.4 KB/s (0.5*10^6 bps)

Errors: total 1580 client-timo 1580 socket-timo 0 connrefused 0 connreset 0
Errors: fd-unavail 0 addrunavail 0 ftab-full 0 other 0

httperf --hog --timeout=1 --client=0/1 --server=172.17.60.201 --port=80 --uri=/ --rate=880 --send-buffer=4096 --recv-buffer=16384 --num-conns=2000 --num-calls=1
Maximum connect burst length: 11

Total: connections 2000 requests 697 replies 440 test-duration 3.296 s

Connection rate: 606.8 conn/s (1.6 ms/conn, <=809 concurrent connections)
Connection time [ms]: min 81.9 avg 325.1 max 1010.2 median 252.5 stddev 216.6
Connection time [ms]: connect 26.5
Connection length [replies/conn]: 1.000

Request rate: 211.5 req/s (4.7 ms/req)
Request size [B]: 66.0

Reply rate [replies/s]: min 0.0 avg 0.0 max 0.0 stddev 0.0 (0 samples)
Reply time [ms]: response 299.5 transfer 0.0
Reply size [B]: header 267.0 content 77.0 footer 0.0 (total 344.0)
Reply status: 1xx=0 2xx=440 3xx=0 4xx=0 5xx=0

CPU time [s]: user 0.04 system 3.16 (user 1.2% system 95.8% total 97.0%)
Net I/O: 58.5 KB/s (0.5*10^6 bps)

Errors: total 1560 client-timo 1560 socket-timo 0 connrefused 0 connreset 0
Errors: fd-unavail 0 addrunavail 0 ftab-full 0 other 0

httperf --hog --timeout=1 --client=0/1 --server=172.17.60.201 --port=80 --uri=/ --rate=900 --send-buffer=4096 --recv-buffer=16384 --num-conns=2000 --num-calls=1
Maximum connect burst length: 9

Total: connections 2000 requests 685 replies 401 test-duration 3.254 s

Connection rate: 614.6 conn/s (1.6 ms/conn, <=815 concurrent connections)
Connection time [ms]: min 100.0 avg 370.9 max 1027.8 median 277.5 stddev 239.1
Connection time [ms]: connect 27.9
Connection length [replies/conn]: 1.000

Request rate: 210.5 req/s (4.8 ms/req)
Request size [B]: 66.0

Reply rate [replies/s]: min 0.0 avg 0.0 max 0.0 stddev 0.0 (0 samples)
Reply time [ms]: response 344.0 transfer 0.0
Reply size [B]: header 267.0 content 77.0 footer 0.0 (total 344.0)
Reply status: 1xx=0 2xx=401 3xx=0 4xx=0 5xx=0

CPU time [s]: user 0.03 system 3.11 (user 1.0% system 95.6% total 96.6%)
Net I/O: 55.0 KB/s (0.5*10^6 bps)

Errors: total 1599 client-timo 1599 socket-timo 0 connrefused 0 connreset 0
Errors: fd-unavail 0 addrunavail 0 ftab-full 0 other 0

httperf --hog --timeout=1 --client=0/1 --server=172.17.60.201 --port=80 --uri=/ --rate=920 --send-buffer=4096 --recv-buffer=16384 --num-conns=2000 --num-calls=1
Maximum connect burst length: 6

Total: connections 2000 requests 675 replies 419 test-duration 3.199 s

Connection rate: 625.2 conn/s (1.6 ms/conn, <=857 concurrent connections)
Connection time [ms]: min 57.8 avg 341.6 max 1030.5 median 253.5 stddev 231.9
Connection time [ms]: connect 28.0
Connection length [replies/conn]: 1.000

Request rate: 211.0 req/s (4.7 ms/req)
Request size [B]: 66.0

Reply rate [replies/s]: min 0.0 avg 0.0 max 0.0 stddev 0.0 (0 samples)
Reply time [ms]: response 314.8 transfer 0.0
Reply size [B]: header 267.0 content 77.0 footer 0.0 (total 344.0)
Reply status: 1xx=0 2xx=419 3xx=0 4xx=0 5xx=0

CPU time [s]: user 0.09 system 3.03 (user 2.8% system 94.7% total 97.4%)
Net I/O: 57.6 KB/s (0.5*10^6 bps)

Errors: total 1581 client-timo 1581 socket-timo 0 connrefused 0 connreset 0
Errors: fd-unavail 0 addrunavail 0 ftab-full 0 other 0

httperf --hog --timeout=1 --client=0/1 --server=172.17.60.201 --port=80 --uri=/ --rate=940 --send-buffer=4096 --recv-buffer=16384 --num-conns=2000 --num-calls=1
Maximum connect burst length: 11

Total: connections 2000 requests 650 replies 396 test-duration 3.135 s

Connection rate: 638.0 conn/s (1.6 ms/conn, <=860 concurrent connections)
Connection time [ms]: min 93.5 avg 411.3 max 987.1 median 311.5 stddev 257.7
Connection time [ms]: connect 28.8
Connection length [replies/conn]: 1.000

Request rate: 207.4 req/s (4.8 ms/req)
Request size [B]: 66.0

Reply rate [replies/s]: min 0.0 avg 0.0 max 0.0 stddev 0.0 (0 samples)
Reply time [ms]: response 383.2 transfer 0.0
Reply size [B]: header 267.0 content 77.0 footer 0.0 (total 344.0)
Reply status: 1xx=0 2xx=396 3xx=0 4xx=0 5xx=0

CPU time [s]: user 0.07 system 2.94 (user 2.3% system 93.9% total 96.2%)
Net I/O: 55.8 KB/s (0.5*10^6 bps)

Errors: total 1604 client-timo 1604 socket-timo 0 connrefused 0 connreset 0
Errors: fd-unavail 0 addrunavail 0 ftab-full 0 other 0

httperf --hog --timeout=1 --client=0/1 --server=172.17.60.201 --port=80 --uri=/ --rate=960 --send-buffer=4096 --recv-buffer=16384 --num-conns=2000 --num-calls=1
Maximum connect burst length: 10

Total: connections 2000 requests 653 replies 414 test-duration 3.102 s

Connection rate: 644.7 conn/s (1.6 ms/conn, <=880 concurrent connections)
Connection time [ms]: min 59.7 avg 356.1 max 1024.1 median 277.5 stddev 240.0
Connection time [ms]: connect 26.3
Connection length [replies/conn]: 1.000

Request rate: 210.5 req/s (4.8 ms/req)
Request size [B]: 66.0

Reply rate [replies/s]: min 0.0 avg 0.0 max 0.0 stddev 0.0 (0 samples)
Reply time [ms]: response 331.5 transfer 0.0
Reply size [B]: header 267.0 content 77.0 footer 0.0 (total 344.0)
Reply status: 1xx=0 2xx=414 3xx=0 4xx=0 5xx=0

CPU time [s]: user 0.06 system 2.94 (user 1.8% system 94.9% total 96.7%)
Net I/O: 58.4 KB/s (0.5*10^6 bps)

Errors: total 1586 client-timo 1586 socket-timo 0 connrefused 0 connreset 0
Errors: fd-unavail 0 addrunavail 0 ftab-full 0 other 0

httperf --hog --timeout=1 --client=0/1 --server=172.17.60.201 --port=80 --uri=/ --rate=980 --send-buffer=4096 --recv-buffer=16384 --num-conns=2000 --num-calls=1
Maximum connect burst length: 8

Total: connections 2000 requests 768 replies 522 test-duration 3.044 s

Connection rate: 657.0 conn/s (1.5 ms/conn, <=886 concurrent connections)
Connection time [ms]: min 101.8 avg 364.8 max 1034.7 median 277.5 stddev 235.8
Connection time [ms]: connect 27.1
Connection length [replies/conn]: 1.000

Request rate: 252.3 req/s (4.0 ms/req)
Request size [B]: 66.0

Reply rate [replies/s]: min 0.0 avg 0.0 max 0.0 stddev 0.0 (0 samples)
Reply time [ms]: response 338.6 transfer 0.0
Reply size [B]: header 267.0 content 77.0 footer 0.0 (total 344.0)
Reply status: 1xx=0 2xx=522 3xx=0 4xx=0 5xx=0

CPU time [s]: user 0.04 system 2.89 (user 1.4% system 95.0% total 96.5%)
Net I/O: 73.9 KB/s (0.6*10^6 bps)

Errors: total 1478 client-timo 1478 socket-timo 0 connrefused 0 connreset 0
Errors: fd-unavail 0 addrunavail 0 ftab-full 0 other 0

httperf --hog --timeout=1 --client=0/1 --server=172.17.60.201 --port=80 --uri=/ --rate=1000 --send-buffer=4096 --recv-buffer=16384 --num-conns=2000 --num-calls=1
Maximum connect burst length: 5

Total: connections 2000 requests 1704 replies 1668 test-duration 3.698 s

Connection rate: 540.8 conn/s (1.8 ms/conn, <=356 concurrent connections)
Connection time [ms]: min 30.7 avg 188.6 max 1023.2 median 131.5 stddev 189.1
Connection time [ms]: connect 62.6
Connection length [replies/conn]: 1.000

Request rate: 460.8 req/s (2.2 ms/req)
Request size [B]: 66.0

Reply rate [replies/s]: min 0.0 avg 0.0 max 0.0 stddev 0.0 (0 samples)
Reply time [ms]: response 125.8 transfer 0.0
Reply size [B]: header 267.0 content 77.0 footer 0.0 (total 344.0)
Reply status: 1xx=0 2xx=1668 3xx=0 4xx=0 5xx=0

CPU time [s]: user 0.22 system 3.39 (user 5.9% system 91.7% total 97.7%)
Net I/O: 181.2 KB/s (1.5*10^6 bps)

Errors: total 332 client-timo 332 socket-timo 0 connrefused 0 connreset 0
Errors: fd-unavail 0 addrunavail 0 ftab-full 0 other 0

