httperf --verbose --hog --timeout=3 --client=0/1 --server=172.17.60.201 --port=80 --uri=/ --rate=16 --send-buffer=4096 --recv-buffer=16384 --num-conns=1000 --num-calls=1
httperf: maximum number of open descriptors = 4096
Maximum connect burst length: 1

Connection lifetime histogram (time in ms):
             :
             7.5 12
             8.5 17
             9.5 14
            10.5 32
            11.5 24
            12.5 21
            13.5 11
            14.5 19
            15.5 17
            16.5 19
            17.5 10
            18.5 6
            19.5 10
            20.5 5
            21.5 6
            22.5 2
            23.5 6
            24.5 2
            25.5 3
            26.5 3
            27.5 3
            28.5 1
            29.5 2
            30.5 3
             :
            32.5 1
            33.5 3
            34.5 1
            35.5 2
            36.5 1
            37.5 5
            38.5 2
            39.5 3
            40.5 4
            41.5 4
            42.5 2
            43.5 2
            44.5 2
            45.5 3
            46.5 3
            47.5 1
             :
            49.5 4
            50.5 1
            51.5 1
            52.5 1
             :
            54.5 1
            55.5 2
            56.5 4
             :
            58.5 3
             :
            61.5 1
            62.5 1
            63.5 3
            64.5 1
             :
            67.5 1
            68.5 2
            69.5 2
             :
            71.5 1
            72.5 1
            73.5 2
            74.5 2
            75.5 2
            76.5 1
            77.5 2
            78.5 1
            79.5 2
            80.5 3
            81.5 2
             :
            84.5 5
            85.5 1
            86.5 2
             :
            89.5 2
             :
            91.5 1
             :
            95.5 3
             :
            98.5 1
            99.5 1
             :
           101.5 1
           102.5 1
             :
           104.5 1
           105.5 1
           106.5 2
           107.5 1
           108.5 2
           109.5 2
             :
           113.5 1
             :
           115.5 1
             :
           117.5 2
           118.5 3
           119.5 1
             :
           121.5 3
           122.5 2
           123.5 3
           124.5 3
             :
           126.5 3
             :
           129.5 1
           130.5 1
           131.5 1
             :
           133.5 1
           134.5 1
             :
           138.5 1
           139.5 2
           140.5 1
             :
           142.5 1
           143.5 4
             :
           145.5 1
           146.5 1
           147.5 1
             :
           149.5 3
           150.5 2
           151.5 1
           152.5 2
           153.5 1
             :
           156.5 1
           157.5 2
           158.5 1
             :
           161.5 1
             :
           163.5 3
             :
           165.5 3
             :
           168.5 1
           169.5 1
             :
           171.5 1
           172.5 1
           173.5 2
           174.5 1
           175.5 1
             :
           178.5 1
             :
           180.5 1
           181.5 1
             :
           185.5 2
           186.5 1
           187.5 1
           188.5 1
             :
           190.5 1
             :
           192.5 2
           193.5 1
             :
           195.5 2
           196.5 1
             :
           198.5 1
           199.5 1
             :
           203.5 1
             :
           205.5 1
           206.5 2
           207.5 3
             :
           210.5 1
           211.5 1
             :
           213.5 1
             :
           215.5 2
           216.5 1
           217.5 1
           218.5 4
             :
           220.5 1
             :
           223.5 1
             :
           225.5 1
             :
           230.5 1
           231.5 2
             :
           234.5 1
             :
           237.5 1
           238.5 2
           239.5 1
           240.5 3
           241.5 1
           242.5 2
           243.5 1
           244.5 1
           245.5 1
           246.5 1
           247.5 1
             :
           249.5 1
             :
           251.5 4
           252.5 3
           253.5 1
             :
           255.5 3
             :
           258.5 1
           259.5 2
           260.5 1
             :
           264.5 2
           265.5 1
           266.5 1
             :
           268.5 1
           269.5 3
           270.5 1
           271.5 1
           272.5 2
           273.5 2
           274.5 1
             :
           276.5 2
           277.5 1
           278.5 1
           279.5 3
           280.5 1
             :
           282.5 2
           283.5 1
           284.5 2
           285.5 1
           286.5 2
           287.5 1
             :
           290.5 1
           291.5 1
           292.5 1
           293.5 1
           294.5 1
           295.5 1
           296.5 1
             :
           299.5 1
           300.5 1
             :
           302.5 3
           303.5 1
             :
           305.5 1
           306.5 2
           307.5 1
           308.5 1
           309.5 1
           310.5 2
             :
           313.5 1
             :
           316.5 1
           317.5 2
             :
           319.5 1
             :
           321.5 1
             :
           323.5 1
           324.5 1
             :
           326.5 2
             :
           332.5 1
           333.5 1
           334.5 1
           335.5 2
             :
           337.5 1
             :
           339.5 2
           340.5 2
             :
           347.5 1
             :
           352.5 2
             :
           355.5 1
             :
           358.5 1
           359.5 1
           360.5 1
           361.5 1
             :
           363.5 2
           364.5 1
             :
           366.5 2
           367.5 1
             :
           369.5 2
             :
           371.5 1
           372.5 1
             :
           375.5 1
           376.5 1
           377.5 1
           378.5 2
           379.5 3
           380.5 1
           381.5 2
           382.5 1
           383.5 1
           384.5 2
           385.5 1
           386.5 1
             :
           388.5 1
           389.5 1
             :
           392.5 1
           393.5 2
           394.5 1
             :
           398.5 1
             :
           402.5 1
           403.5 1
             :
           405.5 2
           406.5 2
             :
           409.5 2
             :
           411.5 2
             :
           415.5 3
           416.5 2
             :
           418.5 1
             :
           420.5 1
           421.5 1
             :
           423.5 1
             :
           428.5 3
             :
           431.5 1
           432.5 2
           433.5 1
             :
           435.5 2
             :
           437.5 1
             :
           443.5 1
             :
           445.5 1
             :
           448.5 1
             :
           450.5 1
             :
           452.5 1
           453.5 1
           454.5 2
           455.5 1
             :
           459.5 1
             :
           461.5 1
           462.5 1
           463.5 1
           464.5 1
           465.5 1
             :
           467.5 1
             :
           477.5 2
           478.5 3
           479.5 1
             :
           482.5 1
             :
           485.5 3
             :
           487.5 2
           488.5 1
             :
           494.5 1
             :
           497.5 1
           498.5 1
           499.5 1
           500.5 2
           501.5 1
             :
           503.5 2
             :
           505.5 3
             :
           507.5 2
             :
           516.5 1
             :
           518.5 1
             :
           520.5 1
           521.5 1
           522.5 1
             :
           524.5 1
             :
           526.5 1
           527.5 1
           528.5 1
           529.5 1
             :
           532.5 1
             :
           537.5 1
             :
           539.5 1
           540.5 1
           541.5 2
             :
           543.5 1
             :
           545.5 1
           546.5 1
           547.5 1
           548.5 1
             :
           552.5 2
           553.5 1
             :
           555.5 1
           556.5 1
             :
           560.5 2
             :
           562.5 1
             :
           566.5 1
             :
           569.5 2
             :
           571.5 1
           572.5 1
           573.5 1
           574.5 1
           575.5 1
             :
           580.5 1
             :
           582.5 1
             :
           585.5 1
           586.5 2
             :
           591.5 1
           592.5 1
             :
           595.5 1
             :
           597.5 1
           598.5 1
             :
           600.5 1
           601.5 1
             :
           604.5 2
           605.5 1
             :
           607.5 1
           608.5 1
           609.5 2
           610.5 1
           611.5 1
             :
           613.5 2
           614.5 1
             :
           616.5 1
           617.5 1
             :
           619.5 2
             :
           622.5 1
             :
           628.5 2
           629.5 1
             :
           633.5 3
             :
           637.5 2
             :
           640.5 1
             :
           642.5 1
           643.5 1
           644.5 1
           645.5 2
           646.5 1
             :
           648.5 1
             :
           650.5 3
             :
           652.5 1
             :
           655.5 1
           656.5 1
           657.5 1
             :
           665.5 1
           666.5 1
           667.5 1
             :
           669.5 1
             :
           671.5 1
             :
           673.5 1
           674.5 1
             :
           677.5 2
             :
           679.5 1
           680.5 1
           681.5 1
           682.5 1
             :
           684.5 1
             :
           687.5 1
             :
           689.5 1
             :
           691.5 2
             :
           694.5 2
             :
           697.5 2
             :
           700.5 2
           701.5 1
           702.5 2
             :
           705.5 1
           706.5 2
             :
           711.5 1
             :
           713.5 2
           714.5 3
             :
           716.5 1
           717.5 1
             :
           722.5 2
             :
           725.5 1
             :
           728.5 1
           729.5 2
             :
           731.5 1
             :
           735.5 2
             :
           737.5 1
           738.5 1
             :
           741.5 2
             :
           747.5 1
             :
           751.5 1
             :
           754.5 2
             :
           758.5 1
             :
           765.5 1
             :
           767.5 1
             :
           770.5 1
             :
           773.5 1
             :
           776.5 1
           777.5 2
           778.5 2
           779.5 3
             :
           781.5 1
             :
           784.5 1
             :
           786.5 2
             :
           788.5 1
           789.5 1
             :
           791.5 2
           792.5 1
           793.5 1
           794.5 1
           795.5 1
           796.5 2
           797.5 3
             :
           800.5 1
           801.5 1
             :
           803.5 1
             :
           806.5 2
           807.5 1
             :
           813.5 2
             :
           816.5 1
             :
           818.5 2
           819.5 1
           820.5 1
             :
           824.5 1
             :
           835.5 1
           836.5 2
             :
           839.5 2
             :
           842.5 1
           843.5 1
           844.5 1
             :
           846.5 2
             :
           848.5 1
             :
           852.5 1
             :
           854.5 1
           855.5 1
             :
           877.5 1
             :
           885.5 1
             :
           887.5 2
             :
           889.5 1
             :
           894.5 1
             :
           897.5 1
             :
           900.5 1
             :
           904.5 1
             :
           911.5 1
             :
           917.5 1
             :
           920.5 1
             :
           924.5 2
             :
           926.5 1
             :
           929.5 2
             :
           935.5 1
             :
           941.5 1
             :
           947.5 1
             :
           949.5 1
           950.5 1
           951.5 1
             :
           954.5 2
             :
           956.5 1
             :
           962.5 1
             :
           971.5 1
             :
           987.5 1
             :
           990.5 2
           991.5 1
             :
           998.5 1
             :
          1002.5 1
             :
          1006.5 1
          1007.5 1
             :
          1010.5 1
          1011.5 1
          1012.5 1
             :
          1017.5 1
          1018.5 1
          1019.5 1
          1020.5 1
          1021.5 1
             :
          1024.5 1
             :
          1027.5 1
             :
          1031.5 2
             :
          1035.5 1
          1036.5 1
             :
          1038.5 1
             :
          1040.5 2
             :
          1051.5 1
             :
          1056.5 1
             :
          1059.5 1
          1060.5 1
             :
          1065.5 1
          1066.5 1
             :
          1073.5 1
          1074.5 1
             :
          1083.5 1
             :
          1086.5 1
             :
          1100.5 1
          1101.5 1
             :
          1112.5 1
             :
          1114.5 1
          1115.5 2
             :
          1120.5 1
             :
          1128.5 1
             :
          1130.5 2
             :
          1132.5 2
             :
          1136.5 1
             :
          1141.5 1
             :
          1146.5 1
             :
          1153.5 1
             :
          1168.5 1
             :
          1188.5 1
             :
          1197.5 1
             :
          1212.5 1
             :
          1215.5 1
             :
          1217.5 1
             :
          1228.5 1
             :
          1332.5 1
          1333.5 1
             :
          1359.5 1
             :
          1368.5 1
             :
          1397.5 1
             :
          1449.5 1
             :
          1507.5 1
             :
          1511.5 1
             :
          1576.5 1
             :
          1626.5 1
             :
          1647.5 1
             :
          1705.5 1
             :
          1870.5 1
             :
          2044.5 1
             :
          2046.5 1
             :
          2149.5 1
             :
          2153.5 1
             :
          2199.5 1
             :
          2285.5 1
             :
          2695.5 1

Total: connections 1000 requests 997 replies 996 test-duration 63.581 s

Connection rate: 15.7 conn/s (63.6 ms/conn, <=19 concurrent connections)
Connection time [ms]: min 7.3 avg 370.3 max 2695.1 median 258.5 stddev 387.7
Connection time [ms]: connect 9.2
Connection length [replies/conn]: 1.000

Request rate: 15.7 req/s (63.8 ms/req)
Request size [B]: 66.0

Reply rate [replies/s]: min 8.0 avg 15.7 max 23.0 stddev 3.1 (63 samples)
Percentages of the replies served at a given rate:
   50%: 15
   66%: 16
   75%: 17
   80%: 17
   90%: 19
   95%: 19
   98%: 21
   99%: 22
  100%: 23

Reply time [ms]: response 360.6 transfer 0.4
Percentages of the requests served within a certain time (ms) :
   50%: 254
   66%: 460
   75%: 608
   80%: 690
   90%: 885
   95%: 1040
   98%: 1187
   99%: 1448
  100%: 2281

Reply size [B]: header 167.0 content 59.0 footer 0.0 (total 226.0)
Reply status: 1xx=0 2xx=996 3xx=0 4xx=0 5xx=0

CPU time [s]: user 38.66 system 24.82 (user 60.8% system 39.0% total 99.8%)
Net I/O: 4.5 KB/s (0.0*10^6 bps)

Errors: total 4 client-timo 4 socket-timo 0 connrefused 0 connreset 0
Errors: fd-unavail 0 addrunavail 0 ftab-full 0 other 0

