httperf --verbose --hog --timeout=50 --client=0/1 --server=172.16.116.116 --port=8080 --uri=/ --rate=16 --send-buffer=4096 --recv-buffer=16384 --num-conns=2880 --num-calls=1
httperf: maximum number of open descriptors = 65535
Maximum connect burst length: 1

Connection lifetime histogram (time in ms):
             :
            10.5 314
            11.5 904
            12.5 295
            13.5 224
            14.5 147
            15.5 212
            16.5 325
            17.5 182
            18.5 99
            19.5 50
            20.5 38
            21.5 27
            22.5 6
            23.5 9
            24.5 5
            25.5 5
            26.5 2
            27.5 1
             :
            29.5 1
            30.5 1
            31.5 1
             :
            42.5 1
             :
            56.5 1
             :
            59.5 1
             :
            61.5 1
             :
            70.5 1
             :
            78.5 2
             :
            90.5 1
             :
            93.5 1
             :
           121.5 1
             :
           137.5 1
             :
           159.5 1
             :
           161.5 1
             :
           173.5 2
             :
           176.5 1
           177.5 1
             :
           179.5 1
             :
           181.5 1
             :
           188.5 1
             :
           211.5 1
             :
           218.5 1
             :
           229.5 1
             :
           231.5 1
           232.5 1
             :
           252.5 1
             :
           260.5 1
             :
           266.5 1
             :
           275.5 2
             :
           309.5 1
             :
           332.5 1

Total: connections 2880 requests 2880 replies 2880 test-duration 179.951 s

Connection rate: 16.0 conn/s (62.5 ms/conn, <=2 concurrent connections)
Connection time [ms]: min 10.1 avg 15.6 max 332.7 median 12.5 stddev 19.0
Connection time [ms]: connect 0.7
Connection length [replies/conn]: 1.000

Request rate: 16.0 req/s (62.5 ms/req)
Request size [B]: 67.0

Reply rate [replies/s]: min 15.0 avg 16.0 max 17.0 stddev 0.2 (179 samples)
Percentages of the replies served at a given rate:
   50%: 15
   66%: 15
   75%: 15
   80%: 15
   90%: 15
   95%: 15
   98%: 15
   99%: 16
  100%: 17

Reply time [ms]: response 14.2 transfer 0.5
Percentages of the requests served within a certain time (ms) :
   50%: 11
   66%: 13
   75%: 14
   80%: 15
   90%: 16
   95%: 17
   98%: 20
   99%: 60
  100%: 331

Reply size [B]: header 163.0 content 72.0 footer 2.0 (total 237.0)
Reply status: 1xx=0 2xx=2880 3xx=0 4xx=0 5xx=0

CPU time [s]: user 150.23 system 29.38 (user 83.5% system 16.3% total 99.8%)
Net I/O: 4.7 KB/s (0.0*10^6 bps)

Errors: total 0 client-timo 0 socket-timo 0 connrefused 0 connreset 0
Errors: fd-unavail 0 addrunavail 0 ftab-full 0 other 0

