httperf --verbose --hog --timeout=50 --client=0/1 --server=172.16.116.116 --port=8080 --uri=/ --rate=24 --send-buffer=4096 --recv-buffer=16384 --num-conns=4320 --num-calls=1
httperf: maximum number of open descriptors = 65535
Maximum connect burst length: 1

Connection lifetime histogram (time in ms):
             :
            10.5 228
            11.5 602
            12.5 409
            13.5 347
            14.5 292
            15.5 277
            16.5 344
            17.5 239
            18.5 179
            19.5 151
            20.5 167
            21.5 144
            22.5 147
            23.5 112
            24.5 76
            25.5 74
            26.5 60
            27.5 63
            28.5 41
            29.5 41
            30.5 38
            31.5 33
            32.5 17
            33.5 17
            34.5 28
            35.5 16
            36.5 16
            37.5 8
            38.5 13
            39.5 6
            40.5 4
            41.5 11
            42.5 6
            43.5 7
            44.5 9
            45.5 3
            46.5 3
            47.5 4
            48.5 1
            49.5 3
            50.5 3
            51.5 5
            52.5 1
            53.5 3
             :
            57.5 2
             :
            60.5 1
             :
            62.5 2
             :
            65.5 3
             :
            67.5 1
             :
            74.5 1
             :
            83.5 1
             :
           105.5 1
             :
           108.5 1
             :
           126.5 1
             :
           136.5 1
             :
           148.5 1
             :
           152.5 1
             :
           158.5 1
             :
           160.5 2
             :
           163.5 1
             :
           165.5 1
             :
           173.5 1
             :
           183.5 1
             :
           185.5 1
             :
           188.5 1
           189.5 1
             :
           194.5 1
             :
           196.5 1
             :
           198.5 2
             :
           202.5 1
             :
           209.5 1
             :
           211.5 1
           212.5 1
             :
           218.5 1
           219.5 1
             :
           223.5 2
           224.5 1
           225.5 1
             :
           227.5 1
             :
           229.5 1
             :
           235.5 1
             :
           240.5 1
             :
           243.5 1
           244.5 1
             :
           247.5 1
           248.5 1
           249.5 1
           250.5 1
             :
           252.5 1
             :
           256.5 1
             :
           261.5 2
             :
           267.5 1
             :
           270.5 1
             :
           273.5 1
             :
           281.5 2
             :
           293.5 1
           294.5 1
           295.5 1
             :
           302.5 1
             :
           316.5 1
           317.5 1
             :
           345.5 1
             :
           360.5 1
             :
           367.5 1
             :
           383.5 1
             :
           462.5 1
             :
           471.5 1

Total: connections 4320 requests 4320 replies 4320 test-duration 179.971 s

Connection rate: 24.0 conn/s (41.7 ms/conn, <=3 concurrent connections)
Connection time [ms]: min 10.0 avg 20.9 max 471.8 median 16.5 stddev 28.3
Connection time [ms]: connect 0.7
Connection length [replies/conn]: 1.000

Request rate: 24.0 req/s (41.7 ms/req)
Request size [B]: 67.0

Reply rate [replies/s]: min 22.9 avg 24.0 max 25.0 stddev 0.4 (179 samples)
Percentages of the replies served at a given rate:
   50%: 23
   66%: 23
   75%: 23
   80%: 23
   90%: 24
   95%: 24
   98%: 24
   99%: 24
  100%: 25

Reply time [ms]: response 19.4 transfer 0.7
Percentages of the requests served within a certain time (ms) :
   50%: 14
   66%: 17
   75%: 19
   80%: 20
   90%: 25
   95%: 31
   98%: 45
   99%: 189
  100%: 407

Reply size [B]: header 162.0 content 72.0 footer 1.0 (total 235.0)
Reply status: 1xx=0 2xx=4320 3xx=0 4xx=0 5xx=0

CPU time [s]: user 147.50 system 32.10 (user 82.0% system 17.8% total 99.8%)
Net I/O: 7.1 KB/s (0.1*10^6 bps)

Errors: total 0 client-timo 0 socket-timo 0 connrefused 0 connreset 0
Errors: fd-unavail 0 addrunavail 0 ftab-full 0 other 0

