httperf --verbose --hog --timeout=50 --client=0/1 --server=172.16.116.116 --port=8080 --uri=/ --rate=16 --send-buffer=4096 --recv-buffer=16384 --num-conns=4800 --num-calls=1
httperf: maximum number of open descriptors = 65535
Maximum connect burst length: 1

Connection lifetime histogram (time in ms):
             :
            10.5 593
            11.5 1183
            12.5 506
            13.5 440
            14.5 392
            15.5 454
            16.5 485
            17.5 251
            18.5 145
            19.5 75
            20.5 53
            21.5 28
            22.5 22
            23.5 12
            24.5 6
            25.5 9
            26.5 2
             :
            28.5 1
            29.5 2
            30.5 1
             :
            32.5 2
            33.5 1
             :
            35.5 1
             :
            40.5 1
             :
            43.5 1
             :
            64.5 1
             :
            66.5 1
             :
            77.5 1
            78.5 1
            79.5 1
             :
            83.5 1
             :
            89.5 1
             :
            92.5 1
            93.5 1
            94.5 1
             :
            97.5 1
             :
           106.5 1
           107.5 1
             :
           114.5 1
             :
           116.5 2
             :
           127.5 1
             :
           131.5 1
             :
           149.5 1
             :
           152.5 1
             :
           154.5 1
             :
           160.5 1
             :
           164.5 2
             :
           168.5 1
             :
           172.5 2
           173.5 1
             :
           176.5 1
             :
           178.5 2
           179.5 1
             :
           181.5 1
           182.5 1
             :
           184.5 1
             :
           186.5 1
             :
           188.5 2
             :
           190.5 2
             :
           192.5 2
           193.5 1
             :
           196.5 1
           197.5 2
             :
           201.5 3
           202.5 1
             :
           204.5 1
           205.5 2
           206.5 1
           207.5 1
           208.5 1
             :
           210.5 1
           211.5 2
             :
           213.5 1
             :
           215.5 1
             :
           219.5 1
             :
           224.5 1
             :
           226.5 2
           227.5 2
           228.5 1
           229.5 1
           230.5 1
             :
           233.5 1
             :
           239.5 1
           240.5 1
             :
           243.5 2
             :
           245.5 1
           246.5 1
             :
           248.5 1
             :
           251.5 1
           252.5 1
           253.5 1
           254.5 1
           255.5 1
           256.5 2
           257.5 2
           258.5 2
             :
           263.5 1
           264.5 2
           265.5 2
             :
           268.5 2
           269.5 1
           270.5 2
           271.5 1
             :
           275.5 1
             :
           280.5 1
             :
           282.5 1
           283.5 1
           284.5 1
           285.5 2
           286.5 1
             :
           289.5 1
             :
           300.5 1
             :
           305.5 1
           306.5 1
             :
           320.5 1
           321.5 1
             :
           323.5 1
             :
           325.5 1
             :
           328.5 1
           329.5 1
           330.5 1
             :
           332.5 2
           333.5 1
             :
           337.5 1
             :
           343.5 2
           344.5 1
           345.5 1
             :
           353.5 1
             :
           361.5 1
             :
           366.5 1
             :
           373.5 1
             :
           380.5 1
             :
           382.5 1
             :
           414.5 1

Total: connections 4800 requests 4800 replies 4800 test-duration 299.949 s

Connection rate: 16.0 conn/s (62.5 ms/conn, <=2 concurrent connections)
Connection time [ms]: min 10.0 avg 19.9 max 414.7 median 13.5 stddev 37.8
Connection time [ms]: connect 0.8
Connection length [replies/conn]: 1.000

Request rate: 16.0 req/s (62.5 ms/req)
Request size [B]: 67.0

Reply rate [replies/s]: min 15.0 avg 16.0 max 17.0 stddev 0.4 (299 samples)
Percentages of the replies served at a given rate:
   50%: 15
   66%: 15
   75%: 15
   80%: 15
   90%: 15
   95%: 16
   98%: 16
   99%: 16
  100%: 17

Reply time [ms]: response 18.1 transfer 0.9
Percentages of the requests served within a certain time (ms) :
   50%: 11
   66%: 13
   75%: 14
   80%: 15
   90%: 16
   95%: 18
   98%: 172
   99%: 241
  100%: 399

Reply size [B]: header 162.0 content 72.0 footer 1.0 (total 235.0)
Reply status: 1xx=0 2xx=4800 3xx=0 4xx=0 5xx=0

CPU time [s]: user 248.96 system 50.42 (user 83.0% system 16.8% total 99.8%)
Net I/O: 4.7 KB/s (0.0*10^6 bps)

Errors: total 0 client-timo 0 socket-timo 0 connrefused 0 connreset 0
Errors: fd-unavail 0 addrunavail 0 ftab-full 0 other 0

