httperf --verbose --hog --timeout=50 --client=0/1 --server=172.16.116.116 --port=8080 --uri=/ --rate=16 --send-buffer=4096 --recv-buffer=16384 --num-conns=4800 --num-calls=1
httperf: maximum number of open descriptors = 65535
Maximum connect burst length: 1

Connection lifetime histogram (time in ms):
             :
            10.5 445
            11.5 1113
            12.5 506
            13.5 383
            14.5 427
            15.5 583
            16.5 541
            17.5 258
            18.5 148
            19.5 88
            20.5 54
            21.5 28
            22.5 26
            23.5 14
            24.5 16
            25.5 6
            26.5 8
            27.5 4
             :
            29.5 1
             :
            31.5 2
            32.5 1
             :
            34.5 1
            35.5 1
             :
            37.5 1
             :
            43.5 2
             :
            56.5 1
            57.5 1
             :
            74.5 1
            75.5 1
             :
            80.5 1
            81.5 1
             :
            98.5 1
             :
           101.5 1
             :
           103.5 1
           104.5 1
           105.5 1
           106.5 1
             :
           109.5 1
             :
           111.5 1
             :
           113.5 2
           114.5 1
             :
           117.5 1
             :
           121.5 1
             :
           127.5 1
             :
           129.5 1
             :
           131.5 1
             :
           139.5 2
             :
           141.5 1
             :
           146.5 2
             :
           150.5 1
           151.5 2
             :
           153.5 1
             :
           155.5 1
             :
           160.5 1
           161.5 1
             :
           164.5 1
             :
           166.5 1
           167.5 1
             :
           169.5 1
           170.5 1
             :
           172.5 1
             :
           178.5 1
             :
           180.5 1
             :
           182.5 1
           183.5 1
           184.5 1
             :
           186.5 1
           187.5 1
           188.5 1
             :
           191.5 2
           192.5 1
             :
           196.5 1
             :
           199.5 4
             :
           205.5 2
             :
           208.5 2
           209.5 1
           210.5 2
             :
           212.5 2
           213.5 2
           214.5 1
             :
           216.5 1
             :
           219.5 1
             :
           223.5 2
           224.5 2
           225.5 1
             :
           227.5 1
           228.5 2
           229.5 1
           230.5 2
             :
           232.5 2
             :
           237.5 2
             :
           239.5 1
           240.5 1
           241.5 1
           242.5 1
             :
           244.5 1
           245.5 1
             :
           249.5 1
           250.5 1
           251.5 1
             :
           256.5 1
             :
           259.5 1
           260.5 2
             :
           264.5 1
           265.5 1
             :
           267.5 1
           268.5 1
             :
           272.5 5
             :
           275.5 1
           276.5 2
             :
           283.5 2
           284.5 1
           285.5 2
             :
           287.5 1
           288.5 1
           289.5 1
           290.5 1
             :
           293.5 1
           294.5 1
           295.5 1
           296.5 1
           297.5 1
           298.5 1
           299.5 1
             :
           304.5 2
             :
           310.5 1
             :
           318.5 1
             :
           329.5 1
             :
           335.5 1
             :
           341.5 1
             :
           343.5 1
             :
           345.5 2
             :
           351.5 2
             :
           353.5 1
             :
           360.5 1
             :
           362.5 1
             :
           370.5 1
             :
           380.5 1

Total: connections 4800 requests 4800 replies 4800 test-duration 299.950 s

Connection rate: 16.0 conn/s (62.5 ms/conn, <=2 concurrent connections)
Connection time [ms]: min 10.1 avg 20.3 max 380.2 median 13.5 stddev 37.4
Connection time [ms]: connect 0.8
Connection length [replies/conn]: 1.000

Request rate: 16.0 req/s (62.5 ms/req)
Request size [B]: 67.0

Reply rate [replies/s]: min 15.0 avg 16.0 max 17.0 stddev 0.4 (299 samples)
Percentages of the replies served at a given rate:
   50%: 15
   66%: 15
   75%: 15
   80%: 15
   90%: 15
   95%: 16
   98%: 16
   99%: 16
  100%: 17

Reply time [ms]: response 18.5 transfer 1.0
Percentages of the requests served within a certain time (ms) :
   50%: 12
   66%: 14
   75%: 14
   80%: 15
   90%: 16
   95%: 19
   98%: 171
   99%: 227
  100%: 370

Reply size [B]: header 162.0 content 72.0 footer 1.0 (total 235.0)
Reply status: 1xx=0 2xx=4800 3xx=0 4xx=0 5xx=0

CPU time [s]: user 248.75 system 50.64 (user 82.9% system 16.9% total 99.8%)
Net I/O: 4.7 KB/s (0.0*10^6 bps)

Errors: total 0 client-timo 0 socket-timo 0 connrefused 0 connreset 0
Errors: fd-unavail 0 addrunavail 0 ftab-full 0 other 0

