httperf --verbose --hog --timeout=50 --client=0/1 --server=172.16.116.116 --port=8080 --uri=/ --rate=8 --send-buffer=4096 --recv-buffer=16384 --num-conns=1440 --num-calls=1
httperf: maximum number of open descriptors = 65535
Maximum connect burst length: 1

Connection lifetime histogram (time in ms):
             :
            10.5 54
            11.5 325
            12.5 218
            13.5 149
            14.5 132
            15.5 107
            16.5 138
            17.5 98
            18.5 82
            19.5 49
            20.5 28
            21.5 14
            22.5 9
            23.5 6
            24.5 3
            25.5 2
             :
            27.5 2
            28.5 1
             :
            35.5 1
             :
            50.5 1
             :
            76.5 1
             :
           101.5 1
             :
           105.5 1
             :
           143.5 1
           144.5 1
             :
           147.5 1
             :
           163.5 1
             :
           195.5 1
             :
           202.5 1
             :
           211.5 1
             :
           215.5 1
             :
           225.5 1
             :
           227.5 1
           228.5 1
             :
           257.5 1
             :
           261.5 1
             :
           281.5 1
             :
           283.5 1
             :
           293.5 1
             :
           311.5 1
             :
           394.5 1

Total: connections 1440 requests 1440 replies 1440 test-duration 179.896 s

Connection rate: 8.0 conn/s (124.9 ms/conn, <=2 concurrent connections)
Connection time [ms]: min 10.4 avg 17.4 max 394.6 median 13.5 stddev 25.7
Connection time [ms]: connect 0.8
Connection length [replies/conn]: 1.000

Request rate: 8.0 req/s (124.9 ms/req)
Request size [B]: 67.0

Reply rate [replies/s]: min 7.0 avg 8.0 max 9.0 stddev 0.2 (179 samples)
Percentages of the replies served at a given rate:
   50%: 7
   66%: 7
   75%: 7
   80%: 7
   90%: 7
   95%: 7
   98%: 8
   99%: 8
  100%: 9

Reply time [ms]: response 15.6 transfer 0.9
Percentages of the requests served within a certain time (ms) :
   50%: 12
   66%: 14
   75%: 15
   80%: 15
   90%: 17
   95%: 18
   98%: 22
   99%: 146
  100%: 393

Reply size [B]: header 163.0 content 72.0 footer 2.0 (total 237.0)
Reply status: 1xx=0 2xx=1440 3xx=0 4xx=0 5xx=0

CPU time [s]: user 152.57 system 27.04 (user 84.8% system 15.0% total 99.8%)
Net I/O: 2.4 KB/s (0.0*10^6 bps)

Errors: total 0 client-timo 0 socket-timo 0 connrefused 0 connreset 0
Errors: fd-unavail 0 addrunavail 0 ftab-full 0 other 0

