httperf --verbose --hog --timeout=50 --client=0/1 --server=172.16.116.116 --port=8080 --uri=/ --rate=24 --send-buffer=4096 --recv-buffer=16384 --num-conns=4320 --num-calls=1
httperf: maximum number of open descriptors = 65535
Maximum connect burst length: 1

Connection lifetime histogram (time in ms):
             :
             9.5 3
            10.5 281
            11.5 371
            12.5 200
            13.5 188
            14.5 151
            15.5 244
            16.5 246
            17.5 244
            18.5 206
            19.5 198
            20.5 163
            21.5 176
            22.5 154
            23.5 137
            24.5 108
            25.5 94
            26.5 91
            27.5 72
            28.5 65
            29.5 68
            30.5 72
            31.5 54
            32.5 33
            33.5 43
            34.5 29
            35.5 32
            36.5 23
            37.5 24
            38.5 42
            39.5 17
            40.5 27
            41.5 13
            42.5 24
            43.5 19
            44.5 15
            45.5 18
            46.5 14
            47.5 16
            48.5 13
            49.5 11
            50.5 22
            51.5 14
            52.5 18
            53.5 15
            54.5 14
            55.5 4
            56.5 9
            57.5 7
            58.5 11
            59.5 7
            60.5 12
            61.5 13
            62.5 8
            63.5 5
            64.5 6
            65.5 10
            66.5 5
            67.5 6
            68.5 6
            69.5 6
            70.5 4
            71.5 2
            72.5 9
            73.5 2
            74.5 1
            75.5 5
            76.5 7
            77.5 1
            78.5 7
            79.5 3
            80.5 5
            81.5 4
            82.5 3
            83.5 3
            84.5 1
            85.5 3
            86.5 2
            87.5 3
            88.5 1
            89.5 1
            90.5 4
            91.5 1
            92.5 1
             :
            94.5 1
             :
            96.5 2
            97.5 2
             :
            99.5 3
           100.5 2
             :
           106.5 4
           107.5 1
           108.5 1
           109.5 1
             :
           111.5 1
             :
           115.5 3
             :
           118.5 1
           119.5 1
             :
           125.5 1
             :
           490.5 1
             :
           524.5 1
             :
           528.5 1
             :
           544.5 1
             :
           554.5 1
             :
           602.5 1
             :
           610.5 1
             :
           612.5 1
             :
           621.5 1
             :
           627.5 1
             :
           629.5 1
             :
           633.5 1
             :
           636.5 1
             :
           644.5 1
             :
           649.5 1
             :
           652.5 1
             :
           654.5 1
             :
           666.5 1
             :
           673.5 1
             :
           679.5 1
             :
           691.5 1
           692.5 1
             :
           718.5 1
             :
           725.5 1
             :
           819.5 1
             :
           838.5 1

Total: connections 4320 requests 4320 replies 4320 test-duration 179.975 s

Connection rate: 24.0 conn/s (41.7 ms/conn, <=4 concurrent connections)
Connection time [ms]: min 9.9 avg 27.3 max 838.5 median 19.5 stddev 50.6
Connection time [ms]: connect 0.7
Connection length [replies/conn]: 1.000

Request rate: 24.0 req/s (41.7 ms/req)
Request size [B]: 67.0

Reply rate [replies/s]: min 22.0 avg 24.0 max 25.0 stddev 0.5 (179 samples)
Percentages of the replies served at a given rate:
   50%: 23
   66%: 23
   75%: 23
   80%: 23
   90%: 24
   95%: 24
   98%: 24
   99%: 24
  100%: 25

Reply time [ms]: response 25.1 transfer 1.5
Percentages of the requests served within a certain time (ms) :
   50%: 17
   66%: 21
   75%: 24
   80%: 27
   90%: 39
   95%: 54
   98%: 75
   99%: 93
  100%: 818

Reply size [B]: header 162.0 content 72.0 footer 1.0 (total 235.0)
Reply status: 1xx=0 2xx=4320 3xx=0 4xx=0 5xx=0

CPU time [s]: user 147.25 system 32.38 (user 81.8% system 18.0% total 99.8%)
Net I/O: 7.1 KB/s (0.1*10^6 bps)

Errors: total 0 client-timo 0 socket-timo 0 connrefused 0 connreset 0
Errors: fd-unavail 0 addrunavail 0 ftab-full 0 other 0

