httperf --verbose --hog --timeout=50 --client=0/1 --server=172.16.116.116 --port=8080 --uri=/ --rate=24 --send-buffer=4096 --recv-buffer=16384 --num-conns=4320 --num-calls=1
httperf: maximum number of open descriptors = 65535
Maximum connect burst length: 1

Connection lifetime histogram (time in ms):
             :
            10.5 444
            11.5 1327
            12.5 408
            13.5 356
            14.5 379
            15.5 373
            16.5 520
            17.5 220
            18.5 115
            19.5 56
            20.5 31
            21.5 22
            22.5 8
            23.5 11
            24.5 2
            25.5 1
            26.5 1
             :
            30.5 1
            31.5 2
             :
            33.5 1
             :
            37.5 1
             :
            89.5 1
             :
            96.5 1
             :
           109.5 1
             :
           114.5 1
             :
           117.5 1
             :
           120.5 1
             :
           130.5 1
             :
           135.5 1
             :
           140.5 2
           141.5 1
             :
           145.5 1
           146.5 1
             :
           157.5 1
             :
           173.5 1
             :
           179.5 1
           180.5 1
           181.5 1
             :
           184.5 1
           185.5 1
             :
           187.5 1
             :
           198.5 1
             :
           203.5 1
             :
           208.5 1
             :
           210.5 1
             :
           215.5 1
             :
           218.5 1
             :
           230.5 1
             :
           236.5 1
             :
           241.5 1
             :
           244.5 1
           245.5 1
           246.5 1
             :
           260.5 1
             :
           271.5 1
             :
           274.5 1
             :
           300.5 1
             :
           308.5 1
             :
           312.5 1
             :
           336.5 1
             :
           368.5 1

Total: connections 4320 requests 4320 replies 4320 test-duration 179.977 s

Connection rate: 24.0 conn/s (41.7 ms/conn, <=2 concurrent connections)
Connection time [ms]: min 10.0 avg 15.4 max 368.1 median 12.5 stddev 19.4
Connection time [ms]: connect 0.6
Connection length [replies/conn]: 1.000

Request rate: 24.0 req/s (41.7 ms/req)
Request size [B]: 67.0

Reply rate [replies/s]: min 23.0 avg 24.0 max 25.0 stddev 0.2 (179 samples)
Percentages of the replies served at a given rate:
   50%: 23
   66%: 23
   75%: 23
   80%: 23
   90%: 23
   95%: 23
   98%: 24
   99%: 24
  100%: 25

Reply time [ms]: response 14.2 transfer 0.6
Percentages of the requests served within a certain time (ms) :
   50%: 11
   66%: 13
   75%: 14
   80%: 15
   90%: 15
   95%: 16
   98%: 19
   99%: 30
  100%: 357

Reply size [B]: header 162.0 content 72.0 footer 1.0 (total 235.0)
Reply status: 1xx=0 2xx=4320 3xx=0 4xx=0 5xx=0

CPU time [s]: user 148.37 system 31.22 (user 82.4% system 17.3% total 99.8%)
Net I/O: 7.1 KB/s (0.1*10^6 bps)

Errors: total 0 client-timo 0 socket-timo 0 connrefused 0 connreset 0
Errors: fd-unavail 0 addrunavail 0 ftab-full 0 other 0

