httperf --verbose --hog --timeout=50 --client=0/1 --server=172.16.116.116 --port=8080 --uri=/ --rate=24 --send-buffer=4096 --recv-buffer=16384 --num-conns=4320 --num-calls=1
httperf: maximum number of open descriptors = 65535
Maximum connect burst length: 1

Connection lifetime histogram (time in ms):
             :
            10.5 764
            11.5 1330
            12.5 346
            13.5 335
            14.5 342
            15.5 340
            16.5 393
            17.5 187
            18.5 81
            19.5 60
            20.5 35
            21.5 20
            22.5 10
            23.5 8
            24.5 5
            25.5 2
             :
            29.5 2
            30.5 1
             :
            60.5 1
             :
            82.5 1
            83.5 1
             :
            85.5 1
             :
           101.5 1
             :
           112.5 1
             :
           115.5 1
             :
           117.5 1
             :
           124.5 1
             :
           138.5 1
             :
           149.5 1
             :
           155.5 1
             :
           159.5 1
             :
           168.5 1
           169.5 1
             :
           177.5 1
           178.5 1
             :
           182.5 1
             :
           185.5 1
           186.5 2
             :
           189.5 1
             :
           191.5 1
             :
           198.5 1
             :
           201.5 1
             :
           209.5 1
             :
           214.5 1
           215.5 2
             :
           217.5 1
             :
           220.5 1
             :
           223.5 1
           224.5 1
             :
           226.5 1
             :
           231.5 1
           232.5 1
           233.5 1
             :
           235.5 1
             :
           244.5 3
             :
           246.5 1
             :
           248.5 1
             :
           253.5 1
             :
           265.5 1
           266.5 1
             :
           270.5 1
           271.5 1
             :
           277.5 1
           278.5 2
           279.5 1
             :
           289.5 1
             :
           291.5 1
             :
           301.5 1
             :
           325.5 1
             :
           338.5 1
             :
           343.5 1
             :
           347.5 1

Total: connections 4320 requests 4320 replies 4320 test-duration 179.969 s

Connection rate: 24.0 conn/s (41.7 ms/conn, <=2 concurrent connections)
Connection time [ms]: min 10.2 avg 16.0 max 347.1 median 12.5 stddev 24.5
Connection time [ms]: connect 0.6
Connection length [replies/conn]: 1.000

Request rate: 24.0 req/s (41.7 ms/req)
Request size [B]: 67.0

Reply rate [replies/s]: min 23.0 avg 24.0 max 25.0 stddev 0.4 (179 samples)
Percentages of the replies served at a given rate:
   50%: 23
   66%: 23
   75%: 23
   80%: 23
   90%: 23
   95%: 24
   98%: 24
   99%: 24
  100%: 25

Reply time [ms]: response 14.6 transfer 0.7
Percentages of the requests served within a certain time (ms) :
   50%: 10
   66%: 12
   75%: 14
   80%: 14
   90%: 15
   95%: 16
   98%: 19
   99%: 167
  100%: 344

Reply size [B]: header 162.0 content 72.0 footer 1.0 (total 235.0)
Reply status: 1xx=0 2xx=4320 3xx=0 4xx=0 5xx=0

CPU time [s]: user 150.33 system 29.24 (user 83.5% system 16.2% total 99.8%)
Net I/O: 7.1 KB/s (0.1*10^6 bps)

Errors: total 0 client-timo 0 socket-timo 0 connrefused 0 connreset 0
Errors: fd-unavail 0 addrunavail 0 ftab-full 0 other 0

