httperf --verbose --hog --timeout=50 --client=0/1 --server=172.16.116.116 --port=8080 --uri=/ --rate=8 --send-buffer=4096 --recv-buffer=16384 --num-conns=1440 --num-calls=1
httperf: maximum number of open descriptors = 65535
Maximum connect burst length: 1

Connection lifetime histogram (time in ms):
             :
            10.5 64
            11.5 228
            12.5 161
            13.5 119
            14.5 115
            15.5 123
            16.5 129
            17.5 109
            18.5 78
            19.5 42
            20.5 35
            21.5 22
            22.5 17
            23.5 10
            24.5 7
            25.5 10
            26.5 7
            27.5 3
            28.5 2
            29.5 2
            30.5 2
             :
            33.5 2
             :
            37.5 1
            38.5 2
             :
            40.5 1
             :
            44.5 2
            45.5 1
            46.5 1
            47.5 1
            48.5 2
            49.5 1
            50.5 1
             :
            54.5 1
             :
            64.5 1
             :
            70.5 1
             :
            76.5 1
            77.5 1
             :
            84.5 1
            85.5 1
            86.5 1
             :
            88.5 1
            89.5 1
             :
            93.5 1
             :
            95.5 1
            96.5 2
             :
            98.5 2
             :
           101.5 1
           102.5 1
           103.5 1
             :
           105.5 1
             :
           107.5 1
             :
           110.5 1
             :
           115.5 1
             :
           117.5 1
             :
           122.5 1
             :
           124.5 2
             :
           127.5 1
           128.5 1
             :
           150.5 3
           151.5 1
             :
           153.5 2
           154.5 1
           155.5 2
             :
           157.5 1
             :
           163.5 2
           164.5 1
           165.5 1
           166.5 1
           167.5 1
           168.5 1
             :
           170.5 1
           171.5 2
           172.5 1
           173.5 2
             :
           178.5 2
           179.5 1
             :
           182.5 1
           183.5 1
             :
           185.5 1
             :
           187.5 1
           188.5 2
           189.5 1
           190.5 2
           191.5 1
           192.5 1
           193.5 1
           194.5 2
             :
           196.5 1
           197.5 1
           198.5 2
           199.5 1
             :
           202.5 1
           203.5 1
             :
           206.5 1
             :
           208.5 1
             :
           210.5 2
           211.5 1
             :
           214.5 1
             :
           218.5 1
             :
           220.5 1
             :
           222.5 1
             :
           225.5 1
             :
           228.5 2
           229.5 2
             :
           231.5 2
           232.5 1
             :
           234.5 2
             :
           236.5 1
             :
           239.5 2
           240.5 2
           241.5 1
           242.5 1
           243.5 1
           244.5 3
           245.5 1
           246.5 1
             :
           250.5 1
             :
           254.5 1
             :
           256.5 2
           257.5 1
             :
           259.5 3
             :
           262.5 1
           263.5 1
           264.5 2
             :
           266.5 1
             :
           268.5 1
             :
           270.5 1
           271.5 1
             :
           273.5 2
             :
           276.5 2
             :
           282.5 1
             :
           293.5 2
             :
           298.5 2
             :
           302.5 1
             :
           307.5 1
             :
           311.5 1
             :
           332.5 1
             :
           351.5 1
             :
           354.5 1
             :
           361.5 1

Total: connections 1440 requests 1440 replies 1440 test-duration 179.893 s

Connection rate: 8.0 conn/s (124.9 ms/conn, <=3 concurrent connections)
Connection time [ms]: min 10.4 avg 33.1 max 361.9 median 15.5 stddev 58.0
Connection time [ms]: connect 1.1
Connection length [replies/conn]: 1.000

Request rate: 8.0 req/s (124.9 ms/req)
Request size [B]: 67.0

Reply rate [replies/s]: min 6.0 avg 8.0 max 10.0 stddev 0.5 (179 samples)
Percentages of the replies served at a given rate:
   50%: 7
   66%: 7
   75%: 7
   80%: 7
   90%: 8
   95%: 8
   98%: 8
   99%: 8
  100%: 10

Reply time [ms]: response 30.2 transfer 1.7
Percentages of the requests served within a certain time (ms) :
   50%: 13
   66%: 15
   75%: 16
   80%: 17
   90%: 46
   95%: 182
   98%: 237
   99%: 261
  100%: 353

Reply size [B]: header 162.0 content 72.0 footer 1.0 (total 235.0)
Reply status: 1xx=0 2xx=1440 3xx=0 4xx=0 5xx=0

CPU time [s]: user 150.90 system 28.71 (user 83.9% system 16.0% total 99.8%)
Net I/O: 2.4 KB/s (0.0*10^6 bps)

Errors: total 0 client-timo 0 socket-timo 0 connrefused 0 connreset 0
Errors: fd-unavail 0 addrunavail 0 ftab-full 0 other 0

