httperf --verbose --hog --timeout=50 --client=0/1 --server=172.16.116.116 --port=8080 --uri=/ --rate=8 --send-buffer=4096 --recv-buffer=16384 --num-conns=1440 --num-calls=1
httperf: maximum number of open descriptors = 65535
Maximum connect burst length: 1

Connection lifetime histogram (time in ms):
             :
            10.5 21
            11.5 183
            12.5 115
            13.5 144
            14.5 142
            15.5 123
            16.5 153
            17.5 120
            18.5 99
            19.5 72
            20.5 61
            21.5 36
            22.5 29
            23.5 26
            24.5 17
            25.5 10
            26.5 7
            27.5 5
            28.5 3
            29.5 2
            30.5 1
             :
            36.5 1
             :
            44.5 1
             :
            53.5 1
             :
            72.5 1
             :
            90.5 1
             :
           100.5 1
             :
           109.5 1
             :
           112.5 1
             :
           118.5 1
             :
           125.5 1
             :
           128.5 1
             :
           153.5 1
             :
           161.5 1
             :
           163.5 1
             :
           169.5 1
             :
           175.5 1
             :
           179.5 1
             :
           181.5 2
             :
           191.5 1
             :
           194.5 1
           195.5 1
             :
           209.5 1
             :
           211.5 1
           212.5 2
           213.5 1
             :
           217.5 1
           218.5 1
           219.5 2
           220.5 1
           221.5 1
             :
           228.5 1
             :
           230.5 1
             :
           232.5 3
           233.5 1
             :
           236.5 1
           237.5 1
             :
           241.5 2
             :
           243.5 1
           244.5 1
             :
           258.5 2
             :
           260.5 1
           261.5 1
             :
           269.5 1
             :
           271.5 1
             :
           278.5 1
           279.5 1
           280.5 1
             :
           285.5 1
             :
           291.5 1
           292.5 1
             :
           298.5 1
             :
           300.5 1
           301.5 1
             :
           303.5 1
             :
           310.5 1
             :
           315.5 1
           316.5 1
             :
           320.5 1
             :
           322.5 1
             :
           329.5 1
           330.5 1
             :
           333.5 2
             :
           364.5 1

Total: connections 1440 requests 1440 replies 1440 test-duration 179.890 s

Connection rate: 8.0 conn/s (124.9 ms/conn, <=2 concurrent connections)
Connection time [ms]: min 10.6 avg 26.3 max 364.7 median 15.5 stddev 48.2
Connection time [ms]: connect 1.7
Connection length [replies/conn]: 1.000

Request rate: 8.0 req/s (124.9 ms/req)
Request size [B]: 67.0

Reply rate [replies/s]: min 7.0 avg 8.0 max 9.0 stddev 0.3 (179 samples)
Percentages of the replies served at a given rate:
   50%: 7
   66%: 7
   75%: 7
   80%: 7
   90%: 7
   95%: 7
   98%: 8
   99%: 8
  100%: 9

Reply time [ms]: response 23.2 transfer 1.3
Percentages of the requests served within a certain time (ms) :
   50%: 13
   66%: 15
   75%: 16
   80%: 16
   90%: 19
   95%: 26
   98%: 225
   99%: 264
  100%: 361

Reply size [B]: header 162.0 content 72.0 footer 1.0 (total 235.0)
Reply status: 1xx=0 2xx=1440 3xx=0 4xx=0 5xx=0

CPU time [s]: user 151.98 system 27.62 (user 84.5% system 15.4% total 99.8%)
Net I/O: 2.4 KB/s (0.0*10^6 bps)

Errors: total 0 client-timo 0 socket-timo 0 connrefused 0 connreset 0
Errors: fd-unavail 0 addrunavail 0 ftab-full 0 other 0

