httperf --verbose --hog --timeout=50 --client=0/1 --server=172.16.116.116 --port=8080 --uri=/ --rate=8 --send-buffer=4096 --recv-buffer=16384 --num-conns=1440 --num-calls=1
httperf: maximum number of open descriptors = 65535
Maximum connect burst length: 1

Connection lifetime histogram (time in ms):
             :
            10.5 59
            11.5 223
            12.5 172
            13.5 148
            14.5 137
            15.5 142
            16.5 141
            17.5 122
            18.5 93
            19.5 54
            20.5 34
            21.5 21
            22.5 20
            23.5 17
            24.5 12
            25.5 10
            26.5 4
            27.5 2
            28.5 1
            29.5 3
            30.5 1
            31.5 1
             :
            35.5 1
             :
            41.5 1
             :
            44.5 2
             :
            67.5 1
             :
            81.5 1
             :
            86.5 1
             :
           112.5 1
             :
           142.5 1
             :
           165.5 1
             :
           182.5 1
             :
           185.5 2
             :
           201.5 1
             :
           210.5 1
             :
           237.5 1
             :
           246.5 1
             :
           260.5 1
             :
           266.5 1
             :
           269.5 1
             :
           273.5 1
             :
           284.5 1
             :
           346.5 1

Total: connections 1440 requests 1440 replies 1440 test-duration 179.886 s

Connection rate: 8.0 conn/s (124.9 ms/conn, <=2 concurrent connections)
Connection time [ms]: min 10.1 avg 17.8 max 346.5 median 14.5 stddev 23.1
Connection time [ms]: connect 0.9
Connection length [replies/conn]: 1.000

Request rate: 8.0 req/s (124.9 ms/req)
Request size [B]: 67.0

Reply rate [replies/s]: min 8.0 avg 8.0 max 8.0 stddev 0.0 (179 samples)
Percentages of the replies served at a given rate:
   50%: 7
   66%: 7
   75%: 7
   80%: 7
   90%: 7
   95%: 7
   98%: 7
   99%: 7
  100%: 8

Reply time [ms]: response 15.9 transfer 0.9
Percentages of the requests served within a certain time (ms) :
   50%: 12
   66%: 14
   75%: 15
   80%: 16
   90%: 18
   95%: 20
   98%: 24
   99%: 141
  100%: 268

Reply size [B]: header 162.0 content 72.0 footer 1.0 (total 235.0)
Reply status: 1xx=0 2xx=1440 3xx=0 4xx=0 5xx=0

CPU time [s]: user 151.94 system 27.68 (user 84.5% system 15.4% total 99.9%)
Net I/O: 2.4 KB/s (0.0*10^6 bps)

Errors: total 0 client-timo 0 socket-timo 0 connrefused 0 connreset 0
Errors: fd-unavail 0 addrunavail 0 ftab-full 0 other 0

