httperf --verbose --hog --timeout=50 --client=0/1 --server=172.16.116.116 --port=8080 --uri=/ --rate=8 --send-buffer=4096 --recv-buffer=16384 --num-conns=1440 --num-calls=1
httperf: maximum number of open descriptors = 65535
Maximum connect burst length: 1

Connection lifetime histogram (time in ms):
             :
            10.5 33
            11.5 189
            12.5 198
            13.5 159
            14.5 123
            15.5 135
            16.5 146
            17.5 141
            18.5 85
            19.5 56
            20.5 42
            21.5 29
            22.5 15
            23.5 10
            24.5 11
            25.5 5
            26.5 4
            27.5 1
            28.5 3
             :
            31.5 1
            32.5 1
             :
            34.5 2
             :
            37.5 1
             :
            44.5 1
             :
            82.5 1
             :
           102.5 1
             :
           106.5 2
             :
           112.5 1
             :
           143.5 1
             :
           156.5 1
             :
           161.5 1
             :
           177.5 1
             :
           182.5 1
             :
           187.5 1
             :
           189.5 2
             :
           195.5 1
             :
           200.5 1
             :
           203.5 1
           204.5 1
             :
           207.5 1
             :
           209.5 1
             :
           214.5 1
           215.5 1
           216.5 1
             :
           232.5 1
             :
           239.5 2
             :
           250.5 1
             :
           263.5 2
             :
           268.5 1
             :
           273.5 2
           274.5 1
             :
           277.5 1
             :
           280.5 2
           281.5 1
             :
           284.5 1
             :
           292.5 2
             :
           294.5 1
             :
           299.5 1
             :
           305.5 1
             :
           326.5 1
           327.5 1
             :
           333.5 1
             :
           336.5 1
             :
           358.5 2
             :
           389.5 1

Total: connections 1440 requests 1440 replies 1440 test-duration 179.893 s

Connection rate: 8.0 conn/s (124.9 ms/conn, <=2 concurrent connections)
Connection time [ms]: min 10.3 avg 23.0 max 389.5 median 15.5 stddev 42.7
Connection time [ms]: connect 0.9
Connection length [replies/conn]: 1.000

Request rate: 8.0 req/s (124.9 ms/req)
Request size [B]: 67.0

Reply rate [replies/s]: min 7.0 avg 8.0 max 9.0 stddev 0.2 (179 samples)
Percentages of the replies served at a given rate:
   50%: 7
   66%: 7
   75%: 7
   80%: 7
   90%: 7
   95%: 7
   98%: 8
   99%: 8
  100%: 9

Reply time [ms]: response 20.7 transfer 1.3
Percentages of the requests served within a certain time (ms) :
   50%: 13
   66%: 15
   75%: 15
   80%: 16
   90%: 18
   95%: 22
   98%: 203
   99%: 258
  100%: 358

Reply size [B]: header 162.0 content 72.0 footer 1.0 (total 235.0)
Reply status: 1xx=0 2xx=1440 3xx=0 4xx=0 5xx=0

CPU time [s]: user 151.97 system 27.63 (user 84.5% system 15.4% total 99.8%)
Net I/O: 2.4 KB/s (0.0*10^6 bps)

Errors: total 0 client-timo 0 socket-timo 0 connrefused 0 connreset 0
Errors: fd-unavail 0 addrunavail 0 ftab-full 0 other 0

