httperf --verbose --hog --timeout=50 --client=0/1 --server=172.16.116.116 --port=8080 --uri=/ --rate=8 --send-buffer=4096 --recv-buffer=16384 --num-conns=1440 --num-calls=1
httperf: maximum number of open descriptors = 65535
Maximum connect burst length: 1

Connection lifetime histogram (time in ms):
             :
            10.5 10
            11.5 96
            12.5 87
            13.5 145
            14.5 145
            15.5 141
            16.5 138
            17.5 129
            18.5 89
            19.5 93
            20.5 55
            21.5 39
            22.5 27
            23.5 15
            24.5 17
            25.5 6
            26.5 7
            27.5 2
            28.5 2
            29.5 2
            30.5 1
            31.5 1
             :
            34.5 1
             :
            39.5 1
             :
            41.5 1
             :
            44.5 1
             :
            46.5 1
             :
            56.5 1
            57.5 1
             :
            62.5 2
             :
            68.5 1
             :
            74.5 1
             :
            78.5 1
             :
            80.5 1
            81.5 1
             :
            84.5 1
             :
            86.5 1
            87.5 2
             :
            89.5 1
            90.5 1
            91.5 2
            92.5 3
            93.5 1
             :
            95.5 1
             :
           100.5 1
           101.5 1
           102.5 1
             :
           106.5 2
           107.5 1
             :
           110.5 1
             :
           112.5 1
             :
           116.5 1
             :
           118.5 1
             :
           120.5 1
           121.5 1
             :
           125.5 2
             :
           127.5 1
             :
           129.5 2
           130.5 1
           131.5 1
             :
           133.5 1
             :
           138.5 2
             :
           140.5 1
             :
           142.5 1
           143.5 1
             :
           145.5 1
           146.5 2
           147.5 1
             :
           149.5 2
           150.5 1
             :
           153.5 1
           154.5 1
             :
           157.5 1
             :
           159.5 1
             :
           161.5 2
             :
           164.5 1
           165.5 2
             :
           169.5 1
           170.5 1
           171.5 1
           172.5 1
             :
           174.5 1
             :
           176.5 1
           177.5 3
           178.5 3
           179.5 1
             :
           182.5 1
             :
           184.5 1
           185.5 1
           186.5 2
             :
           188.5 1
           189.5 1
           190.5 2
           191.5 1
           192.5 1
             :
           194.5 2
             :
           196.5 1
           197.5 2
           198.5 1
           199.5 1
             :
           201.5 1
           202.5 1
           203.5 1
             :
           205.5 1
           206.5 1
           207.5 2
             :
           210.5 1
           211.5 2
             :
           213.5 2
             :
           216.5 1
             :
           218.5 1
           219.5 2
           220.5 2
             :
           222.5 2
           223.5 3
           224.5 1
             :
           226.5 1
             :
           228.5 2
             :
           230.5 1
           231.5 1
           232.5 2
           233.5 2
           234.5 1
           235.5 1
             :
           237.5 1
             :
           239.5 1
           240.5 1
           241.5 3
           242.5 2
           243.5 2
           244.5 1
           245.5 1
             :
           247.5 1
           248.5 3
           249.5 1
             :
           252.5 3
             :
           256.5 1
           257.5 1
           258.5 2
             :
           262.5 1
           263.5 1
           264.5 1
           265.5 2
             :
           267.5 2
             :
           269.5 1
             :
           271.5 1
             :
           275.5 1
             :
           277.5 1
             :
           281.5 2
             :
           283.5 1
           284.5 1
           285.5 1
             :
           287.5 2
             :
           291.5 1
             :
           295.5 1
             :
           299.5 1
             :
           301.5 1
           302.5 1
             :
           312.5 2
             :
           319.5 2
           320.5 1
             :
           323.5 1
           324.5 1
             :
           332.5 1
             :
           341.5 1
             :
           343.5 1
             :
           363.5 1
             :
           386.5 1

Total: connections 1440 requests 1440 replies 1440 test-duration 179.889 s

Connection rate: 8.0 conn/s (124.9 ms/conn, <=2 concurrent connections)
Connection time [ms]: min 10.6 avg 40.1 max 386.2 median 16.5 stddev 66.3
Connection time [ms]: connect 2.6
Connection length [replies/conn]: 1.000

Request rate: 8.0 req/s (124.9 ms/req)
Request size [B]: 67.0

Reply rate [replies/s]: min 7.0 avg 8.0 max 9.0 stddev 0.4 (179 samples)
Percentages of the replies served at a given rate:
   50%: 7
   66%: 7
   75%: 7
   80%: 7
   90%: 8
   95%: 8
   98%: 8
   99%: 8
  100%: 9

Reply time [ms]: response 35.2 transfer 2.3
Percentages of the requests served within a certain time (ms) :
   50%: 12
   66%: 15
   75%: 16
   80%: 17
   90%: 126
   95%: 203
   98%: 245
   99%: 275
  100%: 377

Reply size [B]: header 162.0 content 72.0 footer 1.0 (total 235.0)
Reply status: 1xx=0 2xx=1440 3xx=0 4xx=0 5xx=0

CPU time [s]: user 151.69 system 27.91 (user 84.3% system 15.5% total 99.8%)
Net I/O: 2.4 KB/s (0.0*10^6 bps)

Errors: total 0 client-timo 0 socket-timo 0 connrefused 0 connreset 0
Errors: fd-unavail 0 addrunavail 0 ftab-full 0 other 0

