httperf --verbose --hog --timeout=50 --client=0/1 --server=172.16.116.116 --port=8080 --uri=/ --rate=8 --send-buffer=4096 --recv-buffer=16384 --num-conns=2400 --num-calls=1
httperf: maximum number of open descriptors = 65535
Maximum connect burst length: 1

Connection lifetime histogram (time in ms):
             :
            10.5 98
            11.5 535
            12.5 466
            13.5 257
            14.5 191
            15.5 174
            16.5 259
            17.5 173
            18.5 92
            19.5 53
            20.5 41
            21.5 18
            22.5 13
            23.5 6
            24.5 3
             :
            27.5 3
            28.5 3
             :
            31.5 2
             :
            40.5 1
             :
           117.5 1
             :
           174.5 1
             :
           185.5 1
             :
           205.5 1
             :
           222.5 1
             :
           231.5 2
             :
           254.5 1
             :
           263.5 1
             :
           266.5 1
             :
           273.5 1
             :
           468.5 1

Total: connections 2400 requests 2400 replies 2400 test-duration 299.888 s

Connection rate: 8.0 conn/s (125.0 ms/conn, <=2 concurrent connections)
Connection time [ms]: min 10.2 avg 15.4 max 468.8 median 13.5 stddev 17.3
Connection time [ms]: connect 0.7
Connection length [replies/conn]: 1.000

Request rate: 8.0 req/s (125.0 ms/req)
Request size [B]: 67.0

Reply rate [replies/s]: min 7.0 avg 8.0 max 9.0 stddev 0.1 (299 samples)
Percentages of the replies served at a given rate:
   50%: 7
   66%: 7
   75%: 7
   80%: 7
   90%: 7
   95%: 7
   98%: 7
   99%: 8
  100%: 9

Reply time [ms]: response 14.0 transfer 0.6
Percentages of the requests served within a certain time (ms) :
   50%: 11
   66%: 13
   75%: 15
   80%: 15
   90%: 16
   95%: 17
   98%: 19
   99%: 21
  100%: 468

Reply size [B]: header 162.0 content 72.0 footer 1.0 (total 235.0)
Reply status: 1xx=0 2xx=2400 3xx=0 4xx=0 5xx=0

CPU time [s]: user 255.54 system 43.90 (user 85.2% system 14.6% total 99.8%)
Net I/O: 2.4 KB/s (0.0*10^6 bps)

Errors: total 0 client-timo 0 socket-timo 0 connrefused 0 connreset 0
Errors: fd-unavail 0 addrunavail 0 ftab-full 0 other 0

