httperf --verbose --hog --timeout=50 --client=0/1 --server=172.16.116.116 --port=8080 --uri=/ --rate=24 --send-buffer=4096 --recv-buffer=16384 --num-conns=480 --num-calls=1
httperf: maximum number of open descriptors = 65535
Maximum connect burst length: 1

Connection lifetime histogram (time in ms):
             :
             9.5 1
            10.5 143
            11.5 85
            12.5 33
            13.5 26
            14.5 25
            15.5 31
            16.5 62
            17.5 22
            18.5 9
            19.5 7
            20.5 4
            21.5 1
            22.5 2
            23.5 4
            24.5 4
            25.5 2
            26.5 2
             :
            28.5 2
            29.5 2
            30.5 2
             :
            32.5 1
             :
            35.5 1
             :
            37.5 1
             :
            63.5 1
             :
            70.5 1
             :
            72.5 1
             :
           529.5 1
             :
           600.5 1
             :
           614.5 1
             :
           631.5 1
             :
           710.5 1

Total: connections 480 requests 480 replies 480 test-duration 19.969 s

Connection rate: 24.0 conn/s (41.6 ms/conn, <=3 concurrent connections)
Connection time [ms]: min 10.0 avg 20.5 max 710.7 median 12.5 stddev 61.9
Connection time [ms]: connect 0.5
Connection length [replies/conn]: 1.000

Request rate: 24.0 req/s (41.6 ms/req)
Request size [B]: 67.0

Reply rate [replies/s]: min 23.0 avg 24.0 max 25.0 stddev 0.6 (19 samples)
Percentages of the replies served at a given rate:
   50%: 23
   66%: 23
   75%: 23
   80%: 23
   90%: 24
   95%: 24
   98%: 24
   99%: 24
  100%: 25

Reply time [ms]: response 18.5 transfer 1.4
Percentages of the requests served within a certain time (ms) :
   50%: 10
   66%: 13
   75%: 15
   80%: 15
   90%: 16
   95%: 19
   98%: 34
   99%: 492
  100%: 613

Reply size [B]: header 163.0 content 72.0 footer 2.0 (total 237.0)
Reply status: 1xx=0 2xx=480 3xx=0 4xx=0 5xx=0

CPU time [s]: user 16.31 system 3.62 (user 81.7% system 18.1% total 99.8%)
Net I/O: 7.1 KB/s (0.1*10^6 bps)

Errors: total 0 client-timo 0 socket-timo 0 connrefused 0 connreset 0
Errors: fd-unavail 0 addrunavail 0 ftab-full 0 other 0

