httperf --verbose --hog --timeout=50 --client=0/1 --server=172.16.116.116 --port=8080 --uri=/ --rate=24 --send-buffer=4096 --recv-buffer=16384 --num-conns=480 --num-calls=1
httperf: maximum number of open descriptors = 65535
Maximum connect burst length: 1

Connection lifetime histogram (time in ms):
             :
             9.5 6
            10.5 117
            11.5 112
            12.5 50
            13.5 26
            14.5 15
            15.5 41
            16.5 50
            17.5 21
            18.5 5
            19.5 5
            20.5 4
            21.5 3
            22.5 2
             :
            24.5 2
            25.5 3
             :
            28.5 1
             :
            30.5 1
            31.5 1
             :
            33.5 1
             :
            36.5 1
             :
            38.5 1
             :
            46.5 1
             :
            52.5 1
             :
            59.5 2
             :
            70.5 1
             :
            76.5 1
             :
           465.5 1
             :
           525.5 1
             :
           541.5 1
             :
           562.5 1
             :
           586.5 1
             :
           647.5 1

Total: connections 480 requests 480 replies 480 test-duration 19.970 s

Connection rate: 24.0 conn/s (41.6 ms/conn, <=3 concurrent connections)
Connection time [ms]: min 9.8 avg 20.8 max 647.7 median 12.5 stddev 60.8
Connection time [ms]: connect 0.5
Connection length [replies/conn]: 1.000

Request rate: 24.0 req/s (41.6 ms/req)
Request size [B]: 67.0

Reply rate [replies/s]: min 22.0 avg 24.0 max 26.0 stddev 0.8 (19 samples)
Percentages of the replies served at a given rate:
   50%: 23
   66%: 23
   75%: 23
   80%: 23
   90%: 24
   95%: 25
   98%: 25
   99%: 25
  100%: 26

Reply time [ms]: response 19.1 transfer 1.1
Percentages of the requests served within a certain time (ms) :
   50%: 11
   66%: 13
   75%: 14
   80%: 15
   90%: 16
   95%: 21
   98%: 51
   99%: 464
  100%: 561

Reply size [B]: header 163.0 content 72.0 footer 2.0 (total 237.0)
Reply status: 1xx=0 2xx=480 3xx=0 4xx=0 5xx=0

CPU time [s]: user 16.45 system 3.48 (user 82.4% system 17.4% total 99.8%)
Net I/O: 7.1 KB/s (0.1*10^6 bps)

Errors: total 0 client-timo 0 socket-timo 0 connrefused 0 connreset 0
Errors: fd-unavail 0 addrunavail 0 ftab-full 0 other 0

