httperf --verbose --hog --timeout=50 --client=0/1 --server=172.16.116.116 --port=8080 --uri=/ --rate=24 --send-buffer=4096 --recv-buffer=16384 --num-conns=2880 --num-calls=1
httperf: maximum number of open descriptors = 65535
Maximum connect burst length: 1

Connection lifetime histogram (time in ms):
             :
            10.5 75
            11.5 280
            12.5 206
            13.5 156
            14.5 167
            15.5 181
            16.5 205
            17.5 166
            18.5 123
            19.5 76
            20.5 89
            21.5 79
            22.5 56
            23.5 68
            24.5 25
            25.5 36
            26.5 22
            27.5 10
            28.5 14
            29.5 5
            30.5 11
            31.5 6
            32.5 6
            33.5 9
            34.5 9
            35.5 7
            36.5 3
             :
            38.5 3
             :
            40.5 3
            41.5 2
            42.5 1
            43.5 2
            44.5 2
            45.5 3
             :
            47.5 2
            48.5 2
            49.5 4
            50.5 6
            51.5 2
            52.5 7
            53.5 5
            54.5 4
            55.5 4
            56.5 3
            57.5 8
            58.5 3
            59.5 2
            60.5 3
            61.5 6
            62.5 5
            63.5 1
            64.5 3
            65.5 7
            66.5 3
            67.5 1
            68.5 3
            69.5 4
            70.5 7
            71.5 7
            72.5 2
            73.5 6
            74.5 4
            75.5 2
            76.5 8
            77.5 6
            78.5 4
            79.5 3
            80.5 5
            81.5 7
            82.5 6
            83.5 4
            84.5 3
            85.5 7
            86.5 6
            87.5 2
            88.5 4
            89.5 4
            90.5 9
            91.5 3
            92.5 5
            93.5 7
            94.5 5
            95.5 5
            96.5 5
            97.5 5
            98.5 5
            99.5 8
           100.5 9
             :
           102.5 3
           103.5 5
           104.5 4
           105.5 3
           106.5 3
           107.5 4
           108.5 4
           109.5 6
           110.5 4
           111.5 7
           112.5 4
           113.5 7
           114.5 7
           115.5 7
           116.5 7
           117.5 7
           118.5 4
           119.5 6
           120.5 3
           121.5 8
           122.5 5
           123.5 4
           124.5 6
           125.5 3
             :
           127.5 5
           128.5 9
           129.5 6
           130.5 3
           131.5 3
           132.5 3
           133.5 4
           134.5 8
           135.5 4
           136.5 9
           137.5 1
           138.5 4
           139.5 3
           140.5 3
           141.5 4
           142.5 3
             :
           144.5 5
           145.5 2
           146.5 3
           147.5 3
           148.5 4
           149.5 5
           150.5 2
           151.5 1
           152.5 6
           153.5 4
           154.5 3
           155.5 5
           156.5 1
           157.5 4
             :
           159.5 2
           160.5 2
             :
           163.5 1
           164.5 1
             :
           166.5 1
             :
           168.5 1
           169.5 1
           170.5 1
             :
           174.5 1
             :
           180.5 3
             :
           182.5 1
             :
           185.5 1
             :
           187.5 2
           188.5 1
           189.5 1
             :
           193.5 1
             :
           195.5 1
             :
           259.5 1
             :
           276.5 1
             :
           439.5 1
             :
           525.5 1
             :
           548.5 1
             :
           565.5 2
             :
           579.5 1
           580.5 1
             :
           582.5 1
             :
           588.5 1
             :
           590.5 1
             :
           596.5 2
             :
           610.5 1
             :
           613.5 1
           614.5 1
             :
           628.5 1
             :
           648.5 1
             :
           657.5 1
             :
           661.5 1
             :
           664.5 1
             :
           669.5 3
           670.5 1
             :
           672.5 1
             :
           675.5 1
             :
           680.5 1
           681.5 1
             :
           683.5 1
             :
           686.5 1
             :
           688.5 2
             :
           697.5 3
             :
           700.5 1
             :
           706.5 1
             :
           722.5 1
             :
           726.5 1
           727.5 1
           728.5 1
             :
           730.5 1
           731.5 1
           732.5 2
             :
           734.5 1
             :
           736.5 1
           737.5 1
             :
           740.5 1
             :
           744.5 1
             :
           748.5 1
             :
           750.5 1
             :
           753.5 1
             :
           759.5 1
             :
           763.5 1
             :
           765.5 2
             :
           777.5 1
           778.5 1
           779.5 1
             :
           781.5 1
             :
           783.5 1
           784.5 2
             :
           787.5 1
           788.5 1
           789.5 1
             :
           793.5 1
             :
           805.5 2
             :
           807.5 1
             :
           810.5 1
             :
           815.5 1
             :
           822.5 1
           823.5 1
           824.5 1
             :
           826.5 1
             :
           829.5 1
           830.5 1
           831.5 1
           832.5 1
             :
           835.5 2
           836.5 1
             :
           838.5 1
             :
           848.5 1
             :
           850.5 1
             :
           857.5 1
             :
           861.5 1
             :
           864.5 2
             :
           872.5 1
             :
           875.5 1
             :
           878.5 1
             :
           895.5 1
           896.5 1
             :
           908.5 1
             :
           911.5 1
             :
           914.5 1
             :
           918.5 2
             :
           926.5 1
             :
           929.5 1
             :
           943.5 1
             :
           954.5 1
             :
           956.5 2
             :
           962.5 1
             :
           964.5 2
             :
           977.5 1
             :
           979.5 2
             :
           982.5 1
             :
           992.5 1
             :
           996.5 1
             :
           999.5 1
             :
          1025.5 1
             :
          1033.5 1
             :
          1037.5 1
          1038.5 1
             :
          1044.5 1
             :
          1049.5 1
             :
          1057.5 1
             :
          1068.5 1
             :
          1088.5 1
             :
          1096.5 1
             :
          1107.5 1
             :
          1110.5 1
             :
          1112.5 1
             :
          1133.5 1
             :
          1135.5 1
             :
          1141.5 1
             :
          1152.5 2
             :
          1154.5 1
             :
          1159.5 2
             :
          1181.5 1
             :
          1187.5 1
             :
          1193.5 1
             :
          1202.5 1
             :
          1234.5 1
             :
          1248.5 1
             :
          1275.5 1
             :
          1289.5 1
             :
          1302.5 1
             :
          1322.5 1
             :
          1337.5 1
             :
          1359.5 1
             :
          1371.5 1
             :
          1392.5 1
          1393.5 1
             :
          1402.5 1
          1403.5 1
             :
          1410.5 1
             :
          1428.5 1
             :
          1456.5 1
             :
          1461.5 1
             :
          1470.5 1
          1471.5 1
             :
          1482.5 1
             :
          1486.5 1
          1487.5 1
             :
          1492.5 1
             :
          1501.5 1
             :
          1506.5 1
             :
          1540.5 1
             :
          1580.5 1
             :
          1584.5 1
             :
          1613.5 1
             :
          1645.5 1
             :
          1681.5 1
             :
          1692.5 1
             :
          1711.5 1
             :
          1755.5 1
             :
          1800.5 1
             :
          1810.5 1
             :
          1817.5 1
             :
          1822.5 1
             :
          1837.5 1
             :
          1863.5 1
          1864.5 1
             :
          1909.5 1
             :
          1937.5 1
             :
          1964.5 2
             :
          1978.5 1
             :
          1989.5 1
             :
          1994.5 1
             :
          2010.5 2
             :
          2014.5 1
             :
          2058.5 1
             :
          2074.5 1
             :
          2086.5 1
             :
          2118.5 1
             :
          2120.5 1
             :
          2139.5 1
             :
          2156.5 1
          2157.5 1
             :
          2160.5 1
             :
          2164.5 1
             :
          2183.5 1
             :
          2187.5 1
             :
          2199.5 1
             :
          2205.5 1
             :
          2211.5 1
             :
          2215.5 1
             :
          2219.5 1
             :
          2223.5 1
             :
          2246.5 1
          2247.5 1
          2248.5 2
             :
          2273.5 1
             :
          2278.5 1
             :
          2289.5 1
             :
          2311.5 1
             :
          2322.5 1
             :
          2335.5 1
             :
          2343.5 1
             :
          2347.5 1
             :
          2372.5 1
             :
          2393.5 1
             :
          2401.5 1
             :
          2453.5 1
          2454.5 1
             :
          2468.5 1
             :
          2476.5 1
             :
          2499.5 1
             :
          2504.5 1
             :
          2517.5 1
             :
          2526.5 1
             :
          2549.5 1
             :
          2552.5 1
             :
          2572.5 1
             :
          2585.5 1
             :
          2587.5 1
             :
          2684.5 1
             :
          2699.5 1
             :
          2724.5 1
             :
          2730.5 1
             :
          2762.5 1
             :
          2764.5 1
             :
          2766.5 1
          2767.5 1
             :
          2776.5 1
             :
          2779.5 1
             :
          2832.5 1
             :
          2861.5 1
             :
          2913.5 1
             :
          2963.5 1
             :
          3209.5 1
             :
          3217.5 1
             :
          3272.5 1
             :
          3278.5 1
             :
          3300.5 1

Total: connections 2880 requests 2880 replies 2880 test-duration 123.231 s

Connection rate: 23.4 conn/s (42.8 ms/conn, <=54 concurrent connections)
Connection time [ms]: min 10.3 avg 157.1 max 3300.9 median 18.5 stddev 450.2
Connection time [ms]: connect 0.6
Connection length [replies/conn]: 1.000

Request rate: 23.4 req/s (42.8 ms/req)
Request size [B]: 67.0

Reply rate [replies/s]: min 10.0 avg 23.4 max 30.0 stddev 2.7 (123 samples)
Percentages of the replies served at a given rate:
   50%: 23
   66%: 23
   75%: 23
   80%: 23
   90%: 24
   95%: 25
   98%: 27
   99%: 27
  100%: 30

Reply time [ms]: response 148.2 transfer 8.2
Percentages of the requests served within a certain time (ms) :
   50%: 16
   66%: 21
   75%: 56
   80%: 83
   90%: 151
   95%: 906
   98%: 2085
   99%: 2373
  100%: 3300

Reply size [B]: header 162.0 content 72.0 footer 1.0 (total 235.0)
Reply status: 1xx=0 2xx=2880 3xx=0 4xx=0 5xx=0

CPU time [s]: user 94.41 system 28.59 (user 76.6% system 23.2% total 99.8%)
Net I/O: 6.9 KB/s (0.1*10^6 bps)

Errors: total 0 client-timo 0 socket-timo 0 connrefused 0 connreset 0
Errors: fd-unavail 0 addrunavail 0 ftab-full 0 other 0

