httperf --verbose --hog --timeout=50 --client=0/1 --server=172.16.116.116 --port=8080 --uri=/ --rate=16 --send-buffer=4096 --recv-buffer=16384 --num-conns=4800 --num-calls=1
httperf: maximum number of open descriptors = 65535
Maximum connect burst length: 1

Connection lifetime histogram (time in ms):
             :
            10.5 334
            11.5 1179
            12.5 459
            13.5 410
            14.5 347
            15.5 401
            16.5 601
            17.5 320
            18.5 175
            19.5 111
            20.5 61
            21.5 44
            22.5 28
            23.5 26
            24.5 14
            25.5 13
            26.5 8
            27.5 8
            28.5 6
            29.5 2
            30.5 1
            31.5 2
            32.5 3
            33.5 3
             :
            35.5 1
             :
            37.5 1
            38.5 3
             :
            40.5 1
            41.5 1
             :
            43.5 1
            44.5 1
            45.5 1
            46.5 1
            47.5 2
             :
            53.5 1
             :
            60.5 1
             :
            64.5 1
             :
            67.5 1
            68.5 1
             :
            72.5 1
             :
            74.5 1
             :
            80.5 1
            81.5 1
            82.5 1
             :
            84.5 1
            85.5 1
            86.5 1
             :
            90.5 1
             :
            94.5 1
             :
            97.5 2
             :
            99.5 1
             :
           101.5 2
             :
           105.5 1
           106.5 1
             :
           108.5 1
             :
           110.5 1
           111.5 1
           112.5 3
           113.5 2
           114.5 1
             :
           117.5 1
             :
           119.5 1
           120.5 2
             :
           122.5 1
           123.5 1
           124.5 2
             :
           127.5 1
             :
           129.5 1
           130.5 3
             :
           132.5 3
           133.5 2
           134.5 1
             :
           137.5 1
             :
           140.5 1
           141.5 1
             :
           144.5 1
             :
           146.5 1
             :
           150.5 2
           151.5 2
           152.5 1
             :
           154.5 2
           155.5 2
             :
           157.5 1
           158.5 1
             :
           160.5 1
             :
           163.5 3
           164.5 2
           165.5 2
             :
           168.5 2
           169.5 1
           170.5 1
           171.5 1
             :
           175.5 1
           176.5 1
             :
           178.5 2
           179.5 2
           180.5 1
             :
           183.5 1
           184.5 1
           185.5 1
             :
           188.5 4
             :
           192.5 3
           193.5 3
             :
           195.5 1
           196.5 3
           197.5 2
           198.5 3
           199.5 2
           200.5 3
             :
           202.5 2
           203.5 1
           204.5 1
             :
           206.5 1
           207.5 2
             :
           209.5 1
           210.5 2
             :
           212.5 2
             :
           214.5 2
             :
           216.5 4
             :
           218.5 2
             :
           221.5 1
           222.5 3
           223.5 1
           224.5 4
           225.5 1
           226.5 1
             :
           228.5 1
           229.5 3
           230.5 1
           231.5 1
           232.5 1
             :
           237.5 3
           238.5 1
             :
           240.5 1
             :
           242.5 1
           243.5 2
             :
           246.5 1
             :
           251.5 2
             :
           254.5 1
           255.5 1
             :
           258.5 1
           259.5 2
             :
           261.5 2
           262.5 2
           263.5 3
           264.5 1
           265.5 1
           266.5 1
           267.5 2
           268.5 1
           269.5 2
             :
           271.5 3
           272.5 1
           273.5 2
             :
           275.5 1
             :
           277.5 2
           278.5 1
             :
           281.5 1
           282.5 2
           283.5 1
           284.5 1
           285.5 1
           286.5 2
             :
           288.5 2
             :
           293.5 1
             :
           295.5 2
             :
           297.5 1
           298.5 1
           299.5 2
             :
           302.5 1
           303.5 1
           304.5 1
           305.5 1
             :
           311.5 1
             :
           313.5 1
             :
           319.5 3
             :
           328.5 1
             :
           331.5 1
             :
           338.5 1
             :
           345.5 1
             :
           347.5 1
             :
           355.5 1
           356.5 2
             :
           366.5 1
           367.5 1
             :
           370.5 1
             :
           378.5 1
             :
           388.5 1

Total: connections 4800 requests 4800 replies 4800 test-duration 299.956 s

Connection rate: 16.0 conn/s (62.5 ms/conn, <=2 concurrent connections)
Connection time [ms]: min 10.2 avg 23.7 max 388.9 median 14.5 stddev 44.3
Connection time [ms]: connect 0.7
Connection length [replies/conn]: 1.000

Request rate: 16.0 req/s (62.5 ms/req)
Request size [B]: 67.0

Reply rate [replies/s]: min 15.0 avg 16.0 max 17.0 stddev 0.5 (299 samples)
Percentages of the replies served at a given rate:
   50%: 15
   66%: 15
   75%: 15
   80%: 15
   90%: 16
   95%: 16
   98%: 16
   99%: 16
  100%: 17

Reply time [ms]: response 21.8 transfer 1.2
Percentages of the requests served within a certain time (ms) :
   50%: 12
   66%: 14
   75%: 15
   80%: 15
   90%: 17
   95%: 35
   98%: 201
   99%: 245
  100%: 388

Reply size [B]: header 162.0 content 72.0 footer 1.0 (total 235.0)
Reply status: 1xx=0 2xx=4800 3xx=0 4xx=0 5xx=0

CPU time [s]: user 249.75 system 49.64 (user 83.3% system 16.5% total 99.8%)
Net I/O: 4.7 KB/s (0.0*10^6 bps)

Errors: total 0 client-timo 0 socket-timo 0 connrefused 0 connreset 0
Errors: fd-unavail 0 addrunavail 0 ftab-full 0 other 0

