httperf --verbose --hog --timeout=50 --client=0/1 --server=172.16.116.116 --port=8080 --uri=/ --rate=24 --send-buffer=4096 --recv-buffer=16384 --num-conns=14400 --num-calls=1
httperf: maximum number of open descriptors = 65535
Maximum connect burst length: 1

Connection lifetime histogram (time in ms):
             :
             9.5 7
            10.5 2773
            11.5 2435
            12.5 954
            13.5 701
            14.5 641
            15.5 825
            16.5 875
            17.5 484
            18.5 257
            19.5 145
            20.5 95
            21.5 89
            22.5 66
            23.5 51
            24.5 60
            25.5 56
            26.5 33
            27.5 33
            28.5 32
            29.5 38
            30.5 34
            31.5 28
            32.5 34
            33.5 34
            34.5 31
            35.5 40
            36.5 34
            37.5 28
            38.5 34
            39.5 30
            40.5 31
            41.5 24
            42.5 18
            43.5 31
            44.5 29
            45.5 21
            46.5 15
            47.5 28
            48.5 31
            49.5 15
            50.5 21
            51.5 17
            52.5 13
            53.5 18
            54.5 16
            55.5 19
            56.5 29
            57.5 18
            58.5 15
            59.5 19
            60.5 23
            61.5 22
            62.5 21
            63.5 29
            64.5 20
            65.5 11
            66.5 17
            67.5 18
            68.5 19
            69.5 21
            70.5 8
            71.5 18
            72.5 17
            73.5 12
            74.5 19
            75.5 13
            76.5 16
            77.5 12
            78.5 12
            79.5 14
            80.5 7
            81.5 5
            82.5 14
            83.5 8
            84.5 16
            85.5 16
            86.5 9
            87.5 11
            88.5 11
            89.5 9
            90.5 11
            91.5 4
            92.5 15
            93.5 10
            94.5 10
            95.5 15
            96.5 14
            97.5 8
            98.5 11
            99.5 9
           100.5 7
           101.5 11
           102.5 4
           103.5 4
           104.5 6
           105.5 7
           106.5 4
           107.5 8
           108.5 9
           109.5 7
           110.5 6
           111.5 6
           112.5 6
           113.5 3
           114.5 3
           115.5 2
           116.5 2
           117.5 4
           118.5 5
           119.5 4
           120.5 6
           121.5 3
           122.5 2
           123.5 6
           124.5 5
           125.5 1
           126.5 1
           127.5 3
           128.5 3
           129.5 3
             :
           131.5 3
           132.5 6
           133.5 2
           134.5 5
           135.5 1
           136.5 1
           137.5 4
           138.5 2
             :
           140.5 2
             :
           142.5 1
           143.5 2
           144.5 1
           145.5 2
           146.5 1
           147.5 1
           148.5 1
           149.5 4
           150.5 1
           151.5 1
             :
           154.5 2
             :
           157.5 1
           158.5 2
             :
           161.5 1
           162.5 2
           163.5 2
             :
           165.5 3
             :
           168.5 2
             :
           170.5 1
             :
           172.5 1
           173.5 1
           174.5 1
             :
           176.5 1
           177.5 1
             :
           179.5 1
           180.5 1
             :
           182.5 1
           183.5 2
           184.5 1
             :
           190.5 1
             :
           192.5 1
             :
           194.5 1
             :
           197.5 2
           198.5 1
             :
           201.5 2
           202.5 2
           203.5 1
             :
           206.5 1
             :
           208.5 2
             :
           210.5 3
             :
           213.5 1
           214.5 1
             :
           217.5 1
           218.5 1
           219.5 1
             :
           222.5 2
             :
           224.5 1
           225.5 2
           226.5 1
             :
           229.5 2
           230.5 2
           231.5 2
             :
           234.5 1
             :
           236.5 1
           237.5 1
             :
           240.5 1
           241.5 1
             :
           243.5 1
             :
           245.5 1
             :
           247.5 1
             :
           250.5 1
             :
           253.5 1
           254.5 1
           255.5 1
             :
           258.5 1
           259.5 1
             :
           261.5 1
           262.5 1
             :
           266.5 1
           267.5 1
           268.5 2
             :
           271.5 1
           272.5 1
           273.5 1
             :
           275.5 2
             :
           277.5 2
             :
           287.5 2
             :
           296.5 1
             :
           299.5 1
           300.5 1
             :
           302.5 1
             :
           304.5 1
             :
           308.5 1
             :
           311.5 1
           312.5 3
           313.5 2
             :
           315.5 1
           316.5 1
             :
           318.5 2
             :
           320.5 1
           321.5 1
             :
           324.5 1
           325.5 2
             :
           327.5 1
             :
           330.5 2
           331.5 2
           332.5 1
           333.5 1
             :
           344.5 2
           345.5 1
             :
           347.5 1
           348.5 1
           349.5 2
             :
           353.5 1
             :
           355.5 1
             :
           358.5 1
           359.5 1
             :
           367.5 2
           368.5 2
             :
           371.5 1
             :
           373.5 1
             :
           375.5 1
             :
           377.5 1
             :
           379.5 1
             :
           384.5 2
           385.5 1
           386.5 1
             :
           392.5 1
           393.5 1
             :
           398.5 1
             :
           407.5 2
           408.5 1
             :
           410.5 1
             :
           413.5 1
             :
           415.5 1
             :
           420.5 1
             :
           423.5 1
           424.5 2
           425.5 2
           426.5 1
             :
           428.5 1
           429.5 1
           430.5 1
             :
           434.5 2
             :
           438.5 1
             :
           442.5 1
             :
           446.5 3
           447.5 3
             :
           452.5 1
             :
           457.5 1
             :
           461.5 1
             :
           464.5 1
           465.5 1
             :
           467.5 1
           468.5 3
             :
           471.5 1
           472.5 1
           473.5 2
           474.5 1
           475.5 2
             :
           479.5 2
             :
           484.5 1
             :
           486.5 1
             :
           488.5 2
             :
           490.5 2
             :
           492.5 1
             :
           495.5 1
             :
           497.5 1
           498.5 3
             :
           500.5 3
           501.5 1
             :
           503.5 2
             :
           505.5 1
             :
           507.5 1
           508.5 1
           509.5 1
             :
           511.5 3
           512.5 2
           513.5 1
             :
           516.5 2
           517.5 1
           518.5 1
             :
           522.5 2
           523.5 1
           524.5 1
           525.5 3
           526.5 1
           527.5 3
           528.5 2
             :
           531.5 1
             :
           533.5 1
           534.5 2
           535.5 1
             :
           537.5 1
           538.5 1
           539.5 2
             :
           541.5 1
           542.5 1
           543.5 2
             :
           545.5 1
             :
           547.5 1
             :
           550.5 3
             :
           552.5 1
           553.5 1
             :
           555.5 2
             :
           557.5 1
           558.5 1
           559.5 1
             :
           561.5 4
           562.5 1
             :
           564.5 2
           565.5 1
           566.5 2
           567.5 1
           568.5 2
             :
           571.5 1
           572.5 1
           573.5 1
           574.5 1
           575.5 6
           576.5 3
           577.5 3
           578.5 3
           579.5 3
           580.5 1
           581.5 2
           582.5 1
             :
           584.5 3
           585.5 2
           586.5 3
             :
           588.5 2
             :
           590.5 1
             :
           592.5 1
           593.5 3
           594.5 2
           595.5 1
           596.5 1
           597.5 3
           598.5 2
           599.5 3
           600.5 2
             :
           603.5 2
           604.5 1
             :
           606.5 4
           607.5 2
           608.5 3
           609.5 2
           610.5 5
           611.5 3
           612.5 2
             :
           614.5 2
           615.5 2
           616.5 1
           617.5 3
             :
           619.5 3
             :
           621.5 3
           622.5 1
           623.5 5
             :
           625.5 4
           626.5 2
             :
           628.5 6
           629.5 1
           630.5 1
           631.5 2
           632.5 2
           633.5 2
           634.5 2
           635.5 5
             :
           637.5 1
           638.5 3
           639.5 5
           640.5 2
           641.5 3
           642.5 7
           643.5 1
           644.5 3
           645.5 4
           646.5 2
           647.5 3
           648.5 3
           649.5 1
           650.5 3
           651.5 1
           652.5 2
           653.5 3
           654.5 5
             :
           656.5 4
           657.5 2
           658.5 1
             :
           660.5 2
           661.5 1
           662.5 3
           663.5 4
           664.5 3
           665.5 4
           666.5 1
           667.5 2
           668.5 2
           669.5 4
           670.5 1
           671.5 3
           672.5 3
           673.5 2
           674.5 2
           675.5 3
           676.5 1
           677.5 4
           678.5 1
           679.5 4
           680.5 4
           681.5 5
           682.5 2
           683.5 4
             :
           685.5 3
           686.5 1
           687.5 2
           688.5 1
           689.5 4
           690.5 4
           691.5 5
           692.5 3
           693.5 1
           694.5 4
           695.5 4
           696.5 3
           697.5 4
           698.5 4
           699.5 4
             :
           701.5 1
             :
           703.5 2
           704.5 1
           705.5 2
             :
           707.5 4
           708.5 5
           709.5 1
           710.5 2
           711.5 1
           712.5 3
           713.5 1
           714.5 4
           715.5 4
             :
           717.5 3
           718.5 3
           719.5 1
           720.5 2
           721.5 2
           722.5 4
             :
           724.5 2
           725.5 4
           726.5 3
           727.5 4
           728.5 1
           729.5 1
           730.5 2
           731.5 5
           732.5 1
             :
           734.5 4
           735.5 3
           736.5 3
           737.5 1
             :
           739.5 6
           740.5 1
           741.5 2
             :
           743.5 2
           744.5 5
           745.5 1
           746.5 1
           747.5 2
           748.5 1
           749.5 2
             :
           751.5 1
           752.5 5
           753.5 2
           754.5 4
           755.5 3
           756.5 2
           757.5 2
           758.5 1
           759.5 1
           760.5 3
           761.5 4
           762.5 1
             :
           765.5 2
           766.5 4
             :
           768.5 2
           769.5 2
           770.5 2
           771.5 3
           772.5 1
           773.5 2
           774.5 2
           775.5 3
           776.5 3
           777.5 1
           778.5 3
           779.5 1
           780.5 3
           781.5 1
           782.5 4
           783.5 2
           784.5 1
           785.5 5
           786.5 1
           787.5 5
             :
           789.5 5
           790.5 1
           791.5 2
           792.5 3
           793.5 1
           794.5 1
           795.5 4
             :
           798.5 7
           799.5 2
           800.5 2
           801.5 3
           802.5 1
           803.5 4
           804.5 1
           805.5 3
           806.5 3
           807.5 4
           808.5 3
           809.5 5
             :
           812.5 3
           813.5 1
           814.5 2
           815.5 1
           816.5 3
           817.5 1
           818.5 1
           819.5 2
           820.5 2
             :
           822.5 2
             :
           824.5 2
           825.5 3
           826.5 4
           827.5 5
             :
           830.5 2
           831.5 1
           832.5 3
           833.5 1
           834.5 2
           835.5 1
           836.5 1
             :
           838.5 2
           839.5 3
           840.5 3
           841.5 2
           842.5 2
           843.5 1
             :
           845.5 1
           846.5 2
           847.5 2
           848.5 2
           849.5 1
           850.5 1
           851.5 3
           852.5 1
           853.5 1
           854.5 1
           855.5 4
           856.5 1
           857.5 3
           858.5 3
           859.5 1
           860.5 3
           861.5 3
           862.5 1
             :
           864.5 3
           865.5 2
           866.5 5
           867.5 1
           868.5 3
           869.5 2
           870.5 3
           871.5 2
           872.5 2
           873.5 2
           874.5 3
           875.5 2
             :
           877.5 2
           878.5 1
           879.5 3
           880.5 4
           881.5 5
             :
           883.5 2
           884.5 1
             :
           886.5 2
           887.5 1
           888.5 1
           889.5 1
             :
           891.5 2
           892.5 1
             :
           894.5 1
           895.5 2
           896.5 2
           897.5 1
           898.5 1
           899.5 1
           900.5 2
           901.5 2
             :
           903.5 3
           904.5 1
           905.5 3
           906.5 3
           907.5 2
             :
           909.5 3
           910.5 2
           911.5 1
           912.5 1
             :
           914.5 2
             :
           916.5 1
             :
           920.5 1
             :
           922.5 1
           923.5 2
           924.5 1
           925.5 1
           926.5 3
           927.5 2
           928.5 2
             :
           930.5 2
             :
           932.5 1
           933.5 1
             :
           935.5 1
           936.5 1
           937.5 1
           938.5 5
             :
           940.5 1
           941.5 1
             :
           944.5 1
           945.5 1
           946.5 2
           947.5 1
           948.5 1
           949.5 2
             :
           952.5 1
           953.5 3
           954.5 4
             :
           956.5 1
           957.5 1
             :
           961.5 2
             :
           965.5 3
           966.5 3
           967.5 1
           968.5 3
             :
           970.5 3
             :
           973.5 1
             :
           975.5 1
           976.5 2
             :
           978.5 3
             :
           980.5 3
           981.5 6
           982.5 2
           983.5 1
           984.5 1
             :
           986.5 1
           987.5 1
           988.5 1
           989.5 3
           990.5 3
             :
           992.5 1
           993.5 1
           994.5 1
             :
           996.5 1
             :
           999.5 1
          1000.5 1
          1001.5 1
             :
          1004.5 1
             :
          1006.5 3
             :
          1009.5 1
             :
          1012.5 1
          1013.5 1
          1014.5 1
          1015.5 3
             :
          1018.5 1
          1019.5 4
          1020.5 3
             :
          1022.5 2
             :
          1024.5 2
          1025.5 1
          1026.5 1
          1027.5 1
             :
          1029.5 1
             :
          1031.5 3
          1032.5 2
          1033.5 1
          1034.5 1
          1035.5 2
             :
          1037.5 2
          1038.5 1
          1039.5 1
          1040.5 2
          1041.5 3
          1042.5 2
          1043.5 1
          1044.5 2
             :
          1046.5 1
             :
          1049.5 3
          1050.5 1
          1051.5 1
          1052.5 2
          1053.5 2
          1054.5 2
          1055.5 2
          1056.5 1
             :
          1058.5 3
          1059.5 1
          1060.5 1
          1061.5 2
          1062.5 1
             :
          1064.5 1
             :
          1067.5 1
          1068.5 1
          1069.5 3
          1070.5 2
          1071.5 3
          1072.5 2
             :
          1074.5 1
          1075.5 1
          1076.5 1
          1077.5 1
             :
          1081.5 2
          1082.5 4
          1083.5 1
          1084.5 3
          1085.5 2
          1086.5 1
             :
          1088.5 5
          1089.5 1
          1090.5 1
          1091.5 1
          1092.5 3
          1093.5 1
          1094.5 1
          1095.5 1
             :
          1098.5 1
             :
          1101.5 1
             :
          1103.5 3
          1104.5 2
          1105.5 1
             :
          1108.5 1
             :
          1110.5 3
             :
          1114.5 2
          1115.5 1
          1116.5 1
          1117.5 1
          1118.5 1
          1119.5 1
          1120.5 2
          1121.5 1
          1122.5 1
          1123.5 3
          1124.5 2
             :
          1127.5 1
          1128.5 1
          1129.5 1
          1130.5 1
          1131.5 2
             :
          1133.5 1
          1134.5 1
             :
          1136.5 2
             :
          1138.5 1
             :
          1140.5 1
             :
          1143.5 1
             :
          1146.5 2
          1147.5 1
             :
          1149.5 3
          1150.5 1
             :
          1154.5 2
          1155.5 1
             :
          1158.5 2
          1159.5 2
          1160.5 1
          1161.5 1
          1162.5 2
             :
          1166.5 1
             :
          1169.5 1
          1170.5 1
             :
          1172.5 3
             :
          1174.5 2
          1175.5 1
          1176.5 1
          1177.5 1
             :
          1180.5 1
          1181.5 1
          1182.5 1
          1183.5 2
          1184.5 4
             :
          1186.5 1
             :
          1188.5 1
          1189.5 1
          1190.5 1
          1191.5 1
          1192.5 1
             :
          1195.5 2
          1196.5 1
          1197.5 1
          1198.5 2
             :
          1205.5 2
          1206.5 1
          1207.5 2
             :
          1209.5 2
          1210.5 1
          1211.5 1
             :
          1213.5 1
             :
          1216.5 1
             :
          1218.5 1
          1219.5 1
          1220.5 2
          1221.5 2
          1222.5 1
          1223.5 2
          1224.5 1
          1225.5 1
          1226.5 1
          1227.5 1
             :
          1230.5 2
             :
          1233.5 1
          1234.5 1
             :
          1236.5 1
             :
          1238.5 1
          1239.5 2
             :
          1244.5 1
          1245.5 1
          1246.5 1
          1247.5 2
          1248.5 3
             :
          1251.5 1
          1252.5 3
             :
          1254.5 1
          1255.5 1
          1256.5 1
          1257.5 1
          1258.5 2
          1259.5 1
          1260.5 1
          1261.5 1
          1262.5 4
          1263.5 1
          1264.5 1
          1265.5 1
          1266.5 1
             :
          1269.5 1
          1270.5 1
             :
          1272.5 1
             :
          1274.5 1
             :
          1276.5 2
             :
          1279.5 2
          1280.5 1
          1281.5 1
          1282.5 1
          1283.5 1
             :
          1285.5 3
          1286.5 1
             :
          1288.5 2
             :
          1291.5 1
          1292.5 2
             :
          1296.5 1
             :
          1299.5 1
          1300.5 1
             :
          1304.5 2
          1305.5 1
          1306.5 1
             :
          1310.5 1
             :
          1312.5 2
          1313.5 1
          1314.5 1
             :
          1316.5 2
             :
          1321.5 3
          1322.5 2
          1323.5 1
          1324.5 1
             :
          1326.5 3
             :
          1329.5 1
             :
          1334.5 1
          1335.5 1
          1336.5 1
             :
          1340.5 1
          1341.5 2
             :
          1343.5 1
          1344.5 2
          1345.5 2
          1346.5 2
          1347.5 3
             :
          1349.5 1
          1350.5 3
          1351.5 3
          1352.5 1
          1353.5 1
          1354.5 2
          1355.5 1
             :
          1358.5 1
             :
          1360.5 3
             :
          1362.5 1
          1363.5 1
          1364.5 1
          1365.5 1
             :
          1368.5 1
          1369.5 1
             :
          1371.5 1
             :
          1375.5 1
          1376.5 1
             :
          1380.5 2
          1381.5 3
             :
          1383.5 3
             :
          1386.5 1
          1387.5 1
          1388.5 1
          1389.5 1
          1390.5 1
             :
          1399.5 1
          1400.5 1
             :
          1403.5 1
             :
          1405.5 2
             :
          1407.5 2
          1408.5 1
             :
          1410.5 1
             :
          1412.5 1
             :
          1414.5 1
          1415.5 3
          1416.5 2
             :
          1419.5 1
             :
          1422.5 1
          1423.5 1
             :
          1425.5 1
             :
          1428.5 2
          1429.5 1
          1430.5 1
             :
          1434.5 1
             :
          1438.5 1
             :
          1440.5 1
             :
          1444.5 1
             :
          1448.5 1
          1449.5 1
          1450.5 4
             :
          1453.5 2
          1454.5 1
          1455.5 1
          1456.5 2
          1457.5 1
          1458.5 1
          1459.5 1
             :
          1462.5 1
          1463.5 1
          1464.5 1
          1465.5 1
          1466.5 1
          1467.5 1
             :
          1470.5 1
             :
          1472.5 1
             :
          1474.5 1
          1475.5 1
             :
          1477.5 1
          1478.5 2
             :
          1480.5 1
          1481.5 1
          1482.5 2
             :
          1487.5 1
             :
          1492.5 1
          1493.5 1
             :
          1496.5 3
          1497.5 1
             :
          1499.5 2
             :
          1501.5 2
             :
          1504.5 1
             :
          1506.5 1
          1507.5 3
          1508.5 1
          1509.5 1
             :
          1512.5 3
             :
          1516.5 1
          1517.5 1
             :
          1520.5 1
             :
          1523.5 1
          1524.5 2
             :
          1526.5 1
          1527.5 2
             :
          1529.5 1
             :
          1532.5 1
          1533.5 1
          1534.5 1
          1535.5 1
             :
          1539.5 1
          1540.5 1
             :
          1545.5 2
          1546.5 1
          1547.5 2
             :
          1549.5 1
          1550.5 1
          1551.5 1
          1552.5 1
          1553.5 2
             :
          1555.5 1
          1556.5 2
             :
          1561.5 2
             :
          1563.5 1
          1564.5 1
             :
          1570.5 2
             :
          1572.5 1
             :
          1575.5 2
             :
          1581.5 1
             :
          1583.5 2
             :
          1585.5 2
             :
          1587.5 1
          1588.5 2
          1589.5 3
             :
          1593.5 1
             :
          1600.5 1
             :
          1602.5 1
             :
          1604.5 2
             :
          1606.5 1
          1607.5 1
             :
          1612.5 1
          1613.5 1
             :
          1616.5 3
          1617.5 2
             :
          1619.5 1
          1620.5 1
          1621.5 2
             :
          1624.5 1
             :
          1626.5 1
             :
          1629.5 1
             :
          1631.5 5
             :
          1636.5 2
          1637.5 2
             :
          1641.5 1
             :
          1643.5 2
          1644.5 1
             :
          1646.5 1
          1647.5 2
          1648.5 4
          1649.5 1
             :
          1653.5 1
          1654.5 1
          1655.5 1
             :
          1657.5 1
          1658.5 1
          1659.5 1
             :
          1661.5 1
          1662.5 1
             :
          1666.5 3
          1667.5 1
             :
          1670.5 2
             :
          1675.5 1
             :
          1677.5 1
          1678.5 1
          1679.5 2
          1680.5 1
             :
          1684.5 1
          1685.5 1
             :
          1687.5 2
          1688.5 2
             :
          1692.5 2
             :
          1694.5 1
          1695.5 1
          1696.5 1
          1697.5 1
          1698.5 1
          1699.5 1
          1700.5 1
          1701.5 1
             :
          1704.5 1
          1705.5 1
          1706.5 1
          1707.5 1
          1708.5 1
             :
          1711.5 1
             :
          1714.5 2
          1715.5 3
          1716.5 1
             :
          1719.5 1
          1720.5 1
          1721.5 1
             :
          1723.5 1
             :
          1725.5 2
             :
          1731.5 1
             :
          1734.5 1
             :
          1738.5 1
          1739.5 1
          1740.5 2
             :
          1742.5 1
          1743.5 1
             :
          1746.5 1
             :
          1748.5 1
          1749.5 2
          1750.5 1
             :
          1752.5 2
             :
          1754.5 1
             :
          1759.5 1
             :
          1761.5 1
             :
          1763.5 1
          1764.5 1
          1765.5 2
             :
          1767.5 1
             :
          1769.5 3
             :
          1771.5 2
          1772.5 1
          1773.5 1
          1774.5 1
          1775.5 2
             :
          1778.5 1
          1779.5 1
          1780.5 1
             :
          1782.5 1
             :
          1784.5 2
             :
          1791.5 1
             :
          1793.5 1
          1794.5 1
             :
          1800.5 2
          1801.5 1
             :
          1803.5 1
          1804.5 1
          1805.5 1
          1806.5 1
          1807.5 1
          1808.5 2
          1809.5 1
          1810.5 1
          1811.5 1
          1812.5 1
             :
          1814.5 1
             :
          1817.5 1
             :
          1819.5 1
             :
          1822.5 1
             :
          1825.5 1
             :
          1829.5 1
             :
          1840.5 1
          1841.5 1
             :
          1843.5 1
             :
          1845.5 1
          1846.5 1
             :
          1850.5 1
             :
          1852.5 2
             :
          1854.5 1
          1855.5 1
             :
          1857.5 1
          1858.5 1
             :
          1863.5 1
             :
          1866.5 2
             :
          1868.5 1
          1869.5 1
             :
          1872.5 1
             :
          1874.5 1
             :
          1878.5 1
             :
          1880.5 1
          1881.5 1
          1882.5 2
          1883.5 2
             :
          1885.5 1
             :
          1890.5 1
             :
          1894.5 1
             :
          1896.5 2
             :
          1900.5 1
             :
          1905.5 2
          1906.5 1
             :
          1910.5 1
             :
          1912.5 1
             :
          1915.5 2
             :
          1919.5 1
             :
          1921.5 1
             :
          1924.5 1
             :
          1928.5 1
          1929.5 1
          1930.5 1
          1931.5 1
             :
          1934.5 1
             :
          1937.5 1
             :
          1939.5 1
          1940.5 1
             :
          1943.5 2
             :
          1945.5 1
          1946.5 1
             :
          1952.5 1
             :
          1959.5 1
             :
          1961.5 1
             :
          1963.5 1
             :
          1966.5 2
          1967.5 1
          1968.5 2
          1969.5 1
             :
          1977.5 1
          1978.5 1
             :
          1982.5 1
          1983.5 1
             :
          1986.5 1
             :
          1990.5 1
          1991.5 1
             :
          1995.5 1
             :
          1997.5 1
          1998.5 1
             :
          2006.5 1
          2007.5 1
          2008.5 1
          2009.5 1
          2010.5 2
             :
          2012.5 1
          2013.5 1
             :
          2027.5 1
             :
          2030.5 1
          2031.5 2
             :
          2033.5 1
             :
          2037.5 1
          2038.5 2
             :
          2052.5 1
             :
          2054.5 1
          2055.5 1
             :
          2057.5 1
          2058.5 1
          2059.5 1
          2060.5 1
             :
          2066.5 1
          2067.5 1
          2068.5 1
             :
          2071.5 2
             :
          2073.5 1
             :
          2076.5 1
             :
          2078.5 2
             :
          2083.5 2
             :
          2091.5 1
          2092.5 1
          2093.5 1
          2094.5 1
             :
          2096.5 1
             :
          2100.5 1
          2101.5 1
             :
          2103.5 1
          2104.5 1
             :
          2106.5 1
             :
          2120.5 1
          2121.5 1
             :
          2127.5 1
             :
          2130.5 1
             :
          2137.5 1
          2138.5 1
             :
          2143.5 1
             :
          2145.5 1
          2146.5 1
             :
          2148.5 1
          2149.5 1
          2150.5 1
             :
          2152.5 2
             :
          2159.5 1
             :
          2162.5 1
             :
          2166.5 1
             :
          2171.5 1
          2172.5 1
          2173.5 1
             :
          2176.5 1
             :
          2182.5 1
          2183.5 1
          2184.5 2
             :
          2186.5 2
          2187.5 2
             :
          2189.5 1
             :
          2194.5 1
             :
          2197.5 2
             :
          2204.5 1
             :
          2211.5 1
             :
          2216.5 2
             :
          2221.5 1
             :
          2223.5 2
             :
          2226.5 1
             :
          2229.5 1
             :
          2236.5 1
             :
          2240.5 2
             :
          2245.5 1
             :
          2247.5 1
          2248.5 1
             :
          2253.5 1
             :
          2255.5 1
          2256.5 1
             :
          2261.5 1
          2262.5 2
             :
          2264.5 1
             :
          2269.5 1
          2270.5 1
             :
          2272.5 1
             :
          2279.5 2
             :
          2292.5 1
          2293.5 1
             :
          2303.5 2
             :
          2309.5 1
             :
          2312.5 2
             :
          2316.5 1
             :
          2322.5 1
          2323.5 1
             :
          2327.5 2
             :
          2333.5 1
          2334.5 1
             :
          2342.5 1
             :
          2344.5 1
             :
          2350.5 2
             :
          2352.5 1
             :
          2356.5 1
             :
          2359.5 2
             :
          2362.5 1
             :
          2364.5 1
          2365.5 1
          2366.5 1
             :
          2370.5 1
             :
          2377.5 1
             :
          2380.5 2
             :
          2388.5 1
             :
          2399.5 1
          2400.5 1
             :
          2407.5 1
             :
          2410.5 1
             :
          2412.5 1
             :
          2415.5 1
             :
          2417.5 1
             :
          2420.5 1
             :
          2427.5 1
             :
          2431.5 1
          2432.5 1
             :
          2439.5 1
             :
          2446.5 1
             :
          2454.5 1
             :
          2457.5 1
             :
          2463.5 1
             :
          2467.5 1
             :
          2469.5 1
             :
          2471.5 1
             :
          2473.5 1
             :
          2475.5 1
             :
          2477.5 1
             :
          2480.5 1
          2481.5 1
             :
          2485.5 1
             :
          2492.5 1
             :
          2495.5 1
          2496.5 1
             :
          2499.5 2
             :
          2511.5 2
             :
          2513.5 1
             :
          2515.5 1
             :
          2522.5 2
             :
          2531.5 2
             :
          2540.5 2
          2541.5 1
             :
          2550.5 1
             :
          2552.5 1
             :
          2555.5 1
          2556.5 1
             :
          2558.5 1
             :
          2561.5 1
             :
          2565.5 1
          2566.5 1
             :
          2571.5 1
             :
          2577.5 1
             :
          2580.5 1
             :
          2583.5 1
             :
          2586.5 1
             :
          2591.5 1
             :
          2596.5 1
             :
          2600.5 1
             :
          2607.5 2
             :
          2609.5 1
             :
          2612.5 2
          2613.5 1
             :
          2621.5 1
          2622.5 3
          2623.5 2
             :
          2626.5 1
             :
          2631.5 1
             :
          2640.5 1
          2641.5 2
             :
          2643.5 1
             :
          2645.5 1
             :
          2647.5 1
             :
          2653.5 1
             :
          2656.5 1
             :
          2658.5 1
             :
          2661.5 1
             :
          2664.5 1
             :
          2672.5 2
             :
          2675.5 1
             :
          2677.5 1
             :
          2679.5 1
             :
          2683.5 1
             :
          2689.5 1
             :
          2703.5 1
             :
          2708.5 1
          2709.5 1
             :
          2715.5 1
             :
          2718.5 1
             :
          2731.5 2
             :
          2745.5 1
          2746.5 1
             :
          2754.5 1
             :
          2757.5 2
             :
          2760.5 1
             :
          2762.5 1
             :
          2766.5 1
             :
          2780.5 1
          2781.5 1
             :
          2792.5 1
             :
          2795.5 1
             :
          2797.5 2
             :
          2802.5 1
          2803.5 1
             :
          2808.5 2
             :
          2811.5 1
             :
          2814.5 1
             :
          2824.5 1
             :
          2826.5 1
             :
          2856.5 1
             :
          2860.5 1
             :
          2871.5 2
             :
          2874.5 3
             :
          2879.5 1
             :
          2886.5 1
             :
          2889.5 1
          2890.5 1
             :
          2892.5 1
          2893.5 1
             :
          2896.5 1
             :
          2901.5 1
             :
          2914.5 1
             :
          2917.5 1
             :
          2920.5 1
             :
          2932.5 1
          2933.5 1
             :
          2939.5 1
             :
          2949.5 1
             :
          2952.5 1
             :
          2961.5 2
             :
          2972.5 1
          2973.5 1
             :
          2977.5 1
             :
          2979.5 1
             :
          2982.5 1
             :
          2986.5 1
          2987.5 1
             :
          2989.5 1
          2990.5 1
             :
          2992.5 1
             :
          2994.5 1
             :
          2996.5 1
             :
          3007.5 1
             :
          3013.5 1
             :
          3015.5 1
             :
          3031.5 1
             :
          3035.5 1
             :
          3052.5 1
             :
          3057.5 1
             :
          3059.5 1
          3060.5 1
             :
          3073.5 1
             :
          3085.5 1
          3086.5 1
          3087.5 1
             :
          3104.5 1
             :
          3114.5 1
             :
          3116.5 1
             :
          3120.5 1
             :
          3123.5 1
          3124.5 2
             :
          3152.5 1
             :
          3166.5 1
             :
          3196.5 1
             :
          3198.5 1
             :
          3205.5 1
             :
          3207.5 1
             :
          3216.5 1
             :
          3228.5 1
          3229.5 1
          3230.5 1
          3231.5 2
             :
          3239.5 1
             :
          3241.5 1
             :
          3249.5 1
             :
          3252.5 1
             :
          3268.5 1
             :
          3270.5 1
             :
          3277.5 1
          3278.5 1
          3279.5 1
             :
          3287.5 1
             :
          3290.5 1
             :
          3294.5 1
             :
          3307.5 2
             :
          3309.5 1
             :
          3316.5 1
             :
          3318.5 1
             :
          3327.5 2
             :
          3333.5 1
             :
          3335.5 1
          3336.5 2
          3337.5 1
             :
          3348.5 1
             :
          3350.5 1
          3351.5 1
             :
          3353.5 1
             :
          3356.5 1
             :
          3368.5 1
             :
          3371.5 1
             :
          3375.5 1
          3376.5 1
             :
          3384.5 2
          3385.5 1
             :
          3387.5 1
             :
          3403.5 1
             :
          3406.5 1
             :
          3409.5 1
             :
          3414.5 1
             :
          3416.5 1
             :
          3419.5 1
             :
          3429.5 2
             :
          3432.5 1
             :
          3449.5 2
             :
          3453.5 1
             :
          3458.5 1
             :
          3467.5 1
          3468.5 1
             :
          3473.5 1
             :
          3478.5 2
             :
          3493.5 1
             :
          3511.5 1
             :
          3529.5 1
             :
          3545.5 1
             :
          3550.5 1
          3551.5 1
          3552.5 1
             :
          3562.5 1
             :
          3564.5 1
          3565.5 1
             :
          3586.5 1
             :
          3606.5 1
             :
          3612.5 1
             :
          3624.5 1
             :
          3629.5 1
             :
          3634.5 1
             :
          3637.5 1
             :
          3642.5 1
             :
          3645.5 1
          3646.5 1
             :
          3650.5 1
             :
          3657.5 1
             :
          3665.5 1
             :
          3671.5 1
             :
          3673.5 1
          3674.5 1
             :
          3676.5 2
             :
          3680.5 1
             :
          3683.5 1
             :
          3689.5 1
             :
          3709.5 1
          3710.5 1
             :
          3733.5 1
             :
          3747.5 1
             :
          3750.5 1
          3751.5 1
             :
          3759.5 1
             :
          3763.5 1
             :
          3766.5 1
             :
          3778.5 1
             :
          3874.5 1
             :
          3880.5 1
             :
          3890.5 1
             :
          3893.5 1
             :
          3947.5 1
             :
          3974.5 1
             :
          4004.5 1
             :
          4080.5 1
             :
          4100.5 1
             :
          4154.5 1
             :
          4167.5 1
             :
          4170.5 1
             :
          4190.5 1
             :
          4204.5 1
             :
          4224.5 1
             :
          4258.5 1
             :
          4272.5 1
             :
          4303.5 1
             :
          4306.5 1
             :
          4368.5 1
             :
          4375.5 1
             :
          4382.5 1
             :
          4414.5 1

Total: connections 14400 requests 14400 replies 14400 test-duration 599.974 s

Connection rate: 24.0 conn/s (41.7 ms/conn, <=89 concurrent connections)
Connection time [ms]: min 9.9 avg 225.6 max 4414.1 median 14.5 stddev 589.0
Connection time [ms]: connect 0.7
Connection length [replies/conn]: 1.000

Request rate: 24.0 req/s (41.7 ms/req)
Request size [B]: 67.0

Reply rate [replies/s]: min 2.0 avg 24.0 max 57.0 stddev 3.6 (599 samples)
Percentages of the replies served at a given rate:
   50%: 23
   66%: 23
   75%: 23
   80%: 24
   90%: 25
   95%: 27
   98%: 34
   99%: 40
  100%: 57

Reply time [ms]: response 214.2 transfer 10.6
Percentages of the requests served within a certain time (ms) :
   50%: 13
   66%: 16
   75%: 31
   80%: 59
   90%: 747
   95%: 1454
   98%: 2372
   99%: 2986
  100%: 4305

Reply size [B]: header 163.0 content 72.0 footer 1.0 (total 236.0)
Reply status: 1xx=0 2xx=14400 3xx=0 4xx=0 5xx=0

CPU time [s]: user 462.61 system 136.12 (user 77.1% system 22.7% total 99.8%)
Net I/O: 7.1 KB/s (0.1*10^6 bps)

Errors: total 0 client-timo 0 socket-timo 0 connrefused 0 connreset 0
Errors: fd-unavail 0 addrunavail 0 ftab-full 0 other 0

