httperf --verbose --hog --timeout=50 --client=0/1 --server=172.16.116.116 --port=8080 --uri=/ --rate=8 --send-buffer=4096 --recv-buffer=16384 --num-conns=2400 --num-calls=1
httperf: maximum number of open descriptors = 65535
Maximum connect burst length: 1

Connection lifetime histogram (time in ms):
             :
            10.5 8
            11.5 34
            12.5 23
            13.5 39
            14.5 61
            15.5 71
            16.5 133
            17.5 196
            18.5 198
            19.5 173
            20.5 144
            21.5 155
            22.5 112
            23.5 84
            24.5 61
            25.5 68
            26.5 64
            27.5 50
            28.5 58
            29.5 57
            30.5 35
            31.5 48
            32.5 45
            33.5 42
            34.5 39
            35.5 38
            36.5 42
            37.5 46
            38.5 38
            39.5 36
            40.5 22
            41.5 33
            42.5 22
            43.5 21
            44.5 21
            45.5 17
            46.5 8
            47.5 8
            48.5 13
            49.5 7
            50.5 4
            51.5 5
            52.5 4
            53.5 1
            54.5 4
            55.5 4
            56.5 2
            57.5 2
             :
            61.5 2
             :
            64.5 1
             :
            71.5 1

Total: connections 2400 requests 2400 replies 2400 test-duration 299.894 s

Connection rate: 8.0 conn/s (125.0 ms/conn, <=1 concurrent connections)
Connection time [ms]: min 10.3 avg 24.9 max 71.9 median 21.5 stddev 9.3
Connection time [ms]: connect 0.8
Connection length [replies/conn]: 1.000

Request rate: 8.0 req/s (125.0 ms/req)
Request size [B]: 67.0

Reply rate [replies/s]: min 8.0 avg 8.0 max 8.0 stddev 0.0 (299 samples)
Percentages of the replies served at a given rate:
   50%: 7
   66%: 7
   75%: 7
   80%: 7
   90%: 7
   95%: 7
   98%: 7
   99%: 7
  100%: 8

Reply time [ms]: response 23.1 transfer 1.0
Percentages of the requests served within a certain time (ms) :
   50%: 20
   66%: 24
   75%: 27
   80%: 30
   90%: 36
   95%: 40
   98%: 45
   99%: 48
  100%: 65

Reply size [B]: header 162.0 content 72.0 footer 1.0 (total 235.0)
Reply status: 1xx=0 2xx=2400 3xx=0 4xx=0 5xx=0

CPU time [s]: user 246.12 system 53.45 (user 82.1% system 17.8% total 99.9%)
Net I/O: 2.4 KB/s (0.0*10^6 bps)

Errors: total 0 client-timo 0 socket-timo 0 connrefused 0 connreset 0
Errors: fd-unavail 0 addrunavail 0 ftab-full 0 other 0

