httperf --verbose --hog --timeout=50 --client=0/1 --server=172.16.116.116 --port=8080 --uri=/ --rate=24 --send-buffer=4096 --recv-buffer=16384 --num-conns=4320 --num-calls=1
httperf: maximum number of open descriptors = 65535
Maximum connect burst length: 1

Connection lifetime histogram (time in ms):
             :
             9.5 1
            10.5 294
            11.5 966
            12.5 566
            13.5 370
            14.5 249
            15.5 348
            16.5 674
            17.5 418
            18.5 196
            19.5 82
            20.5 50
            21.5 27
            22.5 23
            23.5 24
            24.5 9
            25.5 3
            26.5 6
            27.5 3
            28.5 2
            29.5 2
            30.5 3
             :
            32.5 2
            33.5 2

Total: connections 4320 requests 4320 replies 4320 test-duration 179.971 s

Connection rate: 24.0 conn/s (41.7 ms/conn, <=1 concurrent connections)
Connection time [ms]: min 9.9 avg 14.5 max 33.8 median 13.5 stddev 3.0
Connection time [ms]: connect 0.5
Connection length [replies/conn]: 1.000

Request rate: 24.0 req/s (41.7 ms/req)
Request size [B]: 67.0

Reply rate [replies/s]: min 23.9 avg 24.0 max 24.0 stddev 0.0 (179 samples)
Percentages of the replies served at a given rate:
   50%: 23
   66%: 23
   75%: 23
   80%: 23
   90%: 23
   95%: 23
   98%: 23
   99%: 23
  100%: 24

Reply time [ms]: response 13.2 transfer 0.6
Percentages of the requests served within a certain time (ms) :
   50%: 12
   66%: 14
   75%: 15
   80%: 15
   90%: 16
   95%: 17
   98%: 19
   99%: 21
  100%: 31

Reply size [B]: header 162.0 content 72.0 footer 1.0 (total 235.0)
Reply status: 1xx=0 2xx=4320 3xx=0 4xx=0 5xx=0

CPU time [s]: user 149.52 system 30.07 (user 83.1% system 16.7% total 99.8%)
Net I/O: 7.1 KB/s (0.1*10^6 bps)

Errors: total 0 client-timo 0 socket-timo 0 connrefused 0 connreset 0
Errors: fd-unavail 0 addrunavail 0 ftab-full 0 other 0

