httperf --verbose --hog --timeout=50 --client=0/1 --server=172.16.116.116 --port=8080 --uri=/ --rate=24 --send-buffer=4096 --recv-buffer=16384 --num-conns=4320 --num-calls=1
httperf: maximum number of open descriptors = 65535
Maximum connect burst length: 1

Connection lifetime histogram (time in ms):
             :
             9.5 2
            10.5 480
            11.5 1058
            12.5 484
            13.5 316
            14.5 311
            15.5 473
            16.5 592
            17.5 291
            18.5 130
            19.5 72
            20.5 32
            21.5 17
            22.5 14
            23.5 10
            24.5 5
            25.5 4
            26.5 3
            27.5 3
            28.5 2
             :
            30.5 3
            31.5 1
            32.5 2
             :
            34.5 1
             :
           512.5 1
           513.5 1
             :
           515.5 1
             :
           520.5 1
             :
           542.5 1
             :
           601.5 1
             :
           614.5 1
             :
           616.5 1
             :
           619.5 1
             :
           627.5 1
             :
           657.5 1
             :
           674.5 1
             :
           760.5 1
             :
           792.5 1

Total: connections 4320 requests 4320 replies 4320 test-duration 179.971 s

Connection rate: 24.0 conn/s (41.7 ms/conn, <=2 concurrent connections)
Connection time [ms]: min 9.9 avg 15.9 max 792.7 median 13.5 stddev 34.5
Connection time [ms]: connect 0.7
Connection length [replies/conn]: 1.000

Request rate: 24.0 req/s (41.7 ms/req)
Request size [B]: 67.0

Reply rate [replies/s]: min 23.0 avg 24.0 max 25.0 stddev 0.3 (179 samples)
Percentages of the replies served at a given rate:
   50%: 23
   66%: 23
   75%: 23
   80%: 23
   90%: 23
   95%: 23
   98%: 24
   99%: 24
  100%: 25

Reply time [ms]: response 14.6 transfer 0.6
Percentages of the requests served within a certain time (ms) :
   50%: 11
   66%: 14
   75%: 15
   80%: 15
   90%: 16
   95%: 16
   98%: 18
   99%: 19
  100%: 790

Reply size [B]: header 162.0 content 72.0 footer 1.0 (total 235.0)
Reply status: 1xx=0 2xx=4320 3xx=0 4xx=0 5xx=0

CPU time [s]: user 146.16 system 33.45 (user 81.2% system 18.6% total 99.8%)
Net I/O: 7.1 KB/s (0.1*10^6 bps)

Errors: total 0 client-timo 0 socket-timo 0 connrefused 0 connreset 0
Errors: fd-unavail 0 addrunavail 0 ftab-full 0 other 0

