httperf --verbose --hog --timeout=3 --client=0/1 --server=172.17.60.201 --port=80 --uri=/ --rate=8 --send-buffer=4096 --recv-buffer=16384 --num-conns=500 --num-calls=1
httperf: maximum number of open descriptors = 4096
Maximum connect burst length: 1

Connection lifetime histogram (time in ms):
             :
             7.5 44
             8.5 47
             9.5 66
            10.5 97
            11.5 73
            12.5 36
            13.5 29
            14.5 30
            15.5 21
            16.5 21
            17.5 8
            18.5 8
            19.5 1
            20.5 6
            21.5 2
            22.5 3
            23.5 2
            24.5 1
             :
            28.5 1
             :
            32.5 1
             :
            40.5 1
             :
            49.5 1
             :
            77.5 1

Total: connections 500 requests 500 replies 500 test-duration 62.395 s

Connection rate: 8.0 conn/s (124.8 ms/conn, <=1 concurrent connections)
Connection time [ms]: min 7.1 avg 12.0 max 77.6 median 10.5 stddev 5.0
Connection time [ms]: connect 1.0
Connection length [replies/conn]: 1.000

Request rate: 8.0 req/s (124.8 ms/req)
Request size [B]: 66.0

Reply rate [replies/s]: min 8.0 avg 8.0 max 8.0 stddev 0.0 (62 samples)
Percentages of the replies served at a given rate:
   50%: 7
   66%: 7
   75%: 7
   80%: 7
   90%: 7
   95%: 7
   98%: 7
   99%: 8
  100%: 8

Reply time [ms]: response 10.6 transfer 0.2
Percentages of the requests served within a certain time (ms) :
   50%: 9
   66%: 10
   75%: 11
   80%: 12
   90%: 14
   95%: 15
   98%: 19
   99%: 22
  100%: 49

Reply size [B]: header 167.0 content 59.0 footer 0.0 (total 226.0)
Reply status: 1xx=0 2xx=500 3xx=0 4xx=0 5xx=0

CPU time [s]: user 39.08 system 23.25 (user 62.6% system 37.3% total 99.9%)
Net I/O: 2.3 KB/s (0.0*10^6 bps)

Errors: total 0 client-timo 0 socket-timo 0 connrefused 0 connreset 0
Errors: fd-unavail 0 addrunavail 0 ftab-full 0 other 0

