httperf --verbose --hog --timeout=3 --client=0/1 --server=172.17.60.201 --port=80 --uri=/ --rate=8 --send-buffer=4096 --recv-buffer=16384 --num-conns=500 --num-calls=1
httperf: maximum number of open descriptors = 4096
Maximum connect burst length: 1

Connection lifetime histogram (time in ms):
             :
             7.5 129
             8.5 63
             9.5 84
            10.5 96
            11.5 41
            12.5 19
            13.5 13
            14.5 13
            15.5 9
            16.5 7
            17.5 6
            18.5 4
            19.5 3
            20.5 2
            21.5 1
            22.5 1
             :
            24.5 1
            25.5 3
             :
            29.5 2
             :
            51.5 1
             :
           103.5 1
             :
           146.5 1

Total: connections 500 requests 500 replies 500 test-duration 62.388 s

Connection rate: 8.0 conn/s (124.8 ms/conn, <=2 concurrent connections)
Connection time [ms]: min 7.0 avg 10.9 max 146.8 median 9.5 stddev 8.3
Connection time [ms]: connect 0.9
Connection length [replies/conn]: 1.000

Request rate: 8.0 req/s (124.8 ms/req)
Request size [B]: 66.0

Reply rate [replies/s]: min 8.0 avg 8.0 max 8.0 stddev 0.0 (62 samples)
Percentages of the replies served at a given rate:
   50%: 7
   66%: 7
   75%: 7
   80%: 7
   90%: 7
   95%: 7
   98%: 7
   99%: 7
  100%: 8

Reply time [ms]: response 9.7 transfer 0.1
Percentages of the requests served within a certain time (ms) :
   50%: 8
   66%: 9
   75%: 9
   80%: 10
   90%: 12
   95%: 14
   98%: 19
   99%: 24
  100%: 146

Reply size [B]: header 167.0 content 59.0 footer 0.0 (total 226.0)
Reply status: 1xx=0 2xx=500 3xx=0 4xx=0 5xx=0

CPU time [s]: user 39.42 system 22.90 (user 63.2% system 36.7% total 99.9%)
Net I/O: 2.3 KB/s (0.0*10^6 bps)

Errors: total 0 client-timo 0 socket-timo 0 connrefused 0 connreset 0
Errors: fd-unavail 0 addrunavail 0 ftab-full 0 other 0

