httperf --verbose --hog --timeout=50 --client=0/1 --server=172.16.116.116 --port=8080 --uri=/ --rate=24 --send-buffer=4096 --recv-buffer=16384 --num-conns=4320 --num-calls=1
httperf: maximum number of open descriptors = 65535
Maximum connect burst length: 1

Connection lifetime histogram (time in ms):
             :
            10.5 219
            11.5 1005
            12.5 355
            13.5 294
            14.5 265
            15.5 411
            16.5 569
            17.5 328
            18.5 199
            19.5 147
            20.5 120
            21.5 89
            22.5 64
            23.5 51
            24.5 42
            25.5 24
            26.5 18
            27.5 9
            28.5 6
            29.5 5
            30.5 6
            31.5 4
            32.5 2
            33.5 1
            34.5 2
             :
            39.5 2
             :
            44.5 3
             :
            60.5 1
             :
            74.5 1
             :
            84.5 1
             :
            99.5 1
             :
           113.5 1
             :
           116.5 1
             :
           118.5 1
             :
           122.5 1
             :
           124.5 1
           125.5 2
             :
           131.5 1
             :
           136.5 1
             :
           138.5 1
             :
           143.5 1
           144.5 1
             :
           148.5 1
             :
           154.5 1
             :
           157.5 1
             :
           160.5 1
             :
           162.5 1
             :
           164.5 1
             :
           169.5 1
             :
           177.5 1
             :
           180.5 1
             :
           188.5 1
           189.5 1
           190.5 1
             :
           192.5 1
             :
           200.5 1
             :
           202.5 1
             :
           204.5 2
           205.5 1
           206.5 1
             :
           208.5 1
             :
           211.5 1
           212.5 2
             :
           217.5 1
           218.5 1
             :
           222.5 1
           223.5 1
             :
           227.5 2
           228.5 1
             :
           233.5 1
             :
           239.5 1
             :
           242.5 1
             :
           244.5 1
           245.5 1
             :
           247.5 1
           248.5 1
             :
           250.5 1
             :
           252.5 1
             :
           254.5 3
           255.5 1
           256.5 2
             :
           259.5 1
             :
           263.5 1
           264.5 1
             :
           266.5 1
           267.5 1
             :
           275.5 1
             :
           280.5 1
             :
           288.5 1
             :
           302.5 1
             :
           310.5 1
           311.5 1
             :
           314.5 1
             :
           320.5 1
           321.5 1
             :
           332.5 2
             :
           361.5 1
           362.5 1
             :
           431.5 1

Total: connections 4320 requests 4320 replies 4320 test-duration 179.970 s

Connection rate: 24.0 conn/s (41.7 ms/conn, <=3 concurrent connections)
Connection time [ms]: min 10.3 avg 18.9 max 431.3 median 15.5 stddev 29.1
Connection time [ms]: connect 0.7
Connection length [replies/conn]: 1.000

Request rate: 24.0 req/s (41.7 ms/req)
Request size [B]: 67.0

Reply rate [replies/s]: min 23.0 avg 24.0 max 25.0 stddev 0.4 (179 samples)
Percentages of the replies served at a given rate:
   50%: 23
   66%: 23
   75%: 23
   80%: 23
   90%: 23
   95%: 24
   98%: 24
   99%: 24
  100%: 25

Reply time [ms]: response 17.4 transfer 0.8
Percentages of the requests served within a certain time (ms) :
   50%: 13
   66%: 15
   75%: 15
   80%: 16
   90%: 19
   95%: 22
   98%: 29
   99%: 187
  100%: 370

Reply size [B]: header 162.0 content 72.0 footer 1.0 (total 235.0)
Reply status: 1xx=0 2xx=4320 3xx=0 4xx=0 5xx=0

CPU time [s]: user 148.16 system 31.42 (user 82.3% system 17.5% total 99.8%)
Net I/O: 7.1 KB/s (0.1*10^6 bps)

Errors: total 0 client-timo 0 socket-timo 0 connrefused 0 connreset 0
Errors: fd-unavail 0 addrunavail 0 ftab-full 0 other 0

