httperf --verbose --hog --timeout=3 --client=0/1 --server=172.17.60.201 --port=80 --uri=/ --rate=8 --send-buffer=4096 --recv-buffer=16384 --num-conns=500 --num-calls=1
httperf: maximum number of open descriptors = 4096
Maximum connect burst length: 1

Connection lifetime histogram (time in ms):
             :
             7.5 50
             8.5 108
             9.5 43
            10.5 99
            11.5 59
            12.5 25
            13.5 23
            14.5 14
            15.5 8
            16.5 11
            17.5 9
            18.5 6
            19.5 3
            20.5 5
            21.5 1
             :
            23.5 4
             :
            25.5 1
             :
            27.5 2
            28.5 1
            29.5 4
            30.5 1
             :
            32.5 1
            33.5 1
             :
            38.5 2
             :
            40.5 1
            41.5 1
            42.5 1
             :
            44.5 1
            45.5 2
             :
            49.5 1
             :
            53.5 1
            54.5 1
             :
            61.5 1
            62.5 1
             :
            67.5 2
            68.5 1
             :
            72.5 1
            73.5 1
             :
            75.5 1
             :
            82.5 1
             :
           124.5 1

Total: connections 500 requests 500 replies 500 test-duration 62.387 s

Connection rate: 8.0 conn/s (124.8 ms/conn, <=1 concurrent connections)
Connection time [ms]: min 7.4 avg 13.3 max 124.7 median 10.5 stddev 11.3
Connection time [ms]: connect 0.9
Connection length [replies/conn]: 1.000

Request rate: 8.0 req/s (124.8 ms/req)
Request size [B]: 66.0

Reply rate [replies/s]: min 8.0 avg 8.0 max 8.0 stddev 0.0 (62 samples)
Percentages of the replies served at a given rate:
   50%: 7
   66%: 7
   75%: 7
   80%: 7
   90%: 7
   95%: 7
   98%: 7
   99%: 7
  100%: 8

Reply time [ms]: response 12.1 transfer 0.1
Percentages of the requests served within a certain time (ms) :
   50%: 9
   66%: 10
   75%: 10
   80%: 11
   90%: 15
   95%: 28
   98%: 51
   99%: 68
  100%: 122

Reply size [B]: header 167.0 content 59.0 footer 0.0 (total 226.0)
Reply status: 1xx=0 2xx=500 3xx=0 4xx=0 5xx=0

CPU time [s]: user 40.01 system 22.30 (user 64.1% system 35.8% total 99.9%)
Net I/O: 2.3 KB/s (0.0*10^6 bps)

Errors: total 0 client-timo 0 socket-timo 0 connrefused 0 connreset 0
Errors: fd-unavail 0 addrunavail 0 ftab-full 0 other 0

