httperf --verbose --hog --timeout=3 --client=0/1 --server=172.17.60.201 --port=80 --uri=/ --rate=8 --send-buffer=4096 --recv-buffer=16384 --num-conns=500 --num-calls=1
httperf: maximum number of open descriptors = 4096
Maximum connect burst length: 1

Connection lifetime histogram (time in ms):
             :
             7.5 28
             8.5 97
             9.5 44
            10.5 80
            11.5 77
            12.5 35
            13.5 20
            14.5 33
            15.5 27
            16.5 13
            17.5 4
            18.5 3
            19.5 2
            20.5 3
            21.5 3
            22.5 2
            23.5 1
             :
            27.5 2
             :
            29.5 1
            30.5 1
            31.5 1
             :
            34.5 2
            35.5 1
             :
            38.5 1
            39.5 1
            40.5 1
            41.5 1
             :
            46.5 2
             :
            52.5 1
             :
            58.5 1
             :
            61.5 1
            62.5 1
             :
            67.5 1
             :
            74.5 1
            75.5 1
             :
            79.5 1
             :
            81.5 1
             :
           101.5 1
             :
           113.5 1
           114.5 1
             :
           119.5 1
             :
           326.5 1

Total: connections 500 requests 500 replies 500 test-duration 62.386 s

Connection rate: 8.0 conn/s (124.8 ms/conn, <=2 concurrent connections)
Connection time [ms]: min 7.4 avg 14.5 max 326.0 median 11.5 stddev 18.9
Connection time [ms]: connect 0.8
Connection length [replies/conn]: 1.000

Request rate: 8.0 req/s (124.8 ms/req)
Request size [B]: 66.0

Reply rate [replies/s]: min 8.0 avg 8.0 max 8.0 stddev 0.0 (62 samples)
Percentages of the replies served at a given rate:
   50%: 7
   66%: 7
   75%: 7
   80%: 7
   90%: 7
   95%: 7
   98%: 7
   99%: 7
  100%: 8

Reply time [ms]: response 13.3 transfer 0.3
Percentages of the requests served within a certain time (ms) :
   50%: 10
   66%: 10
   75%: 12
   80%: 13
   90%: 15
   95%: 21
   98%: 60
   99%: 81
  100%: 325

Reply size [B]: header 167.0 content 59.0 footer 0.0 (total 226.0)
Reply status: 1xx=0 2xx=500 3xx=0 4xx=0 5xx=0

CPU time [s]: user 40.50 system 21.80 (user 64.9% system 34.9% total 99.9%)
Net I/O: 2.3 KB/s (0.0*10^6 bps)

Errors: total 0 client-timo 0 socket-timo 0 connrefused 0 connreset 0
Errors: fd-unavail 0 addrunavail 0 ftab-full 0 other 0

