httperf --verbose --hog --timeout=50 --client=0/1 --server=172.16.116.116 --port=8080 --uri=/ --rate=24 --send-buffer=4096 --recv-buffer=16384 --num-conns=4320 --num-calls=1
httperf: maximum number of open descriptors = 65535
Maximum connect burst length: 1

Connection lifetime histogram (time in ms):
             :
            10.5 668
            11.5 1273
            12.5 473
            13.5 242
            14.5 192
            15.5 231
            16.5 423
            17.5 270
            18.5 216
            19.5 93
            20.5 46
            21.5 37
            22.5 29
            23.5 18
            24.5 7
            25.5 6
            26.5 2
            27.5 3
            28.5 1
            29.5 1
             :
            31.5 1
             :
            39.5 1
             :
            43.5 1
             :
            66.5 1
             :
            85.5 1
             :
            89.5 1
             :
           102.5 1
             :
           120.5 1
             :
           125.5 1
             :
           146.5 1
           147.5 1
           148.5 1
             :
           158.5 1
           159.5 1
             :
           170.5 1
             :
           172.5 2
             :
           175.5 2
           176.5 1
             :
           179.5 1
           180.5 1
             :
           183.5 1
             :
           188.5 1
             :
           190.5 1
             :
           193.5 1
             :
           196.5 1
             :
           198.5 2
             :
           202.5 1
           203.5 1
           204.5 1
           205.5 1
           206.5 1
           207.5 1
             :
           209.5 1
             :
           213.5 1
             :
           217.5 1
           218.5 1
             :
           220.5 1
           221.5 1
           222.5 1
             :
           224.5 1
             :
           226.5 1
             :
           232.5 1
             :
           234.5 1
           235.5 1
             :
           242.5 2
             :
           244.5 1
             :
           248.5 1
           249.5 1
             :
           255.5 1
             :
           258.5 2
             :
           263.5 1
             :
           266.5 2
           267.5 1
           268.5 1
             :
           271.5 3
           272.5 2
             :
           274.5 1
           275.5 2
             :
           280.5 1
             :
           284.5 2
             :
           290.5 1
           291.5 1
           292.5 2
           293.5 1
             :
           299.5 1
             :
           308.5 1
             :
           316.5 1
             :
           320.5 1
             :
           338.5 1
             :
           342.5 1
             :
           353.5 2
             :
           355.5 1
             :
           365.5 1
             :
           398.5 2
             :
           401.5 1

Total: connections 4320 requests 4320 replies 4320 test-duration 179.969 s

Connection rate: 24.0 conn/s (41.7 ms/conn, <=2 concurrent connections)
Connection time [ms]: min 10.1 avg 18.2 max 401.5 median 12.5 stddev 32.9
Connection time [ms]: connect 0.6
Connection length [replies/conn]: 1.000

Request rate: 24.0 req/s (41.7 ms/req)
Request size [B]: 67.0

Reply rate [replies/s]: min 23.0 avg 24.0 max 25.0 stddev 0.4 (179 samples)
Percentages of the replies served at a given rate:
   50%: 23
   66%: 23
   75%: 23
   80%: 23
   90%: 23
   95%: 24
   98%: 24
   99%: 24
  100%: 25

Reply time [ms]: response 16.7 transfer 0.8
Percentages of the requests served within a certain time (ms) :
   50%: 11
   66%: 13
   75%: 15
   80%: 15
   90%: 16
   95%: 18
   98%: 41
   99%: 219
  100%: 365

Reply size [B]: header 162.0 content 72.0 footer 1.0 (total 235.0)
Reply status: 1xx=0 2xx=4320 3xx=0 4xx=0 5xx=0

CPU time [s]: user 146.22 system 33.38 (user 81.2% system 18.5% total 99.8%)
Net I/O: 7.1 KB/s (0.1*10^6 bps)

Errors: total 0 client-timo 0 socket-timo 0 connrefused 0 connreset 0
Errors: fd-unavail 0 addrunavail 0 ftab-full 0 other 0

