httperf --verbose --hog --timeout=50 --client=0/1 --server=172.16.116.116 --port=8080 --uri=/ --rate=24 --send-buffer=4096 --recv-buffer=16384 --num-conns=4320 --num-calls=1
httperf: maximum number of open descriptors = 65535
Maximum connect burst length: 1

Connection lifetime histogram (time in ms):
             :
            10.5 343
            11.5 1310
            12.5 527
            13.5 259
            14.5 214
            15.5 335
            16.5 468
            17.5 344
            18.5 203
            19.5 105
            20.5 56
            21.5 29
            22.5 19
            23.5 15
            24.5 18
            25.5 9
            26.5 9
            27.5 8
            28.5 2
            29.5 3
            30.5 1
            31.5 2
             :
            33.5 1
             :
            35.5 2
             :
            79.5 1
             :
            88.5 1
            89.5 1
             :
            91.5 1
             :
           103.5 1
             :
           109.5 1
             :
           142.5 1
             :
           149.5 2
             :
           168.5 1
             :
           174.5 1
             :
           177.5 1
             :
           184.5 1
             :
           188.5 1
             :
           207.5 1
             :
           220.5 1
           221.5 1
           222.5 1
             :
           225.5 1
             :
           228.5 1
             :
           233.5 1
           234.5 1
             :
           261.5 1
             :
           267.5 1
             :
           275.5 1
             :
           277.5 1
             :
           287.5 1
             :
           295.5 1
             :
           307.5 1
             :
           311.5 1
             :
           322.5 1
             :
           328.5 1
             :
           338.5 1
             :
           351.5 1
             :
           364.5 1
             :
           375.5 1
             :
           395.5 1
             :
           409.5 1

Total: connections 4320 requests 4320 replies 4320 test-duration 179.975 s

Connection rate: 24.0 conn/s (41.7 ms/conn, <=2 concurrent connections)
Connection time [ms]: min 10.1 avg 16.1 max 409.4 median 12.5 stddev 22.4
Connection time [ms]: connect 0.7
Connection length [replies/conn]: 1.000

Request rate: 24.0 req/s (41.7 ms/req)
Request size [B]: 67.0

Reply rate [replies/s]: min 23.0 avg 24.0 max 25.0 stddev 0.3 (179 samples)
Percentages of the replies served at a given rate:
   50%: 23
   66%: 23
   75%: 23
   80%: 23
   90%: 23
   95%: 23
   98%: 24
   99%: 24
  100%: 25

Reply time [ms]: response 14.7 transfer 0.6
Percentages of the requests served within a certain time (ms) :
   50%: 11
   66%: 14
   75%: 15
   80%: 15
   90%: 16
   95%: 17
   98%: 21
   99%: 27
  100%: 386

Reply size [B]: header 162.0 content 72.0 footer 1.0 (total 235.0)
Reply status: 1xx=0 2xx=4320 3xx=0 4xx=0 5xx=0

CPU time [s]: user 149.12 system 30.46 (user 82.9% system 16.9% total 99.8%)
Net I/O: 7.1 KB/s (0.1*10^6 bps)

Errors: total 0 client-timo 0 socket-timo 0 connrefused 0 connreset 0
Errors: fd-unavail 0 addrunavail 0 ftab-full 0 other 0

