httperf --verbose --hog --timeout=50 --client=0/1 --server=172.16.116.116 --port=8080 --uri=/ --rate=24 --send-buffer=4096 --recv-buffer=16384 --num-conns=4320 --num-calls=1
httperf: maximum number of open descriptors = 65535
Maximum connect burst length: 1

Connection lifetime histogram (time in ms):
             :
            10.5 248
            11.5 1058
            12.5 449
            13.5 272
            14.5 273
            15.5 454
            16.5 595
            17.5 353
            18.5 219
            19.5 117
            20.5 60
            21.5 44
            22.5 34
            23.5 28
            24.5 16
            25.5 12
            26.5 6
            27.5 3
            28.5 4
            29.5 2
            30.5 4
            31.5 1
            32.5 4
            33.5 1
             :
            37.5 1
             :
            43.5 1
             :
            51.5 1
             :
            61.5 1
             :
            90.5 1
             :
           115.5 1
             :
           121.5 1
             :
           123.5 1
             :
           125.5 1
             :
           170.5 1
             :
           175.5 1
           176.5 2
             :
           180.5 2
             :
           188.5 1
           189.5 1
             :
           201.5 1
           202.5 1
             :
           204.5 1
             :
           208.5 2
           209.5 1
             :
           212.5 1
           213.5 1
             :
           215.5 1
           216.5 2
             :
           221.5 1
             :
           227.5 1
           228.5 1
             :
           230.5 1
             :
           232.5 2
           233.5 1
             :
           237.5 2
             :
           239.5 1
           240.5 1
           241.5 1
             :
           247.5 1
           248.5 1
             :
           255.5 2
             :
           265.5 1
           266.5 1
             :
           268.5 1
             :
           275.5 1
           276.5 1
             :
           279.5 1
             :
           282.5 2
           283.5 1
             :
           285.5 1
             :
           291.5 1
           292.5 1
             :
           294.5 1
             :
           297.5 1
             :
           309.5 1
             :
           322.5 1
             :
           328.5 1
             :
           413.5 2

Total: connections 4320 requests 4320 replies 4320 test-duration 180.051 s

Connection rate: 24.0 conn/s (41.7 ms/conn, <=2 concurrent connections)
Connection time [ms]: min 10.3 avg 17.7 max 413.6 median 14.5 stddev 26.8
Connection time [ms]: connect 0.7
Connection length [replies/conn]: 1.000

Request rate: 24.0 req/s (41.7 ms/req)
Request size [B]: 67.0

Reply rate [replies/s]: min 23.0 avg 24.0 max 25.0 stddev 0.4 (180 samples)
Percentages of the replies served at a given rate:
   50%: 23
   66%: 23
   75%: 23
   80%: 23
   90%: 23
   95%: 24
   98%: 24
   99%: 24
  100%: 25

Reply time [ms]: response 16.2 transfer 0.7
Percentages of the requests served within a certain time (ms) :
   50%: 13
   66%: 15
   75%: 15
   80%: 15
   90%: 17
   95%: 18
   98%: 24
   99%: 175
  100%: 376

Reply size [B]: header 162.0 content 72.0 footer 1.0 (total 235.0)
Reply status: 1xx=0 2xx=4320 3xx=0 4xx=0 5xx=0

CPU time [s]: user 148.17 system 31.50 (user 82.3% system 17.5% total 99.8%)
Net I/O: 7.1 KB/s (0.1*10^6 bps)

Errors: total 0 client-timo 0 socket-timo 0 connrefused 0 connreset 0
Errors: fd-unavail 0 addrunavail 0 ftab-full 0 other 0

