httperf --verbose --hog --timeout=50 --client=0/1 --server=172.16.116.116 --port=8080 --uri=/ --rate=8 --send-buffer=4096 --recv-buffer=16384 --num-conns=1440 --num-calls=1
httperf: maximum number of open descriptors = 65535
Maximum connect burst length: 1

Connection lifetime histogram (time in ms):
             :
            10.5 75
            11.5 326
            12.5 248
            13.5 173
            14.5 90
            15.5 85
            16.5 152
            17.5 120
            18.5 74
            19.5 43
            20.5 24
            21.5 11
            22.5 7
            23.5 3
            24.5 1
            25.5 1
            26.5 3
             :
            71.5 1
             :
           185.5 1
             :
           189.5 1
             :
           288.5 1

Total: connections 1440 requests 1440 replies 1440 test-duration 179.886 s

Connection rate: 8.0 conn/s (124.9 ms/conn, <=2 concurrent connections)
Connection time [ms]: min 10.1 avg 14.7 max 288.8 median 13.5 stddev 10.2
Connection time [ms]: connect 0.7
Connection length [replies/conn]: 1.000

Request rate: 8.0 req/s (124.9 ms/req)
Request size [B]: 67.0

Reply rate [replies/s]: min 8.0 avg 8.0 max 8.0 stddev 0.0 (179 samples)
Percentages of the replies served at a given rate:
   50%: 7
   66%: 7
   75%: 7
   80%: 7
   90%: 7
   95%: 7
   98%: 7
   99%: 7
  100%: 8

Reply time [ms]: response 13.4 transfer 0.5
Percentages of the requests served within a certain time (ms) :
   50%: 11
   66%: 13
   75%: 15
   80%: 15
   90%: 16
   95%: 17
   98%: 19
   99%: 20
  100%: 288

Reply size [B]: header 162.0 content 72.0 footer 1.0 (total 235.0)
Reply status: 1xx=0 2xx=1440 3xx=0 4xx=0 5xx=0

CPU time [s]: user 152.23 system 27.40 (user 84.6% system 15.2% total 99.9%)
Net I/O: 2.4 KB/s (0.0*10^6 bps)

Errors: total 0 client-timo 0 socket-timo 0 connrefused 0 connreset 0
Errors: fd-unavail 0 addrunavail 0 ftab-full 0 other 0

