httperf --verbose --hog --timeout=50 --client=0/1 --server=172.16.116.116 --port=8080 --uri=/ --rate=8 --send-buffer=4096 --recv-buffer=16384 --num-conns=1440 --num-calls=1
httperf: maximum number of open descriptors = 65535
Maximum connect burst length: 1

Connection lifetime histogram (time in ms):
             :
            10.5 91
            11.5 309
            12.5 224
            13.5 165
            14.5 100
            15.5 118
            16.5 157
            17.5 82
            18.5 72
            19.5 35
            20.5 23
            21.5 12
            22.5 11
            23.5 9
            24.5 2
            25.5 1
             :
            27.5 1
             :
            29.5 1
            30.5 1
             :
            34.5 1
             :
            42.5 1
             :
            56.5 1
             :
            78.5 1
             :
            88.5 1
             :
           134.5 1
             :
           145.5 1
             :
           149.5 1
             :
           189.5 1
             :
           192.5 1
             :
           198.5 1
             :
           200.5 1
             :
           208.5 1
             :
           219.5 1
             :
           231.5 1
             :
           236.5 1
             :
           258.5 1
             :
           272.5 1
             :
           287.5 1
             :
           304.5 1
             :
           329.5 1
             :
           332.5 1
             :
           351.5 1
             :
           406.5 1
             :
           429.5 1
             :
           459.5 1

Total: connections 1440 requests 1440 replies 1440 test-duration 179.890 s

Connection rate: 8.0 conn/s (124.9 ms/conn, <=4 concurrent connections)
Connection time [ms]: min 10.1 avg 18.1 max 459.3 median 13.5 stddev 32.1
Connection time [ms]: connect 1.3
Connection length [replies/conn]: 1.000

Request rate: 8.0 req/s (124.9 ms/req)
Request size [B]: 67.0

Reply rate [replies/s]: min 7.0 avg 8.0 max 9.0 stddev 0.2 (179 samples)
Percentages of the replies served at a given rate:
   50%: 7
   66%: 7
   75%: 7
   80%: 7
   90%: 7
   95%: 7
   98%: 8
   99%: 8
  100%: 9

Reply time [ms]: response 16.1 transfer 0.6
Percentages of the requests served within a certain time (ms) :
   50%: 11
   66%: 14
   75%: 15
   80%: 15
   90%: 17
   95%: 19
   98%: 24
   99%: 157
  100%: 429

Reply size [B]: header 162.0 content 72.0 footer 1.0 (total 235.0)
Reply status: 1xx=0 2xx=1440 3xx=0 4xx=0 5xx=0

CPU time [s]: user 152.92 system 26.71 (user 85.0% system 14.8% total 99.9%)
Net I/O: 2.4 KB/s (0.0*10^6 bps)

Errors: total 0 client-timo 0 socket-timo 0 connrefused 0 connreset 0
Errors: fd-unavail 0 addrunavail 0 ftab-full 0 other 0

