httperf --verbose --hog --timeout=50 --client=0/1 --server=172.16.116.116 --port=8080 --uri=/ --rate=8 --send-buffer=4096 --recv-buffer=16384 --num-conns=1440 --num-calls=1
httperf: maximum number of open descriptors = 65535
Maximum connect burst length: 1

Connection lifetime histogram (time in ms):
             :
            10.5 41
            11.5 197
            12.5 158
            13.5 104
            14.5 63
            15.5 79
            16.5 140
            17.5 143
            18.5 86
            19.5 42
            20.5 35
            21.5 26
            22.5 17
            23.5 12
            24.5 10
            25.5 8
            26.5 6
            27.5 4
            28.5 2
            29.5 2
            30.5 1
            31.5 1
             :
            33.5 2
            34.5 3
             :
            36.5 1
             :
            40.5 1
             :
            45.5 1
             :
            47.5 1
             :
            49.5 1
             :
            54.5 1
             :
            56.5 1
            57.5 1
             :
            59.5 1
             :
            65.5 1
             :
            68.5 1
             :
            70.5 1
             :
            72.5 1
             :
            79.5 1
             :
            84.5 1
             :
            86.5 2
            87.5 1
            88.5 2
             :
            90.5 1
            91.5 2
             :
           104.5 2
             :
           106.5 1
           107.5 1
           108.5 1
           109.5 1
           110.5 1
           111.5 1
           112.5 1
             :
           116.5 1
           117.5 1
           118.5 2
             :
           120.5 1
           121.5 1
             :
           123.5 1
             :
           125.5 1
             :
           127.5 2
             :
           131.5 1
             :
           135.5 1
             :
           139.5 2
           140.5 2
             :
           142.5 1
           143.5 1
             :
           150.5 2
           151.5 1
           152.5 2
           153.5 2
             :
           156.5 2
           157.5 2
           158.5 1
           159.5 3
           160.5 1
             :
           162.5 4
           163.5 1
           164.5 2
           165.5 1
             :
           168.5 1
           169.5 1
             :
           171.5 2
           172.5 2
             :
           175.5 3
           176.5 2
           177.5 2
           178.5 2
             :
           180.5 2
             :
           182.5 1
           183.5 1
             :
           185.5 3
             :
           187.5 1
           188.5 4
           189.5 1
           190.5 1
             :
           192.5 1
             :
           195.5 1
             :
           198.5 1
           199.5 2
           200.5 1
             :
           202.5 2
           203.5 3
           204.5 2
             :
           206.5 5
           207.5 2
           208.5 4
           209.5 1
           210.5 1
             :
           212.5 4
           213.5 2
           214.5 1
           215.5 1
           216.5 2
           217.5 2
           218.5 2
           219.5 1
             :
           222.5 3
           223.5 2
             :
           225.5 3
           226.5 4
           227.5 2
           228.5 1
           229.5 1
           230.5 1
           231.5 1
           232.5 1
           233.5 1
             :
           235.5 2
           236.5 2
           237.5 1
           238.5 1
           239.5 3
           240.5 1
             :
           242.5 1
           243.5 2
           244.5 1
           245.5 2
           246.5 3
             :
           249.5 1
             :
           251.5 4
           252.5 1
           253.5 2
           254.5 1
           255.5 1
           256.5 2
           257.5 2
           258.5 2
           259.5 1
           260.5 2
           261.5 1
           262.5 2
           263.5 1
           264.5 2
             :
           266.5 2
             :
           268.5 2
             :
           272.5 1
             :
           274.5 1
           275.5 1
             :
           277.5 2
           278.5 1
           279.5 2
           280.5 2
             :
           282.5 1
             :
           285.5 1
             :
           288.5 2
             :
           294.5 2
             :
           297.5 1
             :
           300.5 1
           301.5 2
           302.5 1
             :
           306.5 1
           307.5 1
           308.5 1
           309.5 2
           310.5 1
             :
           314.5 1
           315.5 1
             :
           321.5 2
             :
           331.5 1
             :
           334.5 2
             :
           337.5 1
             :
           342.5 1
             :
           344.5 1
             :
           358.5 1
             :
           362.5 2
             :
           364.5 1
             :
           376.5 1
             :
           378.5 1
             :
           387.5 1
             :
           392.5 1
             :
           408.5 1

Total: connections 1440 requests 1440 replies 1440 test-duration 179.902 s

Connection rate: 8.0 conn/s (124.9 ms/conn, <=3 concurrent connections)
Connection time [ms]: min 10.3 avg 50.1 max 408.2 median 16.5 stddev 80.4
Connection time [ms]: connect 1.0
Connection length [replies/conn]: 1.000

Request rate: 8.0 req/s (124.9 ms/req)
Request size [B]: 67.0

Reply rate [replies/s]: min 6.0 avg 8.0 max 10.0 stddev 0.7 (179 samples)
Percentages of the replies served at a given rate:
   50%: 7
   66%: 7
   75%: 7
   80%: 7
   90%: 8
   95%: 8
   98%: 8
   99%: 9
  100%: 10

Reply time [ms]: response 46.3 transfer 2.7
Percentages of the requests served within a certain time (ms) :
   50%: 15
   66%: 16
   75%: 18
   80%: 21
   90%: 184
   95%: 226
   98%: 285
   99%: 308
  100%: 377

Reply size [B]: header 162.0 content 72.0 footer 1.0 (total 235.0)
Reply status: 1xx=0 2xx=1440 3xx=0 4xx=0 5xx=0

CPU time [s]: user 150.75 system 28.90 (user 83.8% system 16.1% total 99.9%)
Net I/O: 2.4 KB/s (0.0*10^6 bps)

Errors: total 0 client-timo 0 socket-timo 0 connrefused 0 connreset 0
Errors: fd-unavail 0 addrunavail 0 ftab-full 0 other 0

