httperf --verbose --hog --timeout=50 --client=0/1 --server=172.16.116.116 --port=8080 --uri=/ --rate=24 --send-buffer=4096 --recv-buffer=16384 --num-conns=2880 --num-calls=1
httperf: maximum number of open descriptors = 65535
Maximum connect burst length: 1

Connection lifetime histogram (time in ms):
             :
             9.5 1
            10.5 62
            11.5 166
            12.5 119
            13.5 83
            14.5 89
            15.5 108
            16.5 116
            17.5 96
            18.5 64
            19.5 64
            20.5 61
            21.5 55
            22.5 74
            23.5 49
            24.5 45
            25.5 45
            26.5 37
            27.5 32
            28.5 48
            29.5 35
            30.5 30
            31.5 36
            32.5 31
            33.5 29
            34.5 32
            35.5 35
            36.5 24
            37.5 27
            38.5 23
            39.5 19
            40.5 23
            41.5 16
            42.5 26
            43.5 11
            44.5 17
            45.5 11
            46.5 19
            47.5 14
            48.5 19
            49.5 12
            50.5 11
            51.5 11
            52.5 16
            53.5 17
            54.5 10
            55.5 13
            56.5 11
            57.5 9
            58.5 5
            59.5 11
            60.5 7
            61.5 12
            62.5 11
            63.5 3
            64.5 6
            65.5 12
            66.5 6
            67.5 8
            68.5 8
            69.5 8
            70.5 6
            71.5 5
            72.5 4
            73.5 7
            74.5 3
            75.5 3
            76.5 6
            77.5 4
            78.5 5
            79.5 1
            80.5 5
            81.5 6
            82.5 4
            83.5 5
            84.5 5
            85.5 6
            86.5 5
            87.5 4
            88.5 14
            89.5 4
            90.5 9
            91.5 4
            92.5 6
            93.5 2
            94.5 2
            95.5 3
            96.5 3
            97.5 2
            98.5 4
            99.5 3
           100.5 5
           101.5 5
           102.5 5
           103.5 4
           104.5 2
           105.5 3
           106.5 4
           107.5 2
           108.5 1
           109.5 7
           110.5 2
           111.5 4
           112.5 4
           113.5 5
           114.5 4
           115.5 4
           116.5 6
           117.5 7
           118.5 3
           119.5 6
           120.5 3
           121.5 3
             :
           123.5 3
           124.5 5
           125.5 2
           126.5 5
           127.5 5
           128.5 4
           129.5 2
           130.5 4
           131.5 3
           132.5 8
           133.5 4
           134.5 4
           135.5 5
           136.5 4
           137.5 6
           138.5 5
           139.5 3
           140.5 7
           141.5 1
           142.5 2
           143.5 1
           144.5 3
           145.5 3
           146.5 2
           147.5 3
           148.5 1
           149.5 3
           150.5 2
           151.5 1
           152.5 1
           153.5 2
           154.5 1
           155.5 1
           156.5 1
           157.5 2
           158.5 1
           159.5 1
           160.5 2
           161.5 1
           162.5 1
           163.5 3
           164.5 2
           165.5 1
           166.5 1
           167.5 1
           168.5 1
           169.5 5
           170.5 2
           171.5 2
           172.5 4
             :
           174.5 3
           175.5 1
           176.5 2
           177.5 1
           178.5 1
           179.5 1
           180.5 1
             :
           183.5 5
           184.5 2
             :
           189.5 1
           190.5 1
             :
           199.5 1
             :
           202.5 1
             :
           215.5 1
             :
           234.5 1
             :
           238.5 1
             :
           241.5 1
             :
           244.5 1
             :
           247.5 1
             :
           249.5 2
             :
           252.5 1
           253.5 1
           254.5 1
           255.5 1
             :
           258.5 1
             :
           260.5 1
             :
           274.5 1
             :
           277.5 2
             :
           281.5 1
             :
           284.5 1
           285.5 1
           286.5 2
             :
           288.5 1
             :
           306.5 1
             :
           319.5 1
             :
           325.5 1
             :
           330.5 1
             :
           337.5 1
             :
           340.5 1
             :
           344.5 1
             :
           386.5 1
             :
           391.5 1
             :
           394.5 1
             :
           403.5 1
             :
           424.5 1
             :
           489.5 1
             :
           494.5 1
             :
           511.5 1
             :
           513.5 1
             :
           518.5 1
             :
           534.5 1
             :
           543.5 1
             :
           547.5 1
             :
           549.5 1
             :
           561.5 2
             :
           564.5 2
             :
           566.5 1
             :
           581.5 1
             :
           588.5 1
             :
           595.5 2
             :
           604.5 1
             :
           608.5 2
             :
           612.5 2
           613.5 2
             :
           617.5 1
           618.5 1
             :
           623.5 1
             :
           635.5 1
             :
           640.5 1
             :
           642.5 1
           643.5 1
             :
           646.5 1
             :
           650.5 1
             :
           653.5 1
           654.5 1
             :
           656.5 1
             :
           658.5 2
           659.5 1
             :
           664.5 1
             :
           667.5 1
             :
           669.5 1
           670.5 2
             :
           678.5 1
           679.5 1
             :
           681.5 1
           682.5 2
             :
           684.5 1
             :
           686.5 3
             :
           690.5 1
           691.5 2
           692.5 1
             :
           694.5 3
           695.5 1
           696.5 2
           697.5 1
             :
           702.5 1
             :
           706.5 1
             :
           710.5 1
             :
           712.5 1
           713.5 2
             :
           716.5 1
           717.5 1
             :
           719.5 1
             :
           724.5 2
             :
           729.5 1
             :
           731.5 1
           732.5 1
           733.5 1
             :
           736.5 2
             :
           739.5 1
             :
           741.5 2
             :
           747.5 1
             :
           750.5 1
             :
           752.5 2
             :
           755.5 1
             :
           757.5 1
             :
           759.5 1
           760.5 1
             :
           765.5 1
           766.5 1
             :
           769.5 1
           770.5 1
             :
           772.5 2
             :
           774.5 1
             :
           777.5 2
           778.5 2
           779.5 2
           780.5 2
           781.5 2
           782.5 1
             :
           788.5 1
             :
           790.5 1
             :
           796.5 2
             :
           800.5 1
           801.5 1
           802.5 1
             :
           804.5 1
             :
           809.5 1
           810.5 1
           811.5 1
             :
           813.5 1
           814.5 1
             :
           817.5 1
             :
           820.5 1
             :
           824.5 1
             :
           828.5 1
           829.5 1
           830.5 2
             :
           833.5 1
           834.5 1
           835.5 1
             :
           837.5 1
             :
           840.5 1
             :
           842.5 1
             :
           846.5 1
             :
           853.5 1
             :
           857.5 2
             :
           859.5 1
             :
           861.5 2
           862.5 1
           863.5 1
             :
           865.5 2
             :
           870.5 1
           871.5 1
           872.5 1
             :
           874.5 1
             :
           877.5 1
             :
           879.5 1
             :
           882.5 2
             :
           887.5 2
           888.5 1
           889.5 1
             :
           892.5 1
           893.5 1
           894.5 1
             :
           897.5 1
             :
           902.5 2
             :
           906.5 1
             :
           912.5 2
             :
           921.5 1
             :
           923.5 1
             :
           926.5 1
             :
           928.5 3
             :
           930.5 1
           931.5 1
             :
           933.5 1
           934.5 1
             :
           938.5 2
           939.5 1
             :
           942.5 1
             :
           944.5 1
             :
           946.5 1
             :
           949.5 1
             :
           952.5 2
             :
           954.5 1
             :
           956.5 1
           957.5 1
           958.5 1
           959.5 2
             :
           973.5 1
             :
           979.5 1
             :
           981.5 1
             :
           984.5 2
             :
           986.5 1
             :
           989.5 1
             :
           992.5 1
             :
          1001.5 1
          1002.5 1
             :
          1004.5 1
          1005.5 1
             :
          1016.5 1
          1017.5 1
             :
          1022.5 2
          1023.5 2
             :
          1026.5 1
             :
          1028.5 1
             :
          1033.5 1
             :
          1035.5 1
          1036.5 1
             :
          1041.5 1
             :
          1044.5 2
             :
          1046.5 1
          1047.5 1
             :
          1049.5 1
          1050.5 1
             :
          1056.5 1
             :
          1059.5 1
             :
          1062.5 1
             :
          1067.5 2
             :
          1070.5 1
             :
          1072.5 1
             :
          1078.5 1
             :
          1093.5 1
             :
          1098.5 1
          1099.5 1
             :
          1102.5 1
             :
          1109.5 1
             :
          1117.5 1
             :
          1120.5 1
          1121.5 1
             :
          1127.5 1
             :
          1132.5 2
          1133.5 2
             :
          1135.5 1
             :
          1138.5 1
             :
          1146.5 1
             :
          1150.5 1
          1151.5 1
             :
          1168.5 1
             :
          1170.5 1
             :
          1178.5 1
          1179.5 1
             :
          1181.5 1
             :
          1192.5 1
          1193.5 1
             :
          1206.5 1
             :
          1211.5 1
             :
          1213.5 1
             :
          1238.5 1
             :
          1259.5 1
             :
          1265.5 1
             :
          1270.5 1
          1271.5 1
             :
          1282.5 1
             :
          1287.5 1
             :
          1289.5 1
             :
          1304.5 1
             :
          1310.5 1
             :
          1325.5 1
             :
          1329.5 1
             :
          1334.5 1
             :
          1338.5 1
             :
          1347.5 1
          1348.5 1
             :
          1367.5 1
             :
          1371.5 1
             :
          1377.5 1
          1378.5 1
             :
          1386.5 1
             :
          1393.5 1
             :
          1404.5 1
             :
          1428.5 1
             :
          1432.5 1
             :
          1439.5 1
             :
          1443.5 1
             :
          1477.5 1
          1478.5 1
          1479.5 1
             :
          1486.5 1
             :
          1501.5 1
             :
          1515.5 1
             :
          1539.5 1
             :
          1554.5 1
             :
          1564.5 1
             :
          1577.5 1
             :
          1597.5 1
             :
          1612.5 1
             :
          1614.5 1
             :
          1627.5 1
          1628.5 1
             :
          1637.5 1
             :
          1643.5 1
             :
          1646.5 1
             :
          1655.5 1
             :
          1658.5 1
          1659.5 1
             :
          1671.5 1
             :
          1685.5 1
             :
          1692.5 1
             :
          1697.5 1
             :
          1704.5 1
          1705.5 1
             :
          1713.5 1
             :
          1716.5 1
             :
          1743.5 1
             :
          1766.5 1
             :
          1796.5 1
          1797.5 1
          1798.5 1
             :
          1804.5 1
             :
          1814.5 1
             :
          1818.5 1
             :
          1830.5 1
             :
          1837.5 1
             :
          1846.5 1
             :
          1849.5 1
             :
          1852.5 1
             :
          1864.5 1
             :
          1876.5 1
          1877.5 1
          1878.5 1
             :
          1896.5 1
             :
          1903.5 1
             :
          1907.5 1
             :
          1918.5 1
          1919.5 1
             :
          1925.5 1
             :
          1940.5 1
             :
          1943.5 1
             :
          1949.5 1
          1950.5 1
          1951.5 1
             :
          1969.5 1
             :
          2030.5 1
             :
          2068.5 1
             :
          2080.5 1
             :
          2142.5 1
             :
          2151.5 1
             :
          2174.5 1
          2175.5 1
             :
          2192.5 1
             :
          2228.5 1
             :
          2231.5 1
             :
          2238.5 1
             :
          2286.5 1
             :
          2311.5 1
             :
          2323.5 1
             :
          2381.5 1

Total: connections 2880 requests 2880 replies 2880 test-duration 122.133 s

Connection rate: 23.6 conn/s (42.4 ms/conn, <=44 concurrent connections)
Connection time [ms]: min 10.0 avg 173.6 max 2381.2 median 29.5 stddev 380.0
Connection time [ms]: connect 0.7
Connection length [replies/conn]: 1.000

Request rate: 23.6 req/s (42.4 ms/req)
Request size [B]: 67.0

Reply rate [replies/s]: min 9.0 avg 23.6 max 40.0 stddev 3.4 (122 samples)
Percentages of the replies served at a given rate:
   50%: 23
   66%: 23
   75%: 24
   80%: 24
   90%: 25
   95%: 25
   98%: 28
   99%: 35
  100%: 40

Reply time [ms]: response 161.7 transfer 11.1
Percentages of the requests served within a certain time (ms) :
   50%: 27
   66%: 46
   75%: 77
   80%: 108
   90%: 644
   95%: 951
   98%: 1560
   99%: 1817
  100%: 2380

Reply size [B]: header 163.0 content 72.0 footer 1.0 (total 236.0)
Reply status: 1xx=0 2xx=2880 3xx=0 4xx=0 5xx=0

CPU time [s]: user 95.88 system 26.03 (user 78.5% system 21.3% total 99.8%)
Net I/O: 7.0 KB/s (0.1*10^6 bps)

Errors: total 0 client-timo 0 socket-timo 0 connrefused 0 connreset 0
Errors: fd-unavail 0 addrunavail 0 ftab-full 0 other 0

