httperf --verbose --hog --timeout=50 --client=0/1 --server=172.16.116.116 --port=8080 --uri=/ --rate=8 --send-buffer=4096 --recv-buffer=16384 --num-conns=2400 --num-calls=1
httperf: maximum number of open descriptors = 65535
Maximum connect burst length: 1

Connection lifetime histogram (time in ms):
             :
            10.5 141
            11.5 458
            12.5 342
            13.5 261
            14.5 188
            15.5 191
            16.5 258
            17.5 144
            18.5 126
            19.5 64
            20.5 63
            21.5 38
            22.5 30
            23.5 17
            24.5 9
            25.5 5
            26.5 3
            27.5 1
             :
            29.5 1
            30.5 1
            31.5 2
            32.5 3
             :
            38.5 1
             :
            48.5 1
             :
            84.5 1
             :
           109.5 1
             :
           112.5 1
             :
           138.5 1
             :
           150.5 1
             :
           153.5 1
             :
           161.5 1
             :
           167.5 1
           168.5 1
             :
           170.5 1
           171.5 1
           172.5 1
           173.5 2
             :
           175.5 1
             :
           182.5 1
           183.5 1
             :
           185.5 1
           186.5 2
             :
           189.5 1
             :
           192.5 1
             :
           200.5 1
             :
           203.5 2
             :
           205.5 1
             :
           211.5 1
             :
           213.5 1
             :
           216.5 1
             :
           218.5 1
             :
           223.5 2
             :
           228.5 1
           229.5 1
             :
           234.5 1
             :
           236.5 2
             :
           247.5 1
           248.5 1
             :
           258.5 1
           259.5 1
           260.5 1
             :
           263.5 1
             :
           265.5 1
             :
           280.5 1
             :
           297.5 1
             :
           301.5 1
             :
           309.5 1
             :
           340.5 1
             :
           346.5 1
             :
           350.5 1
             :
           396.5 1

Total: connections 2400 requests 2400 replies 2400 test-duration 299.895 s

Connection rate: 8.0 conn/s (125.0 ms/conn, <=2 concurrent connections)
Connection time [ms]: min 10.2 avg 19.1 max 396.4 median 13.5 stddev 31.1
Connection time [ms]: connect 0.8
Connection length [replies/conn]: 1.000

Request rate: 8.0 req/s (125.0 ms/req)
Request size [B]: 67.0

Reply rate [replies/s]: min 7.0 avg 8.0 max 9.0 stddev 0.2 (299 samples)
Percentages of the replies served at a given rate:
   50%: 7
   66%: 7
   75%: 7
   80%: 7
   90%: 7
   95%: 7
   98%: 8
   99%: 8
  100%: 9

Reply time [ms]: response 17.6 transfer 0.6
Percentages of the requests served within a certain time (ms) :
   50%: 12
   66%: 14
   75%: 15
   80%: 15
   90%: 18
   95%: 20
   98%: 125
   99%: 195
  100%: 395

Reply size [B]: header 162.0 content 72.0 footer 1.0 (total 235.0)
Reply status: 1xx=0 2xx=2400 3xx=0 4xx=0 5xx=0

CPU time [s]: user 253.43 system 45.97 (user 84.5% system 15.3% total 99.8%)
Net I/O: 2.4 KB/s (0.0*10^6 bps)

Errors: total 0 client-timo 0 socket-timo 0 connrefused 0 connreset 0
Errors: fd-unavail 0 addrunavail 0 ftab-full 0 other 0

