httperf --verbose --hog --timeout=50 --client=0/1 --server=172.16.116.116 --port=8080 --uri=/ --rate=8 --send-buffer=4096 --recv-buffer=16384 --num-conns=2400 --num-calls=1
httperf: maximum number of open descriptors = 65535
Maximum connect burst length: 1

Connection lifetime histogram (time in ms):
             :
            10.5 135
            11.5 465
            12.5 345
            13.5 251
            14.5 226
            15.5 201
            16.5 251
            17.5 124
            18.5 110
            19.5 63
            20.5 38
            21.5 35
            22.5 22
            23.5 15
            24.5 7
            25.5 7
            26.5 2
            27.5 4
            28.5 2
            29.5 1
             :
            36.5 1
             :
            39.5 1
             :
            43.5 1
            44.5 1
             :
            49.5 1
             :
            52.5 1
             :
            76.5 1
             :
            83.5 1
             :
            86.5 1
             :
            90.5 1
            91.5 1
             :
            93.5 1
             :
           102.5 2
             :
           107.5 1
             :
           109.5 2
             :
           114.5 1
             :
           116.5 1
             :
           123.5 1
             :
           130.5 1
             :
           137.5 1
             :
           139.5 1
             :
           142.5 1
             :
           146.5 1
             :
           155.5 1
             :
           163.5 1
             :
           166.5 1
           167.5 1
           168.5 1
             :
           170.5 1
             :
           173.5 1
           174.5 1
           175.5 1
             :
           178.5 1
           179.5 1
             :
           182.5 1
             :
           184.5 1
             :
           188.5 1
           189.5 2
             :
           192.5 1
           193.5 1
           194.5 3
           195.5 2
             :
           198.5 2
           199.5 1
           200.5 1
           201.5 1
           202.5 1
             :
           204.5 1
             :
           214.5 1
           215.5 1
           216.5 1
             :
           218.5 1
             :
           225.5 1
             :
           227.5 1
           228.5 1
           229.5 1
           230.5 1
           231.5 1
             :
           233.5 1
           234.5 1
             :
           240.5 1
             :
           242.5 2
             :
           254.5 1
           255.5 1
             :
           258.5 1
             :
           260.5 1
           261.5 1
             :
           264.5 1
             :
           266.5 2
             :
           268.5 1
             :
           273.5 1
             :
           276.5 1
             :
           281.5 1
           282.5 1
             :
           288.5 1
             :
           299.5 1
             :
           304.5 1
             :
           311.5 1
             :
           325.5 1
             :
           330.5 1
             :
           333.5 1
             :
           336.5 1
             :
           343.5 1
             :
           349.5 1
             :
           396.5 1
             :
           407.5 1
             :
           426.5 1

Total: connections 2400 requests 2400 replies 2400 test-duration 299.887 s

Connection rate: 8.0 conn/s (125.0 ms/conn, <=2 concurrent connections)
Connection time [ms]: min 10.0 avg 22.0 max 426.7 median 14.5 stddev 40.3
Connection time [ms]: connect 0.9
Connection length [replies/conn]: 1.000

Request rate: 8.0 req/s (125.0 ms/req)
Request size [B]: 67.0

Reply rate [replies/s]: min 7.0 avg 8.0 max 9.0 stddev 0.3 (299 samples)
Percentages of the replies served at a given rate:
   50%: 7
   66%: 7
   75%: 7
   80%: 7
   90%: 7
   95%: 7
   98%: 8
   99%: 8
  100%: 9

Reply time [ms]: response 20.3 transfer 0.8
Percentages of the requests served within a certain time (ms) :
   50%: 12
   66%: 14
   75%: 15
   80%: 15
   90%: 17
   95%: 21
   98%: 192
   99%: 238
  100%: 417

Reply size [B]: header 163.0 content 72.0 footer 2.0 (total 237.0)
Reply status: 1xx=0 2xx=2400 3xx=0 4xx=0 5xx=0

CPU time [s]: user 252.84 system 46.63 (user 84.3% system 15.5% total 99.9%)
Net I/O: 2.4 KB/s (0.0*10^6 bps)

Errors: total 0 client-timo 0 socket-timo 0 connrefused 0 connreset 0
Errors: fd-unavail 0 addrunavail 0 ftab-full 0 other 0

