httperf --hog --timeout=1 --client=0/1 --server=172.17.60.201 --port=80 --uri=/ --rate=20 --send-buffer=4096 --recv-buffer=16384 --num-conns=2000 --num-calls=1
Maximum connect burst length: 1

Total: connections 2000 requests 2000 replies 2000 test-duration 99.955 s

Connection rate: 20.0 conn/s (50.0 ms/conn, <=1 concurrent connections)
Connection time [ms]: min 0.8 avg 1.5 max 19.4 median 1.5 stddev 1.4
Connection time [ms]: connect 0.5
Connection length [replies/conn]: 1.000

Request rate: 20.0 req/s (50.0 ms/req)
Request size [B]: 66.0

Reply rate [replies/s]: min 20.0 avg 20.0 max 20.0 stddev 0.0 (19 samples)
Reply time [ms]: response 1.0 transfer 0.0
Reply size [B]: header 267.0 content 77.0 footer 0.0 (total 344.0)
Reply status: 1xx=0 2xx=2000 3xx=0 4xx=0 5xx=0

CPU time [s]: user 45.54 system 54.26 (user 45.6% system 54.3% total 99.8%)
Net I/O: 8.0 KB/s (0.1*10^6 bps)

Errors: total 0 client-timo 0 socket-timo 0 connrefused 0 connreset 0
Errors: fd-unavail 0 addrunavail 0 ftab-full 0 other 0

httperf --hog --timeout=1 --client=0/1 --server=172.17.60.201 --port=80 --uri=/ --rate=40 --send-buffer=4096 --recv-buffer=16384 --num-conns=2000 --num-calls=1
Maximum connect burst length: 1

Total: connections 2000 requests 2000 replies 2000 test-duration 49.977 s

Connection rate: 40.0 conn/s (25.0 ms/conn, <=1 concurrent connections)
Connection time [ms]: min 0.6 avg 2.6 max 19.6 median 1.5 stddev 2.6
Connection time [ms]: connect 1.1
Connection length [replies/conn]: 1.000

Request rate: 40.0 req/s (25.0 ms/req)
Request size [B]: 66.0

Reply rate [replies/s]: min 40.0 avg 40.0 max 40.0 stddev 0.0 (9 samples)
Reply time [ms]: response 1.5 transfer 0.0
Reply size [B]: header 267.0 content 77.0 footer 0.0 (total 344.0)
Reply status: 1xx=0 2xx=2000 3xx=0 4xx=0 5xx=0

CPU time [s]: user 21.54 system 28.33 (user 43.1% system 56.7% total 99.8%)
Net I/O: 16.0 KB/s (0.1*10^6 bps)

Errors: total 0 client-timo 0 socket-timo 0 connrefused 0 connreset 0
Errors: fd-unavail 0 addrunavail 0 ftab-full 0 other 0

httperf --hog --timeout=1 --client=0/1 --server=172.17.60.201 --port=80 --uri=/ --rate=60 --send-buffer=4096 --recv-buffer=16384 --num-conns=2000 --num-calls=1
Maximum connect burst length: 1

Total: connections 2000 requests 2000 replies 2000 test-duration 33.323 s

Connection rate: 60.0 conn/s (16.7 ms/conn, <=2 concurrent connections)
Connection time [ms]: min 0.7 avg 3.8 max 22.2 median 2.5 stddev 3.5
Connection time [ms]: connect 1.7
Connection length [replies/conn]: 1.000

Request rate: 60.0 req/s (16.7 ms/req)
Request size [B]: 66.0

Reply rate [replies/s]: min 60.0 avg 60.0 max 60.0 stddev 0.0 (6 samples)
Reply time [ms]: response 2.2 transfer 0.0
Reply size [B]: header 267.0 content 77.0 footer 0.0 (total 344.0)
Reply status: 1xx=0 2xx=2000 3xx=0 4xx=0 5xx=0

CPU time [s]: user 13.54 system 19.70 (user 40.6% system 59.1% total 99.7%)
Net I/O: 24.0 KB/s (0.2*10^6 bps)

Errors: total 0 client-timo 0 socket-timo 0 connrefused 0 connreset 0
Errors: fd-unavail 0 addrunavail 0 ftab-full 0 other 0

httperf --hog --timeout=1 --client=0/1 --server=172.17.60.201 --port=80 --uri=/ --rate=80 --send-buffer=4096 --recv-buffer=16384 --num-conns=2000 --num-calls=1
Maximum connect burst length: 1

Total: connections 2000 requests 2000 replies 2000 test-duration 24.989 s

Connection rate: 80.0 conn/s (12.5 ms/conn, <=12 concurrent connections)
Connection time [ms]: min 0.7 avg 5.7 max 149.9 median 4.5 stddev 9.5
Connection time [ms]: connect 2.2
Connection length [replies/conn]: 1.000

Request rate: 80.0 req/s (12.5 ms/req)
Request size [B]: 66.0

Reply rate [replies/s]: min 80.0 avg 80.0 max 80.0 stddev 0.0 (4 samples)
Reply time [ms]: response 3.5 transfer 0.0
Reply size [B]: header 267.0 content 77.0 footer 0.0 (total 344.0)
Reply status: 1xx=0 2xx=2000 3xx=0 4xx=0 5xx=0

CPU time [s]: user 9.56 system 15.35 (user 38.3% system 61.4% total 99.7%)
Net I/O: 32.0 KB/s (0.3*10^6 bps)

Errors: total 0 client-timo 0 socket-timo 0 connrefused 0 connreset 0
Errors: fd-unavail 0 addrunavail 0 ftab-full 0 other 0

httperf --hog --timeout=1 --client=0/1 --server=172.17.60.201 --port=80 --uri=/ --rate=100 --send-buffer=4096 --recv-buffer=16384 --num-conns=2000 --num-calls=1
Maximum connect burst length: 2

Total: connections 2000 requests 2000 replies 2000 test-duration 19.997 s

Connection rate: 100.0 conn/s (10.0 ms/conn, <=4 concurrent connections)
Connection time [ms]: min 0.7 avg 6.0 max 36.1 median 5.5 stddev 4.3
Connection time [ms]: connect 2.8
Connection length [replies/conn]: 1.000

Request rate: 100.0 req/s (10.0 ms/req)
Request size [B]: 66.0

Reply rate [replies/s]: min 100.0 avg 100.0 max 100.0 stddev 0.0 (3 samples)
Reply time [ms]: response 3.2 transfer 0.0
Reply size [B]: header 267.0 content 77.0 footer 0.0 (total 344.0)
Reply status: 1xx=0 2xx=2000 3xx=0 4xx=0 5xx=0

CPU time [s]: user 7.16 system 12.77 (user 35.8% system 63.9% total 99.7%)
Net I/O: 40.0 KB/s (0.3*10^6 bps)

Errors: total 0 client-timo 0 socket-timo 0 connrefused 0 connreset 0
Errors: fd-unavail 0 addrunavail 0 ftab-full 0 other 0

httperf --hog --timeout=1 --client=0/1 --server=172.17.60.201 --port=80 --uri=/ --rate=120 --send-buffer=4096 --recv-buffer=16384 --num-conns=2000 --num-calls=1
Maximum connect burst length: 2

Total: connections 2000 requests 2000 replies 2000 test-duration 16.674 s

Connection rate: 120.0 conn/s (8.3 ms/conn, <=5 concurrent connections)
Connection time [ms]: min 0.8 avg 6.5 max 35.7 median 5.5 stddev 4.5
Connection time [ms]: connect 3.0
Connection length [replies/conn]: 1.000

Request rate: 120.0 req/s (8.3 ms/req)
Request size [B]: 66.0

Reply rate [replies/s]: min 119.8 avg 120.0 max 120.2 stddev 0.2 (3 samples)
Reply time [ms]: response 3.6 transfer 0.0
Reply size [B]: header 267.0 content 77.0 footer 0.0 (total 344.0)
Reply status: 1xx=0 2xx=2000 3xx=0 4xx=0 5xx=0

CPU time [s]: user 5.59 system 11.02 (user 33.5% system 66.1% total 99.6%)
Net I/O: 48.0 KB/s (0.4*10^6 bps)

Errors: total 0 client-timo 0 socket-timo 0 connrefused 0 connreset 0
Errors: fd-unavail 0 addrunavail 0 ftab-full 0 other 0

httperf --hog --timeout=1 --client=0/1 --server=172.17.60.201 --port=80 --uri=/ --rate=140 --send-buffer=4096 --recv-buffer=16384 --num-conns=2000 --num-calls=1
Maximum connect burst length: 2

Total: connections 2000 requests 2000 replies 2000 test-duration 14.285 s

Connection rate: 140.0 conn/s (7.1 ms/conn, <=4 concurrent connections)
Connection time [ms]: min 0.8 avg 7.4 max 26.0 median 6.5 stddev 4.5
Connection time [ms]: connect 3.4
Connection length [replies/conn]: 1.000

Request rate: 140.0 req/s (7.1 ms/req)
Request size [B]: 66.0

Reply rate [replies/s]: min 139.8 avg 139.9 max 140.0 stddev 0.1 (2 samples)
Reply time [ms]: response 4.0 transfer 0.0
Reply size [B]: header 267.0 content 77.0 footer 0.0 (total 344.0)
Reply status: 1xx=0 2xx=2000 3xx=0 4xx=0 5xx=0

CPU time [s]: user 4.53 system 9.68 (user 31.7% system 67.8% total 99.5%)
Net I/O: 56.1 KB/s (0.5*10^6 bps)

Errors: total 0 client-timo 0 socket-timo 0 connrefused 0 connreset 0
Errors: fd-unavail 0 addrunavail 0 ftab-full 0 other 0

httperf --hog --timeout=1 --client=0/1 --server=172.17.60.201 --port=80 --uri=/ --rate=160 --send-buffer=4096 --recv-buffer=16384 --num-conns=2000 --num-calls=1
Maximum connect burst length: 2

Total: connections 2000 requests 2000 replies 2000 test-duration 12.497 s

Connection rate: 160.0 conn/s (6.2 ms/conn, <=5 concurrent connections)
Connection time [ms]: min 0.8 avg 8.1 max 36.7 median 7.5 stddev 5.0
Connection time [ms]: connect 3.7
Connection length [replies/conn]: 1.000

Request rate: 160.0 req/s (6.2 ms/req)
Request size [B]: 66.0

Reply rate [replies/s]: min 159.8 avg 160.0 max 160.2 stddev 0.3 (2 samples)
Reply time [ms]: response 4.4 transfer 0.0
Reply size [B]: header 267.0 content 77.0 footer 0.0 (total 344.0)
Reply status: 1xx=0 2xx=2000 3xx=0 4xx=0 5xx=0

CPU time [s]: user 3.70 system 8.74 (user 29.6% system 69.9% total 99.5%)
Net I/O: 64.1 KB/s (0.5*10^6 bps)

Errors: total 0 client-timo 0 socket-timo 0 connrefused 0 connreset 0
Errors: fd-unavail 0 addrunavail 0 ftab-full 0 other 0

httperf --hog --timeout=1 --client=0/1 --server=172.17.60.201 --port=80 --uri=/ --rate=180 --send-buffer=4096 --recv-buffer=16384 --num-conns=2000 --num-calls=1
Maximum connect burst length: 2

Total: connections 2000 requests 1987 replies 1987 test-duration 11.111 s

Connection rate: 180.0 conn/s (5.6 ms/conn, <=47 concurrent connections)
Connection time [ms]: min 0.8 avg 20.8 max 1290.5 median 8.5 stddev 70.4
Connection time [ms]: connect 7.0
Connection length [replies/conn]: 1.000

Request rate: 178.8 req/s (5.6 ms/req)
Request size [B]: 66.0

Reply rate [replies/s]: min 176.6 avg 178.2 max 179.8 stddev 2.3 (2 samples)
Reply time [ms]: response 13.8 transfer 0.0
Reply size [B]: header 267.0 content 77.0 footer 0.0 (total 344.0)
Reply status: 1xx=0 2xx=1987 3xx=0 4xx=0 5xx=0

CPU time [s]: user 2.92 system 8.14 (user 26.3% system 73.2% total 99.5%)
Net I/O: 71.6 KB/s (0.6*10^6 bps)

Errors: total 13 client-timo 13 socket-timo 0 connrefused 0 connreset 0
Errors: fd-unavail 0 addrunavail 0 ftab-full 0 other 0

httperf --hog --timeout=1 --client=0/1 --server=172.17.60.201 --port=80 --uri=/ --rate=200 --send-buffer=4096 --recv-buffer=16384 --num-conns=2000 --num-calls=1
Maximum connect burst length: 3

Total: connections 2000 requests 2000 replies 2000 test-duration 10.002 s

Connection rate: 200.0 conn/s (5.0 ms/conn, <=9 concurrent connections)
Connection time [ms]: min 0.9 avg 9.6 max 42.0 median 8.5 stddev 5.7
Connection time [ms]: connect 4.3
Connection length [replies/conn]: 1.000

Request rate: 200.0 req/s (5.0 ms/req)
Request size [B]: 66.0

Reply rate [replies/s]: min 199.6 avg 199.9 max 200.2 stddev 0.4 (2 samples)
Reply time [ms]: response 5.3 transfer 0.0
Reply size [B]: header 267.0 content 77.0 footer 0.0 (total 344.0)
Reply status: 1xx=0 2xx=2000 3xx=0 4xx=0 5xx=0

CPU time [s]: user 2.48 system 7.47 (user 24.8% system 74.7% total 99.5%)
Net I/O: 80.1 KB/s (0.7*10^6 bps)

Errors: total 0 client-timo 0 socket-timo 0 connrefused 0 connreset 0
Errors: fd-unavail 0 addrunavail 0 ftab-full 0 other 0

httperf --hog --timeout=1 --client=0/1 --server=172.17.60.201 --port=80 --uri=/ --rate=220 --send-buffer=4096 --recv-buffer=16384 --num-conns=2000 --num-calls=1
Maximum connect burst length: 3

Total: connections 2000 requests 2000 replies 2000 test-duration 9.100 s

Connection rate: 219.8 conn/s (4.6 ms/conn, <=12 concurrent connections)
Connection time [ms]: min 0.9 avg 10.4 max 52.4 median 9.5 stddev 6.3
Connection time [ms]: connect 4.6
Connection length [replies/conn]: 1.000

Request rate: 219.8 req/s (4.6 ms/req)
Request size [B]: 66.0

Reply rate [replies/s]: min 219.6 avg 219.6 max 219.6 stddev 0.0 (1 samples)
Reply time [ms]: response 5.8 transfer 0.0
Reply size [B]: header 267.0 content 77.0 footer 0.0 (total 344.0)
Reply status: 1xx=0 2xx=2000 3xx=0 4xx=0 5xx=0

CPU time [s]: user 2.17 system 6.88 (user 23.9% system 75.6% total 99.5%)
Net I/O: 88.0 KB/s (0.7*10^6 bps)

Errors: total 0 client-timo 0 socket-timo 0 connrefused 0 connreset 0
Errors: fd-unavail 0 addrunavail 0 ftab-full 0 other 0

httperf --hog --timeout=1 --client=0/1 --server=172.17.60.201 --port=80 --uri=/ --rate=240 --send-buffer=4096 --recv-buffer=16384 --num-conns=2000 --num-calls=1
Maximum connect burst length: 3

Total: connections 2000 requests 1989 replies 1989 test-duration 8.333 s

Connection rate: 240.0 conn/s (4.2 ms/conn, <=45 concurrent connections)
Connection time [ms]: min 1.4 avg 16.8 max 1002.6 median 10.5 stddev 33.6
Connection time [ms]: connect 5.5
Connection length [replies/conn]: 1.000

Request rate: 238.7 req/s (4.2 ms/req)
Request size [B]: 66.0

Reply rate [replies/s]: min 239.6 avg 239.6 max 239.6 stddev 0.0 (1 samples)
Reply time [ms]: response 11.3 transfer 0.0
Reply size [B]: header 267.0 content 77.0 footer 0.0 (total 344.0)
Reply status: 1xx=0 2xx=1989 3xx=0 4xx=0 5xx=0

CPU time [s]: user 1.89 system 6.40 (user 22.7% system 76.8% total 99.5%)
Net I/O: 95.6 KB/s (0.8*10^6 bps)

Errors: total 11 client-timo 11 socket-timo 0 connrefused 0 connreset 0
Errors: fd-unavail 0 addrunavail 0 ftab-full 0 other 0

httperf --hog --timeout=1 --client=0/1 --server=172.17.60.201 --port=80 --uri=/ --rate=260 --send-buffer=4096 --recv-buffer=16384 --num-conns=2000 --num-calls=1
Maximum connect burst length: 2

Total: connections 2000 requests 2000 replies 2000 test-duration 7.705 s

Connection rate: 259.6 conn/s (3.9 ms/conn, <=10 concurrent connections)
Connection time [ms]: min 1.4 avg 11.1 max 36.4 median 10.5 stddev 6.0
Connection time [ms]: connect 4.8
Connection length [replies/conn]: 1.000

Request rate: 259.6 req/s (3.9 ms/req)
Request size [B]: 66.0

Reply rate [replies/s]: min 259.2 avg 259.2 max 259.2 stddev 0.0 (1 samples)
Reply time [ms]: response 6.3 transfer 0.0
Reply size [B]: header 267.0 content 77.0 footer 0.0 (total 344.0)
Reply status: 1xx=0 2xx=2000 3xx=0 4xx=0 5xx=0

CPU time [s]: user 1.72 system 5.94 (user 22.3% system 77.0% total 99.4%)
Net I/O: 103.9 KB/s (0.9*10^6 bps)

Errors: total 0 client-timo 0 socket-timo 0 connrefused 0 connreset 0
Errors: fd-unavail 0 addrunavail 0 ftab-full 0 other 0

httperf --hog --timeout=1 --client=0/1 --server=172.17.60.201 --port=80 --uri=/ --rate=280 --send-buffer=4096 --recv-buffer=16384 --num-conns=2000 --num-calls=1
Maximum connect burst length: 4

Total: connections 2000 requests 2000 replies 2000 test-duration 7.157 s

Connection rate: 279.4 conn/s (3.6 ms/conn, <=13 concurrent connections)
Connection time [ms]: min 1.1 avg 12.3 max 43.5 median 10.5 stddev 6.8
Connection time [ms]: connect 5.2
Connection length [replies/conn]: 1.000

Request rate: 279.4 req/s (3.6 ms/req)
Request size [B]: 66.0

Reply rate [replies/s]: min 279.2 avg 279.2 max 279.2 stddev 0.0 (1 samples)
Reply time [ms]: response 7.1 transfer 0.0
Reply size [B]: header 267.0 content 77.0 footer 0.0 (total 344.0)
Reply status: 1xx=0 2xx=2000 3xx=0 4xx=0 5xx=0

CPU time [s]: user 1.54 system 5.58 (user 21.5% system 77.9% total 99.4%)
Net I/O: 111.9 KB/s (0.9*10^6 bps)

Errors: total 0 client-timo 0 socket-timo 0 connrefused 0 connreset 0
Errors: fd-unavail 0 addrunavail 0 ftab-full 0 other 0

httperf --hog --timeout=1 --client=0/1 --server=172.17.60.201 --port=80 --uri=/ --rate=300 --send-buffer=4096 --recv-buffer=16384 --num-conns=2000 --num-calls=1
Maximum connect burst length: 4

Total: connections 2000 requests 2000 replies 2000 test-duration 6.674 s

Connection rate: 299.7 conn/s (3.3 ms/conn, <=15 concurrent connections)
Connection time [ms]: min 1.5 avg 13.1 max 54.9 median 11.5 stddev 7.0
Connection time [ms]: connect 5.4
Connection length [replies/conn]: 1.000

Request rate: 299.7 req/s (3.3 ms/req)
Request size [B]: 66.0

Reply rate [replies/s]: min 299.2 avg 299.2 max 299.2 stddev 0.0 (1 samples)
Reply time [ms]: response 7.7 transfer 0.0
Reply size [B]: header 267.0 content 77.0 footer 0.0 (total 344.0)
Reply status: 1xx=0 2xx=2000 3xx=0 4xx=0 5xx=0

CPU time [s]: user 1.42 system 5.22 (user 21.3% system 78.2% total 99.4%)
Net I/O: 120.0 KB/s (1.0*10^6 bps)

Errors: total 0 client-timo 0 socket-timo 0 connrefused 0 connreset 0
Errors: fd-unavail 0 addrunavail 0 ftab-full 0 other 0

httperf --hog --timeout=1 --client=0/1 --server=172.17.60.201 --port=80 --uri=/ --rate=320 --send-buffer=4096 --recv-buffer=16384 --num-conns=2000 --num-calls=1
Maximum connect burst length: 4

Total: connections 2000 requests 2000 replies 2000 test-duration 6.257 s

Connection rate: 319.6 conn/s (3.1 ms/conn, <=20 concurrent connections)
Connection time [ms]: min 1.4 avg 15.3 max 61.6 median 13.5 stddev 8.5
Connection time [ms]: connect 6.1
Connection length [replies/conn]: 1.000

Request rate: 319.6 req/s (3.1 ms/req)
Request size [B]: 66.0

Reply rate [replies/s]: min 319.4 avg 319.4 max 319.4 stddev 0.0 (1 samples)
Reply time [ms]: response 9.2 transfer 0.0
Reply size [B]: header 267.0 content 77.0 footer 0.0 (total 344.0)
Reply status: 1xx=0 2xx=2000 3xx=0 4xx=0 5xx=0

CPU time [s]: user 1.21 system 5.01 (user 19.4% system 80.1% total 99.5%)
Net I/O: 128.0 KB/s (1.0*10^6 bps)

Errors: total 0 client-timo 0 socket-timo 0 connrefused 0 connreset 0
Errors: fd-unavail 0 addrunavail 0 ftab-full 0 other 0

httperf --hog --timeout=1 --client=0/1 --server=172.17.60.201 --port=80 --uri=/ --rate=340 --send-buffer=4096 --recv-buffer=16384 --num-conns=2000 --num-calls=1
Maximum connect burst length: 6

Total: connections 2000 requests 2000 replies 2000 test-duration 5.896 s

Connection rate: 339.2 conn/s (2.9 ms/conn, <=20 concurrent connections)
Connection time [ms]: min 2.2 avg 16.8 max 68.2 median 14.5 stddev 9.7
Connection time [ms]: connect 6.2
Connection length [replies/conn]: 1.000

Request rate: 339.2 req/s (2.9 ms/req)
Request size [B]: 66.0

Reply rate [replies/s]: min 338.6 avg 338.6 max 338.6 stddev 0.0 (1 samples)
Reply time [ms]: response 10.5 transfer 0.0
Reply size [B]: header 267.0 content 77.0 footer 0.0 (total 344.0)
Reply status: 1xx=0 2xx=2000 3xx=0 4xx=0 5xx=0

CPU time [s]: user 1.13 system 4.73 (user 19.1% system 80.2% total 99.3%)
Net I/O: 135.8 KB/s (1.1*10^6 bps)

Errors: total 0 client-timo 0 socket-timo 0 connrefused 0 connreset 0
Errors: fd-unavail 0 addrunavail 0 ftab-full 0 other 0

httperf --hog --timeout=1 --client=0/1 --server=172.17.60.201 --port=80 --uri=/ --rate=360 --send-buffer=4096 --recv-buffer=16384 --num-conns=2000 --num-calls=1
Maximum connect burst length: 4

Total: connections 2000 requests 1669 replies 1651 test-duration 6.259 s

Connection rate: 319.5 conn/s (3.1 ms/conn, <=212 concurrent connections)
Connection time [ms]: min 4.2 avg 154.3 max 1063.1 median 93.5 stddev 175.6
Connection time [ms]: connect 27.7
Connection length [replies/conn]: 1.000

Request rate: 266.7 req/s (3.8 ms/req)
Request size [B]: 66.0

Reply rate [replies/s]: min 283.8 avg 283.8 max 283.8 stddev 0.0 (1 samples)
Reply time [ms]: response 126.6 transfer 0.0
Reply size [B]: header 267.0 content 77.0 footer 0.0 (total 344.0)
Reply status: 1xx=0 2xx=1651 3xx=0 4xx=0 5xx=0

CPU time [s]: user 0.40 system 5.78 (user 6.3% system 92.3% total 98.7%)
Net I/O: 105.8 KB/s (0.9*10^6 bps)

Errors: total 349 client-timo 349 socket-timo 0 connrefused 0 connreset 0
Errors: fd-unavail 0 addrunavail 0 ftab-full 0 other 0

httperf --hog --timeout=1 --client=0/1 --server=172.17.60.201 --port=80 --uri=/ --rate=380 --send-buffer=4096 --recv-buffer=16384 --num-conns=2000 --num-calls=1
Maximum connect burst length: 4

Total: connections 2000 requests 1679 replies 1648 test-duration 6.261 s

Connection rate: 319.4 conn/s (3.1 ms/conn, <=224 concurrent connections)
Connection time [ms]: min 1.2 avg 154.3 max 1049.0 median 67.5 stddev 210.0
Connection time [ms]: connect 37.3
Connection length [replies/conn]: 1.000

Request rate: 268.2 req/s (3.7 ms/req)
Request size [B]: 66.0

Reply rate [replies/s]: min 300.4 avg 300.4 max 300.4 stddev 0.0 (1 samples)
Reply time [ms]: response 116.9 transfer 0.0
Reply size [B]: header 267.0 content 77.0 footer 0.0 (total 344.0)
Reply status: 1xx=0 2xx=1648 3xx=0 4xx=0 5xx=0

CPU time [s]: user 0.34 system 5.85 (user 5.5% system 93.4% total 98.9%)
Net I/O: 105.7 KB/s (0.9*10^6 bps)

Errors: total 352 client-timo 352 socket-timo 0 connrefused 0 connreset 0
Errors: fd-unavail 0 addrunavail 0 ftab-full 0 other 0

httperf --hog --timeout=1 --client=0/1 --server=172.17.60.201 --port=80 --uri=/ --rate=400 --send-buffer=4096 --recv-buffer=16384 --num-conns=2000 --num-calls=1
Maximum connect burst length: 5

Total: connections 2000 requests 1716 replies 1693 test-duration 5.983 s

Connection rate: 334.3 conn/s (3.0 ms/conn, <=191 concurrent connections)
Connection time [ms]: min 0.9 avg 135.0 max 1073.0 median 66.5 stddev 197.0
Connection time [ms]: connect 35.7
Connection length [replies/conn]: 1.000

Request rate: 286.8 req/s (3.5 ms/req)
Request size [B]: 66.0

Reply rate [replies/s]: min 318.4 avg 318.4 max 318.4 stddev 0.0 (1 samples)
Reply time [ms]: response 99.2 transfer 0.0
Reply size [B]: header 267.0 content 77.0 footer 0.0 (total 344.0)
Reply status: 1xx=0 2xx=1693 3xx=0 4xx=0 5xx=0

CPU time [s]: user 0.45 system 5.46 (user 7.6% system 91.2% total 98.7%)
Net I/O: 113.5 KB/s (0.9*10^6 bps)

Errors: total 307 client-timo 307 socket-timo 0 connrefused 0 connreset 0
Errors: fd-unavail 0 addrunavail 0 ftab-full 0 other 0

httperf --hog --timeout=1 --client=0/1 --server=172.17.60.201 --port=80 --uri=/ --rate=420 --send-buffer=4096 --recv-buffer=16384 --num-conns=2000 --num-calls=1
Maximum connect burst length: 3

Total: connections 2000 requests 1725 replies 1682 test-duration 5.753 s

Connection rate: 347.6 conn/s (2.9 ms/conn, <=254 concurrent connections)
Connection time [ms]: min 1.0 avg 139.3 max 1273.4 median 59.5 stddev 206.5
Connection time [ms]: connect 42.7
Connection length [replies/conn]: 1.000

Request rate: 299.8 req/s (3.3 ms/req)
Request size [B]: 66.0

Reply rate [replies/s]: min 325.6 avg 325.6 max 325.6 stddev 0.0 (1 samples)
Reply time [ms]: response 96.3 transfer 0.0
Reply size [B]: header 267.0 content 77.0 footer 0.0 (total 344.0)
Reply status: 1xx=0 2xx=1682 3xx=0 4xx=0 5xx=0

CPU time [s]: user 0.33 system 5.36 (user 5.7% system 93.2% total 98.9%)
Net I/O: 117.5 KB/s (1.0*10^6 bps)

Errors: total 318 client-timo 318 socket-timo 0 connrefused 0 connreset 0
Errors: fd-unavail 0 addrunavail 0 ftab-full 0 other 0

httperf --hog --timeout=1 --client=0/1 --server=172.17.60.201 --port=80 --uri=/ --rate=440 --send-buffer=4096 --recv-buffer=16384 --num-conns=2000 --num-calls=1
Maximum connect burst length: 8

Total: connections 2000 requests 1340 replies 1232 test-duration 5.542 s

Connection rate: 360.9 conn/s (2.8 ms/conn, <=335 concurrent connections)
Connection time [ms]: min 1.0 avg 257.6 max 1048.3 median 186.5 stddev 261.6
Connection time [ms]: connect 47.9
Connection length [replies/conn]: 1.000

Request rate: 241.8 req/s (4.1 ms/req)
Request size [B]: 66.0

Reply rate [replies/s]: min 237.4 avg 237.4 max 237.4 stddev 0.0 (1 samples)
Reply time [ms]: response 207.9 transfer 0.0
Reply size [B]: header 267.0 content 77.0 footer 0.0 (total 344.0)
Reply status: 1xx=0 2xx=1232 3xx=0 4xx=0 5xx=0

CPU time [s]: user 0.24 system 5.19 (user 4.3% system 93.6% total 97.9%)
Net I/O: 90.3 KB/s (0.7*10^6 bps)

Errors: total 768 client-timo 768 socket-timo 0 connrefused 0 connreset 0
Errors: fd-unavail 0 addrunavail 0 ftab-full 0 other 0

httperf --hog --timeout=1 --client=0/1 --server=172.17.60.201 --port=80 --uri=/ --rate=460 --send-buffer=4096 --recv-buffer=16384 --num-conns=2000 --num-calls=1
Maximum connect burst length: 5

Total: connections 2000 requests 1245 replies 1140 test-duration 5.336 s

Connection rate: 374.8 conn/s (2.7 ms/conn, <=372 concurrent connections)
Connection time [ms]: min 1.3 avg 287.2 max 1036.9 median 205.5 stddev 266.2
Connection time [ms]: connect 57.0
Connection length [replies/conn]: 1.000

Request rate: 233.3 req/s (4.3 ms/req)
Request size [B]: 66.0

Reply rate [replies/s]: min 222.6 avg 222.6 max 222.6 stddev 0.0 (1 samples)
Reply time [ms]: response 227.8 transfer 0.0
Reply size [B]: header 267.0 content 77.0 footer 0.0 (total 344.0)
Reply status: 1xx=0 2xx=1140 3xx=0 4xx=0 5xx=0

CPU time [s]: user 0.20 system 5.02 (user 3.8% system 94.2% total 98.0%)
Net I/O: 86.8 KB/s (0.7*10^6 bps)

Errors: total 860 client-timo 860 socket-timo 0 connrefused 0 connreset 0
Errors: fd-unavail 0 addrunavail 0 ftab-full 0 other 0

httperf --hog --timeout=1 --client=0/1 --server=172.17.60.201 --port=80 --uri=/ --rate=480 --send-buffer=4096 --recv-buffer=16384 --num-conns=2000 --num-calls=1
Maximum connect burst length: 5

Total: connections 2000 requests 1262 replies 1159 test-duration 5.161 s

Connection rate: 387.5 conn/s (2.6 ms/conn, <=396 concurrent connections)
Connection time [ms]: min 1.1 avg 298.5 max 1066.5 median 193.5 stddev 268.5
Connection time [ms]: connect 66.6
Connection length [replies/conn]: 1.000

Request rate: 244.5 req/s (4.1 ms/req)
Request size [B]: 66.0

Reply rate [replies/s]: min 229.2 avg 229.2 max 229.2 stddev 0.0 (1 samples)
Reply time [ms]: response 228.7 transfer 0.0
Reply size [B]: header 267.0 content 77.0 footer 0.0 (total 344.0)
Reply status: 1xx=0 2xx=1159 3xx=0 4xx=0 5xx=0

CPU time [s]: user 0.14 system 4.90 (user 2.8% system 95.0% total 97.8%)
Net I/O: 91.2 KB/s (0.7*10^6 bps)

Errors: total 841 client-timo 841 socket-timo 0 connrefused 0 connreset 0
Errors: fd-unavail 0 addrunavail 0 ftab-full 0 other 0

httperf --hog --timeout=1 --client=0/1 --server=172.17.60.201 --port=80 --uri=/ --rate=500 --send-buffer=4096 --recv-buffer=16384 --num-conns=2000 --num-calls=1
Maximum connect burst length: 6

Total: connections 2000 requests 1198 replies 1048 test-duration 5.006 s

Connection rate: 399.5 conn/s (2.5 ms/conn, <=426 concurrent connections)
Connection time [ms]: min 2.8 avg 296.1 max 1030.9 median 208.5 stddev 288.4
Connection time [ms]: connect 63.6
Connection length [replies/conn]: 1.000

Request rate: 239.3 req/s (4.2 ms/req)
Request size [B]: 66.0

Reply rate [replies/s]: min 209.6 avg 209.6 max 209.6 stddev 0.0 (1 samples)
Reply time [ms]: response 228.0 transfer 0.0
Reply size [B]: header 267.0 content 77.0 footer 0.0 (total 344.0)
Reply status: 1xx=0 2xx=1048 3xx=0 4xx=0 5xx=0

CPU time [s]: user 0.15 system 4.75 (user 3.0% system 94.9% total 98.0%)
Net I/O: 85.8 KB/s (0.7*10^6 bps)

Errors: total 952 client-timo 952 socket-timo 0 connrefused 0 connreset 0
Errors: fd-unavail 0 addrunavail 0 ftab-full 0 other 0

httperf --hog --timeout=1 --client=0/1 --server=172.17.60.201 --port=80 --uri=/ --rate=520 --send-buffer=4096 --recv-buffer=16384 --num-conns=2000 --num-calls=1
Maximum connect burst length: 5

Total: connections 2000 requests 1130 replies 982 test-duration 4.845 s

Connection rate: 412.8 conn/s (2.4 ms/conn, <=449 concurrent connections)
Connection time [ms]: min 5.3 avg 320.7 max 1035.2 median 226.5 stddev 266.9
Connection time [ms]: connect 53.7
Connection length [replies/conn]: 1.000

Request rate: 233.2 req/s (4.3 ms/req)
Request size [B]: 66.0

Reply rate [replies/s]: min 0.0 avg 0.0 max 0.0 stddev 0.0 (0 samples)
Reply time [ms]: response 263.3 transfer 0.0
Reply size [B]: header 267.0 content 77.0 footer 0.0 (total 344.0)
Reply status: 1xx=0 2xx=982 3xx=0 4xx=0 5xx=0

CPU time [s]: user 0.12 system 4.61 (user 2.6% system 95.1% total 97.7%)
Net I/O: 83.1 KB/s (0.7*10^6 bps)

Errors: total 1018 client-timo 1018 socket-timo 0 connrefused 0 connreset 0
Errors: fd-unavail 0 addrunavail 0 ftab-full 0 other 0

httperf --hog --timeout=1 --client=0/1 --server=172.17.60.201 --port=80 --uri=/ --rate=540 --send-buffer=4096 --recv-buffer=16384 --num-conns=2000 --num-calls=1
Maximum connect burst length: 7

Total: connections 2000 requests 1160 replies 1028 test-duration 4.699 s

Connection rate: 425.6 conn/s (2.3 ms/conn, <=454 concurrent connections)
Connection time [ms]: min 1.7 avg 291.3 max 1042.0 median 189.5 stddev 270.0
Connection time [ms]: connect 68.6
Connection length [replies/conn]: 1.000

Request rate: 246.9 req/s (4.1 ms/req)
Request size [B]: 66.0

Reply rate [replies/s]: min 0.0 avg 0.0 max 0.0 stddev 0.0 (0 samples)
Reply time [ms]: response 217.8 transfer 0.0
Reply size [B]: header 267.0 content 77.0 footer 0.0 (total 344.0)
Reply status: 1xx=0 2xx=1028 3xx=0 4xx=0 5xx=0

CPU time [s]: user 0.12 system 4.47 (user 2.6% system 95.1% total 97.6%)
Net I/O: 89.4 KB/s (0.7*10^6 bps)

Errors: total 972 client-timo 972 socket-timo 0 connrefused 0 connreset 0
Errors: fd-unavail 0 addrunavail 0 ftab-full 0 other 0

httperf --hog --timeout=1 --client=0/1 --server=172.17.60.201 --port=80 --uri=/ --rate=560 --send-buffer=4096 --recv-buffer=16384 --num-conns=2000 --num-calls=1
Maximum connect burst length: 5

Total: connections 2000 requests 1074 replies 930 test-duration 4.568 s

Connection rate: 437.8 conn/s (2.3 ms/conn, <=477 concurrent connections)
Connection time [ms]: min 4.4 avg 309.6 max 1023.2 median 210.5 stddev 284.6
Connection time [ms]: connect 48.5
Connection length [replies/conn]: 1.000

Request rate: 235.1 req/s (4.3 ms/req)
Request size [B]: 66.0

Reply rate [replies/s]: min 0.0 avg 0.0 max 0.0 stddev 0.0 (0 samples)
Reply time [ms]: response 258.1 transfer 0.0
Reply size [B]: header 267.0 content 77.0 footer 0.0 (total 344.0)
Reply status: 1xx=0 2xx=930 3xx=0 4xx=0 5xx=0

CPU time [s]: user 0.11 system 4.34 (user 2.5% system 95.1% total 97.5%)
Net I/O: 83.5 KB/s (0.7*10^6 bps)

Errors: total 1070 client-timo 1070 socket-timo 0 connrefused 0 connreset 0
Errors: fd-unavail 0 addrunavail 0 ftab-full 0 other 0

httperf --hog --timeout=1 --client=0/1 --server=172.17.60.201 --port=80 --uri=/ --rate=580 --send-buffer=4096 --recv-buffer=16384 --num-conns=2000 --num-calls=1
Maximum connect burst length: 11

Total: connections 2000 requests 1159 replies 1025 test-duration 4.447 s

Connection rate: 449.7 conn/s (2.2 ms/conn, <=476 concurrent connections)
Connection time [ms]: min 2.6 avg 283.5 max 1041.4 median 178.5 stddev 266.2
Connection time [ms]: connect 62.4
Connection length [replies/conn]: 1.000

Request rate: 260.6 req/s (3.8 ms/req)
Request size [B]: 66.0

Reply rate [replies/s]: min 0.0 avg 0.0 max 0.0 stddev 0.0 (0 samples)
Reply time [ms]: response 216.7 transfer 0.0
Reply size [B]: header 267.0 content 77.0 footer 0.0 (total 344.0)
Reply status: 1xx=0 2xx=1025 3xx=0 4xx=0 5xx=0

CPU time [s]: user 0.18 system 4.16 (user 4.1% system 93.5% total 97.6%)
Net I/O: 94.2 KB/s (0.8*10^6 bps)

Errors: total 975 client-timo 975 socket-timo 0 connrefused 0 connreset 0
Errors: fd-unavail 0 addrunavail 0 ftab-full 0 other 0

httperf --hog --timeout=1 --client=0/1 --server=172.17.60.201 --port=80 --uri=/ --rate=600 --send-buffer=4096 --recv-buffer=16384 --num-conns=2000 --num-calls=1
Maximum connect burst length: 4

Total: connections 2000 requests 1024 replies 860 test-duration 4.333 s

Connection rate: 461.6 conn/s (2.2 ms/conn, <=535 concurrent connections)
Connection time [ms]: min 5.1 avg 301.9 max 1070.6 median 212.5 stddev 278.8
Connection time [ms]: connect 53.6
Connection length [replies/conn]: 1.000

Request rate: 236.3 req/s (4.2 ms/req)
Request size [B]: 66.0

Reply rate [replies/s]: min 0.0 avg 0.0 max 0.0 stddev 0.0 (0 samples)
Reply time [ms]: response 244.0 transfer 0.0
Reply size [B]: header 267.0 content 77.0 footer 0.0 (total 344.0)
Reply status: 1xx=0 2xx=860 3xx=0 4xx=0 5xx=0

CPU time [s]: user 0.12 system 4.09 (user 2.8% system 94.4% total 97.2%)
Net I/O: 81.9 KB/s (0.7*10^6 bps)

Errors: total 1140 client-timo 1140 socket-timo 0 connrefused 0 connreset 0
Errors: fd-unavail 0 addrunavail 0 ftab-full 0 other 0

httperf --hog --timeout=1 --client=0/1 --server=172.17.60.201 --port=80 --uri=/ --rate=620 --send-buffer=4096 --recv-buffer=16384 --num-conns=2000 --num-calls=1
Maximum connect burst length: 9

Total: connections 2000 requests 976 replies 777 test-duration 4.225 s

Connection rate: 473.4 conn/s (2.1 ms/conn, <=558 concurrent connections)
Connection time [ms]: min 4.4 avg 315.9 max 1042.7 median 226.5 stddev 294.8
Connection time [ms]: connect 52.9
Connection length [replies/conn]: 1.000

Request rate: 231.0 req/s (4.3 ms/req)
Request size [B]: 66.0

Reply rate [replies/s]: min 0.0 avg 0.0 max 0.0 stddev 0.0 (0 samples)
Reply time [ms]: response 257.7 transfer 0.0
Reply size [B]: header 267.0 content 77.0 footer 0.0 (total 344.0)
Reply status: 1xx=0 2xx=777 3xx=0 4xx=0 5xx=0

CPU time [s]: user 0.13 system 3.98 (user 3.0% system 94.1% total 97.1%)
Net I/O: 76.7 KB/s (0.6*10^6 bps)

Errors: total 1223 client-timo 1223 socket-timo 0 connrefused 0 connreset 0
Errors: fd-unavail 0 addrunavail 0 ftab-full 0 other 0

httperf --hog --timeout=1 --client=0/1 --server=172.17.60.201 --port=80 --uri=/ --rate=640 --send-buffer=4096 --recv-buffer=16384 --num-conns=2000 --num-calls=1
Maximum connect burst length: 11

Total: connections 2000 requests 901 replies 709 test-duration 4.124 s

Connection rate: 485.0 conn/s (2.1 ms/conn, <=603 concurrent connections)
Connection time [ms]: min 3.1 avg 296.3 max 1030.5 median 221.5 stddev 278.6
Connection time [ms]: connect 38.7
Connection length [replies/conn]: 1.000

Request rate: 218.5 req/s (4.6 ms/req)
Request size [B]: 66.0

Reply rate [replies/s]: min 0.0 avg 0.0 max 0.0 stddev 0.0 (0 samples)
Reply time [ms]: response 255.9 transfer 0.0
Reply size [B]: header 267.0 content 77.0 footer 0.0 (total 344.0)
Reply status: 1xx=0 2xx=709 3xx=0 4xx=0 5xx=0

CPU time [s]: user 0.12 system 3.88 (user 2.9% system 94.2% total 97.1%)
Net I/O: 71.8 KB/s (0.6*10^6 bps)

Errors: total 1291 client-timo 1291 socket-timo 0 connrefused 0 connreset 0
Errors: fd-unavail 0 addrunavail 0 ftab-full 0 other 0

httperf --hog --timeout=1 --client=0/1 --server=172.17.60.201 --port=80 --uri=/ --rate=660 --send-buffer=4096 --recv-buffer=16384 --num-conns=2000 --num-calls=1
Maximum connect burst length: 11

Total: connections 2000 requests 875 replies 686 test-duration 4.029 s

Connection rate: 496.4 conn/s (2.0 ms/conn, <=625 concurrent connections)
Connection time [ms]: min 6.1 avg 303.4 max 1064.7 median 216.5 stddev 285.6
Connection time [ms]: connect 38.4
Connection length [replies/conn]: 1.000

Request rate: 217.2 req/s (4.6 ms/req)
Request size [B]: 66.0

Reply rate [replies/s]: min 0.0 avg 0.0 max 0.0 stddev 0.0 (0 samples)
Reply time [ms]: response 263.3 transfer 0.0
Reply size [B]: header 267.0 content 77.0 footer 0.0 (total 344.0)
Reply status: 1xx=0 2xx=686 3xx=0 4xx=0 5xx=0

CPU time [s]: user 0.11 system 3.81 (user 2.7% system 94.5% total 97.2%)
Net I/O: 71.2 KB/s (0.6*10^6 bps)

Errors: total 1314 client-timo 1314 socket-timo 0 connrefused 0 connreset 0
Errors: fd-unavail 0 addrunavail 0 ftab-full 0 other 0

httperf --hog --timeout=1 --client=0/1 --server=172.17.60.201 --port=80 --uri=/ --rate=680 --send-buffer=4096 --recv-buffer=16384 --num-conns=2000 --num-calls=1
Maximum connect burst length: 5

Total: connections 2000 requests 1016 replies 838 test-duration 3.939 s

Connection rate: 507.8 conn/s (2.0 ms/conn, <=614 concurrent connections)
Connection time [ms]: min 9.7 avg 278.0 max 1025.0 median 172.5 stddev 272.0
Connection time [ms]: connect 35.2
Connection length [replies/conn]: 1.000

Request rate: 258.0 req/s (3.9 ms/req)
Request size [B]: 66.0

Reply rate [replies/s]: min 0.0 avg 0.0 max 0.0 stddev 0.0 (0 samples)
Reply time [ms]: response 241.7 transfer 0.0
Reply size [B]: header 267.0 content 77.0 footer 0.0 (total 344.0)
Reply status: 1xx=0 2xx=838 3xx=0 4xx=0 5xx=0

CPU time [s]: user 0.09 system 3.73 (user 2.3% system 94.6% total 97.0%)
Net I/O: 88.1 KB/s (0.7*10^6 bps)

Errors: total 1162 client-timo 1162 socket-timo 0 connrefused 0 connreset 0
Errors: fd-unavail 0 addrunavail 0 ftab-full 0 other 0

httperf --hog --timeout=1 --client=0/1 --server=172.17.60.201 --port=80 --uri=/ --rate=700 --send-buffer=4096 --recv-buffer=16384 --num-conns=2000 --num-calls=1
Maximum connect burst length: 5

Total: connections 2000 requests 915 replies 751 test-duration 3.856 s

Connection rate: 518.7 conn/s (1.9 ms/conn, <=650 concurrent connections)
Connection time [ms]: min 8.5 avg 301.0 max 1025.6 median 209.5 stddev 287.4
Connection time [ms]: connect 43.4
Connection length [replies/conn]: 1.000

Request rate: 237.3 req/s (4.2 ms/req)
Request size [B]: 66.0

Reply rate [replies/s]: min 0.0 avg 0.0 max 0.0 stddev 0.0 (0 samples)
Reply time [ms]: response 255.1 transfer 0.0
Reply size [B]: header 267.0 content 77.0 footer 0.0 (total 344.0)
Reply status: 1xx=0 2xx=751 3xx=0 4xx=0 5xx=0

CPU time [s]: user 0.05 system 3.69 (user 1.3% system 95.6% total 97.0%)
Net I/O: 80.7 KB/s (0.7*10^6 bps)

Errors: total 1249 client-timo 1249 socket-timo 0 connrefused 0 connreset 0
Errors: fd-unavail 0 addrunavail 0 ftab-full 0 other 0

httperf --hog --timeout=1 --client=0/1 --server=172.17.60.201 --port=80 --uri=/ --rate=720 --send-buffer=4096 --recv-buffer=16384 --num-conns=2000 --num-calls=1
Maximum connect burst length: 8

Total: connections 2000 requests 951 replies 783 test-duration 3.776 s

Connection rate: 529.6 conn/s (1.9 ms/conn, <=656 concurrent connections)
Connection time [ms]: min 9.8 avg 260.3 max 1033.4 median 152.5 stddev 262.2
Connection time [ms]: connect 26.2
Connection length [replies/conn]: 1.000

Request rate: 251.8 req/s (4.0 ms/req)
Request size [B]: 66.0

Reply rate [replies/s]: min 0.0 avg 0.0 max 0.0 stddev 0.0 (0 samples)
Reply time [ms]: response 235.3 transfer 0.0
Reply size [B]: header 267.0 content 77.0 footer 0.0 (total 344.0)
Reply status: 1xx=0 2xx=783 3xx=0 4xx=0 5xx=0

CPU time [s]: user 0.06 system 3.59 (user 1.7% system 95.1% total 96.8%)
Net I/O: 85.9 KB/s (0.7*10^6 bps)

Errors: total 1217 client-timo 1217 socket-timo 0 connrefused 0 connreset 0
Errors: fd-unavail 0 addrunavail 0 ftab-full 0 other 0

httperf --hog --timeout=1 --client=0/1 --server=172.17.60.201 --port=80 --uri=/ --rate=740 --send-buffer=4096 --recv-buffer=16384 --num-conns=2000 --num-calls=1
Maximum connect burst length: 10

Total: connections 2000 requests 958 replies 786 test-duration 3.706 s

Connection rate: 539.7 conn/s (1.9 ms/conn, <=651 concurrent connections)
Connection time [ms]: min 29.1 avg 278.8 max 1028.2 median 192.5 stddev 253.9
Connection time [ms]: connect 38.1
Connection length [replies/conn]: 1.000

Request rate: 258.5 req/s (3.9 ms/req)
Request size [B]: 66.0

Reply rate [replies/s]: min 0.0 avg 0.0 max 0.0 stddev 0.0 (0 samples)
Reply time [ms]: response 238.9 transfer 0.0
Reply size [B]: header 267.0 content 77.0 footer 0.0 (total 344.0)
Reply status: 1xx=0 2xx=786 3xx=0 4xx=0 5xx=0

CPU time [s]: user 0.06 system 3.52 (user 1.7% system 95.1% total 96.8%)
Net I/O: 87.9 KB/s (0.7*10^6 bps)

Errors: total 1214 client-timo 1214 socket-timo 0 connrefused 0 connreset 0
Errors: fd-unavail 0 addrunavail 0 ftab-full 0 other 0

httperf --hog --timeout=1 --client=0/1 --server=172.17.60.201 --port=80 --uri=/ --rate=760 --send-buffer=4096 --recv-buffer=16384 --num-conns=2000 --num-calls=1
Maximum connect burst length: 8

Total: connections 2000 requests 904 replies 681 test-duration 3.648 s

Connection rate: 548.2 conn/s (1.8 ms/conn, <=730 concurrent connections)
Connection time [ms]: min 6.6 avg 285.6 max 1045.8 median 198.5 stddev 285.5
Connection time [ms]: connect 33.8
Connection length [replies/conn]: 1.000

Request rate: 247.8 req/s (4.0 ms/req)
Request size [B]: 66.0

Reply rate [replies/s]: min 0.0 avg 0.0 max 0.0 stddev 0.0 (0 samples)
Reply time [ms]: response 251.4 transfer 0.0
Reply size [B]: header 267.0 content 77.0 footer 0.0 (total 344.0)
Reply status: 1xx=0 2xx=681 3xx=0 4xx=0 5xx=0

CPU time [s]: user 0.10 system 3.43 (user 2.7% system 94.0% total 96.7%)
Net I/O: 78.7 KB/s (0.6*10^6 bps)

Errors: total 1319 client-timo 1319 socket-timo 0 connrefused 0 connreset 0
Errors: fd-unavail 0 addrunavail 0 ftab-full 0 other 0

httperf --hog --timeout=1 --client=0/1 --server=172.17.60.201 --port=80 --uri=/ --rate=780 --send-buffer=4096 --recv-buffer=16384 --num-conns=2000 --num-calls=1
Maximum connect burst length: 5

Total: connections 2000 requests 779 replies 552 test-duration 3.563 s

Connection rate: 561.3 conn/s (1.8 ms/conn, <=751 concurrent connections)
Connection time [ms]: min 6.2 avg 288.2 max 1025.7 median 219.5 stddev 275.0
Connection time [ms]: connect 30.3
Connection length [replies/conn]: 1.000

Request rate: 218.6 req/s (4.6 ms/req)
Request size [B]: 66.0

Reply rate [replies/s]: min 0.0 avg 0.0 max 0.0 stddev 0.0 (0 samples)
Reply time [ms]: response 259.0 transfer 0.0
Reply size [B]: header 267.0 content 77.0 footer 0.0 (total 344.0)
Reply status: 1xx=0 2xx=552 3xx=0 4xx=0 5xx=0

CPU time [s]: user 0.06 system 3.39 (user 1.6% system 95.2% total 96.8%)
Net I/O: 66.1 KB/s (0.5*10^6 bps)

Errors: total 1448 client-timo 1448 socket-timo 0 connrefused 0 connreset 0
Errors: fd-unavail 0 addrunavail 0 ftab-full 0 other 0

httperf --hog --timeout=1 --client=0/1 --server=172.17.60.201 --port=80 --uri=/ --rate=800 --send-buffer=4096 --recv-buffer=16384 --num-conns=2000 --num-calls=1
Maximum connect burst length: 5

Total: connections 2000 requests 806 replies 567 test-duration 3.510 s

Connection rate: 569.8 conn/s (1.8 ms/conn, <=779 concurrent connections)
Connection time [ms]: min 29.0 avg 298.6 max 1029.7 median 202.5 stddev 281.5
Connection time [ms]: connect 54.0
Connection length [replies/conn]: 1.000

Request rate: 229.6 req/s (4.4 ms/req)
Request size [B]: 66.0

Reply rate [replies/s]: min 0.0 avg 0.0 max 0.0 stddev 0.0 (0 samples)
Reply time [ms]: response 235.2 transfer 0.0
Reply size [B]: header 267.0 content 77.0 footer 0.0 (total 344.0)
Reply status: 1xx=0 2xx=567 3xx=0 4xx=0 5xx=0

CPU time [s]: user 0.07 system 3.32 (user 1.9% system 94.7% total 96.6%)
Net I/O: 69.1 KB/s (0.6*10^6 bps)

Errors: total 1433 client-timo 1433 socket-timo 0 connrefused 0 connreset 0
Errors: fd-unavail 0 addrunavail 0 ftab-full 0 other 0

httperf --hog --timeout=1 --client=0/1 --server=172.17.60.201 --port=80 --uri=/ --rate=820 --send-buffer=4096 --recv-buffer=16384 --num-conns=2000 --num-calls=1
Maximum connect burst length: 6

Total: connections 2000 requests 759 replies 545 test-duration 3.438 s

Connection rate: 581.7 conn/s (1.7 ms/conn, <=790 concurrent connections)
Connection time [ms]: min 9.6 avg 306.7 max 1032.2 median 196.5 stddev 270.1
Connection time [ms]: connect 26.7
Connection length [replies/conn]: 1.000

Request rate: 220.7 req/s (4.5 ms/req)
Request size [B]: 66.0

Reply rate [replies/s]: min 0.0 avg 0.0 max 0.0 stddev 0.0 (0 samples)
Reply time [ms]: response 281.8 transfer 0.0
Reply size [B]: header 267.0 content 77.0 footer 0.0 (total 344.0)
Reply status: 1xx=0 2xx=545 3xx=0 4xx=0 5xx=0

CPU time [s]: user 0.08 system 3.25 (user 2.3% system 94.6% total 96.9%)
Net I/O: 67.5 KB/s (0.6*10^6 bps)

Errors: total 1455 client-timo 1455 socket-timo 0 connrefused 0 connreset 0
Errors: fd-unavail 0 addrunavail 0 ftab-full 0 other 0

httperf --hog --timeout=1 --client=0/1 --server=172.17.60.201 --port=80 --uri=/ --rate=840 --send-buffer=4096 --recv-buffer=16384 --num-conns=2000 --num-calls=1
Maximum connect burst length: 14

Total: connections 2000 requests 742 replies 529 test-duration 3.380 s

Connection rate: 591.7 conn/s (1.7 ms/conn, <=797 concurrent connections)
Connection time [ms]: min 49.8 avg 340.4 max 1023.5 median 259.5 stddev 283.3
Connection time [ms]: connect 48.5
Connection length [replies/conn]: 1.000

Request rate: 219.5 req/s (4.6 ms/req)
Request size [B]: 66.0

Reply rate [replies/s]: min 0.0 avg 0.0 max 0.0 stddev 0.0 (0 samples)
Reply time [ms]: response 285.8 transfer 0.0
Reply size [B]: header 267.0 content 77.0 footer 0.0 (total 344.0)
Reply status: 1xx=0 2xx=529 3xx=0 4xx=0 5xx=0

CPU time [s]: user 0.09 system 3.20 (user 2.6% system 94.6% total 97.2%)
Net I/O: 66.7 KB/s (0.5*10^6 bps)

Errors: total 1471 client-timo 1471 socket-timo 0 connrefused 0 connreset 0
Errors: fd-unavail 0 addrunavail 0 ftab-full 0 other 0

httperf --hog --timeout=1 --client=0/1 --server=172.17.60.201 --port=80 --uri=/ --rate=860 --send-buffer=4096 --recv-buffer=16384 --num-conns=2000 --num-calls=1
Maximum connect burst length: 14

Total: connections 2000 requests 804 replies 584 test-duration 3.325 s

Connection rate: 601.5 conn/s (1.7 ms/conn, <=840 concurrent connections)
Connection time [ms]: min 14.0 avg 261.2 max 1034.2 median 153.5 stddev 272.2
Connection time [ms]: connect 31.0
Connection length [replies/conn]: 1.000

Request rate: 241.8 req/s (4.1 ms/req)
Request size [B]: 66.0

Reply rate [replies/s]: min 0.0 avg 0.0 max 0.0 stddev 0.0 (0 samples)
Reply time [ms]: response 229.5 transfer 0.0
Reply size [B]: header 267.0 content 77.0 footer 0.0 (total 344.0)
Reply status: 1xx=0 2xx=584 3xx=0 4xx=0 5xx=0

CPU time [s]: user 0.07 system 3.15 (user 2.0% system 94.7% total 96.7%)
Net I/O: 74.6 KB/s (0.6*10^6 bps)

Errors: total 1416 client-timo 1416 socket-timo 0 connrefused 0 connreset 0
Errors: fd-unavail 0 addrunavail 0 ftab-full 0 other 0

httperf --hog --timeout=1 --client=0/1 --server=172.17.60.201 --port=80 --uri=/ --rate=880 --send-buffer=4096 --recv-buffer=16384 --num-conns=2000 --num-calls=1
Maximum connect burst length: 6

Total: connections 2000 requests 723 replies 536 test-duration 3.289 s

Connection rate: 608.0 conn/s (1.6 ms/conn, <=855 concurrent connections)
Connection time [ms]: min 17.4 avg 290.8 max 1037.5 median 185.5 stddev 275.4
Connection time [ms]: connect 26.3
Connection length [replies/conn]: 1.000

Request rate: 219.8 req/s (4.5 ms/req)
Request size [B]: 66.0

Reply rate [replies/s]: min 0.0 avg 0.0 max 0.0 stddev 0.0 (0 samples)
Reply time [ms]: response 265.2 transfer 0.0
Reply size [B]: header 267.0 content 77.0 footer 0.0 (total 344.0)
Reply status: 1xx=0 2xx=536 3xx=0 4xx=0 5xx=0

CPU time [s]: user 0.08 system 3.11 (user 2.6% system 94.6% total 97.2%)
Net I/O: 68.9 KB/s (0.6*10^6 bps)

Errors: total 1464 client-timo 1464 socket-timo 0 connrefused 0 connreset 0
Errors: fd-unavail 0 addrunavail 0 ftab-full 0 other 0

httperf --hog --timeout=1 --client=0/1 --server=172.17.60.201 --port=80 --uri=/ --rate=900 --send-buffer=4096 --recv-buffer=16384 --num-conns=2000 --num-calls=1
Maximum connect burst length: 11

Total: connections 2000 requests 697 replies 474 test-duration 3.233 s

Connection rate: 618.6 conn/s (1.6 ms/conn, <=892 concurrent connections)
Connection time [ms]: min 39.1 avg 323.4 max 1118.6 median 232.5 stddev 287.5
Connection time [ms]: connect 42.3
Connection length [replies/conn]: 1.000

Request rate: 215.6 req/s (4.6 ms/req)
Request size [B]: 66.0

Reply rate [replies/s]: min 0.0 avg 0.0 max 0.0 stddev 0.0 (0 samples)
Reply time [ms]: response 276.2 transfer 0.0
Reply size [B]: header 267.0 content 77.0 footer 0.0 (total 344.0)
Reply status: 1xx=0 2xx=474 3xx=0 4xx=0 5xx=0

CPU time [s]: user 0.07 system 3.05 (user 2.1% system 94.3% total 96.4%)
Net I/O: 63.1 KB/s (0.5*10^6 bps)

Errors: total 1526 client-timo 1526 socket-timo 0 connrefused 0 connreset 0
Errors: fd-unavail 0 addrunavail 0 ftab-full 0 other 0

httperf --hog --timeout=1 --client=0/1 --server=172.17.60.201 --port=80 --uri=/ --rate=920 --send-buffer=4096 --recv-buffer=16384 --num-conns=2000 --num-calls=1
Maximum connect burst length: 6

Total: connections 2000 requests 714 replies 471 test-duration 3.178 s

Connection rate: 629.3 conn/s (1.6 ms/conn, <=898 concurrent connections)
Connection time [ms]: min 14.4 avg 296.3 max 1034.5 median 216.5 stddev 254.2
Connection time [ms]: connect 28.2
Connection length [replies/conn]: 1.000

Request rate: 224.7 req/s (4.5 ms/req)
Request size [B]: 66.0

Reply rate [replies/s]: min 0.0 avg 0.0 max 0.0 stddev 0.0 (0 samples)
Reply time [ms]: response 269.3 transfer 0.0
Reply size [B]: header 267.0 content 77.0 footer 0.0 (total 344.0)
Reply status: 1xx=0 2xx=471 3xx=0 4xx=0 5xx=0

CPU time [s]: user 0.06 system 3.01 (user 1.9% system 94.8% total 96.7%)
Net I/O: 64.3 KB/s (0.5*10^6 bps)

Errors: total 1529 client-timo 1529 socket-timo 0 connrefused 0 connreset 0
Errors: fd-unavail 0 addrunavail 0 ftab-full 0 other 0

httperf --hog --timeout=1 --client=0/1 --server=172.17.60.201 --port=80 --uri=/ --rate=940 --send-buffer=4096 --recv-buffer=16384 --num-conns=2000 --num-calls=1
Maximum connect burst length: 11

Total: connections 2000 requests 578 replies 368 test-duration 3.127 s

Connection rate: 639.6 conn/s (1.6 ms/conn, <=934 concurrent connections)
Connection time [ms]: min 51.3 avg 346.6 max 1029.9 median 236.5 stddev 290.4
Connection time [ms]: connect 34.4
Connection length [replies/conn]: 1.000

Request rate: 184.9 req/s (5.4 ms/req)
Request size [B]: 66.0

Reply rate [replies/s]: min 0.0 avg 0.0 max 0.0 stddev 0.0 (0 samples)
Reply time [ms]: response 310.8 transfer 0.0
Reply size [B]: header 267.0 content 77.0 footer 0.0 (total 344.0)
Reply status: 1xx=0 2xx=368 3xx=0 4xx=0 5xx=0

CPU time [s]: user 0.04 system 2.98 (user 1.2% system 95.3% total 96.5%)
Net I/O: 51.5 KB/s (0.4*10^6 bps)

Errors: total 1632 client-timo 1632 socket-timo 0 connrefused 0 connreset 0
Errors: fd-unavail 0 addrunavail 0 ftab-full 0 other 0

httperf --hog --timeout=1 --client=0/1 --server=172.17.60.201 --port=80 --uri=/ --rate=960 --send-buffer=4096 --recv-buffer=16384 --num-conns=2000 --num-calls=1
Maximum connect burst length: 6

Total: connections 2000 requests 701 replies 513 test-duration 3.082 s

Connection rate: 648.9 conn/s (1.5 ms/conn, <=943 concurrent connections)
Connection time [ms]: min 9.5 avg 244.8 max 994.2 median 94.5 stddev 277.1
Connection time [ms]: connect 24.7
Connection length [replies/conn]: 1.000

Request rate: 227.4 req/s (4.4 ms/req)
Request size [B]: 66.0

Reply rate [replies/s]: min 0.0 avg 0.0 max 0.0 stddev 0.0 (0 samples)
Reply time [ms]: response 223.4 transfer 0.0
Reply size [B]: header 267.0 content 77.0 footer 0.0 (total 344.0)
Reply status: 1xx=0 2xx=513 3xx=0 4xx=0 5xx=0

CPU time [s]: user 0.08 system 2.90 (user 2.6% system 94.0% total 96.6%)
Net I/O: 70.6 KB/s (0.6*10^6 bps)

Errors: total 1487 client-timo 1487 socket-timo 0 connrefused 0 connreset 0
Errors: fd-unavail 0 addrunavail 0 ftab-full 0 other 0

httperf --hog --timeout=1 --client=0/1 --server=172.17.60.201 --port=80 --uri=/ --rate=980 --send-buffer=4096 --recv-buffer=16384 --num-conns=2000 --num-calls=1
Maximum connect burst length: 8

Total: connections 2000 requests 553 replies 316 test-duration 3.056 s

Connection rate: 654.5 conn/s (1.5 ms/conn, <=966 concurrent connections)
Connection time [ms]: min 60.0 avg 350.7 max 1021.4 median 308.5 stddev 260.2
Connection time [ms]: connect 32.0
Connection length [replies/conn]: 1.000

Request rate: 181.0 req/s (5.5 ms/req)
Request size [B]: 66.0

Reply rate [replies/s]: min 0.0 avg 0.0 max 0.0 stddev 0.0 (0 samples)
Reply time [ms]: response 319.3 transfer 0.0
Reply size [B]: header 267.0 content 77.0 footer 0.0 (total 344.0)
Reply status: 1xx=0 2xx=316 3xx=0 4xx=0 5xx=0

CPU time [s]: user 0.05 system 2.90 (user 1.7% system 95.0% total 96.7%)
Net I/O: 46.4 KB/s (0.4*10^6 bps)

Errors: total 1684 client-timo 1684 socket-timo 0 connrefused 0 connreset 0
Errors: fd-unavail 0 addrunavail 0 ftab-full 0 other 0

httperf --hog --timeout=1 --client=0/1 --server=172.17.60.201 --port=80 --uri=/ --rate=1000 --send-buffer=4096 --recv-buffer=16384 --num-conns=2000 --num-calls=1
Maximum connect burst length: 8

Total: connections 2000 requests 623 replies 417 test-duration 2.999 s

Connection rate: 666.9 conn/s (1.5 ms/conn, <=979 concurrent connections)
Connection time [ms]: min 34.0 avg 315.1 max 1006.5 median 250.5 stddev 282.1
Connection time [ms]: connect 25.8
Connection length [replies/conn]: 1.000

Request rate: 207.7 req/s (4.8 ms/req)
Request size [B]: 66.0

Reply rate [replies/s]: min 0.0 avg 0.0 max 0.0 stddev 0.0 (0 samples)
Reply time [ms]: response 291.3 transfer 0.0
Reply size [B]: header 267.0 content 77.0 footer 0.0 (total 344.0)
Reply status: 1xx=0 2xx=417 3xx=0 4xx=0 5xx=0

CPU time [s]: user 0.05 system 2.85 (user 1.6% system 95.0% total 96.6%)
Net I/O: 60.1 KB/s (0.5*10^6 bps)

Errors: total 1583 client-timo 1583 socket-timo 0 connrefused 0 connreset 0
Errors: fd-unavail 0 addrunavail 0 ftab-full 0 other 0

