httperf --verbose --hog --timeout=50 --client=0/1 --server=172.16.116.116 --port=8080 --uri=/ --rate=24 --send-buffer=4096 --recv-buffer=16384 --num-conns=4320 --num-calls=1
httperf: maximum number of open descriptors = 65535
Maximum connect burst length: 1

Connection lifetime histogram (time in ms):
             :
            10.5 404
            11.5 792
            12.5 354
            13.5 353
            14.5 360
            15.5 576
            16.5 635
            17.5 289
            18.5 160
            19.5 98
            20.5 64
            21.5 31
            22.5 34
            23.5 24
            24.5 23
            25.5 18
            26.5 15
            27.5 5
            28.5 10
            29.5 6
            30.5 2
            31.5 5
            32.5 1
            33.5 1
            34.5 3
             :
            50.5 1
             :
            55.5 1
             :
            76.5 1
             :
            89.5 1
             :
           107.5 1
             :
           110.5 1
           111.5 1
             :
           114.5 1
             :
           122.5 1
             :
           125.5 1
             :
           132.5 2
             :
           150.5 1
             :
           153.5 1
             :
           173.5 1
             :
           175.5 1
           176.5 2
             :
           178.5 1
           179.5 1
             :
           182.5 1
             :
           187.5 1
             :
           194.5 1
             :
           200.5 1
             :
           205.5 1
             :
           208.5 1
           209.5 2
           210.5 1
           211.5 1
             :
           213.5 1
             :
           218.5 1
           219.5 2
             :
           221.5 1
             :
           225.5 1
             :
           229.5 1
           230.5 2
             :
           235.5 1
             :
           241.5 1
           242.5 2
             :
           245.5 1
             :
           255.5 1
             :
           263.5 1
             :
           265.5 1
           266.5 1
             :
           297.5 1
             :
           299.5 1
             :
           324.5 1
           325.5 1
             :
           330.5 1
             :
           353.5 1
           354.5 1
             :
           359.5 1
             :
           366.5 1

Total: connections 4320 requests 4320 replies 4320 test-duration 179.971 s

Connection rate: 24.0 conn/s (41.7 ms/conn, <=3 concurrent connections)
Connection time [ms]: min 10.1 avg 17.3 max 366.2 median 14.5 stddev 24.0
Connection time [ms]: connect 0.7
Connection length [replies/conn]: 1.000

Request rate: 24.0 req/s (41.7 ms/req)
Request size [B]: 67.0

Reply rate [replies/s]: min 23.0 avg 24.0 max 25.0 stddev 0.4 (179 samples)
Percentages of the replies served at a given rate:
   50%: 23
   66%: 23
   75%: 23
   80%: 23
   90%: 23
   95%: 24
   98%: 24
   99%: 24
  100%: 25

Reply time [ms]: response 15.8 transfer 0.6
Percentages of the requests served within a certain time (ms) :
   50%: 13
   66%: 14
   75%: 15
   80%: 15
   90%: 16
   95%: 19
   98%: 24
   99%: 149
  100%: 355

Reply size [B]: header 162.0 content 72.0 footer 1.0 (total 235.0)
Reply status: 1xx=0 2xx=4320 3xx=0 4xx=0 5xx=0

CPU time [s]: user 147.28 system 32.32 (user 81.8% system 18.0% total 99.8%)
Net I/O: 7.1 KB/s (0.1*10^6 bps)

Errors: total 0 client-timo 0 socket-timo 0 connrefused 0 connreset 0
Errors: fd-unavail 0 addrunavail 0 ftab-full 0 other 0

