httperf --verbose --hog --timeout=50 --client=0/1 --server=172.16.116.116 --port=8080 --uri=/ --rate=24 --send-buffer=4096 --recv-buffer=16384 --num-conns=4320 --num-calls=1
httperf: maximum number of open descriptors = 65535
Maximum connect burst length: 1

Connection lifetime histogram (time in ms):
             :
            10.5 239
            11.5 1074
            12.5 359
            13.5 287
            14.5 361
            15.5 561
            16.5 577
            17.5 368
            18.5 138
            19.5 83
            20.5 49
            21.5 45
            22.5 20
            23.5 21
            24.5 21
            25.5 11
            26.5 10
            27.5 3
            28.5 4
            29.5 1
            30.5 2
            31.5 1
             :
            33.5 2
            34.5 1
            35.5 1
            36.5 1
             :
            40.5 1
            41.5 1
             :
            44.5 1
             :
            46.5 1
             :
            64.5 1
             :
            68.5 1
             :
            91.5 1
            92.5 1
            93.5 1
            94.5 1
             :
           103.5 1
             :
           105.5 1
             :
           133.5 1
             :
           135.5 1
             :
           137.5 1
             :
           147.5 1
             :
           152.5 1
             :
           158.5 1
             :
           166.5 1
           167.5 1
             :
           169.5 1
             :
           172.5 1
           173.5 1
           174.5 1
             :
           181.5 1
             :
           189.5 2
             :
           192.5 1
           193.5 1
             :
           195.5 1
             :
           197.5 1
           198.5 1
             :
           204.5 1
             :
           206.5 1
           207.5 1
             :
           210.5 1
             :
           213.5 1
           214.5 2
             :
           219.5 1
           220.5 1
             :
           226.5 1
             :
           228.5 1
             :
           231.5 2
             :
           233.5 1
           234.5 1
             :
           238.5 2
             :
           241.5 1
             :
           247.5 1
             :
           249.5 1
           250.5 2
           251.5 1
           252.5 3
             :
           254.5 1
             :
           256.5 1
           257.5 1
             :
           259.5 2
             :
           269.5 1
             :
           277.5 1
             :
           281.5 1
             :
           289.5 1
             :
           293.5 1
           294.5 1
             :
           308.5 1
             :
           313.5 1
           314.5 1
             :
           348.5 1
           349.5 1
             :
           362.5 1
           363.5 1
             :
           369.5 1
             :
           382.5 1
             :
           389.5 1
             :
           480.5 1

Total: connections 4320 requests 4320 replies 4320 test-duration 180.040 s

Connection rate: 24.0 conn/s (41.7 ms/conn, <=3 concurrent connections)
Connection time [ms]: min 10.2 avg 18.3 max 481.0 median 14.5 stddev 29.8
Connection time [ms]: connect 0.6
Connection length [replies/conn]: 1.000

Request rate: 24.0 req/s (41.7 ms/req)
Request size [B]: 67.0

Reply rate [replies/s]: min 23.0 avg 24.0 max 25.0 stddev 0.4 (180 samples)
Percentages of the replies served at a given rate:
   50%: 23
   66%: 23
   75%: 23
   80%: 23
   90%: 23
   95%: 24
   98%: 24
   99%: 24
  100%: 25

Reply time [ms]: response 16.8 transfer 0.8
Percentages of the requests served within a certain time (ms) :
   50%: 13
   66%: 14
   75%: 15
   80%: 15
   90%: 16
   95%: 19
   98%: 26
   99%: 191
  100%: 414

Reply size [B]: header 162.0 content 72.0 footer 1.0 (total 235.0)
Reply status: 1xx=0 2xx=4320 3xx=0 4xx=0 5xx=0

CPU time [s]: user 147.62 system 32.02 (user 82.0% system 17.8% total 99.8%)
Net I/O: 7.1 KB/s (0.1*10^6 bps)

Errors: total 0 client-timo 0 socket-timo 0 connrefused 0 connreset 0
Errors: fd-unavail 0 addrunavail 0 ftab-full 0 other 0

