httperf --verbose --hog --timeout=50 --client=0/1 --server=172.16.116.116 --port=8080 --uri=/ --rate=16 --send-buffer=4096 --recv-buffer=16384 --num-conns=4800 --num-calls=1
httperf: maximum number of open descriptors = 65535
Maximum connect burst length: 1

Connection lifetime histogram (time in ms):
             :
            10.5 99
            11.5 292
            12.5 201
            13.5 196
            14.5 208
            15.5 304
            16.5 318
            17.5 206
            18.5 208
            19.5 179
            20.5 134
            21.5 141
            22.5 109
            23.5 104
            24.5 56
            25.5 54
            26.5 38
            27.5 42
            28.5 31
            29.5 28
            30.5 26
            31.5 28
            32.5 22
            33.5 13
            34.5 8
            35.5 17
            36.5 14
            37.5 11
            38.5 7
            39.5 7
            40.5 6
            41.5 4
            42.5 4
            43.5 8
            44.5 8
            45.5 4
            46.5 2
            47.5 4
            48.5 4
             :
            50.5 5
            51.5 2
            52.5 2
             :
            54.5 7
            55.5 6
            56.5 5
            57.5 8
            58.5 6
            59.5 4
            60.5 3
            61.5 2
            62.5 7
            63.5 3
            64.5 2
            65.5 1
            66.5 2
            67.5 1
            68.5 2
            69.5 2
            70.5 4
            71.5 3
            72.5 2
            73.5 3
            74.5 2
            75.5 3
            76.5 3
            77.5 6
            78.5 3
            79.5 5
            80.5 1
            81.5 3
            82.5 3
            83.5 2
            84.5 1
            85.5 3
            86.5 1
            87.5 1
            88.5 1
            89.5 3
            90.5 3
            91.5 2
            92.5 5
            93.5 3
            94.5 1
            95.5 1
            96.5 4
            97.5 2
            98.5 2
            99.5 1
           100.5 5
           101.5 1
           102.5 2
           103.5 4
           104.5 2
           105.5 4
           106.5 4
           107.5 5
           108.5 1
           109.5 1
           110.5 1
           111.5 2
           112.5 2
           113.5 5
             :
           116.5 3
           117.5 1
           118.5 6
           119.5 2
           120.5 3
           121.5 3
           122.5 5
             :
           124.5 1
           125.5 4
           126.5 3
           127.5 3
           128.5 2
           129.5 5
           130.5 2
           131.5 1
           132.5 3
           133.5 3
           134.5 1
           135.5 1
           136.5 4
           137.5 2
           138.5 6
           139.5 1
           140.5 2
           141.5 3
           142.5 3
           143.5 5
             :
           145.5 5
           146.5 4
           147.5 1
           148.5 5
           149.5 2
           150.5 5
           151.5 1
           152.5 3
           153.5 1
             :
           155.5 2
           156.5 4
           157.5 4
             :
           159.5 2
           160.5 6
           161.5 3
           162.5 4
           163.5 1
           164.5 5
           165.5 4
           166.5 3
           167.5 4
           168.5 3
           169.5 4
           170.5 6
           171.5 6
           172.5 3
           173.5 2
           174.5 5
           175.5 4
           176.5 5
           177.5 2
           178.5 6
           179.5 4
           180.5 5
           181.5 3
           182.5 4
           183.5 5
           184.5 3
           185.5 8
           186.5 2
           187.5 8
           188.5 5
           189.5 4
           190.5 6
           191.5 5
           192.5 5
           193.5 6
           194.5 7
           195.5 3
           196.5 3
           197.5 3
           198.5 5
           199.5 3
           200.5 6
           201.5 8
           202.5 5
           203.5 8
           204.5 7
           205.5 7
           206.5 4
           207.5 5
           208.5 8
           209.5 8
           210.5 6
           211.5 5
           212.5 13
           213.5 8
           214.5 5
           215.5 3
           216.5 13
           217.5 8
           218.5 4
           219.5 4
           220.5 5
           221.5 5
           222.5 12
           223.5 11
           224.5 6
           225.5 11
           226.5 7
           227.5 7
           228.5 8
           229.5 6
           230.5 7
           231.5 6
           232.5 3
           233.5 6
           234.5 12
           235.5 10
           236.5 6
           237.5 8
           238.5 5
           239.5 7
           240.5 11
           241.5 7
           242.5 4
           243.5 12
           244.5 7
           245.5 9
           246.5 10
           247.5 8
           248.5 8
           249.5 8
           250.5 5
           251.5 11
           252.5 8
           253.5 6
           254.5 7
           255.5 10
           256.5 9
           257.5 9
           258.5 7
           259.5 3
           260.5 6
           261.5 10
           262.5 11
           263.5 14
           264.5 3
           265.5 8
           266.5 7
           267.5 6
           268.5 10
           269.5 6
           270.5 8
           271.5 8
           272.5 6
           273.5 4
           274.5 3
           275.5 6
           276.5 7
           277.5 6
           278.5 3
           279.5 6
           280.5 9
           281.5 6
           282.5 8
           283.5 7
           284.5 8
           285.5 9
           286.5 9
           287.5 8
           288.5 4
           289.5 8
           290.5 4
           291.5 5
           292.5 5
           293.5 4
           294.5 4
           295.5 10
           296.5 7
           297.5 10
           298.5 7
           299.5 13
           300.5 3
           301.5 10
           302.5 10
           303.5 6
           304.5 10
           305.5 8
           306.5 5
           307.5 5
           308.5 6
           309.5 6
           310.5 11
           311.5 1
           312.5 3
           313.5 7
           314.5 6
           315.5 3
           316.5 6
           317.5 8
           318.5 9
           319.5 2
           320.5 4
           321.5 8
           322.5 3
           323.5 3
           324.5 8
           325.5 4
           326.5 2
           327.5 3
           328.5 6
           329.5 2
           330.5 3
           331.5 6
           332.5 8
           333.5 2
           334.5 4
           335.5 3
           336.5 3
           337.5 6
           338.5 6
           339.5 5
           340.5 4
           341.5 6
           342.5 2
           343.5 4
           344.5 4
             :
           347.5 4
           348.5 2
           349.5 6
           350.5 3
           351.5 3
           352.5 1
           353.5 2
           354.5 4
           355.5 6
           356.5 3
           357.5 1
           358.5 6
           359.5 4
           360.5 5
           361.5 6
           362.5 6
           363.5 4
           364.5 3
           365.5 1
           366.5 2
           367.5 2
           368.5 3
           369.5 5
           370.5 3
           371.5 2
           372.5 2
           373.5 5
           374.5 2
           375.5 4
           376.5 1
           377.5 4
           378.5 2
             :
           380.5 1
             :
           382.5 5
             :
           384.5 3
           385.5 7
           386.5 4
           387.5 2
           388.5 2
           389.5 2
           390.5 3
           391.5 1
           392.5 2
           393.5 2
           394.5 1
             :
           396.5 2
           397.5 1
           398.5 5
           399.5 1
           400.5 3
           401.5 1
           402.5 2
           403.5 2
             :
           405.5 4
           406.5 2
           407.5 1
           408.5 2
           409.5 1
             :
           411.5 3
           412.5 1
           413.5 1
           414.5 2
           415.5 1
             :
           417.5 2
           418.5 1
           419.5 1
             :
           421.5 1
           422.5 3
           423.5 1
             :
           425.5 1
           426.5 2
             :
           428.5 1
             :
           430.5 4
           431.5 1
             :
           433.5 1
           434.5 2
           435.5 1
             :
           438.5 1
             :
           440.5 1
             :
           443.5 1
           444.5 1
             :
           448.5 2
             :
           455.5 1
           456.5 1
           457.5 1
           458.5 1
           459.5 1
             :
           461.5 1
             :
           466.5 1
             :
           468.5 1
             :
           476.5 1
             :
           480.5 1
             :
           497.5 1
             :
           506.5 1
             :
           533.5 1
             :
           558.5 1
             :
           620.5 1

Total: connections 4800 requests 4800 replies 4800 test-duration 299.973 s

Connection rate: 16.0 conn/s (62.5 ms/conn, <=7 concurrent connections)
Connection time [ms]: min 10.1 avg 96.2 max 620.0 median 21.5 stddev 120.4
Connection time [ms]: connect 1.0
Connection length [replies/conn]: 1.000

Request rate: 16.0 req/s (62.5 ms/req)
Request size [B]: 67.0

Reply rate [replies/s]: min 10.0 avg 16.0 max 22.0 stddev 2.0 (299 samples)
Percentages of the replies served at a given rate:
   50%: 15
   66%: 16
   75%: 16
   80%: 17
   90%: 17
   95%: 18
   98%: 19
   99%: 20
  100%: 22

Reply time [ms]: response 90.0 transfer 5.1
Percentages of the requests served within a certain time (ms) :
   50%: 19
   66%: 52
   75%: 182
   80%: 215
   90%: 277
   95%: 320
   98%: 363
   99%: 392
  100%: 527

Reply size [B]: header 162.0 content 72.0 footer 1.0 (total 235.0)
Reply status: 1xx=0 2xx=4800 3xx=0 4xx=0 5xx=0

CPU time [s]: user 240.20 system 59.25 (user 80.1% system 19.8% total 99.8%)
Net I/O: 4.7 KB/s (0.0*10^6 bps)

Errors: total 0 client-timo 0 socket-timo 0 connrefused 0 connreset 0
Errors: fd-unavail 0 addrunavail 0 ftab-full 0 other 0

