httperf --verbose --hog --timeout=50 --client=0/1 --server=172.16.116.116 --port=8080 --uri=/ --rate=16 --send-buffer=4096 --recv-buffer=16384 --num-conns=4800 --num-calls=1
httperf: maximum number of open descriptors = 65535
Maximum connect burst length: 1

Connection lifetime histogram (time in ms):
             :
             9.5 1
            10.5 134
            11.5 437
            12.5 274
            13.5 252
            14.5 260
            15.5 308
            16.5 288
            17.5 222
            18.5 182
            19.5 155
            20.5 122
            21.5 116
            22.5 99
            23.5 96
            24.5 63
            25.5 48
            26.5 24
            27.5 31
            28.5 33
            29.5 15
            30.5 17
            31.5 22
            32.5 7
            33.5 17
            34.5 14
            35.5 9
            36.5 6
            37.5 5
            38.5 12
            39.5 5
            40.5 5
            41.5 7
            42.5 3
            43.5 6
            44.5 4
            45.5 3
            46.5 6
            47.5 5
            48.5 1
            49.5 5
            50.5 6
            51.5 5
            52.5 1
            53.5 3
            54.5 2
            55.5 3
            56.5 6
            57.5 3
            58.5 1
            59.5 3
            60.5 4
            61.5 2
             :
            63.5 5
            64.5 4
            65.5 1
            66.5 4
            67.5 3
             :
            69.5 4
            70.5 3
            71.5 3
            72.5 3
            73.5 3
             :
            75.5 3
            76.5 4
            77.5 1
            78.5 1
            79.5 4
            80.5 1
            81.5 1
            82.5 3
            83.5 2
            84.5 4
             :
            87.5 3
            88.5 1
             :
            90.5 4
             :
            92.5 2
            93.5 3
             :
            95.5 3
            96.5 3
            97.5 2
            98.5 3
            99.5 1
           100.5 1
           101.5 1
           102.5 3
             :
           104.5 2
           105.5 3
           106.5 2
           107.5 3
           108.5 4
           109.5 2
           110.5 3
             :
           112.5 3
           113.5 2
           114.5 3
           115.5 3
           116.5 1
             :
           118.5 3
           119.5 3
             :
           121.5 2
             :
           123.5 3
           124.5 2
           125.5 2
           126.5 4
           127.5 1
           128.5 3
             :
           130.5 2
           131.5 1
             :
           134.5 3
             :
           136.5 2
           137.5 2
           138.5 6
           139.5 3
           140.5 1
           141.5 2
           142.5 2
           143.5 3
           144.5 1
           145.5 3
           146.5 2
           147.5 3
             :
           149.5 3
           150.5 3
           151.5 3
           152.5 1
           153.5 4
             :
           155.5 4
           156.5 5
           157.5 2
           158.5 5
           159.5 2
           160.5 2
           161.5 2
           162.5 6
           163.5 9
           164.5 4
           165.5 4
             :
           167.5 3
           168.5 4
           169.5 2
           170.5 4
           171.5 4
           172.5 4
           173.5 2
           174.5 1
           175.5 4
           176.5 3
           177.5 3
           178.5 4
             :
           180.5 2
           181.5 2
           182.5 2
           183.5 2
           184.5 3
           185.5 6
           186.5 5
           187.5 5
           188.5 2
           189.5 3
           190.5 5
           191.5 2
           192.5 4
           193.5 6
           194.5 2
           195.5 2
           196.5 8
           197.5 10
           198.5 3
           199.5 5
           200.5 10
           201.5 6
           202.5 7
           203.5 5
           204.5 8
           205.5 7
           206.5 3
           207.5 3
           208.5 1
           209.5 4
           210.5 4
           211.5 7
           212.5 6
           213.5 6
           214.5 3
           215.5 7
           216.5 5
           217.5 3
           218.5 3
           219.5 3
           220.5 2
           221.5 7
           222.5 9
           223.5 2
           224.5 5
           225.5 8
           226.5 2
           227.5 7
           228.5 8
           229.5 4
           230.5 4
           231.5 7
           232.5 10
           233.5 13
           234.5 10
           235.5 5
           236.5 2
           237.5 10
           238.5 8
           239.5 8
           240.5 7
           241.5 5
           242.5 10
           243.5 12
           244.5 4
           245.5 9
           246.5 6
           247.5 5
           248.5 5
           249.5 1
           250.5 9
           251.5 9
           252.5 4
           253.5 9
           254.5 5
           255.5 2
           256.5 12
           257.5 7
           258.5 4
           259.5 6
           260.5 10
           261.5 7
           262.5 6
           263.5 13
           264.5 6
           265.5 5
           266.5 8
           267.5 7
           268.5 6
           269.5 4
           270.5 8
           271.5 6
           272.5 5
           273.5 6
           274.5 10
           275.5 4
           276.5 4
           277.5 6
           278.5 16
           279.5 5
           280.5 7
           281.5 16
           282.5 6
           283.5 10
           284.5 6
           285.5 12
           286.5 6
           287.5 8
           288.5 5
           289.5 8
           290.5 10
           291.5 9
           292.5 3
           293.5 6
           294.5 7
           295.5 3
           296.5 9
           297.5 5
           298.5 3
           299.5 7
           300.5 4
           301.5 4
           302.5 8
           303.5 6
           304.5 9
           305.5 4
           306.5 5
           307.5 10
           308.5 6
           309.5 6
           310.5 5
           311.5 6
           312.5 2
           313.5 4
           314.5 5
           315.5 8
           316.5 4
           317.5 4
           318.5 4
           319.5 7
           320.5 3
           321.5 5
           322.5 2
           323.5 6
           324.5 7
           325.5 7
           326.5 4
           327.5 2
           328.5 6
           329.5 5
           330.5 4
           331.5 10
           332.5 4
           333.5 2
           334.5 3
           335.5 9
           336.5 5
           337.5 4
           338.5 8
           339.5 3
           340.5 3
           341.5 4
           342.5 5
           343.5 9
           344.5 5
           345.5 3
           346.5 3
           347.5 3
           348.5 5
           349.5 2
           350.5 2
           351.5 3
           352.5 3
           353.5 3
           354.5 1
           355.5 4
           356.5 4
           357.5 1
           358.5 1
           359.5 3
           360.5 2
           361.5 2
           362.5 3
           363.5 2
           364.5 3
           365.5 2
           366.5 4
           367.5 2
           368.5 6
           369.5 3
           370.5 2
           371.5 1
           372.5 2
           373.5 5
           374.5 6
           375.5 2
           376.5 4
             :
           378.5 3
           379.5 2
           380.5 3
             :
           382.5 2
           383.5 1
           384.5 1
           385.5 3
           386.5 2
           387.5 3
           388.5 1
           389.5 2
           390.5 1
           391.5 1
           392.5 3
           393.5 2
           394.5 3
           395.5 1
             :
           397.5 3
           398.5 6
           399.5 1
             :
           401.5 1
           402.5 3
           403.5 1
           404.5 4
           405.5 2
           406.5 2
           407.5 1
           408.5 2
           409.5 2
             :
           412.5 1
           413.5 2
           414.5 1
             :
           416.5 2
           417.5 1
           418.5 1
             :
           421.5 1
           422.5 1
           423.5 1
             :
           426.5 1
             :
           428.5 2
           429.5 1
           430.5 2
           431.5 1
           432.5 1
             :
           434.5 1
             :
           437.5 2
           438.5 3
           439.5 1
             :
           441.5 1
             :
           446.5 1
             :
           450.5 1
             :
           454.5 1
             :
           456.5 1
           457.5 1
             :
           462.5 1
           463.5 1
           464.5 1
           465.5 1
           466.5 1
             :
           473.5 1
             :
           475.5 1
             :
           478.5 1
             :
           486.5 1
             :
           498.5 1
             :
           505.5 1
             :
           512.5 1
             :
           534.5 1
             :
           567.5 1
             :
           577.5 1
             :
           584.5 1

Total: connections 4800 requests 4800 replies 4800 test-duration 299.948 s

Connection rate: 16.0 conn/s (62.5 ms/conn, <=8 concurrent connections)
Connection time [ms]: min 10.0 avg 89.5 max 584.0 median 19.5 stddev 119.6
Connection time [ms]: connect 0.9
Connection length [replies/conn]: 1.000

Request rate: 16.0 req/s (62.5 ms/req)
Request size [B]: 67.0

Reply rate [replies/s]: min 10.0 avg 16.0 max 22.0 stddev 1.9 (299 samples)
Percentages of the replies served at a given rate:
   50%: 15
   66%: 16
   75%: 16
   80%: 16
   90%: 17
   95%: 18
   98%: 19
   99%: 20
  100%: 22

Reply time [ms]: response 83.7 transfer 4.8
Percentages of the requests served within a certain time (ms) :
   50%: 17
   66%: 27
   75%: 161
   80%: 206
   90%: 277
   95%: 320
   98%: 366
   99%: 397
  100%: 566

Reply size [B]: header 162.0 content 72.0 footer 1.0 (total 235.0)
Reply status: 1xx=0 2xx=4800 3xx=0 4xx=0 5xx=0

CPU time [s]: user 242.11 system 57.32 (user 80.7% system 19.1% total 99.8%)
Net I/O: 4.7 KB/s (0.0*10^6 bps)

Errors: total 0 client-timo 0 socket-timo 0 connrefused 0 connreset 0
Errors: fd-unavail 0 addrunavail 0 ftab-full 0 other 0

