httperf --verbose --hog --timeout=50 --client=0/1 --server=172.16.116.116 --port=8080 --uri=/ --rate=24 --send-buffer=4096 --recv-buffer=16384 --num-conns=4320 --num-calls=1
httperf: maximum number of open descriptors = 65535
Maximum connect burst length: 1

Connection lifetime histogram (time in ms):
             :
            10.5 619
            11.5 1344
            12.5 410
            13.5 308
            14.5 267
            15.5 376
            16.5 511
            17.5 225
            18.5 98
            19.5 63
            20.5 16
            21.5 20
            22.5 8
            23.5 12
            24.5 6
            25.5 2
            26.5 1
            27.5 1
             :
            38.5 1
             :
            40.5 1
             :
            42.5 1
             :
            50.5 1
             :
            72.5 1
             :
            74.5 1
             :
            80.5 1
             :
            95.5 1
             :
           104.5 1
             :
           110.5 1
             :
           131.5 1
             :
           137.5 2
             :
           148.5 1
             :
           151.5 1
             :
           160.5 1
             :
           191.5 1
           192.5 2
             :
           201.5 1
             :
           211.5 1
             :
           218.5 1
           219.5 1
             :
           225.5 1
             :
           227.5 1
             :
           261.5 2
             :
           271.5 1
             :
           275.5 1
             :
           281.5 1
             :
           294.5 1
             :
           298.5 1
             :
           336.5 1

Total: connections 4320 requests 4320 replies 4320 test-duration 179.971 s

Connection rate: 24.0 conn/s (41.7 ms/conn, <=2 concurrent connections)
Connection time [ms]: min 10.1 avg 14.7 max 336.1 median 12.5 stddev 16.0
Connection time [ms]: connect 0.6
Connection length [replies/conn]: 1.000

Request rate: 24.0 req/s (41.7 ms/req)
Request size [B]: 67.0

Reply rate [replies/s]: min 23.0 avg 24.0 max 25.0 stddev 0.2 (179 samples)
Percentages of the replies served at a given rate:
   50%: 23
   66%: 23
   75%: 23
   80%: 23
   90%: 23
   95%: 23
   98%: 24
   99%: 24
  100%: 25

Reply time [ms]: response 13.5 transfer 0.5
Percentages of the requests served within a certain time (ms) :
   50%: 11
   66%: 13
   75%: 14
   80%: 15
   90%: 15
   95%: 16
   98%: 18
   99%: 21
  100%: 335

Reply size [B]: header 163.0 content 72.0 footer 2.0 (total 237.0)
Reply status: 1xx=0 2xx=4320 3xx=0 4xx=0 5xx=0

CPU time [s]: user 149.44 system 30.14 (user 83.0% system 16.7% total 99.8%)
Net I/O: 7.1 KB/s (0.1*10^6 bps)

Errors: total 0 client-timo 0 socket-timo 0 connrefused 0 connreset 0
Errors: fd-unavail 0 addrunavail 0 ftab-full 0 other 0

