httperf --verbose --hog --timeout=50 --client=0/1 --server=172.16.116.116 --port=8080 --uri=/ --rate=16 --send-buffer=4096 --recv-buffer=16384 --num-conns=2880 --num-calls=1
httperf: maximum number of open descriptors = 65535
Maximum connect burst length: 1

Connection lifetime histogram (time in ms):
             :
            10.5 260
            11.5 632
            12.5 292
            13.5 243
            14.5 232
            15.5 238
            16.5 284
            17.5 191
            18.5 116
            19.5 62
            20.5 47
            21.5 21
            22.5 15
            23.5 11
            24.5 9
            25.5 6
            26.5 3
            27.5 2
            28.5 2
            29.5 1
            30.5 1
             :
            32.5 5
             :
            39.5 1
            40.5 1
             :
            42.5 1
            43.5 2
             :
            48.5 1
             :
            51.5 1
             :
            55.5 1
             :
            57.5 1
             :
            65.5 1
             :
            68.5 1
             :
            71.5 1
             :
            75.5 1
             :
            77.5 1
             :
            81.5 2
             :
            84.5 1
            85.5 1
             :
            89.5 2
             :
            92.5 1
             :
            98.5 1
             :
           100.5 2
           101.5 1
             :
           104.5 1
             :
           107.5 1
             :
           111.5 1
           112.5 1
             :
           115.5 2
             :
           118.5 1
           119.5 1
             :
           121.5 1
             :
           127.5 2
             :
           132.5 2
             :
           134.5 1
             :
           140.5 1
           141.5 2
             :
           144.5 1
             :
           147.5 1
             :
           149.5 2
             :
           151.5 1
             :
           153.5 1
           154.5 2
             :
           158.5 2
           159.5 3
           160.5 2
           161.5 1
             :
           166.5 1
           167.5 1
           168.5 1
             :
           172.5 1
           173.5 2
           174.5 3
           175.5 2
             :
           177.5 2
           178.5 1
             :
           180.5 1
             :
           183.5 2
             :
           185.5 1
           186.5 1
             :
           189.5 2
             :
           192.5 2
           193.5 5
             :
           195.5 2
             :
           197.5 4
             :
           201.5 1
           202.5 1
           203.5 1
           204.5 1
           205.5 2
           206.5 3
           207.5 1
           208.5 2
           209.5 1
             :
           211.5 2
           212.5 1
             :
           214.5 2
             :
           216.5 1
             :
           218.5 1
           219.5 1
           220.5 2
           221.5 1
           222.5 2
           223.5 1
           224.5 1
           225.5 2
           226.5 4
           227.5 1
           228.5 1
             :
           230.5 3
           231.5 1
             :
           233.5 1
             :
           236.5 2
           237.5 4
           238.5 2
             :
           241.5 1
           242.5 1
             :
           245.5 1
           246.5 2
             :
           248.5 1
             :
           250.5 1
             :
           252.5 2
             :
           254.5 3
           255.5 1
           256.5 1
           257.5 3
             :
           260.5 2
           261.5 1
           262.5 2
           263.5 1
           264.5 1
             :
           268.5 2
           269.5 1
           270.5 2
             :
           274.5 1
           275.5 1
             :
           277.5 1
           278.5 1
           279.5 1
             :
           283.5 2
             :
           286.5 1
             :
           290.5 1
           291.5 2
             :
           293.5 2
             :
           298.5 1
             :
           302.5 1
           303.5 2
             :
           308.5 1
             :
           311.5 1
             :
           313.5 1
             :
           315.5 1
           316.5 2
             :
           319.5 1
           320.5 1
             :
           323.5 1
             :
           326.5 1
           327.5 1
           328.5 1
             :
           333.5 1
             :
           336.5 1
             :
           355.5 1
           356.5 1
             :
           363.5 1
           364.5 1
             :
           370.5 1
             :
           375.5 1

Total: connections 2880 requests 2880 replies 2880 test-duration 179.950 s

Connection rate: 16.0 conn/s (62.5 ms/conn, <=3 concurrent connections)
Connection time [ms]: min 10.2 avg 28.0 max 375.0 median 14.5 stddev 53.5
Connection time [ms]: connect 0.8
Connection length [replies/conn]: 1.000

Request rate: 16.0 req/s (62.5 ms/req)
Request size [B]: 67.0

Reply rate [replies/s]: min 14.0 avg 16.0 max 18.0 stddev 0.6 (179 samples)
Percentages of the replies served at a given rate:
   50%: 15
   66%: 15
   75%: 15
   80%: 15
   90%: 16
   95%: 16
   98%: 16
   99%: 17
  100%: 18

Reply time [ms]: response 25.5 transfer 1.6
Percentages of the requests served within a certain time (ms) :
   50%: 12
   66%: 14
   75%: 15
   80%: 15
   90%: 18
   95%: 153
   98%: 229
   99%: 267
  100%: 374

Reply size [B]: header 162.0 content 72.0 footer 1.0 (total 235.0)
Reply status: 1xx=0 2xx=2880 3xx=0 4xx=0 5xx=0

CPU time [s]: user 150.51 system 29.09 (user 83.6% system 16.2% total 99.8%)
Net I/O: 4.7 KB/s (0.0*10^6 bps)

Errors: total 0 client-timo 0 socket-timo 0 connrefused 0 connreset 0
Errors: fd-unavail 0 addrunavail 0 ftab-full 0 other 0

