httperf --verbose --hog --timeout=50 --client=0/1 --server=172.16.116.116 --port=8080 --uri=/ --rate=16 --send-buffer=4096 --recv-buffer=16384 --num-conns=4800 --num-calls=1
httperf: maximum number of open descriptors = 65535
Maximum connect burst length: 1

Connection lifetime histogram (time in ms):
             :
            10.5 58
            11.5 591
            12.5 452
            13.5 301
            14.5 273
            15.5 320
            16.5 510
            17.5 376
            18.5 265
            19.5 198
            20.5 163
            21.5 146
            22.5 137
            23.5 157
            24.5 112
            25.5 84
            26.5 53
            27.5 47
            28.5 27
            29.5 27
            30.5 19
            31.5 9
            32.5 13
            33.5 7
            34.5 5
            35.5 8
            36.5 6
            37.5 4
            38.5 5
            39.5 5
            40.5 4
            41.5 3
             :
            43.5 2
            44.5 5
             :
            47.5 1
             :
            49.5 1
             :
            51.5 1
             :
            58.5 1
             :
            70.5 1
            71.5 1
            72.5 1
             :
            75.5 2
            76.5 1
             :
            79.5 1
            80.5 1
             :
            84.5 2
             :
            87.5 1
             :
            91.5 1
             :
            94.5 2
             :
            96.5 1
             :
            98.5 2
             :
           100.5 1
             :
           103.5 1
             :
           105.5 1
             :
           107.5 2
           108.5 1
             :
           116.5 2
           117.5 1
           118.5 3
           119.5 1
           120.5 2
           121.5 1
           122.5 1
           123.5 1
           124.5 1
           125.5 1
           126.5 1
           127.5 2
           128.5 1
           129.5 1
           130.5 1
             :
           132.5 1
           133.5 1
           134.5 2
           135.5 1
           136.5 1
             :
           138.5 2
           139.5 1
             :
           141.5 1
           142.5 2
             :
           145.5 2
           146.5 1
           147.5 2
           148.5 3
             :
           150.5 2
           151.5 1
             :
           153.5 1
           154.5 2
             :
           157.5 2
           158.5 3
           159.5 2
           160.5 2
           161.5 2
           162.5 2
             :
           164.5 1
           165.5 3
           166.5 1
           167.5 2
           168.5 1
             :
           175.5 2
             :
           178.5 4
           179.5 1
           180.5 1
             :
           182.5 1
           183.5 2
           184.5 4
           185.5 1
           186.5 3
           187.5 3
             :
           190.5 1
           191.5 2
           192.5 2
           193.5 2
           194.5 2
           195.5 1
             :
           197.5 1
           198.5 2
             :
           200.5 1
           201.5 4
           202.5 2
           203.5 2
           204.5 2
           205.5 5
             :
           207.5 2
           208.5 1
           209.5 3
           210.5 1
           211.5 2
           212.5 2
           213.5 2
           214.5 2
           215.5 2
           216.5 1
           217.5 3
           218.5 3
           219.5 3
           220.5 2
           221.5 3
           222.5 5
             :
           224.5 2
           225.5 1
           226.5 3
           227.5 3
           228.5 1
           229.5 4
           230.5 2
           231.5 2
           232.5 1
           233.5 2
           234.5 1
           235.5 1
           236.5 3
           237.5 2
           238.5 1
           239.5 3
           240.5 4
           241.5 3
           242.5 1
           243.5 3
             :
           245.5 1
           246.5 6
           247.5 2
           248.5 3
           249.5 1
           250.5 1
           251.5 4
           252.5 1
           253.5 3
           254.5 5
           255.5 4
             :
           257.5 3
           258.5 3
           259.5 3
           260.5 3
           261.5 5
           262.5 4
           263.5 2
           264.5 2
           265.5 2
           266.5 3
           267.5 1
           268.5 3
           269.5 1
             :
           271.5 3
           272.5 2
           273.5 3
           274.5 1
             :
           276.5 2
           277.5 4
           278.5 3
           279.5 1
           280.5 1
           281.5 1
             :
           283.5 3
           284.5 2
           285.5 3
             :
           287.5 3
             :
           290.5 2
           291.5 3
             :
           293.5 1
           294.5 2
           295.5 3
             :
           297.5 2
           298.5 2
             :
           301.5 2
             :
           303.5 2
             :
           305.5 2
             :
           307.5 2
           308.5 1
           309.5 1
           310.5 2
           311.5 1
           312.5 1
             :
           314.5 1
           315.5 2
             :
           317.5 1
           318.5 3
           319.5 1
           320.5 2
             :
           323.5 1
           324.5 3
           325.5 2
           326.5 1
           327.5 1
           328.5 2
             :
           333.5 2
           334.5 2
             :
           337.5 1
             :
           340.5 3
           341.5 2
             :
           343.5 2
             :
           347.5 2
             :
           349.5 2
             :
           351.5 1
           352.5 1
             :
           359.5 1
           360.5 1
             :
           362.5 1
           363.5 1
             :
           365.5 1
           366.5 1
             :
           373.5 1
             :
           378.5 1
           379.5 1
             :
           381.5 1
             :
           385.5 2
             :
           388.5 1
             :
           390.5 1
             :
           413.5 1
             :
           423.5 1
             :
           428.5 1
             :
           494.5 1

Total: connections 4800 requests 4800 replies 4800 test-duration 299.959 s

Connection rate: 16.0 conn/s (62.5 ms/conn, <=4 concurrent connections)
Connection time [ms]: min 10.4 avg 35.3 max 494.5 median 16.5 stddev 63.6
Connection time [ms]: connect 0.8
Connection length [replies/conn]: 1.000

Request rate: 16.0 req/s (62.5 ms/req)
Request size [B]: 67.0

Reply rate [replies/s]: min 13.0 avg 16.0 max 19.0 stddev 0.7 (299 samples)
Percentages of the replies served at a given rate:
   50%: 15
   66%: 15
   75%: 15
   80%: 15
   90%: 16
   95%: 16
   98%: 17
   99%: 17
  100%: 19

Reply time [ms]: response 32.8 transfer 1.7
Percentages of the requests served within a certain time (ms) :
   50%: 15
   66%: 17
   75%: 19
   80%: 21
   90%: 27
   95%: 203
   98%: 262
   99%: 296
  100%: 426

Reply size [B]: header 162.0 content 72.0 footer 1.0 (total 235.0)
Reply status: 1xx=0 2xx=4800 3xx=0 4xx=0 5xx=0

CPU time [s]: user 248.49 system 50.92 (user 82.8% system 17.0% total 99.8%)
Net I/O: 4.7 KB/s (0.0*10^6 bps)

Errors: total 0 client-timo 0 socket-timo 0 connrefused 0 connreset 0
Errors: fd-unavail 0 addrunavail 0 ftab-full 0 other 0

