httperf --verbose --hog --timeout=50 --client=0/1 --server=172.16.116.116 --port=8080 --uri=/ --rate=8 --send-buffer=4096 --recv-buffer=16384 --num-conns=1440 --num-calls=1
httperf: maximum number of open descriptors = 65535
Maximum connect burst length: 1

Connection lifetime histogram (time in ms):
             :
             9.5 1
            10.5 35
            11.5 279
            12.5 173
            13.5 126
            14.5 114
            15.5 122
            16.5 139
            17.5 125
            18.5 81
            19.5 53
            20.5 35
            21.5 39
            22.5 22
            23.5 17
            24.5 10
            25.5 7
            26.5 3
            27.5 2
            28.5 5
            29.5 5
            30.5 3
            31.5 1
             :
            35.5 1
            36.5 2
             :
           113.5 1
             :
           119.5 1
             :
           130.5 1
             :
           135.5 1
             :
           147.5 1
             :
           149.5 1
           150.5 1
             :
           158.5 1
             :
           171.5 1
             :
           185.5 1
             :
           188.5 1
             :
           193.5 1
             :
           195.5 1
           196.5 1
           197.5 1
             :
           202.5 1
             :
           211.5 1
             :
           222.5 2
             :
           227.5 1
             :
           231.5 1
           232.5 2
             :
           234.5 1
             :
           247.5 1
             :
           262.5 1
             :
           265.5 2
             :
           269.5 1
             :
           273.5 1
             :
           276.5 1
           277.5 1
             :
           280.5 1
             :
           285.5 1
             :
           289.5 1
             :
           300.5 1
             :
           304.5 1
             :
           313.5 1
             :
           315.5 1
             :
           401.5 1

Total: connections 1440 requests 1440 replies 1440 test-duration 180.018 s

Connection rate: 8.0 conn/s (125.0 ms/conn, <=2 concurrent connections)
Connection time [ms]: min 10.0 avg 21.3 max 401.7 median 14.5 stddev 36.5
Connection time [ms]: connect 1.0
Connection length [replies/conn]: 1.000

Request rate: 8.0 req/s (125.0 ms/req)
Request size [B]: 67.0

Reply rate [replies/s]: min 7.0 avg 8.0 max 9.0 stddev 0.3 (180 samples)
Percentages of the replies served at a given rate:
   50%: 7
   66%: 7
   75%: 7
   80%: 7
   90%: 7
   95%: 7
   98%: 8
   99%: 8
  100%: 9

Reply time [ms]: response 19.2 transfer 0.9
Percentages of the requests served within a certain time (ms) :
   50%: 13
   66%: 15
   75%: 15
   80%: 16
   90%: 18
   95%: 22
   98%: 153
   99%: 244
  100%: 401

Reply size [B]: header 162.0 content 72.0 footer 1.0 (total 235.0)
Reply status: 1xx=0 2xx=1440 3xx=0 4xx=0 5xx=0

CPU time [s]: user 152.45 system 27.28 (user 84.7% system 15.2% total 99.8%)
Net I/O: 2.4 KB/s (0.0*10^6 bps)

Errors: total 0 client-timo 0 socket-timo 0 connrefused 0 connreset 0
Errors: fd-unavail 0 addrunavail 0 ftab-full 0 other 0

