httperf --verbose --hog --timeout=3 --client=0/1 --server=172.17.60.201 --port=80 --uri=/ --rate=16 --send-buffer=4096 --recv-buffer=16384 --num-conns=1000 --num-calls=1
httperf: maximum number of open descriptors = 4096
Maximum connect burst length: 1

Connection lifetime histogram (time in ms):
             :
             7.5 17
             8.5 22
             9.5 22
            10.5 39
            11.5 38
            12.5 51
            13.5 45
            14.5 55
            15.5 68
            16.5 73
            17.5 65
            18.5 52
            19.5 46
            20.5 32
            21.5 59
            22.5 35
            23.5 29
            24.5 32
            25.5 27
            26.5 22
            27.5 29
            28.5 26
            29.5 22
            30.5 16
            31.5 16
            32.5 8
            33.5 13
            34.5 7
            35.5 5
            36.5 3
            37.5 5
            38.5 3
            39.5 4
            40.5 2
            41.5 3
            42.5 3
            43.5 1
             :
            46.5 1
             :
            50.5 1
             :
            57.5 1
             :
            59.5 2

Total: connections 1000 requests 1000 replies 1000 test-duration 62.451 s

Connection rate: 16.0 conn/s (62.5 ms/conn, <=1 concurrent connections)
Connection time [ms]: min 7.2 avg 19.6 max 59.6 median 18.5 stddev 7.6
Connection time [ms]: connect 1.9
Connection length [replies/conn]: 1.000

Request rate: 16.0 req/s (62.5 ms/req)
Request size [B]: 66.0

Reply rate [replies/s]: min 16.0 avg 16.0 max 16.0 stddev 0.0 (62 samples)
Percentages of the replies served at a given rate:
   50%: 15
   66%: 15
   75%: 15
   80%: 15
   90%: 15
   95%: 15
   98%: 15
   99%: 15
  100%: 16

Reply time [ms]: response 17.3 transfer 0.2
Percentages of the requests served within a certain time (ms) :
   50%: 16
   66%: 19
   75%: 21
   80%: 23
   90%: 26
   95%: 29
   98%: 34
   99%: 37
  100%: 54

Reply size [B]: header 167.0 content 59.0 footer 0.0 (total 226.0)
Reply status: 1xx=0 2xx=1000 3xx=0 4xx=0 5xx=0

CPU time [s]: user 37.90 system 24.45 (user 60.7% system 39.2% total 99.8%)
Net I/O: 4.6 KB/s (0.0*10^6 bps)

Errors: total 0 client-timo 0 socket-timo 0 connrefused 0 connreset 0
Errors: fd-unavail 0 addrunavail 0 ftab-full 0 other 0

