httperf --verbose --hog --timeout=50 --client=0/1 --server=172.16.116.116 --port=8080 --uri=/ --rate=24 --send-buffer=4096 --recv-buffer=16384 --num-conns=4320 --num-calls=1
httperf: maximum number of open descriptors = 65535
Maximum connect burst length: 1

Connection lifetime histogram (time in ms):
             :
             9.5 1
            10.5 295
            11.5 1269
            12.5 520
            13.5 328
            14.5 266
            15.5 412
            16.5 527
            17.5 322
            18.5 188
            19.5 81
            20.5 35
            21.5 28
            22.5 8
            23.5 12
            24.5 5
            25.5 4
            26.5 1
             :
            29.5 2
            30.5 1
             :
            32.5 1
             :
            51.5 1
             :
            80.5 1
             :
            92.5 1
             :
           130.5 1
             :
           170.5 1
             :
           174.5 1
             :
           186.5 1
             :
           197.5 1
             :
           209.5 1
             :
           240.5 1
             :
           245.5 1
             :
           268.5 1
             :
           285.5 1
             :
           396.5 1

Total: connections 4320 requests 4320 replies 4320 test-duration 179.974 s

Connection rate: 24.0 conn/s (41.7 ms/conn, <=2 concurrent connections)
Connection time [ms]: min 9.9 avg 14.6 max 396.9 median 13.5 stddev 11.8
Connection time [ms]: connect 0.6
Connection length [replies/conn]: 1.000

Request rate: 24.0 req/s (41.7 ms/req)
Request size [B]: 67.0

Reply rate [replies/s]: min 23.0 avg 24.0 max 25.0 stddev 0.2 (179 samples)
Percentages of the replies served at a given rate:
   50%: 23
   66%: 23
   75%: 23
   80%: 23
   90%: 23
   95%: 23
   98%: 24
   99%: 24
  100%: 25

Reply time [ms]: response 13.4 transfer 0.5
Percentages of the requests served within a certain time (ms) :
   50%: 11
   66%: 14
   75%: 15
   80%: 15
   90%: 16
   95%: 17
   98%: 18
   99%: 20
  100%: 396

Reply size [B]: header 163.0 content 72.0 footer 2.0 (total 237.0)
Reply status: 1xx=0 2xx=4320 3xx=0 4xx=0 5xx=0

CPU time [s]: user 148.27 system 31.32 (user 82.4% system 17.4% total 99.8%)
Net I/O: 7.1 KB/s (0.1*10^6 bps)

Errors: total 0 client-timo 0 socket-timo 0 connrefused 0 connreset 0
Errors: fd-unavail 0 addrunavail 0 ftab-full 0 other 0

