httperf --verbose --hog --timeout=50 --client=0/1 --server=172.16.116.116 --port=8080 --uri=/ --rate=24 --send-buffer=4096 --recv-buffer=16384 --num-conns=4320 --num-calls=1
httperf: maximum number of open descriptors = 65535
Maximum connect burst length: 1

Connection lifetime histogram (time in ms):
             :
            10.5 278
            11.5 1000
            12.5 461
            13.5 341
            14.5 335
            15.5 379
            16.5 626
            17.5 335
            18.5 177
            19.5 116
            20.5 54
            21.5 39
            22.5 37
            23.5 23
            24.5 13
            25.5 5
            26.5 7
            27.5 8
            28.5 4
            29.5 6
            30.5 3
            31.5 1
            32.5 1
             :
            34.5 2
             :
            52.5 1
             :
            71.5 1
             :
            78.5 1
             :
            85.5 1
             :
            87.5 1
             :
            91.5 1
             :
            94.5 1
             :
           111.5 1
             :
           113.5 1
             :
           128.5 1
             :
           131.5 1
             :
           133.5 2
             :
           135.5 1
             :
           137.5 1
             :
           147.5 2
             :
           151.5 2
             :
           156.5 1
             :
           159.5 1
             :
           161.5 1
           162.5 1
             :
           167.5 1
             :
           174.5 1
           175.5 2
             :
           183.5 1
             :
           187.5 1
           188.5 2
           189.5 2
           190.5 1
             :
           192.5 1
             :
           194.5 1
           195.5 1
             :
           197.5 2
           198.5 2
             :
           200.5 1
             :
           215.5 1
           216.5 1
             :
           227.5 2
             :
           233.5 1
           234.5 2
             :
           238.5 1
             :
           240.5 1
           241.5 2
             :
           246.5 1
             :
           258.5 1
             :
           264.5 1
             :
           271.5 1
             :
           281.5 1
             :
           286.5 1
             :
           289.5 1
             :
           298.5 1
           299.5 1
             :
           304.5 1
             :
           309.5 1
             :
           324.5 1
             :
           391.5 1
             :
           400.5 1
             :
           409.5 1
             :
           416.5 1

Total: connections 4320 requests 4320 replies 4320 test-duration 180.083 s

Connection rate: 24.0 conn/s (41.7 ms/conn, <=3 concurrent connections)
Connection time [ms]: min 10.3 avg 17.6 max 416.1 median 14.5 stddev 25.9
Connection time [ms]: connect 0.7
Connection length [replies/conn]: 1.000

Request rate: 24.0 req/s (41.7 ms/req)
Request size [B]: 67.0

Reply rate [replies/s]: min 23.0 avg 24.0 max 25.0 stddev 0.3 (180 samples)
Percentages of the replies served at a given rate:
   50%: 23
   66%: 23
   75%: 23
   80%: 23
   90%: 23
   95%: 23
   98%: 24
   99%: 24
  100%: 25

Reply time [ms]: response 16.2 transfer 0.6
Percentages of the requests served within a certain time (ms) :
   50%: 12
   66%: 14
   75%: 15
   80%: 15
   90%: 16
   95%: 18
   98%: 24
   99%: 172
  100%: 416

Reply size [B]: header 162.0 content 72.0 footer 1.0 (total 235.0)
Reply status: 1xx=0 2xx=4320 3xx=0 4xx=0 5xx=0

CPU time [s]: user 148.67 system 31.02 (user 82.6% system 17.2% total 99.8%)
Net I/O: 7.1 KB/s (0.1*10^6 bps)

Errors: total 0 client-timo 0 socket-timo 0 connrefused 0 connreset 0
Errors: fd-unavail 0 addrunavail 0 ftab-full 0 other 0

