httperf --verbose --hog --timeout=50 --client=0/1 --server=172.16.116.116 --port=8080 --uri=/ --rate=24 --send-buffer=4096 --recv-buffer=16384 --num-conns=4320 --num-calls=1
httperf: maximum number of open descriptors = 65535
Maximum connect burst length: 1

Connection lifetime histogram (time in ms):
             :
            10.5 459
            11.5 1189
            12.5 422
            13.5 406
            14.5 365
            15.5 381
            16.5 489
            17.5 230
            18.5 90
            19.5 54
            20.5 42
            21.5 18
            22.5 16
            23.5 9
            24.5 4
            25.5 4
            26.5 3
            27.5 1
             :
            29.5 2
             :
            35.5 1
             :
            38.5 1
             :
            44.5 1
             :
            47.5 1
             :
            61.5 1
             :
            65.5 2
            66.5 1
             :
            81.5 2
             :
            87.5 2
             :
            93.5 1
             :
            96.5 1
            97.5 1
            98.5 1
            99.5 1
             :
           108.5 3
           109.5 1
           110.5 1
             :
           112.5 2
             :
           116.5 1
             :
           118.5 1
             :
           121.5 1
             :
           123.5 1
             :
           126.5 1
             :
           132.5 1
           133.5 1
           134.5 1
           135.5 1
           136.5 1
           137.5 1
             :
           139.5 1
             :
           142.5 2
           143.5 3
             :
           146.5 1
             :
           148.5 1
             :
           152.5 1
             :
           154.5 1
             :
           156.5 1
             :
           160.5 2
             :
           167.5 1
           168.5 2
             :
           170.5 1
             :
           172.5 1
             :
           181.5 2
           182.5 1
             :
           184.5 1
             :
           187.5 2
           188.5 1
             :
           193.5 1
           194.5 1
             :
           196.5 1
             :
           201.5 1
             :
           203.5 1
             :
           207.5 1
             :
           209.5 1
           210.5 2
           211.5 3
             :
           213.5 1
           214.5 1
           215.5 2
             :
           218.5 1
           219.5 1
             :
           221.5 1
             :
           224.5 2
           225.5 1
             :
           227.5 3
             :
           230.5 1
           231.5 1
           232.5 1
           233.5 1
           234.5 2
             :
           236.5 2
           237.5 2
             :
           240.5 2
           241.5 1
           242.5 2
             :
           245.5 2
             :
           249.5 1
             :
           252.5 1
           253.5 1
             :
           257.5 2
             :
           260.5 2
             :
           263.5 1
             :
           265.5 1
             :
           267.5 1
             :
           272.5 1
             :
           274.5 1
             :
           277.5 1
             :
           280.5 2
             :
           286.5 1
           287.5 1
             :
           289.5 1
           290.5 1
           291.5 2
             :
           294.5 1
             :
           298.5 1
             :
           300.5 1
             :
           306.5 1
             :
           315.5 1
             :
           317.5 1
             :
           320.5 1
             :
           326.5 1
             :
           330.5 1
             :
           338.5 1
             :
           348.5 1
             :
           366.5 1
             :
           425.5 1

Total: connections 4320 requests 4320 replies 4320 test-duration 179.974 s

Connection rate: 24.0 conn/s (41.7 ms/conn, <=3 concurrent connections)
Connection time [ms]: min 10.2 avg 19.5 max 425.5 median 13.5 stddev 35.0
Connection time [ms]: connect 0.7
Connection length [replies/conn]: 1.000

Request rate: 24.0 req/s (41.7 ms/req)
Request size [B]: 67.0

Reply rate [replies/s]: min 22.0 avg 24.0 max 26.0 stddev 0.5 (179 samples)
Percentages of the replies served at a given rate:
   50%: 23
   66%: 23
   75%: 23
   80%: 23
   90%: 24
   95%: 24
   98%: 24
   99%: 25
  100%: 26

Reply time [ms]: response 17.8 transfer 0.9
Percentages of the requests served within a certain time (ms) :
   50%: 11
   66%: 13
   75%: 14
   80%: 15
   90%: 16
   95%: 18
   98%: 160
   99%: 214
  100%: 425

Reply size [B]: header 162.0 content 72.0 footer 1.0 (total 235.0)
Reply status: 1xx=0 2xx=4320 3xx=0 4xx=0 5xx=0

CPU time [s]: user 148.85 system 30.73 (user 82.7% system 17.1% total 99.8%)
Net I/O: 7.1 KB/s (0.1*10^6 bps)

Errors: total 0 client-timo 0 socket-timo 0 connrefused 0 connreset 0
Errors: fd-unavail 0 addrunavail 0 ftab-full 0 other 0

