httperf --verbose --hog --timeout=50 --client=0/1 --server=172.16.116.116 --port=8080 --uri=/ --rate=24 --send-buffer=4096 --recv-buffer=16384 --num-conns=14400 --num-calls=1
httperf: maximum number of open descriptors = 65535
Maximum connect burst length: 1

Connection lifetime histogram (time in ms):
             :
             9.5 4
            10.5 905
            11.5 2510
            12.5 1657
            13.5 1376
            14.5 1465
            15.5 1363
            16.5 1235
            17.5 704
            18.5 490
            19.5 376
            20.5 288
            21.5 321
            22.5 278
            23.5 202
            24.5 100
            25.5 60
            26.5 43
            27.5 31
            28.5 21
            29.5 22
            30.5 17
            31.5 9
            32.5 6
            33.5 1
            34.5 3
            35.5 4
            36.5 2
             :
            38.5 2
            39.5 3
            40.5 2
            41.5 2
             :
            44.5 1
            45.5 1
            46.5 2
            47.5 3
            48.5 1
             :
            50.5 4
            51.5 1
            52.5 1
            53.5 1
            54.5 3
             :
            56.5 2
            57.5 5
            58.5 2
            59.5 3
             :
            61.5 2
            62.5 2
            63.5 2
            64.5 1
            65.5 2
            66.5 1
            67.5 4
             :
            71.5 2
            72.5 3
            73.5 1
            74.5 2
            75.5 1
            76.5 2
             :
            78.5 2
            79.5 2
            80.5 1
            81.5 2
            82.5 1
            83.5 3
            84.5 1
            85.5 2
            86.5 1
            87.5 2
            88.5 5
            89.5 4
            90.5 2
             :
            92.5 1
            93.5 1
            94.5 1
            95.5 3
             :
            97.5 2
            98.5 2
            99.5 2
           100.5 5
           101.5 2
           102.5 1
           103.5 4
           104.5 2
           105.5 1
           106.5 2
           107.5 1
           108.5 2
             :
           110.5 1
           111.5 1
           112.5 2
           113.5 3
           114.5 1
             :
           116.5 2
             :
           119.5 2
           120.5 2
           121.5 1
           122.5 1
           123.5 1
           124.5 1
           125.5 4
           126.5 2
           127.5 3
             :
           131.5 3
           132.5 3
             :
           134.5 3
           135.5 5
           136.5 1
           137.5 4
           138.5 3
           139.5 2
           140.5 2
           141.5 2
           142.5 4
           143.5 1
           144.5 1
           145.5 1
           146.5 4
           147.5 1
           148.5 4
           149.5 2
             :
           151.5 5
           152.5 2
             :
           154.5 4
           155.5 2
           156.5 2
           157.5 7
           158.5 3
           159.5 1
           160.5 2
           161.5 3
           162.5 4
           163.5 5
           164.5 2
           165.5 5
           166.5 2
           167.5 4
           168.5 6
           169.5 2
           170.5 2
           171.5 1
           172.5 4
           173.5 2
           174.5 5
           175.5 4
           176.5 1
           177.5 6
           178.5 3
           179.5 2
           180.5 2
           181.5 1
             :
           183.5 3
           184.5 5
           185.5 5
           186.5 3
           187.5 4
           188.5 4
           189.5 4
           190.5 5
           191.5 4
           192.5 4
           193.5 3
           194.5 6
           195.5 3
           196.5 1
           197.5 6
           198.5 6
           199.5 2
           200.5 4
           201.5 5
           202.5 3
           203.5 6
           204.5 7
           205.5 3
           206.5 5
             :
           208.5 5
           209.5 1
           210.5 7
           211.5 3
           212.5 7
           213.5 5
           214.5 3
           215.5 5
           216.5 4
           217.5 3
           218.5 9
           219.5 5
           220.5 3
           221.5 6
           222.5 1
           223.5 4
           224.5 6
           225.5 2
           226.5 9
           227.5 6
           228.5 4
           229.5 8
           230.5 5
           231.5 2
           232.5 7
           233.5 8
           234.5 4
           235.5 5
           236.5 5
           237.5 8
           238.5 5
           239.5 4
           240.5 3
           241.5 2
           242.5 5
           243.5 2
           244.5 10
           245.5 4
           246.5 4
           247.5 4
           248.5 4
           249.5 3
           250.5 9
           251.5 4
           252.5 5
           253.5 4
           254.5 5
           255.5 7
           256.5 7
           257.5 4
           258.5 5
           259.5 4
           260.5 4
           261.5 8
           262.5 2
           263.5 4
           264.5 7
           265.5 3
             :
           267.5 5
           268.5 2
           269.5 4
           270.5 3
           271.5 5
           272.5 1
           273.5 7
           274.5 6
           275.5 4
           276.5 3
           277.5 3
             :
           279.5 4
           280.5 3
           281.5 4
           282.5 2
           283.5 3
           284.5 4
           285.5 4
           286.5 1
           287.5 5
           288.5 2
           289.5 4
           290.5 2
           291.5 2
           292.5 6
           293.5 3
           294.5 1
           295.5 2
           296.5 3
           297.5 2
           298.5 4
           299.5 3
           300.5 2
           301.5 5
           302.5 2
           303.5 1
           304.5 5
           305.5 3
           306.5 3
           307.5 2
             :
           309.5 2
             :
           311.5 2
           312.5 2
           313.5 1
           314.5 4
           315.5 1
           316.5 2
           317.5 2
             :
           323.5 1
           324.5 1
           325.5 2
           326.5 6
           327.5 3
             :
           329.5 2
           330.5 2
           331.5 1
           332.5 2
           333.5 5
           334.5 1
           335.5 3
             :
           338.5 2
           339.5 2
           340.5 1
           341.5 2
             :
           343.5 1
           344.5 1
           345.5 2
           346.5 4
           347.5 1
           348.5 3
           349.5 3
             :
           351.5 2
           352.5 2
           353.5 1
           354.5 2
             :
           359.5 1
           360.5 1
             :
           362.5 1
           363.5 1
             :
           365.5 1
             :
           367.5 2
             :
           369.5 2
             :
           371.5 1
           372.5 1
             :
           375.5 1
             :
           382.5 1
             :
           384.5 1
             :
           387.5 1
           388.5 3
           389.5 1
             :
           391.5 1
           392.5 1
             :
           396.5 1
             :
           399.5 1
             :
           404.5 1
             :
           410.5 1
             :
           419.5 1
             :
           469.5 1
           470.5 1
             :
           479.5 1

Total: connections 14400 requests 14400 replies 14400 test-duration 599.974 s

Connection rate: 24.0 conn/s (41.7 ms/conn, <=5 concurrent connections)
Connection time [ms]: min 9.9 avg 27.5 max 480.0 median 14.5 stddev 52.8
Connection time [ms]: connect 0.7
Connection length [replies/conn]: 1.000

Request rate: 24.0 req/s (41.7 ms/req)
Request size [B]: 67.0

Reply rate [replies/s]: min 21.0 avg 24.0 max 27.0 stddev 0.8 (599 samples)
Percentages of the replies served at a given rate:
   50%: 23
   66%: 23
   75%: 23
   80%: 24
   90%: 24
   95%: 24
   98%: 25
   99%: 25
  100%: 27

Reply time [ms]: response 25.4 transfer 1.3
Percentages of the requests served within a certain time (ms) :
   50%: 13
   66%: 14
   75%: 15
   80%: 16
   90%: 21
   95%: 134
   98%: 239
   99%: 276
  100%: 426

Reply size [B]: header 162.0 content 72.0 footer 1.0 (total 235.0)
Reply status: 1xx=0 2xx=14400 3xx=0 4xx=0 5xx=0

CPU time [s]: user 492.94 system 105.83 (user 82.2% system 17.6% total 99.8%)
Net I/O: 7.1 KB/s (0.1*10^6 bps)

Errors: total 0 client-timo 0 socket-timo 0 connrefused 0 connreset 0
Errors: fd-unavail 0 addrunavail 0 ftab-full 0 other 0

