httperf --verbose --hog --timeout=50 --client=0/1 --server=172.16.116.116 --port=8080 --uri=/ --rate=24 --send-buffer=4096 --recv-buffer=16384 --num-conns=5760 --num-calls=1
httperf: maximum number of open descriptors = 65535
Maximum connect burst length: 1

Connection lifetime histogram (time in ms):
             :
             9.5 2
            10.5 532
            11.5 709
            12.5 354
            13.5 309
            14.5 430
            15.5 518
            16.5 418
            17.5 202
            18.5 112
            19.5 69
            20.5 46
            21.5 46
            22.5 38
            23.5 29
            24.5 27
            25.5 20
            26.5 26
            27.5 14
            28.5 22
            29.5 18
            30.5 16
            31.5 14
            32.5 17
            33.5 5
            34.5 11
            35.5 12
            36.5 8
            37.5 8
            38.5 9
            39.5 9
            40.5 8
            41.5 8
            42.5 6
            43.5 7
            44.5 5
            45.5 3
            46.5 8
            47.5 7
            48.5 8
            49.5 9
            50.5 11
            51.5 4
            52.5 11
            53.5 4
            54.5 10
            55.5 7
            56.5 13
            57.5 6
            58.5 4
            59.5 7
            60.5 15
            61.5 6
            62.5 6
            63.5 13
            64.5 9
            65.5 4
            66.5 8
            67.5 8
            68.5 7
            69.5 3
            70.5 5
            71.5 4
            72.5 11
            73.5 8
            74.5 10
            75.5 6
            76.5 9
            77.5 10
            78.5 6
            79.5 5
            80.5 6
            81.5 8
            82.5 8
            83.5 3
            84.5 8
            85.5 7
            86.5 9
            87.5 9
            88.5 9
            89.5 10
            90.5 8
            91.5 11
            92.5 10
            93.5 11
            94.5 7
            95.5 10
            96.5 4
            97.5 6
            98.5 11
            99.5 6
           100.5 5
           101.5 9
           102.5 5
           103.5 7
           104.5 3
           105.5 4
           106.5 7
           107.5 6
           108.5 8
           109.5 3
           110.5 3
           111.5 4
           112.5 8
           113.5 2
           114.5 5
             :
           116.5 2
           117.5 2
           118.5 4
           119.5 4
           120.5 3
           121.5 1
           122.5 2
           123.5 6
           124.5 3
             :
           126.5 2
           127.5 2
           128.5 1
           129.5 1
           130.5 1
           131.5 1
           132.5 1
             :
           134.5 4
             :
           136.5 3
           137.5 2
           138.5 1
           139.5 1
             :
           142.5 1
             :
           146.5 1
             :
           154.5 1
           155.5 2
             :
           161.5 1
             :
           165.5 1
             :
           168.5 1
             :
           179.5 1
           180.5 1
             :
           183.5 1
           184.5 1
             :
           194.5 1
           195.5 1
             :
           197.5 1
           198.5 1
             :
           200.5 1
             :
           205.5 1
             :
           207.5 1
             :
           210.5 1
             :
           212.5 2
             :
           216.5 1
           217.5 1
             :
           228.5 1
             :
           239.5 1
             :
           243.5 1
             :
           251.5 1
             :
           254.5 1
           255.5 1
             :
           258.5 1
           259.5 1
             :
           261.5 1
             :
           272.5 1
           273.5 1
             :
           280.5 1
             :
           288.5 1
           289.5 1
             :
           302.5 2
             :
           304.5 1
             :
           307.5 1
             :
           316.5 1
             :
           321.5 1
             :
           327.5 1
           328.5 1
             :
           333.5 1
             :
           336.5 1
             :
           343.5 1
             :
           345.5 1
             :
           348.5 1
             :
           356.5 1
             :
           358.5 1
             :
           366.5 1
             :
           374.5 2
             :
           376.5 1
             :
           390.5 1
             :
           392.5 1
             :
           397.5 1
           398.5 2
             :
           402.5 1
             :
           404.5 1
             :
           408.5 2
             :
           410.5 1
           411.5 1
             :
           416.5 1
           417.5 1
             :
           422.5 1
             :
           428.5 1
             :
           431.5 1
             :
           437.5 2
             :
           440.5 1
           441.5 1
             :
           445.5 1
             :
           453.5 1
             :
           460.5 1
             :
           465.5 1
           466.5 1
           467.5 1
             :
           470.5 1
             :
           472.5 2
             :
           477.5 2
             :
           480.5 1
           481.5 1
           482.5 2
           483.5 2
             :
           485.5 1
           486.5 1
             :
           489.5 1
           490.5 1
           491.5 2
           492.5 1
             :
           495.5 2
             :
           499.5 2
             :
           504.5 1
             :
           511.5 1
           512.5 1
           513.5 1
             :
           515.5 1
             :
           520.5 1
           521.5 1
             :
           526.5 1
             :
           529.5 1
             :
           532.5 1
             :
           534.5 1
           535.5 1
             :
           538.5 1
           539.5 2
           540.5 1
             :
           542.5 2
             :
           545.5 2
             :
           548.5 2
             :
           550.5 1
             :
           552.5 2
           553.5 1
             :
           559.5 2
           560.5 1
           561.5 2
           562.5 1
           563.5 3
             :
           565.5 1
           566.5 1
           567.5 1
           568.5 1
             :
           570.5 1
             :
           572.5 2
             :
           576.5 1
             :
           578.5 2
           579.5 1
           580.5 1
             :
           583.5 1
             :
           586.5 1
           587.5 1
             :
           590.5 1
             :
           592.5 1
             :
           594.5 1
           595.5 1
           596.5 2
           597.5 1
             :
           601.5 1
             :
           604.5 2
             :
           610.5 1
           611.5 1
           612.5 1
           613.5 2
           614.5 1
           615.5 1
             :
           618.5 2
           619.5 1
           620.5 1
             :
           623.5 2
           624.5 4
           625.5 1
             :
           627.5 1
           628.5 1
           629.5 2
           630.5 1
           631.5 2
             :
           639.5 1
             :
           641.5 1
           642.5 2
           643.5 2
           644.5 2
           645.5 1
           646.5 1
           647.5 2
             :
           651.5 3
             :
           654.5 2
             :
           656.5 3
           657.5 2
           658.5 2
           659.5 1
           660.5 2
           661.5 1
           662.5 1
           663.5 1
           664.5 1
           665.5 2
           666.5 2
           667.5 3
           668.5 1
           669.5 1
             :
           671.5 2
             :
           673.5 2
           674.5 1
           675.5 2
           676.5 1
             :
           678.5 2
           679.5 3
           680.5 1
           681.5 3
           682.5 3
             :
           684.5 4
           685.5 2
           686.5 1
           687.5 2
           688.5 1
           689.5 2
             :
           691.5 2
           692.5 2
             :
           694.5 1
           695.5 2
           696.5 1
           697.5 1
           698.5 3
           699.5 3
           700.5 2
           701.5 2
           702.5 1
           703.5 1
           704.5 1
             :
           706.5 2
             :
           710.5 2
           711.5 2
           712.5 4
           713.5 2
           714.5 2
           715.5 3
             :
           717.5 1
           718.5 2
             :
           720.5 1
           721.5 4
           722.5 1
           723.5 1
           724.5 2
           725.5 2
           726.5 2
           727.5 1
             :
           729.5 2
           730.5 2
           731.5 2
           732.5 2
             :
           734.5 3
             :
           736.5 1
           737.5 2
             :
           739.5 2
             :
           741.5 1
           742.5 2
           743.5 1
           744.5 1
           745.5 2
           746.5 4
           747.5 1
             :
           749.5 1
             :
           751.5 2
           752.5 3
           753.5 2
             :
           755.5 1
           756.5 1
           757.5 3
           758.5 3
           759.5 4
           760.5 1
           761.5 2
           762.5 2
           763.5 3
           764.5 3
           765.5 3
             :
           768.5 1
             :
           770.5 1
           771.5 1
           772.5 2
           773.5 2
           774.5 1
           775.5 1
           776.5 1
             :
           779.5 1
           780.5 2
             :
           782.5 1
           783.5 2
             :
           785.5 1
           786.5 1
           787.5 1
             :
           790.5 2
           791.5 2
             :
           793.5 1
           794.5 1
           795.5 1
             :
           797.5 4
           798.5 2
           799.5 1
             :
           801.5 2
           802.5 1
             :
           805.5 1
             :
           808.5 1
           809.5 2
           810.5 2
             :
           812.5 1
             :
           814.5 2
             :
           816.5 1
           817.5 1
             :
           819.5 1
             :
           821.5 1
           822.5 2
           823.5 1
             :
           825.5 2
           826.5 1
           827.5 2
           828.5 4
             :
           830.5 1
             :
           834.5 1
           835.5 2
             :
           837.5 1
           838.5 2
             :
           841.5 1
           842.5 2
           843.5 1
           844.5 1
             :
           846.5 3
           847.5 1
           848.5 1
             :
           851.5 1
           852.5 3
             :
           854.5 1
             :
           858.5 3
             :
           860.5 1
             :
           862.5 1
           863.5 1
           864.5 1
             :
           867.5 1
             :
           872.5 1
           873.5 2
             :
           875.5 1
             :
           878.5 1
           879.5 2
           880.5 3
           881.5 1
             :
           883.5 1
           884.5 2
             :
           886.5 2
           887.5 1
           888.5 1
           889.5 1
             :
           892.5 1
             :
           895.5 2
           896.5 1
             :
           898.5 1
             :
           900.5 1
           901.5 2
           902.5 1
           903.5 1
             :
           906.5 1
             :
           908.5 1
           909.5 2
             :
           911.5 3
             :
           913.5 2
           914.5 2
           915.5 1
           916.5 1
             :
           921.5 2
           922.5 1
             :
           927.5 1
             :
           929.5 1
             :
           933.5 1
             :
           935.5 1
             :
           941.5 1
             :
           946.5 1
           947.5 1
             :
           949.5 2
             :
           953.5 1
           954.5 2
           955.5 1
             :
           959.5 1
           960.5 1
             :
           968.5 1
             :
           970.5 1
             :
           976.5 1
           977.5 1
             :
           979.5 2
           980.5 1
           981.5 1
             :
           983.5 1
             :
           985.5 1
           986.5 1
             :
           988.5 1
             :
           990.5 1
             :
           997.5 2
           998.5 1
           999.5 1
             :
          1002.5 1
             :
          1004.5 2
             :
          1008.5 1
             :
          1012.5 1
          1013.5 2
             :
          1015.5 1
          1016.5 1
             :
          1018.5 1
             :
          1020.5 2
             :
          1022.5 1
          1023.5 1
             :
          1026.5 1
             :
          1030.5 1
          1031.5 1
          1032.5 1
             :
          1034.5 1
          1035.5 1
          1036.5 1
          1037.5 1
             :
          1039.5 1
             :
          1042.5 2
             :
          1046.5 1
             :
          1049.5 1
             :
          1056.5 1
             :
          1059.5 1
             :
          1061.5 1
          1062.5 1
             :
          1064.5 1
             :
          1066.5 1
             :
          1070.5 1
             :
          1073.5 1
          1074.5 1
             :
          1084.5 1
             :
          1086.5 1
          1087.5 1
             :
          1090.5 1
             :
          1093.5 1
             :
          1098.5 1
          1099.5 1
             :
          1102.5 1
             :
          1104.5 1
          1105.5 1
          1106.5 1
             :
          1111.5 1
             :
          1115.5 1
             :
          1126.5 1
             :
          1130.5 1
             :
          1132.5 1
             :
          1134.5 1
          1135.5 1
             :
          1137.5 2
          1138.5 1
             :
          1143.5 1
          1144.5 1
             :
          1147.5 1
             :
          1149.5 1
             :
          1155.5 1
             :
          1159.5 1
             :
          1167.5 1
          1168.5 2
             :
          1172.5 1
             :
          1178.5 1
             :
          1180.5 1
             :
          1182.5 2
             :
          1184.5 1
          1185.5 1
             :
          1187.5 1
          1188.5 1
          1189.5 1
             :
          1191.5 1
          1192.5 1
             :
          1194.5 1
          1195.5 1
          1196.5 1
             :
          1199.5 2
          1200.5 1
             :
          1210.5 2
             :
          1213.5 1
             :
          1217.5 1
             :
          1223.5 1
             :
          1226.5 1
          1227.5 1
          1228.5 1
             :
          1232.5 1
             :
          1238.5 2
             :
          1242.5 1
             :
          1244.5 2
          1245.5 1
             :
          1247.5 1
          1248.5 1
             :
          1254.5 1
             :
          1262.5 1
             :
          1264.5 1
          1265.5 1
             :
          1267.5 1
             :
          1271.5 1
             :
          1281.5 1
          1282.5 1
             :
          1289.5 1
          1290.5 1
             :
          1292.5 1
          1293.5 1
             :
          1301.5 1
             :
          1305.5 2
          1306.5 1
             :
          1308.5 3
             :
          1310.5 1
             :
          1315.5 1
          1316.5 1
          1317.5 1
          1318.5 1
          1319.5 2
             :
          1324.5 1
             :
          1327.5 1
             :
          1330.5 2
             :
          1344.5 1
             :
          1347.5 1
             :
          1354.5 1
          1355.5 2
             :
          1358.5 1
          1359.5 1
          1360.5 1
          1361.5 1
          1362.5 1
          1363.5 1
          1364.5 1
             :
          1370.5 1
          1371.5 2
             :
          1375.5 1
             :
          1380.5 1
          1381.5 1
          1382.5 1
          1383.5 1
             :
          1385.5 1
          1386.5 1
          1387.5 1
          1388.5 1
          1389.5 1
             :
          1399.5 1
             :
          1404.5 1
             :
          1407.5 2
             :
          1409.5 1
             :
          1411.5 1
             :
          1418.5 1
          1419.5 1
             :
          1424.5 1
          1425.5 1
             :
          1428.5 1
             :
          1433.5 2
             :
          1438.5 1
             :
          1445.5 1
             :
          1447.5 3
          1448.5 2
             :
          1461.5 1
             :
          1464.5 1
             :
          1468.5 1
             :
          1471.5 2
          1472.5 1
             :
          1476.5 1
          1477.5 1
             :
          1481.5 1
             :
          1483.5 1
             :
          1490.5 1
             :
          1492.5 1
          1493.5 1
          1494.5 1
             :
          1500.5 1
          1501.5 2
             :
          1507.5 1
             :
          1509.5 1
             :
          1515.5 2
             :
          1517.5 1
          1518.5 1
             :
          1523.5 2
             :
          1525.5 1
             :
          1527.5 2
             :
          1532.5 2
          1533.5 2
             :
          1537.5 1
             :
          1540.5 1
             :
          1548.5 1
          1549.5 2
             :
          1551.5 2
             :
          1566.5 1
             :
          1572.5 1
             :
          1574.5 1
             :
          1578.5 2
             :
          1580.5 1
             :
          1585.5 1
          1586.5 1
             :
          1588.5 1
             :
          1592.5 1
             :
          1598.5 1
             :
          1605.5 1
             :
          1616.5 1
             :
          1618.5 1
             :
          1621.5 1
             :
          1625.5 1
             :
          1627.5 1
             :
          1632.5 1
          1633.5 1
          1634.5 1
          1635.5 1
             :
          1645.5 2
             :
          1648.5 1
          1649.5 1
             :
          1651.5 2
             :
          1660.5 2
             :
          1663.5 1
             :
          1667.5 1
             :
          1669.5 1
             :
          1671.5 1
             :
          1674.5 1
             :
          1676.5 1
             :
          1681.5 1
          1682.5 1
          1683.5 1
             :
          1685.5 1
          1686.5 1
          1687.5 1
          1688.5 2
             :
          1690.5 1
             :
          1696.5 1
             :
          1702.5 1
             :
          1704.5 1
             :
          1711.5 1
             :
          1715.5 1
             :
          1730.5 1
             :
          1734.5 1
          1735.5 1
             :
          1737.5 2
          1738.5 1
             :
          1750.5 1
             :
          1760.5 1
             :
          1764.5 2
             :
          1767.5 1
             :
          1770.5 1
             :
          1773.5 1
             :
          1783.5 1
             :
          1786.5 1
          1787.5 1
          1788.5 1
             :
          1794.5 2
          1795.5 1
             :
          1799.5 2
             :
          1801.5 1
             :
          1803.5 1
          1804.5 2
             :
          1809.5 2
             :
          1811.5 1
             :
          1816.5 1
          1817.5 1
          1818.5 1
          1819.5 1
             :
          1821.5 1
             :
          1823.5 1
             :
          1828.5 1
             :
          1833.5 1
             :
          1836.5 1
             :
          1838.5 1
             :
          1849.5 1
             :
          1851.5 2
             :
          1854.5 1
             :
          1859.5 1
             :
          1861.5 1
             :
          1863.5 2
             :
          1865.5 3
             :
          1879.5 2
             :
          1882.5 1
             :
          1885.5 2
             :
          1896.5 3
             :
          1900.5 1
             :
          1903.5 1
             :
          1906.5 1
             :
          1911.5 1
             :
          1915.5 2
          1916.5 1
             :
          1918.5 1
          1919.5 1
          1920.5 1
          1921.5 1
             :
          1923.5 1
             :
          1925.5 2
          1926.5 1
             :
          1935.5 2
          1936.5 1
             :
          1943.5 1
             :
          1952.5 1
          1953.5 1
             :
          1958.5 1
             :
          1962.5 1
          1963.5 1
             :
          1966.5 1
             :
          1968.5 1
          1969.5 1
          1970.5 1
          1971.5 1
          1972.5 1
          1973.5 1
             :
          1975.5 1
          1976.5 1
          1977.5 1
          1978.5 1
             :
          1980.5 2
             :
          1982.5 1
          1983.5 1
          1984.5 1
             :
          1994.5 1
             :
          1996.5 1
             :
          1998.5 1
          1999.5 2
          2000.5 1
             :
          2002.5 1
             :
          2004.5 1
             :
          2006.5 2
             :
          2011.5 1
             :
          2014.5 1
             :
          2019.5 1
             :
          2024.5 2
             :
          2027.5 1
             :
          2030.5 1
          2031.5 1
             :
          2036.5 1
             :
          2043.5 1
             :
          2047.5 3
             :
          2049.5 1
             :
          2061.5 1
             :
          2067.5 1
             :
          2069.5 1
          2070.5 1
             :
          2076.5 3
             :
          2079.5 1
          2080.5 1
             :
          2083.5 1
             :
          2087.5 1
             :
          2090.5 2
             :
          2100.5 1
             :
          2104.5 1
             :
          2107.5 2
             :
          2111.5 1
          2112.5 1
             :
          2117.5 1
             :
          2120.5 1
             :
          2123.5 1
          2124.5 1
             :
          2126.5 1
             :
          2154.5 1
             :
          2156.5 1
             :
          2159.5 1
             :
          2165.5 1
             :
          2168.5 1
             :
          2172.5 2
             :
          2176.5 2
             :
          2179.5 2
             :
          2185.5 2
             :
          2192.5 2
             :
          2202.5 1
             :
          2205.5 1
          2206.5 1
             :
          2211.5 1
             :
          2214.5 1
             :
          2221.5 1
             :
          2224.5 1
             :
          2243.5 1
             :
          2245.5 1
             :
          2248.5 2
             :
          2250.5 1
          2251.5 1
             :
          2254.5 1
             :
          2266.5 1
          2267.5 1
          2268.5 1
             :
          2272.5 1
             :
          2274.5 1
             :
          2277.5 1
             :
          2280.5 1
             :
          2312.5 1
             :
          2319.5 1
             :
          2321.5 1
             :
          2325.5 1
             :
          2331.5 1
             :
          2338.5 1
             :
          2340.5 1
             :
          2342.5 1
          2343.5 1
             :
          2348.5 1
             :
          2350.5 1
          2351.5 1
             :
          2354.5 2
             :
          2357.5 1
             :
          2365.5 1
             :
          2370.5 1
          2371.5 1
             :
          2378.5 1
             :
          2386.5 1
          2387.5 1
             :
          2391.5 1
             :
          2393.5 1
          2394.5 1
          2395.5 2
             :
          2398.5 1
             :
          2403.5 1
             :
          2406.5 1
             :
          2410.5 1
          2411.5 1
             :
          2413.5 1
             :
          2415.5 1
             :
          2418.5 1
             :
          2421.5 1
          2422.5 1
             :
          2433.5 1
             :
          2438.5 1
             :
          2441.5 1
          2442.5 1
             :
          2451.5 1
             :
          2454.5 1
             :
          2460.5 1
             :
          2463.5 1
             :
          2470.5 1
             :
          2480.5 1
             :
          2485.5 1
             :
          2495.5 1
             :
          2500.5 1
             :
          2507.5 1
             :
          2514.5 1
             :
          2516.5 2
             :
          2524.5 1
          2525.5 2
             :
          2532.5 1
             :
          2535.5 1
          2536.5 1
             :
          2540.5 1
             :
          2546.5 1
          2547.5 1
             :
          2550.5 1
             :
          2552.5 1
          2553.5 2
             :
          2555.5 2
          2556.5 1
          2557.5 2
          2558.5 1
             :
          2566.5 1
             :
          2571.5 1
             :
          2575.5 1
             :
          2579.5 1
             :
          2585.5 1
             :
          2596.5 1
             :
          2612.5 1
             :
          2620.5 1
             :
          2626.5 1
             :
          2632.5 1
             :
          2650.5 1
             :
          2673.5 1
          2674.5 1
             :
          2679.5 2
             :
          2682.5 2
             :
          2690.5 1
             :
          2699.5 1
             :
          2721.5 1
             :
          2726.5 2
             :
          2744.5 1
             :
          2750.5 1
          2751.5 1
             :
          2756.5 1
             :
          2768.5 1
             :
          2771.5 1
             :
          2776.5 1
             :
          2781.5 1
             :
          2784.5 1
             :
          2791.5 1
             :
          2800.5 1
             :
          2803.5 1
             :
          2806.5 2
             :
          2813.5 1
             :
          2816.5 1
             :
          2833.5 1
             :
          2842.5 1
             :
          2845.5 1
             :
          2853.5 1
             :
          2859.5 1
             :
          2866.5 1
             :
          2876.5 1
             :
          2894.5 1
             :
          2910.5 1
             :
          2925.5 1
             :
          2980.5 1
             :
          2997.5 1
             :
          3072.5 1
             :
          3204.5 1
             :
          3250.5 1
             :
          3419.5 1
             :
          3480.5 1
             :
          3497.5 1
             :
          3534.5 1

Total: connections 5760 requests 5760 replies 5759 test-duration 240.204 s

Connection rate: 24.0 conn/s (41.7 ms/conn, <=66 concurrent connections)
Connection time [ms]: min 9.9 avg 265.0 max 3534.8 median 16.5 stddev 583.9
Connection time [ms]: connect 3.2
Connection length [replies/conn]: 1.000

Request rate: 24.0 req/s (41.7 ms/req)
Request size [B]: 67.0

Reply rate [replies/s]: min 4.0 avg 24.0 max 50.0 stddev 4.2 (240 samples)
Percentages of the replies served at a given rate:
   50%: 23
   66%: 23
   75%: 24
   80%: 24
   90%: 25
   95%: 29
   98%: 36
   99%: 38
  100%: 50

Reply time [ms]: response 248.7 transfer 13.0
Percentages of the requests served within a certain time (ms) :
   50%: 14
   66%: 21
   75%: 70
   80%: 113
   90%: 919
   95%: 1733
   98%: 2265
   99%: 2525
  100%: 3529

Reply size [B]: header 163.0 content 72.0 footer 1.0 (total 236.0)
Reply status: 1xx=0 2xx=5759 3xx=0 4xx=0 5xx=0

CPU time [s]: user 185.53 system 54.21 (user 77.2% system 22.6% total 99.8%)
Net I/O: 7.1 KB/s (0.1*10^6 bps)

Errors: total 1 client-timo 0 socket-timo 0 connrefused 0 connreset 1
Errors: fd-unavail 0 addrunavail 0 ftab-full 0 other 0

