httperf --verbose --hog --timeout=50 --client=0/1 --server=172.16.116.116 --port=8080 --uri=/ --rate=8 --send-buffer=4096 --recv-buffer=16384 --num-conns=1440 --num-calls=1
httperf: maximum number of open descriptors = 65535
Maximum connect burst length: 1

Connection lifetime histogram (time in ms):
             :
            10.5 57
            11.5 279
            12.5 171
            13.5 143
            14.5 124
            15.5 112
            16.5 162
            17.5 119
            18.5 75
            19.5 44
            20.5 31
            21.5 29
            22.5 16
            23.5 9
            24.5 10
            25.5 5
            26.5 8
            27.5 4
            28.5 1
            29.5 2
             :
            33.5 1
             :
            45.5 1
             :
            51.5 1
             :
            72.5 1
            73.5 1
             :
            95.5 1
             :
           130.5 1
             :
           141.5 1
             :
           147.5 1
           148.5 1
             :
           170.5 1
             :
           177.5 1
             :
           193.5 1
             :
           197.5 1
             :
           200.5 1
             :
           203.5 1
             :
           207.5 1
           208.5 1
           209.5 1
             :
           215.5 1
             :
           219.5 2
             :
           225.5 1
             :
           227.5 2
             :
           229.5 1
             :
           232.5 1
             :
           245.5 1
             :
           252.5 1
             :
           254.5 1
             :
           257.5 1
             :
           260.5 1
             :
           267.5 1
             :
           274.5 1
           275.5 1
             :
           290.5 1
             :
           295.5 1
             :
           304.5 1
             :
           312.5 1

Total: connections 1440 requests 1440 replies 1440 test-duration 179.897 s

Connection rate: 8.0 conn/s (124.9 ms/conn, <=2 concurrent connections)
Connection time [ms]: min 10.2 avg 20.0 max 312.9 median 14.5 stddev 32.5
Connection time [ms]: connect 0.9
Connection length [replies/conn]: 1.000

Request rate: 8.0 req/s (124.9 ms/req)
Request size [B]: 67.0

Reply rate [replies/s]: min 7.0 avg 8.0 max 9.0 stddev 0.3 (179 samples)
Percentages of the replies served at a given rate:
   50%: 7
   66%: 7
   75%: 7
   80%: 7
   90%: 7
   95%: 8
   98%: 8
   99%: 8
  100%: 9

Reply time [ms]: response 18.0 transfer 1.0
Percentages of the requests served within a certain time (ms) :
   50%: 12
   66%: 14
   75%: 15
   80%: 16
   90%: 18
   95%: 21
   98%: 146
   99%: 209
  100%: 311

Reply size [B]: header 162.0 content 72.0 footer 1.0 (total 235.0)
Reply status: 1xx=0 2xx=1440 3xx=0 4xx=0 5xx=0

CPU time [s]: user 152.54 system 27.08 (user 84.8% system 15.1% total 99.8%)
Net I/O: 2.4 KB/s (0.0*10^6 bps)

Errors: total 0 client-timo 0 socket-timo 0 connrefused 0 connreset 0
Errors: fd-unavail 0 addrunavail 0 ftab-full 0 other 0

