httperf --verbose --hog --timeout=50 --client=0/1 --server=172.16.116.116 --port=8080 --uri=/ --rate=1 --send-buffer=4096 --recv-buffer=16384 --num-conns=20 --num-calls=1
httperf: maximum number of open descriptors = 65535
Maximum connect burst length: 1

Connection lifetime histogram (time in ms):
             :
            58.5 1
             :
            77.5 1
             :
            79.5 1
             :
            88.5 1
             :
            94.5 1
             :
            99.5 1
             :
           101.5 1
             :
           105.5 1
           106.5 1
             :
           109.5 1
           110.5 1
             :
           114.5 1
             :
           125.5 2
             :
           149.5 1
           150.5 1
             :
           153.5 1
             :
           165.5 1
             :
           191.5 1
           192.5 1

Total: connections 20 requests 20 replies 20 test-duration 19.094 s

Connection rate: 1.0 conn/s (954.7 ms/conn, <=1 concurrent connections)
Connection time [ms]: min 58.5 avg 119.9 max 192.9 median 109.5 stddev 36.7
Connection time [ms]: connect 1.0
Connection length [replies/conn]: 1.000

Request rate: 1.0 req/s (954.7 ms/req)
Request size [B]: 67.0

Reply rate [replies/s]: min 1.0 avg 1.0 max 1.0 stddev 0.0 (19 samples)
Percentages of the replies served at a given rate:
   50%: 1
   66%: 1
   75%: 1
   80%: 1
   90%: 1
   95%: 1
   98%: 1
   99%: 1
  100%: 1

Reply time [ms]: response 111.0 transfer 7.8
Percentages of the requests served within a certain time (ms) :
   50%: 99
   66%: 116
   75%: 144
   80%: 145
   90%: 159
   95%: 164
   98%: 191
   99%: 191
  100%: 191

Reply size [B]: header 163.0 content 72.0 footer 2.0 (total 237.0)
Reply status: 1xx=0 2xx=20 3xx=0 4xx=0 5xx=0

CPU time [s]: user 16.55 system 2.52 (user 86.7% system 13.2% total 99.9%)
Net I/O: 0.3 KB/s (0.0*10^6 bps)

Errors: total 0 client-timo 0 socket-timo 0 connrefused 0 connreset 0
Errors: fd-unavail 0 addrunavail 0 ftab-full 0 other 0

