httperf --verbose --hog --timeout=3 --client=0/1 --server=172.17.60.201 --port=80 --uri=/ --rate=8 --send-buffer=4096 --recv-buffer=16384 --num-conns=500 --num-calls=1
httperf: maximum number of open descriptors = 4096
Maximum connect burst length: 1

Connection lifetime histogram (time in ms):
             :
             7.5 4
             8.5 11
             9.5 11
            10.5 31
            11.5 49
            12.5 45
            13.5 36
            14.5 40
            15.5 51
            16.5 57
            17.5 44
            18.5 27
            19.5 16
            20.5 14
            21.5 14
            22.5 15
            23.5 6
            24.5 9
            25.5 5
            26.5 3
             :
            28.5 3
            29.5 1
            30.5 2
             :
            32.5 1
             :
            38.5 1

Total: connections 500 requests 500 replies 496 test-duration 62.387 s

Connection rate: 8.0 conn/s (124.8 ms/conn, <=3 concurrent connections)
Connection time [ms]: min 7.5 avg 15.7 max 38.6 median 15.5 stddev 4.4
Connection time [ms]: connect 2.1
Connection length [replies/conn]: 1.000

Request rate: 8.0 req/s (124.8 ms/req)
Request size [B]: 66.0

Reply rate [replies/s]: min 7.0 avg 7.9 max 8.0 stddev 0.2 (62 samples)
Percentages of the replies served at a given rate:
   50%: 7
   66%: 7
   75%: 7
   80%: 7
   90%: 7
   95%: 7
   98%: 7
   99%: 7
  100%: 8

Reply time [ms]: response 13.3 transfer 0.1
Percentages of the requests served within a certain time (ms) :
   50%: 12
   66%: 14
   75%: 15
   80%: 16
   90%: 18
   95%: 20
   98%: 23
   99%: 27
  100%: 38

Reply size [B]: header 167.0 content 59.0 footer 0.0 (total 226.0)
Reply status: 1xx=0 2xx=496 3xx=0 4xx=0 5xx=0

CPU time [s]: user 39.76 system 22.53 (user 63.7% system 36.1% total 99.9%)
Net I/O: 2.3 KB/s (0.0*10^6 bps)

Errors: total 4 client-timo 4 socket-timo 0 connrefused 0 connreset 0
Errors: fd-unavail 0 addrunavail 0 ftab-full 0 other 0

