httperf --verbose --hog --timeout=50 --client=0/1 --server=172.16.116.116 --port=8080 --uri=/ --rate=24 --send-buffer=4096 --recv-buffer=16384 --num-conns=14400 --num-calls=1
httperf: maximum number of open descriptors = 65535
Maximum connect burst length: 1

Connection lifetime histogram (time in ms):
             :
            10.5 1227
            11.5 2792
            12.5 2058
            13.5 1623
            14.5 1300
            15.5 1490
            16.5 1331
            17.5 685
            18.5 421
            19.5 323
            20.5 273
            21.5 238
            22.5 155
            23.5 98
            24.5 54
            25.5 32
            26.5 9
            27.5 19
            28.5 12
            29.5 6
            30.5 7
            31.5 4
            32.5 3
            33.5 1
            34.5 2
             :
            36.5 1
             :
            38.5 2
            39.5 1
            40.5 1
             :
            45.5 1
            46.5 1
             :
            48.5 1
            49.5 1
             :
            53.5 1
             :
            57.5 2
             :
            62.5 1
             :
            65.5 1
             :
            68.5 2
            69.5 1
            70.5 1
             :
            73.5 1
             :
            82.5 1
             :
            85.5 1
             :
            90.5 1
             :
            93.5 1
            94.5 1
            95.5 1
             :
            98.5 1
             :
           100.5 1
             :
           106.5 1
             :
           113.5 1
             :
           116.5 1
           117.5 1
           118.5 2
           119.5 2
             :
           121.5 1
             :
           125.5 2
           126.5 1
           127.5 1
             :
           132.5 1
           133.5 1
             :
           136.5 4
             :
           138.5 1
             :
           140.5 1
           141.5 1
             :
           144.5 1
             :
           147.5 1
             :
           149.5 1
           150.5 1
           151.5 1
             :
           153.5 1
             :
           156.5 1
           157.5 1
           158.5 1
             :
           162.5 2
             :
           164.5 1
           165.5 2
             :
           167.5 1
           168.5 1
             :
           170.5 1
             :
           172.5 1
           173.5 1
             :
           177.5 1
           178.5 2
           179.5 1
             :
           181.5 2
             :
           183.5 1
           184.5 1
           185.5 1
           186.5 1
             :
           188.5 1
           189.5 3
           190.5 3
           191.5 2
             :
           196.5 2
           197.5 4
           198.5 1
             :
           201.5 2
           202.5 1
           203.5 1
             :
           205.5 2
           206.5 3
             :
           209.5 1
             :
           212.5 1
             :
           215.5 1
           216.5 1
             :
           218.5 1
           219.5 2
           220.5 1
           221.5 1
           222.5 3
           223.5 1
           224.5 1
           225.5 1
           226.5 1
           227.5 2
           228.5 2
           229.5 2
             :
           232.5 2
           233.5 1
           234.5 3
           235.5 1
           236.5 3
             :
           238.5 1
           239.5 1
           240.5 2
           241.5 1
           242.5 2
           243.5 2
           244.5 3
           245.5 1
           246.5 1
           247.5 2
           248.5 1
           249.5 1
             :
           252.5 4
           253.5 1
           254.5 1
           255.5 1
             :
           258.5 1
           259.5 1
           260.5 3
             :
           262.5 1
           263.5 2
             :
           267.5 2
           268.5 1
           269.5 1
           270.5 1
             :
           272.5 1
           273.5 4
           274.5 1
             :
           276.5 1
           277.5 2
           278.5 1
             :
           280.5 1
             :
           283.5 2
           284.5 1
           285.5 3
             :
           288.5 2
             :
           290.5 1
             :
           292.5 1
           293.5 1
           294.5 1
             :
           296.5 1
           297.5 1
             :
           300.5 1
             :
           302.5 1
           303.5 1
             :
           307.5 1
             :
           309.5 1
           310.5 1
           311.5 1
             :
           313.5 1
             :
           316.5 1
             :
           318.5 1
             :
           322.5 1
             :
           324.5 1
           325.5 1
             :
           327.5 1
           328.5 1
             :
           332.5 1
           333.5 2
             :
           339.5 1
             :
           341.5 2
             :
           347.5 1
             :
           350.5 1
           351.5 1
           352.5 1
           353.5 2
             :
           356.5 1
             :
           359.5 1
             :
           375.5 3
             :
           377.5 1
             :
           379.5 1
             :
           384.5 1
           385.5 1
             :
           392.5 1
             :
           415.5 1
             :
           421.5 1

Total: connections 14400 requests 14400 replies 14400 test-duration 599.970 s

Connection rate: 24.0 conn/s (41.7 ms/conn, <=3 concurrent connections)
Connection time [ms]: min 10.2 avg 17.7 max 421.8 median 13.5 stddev 28.4
Connection time [ms]: connect 0.7
Connection length [replies/conn]: 1.000

Request rate: 24.0 req/s (41.7 ms/req)
Request size [B]: 67.0

Reply rate [replies/s]: min 23.0 avg 24.0 max 25.0 stddev 0.4 (599 samples)
Percentages of the replies served at a given rate:
   50%: 23
   66%: 23
   75%: 23
   80%: 23
   90%: 23
   95%: 24
   98%: 24
   99%: 24
  100%: 25

Reply time [ms]: response 16.3 transfer 0.7
Percentages of the requests served within a certain time (ms) :
   50%: 12
   66%: 14
   75%: 14
   80%: 15
   90%: 17
   95%: 19
   98%: 23
   99%: 187
  100%: 421

Reply size [B]: header 162.0 content 72.0 footer 1.0 (total 235.0)
Reply status: 1xx=0 2xx=14400 3xx=0 4xx=0 5xx=0

CPU time [s]: user 495.01 system 103.74 (user 82.5% system 17.3% total 99.8%)
Net I/O: 7.1 KB/s (0.1*10^6 bps)

Errors: total 0 client-timo 0 socket-timo 0 connrefused 0 connreset 0
Errors: fd-unavail 0 addrunavail 0 ftab-full 0 other 0

