httperf --hog --timeout=1 --client=0/1 --server=172.17.60.201 --port=80 --uri=/ --rate=20 --send-buffer=4096 --recv-buffer=16384 --num-conns=2000 --num-calls=1
Maximum connect burst length: 1

Total: connections 2000 requests 2000 replies 2000 test-duration 99.985 s

Connection rate: 20.0 conn/s (50.0 ms/conn, <=1 concurrent connections)
Connection time [ms]: min 0.5 avg 1.5 max 35.0 median 0.5 stddev 1.8
Connection time [ms]: connect 0.5
Connection length [replies/conn]: 1.000

Request rate: 20.0 req/s (50.0 ms/req)
Request size [B]: 66.0

Reply rate [replies/s]: min 20.0 avg 20.0 max 20.0 stddev 0.0 (19 samples)
Reply time [ms]: response 1.0 transfer 0.0
Reply size [B]: header 266.0 content 76.0 footer 0.0 (total 342.0)
Reply status: 1xx=0 2xx=2000 3xx=0 4xx=0 5xx=0

CPU time [s]: user 45.23 system 54.60 (user 45.2% system 54.6% total 99.9%)
Net I/O: 8.0 KB/s (0.1*10^6 bps)

Errors: total 0 client-timo 0 socket-timo 0 connrefused 0 connreset 0
Errors: fd-unavail 0 addrunavail 0 ftab-full 0 other 0

httperf --hog --timeout=1 --client=0/1 --server=172.17.60.201 --port=80 --uri=/ --rate=40 --send-buffer=4096 --recv-buffer=16384 --num-conns=2000 --num-calls=1
Maximum connect burst length: 1

Total: connections 2000 requests 1970 replies 1909 test-duration 51.747 s

Connection rate: 38.6 conn/s (25.9 ms/conn, <=50 concurrent connections)
Connection time [ms]: min 0.5 avg 4.6 max 1995.7 median 0.5 stddev 78.5
Connection time [ms]: connect 10.8
Connection length [replies/conn]: 1.000

Request rate: 38.1 req/s (26.3 ms/req)
Request size [B]: 66.0

Reply rate [replies/s]: min 21.8 avg 38.1 max 40.0 stddev 5.7 (10 samples)
Reply time [ms]: response 2.4 transfer 0.0
Reply size [B]: header 266.0 content 76.0 footer 0.0 (total 342.0)
Reply status: 1xx=0 2xx=1909 3xx=0 4xx=0 5xx=0

CPU time [s]: user 20.78 system 30.87 (user 40.2% system 59.7% total 99.8%)
Net I/O: 14.8 KB/s (0.1*10^6 bps)

Errors: total 91 client-timo 91 socket-timo 0 connrefused 0 connreset 0
Errors: fd-unavail 0 addrunavail 0 ftab-full 0 other 0

httperf --hog --timeout=1 --client=0/1 --server=172.17.60.201 --port=80 --uri=/ --rate=60 --send-buffer=4096 --recv-buffer=16384 --num-conns=2000 --num-calls=1
Maximum connect burst length: 1

Total: connections 2000 requests 1951 replies 1900 test-duration 34.917 s

Connection rate: 57.3 conn/s (17.5 ms/conn, <=28 concurrent connections)
Connection time [ms]: min 0.7 avg 13.5 max 1956.1 median 3.5 stddev 107.1
Connection time [ms]: connect 13.1
Connection length [replies/conn]: 1.000

Request rate: 55.9 req/s (17.9 ms/req)
Request size [B]: 66.0

Reply rate [replies/s]: min 49.8 avg 58.1 max 60.0 stddev 4.1 (6 samples)
Reply time [ms]: response 9.6 transfer 0.0
Reply size [B]: header 266.0 content 76.0 footer 0.0 (total 342.0)
Reply status: 1xx=0 2xx=1900 3xx=0 4xx=0 5xx=0

CPU time [s]: user 11.90 system 22.92 (user 34.1% system 65.7% total 99.7%)
Net I/O: 21.8 KB/s (0.2*10^6 bps)

Errors: total 100 client-timo 100 socket-timo 0 connrefused 0 connreset 0
Errors: fd-unavail 0 addrunavail 0 ftab-full 0 other 0

httperf --hog --timeout=1 --client=0/1 --server=172.17.60.201 --port=80 --uri=/ --rate=80 --send-buffer=4096 --recv-buffer=16384 --num-conns=2000 --num-calls=1
Maximum connect burst length: 1

Total: connections 2000 requests 1997 replies 1979 test-duration 26.625 s

Connection rate: 75.1 conn/s (13.3 ms/conn, <=17 concurrent connections)
Connection time [ms]: min 0.6 avg 10.9 max 877.6 median 5.5 stddev 52.7
Connection time [ms]: connect 3.8
Connection length [replies/conn]: 1.000

Request rate: 75.0 req/s (13.3 ms/req)
Request size [B]: 66.0

Reply rate [replies/s]: min 75.8 avg 79.2 max 80.0 stddev 1.9 (5 samples)
Reply time [ms]: response 8.1 transfer 0.0
Reply size [B]: header 265.0 content 76.0 footer 0.0 (total 341.0)
Reply status: 1xx=0 2xx=1979 3xx=0 4xx=0 5xx=0

CPU time [s]: user 9.34 system 17.20 (user 35.1% system 64.6% total 99.7%)
Net I/O: 29.7 KB/s (0.2*10^6 bps)

Errors: total 21 client-timo 21 socket-timo 0 connrefused 0 connreset 0
Errors: fd-unavail 0 addrunavail 0 ftab-full 0 other 0

httperf --hog --timeout=1 --client=0/1 --server=172.17.60.201 --port=80 --uri=/ --rate=100 --send-buffer=4096 --recv-buffer=16384 --num-conns=2000 --num-calls=1
Maximum connect burst length: 2

Total: connections 2000 requests 1977 replies 1955 test-duration 21.642 s

Connection rate: 92.4 conn/s (10.8 ms/conn, <=24 concurrent connections)
Connection time [ms]: min 0.7 avg 14.1 max 1977.2 median 6.5 stddev 100.4
Connection time [ms]: connect 5.7
Connection length [replies/conn]: 1.000

Request rate: 91.3 req/s (10.9 ms/req)
Request size [B]: 66.0

Reply rate [replies/s]: min 89.8 avg 97.5 max 100.4 stddev 5.1 (4 samples)
Reply time [ms]: response 8.8 transfer 0.0
Reply size [B]: header 266.0 content 76.0 footer 0.0 (total 342.0)
Reply status: 1xx=0 2xx=1955 3xx=0 4xx=0 5xx=0

CPU time [s]: user 6.72 system 14.85 (user 31.0% system 68.6% total 99.7%)
Net I/O: 36.2 KB/s (0.3*10^6 bps)

Errors: total 45 client-timo 45 socket-timo 0 connrefused 0 connreset 0
Errors: fd-unavail 0 addrunavail 0 ftab-full 0 other 0

httperf --hog --timeout=1 --client=0/1 --server=172.17.60.201 --port=80 --uri=/ --rate=120 --send-buffer=4096 --recv-buffer=16384 --num-conns=2000 --num-calls=1
Maximum connect burst length: 2

Total: connections 2000 requests 1990 replies 1963 test-duration 18.125 s

Connection rate: 110.3 conn/s (9.1 ms/conn, <=21 concurrent connections)
Connection time [ms]: min 0.8 avg 9.4 max 1824.1 median 6.5 stddev 47.9
Connection time [ms]: connect 6.0
Connection length [replies/conn]: 1.000

Request rate: 109.8 req/s (9.1 ms/req)
Request size [B]: 66.0

Reply rate [replies/s]: min 116.8 avg 118.9 max 120.0 stddev 1.8 (3 samples)
Reply time [ms]: response 5.4 transfer 0.0
Reply size [B]: header 266.0 content 76.0 footer 0.0 (total 342.0)
Reply status: 1xx=0 2xx=1963 3xx=0 4xx=0 5xx=0

CPU time [s]: user 5.55 system 12.50 (user 30.6% system 69.0% total 99.6%)
Net I/O: 43.4 KB/s (0.4*10^6 bps)

Errors: total 37 client-timo 37 socket-timo 0 connrefused 0 connreset 0
Errors: fd-unavail 0 addrunavail 0 ftab-full 0 other 0

httperf --hog --timeout=1 --client=0/1 --server=172.17.60.201 --port=80 --uri=/ --rate=140 --send-buffer=4096 --recv-buffer=16384 --num-conns=2000 --num-calls=1
Maximum connect burst length: 1

Total: connections 2000 requests 1989 replies 1968 test-duration 16.271 s

Connection rate: 122.9 conn/s (8.1 ms/conn, <=33 concurrent connections)
Connection time [ms]: min 0.7 avg 14.7 max 1951.3 median 7.5 stddev 83.3
Connection time [ms]: connect 9.2
Connection length [replies/conn]: 1.000

Request rate: 122.2 req/s (8.2 ms/req)
Request size [B]: 66.0

Reply rate [replies/s]: min 113.0 avg 130.9 max 140.0 stddev 15.5 (3 samples)
Reply time [ms]: response 10.5 transfer 0.0
Reply size [B]: header 266.0 content 76.0 footer 0.0 (total 342.0)
Reply status: 1xx=0 2xx=1968 3xx=0 4xx=0 5xx=0

CPU time [s]: user 4.66 system 11.55 (user 28.7% system 71.0% total 99.6%)
Net I/O: 48.4 KB/s (0.4*10^6 bps)

Errors: total 32 client-timo 32 socket-timo 0 connrefused 0 connreset 0
Errors: fd-unavail 0 addrunavail 0 ftab-full 0 other 0

httperf --hog --timeout=1 --client=0/1 --server=172.17.60.201 --port=80 --uri=/ --rate=160 --send-buffer=4096 --recv-buffer=16384 --num-conns=2000 --num-calls=1
Maximum connect burst length: 1

Total: connections 2000 requests 1970 replies 1929 test-duration 14.394 s

Connection rate: 138.9 conn/s (7.2 ms/conn, <=52 concurrent connections)
Connection time [ms]: min 0.8 avg 21.3 max 1995.8 median 10.5 stddev 85.3
Connection time [ms]: connect 9.2
Connection length [replies/conn]: 1.000

Request rate: 136.9 req/s (7.3 ms/req)
Request size [B]: 66.0

Reply rate [replies/s]: min 157.2 avg 158.7 max 160.2 stddev 2.1 (2 samples)
Reply time [ms]: response 15.1 transfer 0.0
Reply size [B]: header 266.0 content 76.0 footer 0.0 (total 342.0)
Reply status: 1xx=0 2xx=1929 3xx=0 4xx=0 5xx=0

CPU time [s]: user 3.24 system 11.09 (user 22.5% system 77.1% total 99.6%)
Net I/O: 53.8 KB/s (0.4*10^6 bps)

Errors: total 71 client-timo 71 socket-timo 0 connrefused 0 connreset 0
Errors: fd-unavail 0 addrunavail 0 ftab-full 0 other 0

httperf --hog --timeout=1 --client=0/1 --server=172.17.60.201 --port=80 --uri=/ --rate=180 --send-buffer=4096 --recv-buffer=16384 --num-conns=2000 --num-calls=1
Maximum connect burst length: 2

Total: connections 2000 requests 1992 replies 1961 test-duration 12.190 s

Connection rate: 164.1 conn/s (6.1 ms/conn, <=36 concurrent connections)
Connection time [ms]: min 0.8 avg 14.1 max 1771.3 median 8.5 stddev 75.8
Connection time [ms]: connect 6.1
Connection length [replies/conn]: 1.000

Request rate: 163.4 req/s (6.1 ms/req)
Request size [B]: 66.0

Reply rate [replies/s]: min 178.4 avg 179.1 max 179.8 stddev 1.0 (2 samples)
Reply time [ms]: response 8.5 transfer 0.0
Reply size [B]: header 266.0 content 76.0 footer 0.0 (total 342.0)
Reply status: 1xx=0 2xx=1961 3xx=0 4xx=0 5xx=0

CPU time [s]: user 2.98 system 9.15 (user 24.5% system 75.1% total 99.6%)
Net I/O: 64.5 KB/s (0.5*10^6 bps)

Errors: total 39 client-timo 39 socket-timo 0 connrefused 0 connreset 0
Errors: fd-unavail 0 addrunavail 0 ftab-full 0 other 0

httperf --hog --timeout=1 --client=0/1 --server=172.17.60.201 --port=80 --uri=/ --rate=200 --send-buffer=4096 --recv-buffer=16384 --num-conns=2000 --num-calls=1
Maximum connect burst length: 2

Total: connections 2000 requests 1956 replies 1940 test-duration 11.584 s

Connection rate: 172.7 conn/s (5.8 ms/conn, <=44 concurrent connections)
Connection time [ms]: min 0.9 avg 18.9 max 1980.0 median 9.5 stddev 118.3
Connection time [ms]: connect 9.0
Connection length [replies/conn]: 1.000

Request rate: 168.9 req/s (5.9 ms/req)
Request size [B]: 66.0

Reply rate [replies/s]: min 186.4 avg 193.2 max 200.0 stddev 9.6 (2 samples)
Reply time [ms]: response 10.9 transfer 0.0
Reply size [B]: header 266.0 content 76.0 footer 0.0 (total 342.0)
Reply status: 1xx=0 2xx=1940 3xx=0 4xx=0 5xx=0

CPU time [s]: user 2.53 system 9.00 (user 21.8% system 77.7% total 99.5%)
Net I/O: 67.1 KB/s (0.5*10^6 bps)

Errors: total 60 client-timo 60 socket-timo 0 connrefused 0 connreset 0
Errors: fd-unavail 0 addrunavail 0 ftab-full 0 other 0

httperf --hog --timeout=1 --client=0/1 --server=172.17.60.201 --port=80 --uri=/ --rate=220 --send-buffer=4096 --recv-buffer=16384 --num-conns=2000 --num-calls=1
Maximum connect burst length: 2

Total: connections 2000 requests 1963 replies 1925 test-duration 11.073 s

Connection rate: 180.6 conn/s (5.5 ms/conn, <=56 concurrent connections)
Connection time [ms]: min 1.0 avg 11.7 max 54.0 median 10.5 stddev 7.1
Connection time [ms]: connect 9.0
Connection length [replies/conn]: 1.000

Request rate: 177.3 req/s (5.6 ms/req)
Request size [B]: 66.0

Reply rate [replies/s]: min 165.2 avg 192.5 max 219.8 stddev 38.6 (2 samples)
Reply time [ms]: response 7.3 transfer 0.0
Reply size [B]: header 267.0 content 77.0 footer 0.0 (total 344.0)
Reply status: 1xx=0 2xx=1925 3xx=0 4xx=0 5xx=0

CPU time [s]: user 2.52 system 8.49 (user 22.8% system 76.7% total 99.5%)
Net I/O: 69.8 KB/s (0.6*10^6 bps)

Errors: total 75 client-timo 75 socket-timo 0 connrefused 0 connreset 0
Errors: fd-unavail 0 addrunavail 0 ftab-full 0 other 0

httperf --hog --timeout=1 --client=0/1 --server=172.17.60.201 --port=80 --uri=/ --rate=240 --send-buffer=4096 --recv-buffer=16384 --num-conns=2000 --num-calls=1
Maximum connect burst length: 3

Total: connections 2000 requests 1963 replies 1940 test-duration 10.083 s

Connection rate: 198.4 conn/s (5.0 ms/conn, <=62 concurrent connections)
Connection time [ms]: min 1.0 avg 17.3 max 1995.0 median 10.5 stddev 93.8
Connection time [ms]: connect 9.2
Connection length [replies/conn]: 1.000

Request rate: 194.7 req/s (5.1 ms/req)
Request size [B]: 66.0

Reply rate [replies/s]: min 148.6 avg 194.0 max 239.4 stddev 64.2 (2 samples)
Reply time [ms]: response 10.6 transfer 0.0
Reply size [B]: header 266.0 content 76.0 footer 0.0 (total 342.0)
Reply status: 1xx=0 2xx=1940 3xx=0 4xx=0 5xx=0

CPU time [s]: user 2.06 system 7.97 (user 20.4% system 79.1% total 99.5%)
Net I/O: 77.1 KB/s (0.6*10^6 bps)

Errors: total 60 client-timo 60 socket-timo 0 connrefused 0 connreset 0
Errors: fd-unavail 0 addrunavail 0 ftab-full 0 other 0

httperf --hog --timeout=1 --client=0/1 --server=172.17.60.201 --port=80 --uri=/ --rate=260 --send-buffer=4096 --recv-buffer=16384 --num-conns=2000 --num-calls=1
Maximum connect burst length: 4

Total: connections 2000 requests 1921 replies 1907 test-duration 8.919 s

Connection rate: 224.2 conn/s (4.5 ms/conn, <=64 concurrent connections)
Connection time [ms]: min 0.8 avg 17.4 max 100.2 median 13.5 stddev 15.5
Connection time [ms]: connect 5.5
Connection length [replies/conn]: 1.000

Request rate: 215.4 req/s (4.6 ms/req)
Request size [B]: 66.0

Reply rate [replies/s]: min 256.8 avg 256.8 max 256.8 stddev 0.0 (1 samples)
Reply time [ms]: response 12.5 transfer 0.0
Reply size [B]: header 267.0 content 77.0 footer 0.0 (total 344.0)
Reply status: 1xx=0 2xx=1907 3xx=0 4xx=0 5xx=0

CPU time [s]: user 1.50 system 7.38 (user 16.8% system 82.7% total 99.5%)
Net I/O: 85.7 KB/s (0.7*10^6 bps)

Errors: total 93 client-timo 93 socket-timo 0 connrefused 0 connreset 0
Errors: fd-unavail 0 addrunavail 0 ftab-full 0 other 0

httperf --hog --timeout=1 --client=0/1 --server=172.17.60.201 --port=80 --uri=/ --rate=280 --send-buffer=4096 --recv-buffer=16384 --num-conns=2000 --num-calls=1
Maximum connect burst length: 3

Total: connections 2000 requests 1944 replies 1919 test-duration 8.551 s

Connection rate: 233.9 conn/s (4.3 ms/conn, <=68 concurrent connections)
Connection time [ms]: min 1.4 avg 23.2 max 75.0 median 17.5 stddev 16.3
Connection time [ms]: connect 7.4
Connection length [replies/conn]: 1.000

Request rate: 227.4 req/s (4.4 ms/req)
Request size [B]: 66.0

Reply rate [replies/s]: min 279.0 avg 279.0 max 279.0 stddev 0.0 (1 samples)
Reply time [ms]: response 17.8 transfer 0.0
Reply size [B]: header 267.0 content 77.0 footer 0.0 (total 344.0)
Reply status: 1xx=0 2xx=1919 3xx=0 4xx=0 5xx=0

CPU time [s]: user 1.25 system 7.26 (user 14.6% system 84.9% total 99.5%)
Net I/O: 90.0 KB/s (0.7*10^6 bps)

Errors: total 81 client-timo 81 socket-timo 0 connrefused 0 connreset 0
Errors: fd-unavail 0 addrunavail 0 ftab-full 0 other 0

httperf --hog --timeout=1 --client=0/1 --server=172.17.60.201 --port=80 --uri=/ --rate=300 --send-buffer=4096 --recv-buffer=16384 --num-conns=2000 --num-calls=1
Maximum connect burst length: 3

Total: connections 2000 requests 1916 replies 1891 test-duration 8.369 s

Connection rate: 239.0 conn/s (4.2 ms/conn, <=78 concurrent connections)
Connection time [ms]: min 1.2 avg 42.1 max 1015.1 median 25.5 stddev 59.5
Connection time [ms]: connect 11.1
Connection length [replies/conn]: 1.000

Request rate: 228.9 req/s (4.4 ms/req)
Request size [B]: 66.0

Reply rate [replies/s]: min 292.4 avg 292.4 max 292.4 stddev 0.0 (1 samples)
Reply time [ms]: response 34.1 transfer 0.0
Reply size [B]: header 267.0 content 77.0 footer 0.0 (total 344.0)
Reply status: 1xx=0 2xx=1891 3xx=0 4xx=0 5xx=0

CPU time [s]: user 0.97 system 7.35 (user 11.6% system 87.8% total 99.4%)
Net I/O: 90.7 KB/s (0.7*10^6 bps)

Errors: total 109 client-timo 109 socket-timo 0 connrefused 0 connreset 0
Errors: fd-unavail 0 addrunavail 0 ftab-full 0 other 0

httperf --hog --timeout=1 --client=0/1 --server=172.17.60.201 --port=80 --uri=/ --rate=320 --send-buffer=4096 --recv-buffer=16384 --num-conns=2000 --num-calls=1
Maximum connect burst length: 2

Total: connections 2000 requests 1774 replies 1733 test-duration 8.146 s

Connection rate: 245.5 conn/s (4.1 ms/conn, <=107 concurrent connections)
Connection time [ms]: min 1.9 avg 107.5 max 1110.9 median 79.5 stddev 158.1
Connection time [ms]: connect 17.4
Connection length [replies/conn]: 1.000

Request rate: 217.8 req/s (4.6 ms/req)
Request size [B]: 66.0

Reply rate [replies/s]: min 280.6 avg 280.6 max 280.6 stddev 0.0 (1 samples)
Reply time [ms]: response 90.4 transfer 0.0
Reply size [B]: header 267.0 content 77.0 footer 0.0 (total 344.0)
Reply status: 1xx=0 2xx=1733 3xx=0 4xx=0 5xx=0

CPU time [s]: user 0.63 system 7.44 (user 7.7% system 91.4% total 99.1%)
Net I/O: 85.5 KB/s (0.7*10^6 bps)

Errors: total 267 client-timo 267 socket-timo 0 connrefused 0 connreset 0
Errors: fd-unavail 0 addrunavail 0 ftab-full 0 other 0

httperf --hog --timeout=1 --client=0/1 --server=172.17.60.201 --port=80 --uri=/ --rate=340 --send-buffer=4096 --recv-buffer=16384 --num-conns=2000 --num-calls=1
Maximum connect burst length: 4

Total: connections 2000 requests 1890 replies 1863 test-duration 7.839 s

Connection rate: 255.1 conn/s (3.9 ms/conn, <=84 concurrent connections)
Connection time [ms]: min 2.2 avg 50.4 max 1066.5 median 27.5 stddev 85.6
Connection time [ms]: connect 11.5
Connection length [replies/conn]: 1.000

Request rate: 241.1 req/s (4.1 ms/req)
Request size [B]: 66.0

Reply rate [replies/s]: min 321.8 avg 321.8 max 321.8 stddev 0.0 (1 samples)
Reply time [ms]: response 41.6 transfer 0.0
Reply size [B]: header 267.0 content 77.0 footer 0.0 (total 344.0)
Reply status: 1xx=0 2xx=1863 3xx=0 4xx=0 5xx=0

CPU time [s]: user 0.93 system 6.86 (user 11.9% system 87.5% total 99.4%)
Net I/O: 95.4 KB/s (0.8*10^6 bps)

Errors: total 137 client-timo 137 socket-timo 0 connrefused 0 connreset 0
Errors: fd-unavail 0 addrunavail 0 ftab-full 0 other 0

httperf --hog --timeout=1 --client=0/1 --server=172.17.60.201 --port=80 --uri=/ --rate=360 --send-buffer=4096 --recv-buffer=16384 --num-conns=2000 --num-calls=1
Maximum connect burst length: 4

Total: connections 2000 requests 1839 replies 1808 test-duration 7.481 s

Connection rate: 267.4 conn/s (3.7 ms/conn, <=89 concurrent connections)
Connection time [ms]: min 1.7 avg 57.4 max 1076.2 median 28.5 stddev 85.9
Connection time [ms]: connect 11.5
Connection length [replies/conn]: 1.000

Request rate: 245.8 req/s (4.1 ms/req)
Request size [B]: 66.0

Reply rate [replies/s]: min 328.2 avg 328.2 max 328.2 stddev 0.0 (1 samples)
Reply time [ms]: response 47.0 transfer 0.0
Reply size [B]: header 267.0 content 77.0 footer 0.0 (total 344.0)
Reply status: 1xx=0 2xx=1808 3xx=0 4xx=0 5xx=0

CPU time [s]: user 0.78 system 6.65 (user 10.4% system 88.9% total 99.2%)
Net I/O: 97.0 KB/s (0.8*10^6 bps)

Errors: total 192 client-timo 192 socket-timo 0 connrefused 0 connreset 0
Errors: fd-unavail 0 addrunavail 0 ftab-full 0 other 0

httperf --hog --timeout=1 --client=0/1 --server=172.17.60.201 --port=80 --uri=/ --rate=380 --send-buffer=4096 --recv-buffer=16384 --num-conns=2000 --num-calls=1
Maximum connect burst length: 5

Total: connections 2000 requests 1837 replies 1814 test-duration 7.167 s

Connection rate: 279.1 conn/s (3.6 ms/conn, <=91 concurrent connections)
Connection time [ms]: min 1.8 avg 57.8 max 1032.1 median 47.5 stddev 84.2
Connection time [ms]: connect 10.7
Connection length [replies/conn]: 1.000

Request rate: 256.3 req/s (3.9 ms/req)
Request size [B]: 66.0

Reply rate [replies/s]: min 346.8 avg 346.8 max 346.8 stddev 0.0 (1 samples)
Reply time [ms]: response 48.7 transfer 0.0
Reply size [B]: header 266.0 content 76.0 footer 0.0 (total 342.0)
Reply status: 1xx=0 2xx=1814 3xx=0 4xx=0 5xx=0

CPU time [s]: user 0.62 system 6.50 (user 8.7% system 90.6% total 99.3%)
Net I/O: 101.5 KB/s (0.8*10^6 bps)

Errors: total 186 client-timo 186 socket-timo 0 connrefused 0 connreset 0
Errors: fd-unavail 0 addrunavail 0 ftab-full 0 other 0

httperf --hog --timeout=1 --client=0/1 --server=172.17.60.201 --port=80 --uri=/ --rate=400 --send-buffer=4096 --recv-buffer=16384 --num-conns=2000 --num-calls=1
Maximum connect burst length: 5

Total: connections 2000 requests 1796 replies 1768 test-duration 6.948 s

Connection rate: 287.9 conn/s (3.5 ms/conn, <=94 concurrent connections)
Connection time [ms]: min 4.2 avg 75.3 max 1234.9 median 56.5 stddev 111.1
Connection time [ms]: connect 17.5
Connection length [replies/conn]: 1.000

Request rate: 258.5 req/s (3.9 ms/req)
Request size [B]: 66.0

Reply rate [replies/s]: min 352.2 avg 352.2 max 352.2 stddev 0.0 (1 samples)
Reply time [ms]: response 59.9 transfer 0.0
Reply size [B]: header 267.0 content 77.0 footer 0.0 (total 344.0)
Reply status: 1xx=0 2xx=1768 3xx=0 4xx=0 5xx=0

CPU time [s]: user 0.57 system 6.32 (user 8.2% system 91.0% total 99.2%)
Net I/O: 102.1 KB/s (0.8*10^6 bps)

Errors: total 232 client-timo 232 socket-timo 0 connrefused 0 connreset 0
Errors: fd-unavail 0 addrunavail 0 ftab-full 0 other 0

httperf --hog --timeout=1 --client=0/1 --server=172.17.60.201 --port=80 --uri=/ --rate=420 --send-buffer=4096 --recv-buffer=16384 --num-conns=2000 --num-calls=1
Maximum connect burst length: 6

Total: connections 2000 requests 1658 replies 1604 test-duration 6.682 s

Connection rate: 299.3 conn/s (3.3 ms/conn, <=187 concurrent connections)
Connection time [ms]: min 4.3 avg 108.2 max 1518.3 median 68.5 stddev 163.4
Connection time [ms]: connect 22.0
Connection length [replies/conn]: 1.000

Request rate: 248.1 req/s (4.0 ms/req)
Request size [B]: 66.0

Reply rate [replies/s]: min 319.8 avg 319.8 max 319.8 stddev 0.0 (1 samples)
Reply time [ms]: response 87.7 transfer 0.0
Reply size [B]: header 267.0 content 77.0 footer 0.0 (total 344.0)
Reply status: 1xx=0 2xx=1604 3xx=0 4xx=0 5xx=0

CPU time [s]: user 0.47 system 6.14 (user 7.1% system 91.9% total 99.0%)
Net I/O: 96.6 KB/s (0.8*10^6 bps)

Errors: total 396 client-timo 396 socket-timo 0 connrefused 0 connreset 0
Errors: fd-unavail 0 addrunavail 0 ftab-full 0 other 0

httperf --hog --timeout=1 --client=0/1 --server=172.17.60.201 --port=80 --uri=/ --rate=440 --send-buffer=4096 --recv-buffer=16384 --num-conns=2000 --num-calls=1
Maximum connect burst length: 6

Total: connections 2000 requests 1667 replies 1631 test-duration 6.116 s

Connection rate: 327.0 conn/s (3.1 ms/conn, <=222 concurrent connections)
Connection time [ms]: min 5.6 avg 108.6 max 1029.6 median 71.5 stddev 136.1
Connection time [ms]: connect 13.5
Connection length [replies/conn]: 1.000

Request rate: 272.6 req/s (3.7 ms/req)
Request size [B]: 66.0

Reply rate [replies/s]: min 325.4 avg 325.4 max 325.4 stddev 0.0 (1 samples)
Reply time [ms]: response 95.8 transfer 0.0
Reply size [B]: header 267.0 content 77.0 footer 0.0 (total 344.0)
Reply status: 1xx=0 2xx=1631 3xx=0 4xx=0 5xx=0

CPU time [s]: user 0.37 system 5.67 (user 6.1% system 92.7% total 98.8%)
Net I/O: 107.2 KB/s (0.9*10^6 bps)

Errors: total 369 client-timo 369 socket-timo 0 connrefused 0 connreset 0
Errors: fd-unavail 0 addrunavail 0 ftab-full 0 other 0

httperf --hog --timeout=1 --client=0/1 --server=172.17.60.201 --port=80 --uri=/ --rate=460 --send-buffer=4096 --recv-buffer=16384 --num-conns=2000 --num-calls=1
Maximum connect burst length: 5

Total: connections 2000 requests 1690 replies 1645 test-duration 6.020 s

Connection rate: 332.2 conn/s (3.0 ms/conn, <=244 concurrent connections)
Connection time [ms]: min 4.3 avg 108.4 max 1075.8 median 67.5 stddev 139.8
Connection time [ms]: connect 20.5
Connection length [replies/conn]: 1.000

Request rate: 280.7 req/s (3.6 ms/req)
Request size [B]: 66.0

Reply rate [replies/s]: min 328.8 avg 328.8 max 328.8 stddev 0.0 (1 samples)
Reply time [ms]: response 89.1 transfer 0.0
Reply size [B]: header 267.0 content 77.0 footer 0.0 (total 344.0)
Reply status: 1xx=0 2xx=1645 3xx=0 4xx=0 5xx=0

CPU time [s]: user 0.42 system 5.54 (user 6.9% system 92.0% total 98.9%)
Net I/O: 109.9 KB/s (0.9*10^6 bps)

Errors: total 355 client-timo 355 socket-timo 0 connrefused 0 connreset 0
Errors: fd-unavail 0 addrunavail 0 ftab-full 0 other 0

httperf --hog --timeout=1 --client=0/1 --server=172.17.60.201 --port=80 --uri=/ --rate=480 --send-buffer=4096 --recv-buffer=16384 --num-conns=2000 --num-calls=1
Maximum connect burst length: 5

Total: connections 2000 requests 1731 replies 1692 test-duration 5.174 s

Connection rate: 386.6 conn/s (2.6 ms/conn, <=220 concurrent connections)
Connection time [ms]: min 4.6 avg 104.6 max 1078.3 median 64.5 stddev 129.0
Connection time [ms]: connect 17.0
Connection length [replies/conn]: 1.000

Request rate: 334.6 req/s (3.0 ms/req)
Request size [B]: 66.0

Reply rate [replies/s]: min 338.4 avg 338.4 max 338.4 stddev 0.0 (1 samples)
Reply time [ms]: response 87.7 transfer 0.0
Reply size [B]: header 266.0 content 76.0 footer 0.0 (total 342.0)
Reply status: 1xx=0 2xx=1692 3xx=0 4xx=0 5xx=0

CPU time [s]: user 0.23 system 4.88 (user 4.5% system 94.2% total 98.7%)
Net I/O: 131.3 KB/s (1.1*10^6 bps)

Errors: total 308 client-timo 308 socket-timo 0 connrefused 0 connreset 0
Errors: fd-unavail 0 addrunavail 0 ftab-full 0 other 0

httperf --hog --timeout=1 --client=0/1 --server=172.17.60.201 --port=80 --uri=/ --rate=500 --send-buffer=4096 --recv-buffer=16384 --num-conns=2000 --num-calls=1
Maximum connect burst length: 4

Total: connections 2000 requests 1306 replies 1206 test-duration 5.765 s

Connection rate: 346.9 conn/s (2.9 ms/conn, <=336 concurrent connections)
Connection time [ms]: min 45.2 avg 259.0 max 1077.8 median 184.5 stddev 198.9
Connection time [ms]: connect 26.9
Connection length [replies/conn]: 1.000

Request rate: 226.5 req/s (4.4 ms/req)
Request size [B]: 66.0

Reply rate [replies/s]: min 241.2 avg 241.2 max 241.2 stddev 0.0 (1 samples)
Reply time [ms]: response 233.1 transfer 0.0
Reply size [B]: header 267.0 content 77.0 footer 0.0 (total 344.0)
Reply status: 1xx=0 2xx=1206 3xx=0 4xx=0 5xx=0

CPU time [s]: user 0.36 system 5.31 (user 6.3% system 92.1% total 98.5%)
Net I/O: 84.9 KB/s (0.7*10^6 bps)

Errors: total 794 client-timo 794 socket-timo 0 connrefused 0 connreset 0
Errors: fd-unavail 0 addrunavail 0 ftab-full 0 other 0

httperf --hog --timeout=1 --client=0/1 --server=172.17.60.201 --port=80 --uri=/ --rate=520 --send-buffer=4096 --recv-buffer=16384 --num-conns=2000 --num-calls=1
Maximum connect burst length: 7

Total: connections 2000 requests 1249 replies 1175 test-duration 4.896 s

Connection rate: 408.5 conn/s (2.4 ms/conn, <=340 concurrent connections)
Connection time [ms]: min 34.7 avg 239.9 max 1102.8 median 165.5 stddev 193.4
Connection time [ms]: connect 33.4
Connection length [replies/conn]: 1.000

Request rate: 255.1 req/s (3.9 ms/req)
Request size [B]: 66.0

Reply rate [replies/s]: min 0.0 avg 0.0 max 0.0 stddev 0.0 (0 samples)
Reply time [ms]: response 207.3 transfer 0.0
Reply size [B]: header 267.0 content 77.0 footer 0.0 (total 344.0)
Reply status: 1xx=0 2xx=1175 3xx=0 4xx=0 5xx=0

CPU time [s]: user 0.13 system 4.67 (user 2.6% system 95.3% total 98.0%)
Net I/O: 97.1 KB/s (0.8*10^6 bps)

Errors: total 825 client-timo 825 socket-timo 0 connrefused 0 connreset 0
Errors: fd-unavail 0 addrunavail 0 ftab-full 0 other 0

httperf --hog --timeout=1 --client=0/1 --server=172.17.60.201 --port=80 --uri=/ --rate=540 --send-buffer=4096 --recv-buffer=16384 --num-conns=2000 --num-calls=1
Maximum connect burst length: 6

Total: connections 2000 requests 1315 replies 1242 test-duration 4.702 s

Connection rate: 425.3 conn/s (2.4 ms/conn, <=352 concurrent connections)
Connection time [ms]: min 40.8 avg 207.9 max 1292.3 median 115.5 stddev 198.7
Connection time [ms]: connect 29.7
Connection length [replies/conn]: 1.000

Request rate: 279.7 req/s (3.6 ms/req)
Request size [B]: 66.0

Reply rate [replies/s]: min 0.0 avg 0.0 max 0.0 stddev 0.0 (0 samples)
Reply time [ms]: response 178.1 transfer 0.0
Reply size [B]: header 267.0 content 77.0 footer 0.0 (total 344.0)
Reply status: 1xx=0 2xx=1242 3xx=0 4xx=0 5xx=0

CPU time [s]: user 0.12 system 4.48 (user 2.6% system 95.4% total 98.0%)
Net I/O: 106.8 KB/s (0.9*10^6 bps)

Errors: total 758 client-timo 758 socket-timo 0 connrefused 0 connreset 0
Errors: fd-unavail 0 addrunavail 0 ftab-full 0 other 0

httperf --hog --timeout=1 --client=0/1 --server=172.17.60.201 --port=80 --uri=/ --rate=560 --send-buffer=4096 --recv-buffer=16384 --num-conns=2000 --num-calls=1
Maximum connect burst length: 8

Total: connections 2000 requests 1319 replies 1242 test-duration 4.588 s

Connection rate: 435.9 conn/s (2.3 ms/conn, <=384 concurrent connections)
Connection time [ms]: min 35.4 avg 214.9 max 1310.0 median 122.5 stddev 199.9
Connection time [ms]: connect 32.2
Connection length [replies/conn]: 1.000

Request rate: 287.5 req/s (3.5 ms/req)
Request size [B]: 66.0

Reply rate [replies/s]: min 0.0 avg 0.0 max 0.0 stddev 0.0 (0 samples)
Reply time [ms]: response 182.6 transfer 0.0
Reply size [B]: header 267.0 content 77.0 footer 0.0 (total 344.0)
Reply status: 1xx=0 2xx=1242 3xx=0 4xx=0 5xx=0

CPU time [s]: user 0.12 system 4.37 (user 2.7% system 95.2% total 97.9%)
Net I/O: 109.5 KB/s (0.9*10^6 bps)

Errors: total 758 client-timo 758 socket-timo 0 connrefused 0 connreset 0
Errors: fd-unavail 0 addrunavail 0 ftab-full 0 other 0

httperf --hog --timeout=1 --client=0/1 --server=172.17.60.201 --port=80 --uri=/ --rate=580 --send-buffer=4096 --recv-buffer=16384 --num-conns=2000 --num-calls=1
Maximum connect burst length: 6

Total: connections 2000 requests 1484 replies 1420 test-duration 4.636 s

Connection rate: 431.4 conn/s (2.3 ms/conn, <=345 concurrent connections)
Connection time [ms]: min 4.9 avg 129.3 max 1011.8 median 74.5 stddev 152.9
Connection time [ms]: connect 22.3
Connection length [replies/conn]: 1.000

Request rate: 320.1 req/s (3.1 ms/req)
Request size [B]: 66.0

Reply rate [replies/s]: min 0.0 avg 0.0 max 0.0 stddev 0.0 (0 samples)
Reply time [ms]: response 108.8 transfer 0.0
Reply size [B]: header 267.0 content 77.0 footer 0.0 (total 344.0)
Reply status: 1xx=0 2xx=1420 3xx=0 4xx=0 5xx=0

CPU time [s]: user 0.21 system 4.35 (user 4.5% system 93.8% total 98.3%)
Net I/O: 123.5 KB/s (1.0*10^6 bps)

Errors: total 580 client-timo 580 socket-timo 0 connrefused 0 connreset 0
Errors: fd-unavail 0 addrunavail 0 ftab-full 0 other 0

httperf --hog --timeout=1 --client=0/1 --server=172.17.60.201 --port=80 --uri=/ --rate=600 --send-buffer=4096 --recv-buffer=16384 --num-conns=2000 --num-calls=1
Maximum connect burst length: 7

Total: connections 2000 requests 1305 replies 1205 test-duration 4.360 s

Connection rate: 458.7 conn/s (2.2 ms/conn, <=417 concurrent connections)
Connection time [ms]: min 50.8 avg 216.4 max 1298.4 median 121.5 stddev 191.6
Connection time [ms]: connect 31.0
Connection length [replies/conn]: 1.000

Request rate: 299.3 req/s (3.3 ms/req)
Request size [B]: 66.0

Reply rate [replies/s]: min 0.0 avg 0.0 max 0.0 stddev 0.0 (0 samples)
Reply time [ms]: response 185.4 transfer 0.0
Reply size [B]: header 267.0 content 77.0 footer 0.0 (total 344.0)
Reply status: 1xx=0 2xx=1205 3xx=0 4xx=0 5xx=0

CPU time [s]: user 0.13 system 4.13 (user 2.9% system 94.7% total 97.6%)
Net I/O: 112.1 KB/s (0.9*10^6 bps)

Errors: total 795 client-timo 795 socket-timo 0 connrefused 0 connreset 0
Errors: fd-unavail 0 addrunavail 0 ftab-full 0 other 0

httperf --hog --timeout=1 --client=0/1 --server=172.17.60.201 --port=80 --uri=/ --rate=620 --send-buffer=4096 --recv-buffer=16384 --num-conns=2000 --num-calls=1
Maximum connect burst length: 8

Total: connections 2000 requests 1219 replies 1133 test-duration 4.240 s

Connection rate: 471.7 conn/s (2.1 ms/conn, <=442 concurrent connections)
Connection time [ms]: min 46.5 avg 212.6 max 1032.0 median 126.5 stddev 198.8
Connection time [ms]: connect 29.7
Connection length [replies/conn]: 1.000

Request rate: 287.5 req/s (3.5 ms/req)
Request size [B]: 66.0

Reply rate [replies/s]: min 0.0 avg 0.0 max 0.0 stddev 0.0 (0 samples)
Reply time [ms]: response 183.1 transfer 0.0
Reply size [B]: header 267.0 content 77.0 footer 0.0 (total 344.0)
Reply status: 1xx=0 2xx=1133 3xx=0 4xx=0 5xx=0

CPU time [s]: user 0.10 system 4.03 (user 2.4% system 95.1% total 97.5%)
Net I/O: 108.3 KB/s (0.9*10^6 bps)

Errors: total 867 client-timo 867 socket-timo 0 connrefused 0 connreset 0
Errors: fd-unavail 0 addrunavail 0 ftab-full 0 other 0

httperf --hog --timeout=1 --client=0/1 --server=172.17.60.201 --port=80 --uri=/ --rate=640 --send-buffer=4096 --recv-buffer=16384 --num-conns=2000 --num-calls=1
Maximum connect burst length: 10

Total: connections 2000 requests 1178 replies 1080 test-duration 4.147 s

Connection rate: 482.3 conn/s (2.1 ms/conn, <=503 concurrent connections)
Connection time [ms]: min 25.2 avg 214.6 max 955.4 median 150.5 stddev 202.9
Connection time [ms]: connect 29.1
Connection length [replies/conn]: 1.000

Request rate: 284.1 req/s (3.5 ms/req)
Request size [B]: 66.0

Reply rate [replies/s]: min 0.0 avg 0.0 max 0.0 stddev 0.0 (0 samples)
Reply time [ms]: response 185.9 transfer 0.0
Reply size [B]: header 267.0 content 77.0 footer 0.0 (total 344.0)
Reply status: 1xx=0 2xx=1080 3xx=0 4xx=0 5xx=0

CPU time [s]: user 0.11 system 3.93 (user 2.6% system 94.7% total 97.3%)
Net I/O: 105.8 KB/s (0.9*10^6 bps)

Errors: total 920 client-timo 920 socket-timo 0 connrefused 0 connreset 0
Errors: fd-unavail 0 addrunavail 0 ftab-full 0 other 0

httperf --hog --timeout=1 --client=0/1 --server=172.17.60.201 --port=80 --uri=/ --rate=660 --send-buffer=4096 --recv-buffer=16384 --num-conns=2000 --num-calls=1
Maximum connect burst length: 9

Total: connections 2000 requests 1159 replies 1049 test-duration 4.050 s

Connection rate: 493.8 conn/s (2.0 ms/conn, <=473 concurrent connections)
Connection time [ms]: min 28.3 avg 230.9 max 1031.4 median 144.5 stddev 204.5
Connection time [ms]: connect 29.0
Connection length [replies/conn]: 1.000

Request rate: 286.2 req/s (3.5 ms/req)
Request size [B]: 66.0

Reply rate [replies/s]: min 0.0 avg 0.0 max 0.0 stddev 0.0 (0 samples)
Reply time [ms]: response 202.0 transfer 0.0
Reply size [B]: header 267.0 content 77.0 footer 0.0 (total 344.0)
Reply status: 1xx=0 2xx=1049 3xx=0 4xx=0 5xx=0

CPU time [s]: user 0.09 system 3.85 (user 2.3% system 95.0% total 97.3%)
Net I/O: 105.5 KB/s (0.9*10^6 bps)

Errors: total 951 client-timo 951 socket-timo 0 connrefused 0 connreset 0
Errors: fd-unavail 0 addrunavail 0 ftab-full 0 other 0

httperf --hog --timeout=1 --client=0/1 --server=172.17.60.201 --port=80 --uri=/ --rate=680 --send-buffer=4096 --recv-buffer=16384 --num-conns=2000 --num-calls=1
Maximum connect burst length: 9

Total: connections 2000 requests 1064 replies 933 test-duration 3.937 s

Connection rate: 508.0 conn/s (2.0 ms/conn, <=484 concurrent connections)
Connection time [ms]: min 61.7 avg 266.8 max 1031.6 median 161.5 stddev 221.7
Connection time [ms]: connect 30.0
Connection length [replies/conn]: 1.000

Request rate: 270.3 req/s (3.7 ms/req)
Request size [B]: 66.0

Reply rate [replies/s]: min 0.0 avg 0.0 max 0.0 stddev 0.0 (0 samples)
Reply time [ms]: response 237.0 transfer 0.0
Reply size [B]: header 267.0 content 77.0 footer 0.0 (total 344.0)
Reply status: 1xx=0 2xx=933 3xx=0 4xx=0 5xx=0

CPU time [s]: user 0.08 system 3.74 (user 2.1% system 95.0% total 97.1%)
Net I/O: 97.0 KB/s (0.8*10^6 bps)

Errors: total 1067 client-timo 1067 socket-timo 0 connrefused 0 connreset 0
Errors: fd-unavail 0 addrunavail 0 ftab-full 0 other 0

httperf --hog --timeout=1 --client=0/1 --server=172.17.60.201 --port=80 --uri=/ --rate=700 --send-buffer=4096 --recv-buffer=16384 --num-conns=2000 --num-calls=1
Maximum connect burst length: 7

Total: connections 2000 requests 991 replies 839 test-duration 3.858 s

Connection rate: 518.4 conn/s (1.9 ms/conn, <=566 concurrent connections)
Connection time [ms]: min 47.6 avg 271.4 max 1012.7 median 169.5 stddev 215.1
Connection time [ms]: connect 29.3
Connection length [replies/conn]: 1.000

Request rate: 256.9 req/s (3.9 ms/req)
Request size [B]: 66.0

Reply rate [replies/s]: min 0.0 avg 0.0 max 0.0 stddev 0.0 (0 samples)
Reply time [ms]: response 242.6 transfer 0.0
Reply size [B]: header 267.0 content 77.0 footer 0.0 (total 344.0)
Reply status: 1xx=0 2xx=839 3xx=0 4xx=0 5xx=0

CPU time [s]: user 0.09 system 3.66 (user 2.3% system 95.0% total 97.3%)
Net I/O: 89.6 KB/s (0.7*10^6 bps)

Errors: total 1161 client-timo 1161 socket-timo 0 connrefused 0 connreset 0
Errors: fd-unavail 0 addrunavail 0 ftab-full 0 other 0

httperf --hog --timeout=1 --client=0/1 --server=172.17.60.201 --port=80 --uri=/ --rate=720 --send-buffer=4096 --recv-buffer=16384 --num-conns=2000 --num-calls=1
Maximum connect burst length: 8

Total: connections 2000 requests 988 replies 854 test-duration 3.811 s

Connection rate: 524.8 conn/s (1.9 ms/conn, <=548 concurrent connections)
Connection time [ms]: min 57.6 avg 284.9 max 1066.8 median 190.5 stddev 224.4
Connection time [ms]: connect 30.0
Connection length [replies/conn]: 1.000

Request rate: 259.3 req/s (3.9 ms/req)
Request size [B]: 66.0

Reply rate [replies/s]: min 0.0 avg 0.0 max 0.0 stddev 0.0 (0 samples)
Reply time [ms]: response 254.8 transfer 0.0
Reply size [B]: header 267.0 content 77.0 footer 0.0 (total 344.0)
Reply status: 1xx=0 2xx=854 3xx=0 4xx=0 5xx=0

CPU time [s]: user 0.13 system 3.57 (user 3.4% system 93.7% total 97.1%)
Net I/O: 92.0 KB/s (0.8*10^6 bps)

Errors: total 1146 client-timo 1146 socket-timo 0 connrefused 0 connreset 0
Errors: fd-unavail 0 addrunavail 0 ftab-full 0 other 0

httperf --hog --timeout=1 --client=0/1 --server=172.17.60.201 --port=80 --uri=/ --rate=740 --send-buffer=4096 --recv-buffer=16384 --num-conns=2000 --num-calls=1
Maximum connect burst length: 9

Total: connections 2000 requests 950 replies 830 test-duration 3.701 s

Connection rate: 540.4 conn/s (1.9 ms/conn, <=587 concurrent connections)
Connection time [ms]: min 52.9 avg 291.2 max 999.8 median 196.5 stddev 216.0
Connection time [ms]: connect 28.9
Connection length [replies/conn]: 1.000

Request rate: 256.7 req/s (3.9 ms/req)
Request size [B]: 66.0

Reply rate [replies/s]: min 0.0 avg 0.0 max 0.0 stddev 0.0 (0 samples)
Reply time [ms]: response 262.4 transfer 0.0
Reply size [B]: header 267.0 content 77.0 footer 0.0 (total 344.0)
Reply status: 1xx=0 2xx=830 3xx=0 4xx=0 5xx=0

CPU time [s]: user 0.08 system 3.52 (user 2.3% system 95.0% total 97.3%)
Net I/O: 91.9 KB/s (0.8*10^6 bps)

Errors: total 1170 client-timo 1170 socket-timo 0 connrefused 0 connreset 0
Errors: fd-unavail 0 addrunavail 0 ftab-full 0 other 0

httperf --hog --timeout=1 --client=0/1 --server=172.17.60.201 --port=80 --uri=/ --rate=760 --send-buffer=4096 --recv-buffer=16384 --num-conns=2000 --num-calls=1
Maximum connect burst length: 13

Total: connections 2000 requests 821 replies 641 test-duration 3.666 s

Connection rate: 545.5 conn/s (1.8 ms/conn, <=644 concurrent connections)
Connection time [ms]: min 60.8 avg 341.8 max 991.6 median 221.5 stddev 239.4
Connection time [ms]: connect 31.4
Connection length [replies/conn]: 1.000

Request rate: 223.9 req/s (4.5 ms/req)
Request size [B]: 66.0

Reply rate [replies/s]: min 0.0 avg 0.0 max 0.0 stddev 0.0 (0 samples)
Reply time [ms]: response 311.2 transfer 0.0
Reply size [B]: header 267.0 content 77.0 footer 0.0 (total 344.0)
Reply status: 1xx=0 2xx=641 3xx=0 4xx=0 5xx=0

CPU time [s]: user 0.12 system 3.44 (user 3.2% system 93.7% total 96.9%)
Net I/O: 73.2 KB/s (0.6*10^6 bps)

Errors: total 1359 client-timo 1359 socket-timo 0 connrefused 0 connreset 0
Errors: fd-unavail 0 addrunavail 0 ftab-full 0 other 0

httperf --hog --timeout=1 --client=0/1 --server=172.17.60.201 --port=80 --uri=/ --rate=780 --send-buffer=4096 --recv-buffer=16384 --num-conns=2000 --num-calls=1
Maximum connect burst length: 12

Total: connections 2000 requests 387 replies 239 test-duration 3.573 s

Connection rate: 559.8 conn/s (1.8 ms/conn, <=800 concurrent connections)
Connection time [ms]: min 123.3 avg 306.9 max 1019.5 median 200.5 stddev 205.8
Connection time [ms]: connect 29.1
Connection length [replies/conn]: 1.000

Request rate: 108.3 req/s (9.2 ms/req)
Request size [B]: 66.0

Reply rate [replies/s]: min 0.0 avg 0.0 max 0.0 stddev 0.0 (0 samples)
Reply time [ms]: response 279.0 transfer 0.0
Reply size [B]: header 261.0 content 75.0 footer 0.0 (total 336.0)
Reply status: 1xx=0 2xx=239 3xx=0 4xx=0 5xx=0

CPU time [s]: user 0.08 system 3.41 (user 2.2% system 95.4% total 97.6%)
Net I/O: 29.0 KB/s (0.2*10^6 bps)

Errors: total 1761 client-timo 1761 socket-timo 0 connrefused 0 connreset 0
Errors: fd-unavail 0 addrunavail 0 ftab-full 0 other 0

httperf --hog --timeout=1 --client=0/1 --server=172.17.60.201 --port=80 --uri=/ --rate=800 --send-buffer=4096 --recv-buffer=16384 --num-conns=2000 --num-calls=1
Maximum connect burst length: 6

Total: connections 2000 requests 748 replies 548 test-duration 3.495 s

Connection rate: 572.2 conn/s (1.7 ms/conn, <=693 concurrent connections)
Connection time [ms]: min 98.3 avg 354.9 max 1030.5 median 258.5 stddev 219.2
Connection time [ms]: connect 30.3
Connection length [replies/conn]: 1.000

Request rate: 214.0 req/s (4.7 ms/req)
Request size [B]: 66.0

Reply rate [replies/s]: min 0.0 avg 0.0 max 0.0 stddev 0.0 (0 samples)
Reply time [ms]: response 325.1 transfer 0.0
Reply size [B]: header 267.0 content 77.0 footer 0.0 (total 344.0)
Reply status: 1xx=0 2xx=548 3xx=0 4xx=0 5xx=0

CPU time [s]: user 0.08 system 3.30 (user 2.4% system 94.5% total 96.9%)
Net I/O: 66.5 KB/s (0.5*10^6 bps)

Errors: total 1452 client-timo 1452 socket-timo 0 connrefused 0 connreset 0
Errors: fd-unavail 0 addrunavail 0 ftab-full 0 other 0

httperf --hog --timeout=1 --client=0/1 --server=172.17.60.201 --port=80 --uri=/ --rate=820 --send-buffer=4096 --recv-buffer=16384 --num-conns=2000 --num-calls=1
Maximum connect burst length: 14

Total: connections 2000 requests 636 replies 441 test-duration 3.438 s

Connection rate: 581.8 conn/s (1.7 ms/conn, <=745 concurrent connections)
Connection time [ms]: min 70.6 avg 391.0 max 1030.6 median 294.5 stddev 237.1
Connection time [ms]: connect 31.6
Connection length [replies/conn]: 1.000

Request rate: 185.0 req/s (5.4 ms/req)
Request size [B]: 66.0

Reply rate [replies/s]: min 0.0 avg 0.0 max 0.0 stddev 0.0 (0 samples)
Reply time [ms]: response 360.1 transfer 0.0
Reply size [B]: header 267.0 content 77.0 footer 0.0 (total 344.0)
Reply status: 1xx=0 2xx=441 3xx=0 4xx=0 5xx=0

CPU time [s]: user 0.05 system 3.28 (user 1.5% system 95.4% total 96.9%)
Net I/O: 55.0 KB/s (0.5*10^6 bps)

Errors: total 1559 client-timo 1559 socket-timo 0 connrefused 0 connreset 0
Errors: fd-unavail 0 addrunavail 0 ftab-full 0 other 0

httperf --hog --timeout=1 --client=0/1 --server=172.17.60.201 --port=80 --uri=/ --rate=840 --send-buffer=4096 --recv-buffer=16384 --num-conns=2000 --num-calls=1
Maximum connect burst length: 7

Total: connections 2000 requests 705 replies 485 test-duration 3.410 s

Connection rate: 586.4 conn/s (1.7 ms/conn, <=749 concurrent connections)
Connection time [ms]: min 83.9 avg 403.2 max 1034.5 median 309.5 stddev 249.0
Connection time [ms]: connect 31.2
Connection length [replies/conn]: 1.000

Request rate: 206.7 req/s (4.8 ms/req)
Request size [B]: 66.0

Reply rate [replies/s]: min 0.0 avg 0.0 max 0.0 stddev 0.0 (0 samples)
Reply time [ms]: response 372.7 transfer 0.0
Reply size [B]: header 267.0 content 77.0 footer 0.0 (total 344.0)
Reply status: 1xx=0 2xx=485 3xx=0 4xx=0 5xx=0

CPU time [s]: user 0.07 system 3.22 (user 2.1% system 94.4% total 96.5%)
Net I/O: 61.1 KB/s (0.5*10^6 bps)

Errors: total 1515 client-timo 1515 socket-timo 0 connrefused 0 connreset 0
Errors: fd-unavail 0 addrunavail 0 ftab-full 0 other 0

httperf --hog --timeout=1 --client=0/1 --server=172.17.60.201 --port=80 --uri=/ --rate=860 --send-buffer=4096 --recv-buffer=16384 --num-conns=2000 --num-calls=1
Maximum connect burst length: 8

Total: connections 2000 requests 749 replies 542 test-duration 3.360 s

Connection rate: 595.2 conn/s (1.7 ms/conn, <=729 concurrent connections)
Connection time [ms]: min 100.4 avg 358.6 max 991.0 median 286.5 stddev 220.7
Connection time [ms]: connect 28.6
Connection length [replies/conn]: 1.000

Request rate: 222.9 req/s (4.5 ms/req)
Request size [B]: 66.0

Reply rate [replies/s]: min 0.0 avg 0.0 max 0.0 stddev 0.0 (0 samples)
Reply time [ms]: response 330.5 transfer 0.0
Reply size [B]: header 267.0 content 77.0 footer 0.0 (total 344.0)
Reply status: 1xx=0 2xx=542 3xx=0 4xx=0 5xx=0

CPU time [s]: user 0.07 system 3.19 (user 2.0% system 95.0% total 97.0%)
Net I/O: 68.6 KB/s (0.6*10^6 bps)

Errors: total 1458 client-timo 1458 socket-timo 0 connrefused 0 connreset 0
Errors: fd-unavail 0 addrunavail 0 ftab-full 0 other 0

httperf --hog --timeout=1 --client=0/1 --server=172.17.60.201 --port=80 --uri=/ --rate=880 --send-buffer=4096 --recv-buffer=16384 --num-conns=2000 --num-calls=1
Maximum connect burst length: 5

Total: connections 2000 requests 633 replies 411 test-duration 3.305 s

Connection rate: 605.2 conn/s (1.7 ms/conn, <=791 concurrent connections)
Connection time [ms]: min 119.8 avg 406.5 max 991.5 median 291.5 stddev 244.3
Connection time [ms]: connect 28.9
Connection length [replies/conn]: 1.000

Request rate: 191.5 req/s (5.2 ms/req)
Request size [B]: 66.0

Reply rate [replies/s]: min 0.0 avg 0.0 max 0.0 stddev 0.0 (0 samples)
Reply time [ms]: response 378.4 transfer 0.0
Reply size [B]: header 267.0 content 77.0 footer 0.0 (total 344.0)
Reply status: 1xx=0 2xx=411 3xx=0 4xx=0 5xx=0

CPU time [s]: user 0.12 system 3.08 (user 3.6% system 93.2% total 96.8%)
Net I/O: 54.1 KB/s (0.4*10^6 bps)

Errors: total 1589 client-timo 1589 socket-timo 0 connrefused 0 connreset 0
Errors: fd-unavail 0 addrunavail 0 ftab-full 0 other 0

httperf --hog --timeout=1 --client=0/1 --server=172.17.60.201 --port=80 --uri=/ --rate=900 --send-buffer=4096 --recv-buffer=16384 --num-conns=2000 --num-calls=1
Maximum connect burst length: 9

Total: connections 2000 requests 641 replies 388 test-duration 3.248 s

Connection rate: 615.8 conn/s (1.6 ms/conn, <=818 concurrent connections)
Connection time [ms]: min 103.3 avg 378.8 max 1020.9 median 292.5 stddev 214.1
Connection time [ms]: connect 29.8
Connection length [replies/conn]: 1.000

Request rate: 197.4 req/s (5.1 ms/req)
Request size [B]: 66.0

Reply rate [replies/s]: min 0.0 avg 0.0 max 0.0 stddev 0.0 (0 samples)
Reply time [ms]: response 350.3 transfer 0.0
Reply size [B]: header 267.0 content 77.0 footer 0.0 (total 344.0)
Reply status: 1xx=0 2xx=388 3xx=0 4xx=0 5xx=0

CPU time [s]: user 0.05 system 3.10 (user 1.5% system 95.4% total 96.9%)
Net I/O: 52.9 KB/s (0.4*10^6 bps)

Errors: total 1612 client-timo 1612 socket-timo 0 connrefused 0 connreset 0
Errors: fd-unavail 0 addrunavail 0 ftab-full 0 other 0

httperf --hog --timeout=1 --client=0/1 --server=172.17.60.201 --port=80 --uri=/ --rate=920 --send-buffer=4096 --recv-buffer=16384 --num-conns=2000 --num-calls=1
Maximum connect burst length: 10

Total: connections 2000 requests 716 replies 501 test-duration 3.202 s

Connection rate: 624.6 conn/s (1.6 ms/conn, <=800 concurrent connections)
Connection time [ms]: min 71.9 avg 351.2 max 1031.6 median 240.5 stddev 242.7
Connection time [ms]: connect 26.0
Connection length [replies/conn]: 1.000

Request rate: 223.6 req/s (4.5 ms/req)
Request size [B]: 66.0

Reply rate [replies/s]: min 0.0 avg 0.0 max 0.0 stddev 0.0 (0 samples)
Reply time [ms]: response 326.2 transfer 0.0
Reply size [B]: header 267.0 content 77.0 footer 0.0 (total 344.0)
Reply status: 1xx=0 2xx=501 3xx=0 4xx=0 5xx=0

CPU time [s]: user 0.06 system 3.03 (user 1.7% system 94.7% total 96.4%)
Net I/O: 67.0 KB/s (0.5*10^6 bps)

Errors: total 1499 client-timo 1499 socket-timo 0 connrefused 0 connreset 0
Errors: fd-unavail 0 addrunavail 0 ftab-full 0 other 0

httperf --hog --timeout=1 --client=0/1 --server=172.17.60.201 --port=80 --uri=/ --rate=940 --send-buffer=4096 --recv-buffer=16384 --num-conns=2000 --num-calls=1
Maximum connect burst length: 8

Total: connections 2000 requests 630 replies 359 test-duration 3.150 s

Connection rate: 635.0 conn/s (1.6 ms/conn, <=857 concurrent connections)
Connection time [ms]: min 98.1 avg 419.1 max 1000.7 median 332.5 stddev 233.8
Connection time [ms]: connect 29.1
Connection length [replies/conn]: 1.000

Request rate: 200.0 req/s (5.0 ms/req)
Request size [B]: 66.0

Reply rate [replies/s]: min 0.0 avg 0.0 max 0.0 stddev 0.0 (0 samples)
Reply time [ms]: response 390.3 transfer 0.0
Reply size [B]: header 267.0 content 77.0 footer 0.0 (total 344.0)
Reply status: 1xx=0 2xx=359 3xx=0 4xx=0 5xx=0

CPU time [s]: user 0.04 system 3.01 (user 1.1% system 95.6% total 96.8%)
Net I/O: 51.2 KB/s (0.4*10^6 bps)

Errors: total 1641 client-timo 1641 socket-timo 0 connrefused 0 connreset 0
Errors: fd-unavail 0 addrunavail 0 ftab-full 0 other 0

httperf --hog --timeout=1 --client=0/1 --server=172.17.60.201 --port=80 --uri=/ --rate=960 --send-buffer=4096 --recv-buffer=16384 --num-conns=2000 --num-calls=1
Maximum connect burst length: 6

Total: connections 2000 requests 630 replies 392 test-duration 3.113 s

Connection rate: 642.5 conn/s (1.6 ms/conn, <=898 concurrent connections)
Connection time [ms]: min 116.2 avg 400.5 max 968.6 median 281.5 stddev 233.7
Connection time [ms]: connect 29.7
Connection length [replies/conn]: 1.000

Request rate: 202.4 req/s (4.9 ms/req)
Request size [B]: 66.0

Reply rate [replies/s]: min 0.0 avg 0.0 max 0.0 stddev 0.0 (0 samples)
Reply time [ms]: response 372.0 transfer 0.0
Reply size [B]: header 267.0 content 77.0 footer 0.0 (total 344.0)
Reply status: 1xx=0 2xx=392 3xx=0 4xx=0 5xx=0

CPU time [s]: user 0.11 system 2.90 (user 3.6% system 93.2% total 96.8%)
Net I/O: 55.3 KB/s (0.5*10^6 bps)

Errors: total 1608 client-timo 1608 socket-timo 0 connrefused 0 connreset 0
Errors: fd-unavail 0 addrunavail 0 ftab-full 0 other 0

httperf --hog --timeout=1 --client=0/1 --server=172.17.60.201 --port=80 --uri=/ --rate=980 --send-buffer=4096 --recv-buffer=16384 --num-conns=2000 --num-calls=1
Maximum connect burst length: 8

Total: connections 2000 requests 814 replies 628 test-duration 3.069 s

Connection rate: 651.7 conn/s (1.5 ms/conn, <=842 concurrent connections)
Connection time [ms]: min 104.1 avg 369.0 max 946.7 median 237.5 stddev 231.0
Connection time [ms]: connect 32.0
Connection length [replies/conn]: 1.000

Request rate: 265.2 req/s (3.8 ms/req)
Request size [B]: 66.0

Reply rate [replies/s]: min 0.0 avg 0.0 max 0.0 stddev 0.0 (0 samples)
Reply time [ms]: response 337.1 transfer 0.0
Reply size [B]: header 267.0 content 77.0 footer 0.0 (total 344.0)
Reply status: 1xx=0 2xx=628 3xx=0 4xx=0 5xx=0

CPU time [s]: user 0.06 system 2.91 (user 1.8% system 94.8% total 96.6%)
Net I/O: 85.8 KB/s (0.7*10^6 bps)

Errors: total 1372 client-timo 1372 socket-timo 0 connrefused 0 connreset 0
Errors: fd-unavail 0 addrunavail 0 ftab-full 0 other 0

httperf --hog --timeout=1 --client=0/1 --server=172.17.60.201 --port=80 --uri=/ --rate=1000 --send-buffer=4096 --recv-buffer=16384 --num-conns=2000 --num-calls=1
Maximum connect burst length: 8

Total: connections 2000 requests 1933 replies 1926 test-duration 3.767 s

Connection rate: 531.0 conn/s (1.9 ms/conn, <=201 concurrent connections)
Connection time [ms]: min 0.5 avg 114.6 max 1767.3 median 18.5 stddev 273.7
Connection time [ms]: connect 60.0
Connection length [replies/conn]: 1.000

Request rate: 513.2 req/s (1.9 ms/req)
Request size [B]: 66.0

Reply rate [replies/s]: min 0.0 avg 0.0 max 0.0 stddev 0.0 (0 samples)
Reply time [ms]: response 55.4 transfer 0.0
Reply size [B]: header 264.0 content 76.0 footer 0.0 (total 340.0)
Reply status: 1xx=0 2xx=1926 3xx=0 4xx=0 5xx=0

CPU time [s]: user 0.25 system 3.46 (user 6.7% system 91.9% total 98.6%)
Net I/O: 203.5 KB/s (1.7*10^6 bps)

Errors: total 74 client-timo 74 socket-timo 0 connrefused 0 connreset 0
Errors: fd-unavail 0 addrunavail 0 ftab-full 0 other 0

