httperf --verbose --hog --timeout=50 --client=0/1 --server=172.16.116.116 --port=8080 --uri=/ --rate=8 --send-buffer=4096 --recv-buffer=16384 --num-conns=2400 --num-calls=1
httperf: maximum number of open descriptors = 65535
Maximum connect burst length: 1

Connection lifetime histogram (time in ms):
             :
            10.5 135
            11.5 355
            12.5 282
            13.5 207
            14.5 231
            15.5 198
            16.5 244
            17.5 144
            18.5 121
            19.5 78
            20.5 71
            21.5 61
            22.5 64
            23.5 58
            24.5 43
            25.5 22
            26.5 12
            27.5 20
            28.5 13
            29.5 11
            30.5 7
            31.5 5
            32.5 4
             :
            34.5 1
            35.5 1
            36.5 3
            37.5 1
            38.5 2
            39.5 2
             :
            41.5 1
             :
            43.5 1
             :
            46.5 1
             :
            54.5 1

Total: connections 2400 requests 2400 replies 2400 test-duration 299.886 s

Connection rate: 8.0 conn/s (125.0 ms/conn, <=1 concurrent connections)
Connection time [ms]: min 10.1 avg 16.0 max 54.5 median 14.5 stddev 4.7
Connection time [ms]: connect 0.8
Connection length [replies/conn]: 1.000

Request rate: 8.0 req/s (125.0 ms/req)
Request size [B]: 67.0

Reply rate [replies/s]: min 8.0 avg 8.0 max 8.0 stddev 0.0 (299 samples)
Percentages of the replies served at a given rate:
   50%: 7
   66%: 7
   75%: 7
   80%: 7
   90%: 7
   95%: 7
   98%: 7
   99%: 7
  100%: 8

Reply time [ms]: response 14.6 transfer 0.5
Percentages of the requests served within a certain time (ms) :
   50%: 13
   66%: 15
   75%: 16
   80%: 17
   90%: 20
   95%: 23
   98%: 26
   99%: 29
  100%: 50

Reply size [B]: header 162.0 content 72.0 footer 1.0 (total 235.0)
Reply status: 1xx=0 2xx=2400 3xx=0 4xx=0 5xx=0

CPU time [s]: user 253.04 system 46.38 (user 84.4% system 15.5% total 99.8%)
Net I/O: 2.4 KB/s (0.0*10^6 bps)

Errors: total 0 client-timo 0 socket-timo 0 connrefused 0 connreset 0
Errors: fd-unavail 0 addrunavail 0 ftab-full 0 other 0

