httperf --verbose --hog --timeout=3 --client=0/1 --server=172.17.60.201 --port=80 --uri=/ --rate=8 --send-buffer=4096 --recv-buffer=16384 --num-conns=500 --num-calls=1
httperf: maximum number of open descriptors = 4096
Maximum connect burst length: 1

Connection lifetime histogram (time in ms):
             :
             7.5 90
             8.5 81
             9.5 56
            10.5 79
            11.5 44
            12.5 18
            13.5 13
            14.5 12
            15.5 15
            16.5 6
            17.5 9
            18.5 8
            19.5 7
            20.5 12
            21.5 3
            22.5 2
            23.5 6
            24.5 2
            25.5 2
            26.5 2
            27.5 4
            28.5 1
            29.5 1
            30.5 3
            31.5 3
            32.5 4
            33.5 1
             :
            35.5 2
            36.5 1
            37.5 1
            38.5 2
            39.5 1
             :
            44.5 1
             :
            46.5 1
             :
            48.5 1
             :
            53.5 1
             :
            69.5 1
             :
            76.5 1
             :
            82.5 1
             :
            97.5 1
             :
           126.5 1

Total: connections 500 requests 500 replies 500 test-duration 62.383 s

Connection rate: 8.0 conn/s (124.8 ms/conn, <=2 concurrent connections)
Connection time [ms]: min 7.2 avg 13.3 max 126.2 median 10.5 stddev 10.5
Connection time [ms]: connect 0.9
Connection length [replies/conn]: 1.000

Request rate: 8.0 req/s (124.8 ms/req)
Request size [B]: 66.0

Reply rate [replies/s]: min 8.0 avg 8.0 max 8.0 stddev 0.0 (62 samples)
Percentages of the replies served at a given rate:
   50%: 7
   66%: 7
   75%: 7
   80%: 7
   90%: 7
   95%: 7
   98%: 7
   99%: 7
  100%: 8

Reply time [ms]: response 11.8 transfer 0.5
Percentages of the requests served within a certain time (ms) :
   50%: 9
   66%: 10
   75%: 11
   80%: 13
   90%: 18
   95%: 26
   98%: 37
   99%: 47
  100%: 96

Reply size [B]: header 167.0 content 59.0 footer 0.0 (total 226.0)
Reply status: 1xx=0 2xx=500 3xx=0 4xx=0 5xx=0

CPU time [s]: user 40.56 system 21.74 (user 65.0% system 34.8% total 99.9%)
Net I/O: 2.3 KB/s (0.0*10^6 bps)

Errors: total 0 client-timo 0 socket-timo 0 connrefused 0 connreset 0
Errors: fd-unavail 0 addrunavail 0 ftab-full 0 other 0

