httperf --verbose --hog --timeout=3 --client=0/1 --server=172.17.60.201 --port=80 --uri=/ --rate=8 --send-buffer=4096 --recv-buffer=16384 --num-conns=500 --num-calls=1
httperf: maximum number of open descriptors = 4096
Maximum connect burst length: 1

Connection lifetime histogram (time in ms):
             :
             7.5 10
             8.5 31
             9.5 26
            10.5 54
            11.5 44
            12.5 34
            13.5 39
            14.5 34
            15.5 42
            16.5 35
            17.5 13
            18.5 19
            19.5 20
            20.5 12
            21.5 11
            22.5 12
            23.5 8
            24.5 7
            25.5 2
            26.5 4
            27.5 6
            28.5 1
            29.5 4
            30.5 4
            31.5 4
            32.5 3
            33.5 1
            34.5 2
            35.5 1
            36.5 2
            37.5 1
            38.5 2
             :
            44.5 1
            45.5 1
             :
            48.5 3
             :
            51.5 1
            52.5 2
            53.5 1
             :
            76.5 1
             :
            82.5 1
             :
            90.5 1

Total: connections 500 requests 500 replies 500 test-duration 62.392 s

Connection rate: 8.0 conn/s (124.8 ms/conn, <=1 concurrent connections)
Connection time [ms]: min 7.3 avg 16.5 max 91.0 median 14.5 stddev 9.1
Connection time [ms]: connect 1.5
Connection length [replies/conn]: 1.000

Request rate: 8.0 req/s (124.8 ms/req)
Request size [B]: 66.0

Reply rate [replies/s]: min 8.0 avg 8.0 max 8.0 stddev 0.0 (62 samples)
Percentages of the replies served at a given rate:
   50%: 7
   66%: 7
   75%: 7
   80%: 7
   90%: 7
   95%: 7
   98%: 7
   99%: 7
  100%: 8

Reply time [ms]: response 14.6 transfer 0.3
Percentages of the requests served within a certain time (ms) :
   50%: 12
   66%: 14
   75%: 16
   80%: 18
   90%: 21
   95%: 27
   98%: 35
   99%: 44
  100%: 90

Reply size [B]: header 167.0 content 59.0 footer 0.0 (total 226.0)
Reply status: 1xx=0 2xx=500 3xx=0 4xx=0 5xx=0

CPU time [s]: user 39.40 system 22.92 (user 63.1% system 36.7% total 99.9%)
Net I/O: 2.3 KB/s (0.0*10^6 bps)

Errors: total 0 client-timo 0 socket-timo 0 connrefused 0 connreset 0
Errors: fd-unavail 0 addrunavail 0 ftab-full 0 other 0

