httperf --verbose --hog --timeout=3 --client=0/1 --server=172.17.60.201 --port=80 --uri=/ --rate=8 --send-buffer=4096 --recv-buffer=16384 --num-conns=500 --num-calls=1
httperf: maximum number of open descriptors = 4096
Maximum connect burst length: 1

Connection lifetime histogram (time in ms):
             :
             7.5 44
             8.5 58
             9.5 27
            10.5 58
            11.5 50
            12.5 40
            13.5 16
            14.5 17
            15.5 22
            16.5 16
            17.5 8
            18.5 20
            19.5 13
            20.5 13
            21.5 15
            22.5 6
            23.5 13
            24.5 5
            25.5 7
            26.5 5
            27.5 6
            28.5 4
            29.5 7
            30.5 2
            31.5 2
            32.5 4
            33.5 3
            34.5 2
            35.5 3
            36.5 1
            37.5 1
            38.5 1
            39.5 2
             :
            43.5 1
             :
            47.5 1
             :
            50.5 1
             :
            53.5 1
             :
            58.5 1
             :
            64.5 1
            65.5 1
             :
            67.5 1
             :
           320.5 1

Total: connections 500 requests 500 replies 500 test-duration 62.404 s

Connection rate: 8.0 conn/s (124.8 ms/conn, <=2 concurrent connections)
Connection time [ms]: min 7.5 avg 16.1 max 320.2 median 12.5 stddev 16.2
Connection time [ms]: connect 1.0
Connection length [replies/conn]: 1.000

Request rate: 8.0 req/s (124.8 ms/req)
Request size [B]: 66.0

Reply rate [replies/s]: min 8.0 avg 8.0 max 8.0 stddev 0.0 (62 samples)
Percentages of the replies served at a given rate:
   50%: 7
   66%: 7
   75%: 7
   80%: 7
   90%: 7
   95%: 7
   98%: 7
   99%: 7
  100%: 8

Reply time [ms]: response 14.7 transfer 0.3
Percentages of the requests served within a certain time (ms) :
   50%: 11
   66%: 14
   75%: 17
   80%: 19
   90%: 22
   95%: 28
   98%: 37
   99%: 46
  100%: 313

Reply size [B]: header 167.0 content 59.0 footer 0.0 (total 226.0)
Reply status: 1xx=0 2xx=500 3xx=0 4xx=0 5xx=0

CPU time [s]: user 40.86 system 21.47 (user 65.5% system 34.4% total 99.9%)
Net I/O: 2.3 KB/s (0.0*10^6 bps)

Errors: total 0 client-timo 0 socket-timo 0 connrefused 0 connreset 0
Errors: fd-unavail 0 addrunavail 0 ftab-full 0 other 0

