httperf --verbose --hog --timeout=50 --client=0/1 --server=172.16.116.116 --port=8080 --uri=/ --rate=8 --send-buffer=4096 --recv-buffer=16384 --num-conns=2400 --num-calls=1
httperf: maximum number of open descriptors = 65535
Maximum connect burst length: 1

Connection lifetime histogram (time in ms):
             :
            10.5 76
            11.5 224
            12.5 190
            13.5 135
            14.5 142
            15.5 186
            16.5 205
            17.5 157
            18.5 116
            19.5 97
            20.5 74
            21.5 73
            22.5 59
            23.5 56
            24.5 39
            25.5 30
            26.5 13
            27.5 12
            28.5 8
            29.5 6
            30.5 9
            31.5 4
            32.5 4
            33.5 3
            34.5 1
            35.5 3
            36.5 1
             :
            38.5 1
             :
            40.5 1
            41.5 1
            42.5 1
             :
            44.5 2
             :
            48.5 1
            49.5 2
             :
            52.5 1
             :
            55.5 2
            56.5 1
             :
            58.5 1
             :
            60.5 3
            61.5 1
             :
            63.5 1
            64.5 3
            65.5 1
            66.5 1
            67.5 1
             :
            69.5 1
             :
            72.5 2
            73.5 1
            74.5 2
             :
            77.5 1
             :
            79.5 2
            80.5 1
             :
            82.5 3
             :
            84.5 3
            85.5 3
            86.5 3
            87.5 1
             :
            89.5 1
             :
            92.5 1
             :
            96.5 1
             :
            98.5 1
             :
           100.5 1
           101.5 1
           102.5 1
           103.5 1
           104.5 1
             :
           106.5 1
             :
           108.5 1
             :
           113.5 1
             :
           116.5 1
           117.5 1
             :
           120.5 1
           121.5 1
             :
           123.5 1
           124.5 1
             :
           126.5 2
             :
           129.5 3
           130.5 2
           131.5 1
             :
           134.5 2
             :
           136.5 1
             :
           138.5 1
           139.5 1
             :
           141.5 1
             :
           143.5 2
           144.5 1
             :
           146.5 1
             :
           148.5 5
             :
           151.5 2
           152.5 2
             :
           154.5 1
           155.5 2
             :
           157.5 1
           158.5 3
             :
           160.5 3
           161.5 1
             :
           163.5 1
           164.5 1
           165.5 2
             :
           167.5 1
             :
           169.5 1
           170.5 3
           171.5 4
             :
           173.5 1
           174.5 4
             :
           176.5 1
           177.5 1
           178.5 2
           179.5 3
           180.5 5
           181.5 1
           182.5 1
           183.5 2
           184.5 4
           185.5 2
           186.5 2
           187.5 5
           188.5 4
           189.5 4
             :
           191.5 1
           192.5 2
           193.5 2
           194.5 1
           195.5 2
           196.5 3
           197.5 3
           198.5 1
             :
           201.5 3
           202.5 1
           203.5 1
           204.5 3
           205.5 1
           206.5 3
           207.5 3
             :
           210.5 3
             :
           212.5 2
           213.5 2
           214.5 3
           215.5 1
           216.5 4
           217.5 4
           218.5 1
           219.5 1
           220.5 2
           221.5 2
           222.5 1
           223.5 1
           224.5 3
           225.5 3
           226.5 2
           227.5 3
           228.5 2
           229.5 7
           230.5 4
           231.5 1
           232.5 3
           233.5 1
           234.5 5
           235.5 1
           236.5 4
           237.5 5
           238.5 4
           239.5 4
           240.5 1
           241.5 1
           242.5 1
           243.5 3
           244.5 5
             :
           246.5 1
           247.5 2
             :
           249.5 2
           250.5 1
           251.5 2
           252.5 3
           253.5 2
           254.5 3
           255.5 1
           256.5 2
           257.5 1
           258.5 3
           259.5 2
           260.5 2
             :
           262.5 2
           263.5 2
           264.5 1
           265.5 5
           266.5 6
           267.5 3
           268.5 6
           269.5 2
           270.5 2
           271.5 1
           272.5 1
             :
           274.5 2
           275.5 2
           276.5 6
           277.5 1
           278.5 1
           279.5 2
           280.5 1
           281.5 1
           282.5 2
           283.5 1
             :
           285.5 1
           286.5 1
           287.5 4
           288.5 1
           289.5 4
             :
           292.5 2
           293.5 1
           294.5 1
             :
           296.5 3
           297.5 3
             :
           299.5 2
           300.5 2
           301.5 1
             :
           303.5 4
           304.5 2
           305.5 3
             :
           307.5 1
           308.5 1
           309.5 4
           310.5 2
           311.5 1
           312.5 1
             :
           314.5 2
           315.5 1
             :
           318.5 2
           319.5 2
           320.5 1
           321.5 1
           322.5 2
           323.5 3
           324.5 1
             :
           329.5 1
             :
           331.5 2
           332.5 3
           333.5 1
           334.5 1
             :
           336.5 2
           337.5 2
             :
           339.5 1
             :
           341.5 2
             :
           344.5 3
             :
           346.5 1
             :
           351.5 2
           352.5 1
             :
           354.5 2
             :
           360.5 1
           361.5 2
           362.5 2
             :
           364.5 1
           365.5 2
           366.5 1
             :
           368.5 1
             :
           370.5 3
             :
           372.5 1
             :
           374.5 1
             :
           377.5 1
             :
           379.5 2
           380.5 1
             :
           383.5 2
           384.5 1
             :
           386.5 1
           387.5 1
             :
           390.5 1
             :
           393.5 1
             :
           395.5 1
             :
           397.5 1
           398.5 2
           399.5 1
             :
           415.5 1
             :
           419.5 1
             :
           421.5 1
             :
           426.5 1
             :
           489.5 1
             :
           494.5 1

Total: connections 2400 requests 2400 replies 2400 test-duration 299.887 s

Connection rate: 8.0 conn/s (125.0 ms/conn, <=4 concurrent connections)
Connection time [ms]: min 10.3 avg 58.5 max 494.1 median 17.5 stddev 92.9
Connection time [ms]: connect 1.0
Connection length [replies/conn]: 1.000

Request rate: 8.0 req/s (125.0 ms/req)
Request size [B]: 67.0

Reply rate [replies/s]: min 5.0 avg 8.0 max 10.0 stddev 0.8 (299 samples)
Percentages of the replies served at a given rate:
   50%: 7
   66%: 7
   75%: 7
   80%: 7
   90%: 8
   95%: 8
   98%: 9
   99%: 9
  100%: 10

Reply time [ms]: response 54.6 transfer 2.8
Percentages of the requests served within a certain time (ms) :
   50%: 15
   66%: 18
   75%: 21
   80%: 32
   90%: 218
   95%: 266
   98%: 321
   99%: 353
  100%: 491

Reply size [B]: header 162.0 content 72.0 footer 1.0 (total 235.0)
Reply status: 1xx=0 2xx=2400 3xx=0 4xx=0 5xx=0

CPU time [s]: user 251.99 system 47.45 (user 84.0% system 15.8% total 99.9%)
Net I/O: 2.4 KB/s (0.0*10^6 bps)

Errors: total 0 client-timo 0 socket-timo 0 connrefused 0 connreset 0
Errors: fd-unavail 0 addrunavail 0 ftab-full 0 other 0

