httperf --verbose --hog --timeout=50 --client=0/1 --server=172.16.116.116 --port=8080 --uri=/ --rate=8 --send-buffer=4096 --recv-buffer=16384 --num-conns=2400 --num-calls=1
httperf: maximum number of open descriptors = 65535
Maximum connect burst length: 1

Connection lifetime histogram (time in ms):
             :
            10.5 458
            11.5 469
            12.5 274
            13.5 181
            14.5 143
            15.5 162
            16.5 200
            17.5 140
            18.5 57
            19.5 56
            20.5 31
            21.5 39
            22.5 32
            23.5 29
            24.5 24
            25.5 26
            26.5 21
            27.5 18
            28.5 11
            29.5 2
            30.5 6
            31.5 6
            32.5 1
            33.5 2
            34.5 1
            35.5 3
            36.5 2
             :
            39.5 2
             :
            45.5 1
             :
            49.5 1
             :
            51.5 1
             :
            94.5 1

Total: connections 2400 requests 2400 replies 2400 test-duration 299.885 s

Connection rate: 8.0 conn/s (125.0 ms/conn, <=1 concurrent connections)
Connection time [ms]: min 10.1 avg 14.6 max 94.7 median 12.5 stddev 4.9
Connection time [ms]: connect 0.5
Connection length [replies/conn]: 1.000

Request rate: 8.0 req/s (125.0 ms/req)
Request size [B]: 67.0

Reply rate [replies/s]: min 8.0 avg 8.0 max 8.0 stddev 0.0 (299 samples)
Percentages of the replies served at a given rate:
   50%: 7
   66%: 7
   75%: 7
   80%: 7
   90%: 7
   95%: 7
   98%: 7
   99%: 7
  100%: 8

Reply time [ms]: response 13.3 transfer 0.7
Percentages of the requests served within a certain time (ms) :
   50%: 11
   66%: 14
   75%: 15
   80%: 15
   90%: 18
   95%: 21
   98%: 25
   99%: 27
  100%: 47

Reply size [B]: header 162.0 content 72.0 footer 1.0 (total 235.0)
Reply status: 1xx=0 2xx=2400 3xx=0 4xx=0 5xx=0

CPU time [s]: user 256.78 system 42.76 (user 85.6% system 14.3% total 99.9%)
Net I/O: 2.4 KB/s (0.0*10^6 bps)

Errors: total 0 client-timo 0 socket-timo 0 connrefused 0 connreset 0
Errors: fd-unavail 0 addrunavail 0 ftab-full 0 other 0

