httperf --verbose --hog --timeout=50 --client=0/1 --server=172.16.116.116 --port=8080 --uri=/ --rate=8 --send-buffer=4096 --recv-buffer=16384 --num-conns=2400 --num-calls=1
httperf: maximum number of open descriptors = 65535
Maximum connect burst length: 1

Connection lifetime histogram (time in ms):
             :
            10.5 3
            11.5 18
            12.5 32
            13.5 35
            14.5 53
            15.5 69
            16.5 91
            17.5 118
            18.5 231
            19.5 196
            20.5 179
            21.5 181
            22.5 159
            23.5 120
            24.5 124
            25.5 87
            26.5 116
            27.5 79
            28.5 82
            29.5 76
            30.5 74
            31.5 66
            32.5 49
            33.5 58
            34.5 34
            35.5 33
            36.5 11
            37.5 11
            38.5 5
            39.5 3
            40.5 1
            41.5 3
             :
            47.5 1
             :
            52.5 1
             :
           102.5 1

Total: connections 2400 requests 2400 replies 2400 test-duration 299.901 s

Connection rate: 8.0 conn/s (125.0 ms/conn, <=1 concurrent connections)
Connection time [ms]: min 10.6 avg 23.1 max 102.8 median 21.5 stddev 6.0
Connection time [ms]: connect 0.7
Connection length [replies/conn]: 1.000

Request rate: 8.0 req/s (125.0 ms/req)
Request size [B]: 67.0

Reply rate [replies/s]: min 8.0 avg 8.0 max 8.0 stddev 0.0 (299 samples)
Percentages of the replies served at a given rate:
   50%: 7
   66%: 7
   75%: 7
   80%: 7
   90%: 7
   95%: 7
   98%: 7
   99%: 7
  100%: 8

Reply time [ms]: response 21.6 transfer 0.7
Percentages of the requests served within a certain time (ms) :
   50%: 20
   66%: 23
   75%: 25
   80%: 26
   90%: 29
   95%: 32
   98%: 34
   99%: 35
  100%: 60

Reply size [B]: header 162.0 content 72.0 footer 1.0 (total 235.0)
Reply status: 1xx=0 2xx=2400 3xx=0 4xx=0 5xx=0

CPU time [s]: user 256.49 system 43.11 (user 85.5% system 14.4% total 99.9%)
Net I/O: 2.4 KB/s (0.0*10^6 bps)

Errors: total 0 client-timo 0 socket-timo 0 connrefused 0 connreset 0
Errors: fd-unavail 0 addrunavail 0 ftab-full 0 other 0

