httperf --verbose --hog --timeout=50 --client=0/1 --server=172.16.116.116 --port=8080 --uri=/ --rate=8 --send-buffer=4096 --recv-buffer=16384 --num-conns=2400 --num-calls=1
httperf: maximum number of open descriptors = 65535
Maximum connect burst length: 1

Connection lifetime histogram (time in ms):
             :
            10.5 55
            11.5 74
            12.5 113
            13.5 139
            14.5 200
            15.5 238
            16.5 234
            17.5 207
            18.5 142
            19.5 112
            20.5 100
            21.5 77
            22.5 96
            23.5 92
            24.5 69
            25.5 63
            26.5 59
            27.5 40
            28.5 57
            29.5 49
            30.5 30
            31.5 36
            32.5 22
            33.5 21
            34.5 22
            35.5 12
            36.5 16
            37.5 6
            38.5 8
            39.5 4
            40.5 1
            41.5 2
            42.5 1
            43.5 1
             :
            45.5 1
             :
           102.5 1

Total: connections 2400 requests 2400 replies 2400 test-duration 299.891 s

Connection rate: 8.0 conn/s (125.0 ms/conn, <=1 concurrent connections)
Connection time [ms]: min 10.1 avg 19.6 max 102.8 median 17.5 stddev 6.4
Connection time [ms]: connect 0.8
Connection length [replies/conn]: 1.000

Request rate: 8.0 req/s (125.0 ms/req)
Request size [B]: 67.0

Reply rate [replies/s]: min 8.0 avg 8.0 max 8.0 stddev 0.0 (299 samples)
Percentages of the replies served at a given rate:
   50%: 7
   66%: 7
   75%: 7
   80%: 7
   90%: 7
   95%: 7
   98%: 7
   99%: 7
  100%: 8

Reply time [ms]: response 17.7 transfer 1.0
Percentages of the requests served within a certain time (ms) :
   50%: 15
   66%: 18
   75%: 20
   80%: 22
   90%: 26
   95%: 29
   98%: 32
   99%: 34
  100%: 55

Reply size [B]: header 162.0 content 72.0 footer 1.0 (total 235.0)
Reply status: 1xx=0 2xx=2400 3xx=0 4xx=0 5xx=0

CPU time [s]: user 253.67 system 45.78 (user 84.6% system 15.3% total 99.9%)
Net I/O: 2.4 KB/s (0.0*10^6 bps)

Errors: total 0 client-timo 0 socket-timo 0 connrefused 0 connreset 0
Errors: fd-unavail 0 addrunavail 0 ftab-full 0 other 0

