httperf --verbose --hog --timeout=50 --client=0/1 --server=172.16.116.116 --port=8080 --uri=/ --rate=8 --send-buffer=4096 --recv-buffer=16384 --num-conns=1440 --num-calls=1
httperf: maximum number of open descriptors = 65535
Maximum connect burst length: 1

Connection lifetime histogram (time in ms):
             :
            10.5 39
            11.5 260
            12.5 164
            13.5 148
            14.5 132
            15.5 152
            16.5 122
            17.5 114
            18.5 74
            19.5 62
            20.5 42
            21.5 29
            22.5 23
            23.5 19
            24.5 10
            25.5 6
            26.5 5
            27.5 7
            28.5 6
             :
            30.5 3
            31.5 2
            32.5 2
            33.5 2
             :
            38.5 1
             :
            70.5 1
             :
           102.5 1
             :
           107.5 1
             :
           141.5 1
             :
           174.5 1
             :
           179.5 1
             :
           202.5 1
             :
           212.5 1
             :
           230.5 1
             :
           246.5 1
             :
           268.5 1
             :
           288.5 1
             :
           291.5 1
             :
           300.5 1
             :
           302.5 1
             :
           308.5 1

Total: connections 1440 requests 1440 replies 1440 test-duration 179.889 s

Connection rate: 8.0 conn/s (124.9 ms/conn, <=2 concurrent connections)
Connection time [ms]: min 10.4 avg 17.6 max 308.8 median 14.5 stddev 22.7
Connection time [ms]: connect 1.0
Connection length [replies/conn]: 1.000

Request rate: 8.0 req/s (124.9 ms/req)
Request size [B]: 67.0

Reply rate [replies/s]: min 7.0 avg 8.0 max 9.0 stddev 0.2 (179 samples)
Percentages of the replies served at a given rate:
   50%: 7
   66%: 7
   75%: 7
   80%: 7
   90%: 7
   95%: 7
   98%: 7
   99%: 8
  100%: 9

Reply time [ms]: response 15.8 transfer 0.8
Percentages of the requests served within a certain time (ms) :
   50%: 13
   66%: 14
   75%: 15
   80%: 16
   90%: 18
   95%: 20
   98%: 25
   99%: 101
  100%: 307

Reply size [B]: header 163.0 content 72.0 footer 2.0 (total 237.0)
Reply status: 1xx=0 2xx=1440 3xx=0 4xx=0 5xx=0

CPU time [s]: user 152.45 system 27.15 (user 84.7% system 15.1% total 99.8%)
Net I/O: 2.4 KB/s (0.0*10^6 bps)

Errors: total 0 client-timo 0 socket-timo 0 connrefused 0 connreset 0
Errors: fd-unavail 0 addrunavail 0 ftab-full 0 other 0

