httperf --verbose --hog --timeout=50 --client=0/1 --server=172.16.116.116 --port=8080 --uri=/ --rate=8 --send-buffer=4096 --recv-buffer=16384 --num-conns=1440 --num-calls=1
httperf: maximum number of open descriptors = 65535
Maximum connect burst length: 1

Connection lifetime histogram (time in ms):
             :
            10.5 74
            11.5 267
            12.5 173
            13.5 159
            14.5 110
            15.5 108
            16.5 119
            17.5 93
            18.5 51
            19.5 27
            20.5 23
            21.5 11
            22.5 10
            23.5 3
            24.5 2
            25.5 6
            26.5 2
            27.5 1
            28.5 1
             :
            31.5 1
            32.5 1
            33.5 2
             :
            35.5 1
             :
            39.5 1
             :
            44.5 1
             :
            48.5 1
             :
            56.5 2
             :
            60.5 1
            61.5 1
             :
            68.5 2
             :
            74.5 1
             :
            76.5 2
             :
            79.5 1
             :
            83.5 1
             :
            85.5 2
             :
            89.5 1
             :
            91.5 1
             :
            94.5 1
            95.5 1
             :
            97.5 1
             :
           104.5 1
           105.5 2
             :
           107.5 2
             :
           109.5 1
             :
           121.5 1
             :
           124.5 2
           125.5 1
             :
           127.5 1
             :
           129.5 1
             :
           131.5 1
             :
           133.5 1
           134.5 1
           135.5 1
             :
           138.5 1
             :
           142.5 1
           143.5 1
           144.5 1
           145.5 1
           146.5 1
           147.5 1
           148.5 1
           149.5 1
             :
           153.5 2
           154.5 2
           155.5 1
           156.5 1
           157.5 1
             :
           161.5 1
           162.5 2
           163.5 2
           164.5 1
           165.5 1
             :
           167.5 1
           168.5 1
           169.5 1
           170.5 1
           171.5 3
             :
           173.5 2
             :
           179.5 1
           180.5 1
           181.5 1
             :
           183.5 1
             :
           185.5 4
           186.5 1
           187.5 1
           188.5 1
             :
           190.5 1
             :
           192.5 1
             :
           195.5 3
           196.5 3
             :
           198.5 1
           199.5 1
           200.5 2
           201.5 1
           202.5 3
             :
           204.5 2
           205.5 2
             :
           207.5 1
           208.5 1
           209.5 3
           210.5 2
           211.5 2
           212.5 1
           213.5 2
             :
           216.5 2
             :
           218.5 2
           219.5 2
           220.5 2
           221.5 2
             :
           223.5 2
             :
           228.5 1
           229.5 1
           230.5 1
             :
           233.5 1
           234.5 2
           235.5 1
           236.5 3
           237.5 1
           238.5 1
             :
           242.5 1
           243.5 1
           244.5 3
           245.5 2
             :
           247.5 1
             :
           251.5 1
           252.5 1
           253.5 1
             :
           256.5 1
             :
           259.5 1
             :
           262.5 2
             :
           265.5 3
           266.5 1
             :
           270.5 1
           271.5 1
             :
           274.5 1
           275.5 1
             :
           278.5 2
             :
           280.5 2
             :
           282.5 2
             :
           284.5 1
             :
           286.5 2
             :
           292.5 2
           293.5 1
           294.5 1
             :
           296.5 1
           297.5 2
             :
           300.5 2
           301.5 2
             :
           303.5 1
             :
           307.5 1
             :
           309.5 1
             :
           312.5 1
             :
           321.5 1
             :
           324.5 1
           325.5 1
             :
           330.5 1
             :
           333.5 1
             :
           335.5 1
             :
           352.5 1
             :
           363.5 1
             :
           380.5 1
             :
           387.5 1
             :
           414.5 1
             :
           420.5 1

Total: connections 1440 requests 1440 replies 1440 test-duration 180.197 s

Connection rate: 8.0 conn/s (125.1 ms/conn, <=3 concurrent connections)
Connection time [ms]: min 10.3 avg 40.1 max 420.4 median 14.5 stddev 70.7
Connection time [ms]: connect 1.0
Connection length [replies/conn]: 1.000

Request rate: 8.0 req/s (125.1 ms/req)
Request size [B]: 67.0

Reply rate [replies/s]: min 7.0 avg 8.0 max 9.0 stddev 0.5 (180 samples)
Percentages of the replies served at a given rate:
   50%: 7
   66%: 7
   75%: 7
   80%: 7
   90%: 8
   95%: 8
   98%: 8
   99%: 8
  100%: 9

Reply time [ms]: response 36.8 transfer 2.2
Percentages of the requests served within a certain time (ms) :
   50%: 12
   66%: 14
   75%: 15
   80%: 16
   90%: 152
   95%: 210
   98%: 258
   99%: 293
  100%: 363

Reply size [B]: header 162.0 content 72.0 footer 1.0 (total 235.0)
Reply status: 1xx=0 2xx=1440 3xx=0 4xx=0 5xx=0

CPU time [s]: user 152.11 system 27.80 (user 84.4% system 15.4% total 99.8%)
Net I/O: 2.4 KB/s (0.0*10^6 bps)

Errors: total 0 client-timo 0 socket-timo 0 connrefused 0 connreset 0
Errors: fd-unavail 0 addrunavail 0 ftab-full 0 other 0

