httperf --verbose --hog --timeout=50 --client=0/1 --server=172.16.116.116 --port=8080 --uri=/ --rate=24 --send-buffer=4096 --recv-buffer=16384 --num-conns=7200 --num-calls=1
httperf: maximum number of open descriptors = 65535
Maximum connect burst length: 1

Connection lifetime histogram (time in ms):
             :
            10.5 246
            11.5 635
            12.5 456
            13.5 406
            14.5 432
            15.5 471
            16.5 546
            17.5 425
            18.5 372
            19.5 360
            20.5 301
            21.5 282
            22.5 251
            23.5 219
            24.5 212
            25.5 190
            26.5 154
            27.5 140
            28.5 110
            29.5 115
            30.5 97
            31.5 72
            32.5 69
            33.5 59
            34.5 60
            35.5 44
            36.5 45
            37.5 47
            38.5 42
            39.5 40
            40.5 24
            41.5 22
            42.5 32
            43.5 22
            44.5 27
            45.5 15
            46.5 19
            47.5 13
            48.5 13
            49.5 17
            50.5 14
            51.5 12
            52.5 9
            53.5 6
            54.5 8
            55.5 5
            56.5 9
            57.5 5
            58.5 8
            59.5 6
            60.5 5
            61.5 2
            62.5 3
             :
            64.5 1
            65.5 1
            66.5 1
            67.5 2
            68.5 1

Total: connections 7200 requests 7200 replies 7200 test-duration 299.971 s

Connection rate: 24.0 conn/s (41.7 ms/conn, <=2 concurrent connections)
Connection time [ms]: min 10.2 avg 20.4 max 68.2 median 17.5 stddev 8.8
Connection time [ms]: connect 0.5
Connection length [replies/conn]: 1.000

Request rate: 24.0 req/s (41.7 ms/req)
Request size [B]: 67.0

Reply rate [replies/s]: min 23.0 avg 24.0 max 25.0 stddev 0.2 (299 samples)
Percentages of the replies served at a given rate:
   50%: 23
   66%: 23
   75%: 23
   80%: 23
   90%: 23
   95%: 23
   98%: 24
   99%: 24
  100%: 25

Reply time [ms]: response 18.9 transfer 0.8
Percentages of the requests served within a certain time (ms) :
   50%: 16
   66%: 19
   75%: 22
   80%: 23
   90%: 29
   95%: 36
   98%: 44
   99%: 49
  100%: 67

Reply size [B]: header 162.0 content 72.0 footer 1.0 (total 235.0)
Reply status: 1xx=0 2xx=7200 3xx=0 4xx=0 5xx=0

CPU time [s]: user 247.32 system 52.03 (user 82.4% system 17.3% total 99.8%)
Net I/O: 7.1 KB/s (0.1*10^6 bps)

Errors: total 0 client-timo 0 socket-timo 0 connrefused 0 connreset 0
Errors: fd-unavail 0 addrunavail 0 ftab-full 0 other 0

