httperf --verbose --hog --timeout=50 --client=0/1 --server=172.16.116.116 --port=8080 --uri=/ --rate=24 --send-buffer=4096 --recv-buffer=16384 --num-conns=7200 --num-calls=1
httperf: maximum number of open descriptors = 65535
Maximum connect burst length: 1

Connection lifetime histogram (time in ms):
             :
            10.5 90
            11.5 444
            12.5 299
            13.5 319
            14.5 300
            15.5 347
            16.5 401
            17.5 341
            18.5 280
            19.5 281
            20.5 286
            21.5 331
            22.5 303
            23.5 322
            24.5 310
            25.5 217
            26.5 208
            27.5 230
            28.5 176
            29.5 181
            30.5 165
            31.5 153
            32.5 113
            33.5 105
            34.5 102
            35.5 117
            36.5 91
            37.5 85
            38.5 65
            39.5 78
            40.5 59
            41.5 48
            42.5 41
            43.5 36
            44.5 35
            45.5 28
            46.5 34
            47.5 19
            48.5 25
            49.5 12
            50.5 19
            51.5 16
            52.5 12
            53.5 11
            54.5 10
            55.5 6
            56.5 4
            57.5 5
            58.5 5
            59.5 7
            60.5 4
            61.5 8
            62.5 4
            63.5 2
            64.5 2
            65.5 2
            66.5 1
            67.5 3
            68.5 1
             :
            71.5 1

Total: connections 7200 requests 7200 replies 7200 test-duration 299.992 s

Connection rate: 24.0 conn/s (41.7 ms/conn, <=2 concurrent connections)
Connection time [ms]: min 10.2 avg 23.4 max 71.4 median 21.5 stddev 9.6
Connection time [ms]: connect 0.6
Connection length [replies/conn]: 1.000

Request rate: 24.0 req/s (41.7 ms/req)
Request size [B]: 67.0

Reply rate [replies/s]: min 23.0 avg 24.0 max 25.0 stddev 0.2 (299 samples)
Percentages of the replies served at a given rate:
   50%: 23
   66%: 23
   75%: 23
   80%: 23
   90%: 23
   95%: 23
   98%: 24
   99%: 24
  100%: 25

Reply time [ms]: response 21.9 transfer 0.8
Percentages of the requests served within a certain time (ms) :
   50%: 20
   66%: 23
   75%: 26
   80%: 28
   90%: 34
   95%: 40
   98%: 46
   99%: 51
  100%: 67

Reply size [B]: header 162.0 content 72.0 footer 1.0 (total 235.0)
Reply status: 1xx=0 2xx=7200 3xx=0 4xx=0 5xx=0

CPU time [s]: user 265.76 system 33.66 (user 88.6% system 11.2% total 99.8%)
Net I/O: 7.1 KB/s (0.1*10^6 bps)

Errors: total 0 client-timo 0 socket-timo 0 connrefused 0 connreset 0
Errors: fd-unavail 0 addrunavail 0 ftab-full 0 other 0

