httperf --verbose --hog --timeout=50 --client=0/1 --server=172.16.116.116 --port=8080 --uri=/ --rate=8 --send-buffer=4096 --recv-buffer=16384 --num-conns=2400 --num-calls=1
httperf: maximum number of open descriptors = 65535
Maximum connect burst length: 1

Connection lifetime histogram (time in ms):
             :
            10.5 44
            11.5 302
            12.5 244
            13.5 196
            14.5 172
            15.5 183
            16.5 289
            17.5 160
            18.5 130
            19.5 105
            20.5 70
            21.5 59
            22.5 52
            23.5 37
            24.5 19
            25.5 11
            26.5 8
            27.5 9
            28.5 5
            29.5 3
            30.5 5
             :
            32.5 2
             :
            34.5 1
            35.5 1
            36.5 1
            37.5 1
            38.5 1
            39.5 1
             :
            42.5 1
             :
            44.5 1
             :
            47.5 1
             :
            49.5 1
             :
            54.5 1
            55.5 1
            56.5 2
             :
            60.5 1
             :
            66.5 1
            67.5 1
            68.5 2
            69.5 1
            70.5 1
             :
            76.5 1
            77.5 1
             :
            84.5 1
             :
            86.5 1
            87.5 1
             :
            89.5 1
            90.5 1
            91.5 1
            92.5 1
             :
            99.5 2
           100.5 1
           101.5 1
             :
           103.5 1
             :
           107.5 1
           108.5 2
           109.5 1
             :
           112.5 1
             :
           117.5 1
             :
           119.5 1
             :
           128.5 1
           129.5 1
           130.5 1
           131.5 1
           132.5 1
             :
           136.5 1
             :
           139.5 1
           140.5 2
           141.5 1
             :
           143.5 1
           144.5 1
           145.5 1
           146.5 1
             :
           149.5 3
           150.5 2
           151.5 1
             :
           153.5 1
             :
           155.5 1
           156.5 2
           157.5 1
           158.5 1
           159.5 1
           160.5 1
             :
           164.5 3
             :
           166.5 2
           167.5 2
           168.5 2
             :
           170.5 1
           171.5 1
           172.5 1
           173.5 2
           174.5 2
           175.5 3
           176.5 1
           177.5 1
           178.5 1
           179.5 3
           180.5 1
           181.5 2
           182.5 2
           183.5 3
           184.5 3
             :
           188.5 4
             :
           190.5 1
           191.5 2
           192.5 2
           193.5 1
           194.5 1
             :
           196.5 5
           197.5 2
           198.5 1
             :
           200.5 3
             :
           202.5 1
           203.5 2
             :
           205.5 4
           206.5 1
           207.5 3
           208.5 2
             :
           210.5 1
           211.5 1
           212.5 1
           213.5 4
           214.5 1
           215.5 1
           216.5 1
           217.5 2
           218.5 2
           219.5 1
             :
           223.5 3
           224.5 2
           225.5 4
             :
           227.5 2
           228.5 1
           229.5 6
           230.5 1
           231.5 6
           232.5 1
             :
           234.5 2
           235.5 3
           236.5 3
           237.5 1
           238.5 1
           239.5 3
           240.5 2
             :
           243.5 2
             :
           245.5 3
             :
           247.5 2
           248.5 4
             :
           251.5 1
           252.5 1
           253.5 3
           254.5 3
             :
           256.5 2
           257.5 1
             :
           259.5 1
             :
           261.5 1
           262.5 1
           263.5 1
           264.5 2
           265.5 3
           266.5 4
           267.5 1
             :
           269.5 3
           270.5 1
           271.5 3
             :
           273.5 2
             :
           275.5 1
           276.5 1
           277.5 1
             :
           281.5 1
           282.5 1
           283.5 1
           284.5 1
           285.5 2
           286.5 1
           287.5 1
           288.5 2
             :
           291.5 1
           292.5 1
           293.5 3
           294.5 1
             :
           296.5 1
             :
           298.5 1
           299.5 1
           300.5 1
           301.5 1
           302.5 1
             :
           305.5 1
           306.5 2
           307.5 1
           308.5 1
             :
           311.5 1
           312.5 1
             :
           319.5 1
             :
           321.5 1
             :
           326.5 1
           327.5 1
             :
           333.5 1
           334.5 1
           335.5 1
             :
           345.5 1
           346.5 1
             :
           349.5 1
             :
           355.5 1
             :
           360.5 3
           361.5 1
             :
           365.5 1
             :
           382.5 1
             :
           384.5 1
             :
           390.5 1
           391.5 1
             :
           412.5 1

Total: connections 2400 requests 2400 replies 2400 test-duration 299.982 s

Connection rate: 8.0 conn/s (125.0 ms/conn, <=3 concurrent connections)
Connection time [ms]: min 10.1 avg 39.6 max 412.1 median 16.5 stddev 69.2
Connection time [ms]: connect 0.9
Connection length [replies/conn]: 1.000

Request rate: 8.0 req/s (125.0 ms/req)
Request size [B]: 67.0

Reply rate [replies/s]: min 6.0 avg 8.0 max 10.0 stddev 0.5 (299 samples)
Percentages of the replies served at a given rate:
   50%: 7
   66%: 7
   75%: 7
   80%: 7
   90%: 8
   95%: 8
   98%: 8
   99%: 9
  100%: 10

Reply time [ms]: response 36.6 transfer 2.0
Percentages of the requests served within a certain time (ms) :
   50%: 14
   66%: 16
   75%: 17
   80%: 19
   90%: 135
   95%: 215
   98%: 263
   99%: 296
  100%: 411

Reply size [B]: header 163.0 content 72.0 footer 2.0 (total 237.0)
Reply status: 1xx=0 2xx=2400 3xx=0 4xx=0 5xx=0

CPU time [s]: user 252.50 system 47.03 (user 84.2% system 15.7% total 99.8%)
Net I/O: 2.4 KB/s (0.0*10^6 bps)

Errors: total 0 client-timo 0 socket-timo 0 connrefused 0 connreset 0
Errors: fd-unavail 0 addrunavail 0 ftab-full 0 other 0

