httperf --verbose --hog --timeout=50 --client=0/1 --server=172.16.116.116 --port=8080 --uri=/ --rate=8 --send-buffer=4096 --recv-buffer=16384 --num-conns=2400 --num-calls=1
httperf: maximum number of open descriptors = 65535
Maximum connect burst length: 1

Connection lifetime histogram (time in ms):
             :
            10.5 7
            11.5 361
            12.5 339
            13.5 197
            14.5 155
            15.5 144
            16.5 314
            17.5 195
            18.5 152
            19.5 83
            20.5 58
            21.5 41
            22.5 31
            23.5 16
            24.5 21
            25.5 8
            26.5 13
            27.5 9
            28.5 9
            29.5 8
            30.5 4
            31.5 1
            32.5 1
            33.5 3
            34.5 3
            35.5 2
            36.5 1
            37.5 2
            38.5 2
             :
            43.5 1
             :
            45.5 1
             :
            49.5 1
             :
            56.5 2
             :
            60.5 1
            61.5 2
             :
            65.5 1
            66.5 1
             :
            72.5 1
             :
            78.5 2
             :
            80.5 2
             :
            82.5 1
             :
            88.5 1
            89.5 1
            90.5 1
            91.5 1
            92.5 1
             :
            95.5 2
             :
            98.5 1
            99.5 1
           100.5 1
             :
           106.5 1
             :
           113.5 2
           114.5 1
             :
           116.5 1
             :
           119.5 1
             :
           123.5 1
             :
           131.5 1
             :
           133.5 2
           134.5 1
           135.5 3
           136.5 1
             :
           138.5 1
             :
           141.5 2
           142.5 1
           143.5 1
           144.5 2
           145.5 1
             :
           147.5 1
           148.5 1
             :
           150.5 1
             :
           152.5 1
             :
           155.5 1
             :
           158.5 2
           159.5 1
             :
           161.5 1
             :
           164.5 1
           165.5 2
           166.5 1
           167.5 1
           168.5 1
           169.5 1
           170.5 2
             :
           174.5 2
           175.5 2
             :
           177.5 1
           178.5 4
           179.5 1
           180.5 1
             :
           182.5 1
             :
           184.5 1
             :
           186.5 2
           187.5 1
           188.5 1
           189.5 1
             :
           191.5 2
           192.5 1
             :
           194.5 1
           195.5 1
           196.5 2
           197.5 1
           198.5 3
           199.5 2
             :
           203.5 1
             :
           205.5 1
           206.5 1
             :
           209.5 2
             :
           212.5 2
             :
           214.5 1
           215.5 1
             :
           217.5 2
           218.5 2
           219.5 2
             :
           223.5 3
           224.5 1
           225.5 3
             :
           227.5 1
           228.5 2
           229.5 1
             :
           232.5 3
           233.5 1
           234.5 1
           235.5 2
           236.5 2
           237.5 1
             :
           239.5 3
           240.5 1
             :
           242.5 2
           243.5 2
           244.5 3
           245.5 4
             :
           249.5 2
             :
           251.5 5
           252.5 1
           253.5 1
             :
           255.5 1
           256.5 2
             :
           258.5 1
           259.5 3
           260.5 1
             :
           264.5 1
           265.5 2
             :
           267.5 1
             :
           271.5 2
             :
           274.5 2
           275.5 1
             :
           278.5 2
           279.5 3
             :
           283.5 1
             :
           289.5 1
             :
           293.5 1
             :
           295.5 2
           296.5 1
             :
           298.5 1
           299.5 1
             :
           303.5 2
           304.5 1
             :
           306.5 1
             :
           308.5 2
           309.5 1
             :
           311.5 2
             :
           313.5 1
           314.5 1
             :
           317.5 2
           318.5 2
           319.5 1
             :
           321.5 1
             :
           323.5 2
           324.5 1
             :
           329.5 1
             :
           335.5 1
           336.5 1
           337.5 1
             :
           340.5 1
           341.5 1
             :
           351.5 1
             :
           359.5 1
             :
           364.5 1
             :
           371.5 1
             :
           400.5 1
             :
           410.5 1

Total: connections 2400 requests 2400 replies 2400 test-duration 299.886 s

Connection rate: 8.0 conn/s (125.0 ms/conn, <=3 concurrent connections)
Connection time [ms]: min 10.6 avg 33.6 max 410.7 median 15.5 stddev 61.3
Connection time [ms]: connect 0.8
Connection length [replies/conn]: 1.000

Request rate: 8.0 req/s (125.0 ms/req)
Request size [B]: 67.0

Reply rate [replies/s]: min 6.0 avg 8.0 max 10.0 stddev 0.5 (299 samples)
Percentages of the replies served at a given rate:
   50%: 7
   66%: 7
   75%: 7
   80%: 7
   90%: 7
   95%: 8
   98%: 8
   99%: 8
  100%: 10

Reply time [ms]: response 31.2 transfer 1.5
Percentages of the requests served within a certain time (ms) :
   50%: 14
   66%: 15
   75%: 17
   80%: 17
   90%: 26
   95%: 191
   98%: 254
   99%: 297
  100%: 409

Reply size [B]: header 162.0 content 72.0 footer 1.0 (total 235.0)
Reply status: 1xx=0 2xx=2400 3xx=0 4xx=0 5xx=0

CPU time [s]: user 253.85 system 45.61 (user 84.6% system 15.2% total 99.9%)
Net I/O: 2.4 KB/s (0.0*10^6 bps)

Errors: total 0 client-timo 0 socket-timo 0 connrefused 0 connreset 0
Errors: fd-unavail 0 addrunavail 0 ftab-full 0 other 0

