httperf --verbose --hog --timeout=50 --client=0/1 --server=172.16.116.116 --port=8080 --uri=/ --rate=24 --send-buffer=4096 --recv-buffer=16384 --num-conns=7200 --num-calls=1
httperf: maximum number of open descriptors = 65535
Maximum connect burst length: 1

Connection lifetime histogram (time in ms):
             :
            10.5 361
            11.5 1616
            12.5 708
            13.5 444
            14.5 417
            15.5 556
            16.5 1013
            17.5 728
            18.5 368
            19.5 242
            20.5 118
            21.5 112
            22.5 88
            23.5 70
            24.5 49
            25.5 42
            26.5 34
            27.5 30
            28.5 20
            29.5 11
            30.5 12
            31.5 14
            32.5 8
            33.5 10
            34.5 7
            35.5 9
            36.5 6
            37.5 3
            38.5 3
            39.5 2
             :
            41.5 1
             :
            44.5 1
             :
            52.5 1
             :
            60.5 1
             :
            63.5 1
             :
            86.5 1
             :
            93.5 1
             :
            99.5 1
             :
           103.5 1
             :
           108.5 1
             :
           111.5 1
             :
           124.5 1
             :
           126.5 1
             :
           141.5 1
             :
           144.5 1
             :
           147.5 1
             :
           150.5 1
             :
           152.5 1
           153.5 1
             :
           159.5 1
           160.5 1
           161.5 1
           162.5 1
             :
           164.5 1
             :
           167.5 1
             :
           169.5 1
           170.5 1
           171.5 1
             :
           174.5 1
           175.5 1
             :
           177.5 2
           178.5 1
           179.5 1
             :
           181.5 1
             :
           184.5 1
           185.5 1
             :
           188.5 2
             :
           190.5 1
             :
           194.5 1
             :
           196.5 1
             :
           203.5 1
             :
           205.5 1
           206.5 1
           207.5 2
           208.5 1
           209.5 1
           210.5 1
             :
           213.5 1
           214.5 1
             :
           222.5 1
           223.5 1
             :
           228.5 1
           229.5 1
           230.5 1
           231.5 1
           232.5 2
             :
           234.5 1
           235.5 1
             :
           238.5 2
             :
           243.5 1
           244.5 1
             :
           248.5 1
           249.5 1
           250.5 1
           251.5 1
             :
           253.5 1
           254.5 1
             :
           256.5 1
             :
           275.5 1
             :
           280.5 1
           281.5 3
             :
           284.5 1
           285.5 1
           286.5 1
             :
           289.5 1
             :
           291.5 1
             :
           298.5 1
           299.5 1
             :
           304.5 1
             :
           311.5 1
             :
           316.5 1
             :
           322.5 1
             :
           325.5 1
           326.5 1
           327.5 1
             :
           329.5 1
             :
           342.5 1
             :
           359.5 1
             :
           377.5 1
             :
           379.5 1
             :
           399.5 1
             :
           412.5 1

Total: connections 7200 requests 7200 replies 7200 test-duration 299.974 s

Connection rate: 24.0 conn/s (41.7 ms/conn, <=2 concurrent connections)
Connection time [ms]: min 10.3 avg 18.1 max 412.8 median 15.5 stddev 25.5
Connection time [ms]: connect 0.6
Connection length [replies/conn]: 1.000

Request rate: 24.0 req/s (41.7 ms/req)
Request size [B]: 67.0

Reply rate [replies/s]: min 23.0 avg 24.0 max 25.0 stddev 0.4 (299 samples)
Percentages of the replies served at a given rate:
   50%: 23
   66%: 23
   75%: 23
   80%: 23
   90%: 23
   95%: 24
   98%: 24
   99%: 24
  100%: 25

Reply time [ms]: response 16.7 transfer 0.6
Percentages of the requests served within a certain time (ms) :
   50%: 13
   66%: 15
   75%: 16
   80%: 16
   90%: 18
   95%: 22
   98%: 29
   99%: 168
  100%: 412

Reply size [B]: header 162.0 content 72.0 footer 1.0 (total 235.0)
Reply status: 1xx=0 2xx=7200 3xx=0 4xx=0 5xx=0

CPU time [s]: user 247.88 system 51.44 (user 82.6% system 17.1% total 99.8%)
Net I/O: 7.1 KB/s (0.1*10^6 bps)

Errors: total 0 client-timo 0 socket-timo 0 connrefused 0 connreset 0
Errors: fd-unavail 0 addrunavail 0 ftab-full 0 other 0

