httperf --verbose --hog --timeout=50 --client=0/1 --server=172.16.116.116 --port=8080 --uri=/ --rate=24 --send-buffer=4096 --recv-buffer=16384 --num-conns=7200 --num-calls=1
httperf: maximum number of open descriptors = 65535
Maximum connect burst length: 1

Connection lifetime histogram (time in ms):
             :
            10.5 397
            11.5 1973
            12.5 669
            13.5 381
            14.5 350
            15.5 643
            16.5 1080
            17.5 720
            18.5 308
            19.5 160
            20.5 112
            21.5 69
            22.5 82
            23.5 41
            24.5 34
            25.5 27
            26.5 23
            27.5 21
            28.5 12
            29.5 11
            30.5 10
            31.5 3
            32.5 8
            33.5 5
            34.5 10
            35.5 5
            36.5 1
            37.5 3
            38.5 2
            39.5 2
            40.5 1
             :
            57.5 1
             :
            60.5 1
             :
           128.5 1
             :
           134.5 1
             :
           160.5 1
             :
           164.5 1
             :
           174.5 1
           175.5 1
             :
           193.5 1
             :
           196.5 1
             :
           199.5 1
             :
           202.5 1
             :
           210.5 1
             :
           220.5 1
             :
           227.5 1
             :
           231.5 1
             :
           233.5 1
             :
           243.5 1
             :
           247.5 1
             :
           252.5 1
             :
           256.5 1
             :
           278.5 2
             :
           280.5 1
           281.5 1
             :
           287.5 2
             :
           294.5 2
             :
           325.5 1
           326.5 1
             :
           329.5 1
           330.5 1
             :
           333.5 1
             :
           356.5 1
             :
           367.5 1
             :
           387.5 1

Total: connections 7200 requests 7200 replies 7200 test-duration 299.972 s

Connection rate: 24.0 conn/s (41.7 ms/conn, <=2 concurrent connections)
Connection time [ms]: min 10.2 avg 16.0 max 387.4 median 14.5 stddev 17.7
Connection time [ms]: connect 0.6
Connection length [replies/conn]: 1.000

Request rate: 24.0 req/s (41.7 ms/req)
Request size [B]: 67.0

Reply rate [replies/s]: min 23.0 avg 24.0 max 25.0 stddev 0.2 (299 samples)
Percentages of the replies served at a given rate:
   50%: 23
   66%: 23
   75%: 23
   80%: 23
   90%: 23
   95%: 23
   98%: 24
   99%: 24
  100%: 25

Reply time [ms]: response 14.7 transfer 0.6
Percentages of the requests served within a certain time (ms) :
   50%: 13
   66%: 15
   75%: 15
   80%: 15
   90%: 17
   95%: 19
   98%: 23
   99%: 28
  100%: 354

Reply size [B]: header 162.0 content 72.0 footer 1.0 (total 235.0)
Reply status: 1xx=0 2xx=7200 3xx=0 4xx=0 5xx=0

CPU time [s]: user 247.84 system 51.46 (user 82.6% system 17.2% total 99.8%)
Net I/O: 7.1 KB/s (0.1*10^6 bps)

Errors: total 0 client-timo 0 socket-timo 0 connrefused 0 connreset 0
Errors: fd-unavail 0 addrunavail 0 ftab-full 0 other 0

