httperf --verbose --hog --timeout=50 --client=0/1 --server=172.16.116.116 --port=8080 --uri=/ --rate=24 --send-buffer=4096 --recv-buffer=16384 --num-conns=4320 --num-calls=1
httperf: maximum number of open descriptors = 65535
Maximum connect burst length: 1

Connection lifetime histogram (time in ms):
             :
             9.5 32
            10.5 1303
            11.5 679
            12.5 264
            13.5 200
            14.5 263
            15.5 460
            16.5 450
            17.5 197
            18.5 128
            19.5 71
            20.5 35
            21.5 40
            22.5 23
            23.5 10
            24.5 15
            25.5 10
            26.5 12
            27.5 9
            28.5 5
            29.5 5
            30.5 9
            31.5 9
            32.5 5
            33.5 3
            34.5 6
            35.5 4
            36.5 6
            37.5 2
            38.5 2
            39.5 4
            40.5 2
             :
            43.5 3
            44.5 1
            45.5 2
            46.5 2
            47.5 1
            48.5 1
            49.5 1
            50.5 4
             :
            52.5 1
             :
            54.5 2
             :
            56.5 1
             :
            58.5 2
            59.5 1
             :
            62.5 2
            63.5 1
             :
            66.5 1
             :
            73.5 1
             :
            78.5 1
             :
           437.5 1
             :
           470.5 1
             :
           509.5 1
             :
           534.5 1
             :
           548.5 1
             :
           560.5 1
             :
           572.5 1
           573.5 1
             :
           582.5 1
             :
           585.5 1
             :
           591.5 1
             :
           612.5 1
             :
           627.5 1
             :
           657.5 3
             :
           666.5 1
             :
           668.5 2
             :
           672.5 1
             :
           680.5 1
             :
           692.5 1
             :
           694.5 1
             :
           706.5 1
             :
           709.5 1
             :
           715.5 1
             :
           733.5 1
             :
           788.5 1
             :
           906.5 1

Total: connections 4320 requests 4320 replies 4320 test-duration 179.991 s

Connection rate: 24.0 conn/s (41.7 ms/conn, <=3 concurrent connections)
Connection time [ms]: min 9.6 avg 18.3 max 906.5 median 12.5 stddev 51.7
Connection time [ms]: connect 0.6
Connection length [replies/conn]: 1.000

Request rate: 24.0 req/s (41.7 ms/req)
Request size [B]: 67.0

Reply rate [replies/s]: min 22.0 avg 24.0 max 26.0 stddev 0.4 (179 samples)
Percentages of the replies served at a given rate:
   50%: 23
   66%: 23
   75%: 23
   80%: 23
   90%: 23
   95%: 24
   98%: 24
   99%: 24
  100%: 26

Reply time [ms]: response 16.7 transfer 0.9
Percentages of the requests served within a certain time (ms) :
   50%: 11
   66%: 14
   75%: 14
   80%: 15
   90%: 16
   95%: 19
   98%: 29
   99%: 46
  100%: 904

Reply size [B]: header 162.0 content 72.0 footer 1.0 (total 235.0)
Reply status: 1xx=0 2xx=4320 3xx=0 4xx=0 5xx=0

CPU time [s]: user 149.13 system 30.47 (user 82.9% system 16.9% total 99.8%)
Net I/O: 7.1 KB/s (0.1*10^6 bps)

Errors: total 0 client-timo 0 socket-timo 0 connrefused 0 connreset 0
Errors: fd-unavail 0 addrunavail 0 ftab-full 0 other 0

