httperf --verbose --hog --timeout=50 --client=0/1 --server=172.16.116.116 --port=8080 --uri=/ --rate=16 --send-buffer=4096 --recv-buffer=16384 --num-conns=2880 --num-calls=1
httperf: maximum number of open descriptors = 65535
Maximum connect burst length: 1

Connection lifetime histogram (time in ms):
             :
            10.5 455
            11.5 781
            12.5 276
            13.5 193
            14.5 195
            15.5 266
            16.5 326
            17.5 135
            18.5 76
            19.5 54
            20.5 27
            21.5 25
            22.5 17
            23.5 8
            24.5 4
            25.5 4
            26.5 3
            27.5 2
            28.5 1
            29.5 1
            30.5 2
             :
            37.5 1
             :
            56.5 1
             :
           125.5 1
             :
           128.5 1
             :
           137.5 1
             :
           149.5 1
             :
           153.5 1
           154.5 1
             :
           184.5 1
             :
           199.5 3
             :
           211.5 1
             :
           215.5 1
             :
           223.5 1
             :
           226.5 1
             :
           236.5 1
             :
           241.5 1
             :
           249.5 1
             :
           262.5 1
             :
           264.5 1
             :
           278.5 1
             :
           300.5 1
             :
           316.5 1
             :
           323.5 1
             :
           334.5 1
             :
           341.5 1
             :
           368.5 1
           369.5 1

Total: connections 2880 requests 2880 replies 2880 test-duration 179.952 s

Connection rate: 16.0 conn/s (62.5 ms/conn, <=2 concurrent connections)
Connection time [ms]: min 10.2 avg 15.8 max 369.9 median 12.5 stddev 22.8
Connection time [ms]: connect 0.7
Connection length [replies/conn]: 1.000

Request rate: 16.0 req/s (62.5 ms/req)
Request size [B]: 67.0

Reply rate [replies/s]: min 15.0 avg 16.0 max 17.0 stddev 0.2 (179 samples)
Percentages of the replies served at a given rate:
   50%: 15
   66%: 15
   75%: 15
   80%: 15
   90%: 15
   95%: 15
   98%: 16
   99%: 16
  100%: 17

Reply time [ms]: response 14.4 transfer 0.6
Percentages of the requests served within a certain time (ms) :
   50%: 11
   66%: 13
   75%: 14
   80%: 15
   90%: 15
   95%: 17
   98%: 20
   99%: 36
  100%: 360

Reply size [B]: header 162.0 content 72.0 footer 1.0 (total 235.0)
Reply status: 1xx=0 2xx=2880 3xx=0 4xx=0 5xx=0

CPU time [s]: user 150.47 system 29.13 (user 83.6% system 16.2% total 99.8%)
Net I/O: 4.7 KB/s (0.0*10^6 bps)

Errors: total 0 client-timo 0 socket-timo 0 connrefused 0 connreset 0
Errors: fd-unavail 0 addrunavail 0 ftab-full 0 other 0

