httperf --hog --timeout=1 --client=0/1 --server=172.17.60.201 --port=80 --uri=/ --rate=20 --send-buffer=4096 --recv-buffer=16384 --num-conns=2000 --num-calls=1
Maximum connect burst length: 1

Total: connections 2000 requests 2000 replies 2000 test-duration 99.954 s

Connection rate: 20.0 conn/s (50.0 ms/conn, <=1 concurrent connections)
Connection time [ms]: min 0.6 avg 5.9 max 41.8 median 5.5 stddev 5.1
Connection time [ms]: connect 0.7
Connection length [replies/conn]: 1.000

Request rate: 20.0 req/s (50.0 ms/req)
Request size [B]: 66.0

Reply rate [replies/s]: min 20.0 avg 20.0 max 20.0 stddev 0.0 (19 samples)
Reply time [ms]: response 5.2 transfer 0.1
Reply size [B]: header 221.0 content 68.0 footer 0.0 (total 289.0)
Reply status: 1xx=0 2xx=2000 3xx=0 4xx=0 5xx=0

CPU time [s]: user 42.94 system 56.86 (user 43.0% system 56.9% total 99.8%)
Net I/O: 7.0 KB/s (0.1*10^6 bps)

Errors: total 0 client-timo 0 socket-timo 0 connrefused 0 connreset 0
Errors: fd-unavail 0 addrunavail 0 ftab-full 0 other 0

httperf --hog --timeout=1 --client=0/1 --server=172.17.60.201 --port=80 --uri=/ --rate=40 --send-buffer=4096 --recv-buffer=16384 --num-conns=2000 --num-calls=1
Maximum connect burst length: 1

Total: connections 2000 requests 1802 replies 1232 test-duration 49.977 s

Connection rate: 40.0 conn/s (25.0 ms/conn, <=32 concurrent connections)
Connection time [ms]: min 0.8 avg 82.2 max 1994.4 median 1.5 stddev 295.7
Connection time [ms]: connect 58.8
Connection length [replies/conn]: 1.000

Request rate: 36.1 req/s (27.7 ms/req)
Request size [B]: 66.0

Reply rate [replies/s]: min 20.2 avg 23.7 max 32.6 stddev 3.7 (9 samples)
Reply time [ms]: response 68.0 transfer 0.0
Reply size [B]: header 257.0 content 75.0 footer 0.0 (total 332.0)
Reply status: 1xx=0 2xx=1232 3xx=0 4xx=0 5xx=0

CPU time [s]: user 6.08 system 43.79 (user 12.2% system 87.6% total 99.8%)
Net I/O: 10.3 KB/s (0.1*10^6 bps)

Errors: total 768 client-timo 768 socket-timo 0 connrefused 0 connreset 0
Errors: fd-unavail 0 addrunavail 0 ftab-full 0 other 0

httperf --hog --timeout=1 --client=0/1 --server=172.17.60.201 --port=80 --uri=/ --rate=60 --send-buffer=4096 --recv-buffer=16384 --num-conns=2000 --num-calls=1
Maximum connect burst length: 1

Total: connections 2000 requests 2000 replies 1975 test-duration 33.920 s

Connection rate: 59.0 conn/s (17.0 ms/conn, <=23 concurrent connections)
Connection time [ms]: min 0.7 avg 48.4 max 992.7 median 5.5 stddev 120.1
Connection time [ms]: connect 2.1
Connection length [replies/conn]: 1.000

Request rate: 59.0 req/s (17.0 ms/req)
Request size [B]: 66.0

Reply rate [replies/s]: min 58.2 avg 59.1 max 60.2 stddev 0.8 (6 samples)
Reply time [ms]: response 45.7 transfer 0.6
Reply size [B]: header 244.0 content 73.0 footer 0.0 (total 317.0)
Reply status: 1xx=0 2xx=1975 3xx=0 4xx=0 5xx=0

CPU time [s]: user 9.01 system 24.82 (user 26.6% system 73.2% total 99.8%)
Net I/O: 21.9 KB/s (0.2*10^6 bps)

Errors: total 25 client-timo 25 socket-timo 0 connrefused 0 connreset 0
Errors: fd-unavail 0 addrunavail 0 ftab-full 0 other 0

httperf --hog --timeout=1 --client=0/1 --server=172.17.60.201 --port=80 --uri=/ --rate=80 --send-buffer=4096 --recv-buffer=16384 --num-conns=2000 --num-calls=1
Maximum connect burst length: 1

Total: connections 2000 requests 1991 replies 1866 test-duration 25.017 s

Connection rate: 79.9 conn/s (12.5 ms/conn, <=30 concurrent connections)
Connection time [ms]: min 0.7 avg 98.9 max 1887.5 median 6.5 stddev 261.7
Connection time [ms]: connect 5.8
Connection length [replies/conn]: 1.000

Request rate: 79.6 req/s (12.6 ms/req)
Request size [B]: 66.0

Reply rate [replies/s]: min 71.4 avg 74.6 max 79.0 stddev 3.0 (5 samples)
Reply time [ms]: response 95.4 transfer 0.0
Reply size [B]: header 254.0 content 74.0 footer 0.0 (total 328.0)
Reply status: 1xx=0 2xx=1866 3xx=0 4xx=0 5xx=0

CPU time [s]: user 3.88 system 21.06 (user 15.5% system 84.2% total 99.7%)
Net I/O: 29.1 KB/s (0.2*10^6 bps)

Errors: total 134 client-timo 134 socket-timo 0 connrefused 0 connreset 0
Errors: fd-unavail 0 addrunavail 0 ftab-full 0 other 0

httperf --hog --timeout=1 --client=0/1 --server=172.17.60.201 --port=80 --uri=/ --rate=100 --send-buffer=4096 --recv-buffer=16384 --num-conns=2000 --num-calls=1
Maximum connect burst length: 1

Total: connections 2000 requests 1999 replies 1965 test-duration 20.303 s

Connection rate: 98.5 conn/s (10.2 ms/conn, <=23 concurrent connections)
Connection time [ms]: min 0.6 avg 52.0 max 1782.0 median 6.5 stddev 169.8
Connection time [ms]: connect 5.1
Connection length [replies/conn]: 1.000

Request rate: 98.5 req/s (10.2 ms/req)
Request size [B]: 66.0

Reply rate [replies/s]: min 96.6 avg 98.2 max 100.6 stddev 1.7 (4 samples)
Reply time [ms]: response 46.9 transfer 0.0
Reply size [B]: header 256.0 content 75.0 footer 0.0 (total 331.0)
Reply status: 1xx=0 2xx=1965 3xx=0 4xx=0 5xx=0

CPU time [s]: user 4.56 system 15.66 (user 22.5% system 77.1% total 99.6%)
Net I/O: 37.7 KB/s (0.3*10^6 bps)

Errors: total 35 client-timo 35 socket-timo 0 connrefused 0 connreset 0
Errors: fd-unavail 0 addrunavail 0 ftab-full 0 other 0

httperf --hog --timeout=1 --client=0/1 --server=172.17.60.201 --port=80 --uri=/ --rate=120 --send-buffer=4096 --recv-buffer=16384 --num-conns=2000 --num-calls=1
Maximum connect burst length: 1

Total: connections 2000 requests 1958 replies 1803 test-duration 17.362 s

Connection rate: 115.2 conn/s (8.7 ms/conn, <=32 concurrent connections)
Connection time [ms]: min 0.7 avg 51.9 max 1996.2 median 7.5 stddev 199.7
Connection time [ms]: connect 15.2
Connection length [replies/conn]: 1.000

Request rate: 112.8 req/s (8.9 ms/req)
Request size [B]: 66.0

Reply rate [replies/s]: min 103.0 avg 107.3 max 110.0 stddev 3.7 (3 samples)
Reply time [ms]: response 46.2 transfer 0.0
Reply size [B]: header 261.0 content 76.0 footer 0.0 (total 337.0)
Reply status: 1xx=0 2xx=1803 3xx=0 4xx=0 5xx=0

CPU time [s]: user 2.29 system 15.00 (user 13.2% system 86.4% total 99.6%)
Net I/O: 41.5 KB/s (0.3*10^6 bps)

Errors: total 197 client-timo 197 socket-timo 0 connrefused 0 connreset 0
Errors: fd-unavail 0 addrunavail 0 ftab-full 0 other 0

httperf --hog --timeout=1 --client=0/1 --server=172.17.60.201 --port=80 --uri=/ --rate=140 --send-buffer=4096 --recv-buffer=16384 --num-conns=2000 --num-calls=1
Maximum connect burst length: 2

Total: connections 2000 requests 1997 replies 1941 test-duration 15.163 s

Connection rate: 131.9 conn/s (7.6 ms/conn, <=38 concurrent connections)
Connection time [ms]: min 0.7 avg 41.8 max 1956.9 median 8.5 stddev 146.6
Connection time [ms]: connect 4.1
Connection length [replies/conn]: 1.000

Request rate: 131.7 req/s (7.6 ms/req)
Request size [B]: 66.0

Reply rate [replies/s]: min 119.2 avg 129.3 max 138.0 stddev 9.5 (3 samples)
Reply time [ms]: response 37.7 transfer 0.0
Reply size [B]: header 260.0 content 75.0 footer 0.0 (total 335.0)
Reply status: 1xx=0 2xx=1941 3xx=0 4xx=0 5xx=0

CPU time [s]: user 2.81 system 12.30 (user 18.5% system 81.1% total 99.6%)
Net I/O: 50.5 KB/s (0.4*10^6 bps)

Errors: total 59 client-timo 59 socket-timo 0 connrefused 0 connreset 0
Errors: fd-unavail 0 addrunavail 0 ftab-full 0 other 0

httperf --hog --timeout=1 --client=0/1 --server=172.17.60.201 --port=80 --uri=/ --rate=160 --send-buffer=4096 --recv-buffer=16384 --num-conns=2000 --num-calls=1
Maximum connect burst length: 2

Total: connections 2000 requests 2000 replies 1980 test-duration 12.898 s

Connection rate: 155.1 conn/s (6.4 ms/conn, <=30 concurrent connections)
Connection time [ms]: min 0.7 avg 34.4 max 939.3 median 8.5 stddev 114.8
Connection time [ms]: connect 4.0
Connection length [replies/conn]: 1.000

Request rate: 155.1 req/s (6.4 ms/req)
Request size [B]: 66.0

Reply rate [replies/s]: min 157.4 avg 157.6 max 157.8 stddev 0.3 (2 samples)
Reply time [ms]: response 30.4 transfer 0.0
Reply size [B]: header 259.0 content 75.0 footer 0.0 (total 334.0)
Reply status: 1xx=0 2xx=1980 3xx=0 4xx=0 5xx=0

CPU time [s]: user 2.86 system 9.98 (user 22.2% system 77.4% total 99.6%)
Net I/O: 60.3 KB/s (0.5*10^6 bps)

Errors: total 20 client-timo 20 socket-timo 0 connrefused 0 connreset 0
Errors: fd-unavail 0 addrunavail 0 ftab-full 0 other 0

httperf --hog --timeout=1 --client=0/1 --server=172.17.60.201 --port=80 --uri=/ --rate=180 --send-buffer=4096 --recv-buffer=16384 --num-conns=2000 --num-calls=1
Maximum connect burst length: 2

Total: connections 2000 requests 2000 replies 1969 test-duration 11.373 s

Connection rate: 175.8 conn/s (5.7 ms/conn, <=26 concurrent connections)
Connection time [ms]: min 0.8 avg 41.7 max 894.8 median 8.5 stddev 132.0
Connection time [ms]: connect 3.8
Connection length [replies/conn]: 1.000

Request rate: 175.8 req/s (5.7 ms/req)
Request size [B]: 66.0

Reply rate [replies/s]: min 176.4 avg 176.5 max 176.6 stddev 0.1 (2 samples)
Reply time [ms]: response 37.7 transfer 0.1
Reply size [B]: header 260.0 content 75.0 footer 0.0 (total 335.0)
Reply status: 1xx=0 2xx=1969 3xx=0 4xx=0 5xx=0

CPU time [s]: user 1.88 system 9.43 (user 16.5% system 82.9% total 99.5%)
Net I/O: 68.2 KB/s (0.6*10^6 bps)

Errors: total 31 client-timo 31 socket-timo 0 connrefused 0 connreset 0
Errors: fd-unavail 0 addrunavail 0 ftab-full 0 other 0

httperf --hog --timeout=1 --client=0/1 --server=172.17.60.201 --port=80 --uri=/ --rate=200 --send-buffer=4096 --recv-buffer=16384 --num-conns=2000 --num-calls=1
Maximum connect burst length: 2

Total: connections 2000 requests 1982 replies 1890 test-duration 10.349 s

Connection rate: 193.3 conn/s (5.2 ms/conn, <=32 concurrent connections)
Connection time [ms]: min 1.0 avg 24.0 max 1572.8 median 9.5 stddev 107.9
Connection time [ms]: connect 7.7
Connection length [replies/conn]: 1.000

Request rate: 191.5 req/s (5.2 ms/req)
Request size [B]: 66.0

Reply rate [replies/s]: min 188.2 avg 188.7 max 189.2 stddev 0.7 (2 samples)
Reply time [ms]: response 19.2 transfer 0.0
Reply size [B]: header 265.0 content 76.0 footer 0.0 (total 341.0)
Reply status: 1xx=0 2xx=1890 3xx=0 4xx=0 5xx=0

CPU time [s]: user 1.35 system 8.95 (user 13.0% system 86.5% total 99.5%)
Net I/O: 73.3 KB/s (0.6*10^6 bps)

Errors: total 110 client-timo 110 socket-timo 0 connrefused 0 connreset 0
Errors: fd-unavail 0 addrunavail 0 ftab-full 0 other 0

httperf --hog --timeout=1 --client=0/1 --server=172.17.60.201 --port=80 --uri=/ --rate=220 --send-buffer=4096 --recv-buffer=16384 --num-conns=2000 --num-calls=1
Maximum connect burst length: 2

Total: connections 2000 requests 1976 replies 1906 test-duration 9.117 s

Connection rate: 219.4 conn/s (4.6 ms/conn, <=36 concurrent connections)
Connection time [ms]: min 0.9 avg 32.9 max 1961.1 median 10.5 stddev 136.4
Connection time [ms]: connect 6.5
Connection length [replies/conn]: 1.000

Request rate: 216.7 req/s (4.6 ms/req)
Request size [B]: 66.0

Reply rate [replies/s]: min 208.8 avg 208.8 max 208.8 stddev 0.0 (1 samples)
Reply time [ms]: response 27.9 transfer 0.0
Reply size [B]: header 264.0 content 76.0 footer 0.0 (total 340.0)
Reply status: 1xx=0 2xx=1906 3xx=0 4xx=0 5xx=0

CPU time [s]: user 1.08 system 7.99 (user 11.9% system 87.6% total 99.5%)
Net I/O: 83.5 KB/s (0.7*10^6 bps)

Errors: total 94 client-timo 94 socket-timo 0 connrefused 0 connreset 0
Errors: fd-unavail 0 addrunavail 0 ftab-full 0 other 0

httperf --hog --timeout=1 --client=0/1 --server=172.17.60.201 --port=80 --uri=/ --rate=240 --send-buffer=4096 --recv-buffer=16384 --num-conns=2000 --num-calls=1
Maximum connect burst length: 2

Total: connections 2000 requests 1969 replies 1887 test-duration 8.345 s

Connection rate: 239.7 conn/s (4.2 ms/conn, <=39 concurrent connections)
Connection time [ms]: min 1.2 avg 24.4 max 953.2 median 10.5 stddev 91.8
Connection time [ms]: connect 5.2
Connection length [replies/conn]: 1.000

Request rate: 235.9 req/s (4.2 ms/req)
Request size [B]: 66.0

Reply rate [replies/s]: min 224.8 avg 224.8 max 224.8 stddev 0.0 (1 samples)
Reply time [ms]: response 19.8 transfer 0.0
Reply size [B]: header 265.0 content 76.0 footer 0.0 (total 341.0)
Reply status: 1xx=0 2xx=1887 3xx=0 4xx=0 5xx=0

CPU time [s]: user 0.91 system 7.39 (user 10.9% system 88.6% total 99.5%)
Net I/O: 90.7 KB/s (0.7*10^6 bps)

Errors: total 113 client-timo 113 socket-timo 0 connrefused 0 connreset 0
Errors: fd-unavail 0 addrunavail 0 ftab-full 0 other 0

httperf --hog --timeout=1 --client=0/1 --server=172.17.60.201 --port=80 --uri=/ --rate=260 --send-buffer=4096 --recv-buffer=16384 --num-conns=2000 --num-calls=1
Maximum connect burst length: 4

Total: connections 2000 requests 1960 replies 1880 test-duration 7.700 s

Connection rate: 259.7 conn/s (3.9 ms/conn, <=44 concurrent connections)
Connection time [ms]: min 1.8 avg 27.0 max 999.2 median 12.5 stddev 103.7
Connection time [ms]: connect 7.4
Connection length [replies/conn]: 1.000

Request rate: 254.5 req/s (3.9 ms/req)
Request size [B]: 66.0

Reply rate [replies/s]: min 240.6 avg 240.6 max 240.6 stddev 0.0 (1 samples)
Reply time [ms]: response 22.1 transfer 0.0
Reply size [B]: header 265.0 content 76.0 footer 0.0 (total 341.0)
Reply status: 1xx=0 2xx=1880 3xx=0 4xx=0 5xx=0

CPU time [s]: user 0.66 system 6.98 (user 8.6% system 90.7% total 99.3%)
Net I/O: 98.0 KB/s (0.8*10^6 bps)

Errors: total 120 client-timo 120 socket-timo 0 connrefused 0 connreset 0
Errors: fd-unavail 0 addrunavail 0 ftab-full 0 other 0

httperf --hog --timeout=1 --client=0/1 --server=172.17.60.201 --port=80 --uri=/ --rate=280 --send-buffer=4096 --recv-buffer=16384 --num-conns=2000 --num-calls=1
Maximum connect burst length: 4

Total: connections 2000 requests 1830 replies 1725 test-duration 9.089 s

Connection rate: 220.1 conn/s (4.5 ms/conn, <=116 concurrent connections)
Connection time [ms]: min 0.8 avg 61.8 max 1967.2 median 17.5 stddev 161.2
Connection time [ms]: connect 16.1
Connection length [replies/conn]: 1.000

Request rate: 201.3 req/s (5.0 ms/req)
Request size [B]: 66.0

Reply rate [replies/s]: min 245.0 avg 245.0 max 245.0 stddev 0.0 (1 samples)
Reply time [ms]: response 49.0 transfer 0.0
Reply size [B]: header 266.0 content 76.0 footer 0.0 (total 342.0)
Reply status: 1xx=0 2xx=1725 3xx=0 4xx=0 5xx=0

CPU time [s]: user 0.97 system 8.05 (user 10.7% system 88.5% total 99.2%)
Net I/O: 76.6 KB/s (0.6*10^6 bps)

Errors: total 275 client-timo 275 socket-timo 0 connrefused 0 connreset 0
Errors: fd-unavail 0 addrunavail 0 ftab-full 0 other 0

httperf --hog --timeout=1 --client=0/1 --server=172.17.60.201 --port=80 --uri=/ --rate=300 --send-buffer=4096 --recv-buffer=16384 --num-conns=2000 --num-calls=1
Maximum connect burst length: 4

Total: connections 2000 requests 1889 replies 1807 test-duration 7.428 s

Connection rate: 269.2 conn/s (3.7 ms/conn, <=66 concurrent connections)
Connection time [ms]: min 1.3 avg 36.9 max 1997.7 median 20.5 stddev 73.4
Connection time [ms]: connect 11.2
Connection length [replies/conn]: 1.000

Request rate: 254.3 req/s (3.9 ms/req)
Request size [B]: 66.0

Reply rate [replies/s]: min 262.8 avg 262.8 max 262.8 stddev 0.0 (1 samples)
Reply time [ms]: response 28.9 transfer 0.0
Reply size [B]: header 266.0 content 76.0 footer 0.0 (total 342.0)
Reply status: 1xx=0 2xx=1807 3xx=0 4xx=0 5xx=0

CPU time [s]: user 0.76 system 6.61 (user 10.2% system 89.0% total 99.2%)
Net I/O: 98.1 KB/s (0.8*10^6 bps)

Errors: total 193 client-timo 193 socket-timo 0 connrefused 0 connreset 0
Errors: fd-unavail 0 addrunavail 0 ftab-full 0 other 0

httperf --hog --timeout=1 --client=0/1 --server=172.17.60.201 --port=80 --uri=/ --rate=320 --send-buffer=4096 --recv-buffer=16384 --num-conns=2000 --num-calls=1
Maximum connect burst length: 5

Total: connections 2000 requests 1874 replies 1804 test-duration 7.147 s

Connection rate: 279.8 conn/s (3.6 ms/conn, <=73 concurrent connections)
Connection time [ms]: min 1.6 avg 31.5 max 1020.6 median 19.5 stddev 66.3
Connection time [ms]: connect 10.8
Connection length [replies/conn]: 1.000

Request rate: 262.2 req/s (3.8 ms/req)
Request size [B]: 66.0

Reply rate [replies/s]: min 280.6 avg 280.6 max 280.6 stddev 0.0 (1 samples)
Reply time [ms]: response 21.7 transfer 0.0
Reply size [B]: header 266.0 content 76.0 footer 0.0 (total 342.0)
Reply status: 1xx=0 2xx=1804 3xx=0 4xx=0 5xx=0

CPU time [s]: user 0.72 system 6.38 (user 10.0% system 89.3% total 99.3%)
Net I/O: 101.7 KB/s (0.8*10^6 bps)

Errors: total 196 client-timo 196 socket-timo 0 connrefused 0 connreset 0
Errors: fd-unavail 0 addrunavail 0 ftab-full 0 other 0

httperf --hog --timeout=1 --client=0/1 --server=172.17.60.201 --port=80 --uri=/ --rate=340 --send-buffer=4096 --recv-buffer=16384 --num-conns=2000 --num-calls=1
Maximum connect burst length: 4

Total: connections 2000 requests 1862 replies 1790 test-duration 7.754 s

Connection rate: 257.9 conn/s (3.9 ms/conn, <=70 concurrent connections)
Connection time [ms]: min 1.1 avg 39.3 max 1739.7 median 24.5 stddev 92.9
Connection time [ms]: connect 14.7
Connection length [replies/conn]: 1.000

Request rate: 240.1 req/s (4.2 ms/req)
Request size [B]: 66.0

Reply rate [replies/s]: min 299.2 avg 299.2 max 299.2 stddev 0.0 (1 samples)
Reply time [ms]: response 28.2 transfer 0.0
Reply size [B]: header 266.0 content 76.0 footer 0.0 (total 342.0)
Reply status: 1xx=0 2xx=1790 3xx=0 4xx=0 5xx=0

CPU time [s]: user 0.72 system 6.98 (user 9.3% system 90.0% total 99.3%)
Net I/O: 92.9 KB/s (0.8*10^6 bps)

Errors: total 210 client-timo 210 socket-timo 0 connrefused 0 connreset 0
Errors: fd-unavail 0 addrunavail 0 ftab-full 0 other 0

httperf --hog --timeout=1 --client=0/1 --server=172.17.60.201 --port=80 --uri=/ --rate=360 --send-buffer=4096 --recv-buffer=16384 --num-conns=2000 --num-calls=1
Maximum connect burst length: 5

Total: connections 2000 requests 1889 replies 1810 test-duration 6.523 s

Connection rate: 306.6 conn/s (3.3 ms/conn, <=70 concurrent connections)
Connection time [ms]: min 3.0 avg 33.5 max 1007.4 median 28.5 stddev 42.6
Connection time [ms]: connect 9.8
Connection length [replies/conn]: 1.000

Request rate: 289.6 req/s (3.5 ms/req)
Request size [B]: 66.0

Reply rate [replies/s]: min 320.0 avg 320.0 max 320.0 stddev 0.0 (1 samples)
Reply time [ms]: response 26.2 transfer 0.0
Reply size [B]: header 266.0 content 76.0 footer 0.0 (total 342.0)
Reply status: 1xx=0 2xx=1810 3xx=0 4xx=0 5xx=0

CPU time [s]: user 0.52 system 5.95 (user 8.0% system 91.2% total 99.3%)
Net I/O: 111.8 KB/s (0.9*10^6 bps)

Errors: total 190 client-timo 190 socket-timo 0 connrefused 0 connreset 0
Errors: fd-unavail 0 addrunavail 0 ftab-full 0 other 0

httperf --hog --timeout=1 --client=0/1 --server=172.17.60.201 --port=80 --uri=/ --rate=380 --send-buffer=4096 --recv-buffer=16384 --num-conns=2000 --num-calls=1
Maximum connect burst length: 6

Total: connections 2000 requests 1872 replies 1814 test-duration 7.231 s

Connection rate: 276.6 conn/s (3.6 ms/conn, <=79 concurrent connections)
Connection time [ms]: min 3.5 avg 39.6 max 1034.7 median 31.5 stddev 57.0
Connection time [ms]: connect 9.8
Connection length [replies/conn]: 1.000

Request rate: 258.9 req/s (3.9 ms/req)
Request size [B]: 66.0

Reply rate [replies/s]: min 341.2 avg 341.2 max 341.2 stddev 0.0 (1 samples)
Reply time [ms]: response 31.4 transfer 0.0
Reply size [B]: header 266.0 content 76.0 footer 0.0 (total 342.0)
Reply status: 1xx=0 2xx=1814 3xx=0 4xx=0 5xx=0

CPU time [s]: user 0.85 system 6.34 (user 11.7% system 87.6% total 99.4%)
Net I/O: 100.9 KB/s (0.8*10^6 bps)

Errors: total 186 client-timo 186 socket-timo 0 connrefused 0 connreset 0
Errors: fd-unavail 0 addrunavail 0 ftab-full 0 other 0

httperf --hog --timeout=1 --client=0/1 --server=172.17.60.201 --port=80 --uri=/ --rate=400 --send-buffer=4096 --recv-buffer=16384 --num-conns=2000 --num-calls=1
Maximum connect burst length: 4

Total: connections 2000 requests 1740 replies 1670 test-duration 6.003 s

Connection rate: 333.2 conn/s (3.0 ms/conn, <=141 concurrent connections)
Connection time [ms]: min 2.4 avg 97.7 max 1027.2 median 68.5 stddev 115.8
Connection time [ms]: connect 18.7
Connection length [replies/conn]: 1.000

Request rate: 289.9 req/s (3.4 ms/req)
Request size [B]: 66.0

Reply rate [replies/s]: min 332.5 avg 332.5 max 332.5 stddev 0.0 (1 samples)
Reply time [ms]: response 79.5 transfer 0.0
Reply size [B]: header 267.0 content 77.0 footer 0.0 (total 344.0)
Reply status: 1xx=0 2xx=1670 3xx=0 4xx=0 5xx=0

CPU time [s]: user 0.28 system 5.66 (user 4.7% system 94.3% total 99.0%)
Net I/O: 112.1 KB/s (0.9*10^6 bps)

Errors: total 330 client-timo 330 socket-timo 0 connrefused 0 connreset 0
Errors: fd-unavail 0 addrunavail 0 ftab-full 0 other 0

httperf --hog --timeout=1 --client=0/1 --server=172.17.60.201 --port=80 --uri=/ --rate=420 --send-buffer=4096 --recv-buffer=16384 --num-conns=2000 --num-calls=1
Maximum connect burst length: 6

Total: connections 2000 requests 1774 replies 1704 test-duration 5.693 s

Connection rate: 351.3 conn/s (2.8 ms/conn, <=147 concurrent connections)
Connection time [ms]: min 3.3 avg 72.7 max 1075.5 median 51.5 stddev 102.2
Connection time [ms]: connect 16.0
Connection length [replies/conn]: 1.000

Request rate: 311.6 req/s (3.2 ms/req)
Request size [B]: 66.0

Reply rate [replies/s]: min 340.8 avg 340.8 max 340.8 stddev 0.0 (1 samples)
Reply time [ms]: response 58.3 transfer 0.0
Reply size [B]: header 267.0 content 77.0 footer 0.0 (total 344.0)
Reply status: 1xx=0 2xx=1704 3xx=0 4xx=0 5xx=0

CPU time [s]: user 0.30 system 5.33 (user 5.3% system 93.6% total 98.9%)
Net I/O: 120.6 KB/s (1.0*10^6 bps)

Errors: total 296 client-timo 296 socket-timo 0 connrefused 0 connreset 0
Errors: fd-unavail 0 addrunavail 0 ftab-full 0 other 0

httperf --hog --timeout=1 --client=0/1 --server=172.17.60.201 --port=80 --uri=/ --rate=440 --send-buffer=4096 --recv-buffer=16384 --num-conns=2000 --num-calls=1
Maximum connect burst length: 6

Total: connections 2000 requests 1652 replies 1580 test-duration 5.541 s

Connection rate: 360.9 conn/s (2.8 ms/conn, <=236 concurrent connections)
Connection time [ms]: min 2.8 avg 106.9 max 1066.5 median 70.5 stddev 131.8
Connection time [ms]: connect 17.4
Connection length [replies/conn]: 1.000

Request rate: 298.1 req/s (3.4 ms/req)
Request size [B]: 66.0

Reply rate [replies/s]: min 316.0 avg 316.0 max 316.0 stddev 0.0 (1 samples)
Reply time [ms]: response 90.7 transfer 0.0
Reply size [B]: header 266.0 content 76.0 footer 0.0 (total 342.0)
Reply status: 1xx=0 2xx=1580 3xx=0 4xx=0 5xx=0

CPU time [s]: user 0.21 system 5.26 (user 3.8% system 94.9% total 98.7%)
Net I/O: 115.0 KB/s (0.9*10^6 bps)

Errors: total 420 client-timo 420 socket-timo 0 connrefused 0 connreset 0
Errors: fd-unavail 0 addrunavail 0 ftab-full 0 other 0

httperf --hog --timeout=1 --client=0/1 --server=172.17.60.201 --port=80 --uri=/ --rate=460 --send-buffer=4096 --recv-buffer=16384 --num-conns=2000 --num-calls=1
Maximum connect burst length: 5

Total: connections 2000 requests 1532 replies 1472 test-duration 5.313 s

Connection rate: 376.4 conn/s (2.7 ms/conn, <=258 concurrent connections)
Connection time [ms]: min 11.0 avg 160.6 max 1555.1 median 94.5 stddev 173.6
Connection time [ms]: connect 24.5
Connection length [replies/conn]: 1.000

Request rate: 288.3 req/s (3.5 ms/req)
Request size [B]: 66.0

Reply rate [replies/s]: min 294.0 avg 294.0 max 294.0 stddev 0.0 (1 samples)
Reply time [ms]: response 136.8 transfer 0.0
Reply size [B]: header 266.0 content 76.0 footer 0.0 (total 342.0)
Reply status: 1xx=0 2xx=1472 3xx=0 4xx=0 5xx=0

CPU time [s]: user 0.17 system 5.06 (user 3.2% system 95.2% total 98.5%)
Net I/O: 111.5 KB/s (0.9*10^6 bps)

Errors: total 528 client-timo 528 socket-timo 0 connrefused 0 connreset 0
Errors: fd-unavail 0 addrunavail 0 ftab-full 0 other 0

httperf --hog --timeout=1 --client=0/1 --server=172.17.60.201 --port=80 --uri=/ --rate=480 --send-buffer=4096 --recv-buffer=16384 --num-conns=2000 --num-calls=1
Maximum connect burst length: 3

Total: connections 2000 requests 1624 replies 1538 test-duration 5.199 s

Connection rate: 384.7 conn/s (2.6 ms/conn, <=233 concurrent connections)
Connection time [ms]: min 3.4 avg 96.7 max 1062.4 median 48.5 stddev 144.7
Connection time [ms]: connect 17.1
Connection length [replies/conn]: 1.000

Request rate: 312.4 req/s (3.2 ms/req)
Request size [B]: 66.0

Reply rate [replies/s]: min 307.6 avg 307.6 max 307.6 stddev 0.0 (1 samples)
Reply time [ms]: response 81.6 transfer 0.0
Reply size [B]: header 267.0 content 77.0 footer 0.0 (total 344.0)
Reply status: 1xx=0 2xx=1538 3xx=0 4xx=0 5xx=0

CPU time [s]: user 0.15 system 4.98 (user 2.8% system 95.8% total 98.6%)
Net I/O: 119.5 KB/s (1.0*10^6 bps)

Errors: total 462 client-timo 462 socket-timo 0 connrefused 0 connreset 0
Errors: fd-unavail 0 addrunavail 0 ftab-full 0 other 0

httperf --hog --timeout=1 --client=0/1 --server=172.17.60.201 --port=80 --uri=/ --rate=500 --send-buffer=4096 --recv-buffer=16384 --num-conns=2000 --num-calls=1
Maximum connect burst length: 7

Total: connections 2000 requests 1577 replies 1450 test-duration 5.005 s

Connection rate: 399.6 conn/s (2.5 ms/conn, <=318 concurrent connections)
Connection time [ms]: min 5.1 avg 107.7 max 1003.7 median 53.5 stddev 144.6
Connection time [ms]: connect 18.3
Connection length [replies/conn]: 1.000

Request rate: 315.1 req/s (3.2 ms/req)
Request size [B]: 66.0

Reply rate [replies/s]: min 290.0 avg 290.0 max 290.0 stddev 0.0 (1 samples)
Reply time [ms]: response 91.4 transfer 0.0
Reply size [B]: header 267.0 content 77.0 footer 0.0 (total 344.0)
Reply status: 1xx=0 2xx=1450 3xx=0 4xx=0 5xx=0

CPU time [s]: user 0.12 system 4.80 (user 2.5% system 96.0% total 98.5%)
Net I/O: 117.6 KB/s (1.0*10^6 bps)

Errors: total 550 client-timo 550 socket-timo 0 connrefused 0 connreset 0
Errors: fd-unavail 0 addrunavail 0 ftab-full 0 other 0

httperf --hog --timeout=1 --client=0/1 --server=172.17.60.201 --port=80 --uri=/ --rate=520 --send-buffer=4096 --recv-buffer=16384 --num-conns=2000 --num-calls=1
Maximum connect burst length: 7

Total: connections 2000 requests 1436 replies 1350 test-duration 4.870 s

Connection rate: 410.7 conn/s (2.4 ms/conn, <=276 concurrent connections)
Connection time [ms]: min 16.8 avg 163.4 max 1082.4 median 99.5 stddev 162.8
Connection time [ms]: connect 21.9
Connection length [replies/conn]: 1.000

Request rate: 294.9 req/s (3.4 ms/req)
Request size [B]: 66.0

Reply rate [replies/s]: min 0.0 avg 0.0 max 0.0 stddev 0.0 (0 samples)
Reply time [ms]: response 141.4 transfer 0.0
Reply size [B]: header 267.0 content 77.0 footer 0.0 (total 344.0)
Reply status: 1xx=0 2xx=1350 3xx=0 4xx=0 5xx=0

CPU time [s]: user 0.14 system 4.64 (user 2.8% system 95.3% total 98.1%)
Net I/O: 112.1 KB/s (0.9*10^6 bps)

Errors: total 650 client-timo 650 socket-timo 0 connrefused 0 connreset 0
Errors: fd-unavail 0 addrunavail 0 ftab-full 0 other 0

httperf --hog --timeout=1 --client=0/1 --server=172.17.60.201 --port=80 --uri=/ --rate=540 --send-buffer=4096 --recv-buffer=16384 --num-conns=2000 --num-calls=1
Maximum connect burst length: 6

Total: connections 2000 requests 1350 replies 1253 test-duration 4.720 s

Connection rate: 423.7 conn/s (2.4 ms/conn, <=335 concurrent connections)
Connection time [ms]: min 34.6 avg 168.7 max 1055.1 median 107.5 stddev 148.5
Connection time [ms]: connect 24.8
Connection length [replies/conn]: 1.000

Request rate: 286.0 req/s (3.5 ms/req)
Request size [B]: 66.0

Reply rate [replies/s]: min 0.0 avg 0.0 max 0.0 stddev 0.0 (0 samples)
Reply time [ms]: response 144.1 transfer 0.0
Reply size [B]: header 267.0 content 77.0 footer 0.0 (total 344.0)
Reply status: 1xx=0 2xx=1253 3xx=0 4xx=0 5xx=0

CPU time [s]: user 0.12 system 4.51 (user 2.6% system 95.5% total 98.1%)
Net I/O: 107.6 KB/s (0.9*10^6 bps)

Errors: total 747 client-timo 747 socket-timo 0 connrefused 0 connreset 0
Errors: fd-unavail 0 addrunavail 0 ftab-full 0 other 0

httperf --hog --timeout=1 --client=0/1 --server=172.17.60.201 --port=80 --uri=/ --rate=560 --send-buffer=4096 --recv-buffer=16384 --num-conns=2000 --num-calls=1
Maximum connect burst length: 7

Total: connections 2000 requests 1317 replies 1182 test-duration 4.602 s

Connection rate: 434.6 conn/s (2.3 ms/conn, <=417 concurrent connections)
Connection time [ms]: min 22.3 avg 183.7 max 953.1 median 101.5 stddev 188.4
Connection time [ms]: connect 26.5
Connection length [replies/conn]: 1.000

Request rate: 286.2 req/s (3.5 ms/req)
Request size [B]: 66.0

Reply rate [replies/s]: min 0.0 avg 0.0 max 0.0 stddev 0.0 (0 samples)
Reply time [ms]: response 157.9 transfer 0.0
Reply size [B]: header 267.0 content 77.0 footer 0.0 (total 344.0)
Reply status: 1xx=0 2xx=1182 3xx=0 4xx=0 5xx=0

CPU time [s]: user 0.12 system 4.40 (user 2.5% system 95.5% total 98.0%)
Net I/O: 104.7 KB/s (0.9*10^6 bps)

Errors: total 818 client-timo 818 socket-timo 0 connrefused 0 connreset 0
Errors: fd-unavail 0 addrunavail 0 ftab-full 0 other 0

httperf --hog --timeout=1 --client=0/1 --server=172.17.60.201 --port=80 --uri=/ --rate=580 --send-buffer=4096 --recv-buffer=16384 --num-conns=2000 --num-calls=1
Maximum connect burst length: 8

Total: connections 2000 requests 1111 replies 997 test-duration 4.461 s

Connection rate: 448.3 conn/s (2.2 ms/conn, <=445 concurrent connections)
Connection time [ms]: min 47.0 avg 249.0 max 1005.2 median 158.5 stddev 214.5
Connection time [ms]: connect 29.8
Connection length [replies/conn]: 1.000

Request rate: 249.0 req/s (4.0 ms/req)
Request size [B]: 66.0

Reply rate [replies/s]: min 0.0 avg 0.0 max 0.0 stddev 0.0 (0 samples)
Reply time [ms]: response 219.8 transfer 0.0
Reply size [B]: header 267.0 content 77.0 footer 0.0 (total 344.0)
Reply status: 1xx=0 2xx=997 3xx=0 4xx=0 5xx=0

CPU time [s]: user 0.09 system 4.26 (user 2.1% system 95.4% total 97.5%)
Net I/O: 91.1 KB/s (0.7*10^6 bps)

Errors: total 1003 client-timo 1003 socket-timo 0 connrefused 0 connreset 0
Errors: fd-unavail 0 addrunavail 0 ftab-full 0 other 0

httperf --hog --timeout=1 --client=0/1 --server=172.17.60.201 --port=80 --uri=/ --rate=600 --send-buffer=4096 --recv-buffer=16384 --num-conns=2000 --num-calls=1
Maximum connect burst length: 7

Total: connections 2000 requests 1107 replies 984 test-duration 4.342 s

Connection rate: 460.6 conn/s (2.2 ms/conn, <=412 concurrent connections)
Connection time [ms]: min 28.4 avg 207.0 max 1059.3 median 133.5 stddev 186.0
Connection time [ms]: connect 29.4
Connection length [replies/conn]: 1.000

Request rate: 254.9 req/s (3.9 ms/req)
Request size [B]: 66.0

Reply rate [replies/s]: min 0.0 avg 0.0 max 0.0 stddev 0.0 (0 samples)
Reply time [ms]: response 177.8 transfer 0.0
Reply size [B]: header 267.0 content 77.0 footer 0.0 (total 344.0)
Reply status: 1xx=0 2xx=984 3xx=0 4xx=0 5xx=0

CPU time [s]: user 0.10 system 4.14 (user 2.4% system 95.3% total 97.6%)
Net I/O: 92.6 KB/s (0.8*10^6 bps)

Errors: total 1016 client-timo 1016 socket-timo 0 connrefused 0 connreset 0
Errors: fd-unavail 0 addrunavail 0 ftab-full 0 other 0

httperf --hog --timeout=1 --client=0/1 --server=172.17.60.201 --port=80 --uri=/ --rate=620 --send-buffer=4096 --recv-buffer=16384 --num-conns=2000 --num-calls=1
Maximum connect burst length: 8

Total: connections 2000 requests 1128 replies 1001 test-duration 4.266 s

Connection rate: 468.8 conn/s (2.1 ms/conn, <=479 concurrent connections)
Connection time [ms]: min 30.2 avg 234.6 max 1023.9 median 143.5 stddev 207.1
Connection time [ms]: connect 31.1
Connection length [replies/conn]: 1.000

Request rate: 264.4 req/s (3.8 ms/req)
Request size [B]: 66.0

Reply rate [replies/s]: min 0.0 avg 0.0 max 0.0 stddev 0.0 (0 samples)
Reply time [ms]: response 203.7 transfer 0.0
Reply size [B]: header 267.0 content 77.0 footer 0.0 (total 344.0)
Reply status: 1xx=0 2xx=1001 3xx=0 4xx=0 5xx=0

CPU time [s]: user 0.08 system 4.07 (user 2.0% system 95.4% total 97.3%)
Net I/O: 95.9 KB/s (0.8*10^6 bps)

Errors: total 999 client-timo 999 socket-timo 0 connrefused 0 connreset 0
Errors: fd-unavail 0 addrunavail 0 ftab-full 0 other 0

httperf --hog --timeout=1 --client=0/1 --server=172.17.60.201 --port=80 --uri=/ --rate=640 --send-buffer=4096 --recv-buffer=16384 --num-conns=2000 --num-calls=1
Maximum connect burst length: 8

Total: connections 2000 requests 1086 replies 931 test-duration 4.144 s

Connection rate: 482.6 conn/s (2.1 ms/conn, <=501 concurrent connections)
Connection time [ms]: min 30.8 avg 235.8 max 1032.5 median 142.5 stddev 199.9
Connection time [ms]: connect 29.5
Connection length [replies/conn]: 1.000

Request rate: 262.1 req/s (3.8 ms/req)
Request size [B]: 66.0

Reply rate [replies/s]: min 0.0 avg 0.0 max 0.0 stddev 0.0 (0 samples)
Reply time [ms]: response 206.6 transfer 0.0
Reply size [B]: header 267.0 content 77.0 footer 0.0 (total 344.0)
Reply status: 1xx=0 2xx=931 3xx=0 4xx=0 5xx=0

CPU time [s]: user 0.10 system 3.94 (user 2.4% system 95.2% total 97.6%)
Net I/O: 92.4 KB/s (0.8*10^6 bps)

Errors: total 1069 client-timo 1069 socket-timo 0 connrefused 0 connreset 0
Errors: fd-unavail 0 addrunavail 0 ftab-full 0 other 0

httperf --hog --timeout=1 --client=0/1 --server=172.17.60.201 --port=80 --uri=/ --rate=660 --send-buffer=4096 --recv-buffer=16384 --num-conns=2000 --num-calls=1
Maximum connect burst length: 10

Total: connections 2000 requests 1014 replies 891 test-duration 4.055 s

Connection rate: 493.2 conn/s (2.0 ms/conn, <=504 concurrent connections)
Connection time [ms]: min 35.4 avg 269.7 max 982.6 median 160.5 stddev 227.5
Connection time [ms]: connect 28.9
Connection length [replies/conn]: 1.000

Request rate: 250.1 req/s (4.0 ms/req)
Request size [B]: 66.0

Reply rate [replies/s]: min 0.0 avg 0.0 max 0.0 stddev 0.0 (0 samples)
Reply time [ms]: response 241.3 transfer 0.0
Reply size [B]: header 267.0 content 77.0 footer 0.0 (total 344.0)
Reply status: 1xx=0 2xx=891 3xx=0 4xx=0 5xx=0

CPU time [s]: user 0.08 system 3.88 (user 1.9% system 95.8% total 97.7%)
Net I/O: 89.9 KB/s (0.7*10^6 bps)

Errors: total 1109 client-timo 1109 socket-timo 0 connrefused 0 connreset 0
Errors: fd-unavail 0 addrunavail 0 ftab-full 0 other 0

httperf --hog --timeout=1 --client=0/1 --server=172.17.60.201 --port=80 --uri=/ --rate=680 --send-buffer=4096 --recv-buffer=16384 --num-conns=2000 --num-calls=1
Maximum connect burst length: 7

Total: connections 2000 requests 1001 replies 872 test-duration 3.968 s

Connection rate: 504.0 conn/s (2.0 ms/conn, <=550 concurrent connections)
Connection time [ms]: min 40.5 avg 266.0 max 1016.6 median 160.5 stddev 217.2
Connection time [ms]: connect 29.6
Connection length [replies/conn]: 1.000

Request rate: 252.3 req/s (4.0 ms/req)
Request size [B]: 66.0

Reply rate [replies/s]: min 0.0 avg 0.0 max 0.0 stddev 0.0 (0 samples)
Reply time [ms]: response 236.6 transfer 0.0
Reply size [B]: header 267.0 content 77.0 footer 0.0 (total 344.0)
Reply status: 1xx=0 2xx=872 3xx=0 4xx=0 5xx=0

CPU time [s]: user 0.09 system 3.78 (user 2.3% system 95.2% total 97.5%)
Net I/O: 90.1 KB/s (0.7*10^6 bps)

Errors: total 1128 client-timo 1128 socket-timo 0 connrefused 0 connreset 0
Errors: fd-unavail 0 addrunavail 0 ftab-full 0 other 0

httperf --hog --timeout=1 --client=0/1 --server=172.17.60.201 --port=80 --uri=/ --rate=700 --send-buffer=4096 --recv-buffer=16384 --num-conns=2000 --num-calls=1
Maximum connect burst length: 8

Total: connections 2000 requests 1017 replies 840 test-duration 3.866 s

Connection rate: 517.3 conn/s (1.9 ms/conn, <=546 concurrent connections)
Connection time [ms]: min 49.1 avg 284.6 max 932.9 median 167.5 stddev 230.4
Connection time [ms]: connect 28.1
Connection length [replies/conn]: 1.000

Request rate: 263.1 req/s (3.8 ms/req)
Request size [B]: 66.0

Reply rate [replies/s]: min 0.0 avg 0.0 max 0.0 stddev 0.0 (0 samples)
Reply time [ms]: response 256.7 transfer 0.0
Reply size [B]: header 267.0 content 77.0 footer 0.0 (total 344.0)
Reply status: 1xx=0 2xx=840 3xx=0 4xx=0 5xx=0

CPU time [s]: user 0.08 system 3.68 (user 2.1% system 95.1% total 97.2%)
Net I/O: 89.9 KB/s (0.7*10^6 bps)

Errors: total 1160 client-timo 1160 socket-timo 0 connrefused 0 connreset 0
Errors: fd-unavail 0 addrunavail 0 ftab-full 0 other 0

httperf --hog --timeout=1 --client=0/1 --server=172.17.60.201 --port=80 --uri=/ --rate=720 --send-buffer=4096 --recv-buffer=16384 --num-conns=2000 --num-calls=1
Maximum connect burst length: 8

Total: connections 2000 requests 875 replies 702 test-duration 3.806 s

Connection rate: 525.5 conn/s (1.9 ms/conn, <=573 concurrent connections)
Connection time [ms]: min 69.2 avg 314.0 max 985.5 median 191.5 stddev 225.6
Connection time [ms]: connect 29.0
Connection length [replies/conn]: 1.000

Request rate: 229.9 req/s (4.3 ms/req)
Request size [B]: 66.0

Reply rate [replies/s]: min 0.0 avg 0.0 max 0.0 stddev 0.0 (0 samples)
Reply time [ms]: response 285.2 transfer 0.0
Reply size [B]: header 267.0 content 77.0 footer 0.0 (total 344.0)
Reply status: 1xx=0 2xx=702 3xx=0 4xx=0 5xx=0

CPU time [s]: user 0.07 system 3.62 (user 1.9% system 95.1% total 97.0%)
Net I/O: 76.8 KB/s (0.6*10^6 bps)

Errors: total 1298 client-timo 1298 socket-timo 0 connrefused 0 connreset 0
Errors: fd-unavail 0 addrunavail 0 ftab-full 0 other 0

httperf --hog --timeout=1 --client=0/1 --server=172.17.60.201 --port=80 --uri=/ --rate=740 --send-buffer=4096 --recv-buffer=16384 --num-conns=2000 --num-calls=1
Maximum connect burst length: 11

Total: connections 2000 requests 860 replies 648 test-duration 3.730 s

Connection rate: 536.2 conn/s (1.9 ms/conn, <=623 concurrent connections)
Connection time [ms]: min 71.8 avg 326.8 max 945.3 median 203.5 stddev 228.6
Connection time [ms]: connect 29.9
Connection length [replies/conn]: 1.000

Request rate: 230.6 req/s (4.3 ms/req)
Request size [B]: 66.0

Reply rate [replies/s]: min 0.0 avg 0.0 max 0.0 stddev 0.0 (0 samples)
Reply time [ms]: response 297.1 transfer 0.0
Reply size [B]: header 267.0 content 77.0 footer 0.0 (total 344.0)
Reply status: 1xx=0 2xx=648 3xx=0 4xx=0 5xx=0

CPU time [s]: user 0.06 system 3.56 (user 1.5% system 95.4% total 96.9%)
Net I/O: 73.2 KB/s (0.6*10^6 bps)

Errors: total 1352 client-timo 1352 socket-timo 0 connrefused 0 connreset 0
Errors: fd-unavail 0 addrunavail 0 ftab-full 0 other 0

httperf --hog --timeout=1 --client=0/1 --server=172.17.60.201 --port=80 --uri=/ --rate=760 --send-buffer=4096 --recv-buffer=16384 --num-conns=2000 --num-calls=1
Maximum connect burst length: 8

Total: connections 2000 requests 806 replies 608 test-duration 3.663 s

Connection rate: 546.0 conn/s (1.8 ms/conn, <=643 concurrent connections)
Connection time [ms]: min 55.6 avg 327.2 max 1036.8 median 220.5 stddev 243.0
Connection time [ms]: connect 27.6
Connection length [replies/conn]: 1.000

Request rate: 220.0 req/s (4.5 ms/req)
Request size [B]: 66.0

Reply rate [replies/s]: min 0.0 avg 0.0 max 0.0 stddev 0.0 (0 samples)
Reply time [ms]: response 300.3 transfer 0.0
Reply size [B]: header 267.0 content 77.0 footer 0.0 (total 344.0)
Reply status: 1xx=0 2xx=608 3xx=0 4xx=0 5xx=0

CPU time [s]: user 0.10 system 3.45 (user 2.6% system 94.2% total 96.9%)
Net I/O: 69.9 KB/s (0.6*10^6 bps)

Errors: total 1392 client-timo 1392 socket-timo 0 connrefused 0 connreset 0
Errors: fd-unavail 0 addrunavail 0 ftab-full 0 other 0

httperf --hog --timeout=1 --client=0/1 --server=172.17.60.201 --port=80 --uri=/ --rate=780 --send-buffer=4096 --recv-buffer=16384 --num-conns=2000 --num-calls=1
Maximum connect burst length: 13

Total: connections 2000 requests 736 replies 514 test-duration 3.594 s

Connection rate: 556.5 conn/s (1.8 ms/conn, <=682 concurrent connections)
Connection time [ms]: min 95.2 avg 383.7 max 1013.1 median 236.5 stddev 258.5
Connection time [ms]: connect 29.3
Connection length [replies/conn]: 1.000

Request rate: 204.8 req/s (4.9 ms/req)
Request size [B]: 66.0

Reply rate [replies/s]: min 0.0 avg 0.0 max 0.0 stddev 0.0 (0 samples)
Reply time [ms]: response 354.7 transfer 0.0
Reply size [B]: header 266.0 content 76.0 footer 0.0 (total 342.0)
Reply status: 1xx=0 2xx=514 3xx=0 4xx=0 5xx=0

CPU time [s]: user 0.12 system 3.36 (user 3.3% system 93.4% total 96.7%)
Net I/O: 61.1 KB/s (0.5*10^6 bps)

Errors: total 1486 client-timo 1486 socket-timo 0 connrefused 0 connreset 0
Errors: fd-unavail 0 addrunavail 0 ftab-full 0 other 0

httperf --hog --timeout=1 --client=0/1 --server=172.17.60.201 --port=80 --uri=/ --rate=800 --send-buffer=4096 --recv-buffer=16384 --num-conns=2000 --num-calls=1
Maximum connect burst length: 16

Total: connections 2000 requests 696 replies 466 test-duration 3.527 s

Connection rate: 567.0 conn/s (1.8 ms/conn, <=704 concurrent connections)
Connection time [ms]: min 75.4 avg 370.8 max 989.7 median 293.5 stddev 233.0
Connection time [ms]: connect 30.1
Connection length [replies/conn]: 1.000

Request rate: 197.3 req/s (5.1 ms/req)
Request size [B]: 66.0

Reply rate [replies/s]: min 0.0 avg 0.0 max 0.0 stddev 0.0 (0 samples)
Reply time [ms]: response 341.4 transfer 0.0
Reply size [B]: header 267.0 content 77.0 footer 0.0 (total 344.0)
Reply status: 1xx=0 2xx=466 3xx=0 4xx=0 5xx=0

CPU time [s]: user 0.10 system 3.32 (user 2.8% system 94.2% total 97.1%)
Net I/O: 57.1 KB/s (0.5*10^6 bps)

Errors: total 1534 client-timo 1534 socket-timo 0 connrefused 0 connreset 0
Errors: fd-unavail 0 addrunavail 0 ftab-full 0 other 0

httperf --hog --timeout=1 --client=0/1 --server=172.17.60.201 --port=80 --uri=/ --rate=820 --send-buffer=4096 --recv-buffer=16384 --num-conns=2000 --num-calls=1
Maximum connect burst length: 8

Total: connections 2000 requests 779 replies 574 test-duration 3.472 s

Connection rate: 576.0 conn/s (1.7 ms/conn, <=691 concurrent connections)
Connection time [ms]: min 86.8 avg 356.2 max 1032.3 median 237.5 stddev 247.0
Connection time [ms]: connect 27.2
Connection length [replies/conn]: 1.000

Request rate: 224.4 req/s (4.5 ms/req)
Request size [B]: 66.0

Reply rate [replies/s]: min 0.0 avg 0.0 max 0.0 stddev 0.0 (0 samples)
Reply time [ms]: response 329.8 transfer 0.0
Reply size [B]: header 266.0 content 76.0 footer 0.0 (total 342.0)
Reply status: 1xx=0 2xx=574 3xx=0 4xx=0 5xx=0

CPU time [s]: user 0.11 system 3.26 (user 3.2% system 93.8% total 97.0%)
Net I/O: 69.8 KB/s (0.6*10^6 bps)

Errors: total 1426 client-timo 1426 socket-timo 0 connrefused 0 connreset 0
Errors: fd-unavail 0 addrunavail 0 ftab-full 0 other 0

httperf --hog --timeout=1 --client=0/1 --server=172.17.60.201 --port=80 --uri=/ --rate=840 --send-buffer=4096 --recv-buffer=16384 --num-conns=2000 --num-calls=1
Maximum connect burst length: 7

Total: connections 2000 requests 665 replies 429 test-duration 3.415 s

Connection rate: 585.7 conn/s (1.7 ms/conn, <=762 concurrent connections)
Connection time [ms]: min 108.0 avg 400.3 max 1027.5 median 306.5 stddev 241.5
Connection time [ms]: connect 29.6
Connection length [replies/conn]: 1.000

Request rate: 194.8 req/s (5.1 ms/req)
Request size [B]: 66.0

Reply rate [replies/s]: min 0.0 avg 0.0 max 0.0 stddev 0.0 (0 samples)
Reply time [ms]: response 371.3 transfer 0.0
Reply size [B]: header 266.0 content 76.0 footer 0.0 (total 342.0)
Reply status: 1xx=0 2xx=429 3xx=0 4xx=0 5xx=0

CPU time [s]: user 0.08 system 3.22 (user 2.2% system 94.3% total 96.5%)
Net I/O: 54.6 KB/s (0.4*10^6 bps)

Errors: total 1571 client-timo 1571 socket-timo 0 connrefused 0 connreset 0
Errors: fd-unavail 0 addrunavail 0 ftab-full 0 other 0

httperf --hog --timeout=1 --client=0/1 --server=172.17.60.201 --port=80 --uri=/ --rate=860 --send-buffer=4096 --recv-buffer=16384 --num-conns=2000 --num-calls=1
Maximum connect burst length: 9

Total: connections 2000 requests 670 replies 402 test-duration 3.364 s

Connection rate: 594.6 conn/s (1.7 ms/conn, <=771 concurrent connections)
Connection time [ms]: min 80.0 avg 372.8 max 1008.8 median 254.5 stddev 235.3
Connection time [ms]: connect 29.7
Connection length [replies/conn]: 1.000

Request rate: 199.2 req/s (5.0 ms/req)
Request size [B]: 66.0

Reply rate [replies/s]: min 0.0 avg 0.0 max 0.0 stddev 0.0 (0 samples)
Reply time [ms]: response 343.8 transfer 0.0
Reply size [B]: header 267.0 content 77.0 footer 0.0 (total 344.0)
Reply status: 1xx=0 2xx=402 3xx=0 4xx=0 5xx=0

CPU time [s]: user 0.06 system 3.21 (user 1.7% system 95.5% total 97.2%)
Net I/O: 53.0 KB/s (0.4*10^6 bps)

Errors: total 1598 client-timo 1598 socket-timo 0 connrefused 0 connreset 0
Errors: fd-unavail 0 addrunavail 0 ftab-full 0 other 0

httperf --hog --timeout=1 --client=0/1 --server=172.17.60.201 --port=80 --uri=/ --rate=880 --send-buffer=4096 --recv-buffer=16384 --num-conns=2000 --num-calls=1
Maximum connect burst length: 8

Total: connections 2000 requests 657 replies 439 test-duration 3.303 s

Connection rate: 605.5 conn/s (1.7 ms/conn, <=788 concurrent connections)
Connection time [ms]: min 68.5 avg 372.0 max 1027.9 median 294.5 stddev 231.9
Connection time [ms]: connect 28.6
Connection length [replies/conn]: 1.000

Request rate: 198.9 req/s (5.0 ms/req)
Request size [B]: 66.0

Reply rate [replies/s]: min 0.0 avg 0.0 max 0.0 stddev 0.0 (0 samples)
Reply time [ms]: response 343.9 transfer 0.0
Reply size [B]: header 267.0 content 77.0 footer 0.0 (total 344.0)
Reply status: 1xx=0 2xx=439 3xx=0 4xx=0 5xx=0

CPU time [s]: user 0.06 system 3.14 (user 1.9% system 95.1% total 97.0%)
Net I/O: 57.5 KB/s (0.5*10^6 bps)

Errors: total 1561 client-timo 1561 socket-timo 0 connrefused 0 connreset 0
Errors: fd-unavail 0 addrunavail 0 ftab-full 0 other 0

httperf --hog --timeout=1 --client=0/1 --server=172.17.60.201 --port=80 --uri=/ --rate=900 --send-buffer=4096 --recv-buffer=16384 --num-conns=2000 --num-calls=1
Maximum connect burst length: 15

Total: connections 2000 requests 710 replies 485 test-duration 3.222 s

Connection rate: 620.7 conn/s (1.6 ms/conn, <=804 concurrent connections)
Connection time [ms]: min 82.7 avg 371.9 max 1032.1 median 246.5 stddev 245.5
Connection time [ms]: connect 30.4
Connection length [replies/conn]: 1.000

Request rate: 220.4 req/s (4.5 ms/req)
Request size [B]: 66.0

Reply rate [replies/s]: min 0.0 avg 0.0 max 0.0 stddev 0.0 (0 samples)
Reply time [ms]: response 344.4 transfer 0.0
Reply size [B]: header 267.0 content 77.0 footer 0.0 (total 344.0)
Reply status: 1xx=0 2xx=485 3xx=0 4xx=0 5xx=0

CPU time [s]: user 0.06 system 3.05 (user 2.0% system 94.6% total 96.6%)
Net I/O: 64.8 KB/s (0.5*10^6 bps)

Errors: total 1515 client-timo 1515 socket-timo 0 connrefused 0 connreset 0
Errors: fd-unavail 0 addrunavail 0 ftab-full 0 other 0

httperf --hog --timeout=1 --client=0/1 --server=172.17.60.201 --port=80 --uri=/ --rate=920 --send-buffer=4096 --recv-buffer=16384 --num-conns=2000 --num-calls=1
Maximum connect burst length: 7

Total: connections 2000 requests 637 replies 407 test-duration 3.196 s

Connection rate: 625.8 conn/s (1.6 ms/conn, <=852 concurrent connections)
Connection time [ms]: min 58.9 avg 362.0 max 1030.8 median 298.5 stddev 234.2
Connection time [ms]: connect 27.2
Connection length [replies/conn]: 1.000

Request rate: 199.3 req/s (5.0 ms/req)
Request size [B]: 66.0

Reply rate [replies/s]: min 0.0 avg 0.0 max 0.0 stddev 0.0 (0 samples)
Reply time [ms]: response 336.1 transfer 0.0
Reply size [B]: header 267.0 content 77.0 footer 0.0 (total 344.0)
Reply status: 1xx=0 2xx=407 3xx=0 4xx=0 5xx=0

CPU time [s]: user 0.03 system 3.07 (user 0.9% system 96.0% total 96.9%)
Net I/O: 55.6 KB/s (0.5*10^6 bps)

Errors: total 1593 client-timo 1593 socket-timo 0 connrefused 0 connreset 0
Errors: fd-unavail 0 addrunavail 0 ftab-full 0 other 0

httperf --hog --timeout=1 --client=0/1 --server=172.17.60.201 --port=80 --uri=/ --rate=940 --send-buffer=4096 --recv-buffer=16384 --num-conns=2000 --num-calls=1
Maximum connect burst length: 15

Total: connections 2000 requests 535 replies 300 test-duration 3.134 s

Connection rate: 638.2 conn/s (1.6 ms/conn, <=896 concurrent connections)
Connection time [ms]: min 118.4 avg 422.3 max 1032.9 median 316.5 stddev 244.3
Connection time [ms]: connect 30.4
Connection length [replies/conn]: 1.000

Request rate: 170.7 req/s (5.9 ms/req)
Request size [B]: 66.0

Reply rate [replies/s]: min 0.0 avg 0.0 max 0.0 stddev 0.0 (0 samples)
Reply time [ms]: response 392.6 transfer 0.0
Reply size [B]: header 267.0 content 77.0 footer 0.0 (total 344.0)
Reply status: 1xx=0 2xx=300 3xx=0 4xx=0 5xx=0

CPU time [s]: user 0.05 system 2.98 (user 1.5% system 95.2% total 96.8%)
Net I/O: 43.2 KB/s (0.4*10^6 bps)

Errors: total 1700 client-timo 1700 socket-timo 0 connrefused 0 connreset 0
Errors: fd-unavail 0 addrunavail 0 ftab-full 0 other 0

httperf --hog --timeout=1 --client=0/1 --server=172.17.60.201 --port=80 --uri=/ --rate=960 --send-buffer=4096 --recv-buffer=16384 --num-conns=2000 --num-calls=1
Maximum connect burst length: 6

Total: connections 2000 requests 609 replies 374 test-duration 3.110 s

Connection rate: 643.1 conn/s (1.6 ms/conn, <=892 concurrent connections)
Connection time [ms]: min 86.0 avg 441.9 max 1005.0 median 366.5 stddev 262.2
Connection time [ms]: connect 30.0
Connection length [replies/conn]: 1.000

Request rate: 195.8 req/s (5.1 ms/req)
Request size [B]: 66.0

Reply rate [replies/s]: min 0.0 avg 0.0 max 0.0 stddev 0.0 (0 samples)
Reply time [ms]: response 412.1 transfer 0.0
Reply size [B]: header 267.0 content 77.0 footer 0.0 (total 344.0)
Reply status: 1xx=0 2xx=374 3xx=0 4xx=0 5xx=0

CPU time [s]: user 0.08 system 2.93 (user 2.4% system 94.1% total 96.6%)
Net I/O: 53.0 KB/s (0.4*10^6 bps)

Errors: total 1626 client-timo 1626 socket-timo 0 connrefused 0 connreset 0
Errors: fd-unavail 0 addrunavail 0 ftab-full 0 other 0

httperf --hog --timeout=1 --client=0/1 --server=172.17.60.201 --port=80 --uri=/ --rate=980 --send-buffer=4096 --recv-buffer=16384 --num-conns=2000 --num-calls=1
Maximum connect burst length: 11

Total: connections 2000 requests 638 replies 411 test-duration 3.074 s

Connection rate: 650.6 conn/s (1.5 ms/conn, <=914 concurrent connections)
Connection time [ms]: min 71.1 avg 366.4 max 1008.9 median 265.5 stddev 245.5
Connection time [ms]: connect 27.3
Connection length [replies/conn]: 1.000

Request rate: 207.6 req/s (4.8 ms/req)
Request size [B]: 66.0

Reply rate [replies/s]: min 0.0 avg 0.0 max 0.0 stddev 0.0 (0 samples)
Reply time [ms]: response 340.2 transfer 0.0
Reply size [B]: header 267.0 content 77.0 footer 0.0 (total 344.0)
Reply status: 1xx=0 2xx=411 3xx=0 4xx=0 5xx=0

CPU time [s]: user 0.08 system 2.91 (user 2.5% system 94.6% total 97.1%)
Net I/O: 58.3 KB/s (0.5*10^6 bps)

Errors: total 1589 client-timo 1589 socket-timo 0 connrefused 0 connreset 0
Errors: fd-unavail 0 addrunavail 0 ftab-full 0 other 0

httperf --hog --timeout=1 --client=0/1 --server=172.17.60.201 --port=80 --uri=/ --rate=1000 --send-buffer=4096 --recv-buffer=16384 --num-conns=2000 --num-calls=1
Maximum connect burst length: 5

Total: connections 2000 requests 799 replies 629 test-duration 2.981 s

Connection rate: 670.9 conn/s (1.5 ms/conn, <=827 concurrent connections)
Connection time [ms]: min 42.7 avg 318.7 max 1015.7 median 226.5 stddev 224.1
Connection time [ms]: connect 26.8
Connection length [replies/conn]: 1.000

Request rate: 268.0 req/s (3.7 ms/req)
Request size [B]: 66.0

Reply rate [replies/s]: min 0.0 avg 0.0 max 0.0 stddev 0.0 (0 samples)
Reply time [ms]: response 292.5 transfer 0.0
Reply size [B]: header 267.0 content 77.0 footer 0.0 (total 344.0)
Reply status: 1xx=0 2xx=629 3xx=0 4xx=0 5xx=0

CPU time [s]: user 0.08 system 2.81 (user 2.7% system 94.2% total 96.9%)
Net I/O: 88.2 KB/s (0.7*10^6 bps)

Errors: total 1371 client-timo 1371 socket-timo 0 connrefused 0 connreset 0
Errors: fd-unavail 0 addrunavail 0 ftab-full 0 other 0

