httperf --hog --timeout=1 --client=0/1 --server=172.17.60.201 --port=80 --uri=/ --rate=20 --send-buffer=4096 --recv-buffer=16384 --num-conns=2000 --num-calls=1
Maximum connect burst length: 1

Total: connections 2000 requests 2000 replies 2000 test-duration 99.951 s

Connection rate: 20.0 conn/s (50.0 ms/conn, <=1 concurrent connections)
Connection time [ms]: min 0.6 avg 4.2 max 34.5 median 1.5 stddev 4.5
Connection time [ms]: connect 0.8
Connection length [replies/conn]: 1.000

Request rate: 20.0 req/s (50.0 ms/req)
Request size [B]: 66.0

Reply rate [replies/s]: min 20.0 avg 20.0 max 20.0 stddev 0.0 (19 samples)
Reply time [ms]: response 3.4 transfer 0.0
Reply size [B]: header 239.0 content 71.0 footer 0.0 (total 310.0)
Reply status: 1xx=0 2xx=2000 3xx=0 4xx=0 5xx=0

CPU time [s]: user 43.67 system 56.15 (user 43.7% system 56.2% total 99.9%)
Net I/O: 7.4 KB/s (0.1*10^6 bps)

Errors: total 0 client-timo 0 socket-timo 0 connrefused 0 connreset 0
Errors: fd-unavail 0 addrunavail 0 ftab-full 0 other 0

httperf --hog --timeout=1 --client=0/1 --server=172.17.60.201 --port=80 --uri=/ --rate=40 --send-buffer=4096 --recv-buffer=16384 --num-conns=2000 --num-calls=1
Maximum connect burst length: 1

Total: connections 2000 requests 1945 replies 1528 test-duration 50.042 s

Connection rate: 40.0 conn/s (25.0 ms/conn, <=26 concurrent connections)
Connection time [ms]: min 0.7 avg 38.9 max 1954.1 median 1.5 stddev 183.2
Connection time [ms]: connect 23.0
Connection length [replies/conn]: 1.000

Request rate: 38.9 req/s (25.7 ms/req)
Request size [B]: 66.0

Reply rate [replies/s]: min 27.2 avg 30.5 max 34.8 stddev 2.5 (10 samples)
Reply time [ms]: response 36.6 transfer 0.0
Reply size [B]: header 262.0 content 76.0 footer 0.0 (total 338.0)
Reply status: 1xx=0 2xx=1528 3xx=0 4xx=0 5xx=0

CPU time [s]: user 8.52 system 41.43 (user 17.0% system 82.8% total 99.8%)
Net I/O: 12.6 KB/s (0.1*10^6 bps)

Errors: total 472 client-timo 472 socket-timo 0 connrefused 0 connreset 0
Errors: fd-unavail 0 addrunavail 0 ftab-full 0 other 0

httperf --hog --timeout=1 --client=0/1 --server=172.17.60.201 --port=80 --uri=/ --rate=60 --send-buffer=4096 --recv-buffer=16384 --num-conns=2000 --num-calls=1
Maximum connect burst length: 1

Total: connections 2000 requests 2000 replies 1987 test-duration 33.973 s

Connection rate: 58.9 conn/s (17.0 ms/conn, <=10 concurrent connections)
Connection time [ms]: min 0.7 avg 26.9 max 992.5 median 3.5 stddev 89.8
Connection time [ms]: connect 1.9
Connection length [replies/conn]: 1.000

Request rate: 58.9 req/s (17.0 ms/req)
Request size [B]: 66.0

Reply rate [replies/s]: min 58.6 avg 59.4 max 60.2 stddev 0.6 (6 samples)
Reply time [ms]: response 25.0 transfer 0.1
Reply size [B]: header 255.0 content 74.0 footer 0.0 (total 329.0)
Reply status: 1xx=0 2xx=1987 3xx=0 4xx=0 5xx=0

CPU time [s]: user 11.05 system 22.84 (user 32.5% system 67.2% total 99.8%)
Net I/O: 22.7 KB/s (0.2*10^6 bps)

Errors: total 13 client-timo 13 socket-timo 0 connrefused 0 connreset 0
Errors: fd-unavail 0 addrunavail 0 ftab-full 0 other 0

httperf --hog --timeout=1 --client=0/1 --server=172.17.60.201 --port=80 --uri=/ --rate=80 --send-buffer=4096 --recv-buffer=16384 --num-conns=2000 --num-calls=1
Maximum connect burst length: 1

Total: connections 2000 requests 1993 replies 1923 test-duration 25.064 s

Connection rate: 79.8 conn/s (12.5 ms/conn, <=18 concurrent connections)
Connection time [ms]: min 0.7 avg 54.8 max 1987.6 median 5.5 stddev 203.7
Connection time [ms]: connect 6.2
Connection length [replies/conn]: 1.000

Request rate: 79.5 req/s (12.6 ms/req)
Request size [B]: 66.0

Reply rate [replies/s]: min 74.0 avg 76.9 max 79.4 stddev 2.2 (5 samples)
Reply time [ms]: response 49.5 transfer 0.0
Reply size [B]: header 260.0 content 75.0 footer 0.0 (total 335.0)
Reply status: 1xx=0 2xx=1923 3xx=0 4xx=0 5xx=0

CPU time [s]: user 5.07 system 19.92 (user 20.2% system 79.5% total 99.7%)
Net I/O: 30.3 KB/s (0.2*10^6 bps)

Errors: total 77 client-timo 77 socket-timo 0 connrefused 0 connreset 0
Errors: fd-unavail 0 addrunavail 0 ftab-full 0 other 0

httperf --hog --timeout=1 --client=0/1 --server=172.17.60.201 --port=80 --uri=/ --rate=100 --send-buffer=4096 --recv-buffer=16384 --num-conns=2000 --num-calls=1
Maximum connect burst length: 1

Total: connections 2000 requests 1999 replies 1988 test-duration 20.091 s

Connection rate: 99.5 conn/s (10.0 ms/conn, <=13 concurrent connections)
Connection time [ms]: min 0.7 avg 33.0 max 1721.4 median 6.5 stddev 122.3
Connection time [ms]: connect 3.7
Connection length [replies/conn]: 1.000

Request rate: 99.5 req/s (10.1 ms/req)
Request size [B]: 66.0

Reply rate [replies/s]: min 98.2 avg 99.3 max 99.8 stddev 0.8 (4 samples)
Reply time [ms]: response 29.2 transfer 0.0
Reply size [B]: header 259.0 content 75.0 footer 0.0 (total 334.0)
Reply status: 1xx=0 2xx=1988 3xx=0 4xx=0 5xx=0

CPU time [s]: user 5.06 system 14.96 (user 25.2% system 74.5% total 99.6%)
Net I/O: 38.9 KB/s (0.3*10^6 bps)

Errors: total 12 client-timo 12 socket-timo 0 connrefused 0 connreset 0
Errors: fd-unavail 0 addrunavail 0 ftab-full 0 other 0

httperf --hog --timeout=1 --client=0/1 --server=172.17.60.201 --port=80 --uri=/ --rate=120 --send-buffer=4096 --recv-buffer=16384 --num-conns=2000 --num-calls=1
Maximum connect burst length: 1

Total: connections 2000 requests 1960 replies 1881 test-duration 18.091 s

Connection rate: 110.6 conn/s (9.0 ms/conn, <=19 concurrent connections)
Connection time [ms]: min 0.7 avg 33.8 max 1961.2 median 7.5 stddev 160.3
Connection time [ms]: connect 7.9
Connection length [replies/conn]: 1.000

Request rate: 108.3 req/s (9.2 ms/req)
Request size [B]: 66.0

Reply rate [replies/s]: min 111.2 avg 112.7 max 115.0 stddev 2.0 (3 samples)
Reply time [ms]: response 28.3 transfer 0.0
Reply size [B]: header 264.0 content 76.0 footer 0.0 (total 340.0)
Reply status: 1xx=0 2xx=1881 3xx=0 4xx=0 5xx=0

CPU time [s]: user 3.19 system 14.83 (user 17.6% system 82.0% total 99.6%)
Net I/O: 41.6 KB/s (0.3*10^6 bps)

Errors: total 119 client-timo 119 socket-timo 0 connrefused 0 connreset 0
Errors: fd-unavail 0 addrunavail 0 ftab-full 0 other 0

httperf --hog --timeout=1 --client=0/1 --server=172.17.60.201 --port=80 --uri=/ --rate=140 --send-buffer=4096 --recv-buffer=16384 --num-conns=2000 --num-calls=1
Maximum connect burst length: 2

Total: connections 2000 requests 1998 replies 1970 test-duration 14.975 s

Connection rate: 133.6 conn/s (7.5 ms/conn, <=20 concurrent connections)
Connection time [ms]: min 0.7 avg 34.7 max 1945.6 median 8.5 stddev 137.8
Connection time [ms]: connect 4.7
Connection length [replies/conn]: 1.000

Request rate: 133.4 req/s (7.5 ms/req)
Request size [B]: 66.0

Reply rate [replies/s]: min 135.6 avg 137.3 max 139.0 stddev 2.4 (2 samples)
Reply time [ms]: response 30.0 transfer 0.0
Reply size [B]: header 261.0 content 76.0 footer 0.0 (total 337.0)
Reply status: 1xx=0 2xx=1970 3xx=0 4xx=0 5xx=0

CPU time [s]: user 3.14 system 11.78 (user 21.0% system 78.6% total 99.6%)
Net I/O: 52.0 KB/s (0.4*10^6 bps)

Errors: total 30 client-timo 30 socket-timo 0 connrefused 0 connreset 0
Errors: fd-unavail 0 addrunavail 0 ftab-full 0 other 0

httperf --hog --timeout=1 --client=0/1 --server=172.17.60.201 --port=80 --uri=/ --rate=160 --send-buffer=4096 --recv-buffer=16384 --num-conns=2000 --num-calls=1
Maximum connect burst length: 2

Total: connections 2000 requests 2000 replies 1983 test-duration 13.115 s

Connection rate: 152.5 conn/s (6.6 ms/conn, <=18 concurrent connections)
Connection time [ms]: min 0.8 avg 25.1 max 1090.2 median 8.5 stddev 95.5
Connection time [ms]: connect 3.9
Connection length [replies/conn]: 1.000

Request rate: 152.5 req/s (6.6 ms/req)
Request size [B]: 66.0

Reply rate [replies/s]: min 158.4 avg 158.4 max 158.4 stddev 0.0 (2 samples)
Reply time [ms]: response 21.2 transfer 0.1
Reply size [B]: header 262.0 content 76.0 footer 0.0 (total 338.0)
Reply status: 1xx=0 2xx=1983 3xx=0 4xx=0 5xx=0

CPU time [s]: user 3.18 system 9.88 (user 24.3% system 75.3% total 99.6%)
Net I/O: 59.8 KB/s (0.5*10^6 bps)

Errors: total 17 client-timo 17 socket-timo 0 connrefused 0 connreset 0
Errors: fd-unavail 0 addrunavail 0 ftab-full 0 other 0

httperf --hog --timeout=1 --client=0/1 --server=172.17.60.201 --port=80 --uri=/ --rate=180 --send-buffer=4096 --recv-buffer=16384 --num-conns=2000 --num-calls=1
Maximum connect burst length: 3

Total: connections 2000 requests 2000 replies 1981 test-duration 11.395 s

Connection rate: 175.5 conn/s (5.7 ms/conn, <=22 concurrent connections)
Connection time [ms]: min 0.9 avg 34.7 max 851.0 median 9.5 stddev 122.0
Connection time [ms]: connect 4.2
Connection length [replies/conn]: 1.000

Request rate: 175.5 req/s (5.7 ms/req)
Request size [B]: 66.0

Reply rate [replies/s]: min 176.2 avg 177.0 max 177.8 stddev 1.1 (2 samples)
Reply time [ms]: response 30.5 transfer 0.0
Reply size [B]: header 262.0 content 76.0 footer 0.0 (total 338.0)
Reply status: 1xx=0 2xx=1981 3xx=0 4xx=0 5xx=0

CPU time [s]: user 2.10 system 9.24 (user 18.4% system 81.1% total 99.6%)
Net I/O: 68.9 KB/s (0.6*10^6 bps)

Errors: total 19 client-timo 19 socket-timo 0 connrefused 0 connreset 0
Errors: fd-unavail 0 addrunavail 0 ftab-full 0 other 0

httperf --hog --timeout=1 --client=0/1 --server=172.17.60.201 --port=80 --uri=/ --rate=200 --send-buffer=4096 --recv-buffer=16384 --num-conns=2000 --num-calls=1
Maximum connect burst length: 3

Total: connections 2000 requests 1981 replies 1907 test-duration 10.298 s

Connection rate: 194.2 conn/s (5.1 ms/conn, <=29 concurrent connections)
Connection time [ms]: min 0.7 avg 16.1 max 1002.4 median 9.5 stddev 69.9
Connection time [ms]: connect 5.2
Connection length [replies/conn]: 1.000

Request rate: 192.4 req/s (5.2 ms/req)
Request size [B]: 66.0

Reply rate [replies/s]: min 187.2 avg 189.6 max 192.0 stddev 3.4 (2 samples)
Reply time [ms]: response 12.0 transfer 0.0
Reply size [B]: header 266.0 content 76.0 footer 0.0 (total 342.0)
Reply status: 1xx=0 2xx=1907 3xx=0 4xx=0 5xx=0

CPU time [s]: user 1.40 system 8.84 (user 13.6% system 85.9% total 99.5%)
Net I/O: 74.4 KB/s (0.6*10^6 bps)

Errors: total 93 client-timo 93 socket-timo 0 connrefused 0 connreset 0
Errors: fd-unavail 0 addrunavail 0 ftab-full 0 other 0

httperf --hog --timeout=1 --client=0/1 --server=172.17.60.201 --port=80 --uri=/ --rate=220 --send-buffer=4096 --recv-buffer=16384 --num-conns=2000 --num-calls=1
Maximum connect burst length: 3

Total: connections 2000 requests 1978 replies 1929 test-duration 9.680 s

Connection rate: 206.6 conn/s (4.8 ms/conn, <=30 concurrent connections)
Connection time [ms]: min 1.4 avg 30.6 max 1673.2 median 10.5 stddev 127.2
Connection time [ms]: connect 5.2
Connection length [replies/conn]: 1.000

Request rate: 204.3 req/s (4.9 ms/req)
Request size [B]: 66.0

Reply rate [replies/s]: min 214.6 avg 214.6 max 214.6 stddev 0.0 (1 samples)
Reply time [ms]: response 25.4 transfer 0.0
Reply size [B]: header 264.0 content 76.0 footer 0.0 (total 340.0)
Reply status: 1xx=0 2xx=1929 3xx=0 4xx=0 5xx=0

CPU time [s]: user 1.31 system 8.32 (user 13.6% system 85.9% total 99.5%)
Net I/O: 79.6 KB/s (0.7*10^6 bps)

Errors: total 71 client-timo 71 socket-timo 0 connrefused 0 connreset 0
Errors: fd-unavail 0 addrunavail 0 ftab-full 0 other 0

httperf --hog --timeout=1 --client=0/1 --server=172.17.60.201 --port=80 --uri=/ --rate=240 --send-buffer=4096 --recv-buffer=16384 --num-conns=2000 --num-calls=1
Maximum connect burst length: 4

Total: connections 2000 requests 1970 replies 1901 test-duration 8.566 s

Connection rate: 233.5 conn/s (4.3 ms/conn, <=34 concurrent connections)
Connection time [ms]: min 1.2 avg 18.8 max 999.0 median 11.5 stddev 79.3
Connection time [ms]: connect 5.4
Connection length [replies/conn]: 1.000

Request rate: 230.0 req/s (4.3 ms/req)
Request size [B]: 66.0

Reply rate [replies/s]: min 228.6 avg 228.6 max 228.6 stddev 0.0 (1 samples)
Reply time [ms]: response 14.0 transfer 0.0
Reply size [B]: header 266.0 content 76.0 footer 0.0 (total 342.0)
Reply status: 1xx=0 2xx=1901 3xx=0 4xx=0 5xx=0

CPU time [s]: user 1.07 system 7.44 (user 12.5% system 86.9% total 99.4%)
Net I/O: 89.2 KB/s (0.7*10^6 bps)

Errors: total 99 client-timo 99 socket-timo 0 connrefused 0 connreset 0
Errors: fd-unavail 0 addrunavail 0 ftab-full 0 other 0

httperf --hog --timeout=1 --client=0/1 --server=172.17.60.201 --port=80 --uri=/ --rate=260 --send-buffer=4096 --recv-buffer=16384 --num-conns=2000 --num-calls=1
Maximum connect burst length: 3

Total: connections 2000 requests 1961 replies 1886 test-duration 8.733 s

Connection rate: 229.0 conn/s (4.4 ms/conn, <=40 concurrent connections)
Connection time [ms]: min 1.3 avg 18.4 max 965.1 median 13.5 stddev 56.4
Connection time [ms]: connect 7.8
Connection length [replies/conn]: 1.000

Request rate: 224.6 req/s (4.5 ms/req)
Request size [B]: 66.0

Reply rate [replies/s]: min 246.6 avg 246.6 max 246.6 stddev 0.0 (1 samples)
Reply time [ms]: response 13.2 transfer 0.0
Reply size [B]: header 266.0 content 76.0 footer 0.0 (total 342.0)
Reply status: 1xx=0 2xx=1886 3xx=0 4xx=0 5xx=0

CPU time [s]: user 1.06 system 7.61 (user 12.1% system 87.1% total 99.3%)
Net I/O: 86.9 KB/s (0.7*10^6 bps)

Errors: total 114 client-timo 114 socket-timo 0 connrefused 0 connreset 0
Errors: fd-unavail 0 addrunavail 0 ftab-full 0 other 0

httperf --hog --timeout=1 --client=0/1 --server=172.17.60.201 --port=80 --uri=/ --rate=280 --send-buffer=4096 --recv-buffer=16384 --num-conns=2000 --num-calls=1
Maximum connect burst length: 4

Total: connections 2000 requests 1864 replies 1799 test-duration 7.334 s

Connection rate: 272.7 conn/s (3.7 ms/conn, <=102 concurrent connections)
Connection time [ms]: min 1.3 avg 64.8 max 1894.3 median 18.5 stddev 176.3
Connection time [ms]: connect 18.2
Connection length [replies/conn]: 1.000

Request rate: 254.2 req/s (3.9 ms/req)
Request size [B]: 66.0

Reply rate [replies/s]: min 239.8 avg 239.8 max 239.8 stddev 0.0 (1 samples)
Reply time [ms]: response 47.8 transfer 0.0
Reply size [B]: header 265.0 content 76.0 footer 0.0 (total 341.0)
Reply status: 1xx=0 2xx=1799 3xx=0 4xx=0 5xx=0

CPU time [s]: user 0.60 system 6.68 (user 8.1% system 91.1% total 99.3%)
Net I/O: 98.4 KB/s (0.8*10^6 bps)

Errors: total 201 client-timo 201 socket-timo 0 connrefused 0 connreset 0
Errors: fd-unavail 0 addrunavail 0 ftab-full 0 other 0

httperf --hog --timeout=1 --client=0/1 --server=172.17.60.201 --port=80 --uri=/ --rate=300 --send-buffer=4096 --recv-buffer=16384 --num-conns=2000 --num-calls=1
Maximum connect burst length: 3

Total: connections 2000 requests 1916 replies 1863 test-duration 7.492 s

Connection rate: 267.0 conn/s (3.7 ms/conn, <=63 concurrent connections)
Connection time [ms]: min 1.7 avg 48.8 max 1992.9 median 20.5 stddev 117.1
Connection time [ms]: connect 12.3
Connection length [replies/conn]: 1.000

Request rate: 255.7 req/s (3.9 ms/req)
Request size [B]: 66.0

Reply rate [replies/s]: min 273.2 avg 273.2 max 273.2 stddev 0.0 (1 samples)
Reply time [ms]: response 38.9 transfer 0.0
Reply size [B]: header 266.0 content 76.0 footer 0.0 (total 342.0)
Reply status: 1xx=0 2xx=1863 3xx=0 4xx=0 5xx=0

CPU time [s]: user 0.72 system 6.72 (user 9.7% system 89.7% total 99.4%)
Net I/O: 99.9 KB/s (0.8*10^6 bps)

Errors: total 137 client-timo 137 socket-timo 0 connrefused 0 connreset 0
Errors: fd-unavail 0 addrunavail 0 ftab-full 0 other 0

httperf --hog --timeout=1 --client=0/1 --server=172.17.60.201 --port=80 --uri=/ --rate=320 --send-buffer=4096 --recv-buffer=16384 --num-conns=2000 --num-calls=1
Maximum connect burst length: 4

Total: connections 2000 requests 1924 replies 1867 test-duration 7.000 s

Connection rate: 285.7 conn/s (3.5 ms/conn, <=61 concurrent connections)
Connection time [ms]: min 0.7 avg 28.6 max 1008.6 median 18.5 stddev 46.6
Connection time [ms]: connect 10.5
Connection length [replies/conn]: 1.000

Request rate: 274.9 req/s (3.6 ms/req)
Request size [B]: 66.0

Reply rate [replies/s]: min 294.0 avg 294.0 max 294.0 stddev 0.0 (1 samples)
Reply time [ms]: response 21.2 transfer 0.0
Reply size [B]: header 267.0 content 77.0 footer 0.0 (total 344.0)
Reply status: 1xx=0 2xx=1867 3xx=0 4xx=0 5xx=0

CPU time [s]: user 0.70 system 6.25 (user 10.0% system 89.3% total 99.3%)
Net I/O: 107.3 KB/s (0.9*10^6 bps)

Errors: total 133 client-timo 133 socket-timo 0 connrefused 0 connreset 0
Errors: fd-unavail 0 addrunavail 0 ftab-full 0 other 0

httperf --hog --timeout=1 --client=0/1 --server=172.17.60.201 --port=80 --uri=/ --rate=340 --send-buffer=4096 --recv-buffer=16384 --num-conns=2000 --num-calls=1
Maximum connect burst length: 7

Total: connections 2000 requests 1922 replies 1869 test-duration 6.850 s

Connection rate: 292.0 conn/s (3.4 ms/conn, <=68 concurrent connections)
Connection time [ms]: min 0.8 avg 32.9 max 1003.1 median 24.5 stddev 61.9
Connection time [ms]: connect 9.2
Connection length [replies/conn]: 1.000

Request rate: 280.6 req/s (3.6 ms/req)
Request size [B]: 66.0

Reply rate [replies/s]: min 310.8 avg 310.8 max 310.8 stddev 0.0 (1 samples)
Reply time [ms]: response 24.8 transfer 0.0
Reply size [B]: header 266.0 content 76.0 footer 0.0 (total 342.0)
Reply status: 1xx=0 2xx=1869 3xx=0 4xx=0 5xx=0

CPU time [s]: user 0.68 system 6.11 (user 9.9% system 89.2% total 99.2%)
Net I/O: 109.6 KB/s (0.9*10^6 bps)

Errors: total 131 client-timo 131 socket-timo 0 connrefused 0 connreset 0
Errors: fd-unavail 0 addrunavail 0 ftab-full 0 other 0

httperf --hog --timeout=1 --client=0/1 --server=172.17.60.201 --port=80 --uri=/ --rate=360 --send-buffer=4096 --recv-buffer=16384 --num-conns=2000 --num-calls=1
Maximum connect burst length: 5

Total: connections 2000 requests 1917 replies 1866 test-duration 6.756 s

Connection rate: 296.1 conn/s (3.4 ms/conn, <=56 concurrent connections)
Connection time [ms]: min 1.3 avg 30.9 max 937.5 median 27.5 stddev 28.4
Connection time [ms]: connect 8.5
Connection length [replies/conn]: 1.000

Request rate: 283.8 req/s (3.5 ms/req)
Request size [B]: 66.0

Reply rate [replies/s]: min 331.2 avg 331.2 max 331.2 stddev 0.0 (1 samples)
Reply time [ms]: response 24.0 transfer 0.0
Reply size [B]: header 266.0 content 76.0 footer 0.0 (total 342.0)
Reply status: 1xx=0 2xx=1866 3xx=0 4xx=0 5xx=0

CPU time [s]: user 0.71 system 6.00 (user 10.5% system 88.9% total 99.4%)
Net I/O: 111.1 KB/s (0.9*10^6 bps)

Errors: total 134 client-timo 134 socket-timo 0 connrefused 0 connreset 0
Errors: fd-unavail 0 addrunavail 0 ftab-full 0 other 0

httperf --hog --timeout=1 --client=0/1 --server=172.17.60.201 --port=80 --uri=/ --rate=380 --send-buffer=4096 --recv-buffer=16384 --num-conns=2000 --num-calls=1
Maximum connect burst length: 5

Total: connections 2000 requests 1911 replies 1868 test-duration 5.578 s

Connection rate: 358.5 conn/s (2.8 ms/conn, <=69 concurrent connections)
Connection time [ms]: min 2.8 avg 39.2 max 991.6 median 33.5 stddev 41.9
Connection time [ms]: connect 8.1
Connection length [replies/conn]: 1.000

Request rate: 342.6 req/s (2.9 ms/req)
Request size [B]: 66.0

Reply rate [replies/s]: min 352.2 avg 352.2 max 352.2 stddev 0.0 (1 samples)
Reply time [ms]: response 31.6 transfer 0.0
Reply size [B]: header 266.0 content 76.0 footer 0.0 (total 342.0)
Reply status: 1xx=0 2xx=1868 3xx=0 4xx=0 5xx=0

CPU time [s]: user 0.38 system 5.15 (user 6.9% system 92.3% total 99.2%)
Net I/O: 134.5 KB/s (1.1*10^6 bps)

Errors: total 132 client-timo 132 socket-timo 0 connrefused 0 connreset 0
Errors: fd-unavail 0 addrunavail 0 ftab-full 0 other 0

httperf --hog --timeout=1 --client=0/1 --server=172.17.60.201 --port=80 --uri=/ --rate=400 --send-buffer=4096 --recv-buffer=16384 --num-conns=2000 --num-calls=1
Maximum connect burst length: 6

Total: connections 2000 requests 1822 replies 1761 test-duration 5.898 s

Connection rate: 339.1 conn/s (2.9 ms/conn, <=152 concurrent connections)
Connection time [ms]: min 1.2 avg 66.2 max 1262.6 median 41.5 stddev 99.7
Connection time [ms]: connect 12.1
Connection length [replies/conn]: 1.000

Request rate: 308.9 req/s (3.2 ms/req)
Request size [B]: 66.0

Reply rate [replies/s]: min 346.2 avg 346.2 max 346.2 stddev 0.0 (1 samples)
Reply time [ms]: response 54.7 transfer 0.0
Reply size [B]: header 266.0 content 76.0 footer 0.0 (total 342.0)
Reply status: 1xx=0 2xx=1761 3xx=0 4xx=0 5xx=0

CPU time [s]: user 0.34 system 5.50 (user 5.8% system 93.3% total 99.1%)
Net I/O: 120.1 KB/s (1.0*10^6 bps)

Errors: total 239 client-timo 239 socket-timo 0 connrefused 0 connreset 0
Errors: fd-unavail 0 addrunavail 0 ftab-full 0 other 0

httperf --hog --timeout=1 --client=0/1 --server=172.17.60.201 --port=80 --uri=/ --rate=420 --send-buffer=4096 --recv-buffer=16384 --num-conns=2000 --num-calls=1
Maximum connect burst length: 5

Total: connections 2000 requests 1822 replies 1763 test-duration 6.649 s

Connection rate: 300.8 conn/s (3.3 ms/conn, <=151 concurrent connections)
Connection time [ms]: min 1.7 avg 65.7 max 1073.9 median 42.5 stddev 106.8
Connection time [ms]: connect 17.8
Connection length [replies/conn]: 1.000

Request rate: 274.0 req/s (3.6 ms/req)
Request size [B]: 66.0

Reply rate [replies/s]: min 351.6 avg 351.6 max 351.6 stddev 0.0 (1 samples)
Reply time [ms]: response 49.4 transfer 0.0
Reply size [B]: header 267.0 content 77.0 footer 0.0 (total 344.0)
Reply status: 1xx=0 2xx=1763 3xx=0 4xx=0 5xx=0

CPU time [s]: user 0.57 system 6.03 (user 8.5% system 90.7% total 99.3%)
Net I/O: 106.7 KB/s (0.9*10^6 bps)

Errors: total 237 client-timo 237 socket-timo 0 connrefused 0 connreset 0
Errors: fd-unavail 0 addrunavail 0 ftab-full 0 other 0

httperf --hog --timeout=1 --client=0/1 --server=172.17.60.201 --port=80 --uri=/ --rate=440 --send-buffer=4096 --recv-buffer=16384 --num-conns=2000 --num-calls=1
Maximum connect burst length: 5

Total: connections 2000 requests 1723 replies 1647 test-duration 5.558 s

Connection rate: 359.8 conn/s (2.8 ms/conn, <=216 concurrent connections)
Connection time [ms]: min 2.0 avg 79.2 max 1078.7 median 38.5 stddev 122.9
Connection time [ms]: connect 12.8
Connection length [replies/conn]: 1.000

Request rate: 310.0 req/s (3.2 ms/req)
Request size [B]: 66.0

Reply rate [replies/s]: min 329.4 avg 329.4 max 329.4 stddev 0.0 (1 samples)
Reply time [ms]: response 66.5 transfer 0.0
Reply size [B]: header 267.0 content 77.0 footer 0.0 (total 344.0)
Reply status: 1xx=0 2xx=1647 3xx=0 4xx=0 5xx=0

CPU time [s]: user 0.22 system 5.27 (user 4.0% system 94.9% total 98.9%)
Net I/O: 119.5 KB/s (1.0*10^6 bps)

Errors: total 353 client-timo 353 socket-timo 0 connrefused 0 connreset 0
Errors: fd-unavail 0 addrunavail 0 ftab-full 0 other 0

httperf --hog --timeout=1 --client=0/1 --server=172.17.60.201 --port=80 --uri=/ --rate=460 --send-buffer=4096 --recv-buffer=16384 --num-conns=2000 --num-calls=1
Maximum connect burst length: 7

Total: connections 2000 requests 1489 replies 1392 test-duration 5.349 s

Connection rate: 373.9 conn/s (2.7 ms/conn, <=247 concurrent connections)
Connection time [ms]: min 7.7 avg 152.0 max 1065.9 median 97.5 stddev 151.3
Connection time [ms]: connect 21.0
Connection length [replies/conn]: 1.000

Request rate: 278.4 req/s (3.6 ms/req)
Request size [B]: 66.0

Reply rate [replies/s]: min 278.4 avg 278.4 max 278.4 stddev 0.0 (1 samples)
Reply time [ms]: response 131.0 transfer 0.0
Reply size [B]: header 266.0 content 76.0 footer 0.0 (total 342.0)
Reply status: 1xx=0 2xx=1392 3xx=0 4xx=0 5xx=0

CPU time [s]: user 0.11 system 5.16 (user 2.0% system 96.5% total 98.6%)
Net I/O: 105.3 KB/s (0.9*10^6 bps)

Errors: total 608 client-timo 608 socket-timo 0 connrefused 0 connreset 0
Errors: fd-unavail 0 addrunavail 0 ftab-full 0 other 0

httperf --hog --timeout=1 --client=0/1 --server=172.17.60.201 --port=80 --uri=/ --rate=480 --send-buffer=4096 --recv-buffer=16384 --num-conns=2000 --num-calls=1
Maximum connect burst length: 5

Total: connections 2000 requests 1729 replies 1659 test-duration 5.178 s

Connection rate: 386.2 conn/s (2.6 ms/conn, <=242 concurrent connections)
Connection time [ms]: min 4.5 avg 66.7 max 1028.2 median 34.5 stddev 107.3
Connection time [ms]: connect 12.8
Connection length [replies/conn]: 1.000

Request rate: 333.9 req/s (3.0 ms/req)
Request size [B]: 66.0

Reply rate [replies/s]: min 331.8 avg 331.8 max 331.8 stddev 0.0 (1 samples)
Reply time [ms]: response 54.1 transfer 0.0
Reply size [B]: header 267.0 content 77.0 footer 0.0 (total 344.0)
Reply status: 1xx=0 2xx=1659 3xx=0 4xx=0 5xx=0

CPU time [s]: user 0.18 system 4.94 (user 3.6% system 95.4% total 99.0%)
Net I/O: 129.2 KB/s (1.1*10^6 bps)

Errors: total 341 client-timo 341 socket-timo 0 connrefused 0 connreset 0
Errors: fd-unavail 0 addrunavail 0 ftab-full 0 other 0

httperf --hog --timeout=1 --client=0/1 --server=172.17.60.201 --port=80 --uri=/ --rate=500 --send-buffer=4096 --recv-buffer=16384 --num-conns=2000 --num-calls=1
Maximum connect burst length: 5

Total: connections 2000 requests 1658 replies 1583 test-duration 4.999 s

Connection rate: 400.1 conn/s (2.5 ms/conn, <=277 concurrent connections)
Connection time [ms]: min 5.5 avg 95.0 max 1203.1 median 53.5 stddev 133.5
Connection time [ms]: connect 19.6
Connection length [replies/conn]: 1.000

Request rate: 331.7 req/s (3.0 ms/req)
Request size [B]: 66.0

Reply rate [replies/s]: min 0.0 avg 0.0 max 0.0 stddev 0.0 (0 samples)
Reply time [ms]: response 75.4 transfer 0.0
Reply size [B]: header 267.0 content 77.0 footer 0.0 (total 344.0)
Reply status: 1xx=0 2xx=1583 3xx=0 4xx=0 5xx=0

CPU time [s]: user 0.19 system 4.75 (user 3.8% system 95.0% total 98.7%)
Net I/O: 127.8 KB/s (1.0*10^6 bps)

Errors: total 417 client-timo 417 socket-timo 0 connrefused 0 connreset 0
Errors: fd-unavail 0 addrunavail 0 ftab-full 0 other 0

httperf --hog --timeout=1 --client=0/1 --server=172.17.60.201 --port=80 --uri=/ --rate=520 --send-buffer=4096 --recv-buffer=16384 --num-conns=2000 --num-calls=1
Maximum connect burst length: 5

Total: connections 2000 requests 1284 replies 1171 test-duration 4.874 s

Connection rate: 410.3 conn/s (2.4 ms/conn, <=392 concurrent connections)
Connection time [ms]: min 22.1 avg 198.2 max 1319.5 median 116.5 stddev 199.1
Connection time [ms]: connect 23.9
Connection length [replies/conn]: 1.000

Request rate: 263.4 req/s (3.8 ms/req)
Request size [B]: 66.0

Reply rate [replies/s]: min 0.0 avg 0.0 max 0.0 stddev 0.0 (0 samples)
Reply time [ms]: response 174.5 transfer 0.0
Reply size [B]: header 267.0 content 77.0 footer 0.0 (total 344.0)
Reply status: 1xx=0 2xx=1171 3xx=0 4xx=0 5xx=0

CPU time [s]: user 0.13 system 4.64 (user 2.7% system 95.3% total 98.0%)
Net I/O: 97.7 KB/s (0.8*10^6 bps)

Errors: total 829 client-timo 829 socket-timo 0 connrefused 0 connreset 0
Errors: fd-unavail 0 addrunavail 0 ftab-full 0 other 0

httperf --hog --timeout=1 --client=0/1 --server=172.17.60.201 --port=80 --uri=/ --rate=540 --send-buffer=4096 --recv-buffer=16384 --num-conns=2000 --num-calls=1
Maximum connect burst length: 6

Total: connections 2000 requests 1426 replies 1314 test-duration 4.732 s

Connection rate: 422.7 conn/s (2.4 ms/conn, <=352 concurrent connections)
Connection time [ms]: min 30.7 avg 186.4 max 1056.9 median 114.5 stddev 170.5
Connection time [ms]: connect 25.8
Connection length [replies/conn]: 1.000

Request rate: 301.4 req/s (3.3 ms/req)
Request size [B]: 66.0

Reply rate [replies/s]: min 0.0 avg 0.0 max 0.0 stddev 0.0 (0 samples)
Reply time [ms]: response 161.0 transfer 0.0
Reply size [B]: header 267.0 content 77.0 footer 0.0 (total 344.0)
Reply status: 1xx=0 2xx=1314 3xx=0 4xx=0 5xx=0

CPU time [s]: user 0.08 system 4.56 (user 1.7% system 96.4% total 98.1%)
Net I/O: 112.7 KB/s (0.9*10^6 bps)

Errors: total 686 client-timo 686 socket-timo 0 connrefused 0 connreset 0
Errors: fd-unavail 0 addrunavail 0 ftab-full 0 other 0

httperf --hog --timeout=1 --client=0/1 --server=172.17.60.201 --port=80 --uri=/ --rate=560 --send-buffer=4096 --recv-buffer=16384 --num-conns=2000 --num-calls=1
Maximum connect burst length: 8

Total: connections 2000 requests 1423 replies 1331 test-duration 4.609 s

Connection rate: 434.0 conn/s (2.3 ms/conn, <=335 concurrent connections)
Connection time [ms]: min 22.1 avg 155.9 max 1063.7 median 91.5 stddev 156.3
Connection time [ms]: connect 27.2
Connection length [replies/conn]: 1.000

Request rate: 308.8 req/s (3.2 ms/req)
Request size [B]: 66.0

Reply rate [replies/s]: min 0.0 avg 0.0 max 0.0 stddev 0.0 (0 samples)
Reply time [ms]: response 128.9 transfer 0.0
Reply size [B]: header 267.0 content 77.0 footer 0.0 (total 344.0)
Reply status: 1xx=0 2xx=1331 3xx=0 4xx=0 5xx=0

CPU time [s]: user 0.12 system 4.40 (user 2.5% system 95.5% total 98.0%)
Net I/O: 116.9 KB/s (1.0*10^6 bps)

Errors: total 669 client-timo 669 socket-timo 0 connrefused 0 connreset 0
Errors: fd-unavail 0 addrunavail 0 ftab-full 0 other 0

httperf --hog --timeout=1 --client=0/1 --server=172.17.60.201 --port=80 --uri=/ --rate=580 --send-buffer=4096 --recv-buffer=16384 --num-conns=2000 --num-calls=1
Maximum connect burst length: 8

Total: connections 2000 requests 1169 replies 1020 test-duration 4.484 s

Connection rate: 446.0 conn/s (2.2 ms/conn, <=426 concurrent connections)
Connection time [ms]: min 31.7 avg 238.8 max 970.3 median 143.5 stddev 206.9
Connection time [ms]: connect 27.9
Connection length [replies/conn]: 1.000

Request rate: 260.7 req/s (3.8 ms/req)
Request size [B]: 66.0

Reply rate [replies/s]: min 0.0 avg 0.0 max 0.0 stddev 0.0 (0 samples)
Reply time [ms]: response 211.0 transfer 0.0
Reply size [B]: header 267.0 content 77.0 footer 0.0 (total 344.0)
Reply status: 1xx=0 2xx=1020 3xx=0 4xx=0 5xx=0

CPU time [s]: user 0.11 system 4.27 (user 2.5% system 95.2% total 97.7%)
Net I/O: 93.2 KB/s (0.8*10^6 bps)

Errors: total 980 client-timo 980 socket-timo 0 connrefused 0 connreset 0
Errors: fd-unavail 0 addrunavail 0 ftab-full 0 other 0

httperf --hog --timeout=1 --client=0/1 --server=172.17.60.201 --port=80 --uri=/ --rate=600 --send-buffer=4096 --recv-buffer=16384 --num-conns=2000 --num-calls=1
Maximum connect burst length: 6

Total: connections 2000 requests 1113 replies 978 test-duration 4.347 s

Connection rate: 460.1 conn/s (2.2 ms/conn, <=460 concurrent connections)
Connection time [ms]: min 27.9 avg 229.6 max 923.3 median 142.5 stddev 204.6
Connection time [ms]: connect 28.4
Connection length [replies/conn]: 1.000

Request rate: 256.0 req/s (3.9 ms/req)
Request size [B]: 66.0

Reply rate [replies/s]: min 0.0 avg 0.0 max 0.0 stddev 0.0 (0 samples)
Reply time [ms]: response 201.5 transfer 0.0
Reply size [B]: header 267.0 content 77.0 footer 0.0 (total 344.0)
Reply status: 1xx=0 2xx=978 3xx=0 4xx=0 5xx=0

CPU time [s]: user 0.08 system 4.15 (user 1.8% system 95.5% total 97.4%)
Net I/O: 92.1 KB/s (0.8*10^6 bps)

Errors: total 1022 client-timo 1022 socket-timo 0 connrefused 0 connreset 0
Errors: fd-unavail 0 addrunavail 0 ftab-full 0 other 0

httperf --hog --timeout=1 --client=0/1 --server=172.17.60.201 --port=80 --uri=/ --rate=620 --send-buffer=4096 --recv-buffer=16384 --num-conns=2000 --num-calls=1
Maximum connect burst length: 6

Total: connections 2000 requests 1194 replies 1091 test-duration 4.249 s

Connection rate: 470.7 conn/s (2.1 ms/conn, <=407 concurrent connections)
Connection time [ms]: min 35.5 avg 247.4 max 1296.0 median 146.5 stddev 207.6
Connection time [ms]: connect 32.3
Connection length [replies/conn]: 1.000

Request rate: 281.0 req/s (3.6 ms/req)
Request size [B]: 66.0

Reply rate [replies/s]: min 0.0 avg 0.0 max 0.0 stddev 0.0 (0 samples)
Reply time [ms]: response 216.2 transfer 0.0
Reply size [B]: header 267.0 content 77.0 footer 0.0 (total 344.0)
Reply status: 1xx=0 2xx=1091 3xx=0 4xx=0 5xx=0

CPU time [s]: user 0.08 system 4.07 (user 1.8% system 95.7% total 97.5%)
Net I/O: 104.4 KB/s (0.9*10^6 bps)

Errors: total 909 client-timo 909 socket-timo 0 connrefused 0 connreset 0
Errors: fd-unavail 0 addrunavail 0 ftab-full 0 other 0

httperf --hog --timeout=1 --client=0/1 --server=172.17.60.201 --port=80 --uri=/ --rate=640 --send-buffer=4096 --recv-buffer=16384 --num-conns=2000 --num-calls=1
Maximum connect burst length: 7

Total: connections 2000 requests 1118 replies 1011 test-duration 4.135 s

Connection rate: 483.7 conn/s (2.1 ms/conn, <=444 concurrent connections)
Connection time [ms]: min 29.2 avg 237.7 max 1034.7 median 144.5 stddev 195.5
Connection time [ms]: connect 28.0
Connection length [replies/conn]: 1.000

Request rate: 270.4 req/s (3.7 ms/req)
Request size [B]: 66.0

Reply rate [replies/s]: min 0.0 avg 0.0 max 0.0 stddev 0.0 (0 samples)
Reply time [ms]: response 209.9 transfer 0.0
Reply size [B]: header 267.0 content 77.0 footer 0.0 (total 344.0)
Reply status: 1xx=0 2xx=1011 3xx=0 4xx=0 5xx=0

CPU time [s]: user 0.08 system 3.96 (user 1.8% system 95.7% total 97.5%)
Net I/O: 99.6 KB/s (0.8*10^6 bps)

Errors: total 989 client-timo 989 socket-timo 0 connrefused 0 connreset 0
Errors: fd-unavail 0 addrunavail 0 ftab-full 0 other 0

httperf --hog --timeout=1 --client=0/1 --server=172.17.60.201 --port=80 --uri=/ --rate=660 --send-buffer=4096 --recv-buffer=16384 --num-conns=2000 --num-calls=1
Maximum connect burst length: 8

Total: connections 2000 requests 986 replies 821 test-duration 4.046 s

Connection rate: 494.3 conn/s (2.0 ms/conn, <=540 concurrent connections)
Connection time [ms]: min 43.0 avg 287.1 max 1034.1 median 189.5 stddev 225.8
Connection time [ms]: connect 28.8
Connection length [replies/conn]: 1.000

Request rate: 243.7 req/s (4.1 ms/req)
Request size [B]: 66.0

Reply rate [replies/s]: min 0.0 avg 0.0 max 0.0 stddev 0.0 (0 samples)
Reply time [ms]: response 258.8 transfer 0.0
Reply size [B]: header 267.0 content 77.0 footer 0.0 (total 344.0)
Reply status: 1xx=0 2xx=821 3xx=0 4xx=0 5xx=0

CPU time [s]: user 0.06 system 3.88 (user 1.5% system 95.9% total 97.4%)
Net I/O: 83.9 KB/s (0.7*10^6 bps)

Errors: total 1179 client-timo 1179 socket-timo 0 connrefused 0 connreset 0
Errors: fd-unavail 0 addrunavail 0 ftab-full 0 other 0

httperf --hog --timeout=1 --client=0/1 --server=172.17.60.201 --port=80 --uri=/ --rate=680 --send-buffer=4096 --recv-buffer=16384 --num-conns=2000 --num-calls=1
Maximum connect burst length: 12

Total: connections 2000 requests 1090 replies 937 test-duration 3.966 s

Connection rate: 504.3 conn/s (2.0 ms/conn, <=458 concurrent connections)
Connection time [ms]: min 40.3 avg 258.9 max 1024.4 median 160.5 stddev 202.5
Connection time [ms]: connect 28.3
Connection length [replies/conn]: 1.000

Request rate: 274.8 req/s (3.6 ms/req)
Request size [B]: 66.0

Reply rate [replies/s]: min 0.0 avg 0.0 max 0.0 stddev 0.0 (0 samples)
Reply time [ms]: response 230.8 transfer 0.0
Reply size [B]: header 267.0 content 77.0 footer 0.0 (total 344.0)
Reply status: 1xx=0 2xx=937 3xx=0 4xx=0 5xx=0

CPU time [s]: user 0.09 system 3.77 (user 2.3% system 95.0% total 97.3%)
Net I/O: 97.1 KB/s (0.8*10^6 bps)

Errors: total 1063 client-timo 1063 socket-timo 0 connrefused 0 connreset 0
Errors: fd-unavail 0 addrunavail 0 ftab-full 0 other 0

httperf --hog --timeout=1 --client=0/1 --server=172.17.60.201 --port=80 --uri=/ --rate=700 --send-buffer=4096 --recv-buffer=16384 --num-conns=2000 --num-calls=1
Maximum connect burst length: 8

Total: connections 2000 requests 977 replies 839 test-duration 3.898 s

Connection rate: 513.1 conn/s (1.9 ms/conn, <=536 concurrent connections)
Connection time [ms]: min 43.8 avg 277.6 max 1024.2 median 169.5 stddev 214.2
Connection time [ms]: connect 27.0
Connection length [replies/conn]: 1.000

Request rate: 250.6 req/s (4.0 ms/req)
Request size [B]: 66.0

Reply rate [replies/s]: min 0.0 avg 0.0 max 0.0 stddev 0.0 (0 samples)
Reply time [ms]: response 251.3 transfer 0.0
Reply size [B]: header 267.0 content 77.0 footer 0.0 (total 344.0)
Reply status: 1xx=0 2xx=839 3xx=0 4xx=0 5xx=0

CPU time [s]: user 0.10 system 3.69 (user 2.6% system 94.7% total 97.3%)
Net I/O: 88.5 KB/s (0.7*10^6 bps)

Errors: total 1161 client-timo 1161 socket-timo 0 connrefused 0 connreset 0
Errors: fd-unavail 0 addrunavail 0 ftab-full 0 other 0

httperf --hog --timeout=1 --client=0/1 --server=172.17.60.201 --port=80 --uri=/ --rate=720 --send-buffer=4096 --recv-buffer=16384 --num-conns=2000 --num-calls=1
Maximum connect burst length: 11

Total: connections 2000 requests 825 replies 646 test-duration 3.795 s

Connection rate: 527.0 conn/s (1.9 ms/conn, <=606 concurrent connections)
Connection time [ms]: min 78.6 avg 309.3 max 1021.7 median 194.5 stddev 218.3
Connection time [ms]: connect 29.4
Connection length [replies/conn]: 1.000

Request rate: 217.4 req/s (4.6 ms/req)
Request size [B]: 66.0

Reply rate [replies/s]: min 0.0 avg 0.0 max 0.0 stddev 0.0 (0 samples)
Reply time [ms]: response 279.8 transfer 0.0
Reply size [B]: header 267.0 content 77.0 footer 0.0 (total 344.0)
Reply status: 1xx=0 2xx=646 3xx=0 4xx=0 5xx=0

CPU time [s]: user 0.05 system 3.62 (user 1.4% system 95.5% total 96.9%)
Net I/O: 71.2 KB/s (0.6*10^6 bps)

Errors: total 1354 client-timo 1354 socket-timo 0 connrefused 0 connreset 0
Errors: fd-unavail 0 addrunavail 0 ftab-full 0 other 0

httperf --hog --timeout=1 --client=0/1 --server=172.17.60.201 --port=80 --uri=/ --rate=740 --send-buffer=4096 --recv-buffer=16384 --num-conns=2000 --num-calls=1
Maximum connect burst length: 11

Total: connections 2000 requests 845 replies 645 test-duration 3.721 s

Connection rate: 537.5 conn/s (1.9 ms/conn, <=612 concurrent connections)
Connection time [ms]: min 73.7 avg 307.9 max 1025.7 median 196.5 stddev 210.7
Connection time [ms]: connect 28.5
Connection length [replies/conn]: 1.000

Request rate: 227.1 req/s (4.4 ms/req)
Request size [B]: 66.0

Reply rate [replies/s]: min 0.0 avg 0.0 max 0.0 stddev 0.0 (0 samples)
Reply time [ms]: response 279.6 transfer 0.0
Reply size [B]: header 267.0 content 77.0 footer 0.0 (total 344.0)
Reply status: 1xx=0 2xx=645 3xx=0 4xx=0 5xx=0

CPU time [s]: user 0.08 system 3.53 (user 2.1% system 94.9% total 97.1%)
Net I/O: 72.9 KB/s (0.6*10^6 bps)

Errors: total 1355 client-timo 1355 socket-timo 0 connrefused 0 connreset 0
Errors: fd-unavail 0 addrunavail 0 ftab-full 0 other 0

httperf --hog --timeout=1 --client=0/1 --server=172.17.60.201 --port=80 --uri=/ --rate=760 --send-buffer=4096 --recv-buffer=16384 --num-conns=2000 --num-calls=1
Maximum connect burst length: 16

Total: connections 2000 requests 769 replies 565 test-duration 3.631 s

Connection rate: 550.8 conn/s (1.8 ms/conn, <=663 concurrent connections)
Connection time [ms]: min 66.6 avg 329.8 max 1026.9 median 250.5 stddev 212.8
Connection time [ms]: connect 29.0
Connection length [replies/conn]: 1.000

Request rate: 211.8 req/s (4.7 ms/req)
Request size [B]: 66.0

Reply rate [replies/s]: min 0.0 avg 0.0 max 0.0 stddev 0.0 (0 samples)
Reply time [ms]: response 301.9 transfer 0.0
Reply size [B]: header 267.0 content 77.0 footer 0.0 (total 344.0)
Reply status: 1xx=0 2xx=565 3xx=0 4xx=0 5xx=0

CPU time [s]: user 0.10 system 3.41 (user 2.8% system 94.0% total 96.7%)
Net I/O: 65.9 KB/s (0.5*10^6 bps)

Errors: total 1435 client-timo 1435 socket-timo 0 connrefused 0 connreset 0
Errors: fd-unavail 0 addrunavail 0 ftab-full 0 other 0

httperf --hog --timeout=1 --client=0/1 --server=172.17.60.201 --port=80 --uri=/ --rate=780 --send-buffer=4096 --recv-buffer=16384 --num-conns=2000 --num-calls=1
Maximum connect burst length: 10

Total: connections 2000 requests 701 replies 474 test-duration 3.580 s

Connection rate: 558.6 conn/s (1.8 ms/conn, <=690 concurrent connections)
Connection time [ms]: min 106.4 avg 362.8 max 1004.7 median 230.5 stddev 238.9
Connection time [ms]: connect 30.9
Connection length [replies/conn]: 1.000

Request rate: 195.8 req/s (5.1 ms/req)
Request size [B]: 66.0

Reply rate [replies/s]: min 0.0 avg 0.0 max 0.0 stddev 0.0 (0 samples)
Reply time [ms]: response 332.2 transfer 0.0
Reply size [B]: header 267.0 content 77.0 footer 0.0 (total 344.0)
Reply status: 1xx=0 2xx=474 3xx=0 4xx=0 5xx=0

CPU time [s]: user 0.07 system 3.40 (user 2.0% system 95.0% total 97.0%)
Net I/O: 57.1 KB/s (0.5*10^6 bps)

Errors: total 1526 client-timo 1526 socket-timo 0 connrefused 0 connreset 0
Errors: fd-unavail 0 addrunavail 0 ftab-full 0 other 0

httperf --hog --timeout=1 --client=0/1 --server=172.17.60.201 --port=80 --uri=/ --rate=800 --send-buffer=4096 --recv-buffer=16384 --num-conns=2000 --num-calls=1
Maximum connect burst length: 10

Total: connections 2000 requests 722 replies 469 test-duration 3.528 s

Connection rate: 566.9 conn/s (1.8 ms/conn, <=729 concurrent connections)
Connection time [ms]: min 123.6 avg 401.0 max 1707.2 median 260.5 stddev 259.8
Connection time [ms]: connect 29.7
Connection length [replies/conn]: 1.000

Request rate: 204.7 req/s (4.9 ms/req)
Request size [B]: 66.0

Reply rate [replies/s]: min 0.0 avg 0.0 max 0.0 stddev 0.0 (0 samples)
Reply time [ms]: response 370.2 transfer 1.6
Reply size [B]: header 266.0 content 76.0 footer 0.0 (total 342.0)
Reply status: 1xx=0 2xx=469 3xx=0 4xx=0 5xx=0

CPU time [s]: user 0.10 system 3.33 (user 2.7% system 94.3% total 97.1%)
Net I/O: 57.8 KB/s (0.5*10^6 bps)

Errors: total 1531 client-timo 1531 socket-timo 0 connrefused 0 connreset 0
Errors: fd-unavail 0 addrunavail 0 ftab-full 0 other 0

httperf --hog --timeout=1 --client=0/1 --server=172.17.60.201 --port=80 --uri=/ --rate=820 --send-buffer=4096 --recv-buffer=16384 --num-conns=2000 --num-calls=1
Maximum connect burst length: 7

Total: connections 2000 requests 727 replies 536 test-duration 3.468 s

Connection rate: 576.7 conn/s (1.7 ms/conn, <=710 concurrent connections)
Connection time [ms]: min 89.0 avg 359.7 max 929.0 median 233.5 stddev 234.7
Connection time [ms]: connect 27.3
Connection length [replies/conn]: 1.000

Request rate: 209.6 req/s (4.8 ms/req)
Request size [B]: 66.0

Reply rate [replies/s]: min 0.0 avg 0.0 max 0.0 stddev 0.0 (0 samples)
Reply time [ms]: response 332.8 transfer 0.0
Reply size [B]: header 267.0 content 77.0 footer 0.0 (total 344.0)
Reply status: 1xx=0 2xx=536 3xx=0 4xx=0 5xx=0

CPU time [s]: user 0.07 system 3.29 (user 2.1% system 94.9% total 97.0%)
Net I/O: 65.4 KB/s (0.5*10^6 bps)

Errors: total 1464 client-timo 1464 socket-timo 0 connrefused 0 connreset 0
Errors: fd-unavail 0 addrunavail 0 ftab-full 0 other 0

httperf --hog --timeout=1 --client=0/1 --server=172.17.60.201 --port=80 --uri=/ --rate=840 --send-buffer=4096 --recv-buffer=16384 --num-conns=2000 --num-calls=1
Maximum connect burst length: 11

Total: connections 2000 requests 604 replies 372 test-duration 3.407 s

Connection rate: 587.0 conn/s (1.7 ms/conn, <=792 concurrent connections)
Connection time [ms]: min 158.4 avg 447.3 max 1025.9 median 321.5 stddev 268.0
Connection time [ms]: connect 31.8
Connection length [replies/conn]: 1.000

Request rate: 177.3 req/s (5.6 ms/req)
Request size [B]: 66.0

Reply rate [replies/s]: min 0.0 avg 0.0 max 0.0 stddev 0.0 (0 samples)
Reply time [ms]: response 415.8 transfer 0.0
Reply size [B]: header 266.0 content 76.0 footer 0.0 (total 342.0)
Reply status: 1xx=0 2xx=372 3xx=0 4xx=0 5xx=0

CPU time [s]: user 0.09 system 3.22 (user 2.7% system 94.4% total 97.1%)
Net I/O: 48.1 KB/s (0.4*10^6 bps)

Errors: total 1628 client-timo 1628 socket-timo 0 connrefused 0 connreset 0
Errors: fd-unavail 0 addrunavail 0 ftab-full 0 other 0

httperf --hog --timeout=1 --client=0/1 --server=172.17.60.201 --port=80 --uri=/ --rate=860 --send-buffer=4096 --recv-buffer=16384 --num-conns=2000 --num-calls=1
Maximum connect burst length: 8

Total: connections 2000 requests 659 replies 449 test-duration 3.356 s

Connection rate: 595.9 conn/s (1.7 ms/conn, <=760 concurrent connections)
Connection time [ms]: min 75.8 avg 381.5 max 961.1 median 272.5 stddev 237.4
Connection time [ms]: connect 29.4
Connection length [replies/conn]: 1.000

Request rate: 196.4 req/s (5.1 ms/req)
Request size [B]: 66.0

Reply rate [replies/s]: min 0.0 avg 0.0 max 0.0 stddev 0.0 (0 samples)
Reply time [ms]: response 353.2 transfer 0.0
Reply size [B]: header 267.0 content 77.0 footer 0.0 (total 344.0)
Reply status: 1xx=0 2xx=449 3xx=0 4xx=0 5xx=0

CPU time [s]: user 0.05 system 3.20 (user 1.5% system 95.5% total 97.0%)
Net I/O: 57.6 KB/s (0.5*10^6 bps)

Errors: total 1551 client-timo 1551 socket-timo 0 connrefused 0 connreset 0
Errors: fd-unavail 0 addrunavail 0 ftab-full 0 other 0

httperf --hog --timeout=1 --client=0/1 --server=172.17.60.201 --port=80 --uri=/ --rate=880 --send-buffer=4096 --recv-buffer=16384 --num-conns=2000 --num-calls=1
Maximum connect burst length: 7

Total: connections 2000 requests 656 replies 453 test-duration 3.302 s

Connection rate: 605.7 conn/s (1.7 ms/conn, <=769 concurrent connections)
Connection time [ms]: min 58.9 avg 362.2 max 1022.8 median 260.5 stddev 233.5
Connection time [ms]: connect 27.5
Connection length [replies/conn]: 1.000

Request rate: 198.7 req/s (5.0 ms/req)
Request size [B]: 66.0

Reply rate [replies/s]: min 0.0 avg 0.0 max 0.0 stddev 0.0 (0 samples)
Reply time [ms]: response 335.5 transfer 0.0
Reply size [B]: header 267.0 content 77.0 footer 0.0 (total 344.0)
Reply status: 1xx=0 2xx=453 3xx=0 4xx=0 5xx=0

CPU time [s]: user 0.06 system 3.14 (user 1.8% system 95.2% total 97.0%)
Net I/O: 58.9 KB/s (0.5*10^6 bps)

Errors: total 1547 client-timo 1547 socket-timo 0 connrefused 0 connreset 0
Errors: fd-unavail 0 addrunavail 0 ftab-full 0 other 0

httperf --hog --timeout=1 --client=0/1 --server=172.17.60.201 --port=80 --uri=/ --rate=900 --send-buffer=4096 --recv-buffer=16384 --num-conns=2000 --num-calls=1
Maximum connect burst length: 8

Total: connections 2000 requests 667 replies 470 test-duration 3.787 s

Connection rate: 528.2 conn/s (1.9 ms/conn, <=796 concurrent connections)
Connection time [ms]: min 100.2 avg 340.3 max 965.0 median 235.5 stddev 210.3
Connection time [ms]: connect 27.8
Connection length [replies/conn]: 1.000

Request rate: 176.1 req/s (5.7 ms/req)
Request size [B]: 66.0

Reply rate [replies/s]: min 0.0 avg 0.0 max 0.0 stddev 0.0 (0 samples)
Reply time [ms]: response 314.6 transfer 0.0
Reply size [B]: header 267.0 content 77.0 footer 0.0 (total 344.0)
Reply status: 1xx=0 2xx=470 3xx=0 4xx=0 5xx=0

CPU time [s]: user 0.16 system 3.52 (user 4.3% system 92.9% total 97.2%)
Net I/O: 53.0 KB/s (0.4*10^6 bps)

Errors: total 1530 client-timo 1530 socket-timo 0 connrefused 0 connreset 0
Errors: fd-unavail 0 addrunavail 0 ftab-full 0 other 0

httperf --hog --timeout=1 --client=0/1 --server=172.17.60.201 --port=80 --uri=/ --rate=920 --send-buffer=4096 --recv-buffer=16384 --num-conns=2000 --num-calls=1
Maximum connect burst length: 9

Total: connections 2000 requests 644 replies 416 test-duration 3.197 s

Connection rate: 625.6 conn/s (1.6 ms/conn, <=821 concurrent connections)
Connection time [ms]: min 66.7 avg 357.5 max 996.7 median 280.5 stddev 238.4
Connection time [ms]: connect 28.5
Connection length [replies/conn]: 1.000

Request rate: 201.4 req/s (5.0 ms/req)
Request size [B]: 66.0

Reply rate [replies/s]: min 0.0 avg 0.0 max 0.0 stddev 0.0 (0 samples)
Reply time [ms]: response 330.2 transfer 0.0
Reply size [B]: header 267.0 content 77.0 footer 0.0 (total 344.0)
Reply status: 1xx=0 2xx=416 3xx=0 4xx=0 5xx=0

CPU time [s]: user 0.05 system 3.06 (user 1.6% system 95.6% total 97.2%)
Net I/O: 56.7 KB/s (0.5*10^6 bps)

Errors: total 1584 client-timo 1584 socket-timo 0 connrefused 0 connreset 0
Errors: fd-unavail 0 addrunavail 0 ftab-full 0 other 0

httperf --hog --timeout=1 --client=0/1 --server=172.17.60.201 --port=80 --uri=/ --rate=940 --send-buffer=4096 --recv-buffer=16384 --num-conns=2000 --num-calls=1
Maximum connect burst length: 13

Total: connections 2000 requests 596 replies 331 test-duration 3.148 s

Connection rate: 635.3 conn/s (1.6 ms/conn, <=872 concurrent connections)
Connection time [ms]: min 113.8 avg 430.9 max 1026.5 median 309.5 stddev 259.6
Connection time [ms]: connect 29.6
Connection length [replies/conn]: 1.000

Request rate: 189.3 req/s (5.3 ms/req)
Request size [B]: 66.0

Reply rate [replies/s]: min 0.0 avg 0.0 max 0.0 stddev 0.0 (0 samples)
Reply time [ms]: response 402.4 transfer 0.0
Reply size [B]: header 267.0 content 77.0 footer 0.0 (total 344.0)
Reply status: 1xx=0 2xx=331 3xx=0 4xx=0 5xx=0

CPU time [s]: user 0.08 system 2.98 (user 2.5% system 94.5% total 97.1%)
Net I/O: 47.5 KB/s (0.4*10^6 bps)

Errors: total 1669 client-timo 1669 socket-timo 0 connrefused 0 connreset 0
Errors: fd-unavail 0 addrunavail 0 ftab-full 0 other 0

httperf --hog --timeout=1 --client=0/1 --server=172.17.60.201 --port=80 --uri=/ --rate=960 --send-buffer=4096 --recv-buffer=16384 --num-conns=2000 --num-calls=1
Maximum connect burst length: 6

Total: connections 2000 requests 561 replies 341 test-duration 3.101 s

Connection rate: 645.0 conn/s (1.6 ms/conn, <=894 concurrent connections)
Connection time [ms]: min 85.6 avg 409.8 max 1031.7 median 307.5 stddev 248.9
Connection time [ms]: connect 29.8
Connection length [replies/conn]: 1.000

Request rate: 180.9 req/s (5.5 ms/req)
Request size [B]: 66.0

Reply rate [replies/s]: min 0.0 avg 0.0 max 0.0 stddev 0.0 (0 samples)
Reply time [ms]: response 380.3 transfer 0.0
Reply size [B]: header 267.0 content 77.0 footer 0.0 (total 344.0)
Reply status: 1xx=0 2xx=341 3xx=0 4xx=0 5xx=0

CPU time [s]: user 0.09 system 2.92 (user 2.8% system 94.2% total 97.0%)
Net I/O: 48.6 KB/s (0.4*10^6 bps)

Errors: total 1659 client-timo 1659 socket-timo 0 connrefused 0 connreset 0
Errors: fd-unavail 0 addrunavail 0 ftab-full 0 other 0

httperf --hog --timeout=1 --client=0/1 --server=172.17.60.201 --port=80 --uri=/ --rate=980 --send-buffer=4096 --recv-buffer=16384 --num-conns=2000 --num-calls=1
Maximum connect burst length: 4

Total: connections 2000 requests 573 replies 385 test-duration 3.056 s

Connection rate: 654.4 conn/s (1.5 ms/conn, <=910 concurrent connections)
Connection time [ms]: min 92.0 avg 413.1 max 1033.0 median 307.5 stddev 259.2
Connection time [ms]: connect 28.3
Connection length [replies/conn]: 1.000

Request rate: 187.5 req/s (5.3 ms/req)
Request size [B]: 66.0

Reply rate [replies/s]: min 0.0 avg 0.0 max 0.0 stddev 0.0 (0 samples)
Reply time [ms]: response 385.5 transfer 0.0
Reply size [B]: header 267.0 content 77.0 footer 0.0 (total 344.0)
Reply status: 1xx=0 2xx=385 3xx=0 4xx=0 5xx=0

CPU time [s]: user 0.04 system 2.94 (user 1.3% system 96.1% total 97.4%)
Net I/O: 54.4 KB/s (0.4*10^6 bps)

Errors: total 1615 client-timo 1615 socket-timo 0 connrefused 0 connreset 0
Errors: fd-unavail 0 addrunavail 0 ftab-full 0 other 0

httperf --hog --timeout=1 --client=0/1 --server=172.17.60.201 --port=80 --uri=/ --rate=1000 --send-buffer=4096 --recv-buffer=16384 --num-conns=2000 --num-calls=1
Maximum connect burst length: 7

Total: connections 2000 requests 791 replies 595 test-duration 3.027 s

Connection rate: 660.7 conn/s (1.5 ms/conn, <=888 concurrent connections)
Connection time [ms]: min 44.3 avg 341.3 max 1034.9 median 267.5 stddev 229.2
Connection time [ms]: connect 28.0
Connection length [replies/conn]: 1.000

Request rate: 261.3 req/s (3.8 ms/req)
Request size [B]: 66.0

Reply rate [replies/s]: min 0.0 avg 0.0 max 0.0 stddev 0.0 (0 samples)
Reply time [ms]: response 313.9 transfer 0.0
Reply size [B]: header 267.0 content 77.0 footer 0.0 (total 344.0)
Reply status: 1xx=0 2xx=595 3xx=0 4xx=0 5xx=0

CPU time [s]: user 0.04 system 2.88 (user 1.3% system 95.1% total 96.5%)
Net I/O: 82.9 KB/s (0.7*10^6 bps)

Errors: total 1405 client-timo 1405 socket-timo 0 connrefused 0 connreset 0
Errors: fd-unavail 0 addrunavail 0 ftab-full 0 other 0

