httperf --hog --timeout=1 --client=0/1 --server=172.17.60.201 --port=80 --uri=/ --rate=20 --send-buffer=4096 --recv-buffer=16384 --num-conns=2000 --num-calls=1
Maximum connect burst length: 1

Total: connections 2000 requests 2000 replies 2000 test-duration 99.967 s

Connection rate: 20.0 conn/s (50.0 ms/conn, <=1 concurrent connections)
Connection time [ms]: min 0.7 avg 3.2 max 38.5 median 1.5 stddev 4.1
Connection time [ms]: connect 1.1
Connection length [replies/conn]: 1.000

Request rate: 20.0 req/s (50.0 ms/req)
Request size [B]: 66.0

Reply rate [replies/s]: min 20.0 avg 20.0 max 20.0 stddev 0.0 (19 samples)
Reply time [ms]: response 2.2 transfer 0.0
Reply size [B]: header 258.0 content 75.0 footer 0.0 (total 333.0)
Reply status: 1xx=0 2xx=2000 3xx=0 4xx=0 5xx=0

CPU time [s]: user 43.51 system 56.32 (user 43.5% system 56.3% total 99.9%)
Net I/O: 7.8 KB/s (0.1*10^6 bps)

Errors: total 0 client-timo 0 socket-timo 0 connrefused 0 connreset 0
Errors: fd-unavail 0 addrunavail 0 ftab-full 0 other 0

httperf --hog --timeout=1 --client=0/1 --server=172.17.60.201 --port=80 --uri=/ --rate=40 --send-buffer=4096 --recv-buffer=16384 --num-conns=2000 --num-calls=1
Maximum connect burst length: 1

Total: connections 2000 requests 1973 replies 1852 test-duration 50.706 s

Connection rate: 39.4 conn/s (25.4 ms/conn, <=10 concurrent connections)
Connection time [ms]: min 0.7 avg 9.7 max 1757.0 median 1.5 stddev 89.3
Connection time [ms]: connect 9.8
Connection length [replies/conn]: 1.000

Request rate: 38.9 req/s (25.7 ms/req)
Request size [B]: 66.0

Reply rate [replies/s]: min 36.0 avg 37.0 max 38.4 stddev 0.8 (10 samples)
Reply time [ms]: response 8.2 transfer 0.2
Reply size [B]: header 266.0 content 76.0 footer 0.0 (total 342.0)
Reply status: 1xx=0 2xx=1852 3xx=0 4xx=0 5xx=0

CPU time [s]: user 14.30 system 36.31 (user 28.2% system 71.6% total 99.8%)
Net I/O: 14.7 KB/s (0.1*10^6 bps)

Errors: total 148 client-timo 148 socket-timo 0 connrefused 0 connreset 0
Errors: fd-unavail 0 addrunavail 0 ftab-full 0 other 0

httperf --hog --timeout=1 --client=0/1 --server=172.17.60.201 --port=80 --uri=/ --rate=60 --send-buffer=4096 --recv-buffer=16384 --num-conns=2000 --num-calls=1
Maximum connect burst length: 1

Total: connections 2000 requests 2000 replies 1996 test-duration 33.322 s

Connection rate: 60.0 conn/s (16.7 ms/conn, <=6 concurrent connections)
Connection time [ms]: min 0.7 avg 13.5 max 917.1 median 3.5 stddev 59.0
Connection time [ms]: connect 1.8
Connection length [replies/conn]: 1.000

Request rate: 60.0 req/s (16.7 ms/req)
Request size [B]: 66.0

Reply rate [replies/s]: min 59.8 avg 59.9 max 60.0 stddev 0.1 (6 samples)
Reply time [ms]: response 11.6 transfer 0.0
Reply size [B]: header 262.0 content 76.0 footer 0.0 (total 338.0)
Reply status: 1xx=0 2xx=1996 3xx=0 4xx=0 5xx=0

CPU time [s]: user 12.33 system 20.91 (user 37.0% system 62.8% total 99.8%)
Net I/O: 23.7 KB/s (0.2*10^6 bps)

Errors: total 4 client-timo 4 socket-timo 0 connrefused 0 connreset 0
Errors: fd-unavail 0 addrunavail 0 ftab-full 0 other 0

httperf --hog --timeout=1 --client=0/1 --server=172.17.60.201 --port=80 --uri=/ --rate=80 --send-buffer=4096 --recv-buffer=16384 --num-conns=2000 --num-calls=1
Maximum connect burst length: 1

Total: connections 2000 requests 1996 replies 1966 test-duration 24.993 s

Connection rate: 80.0 conn/s (12.5 ms/conn, <=11 concurrent connections)
Connection time [ms]: min 0.7 avg 20.9 max 1005.9 median 5.5 stddev 105.3
Connection time [ms]: connect 3.1
Connection length [replies/conn]: 1.000

Request rate: 79.9 req/s (12.5 ms/req)
Request size [B]: 66.0

Reply rate [replies/s]: min 76.6 avg 78.6 max 79.8 stddev 1.5 (4 samples)
Reply time [ms]: response 18.3 transfer 0.0
Reply size [B]: header 264.0 content 76.0 footer 0.0 (total 340.0)
Reply status: 1xx=0 2xx=1966 3xx=0 4xx=0 5xx=0

CPU time [s]: user 7.16 system 17.75 (user 28.7% system 71.0% total 99.7%)
Net I/O: 31.4 KB/s (0.3*10^6 bps)

Errors: total 34 client-timo 34 socket-timo 0 connrefused 0 connreset 0
Errors: fd-unavail 0 addrunavail 0 ftab-full 0 other 0

httperf --hog --timeout=1 --client=0/1 --server=172.17.60.201 --port=80 --uri=/ --rate=100 --send-buffer=4096 --recv-buffer=16384 --num-conns=2000 --num-calls=1
Maximum connect burst length: 1

Total: connections 2000 requests 2000 replies 1994 test-duration 20.185 s

Connection rate: 99.1 conn/s (10.1 ms/conn, <=7 concurrent connections)
Connection time [ms]: min 0.8 avg 16.6 max 994.6 median 6.5 stddev 68.3
Connection time [ms]: connect 2.9
Connection length [replies/conn]: 1.000

Request rate: 99.1 req/s (10.1 ms/req)
Request size [B]: 66.0

Reply rate [replies/s]: min 99.4 avg 99.6 max 99.8 stddev 0.2 (4 samples)
Reply time [ms]: response 13.7 transfer 0.0
Reply size [B]: header 263.0 content 76.0 footer 0.0 (total 339.0)
Reply status: 1xx=0 2xx=1994 3xx=0 4xx=0 5xx=0

CPU time [s]: user 6.48 system 13.64 (user 32.1% system 67.6% total 99.7%)
Net I/O: 39.2 KB/s (0.3*10^6 bps)

Errors: total 6 client-timo 6 socket-timo 0 connrefused 0 connreset 0
Errors: fd-unavail 0 addrunavail 0 ftab-full 0 other 0

httperf --hog --timeout=1 --client=0/1 --server=172.17.60.201 --port=80 --uri=/ --rate=120 --send-buffer=4096 --recv-buffer=16384 --num-conns=2000 --num-calls=1
Maximum connect burst length: 2

Total: connections 2000 requests 1984 replies 1947 test-duration 17.619 s

Connection rate: 113.5 conn/s (8.8 ms/conn, <=16 concurrent connections)
Connection time [ms]: min 0.7 avg 14.7 max 1969.7 median 6.5 stddev 86.2
Connection time [ms]: connect 4.4
Connection length [replies/conn]: 1.000

Request rate: 112.6 req/s (8.9 ms/req)
Request size [B]: 66.0

Reply rate [replies/s]: min 116.6 avg 117.2 max 118.0 stddev 0.7 (3 samples)
Reply time [ms]: response 10.5 transfer 0.2
Reply size [B]: header 266.0 content 76.0 footer 0.0 (total 342.0)
Reply status: 1xx=0 2xx=1947 3xx=0 4xx=0 5xx=0

CPU time [s]: user 4.22 system 13.33 (user 24.0% system 75.7% total 99.6%)
Net I/O: 44.3 KB/s (0.4*10^6 bps)

Errors: total 53 client-timo 53 socket-timo 0 connrefused 0 connreset 0
Errors: fd-unavail 0 addrunavail 0 ftab-full 0 other 0

httperf --hog --timeout=1 --client=0/1 --server=172.17.60.201 --port=80 --uri=/ --rate=140 --send-buffer=4096 --recv-buffer=16384 --num-conns=2000 --num-calls=1
Maximum connect burst length: 1

Total: connections 2000 requests 2000 replies 1985 test-duration 15.096 s

Connection rate: 132.5 conn/s (7.5 ms/conn, <=11 concurrent connections)
Connection time [ms]: min 0.6 avg 14.8 max 950.1 median 7.5 stddev 49.9
Connection time [ms]: connect 3.4
Connection length [replies/conn]: 1.000

Request rate: 132.5 req/s (7.5 ms/req)
Request size [B]: 66.0

Reply rate [replies/s]: min 119.2 avg 132.3 max 139.8 stddev 11.4 (3 samples)
Reply time [ms]: response 11.8 transfer 0.0
Reply size [B]: header 265.0 content 76.0 footer 0.0 (total 341.0)
Reply status: 1xx=0 2xx=1985 3xx=0 4xx=0 5xx=0

CPU time [s]: user 4.06 system 10.98 (user 26.9% system 72.7% total 99.6%)
Net I/O: 52.4 KB/s (0.4*10^6 bps)

Errors: total 15 client-timo 15 socket-timo 0 connrefused 0 connreset 0
Errors: fd-unavail 0 addrunavail 0 ftab-full 0 other 0

httperf --hog --timeout=1 --client=0/1 --server=172.17.60.201 --port=80 --uri=/ --rate=160 --send-buffer=4096 --recv-buffer=16384 --num-conns=2000 --num-calls=1
Maximum connect burst length: 2

Total: connections 2000 requests 2000 replies 1997 test-duration 13.314 s

Connection rate: 150.2 conn/s (6.7 ms/conn, <=14 concurrent connections)
Connection time [ms]: min 0.8 avg 15.6 max 871.6 median 8.5 stddev 51.8
Connection time [ms]: connect 4.0
Connection length [replies/conn]: 1.000

Request rate: 150.2 req/s (6.7 ms/req)
Request size [B]: 66.0

Reply rate [replies/s]: min 158.6 avg 159.1 max 159.6 stddev 0.7 (2 samples)
Reply time [ms]: response 11.4 transfer 0.2
Reply size [B]: header 264.0 content 76.0 footer 0.0 (total 340.0)
Reply status: 1xx=0 2xx=1997 3xx=0 4xx=0 5xx=0

CPU time [s]: user 3.88 system 9.38 (user 29.1% system 70.4% total 99.6%)
Net I/O: 59.7 KB/s (0.5*10^6 bps)

Errors: total 3 client-timo 3 socket-timo 0 connrefused 0 connreset 0
Errors: fd-unavail 0 addrunavail 0 ftab-full 0 other 0

httperf --hog --timeout=1 --client=0/1 --server=172.17.60.201 --port=80 --uri=/ --rate=180 --send-buffer=4096 --recv-buffer=16384 --num-conns=2000 --num-calls=1
Maximum connect burst length: 2

Total: connections 2000 requests 2000 replies 1994 test-duration 11.226 s

Connection rate: 178.2 conn/s (5.6 ms/conn, <=17 concurrent connections)
Connection time [ms]: min 0.8 avg 19.1 max 845.2 median 8.5 stddev 79.7
Connection time [ms]: connect 3.9
Connection length [replies/conn]: 1.000

Request rate: 178.2 req/s (5.6 ms/req)
Request size [B]: 66.0

Reply rate [replies/s]: min 177.8 avg 178.7 max 179.6 stddev 1.3 (2 samples)
Reply time [ms]: response 15.2 transfer 0.0
Reply size [B]: header 265.0 content 76.0 footer 0.0 (total 341.0)
Reply status: 1xx=0 2xx=1994 3xx=0 4xx=0 5xx=0

CPU time [s]: user 2.73 system 8.44 (user 24.3% system 75.2% total 99.6%)
Net I/O: 70.8 KB/s (0.6*10^6 bps)

Errors: total 6 client-timo 6 socket-timo 0 connrefused 0 connreset 0
Errors: fd-unavail 0 addrunavail 0 ftab-full 0 other 0

httperf --hog --timeout=1 --client=0/1 --server=172.17.60.201 --port=80 --uri=/ --rate=200 --send-buffer=4096 --recv-buffer=16384 --num-conns=2000 --num-calls=1
Maximum connect burst length: 3

Total: connections 2000 requests 1993 replies 1967 test-duration 10.421 s

Connection rate: 191.9 conn/s (5.2 ms/conn, <=18 concurrent connections)
Connection time [ms]: min 0.7 avg 12.8 max 1592.4 median 8.5 stddev 54.6
Connection time [ms]: connect 4.5
Connection length [replies/conn]: 1.000

Request rate: 191.2 req/s (5.2 ms/req)
Request size [B]: 66.0

Reply rate [replies/s]: min 193.8 avg 196.2 max 198.6 stddev 3.4 (2 samples)
Reply time [ms]: response 8.3 transfer 0.0
Reply size [B]: header 266.0 content 76.0 footer 0.0 (total 342.0)
Reply status: 1xx=0 2xx=1967 3xx=0 4xx=0 5xx=0

CPU time [s]: user 2.29 system 8.08 (user 22.0% system 77.6% total 99.5%)
Net I/O: 75.6 KB/s (0.6*10^6 bps)

Errors: total 33 client-timo 33 socket-timo 0 connrefused 0 connreset 0
Errors: fd-unavail 0 addrunavail 0 ftab-full 0 other 0

httperf --hog --timeout=1 --client=0/1 --server=172.17.60.201 --port=80 --uri=/ --rate=220 --send-buffer=4096 --recv-buffer=16384 --num-conns=2000 --num-calls=1
Maximum connect burst length: 2

Total: connections 2000 requests 1992 replies 1969 test-duration 9.661 s

Connection rate: 207.0 conn/s (4.8 ms/conn, <=19 concurrent connections)
Connection time [ms]: min 1.1 avg 16.2 max 1670.6 median 9.5 stddev 79.9
Connection time [ms]: connect 6.9
Connection length [replies/conn]: 1.000

Request rate: 206.2 req/s (4.9 ms/req)
Request size [B]: 66.0

Reply rate [replies/s]: min 217.4 avg 217.4 max 217.4 stddev 0.0 (1 samples)
Reply time [ms]: response 10.3 transfer 0.0
Reply size [B]: header 266.0 content 76.0 footer 0.0 (total 342.0)
Reply status: 1xx=0 2xx=1969 3xx=0 4xx=0 5xx=0

CPU time [s]: user 1.90 system 7.72 (user 19.6% system 79.9% total 99.5%)
Net I/O: 81.6 KB/s (0.7*10^6 bps)

Errors: total 31 client-timo 31 socket-timo 0 connrefused 0 connreset 0
Errors: fd-unavail 0 addrunavail 0 ftab-full 0 other 0

httperf --hog --timeout=1 --client=0/1 --server=172.17.60.201 --port=80 --uri=/ --rate=240 --send-buffer=4096 --recv-buffer=16384 --num-conns=2000 --num-calls=1
Maximum connect burst length: 3

Total: connections 2000 requests 1985 replies 1962 test-duration 8.431 s

Connection rate: 237.2 conn/s (4.2 ms/conn, <=21 concurrent connections)
Connection time [ms]: min 1.3 avg 12.6 max 997.8 median 10.5 stddev 23.1
Connection time [ms]: connect 5.2
Connection length [replies/conn]: 1.000

Request rate: 235.4 req/s (4.2 ms/req)
Request size [B]: 66.0

Reply rate [replies/s]: min 237.0 avg 237.0 max 237.0 stddev 0.0 (1 samples)
Reply time [ms]: response 8.0 transfer 0.0
Reply size [B]: header 266.0 content 76.0 footer 0.0 (total 342.0)
Reply status: 1xx=0 2xx=1962 3xx=0 4xx=0 5xx=0

CPU time [s]: user 1.75 system 6.64 (user 20.7% system 78.7% total 99.4%)
Net I/O: 93.3 KB/s (0.8*10^6 bps)

Errors: total 38 client-timo 38 socket-timo 0 connrefused 0 connreset 0
Errors: fd-unavail 0 addrunavail 0 ftab-full 0 other 0

httperf --hog --timeout=1 --client=0/1 --server=172.17.60.201 --port=80 --uri=/ --rate=260 --send-buffer=4096 --recv-buffer=16384 --num-conns=2000 --num-calls=1
Maximum connect burst length: 3

Total: connections 2000 requests 1979 replies 1957 test-duration 8.705 s

Connection rate: 229.8 conn/s (4.4 ms/conn, <=28 concurrent connections)
Connection time [ms]: min 0.8 avg 14.4 max 61.7 median 12.5 stddev 8.7
Connection time [ms]: connect 6.0
Connection length [replies/conn]: 1.000

Request rate: 227.3 req/s (4.4 ms/req)
Request size [B]: 66.0

Reply rate [replies/s]: min 256.2 avg 256.2 max 256.2 stddev 0.0 (1 samples)
Reply time [ms]: response 9.5 transfer 0.0
Reply size [B]: header 267.0 content 77.0 footer 0.0 (total 344.0)
Reply status: 1xx=0 2xx=1957 3xx=0 4xx=0 5xx=0

CPU time [s]: user 1.42 system 7.25 (user 16.3% system 83.3% total 99.5%)
Net I/O: 90.2 KB/s (0.7*10^6 bps)

Errors: total 43 client-timo 43 socket-timo 0 connrefused 0 connreset 0
Errors: fd-unavail 0 addrunavail 0 ftab-full 0 other 0

httperf --hog --timeout=1 --client=0/1 --server=172.17.60.201 --port=80 --uri=/ --rate=280 --send-buffer=4096 --recv-buffer=16384 --num-conns=2000 --num-calls=1
Maximum connect burst length: 2

Total: connections 2000 requests 1883 replies 1857 test-duration 7.260 s

Connection rate: 275.5 conn/s (3.6 ms/conn, <=94 concurrent connections)
Connection time [ms]: min 0.8 avg 59.0 max 1711.4 median 17.5 stddev 154.2
Connection time [ms]: connect 14.2
Connection length [replies/conn]: 1.000

Request rate: 259.4 req/s (3.9 ms/req)
Request size [B]: 66.0

Reply rate [replies/s]: min 250.8 avg 250.8 max 250.8 stddev 0.0 (1 samples)
Reply time [ms]: response 44.7 transfer 0.0
Reply size [B]: header 266.0 content 76.0 footer 0.0 (total 342.0)
Reply status: 1xx=0 2xx=1857 3xx=0 4xx=0 5xx=0

CPU time [s]: user 0.80 system 6.41 (user 11.0% system 88.3% total 99.3%)
Net I/O: 102.4 KB/s (0.8*10^6 bps)

Errors: total 143 client-timo 143 socket-timo 0 connrefused 0 connreset 0
Errors: fd-unavail 0 addrunavail 0 ftab-full 0 other 0

httperf --hog --timeout=1 --client=0/1 --server=172.17.60.201 --port=80 --uri=/ --rate=300 --send-buffer=4096 --recv-buffer=16384 --num-conns=2000 --num-calls=1
Maximum connect burst length: 4

Total: connections 2000 requests 1932 replies 1917 test-duration 6.677 s

Connection rate: 299.5 conn/s (3.3 ms/conn, <=50 concurrent connections)
Connection time [ms]: min 1.9 avg 44.6 max 1076.9 median 21.5 stddev 66.8
Connection time [ms]: connect 8.2
Connection length [replies/conn]: 1.000

Request rate: 289.4 req/s (3.5 ms/req)
Request size [B]: 66.0

Reply rate [replies/s]: min 286.2 avg 286.2 max 286.2 stddev 0.0 (1 samples)
Reply time [ms]: response 37.4 transfer 0.0
Reply size [B]: header 267.0 content 77.0 footer 0.0 (total 344.0)
Reply status: 1xx=0 2xx=1917 3xx=0 4xx=0 5xx=0

CPU time [s]: user 0.64 system 5.99 (user 9.6% system 89.7% total 99.3%)
Net I/O: 115.1 KB/s (0.9*10^6 bps)

Errors: total 83 client-timo 83 socket-timo 0 connrefused 0 connreset 0
Errors: fd-unavail 0 addrunavail 0 ftab-full 0 other 0

httperf --hog --timeout=1 --client=0/1 --server=172.17.60.201 --port=80 --uri=/ --rate=320 --send-buffer=4096 --recv-buffer=16384 --num-conns=2000 --num-calls=1
Maximum connect burst length: 4

Total: connections 2000 requests 1927 replies 1895 test-duration 8.234 s

Connection rate: 242.9 conn/s (4.1 ms/conn, <=53 concurrent connections)
Connection time [ms]: min 1.2 avg 26.3 max 558.8 median 18.5 stddev 34.2
Connection time [ms]: connect 10.3
Connection length [replies/conn]: 1.000

Request rate: 234.0 req/s (4.3 ms/req)
Request size [B]: 66.0

Reply rate [replies/s]: min 305.6 avg 305.6 max 305.6 stddev 0.0 (1 samples)
Reply time [ms]: response 19.6 transfer 0.0
Reply size [B]: header 267.0 content 77.0 footer 0.0 (total 344.0)
Reply status: 1xx=0 2xx=1895 3xx=0 4xx=0 5xx=0

CPU time [s]: user 1.15 system 7.04 (user 13.9% system 85.6% total 99.5%)
Net I/O: 92.4 KB/s (0.8*10^6 bps)

Errors: total 105 client-timo 105 socket-timo 0 connrefused 0 connreset 0
Errors: fd-unavail 0 addrunavail 0 ftab-full 0 other 0

httperf --hog --timeout=1 --client=0/1 --server=172.17.60.201 --port=80 --uri=/ --rate=340 --send-buffer=4096 --recv-buffer=16384 --num-conns=2000 --num-calls=1
Maximum connect burst length: 4

Total: connections 2000 requests 1942 replies 1911 test-duration 7.681 s

Connection rate: 260.4 conn/s (3.8 ms/conn, <=55 concurrent connections)
Connection time [ms]: min 0.9 avg 30.7 max 998.8 median 24.5 stddev 35.4
Connection time [ms]: connect 10.6
Connection length [replies/conn]: 1.000

Request rate: 252.8 req/s (4.0 ms/req)
Request size [B]: 66.0

Reply rate [replies/s]: min 324.8 avg 324.8 max 324.8 stddev 0.0 (1 samples)
Reply time [ms]: response 23.2 transfer 0.0
Reply size [B]: header 266.0 content 76.0 footer 0.0 (total 342.0)
Reply status: 1xx=0 2xx=1911 3xx=0 4xx=0 5xx=0

CPU time [s]: user 0.93 system 6.71 (user 12.1% system 87.3% total 99.4%)
Net I/O: 99.9 KB/s (0.8*10^6 bps)

Errors: total 89 client-timo 89 socket-timo 0 connrefused 0 connreset 0
Errors: fd-unavail 0 addrunavail 0 ftab-full 0 other 0

httperf --hog --timeout=1 --client=0/1 --server=172.17.60.201 --port=80 --uri=/ --rate=360 --send-buffer=4096 --recv-buffer=16384 --num-conns=2000 --num-calls=1
Maximum connect burst length: 4

Total: connections 2000 requests 1943 replies 1922 test-duration 6.552 s

Connection rate: 305.3 conn/s (3.3 ms/conn, <=50 concurrent connections)
Connection time [ms]: min 0.9 avg 37.5 max 1966.7 median 26.5 stddev 93.0
Connection time [ms]: connect 9.3
Connection length [replies/conn]: 1.000

Request rate: 296.6 req/s (3.4 ms/req)
Request size [B]: 66.0

Reply rate [replies/s]: min 345.6 avg 345.6 max 345.6 stddev 0.0 (1 samples)
Reply time [ms]: response 30.2 transfer 0.0
Reply size [B]: header 266.0 content 76.0 footer 0.0 (total 342.0)
Reply status: 1xx=0 2xx=1922 3xx=0 4xx=0 5xx=0

CPU time [s]: user 0.63 system 5.88 (user 9.6% system 89.7% total 99.4%)
Net I/O: 117.4 KB/s (1.0*10^6 bps)

Errors: total 78 client-timo 78 socket-timo 0 connrefused 0 connreset 0
Errors: fd-unavail 0 addrunavail 0 ftab-full 0 other 0

httperf --hog --timeout=1 --client=0/1 --server=172.17.60.201 --port=80 --uri=/ --rate=380 --send-buffer=4096 --recv-buffer=16384 --num-conns=2000 --num-calls=1
Maximum connect burst length: 5

Total: connections 2000 requests 1939 replies 1906 test-duration 6.241 s

Connection rate: 320.5 conn/s (3.1 ms/conn, <=49 concurrent connections)
Connection time [ms]: min 2.0 avg 38.6 max 1005.0 median 33.5 stddev 34.9
Connection time [ms]: connect 7.5
Connection length [replies/conn]: 1.000

Request rate: 310.7 req/s (3.2 ms/req)
Request size [B]: 66.0

Reply rate [replies/s]: min 365.6 avg 365.6 max 365.6 stddev 0.0 (1 samples)
Reply time [ms]: response 31.1 transfer 0.0
Reply size [B]: header 266.0 content 76.0 footer 0.0 (total 342.0)
Reply status: 1xx=0 2xx=1906 3xx=0 4xx=0 5xx=0

CPU time [s]: user 0.52 system 5.68 (user 8.3% system 91.1% total 99.3%)
Net I/O: 122.6 KB/s (1.0*10^6 bps)

Errors: total 94 client-timo 94 socket-timo 0 connrefused 0 connreset 0
Errors: fd-unavail 0 addrunavail 0 ftab-full 0 other 0

httperf --hog --timeout=1 --client=0/1 --server=172.17.60.201 --port=80 --uri=/ --rate=400 --send-buffer=4096 --recv-buffer=16384 --num-conns=2000 --num-calls=1
Maximum connect burst length: 4

Total: connections 2000 requests 1795 replies 1764 test-duration 6.709 s

Connection rate: 298.1 conn/s (3.4 ms/conn, <=129 concurrent connections)
Connection time [ms]: min 4.7 avg 94.8 max 1250.4 median 66.5 stddev 118.1
Connection time [ms]: connect 19.8
Connection length [replies/conn]: 1.000

Request rate: 267.6 req/s (3.7 ms/req)
Request size [B]: 66.0

Reply rate [replies/s]: min 350.0 avg 350.0 max 350.0 stddev 0.0 (1 samples)
Reply time [ms]: response 76.6 transfer 0.0
Reply size [B]: header 267.0 content 77.0 footer 0.0 (total 344.0)
Reply status: 1xx=0 2xx=1764 3xx=0 4xx=0 5xx=0

CPU time [s]: user 0.59 system 6.06 (user 8.8% system 90.3% total 99.1%)
Net I/O: 105.6 KB/s (0.9*10^6 bps)

Errors: total 236 client-timo 236 socket-timo 0 connrefused 0 connreset 0
Errors: fd-unavail 0 addrunavail 0 ftab-full 0 other 0

httperf --hog --timeout=1 --client=0/1 --server=172.17.60.201 --port=80 --uri=/ --rate=420 --send-buffer=4096 --recv-buffer=16384 --num-conns=2000 --num-calls=1
Maximum connect burst length: 5

Total: connections 2000 requests 1856 replies 1825 test-duration 5.491 s

Connection rate: 364.2 conn/s (2.7 ms/conn, <=130 concurrent connections)
Connection time [ms]: min 4.4 avg 76.9 max 1075.9 median 52.5 stddev 116.8
Connection time [ms]: connect 14.6
Connection length [replies/conn]: 1.000

Request rate: 338.0 req/s (3.0 ms/req)
Request size [B]: 66.0

Reply rate [replies/s]: min 365.0 avg 365.0 max 365.0 stddev 0.0 (1 samples)
Reply time [ms]: response 62.8 transfer 0.0
Reply size [B]: header 267.0 content 77.0 footer 0.0 (total 344.0)
Reply status: 1xx=0 2xx=1825 3xx=0 4xx=0 5xx=0

CPU time [s]: user 0.25 system 5.19 (user 4.6% system 94.5% total 99.1%)
Net I/O: 133.4 KB/s (1.1*10^6 bps)

Errors: total 175 client-timo 175 socket-timo 0 connrefused 0 connreset 0
Errors: fd-unavail 0 addrunavail 0 ftab-full 0 other 0

httperf --hog --timeout=1 --client=0/1 --server=172.17.60.201 --port=80 --uri=/ --rate=440 --send-buffer=4096 --recv-buffer=16384 --num-conns=2000 --num-calls=1
Maximum connect burst length: 5

Total: connections 2000 requests 1702 replies 1658 test-duration 5.544 s

Connection rate: 360.8 conn/s (2.8 ms/conn, <=210 concurrent connections)
Connection time [ms]: min 3.7 avg 107.2 max 1260.6 median 71.5 stddev 130.3
Connection time [ms]: connect 15.5
Connection length [replies/conn]: 1.000

Request rate: 307.0 req/s (3.3 ms/req)
Request size [B]: 66.0

Reply rate [replies/s]: min 331.2 avg 331.2 max 331.2 stddev 0.0 (1 samples)
Reply time [ms]: response 91.9 transfer 0.0
Reply size [B]: header 267.0 content 77.0 footer 0.0 (total 344.0)
Reply status: 1xx=0 2xx=1658 3xx=0 4xx=0 5xx=0

CPU time [s]: user 0.35 system 5.13 (user 6.3% system 92.6% total 98.8%)
Net I/O: 120.3 KB/s (1.0*10^6 bps)

Errors: total 342 client-timo 342 socket-timo 0 connrefused 0 connreset 0
Errors: fd-unavail 0 addrunavail 0 ftab-full 0 other 0

httperf --hog --timeout=1 --client=0/1 --server=172.17.60.201 --port=80 --uri=/ --rate=460 --send-buffer=4096 --recv-buffer=16384 --num-conns=2000 --num-calls=1
Maximum connect burst length: 7

Total: connections 2000 requests 1551 replies 1472 test-duration 6.320 s

Connection rate: 316.5 conn/s (3.2 ms/conn, <=230 concurrent connections)
Connection time [ms]: min 15.0 avg 154.0 max 1080.1 median 94.5 stddev 156.5
Connection time [ms]: connect 25.5
Connection length [replies/conn]: 1.000

Request rate: 245.4 req/s (4.1 ms/req)
Request size [B]: 66.0

Reply rate [replies/s]: min 294.0 avg 294.0 max 294.0 stddev 0.0 (1 samples)
Reply time [ms]: response 131.8 transfer 0.0
Reply size [B]: header 266.0 content 76.0 footer 0.0 (total 342.0)
Reply status: 1xx=0 2xx=1472 3xx=0 4xx=0 5xx=0

CPU time [s]: user 0.39 system 5.85 (user 6.2% system 92.6% total 98.8%)
Net I/O: 94.0 KB/s (0.8*10^6 bps)

Errors: total 528 client-timo 528 socket-timo 0 connrefused 0 connreset 0
Errors: fd-unavail 0 addrunavail 0 ftab-full 0 other 0

httperf --hog --timeout=1 --client=0/1 --server=172.17.60.201 --port=80 --uri=/ --rate=480 --send-buffer=4096 --recv-buffer=16384 --num-conns=2000 --num-calls=1
Maximum connect burst length: 6

Total: connections 2000 requests 1616 replies 1560 test-duration 5.161 s

Connection rate: 387.5 conn/s (2.6 ms/conn, <=238 concurrent connections)
Connection time [ms]: min 4.7 avg 132.5 max 1202.0 median 74.5 stddev 171.6
Connection time [ms]: connect 25.2
Connection length [replies/conn]: 1.000

Request rate: 313.1 req/s (3.2 ms/req)
Request size [B]: 66.0

Reply rate [replies/s]: min 312.0 avg 312.0 max 312.0 stddev 0.0 (1 samples)
Reply time [ms]: response 107.3 transfer 0.0
Reply size [B]: header 267.0 content 77.0 footer 0.0 (total 344.0)
Reply status: 1xx=0 2xx=1560 3xx=0 4xx=0 5xx=0

CPU time [s]: user 0.24 system 4.84 (user 4.7% system 93.8% total 98.5%)
Net I/O: 121.7 KB/s (1.0*10^6 bps)

Errors: total 440 client-timo 440 socket-timo 0 connrefused 0 connreset 0
Errors: fd-unavail 0 addrunavail 0 ftab-full 0 other 0

httperf --hog --timeout=1 --client=0/1 --server=172.17.60.201 --port=80 --uri=/ --rate=500 --send-buffer=4096 --recv-buffer=16384 --num-conns=2000 --num-calls=1
Maximum connect burst length: 7

Total: connections 2000 requests 1393 replies 1292 test-duration 5.130 s

Connection rate: 389.8 conn/s (2.6 ms/conn, <=390 concurrent connections)
Connection time [ms]: min 5.8 avg 171.3 max 1320.0 median 87.5 stddev 201.3
Connection time [ms]: connect 21.3
Connection length [replies/conn]: 1.000

Request rate: 271.5 req/s (3.7 ms/req)
Request size [B]: 66.0

Reply rate [replies/s]: min 258.2 avg 258.2 max 258.2 stddev 0.0 (1 samples)
Reply time [ms]: response 150.4 transfer 0.0
Reply size [B]: header 267.0 content 77.0 footer 0.0 (total 344.0)
Reply status: 1xx=0 2xx=1292 3xx=0 4xx=0 5xx=0

CPU time [s]: user 0.22 system 4.83 (user 4.2% system 94.1% total 98.3%)
Net I/O: 102.1 KB/s (0.8*10^6 bps)

Errors: total 708 client-timo 708 socket-timo 0 connrefused 0 connreset 0
Errors: fd-unavail 0 addrunavail 0 ftab-full 0 other 0

httperf --hog --timeout=1 --client=0/1 --server=172.17.60.201 --port=80 --uri=/ --rate=520 --send-buffer=4096 --recv-buffer=16384 --num-conns=2000 --num-calls=1
Maximum connect burst length: 6

Total: connections 2000 requests 1477 replies 1417 test-duration 4.841 s

Connection rate: 413.1 conn/s (2.4 ms/conn, <=319 concurrent connections)
Connection time [ms]: min 18.6 avg 176.8 max 1241.7 median 109.5 stddev 170.8
Connection time [ms]: connect 23.3
Connection length [replies/conn]: 1.000

Request rate: 305.1 req/s (3.3 ms/req)
Request size [B]: 66.0

Reply rate [replies/s]: min 0.0 avg 0.0 max 0.0 stddev 0.0 (0 samples)
Reply time [ms]: response 153.7 transfer 0.0
Reply size [B]: header 267.0 content 77.0 footer 0.0 (total 344.0)
Reply status: 1xx=0 2xx=1417 3xx=0 4xx=0 5xx=0

CPU time [s]: user 0.14 system 4.62 (user 2.9% system 95.4% total 98.3%)
Net I/O: 118.0 KB/s (1.0*10^6 bps)

Errors: total 583 client-timo 583 socket-timo 0 connrefused 0 connreset 0
Errors: fd-unavail 0 addrunavail 0 ftab-full 0 other 0

httperf --hog --timeout=1 --client=0/1 --server=172.17.60.201 --port=80 --uri=/ --rate=540 --send-buffer=4096 --recv-buffer=16384 --num-conns=2000 --num-calls=1
Maximum connect burst length: 13

Total: connections 2000 requests 1364 replies 1273 test-duration 5.267 s

Connection rate: 379.7 conn/s (2.6 ms/conn, <=347 concurrent connections)
Connection time [ms]: min 46.7 avg 196.9 max 1062.1 median 115.5 stddev 174.1
Connection time [ms]: connect 27.4
Connection length [replies/conn]: 1.000

Request rate: 259.0 req/s (3.9 ms/req)
Request size [B]: 66.0

Reply rate [replies/s]: min 254.6 avg 254.6 max 254.6 stddev 0.0 (1 samples)
Reply time [ms]: response 171.0 transfer 0.0
Reply size [B]: header 267.0 content 77.0 footer 0.0 (total 344.0)
Reply status: 1xx=0 2xx=1273 3xx=0 4xx=0 5xx=0

CPU time [s]: user 0.31 system 4.86 (user 5.8% system 92.2% total 98.0%)
Net I/O: 97.9 KB/s (0.8*10^6 bps)

Errors: total 727 client-timo 727 socket-timo 0 connrefused 0 connreset 0
Errors: fd-unavail 0 addrunavail 0 ftab-full 0 other 0

httperf --hog --timeout=1 --client=0/1 --server=172.17.60.201 --port=80 --uri=/ --rate=560 --send-buffer=4096 --recv-buffer=16384 --num-conns=2000 --num-calls=1
Maximum connect burst length: 9

Total: connections 2000 requests 1111 replies 971 test-duration 4.579 s

Connection rate: 436.8 conn/s (2.3 ms/conn, <=451 concurrent connections)
Connection time [ms]: min 45.3 avg 303.3 max 1011.9 median 198.5 stddev 232.8
Connection time [ms]: connect 32.6
Connection length [replies/conn]: 1.000

Request rate: 242.6 req/s (4.1 ms/req)
Request size [B]: 66.0

Reply rate [replies/s]: min 0.0 avg 0.0 max 0.0 stddev 0.0 (0 samples)
Reply time [ms]: response 270.8 transfer 0.0
Reply size [B]: header 266.0 content 76.0 footer 0.0 (total 342.0)
Reply status: 1xx=0 2xx=971 3xx=0 4xx=0 5xx=0

CPU time [s]: user 0.11 system 4.35 (user 2.4% system 95.0% total 97.3%)
Net I/O: 86.8 KB/s (0.7*10^6 bps)

Errors: total 1029 client-timo 1029 socket-timo 0 connrefused 0 connreset 0
Errors: fd-unavail 0 addrunavail 0 ftab-full 0 other 0

httperf --hog --timeout=1 --client=0/1 --server=172.17.60.201 --port=80 --uri=/ --rate=580 --send-buffer=4096 --recv-buffer=16384 --num-conns=2000 --num-calls=1
Maximum connect burst length: 6

Total: connections 2000 requests 1097 replies 963 test-duration 4.472 s

Connection rate: 447.2 conn/s (2.2 ms/conn, <=415 concurrent connections)
Connection time [ms]: min 49.3 avg 281.1 max 1291.2 median 184.5 stddev 212.4
Connection time [ms]: connect 34.5
Connection length [replies/conn]: 1.000

Request rate: 245.3 req/s (4.1 ms/req)
Request size [B]: 66.0

Reply rate [replies/s]: min 0.0 avg 0.0 max 0.0 stddev 0.0 (0 samples)
Reply time [ms]: response 248.3 transfer 0.0
Reply size [B]: header 267.0 content 77.0 footer 0.0 (total 344.0)
Reply status: 1xx=0 2xx=963 3xx=0 4xx=0 5xx=0

CPU time [s]: user 0.12 system 4.25 (user 2.6% system 95.1% total 97.7%)
Net I/O: 88.2 KB/s (0.7*10^6 bps)

Errors: total 1037 client-timo 1037 socket-timo 0 connrefused 0 connreset 0
Errors: fd-unavail 0 addrunavail 0 ftab-full 0 other 0

httperf --hog --timeout=1 --client=0/1 --server=172.17.60.201 --port=80 --uri=/ --rate=600 --send-buffer=4096 --recv-buffer=16384 --num-conns=2000 --num-calls=1
Maximum connect burst length: 5

Total: connections 2000 requests 1144 replies 1046 test-duration 4.340 s

Connection rate: 460.9 conn/s (2.2 ms/conn, <=420 concurrent connections)
Connection time [ms]: min 33.5 avg 243.9 max 1076.8 median 156.5 stddev 204.1
Connection time [ms]: connect 31.1
Connection length [replies/conn]: 1.000

Request rate: 263.6 req/s (3.8 ms/req)
Request size [B]: 66.0

Reply rate [replies/s]: min 0.0 avg 0.0 max 0.0 stddev 0.0 (0 samples)
Reply time [ms]: response 213.0 transfer 0.0
Reply size [B]: header 267.0 content 77.0 footer 0.0 (total 344.0)
Reply status: 1xx=0 2xx=1046 3xx=0 4xx=0 5xx=0

CPU time [s]: user 0.12 system 4.10 (user 2.8% system 94.4% total 97.2%)
Net I/O: 98.0 KB/s (0.8*10^6 bps)

Errors: total 954 client-timo 954 socket-timo 0 connrefused 0 connreset 0
Errors: fd-unavail 0 addrunavail 0 ftab-full 0 other 0

httperf --hog --timeout=1 --client=0/1 --server=172.17.60.201 --port=80 --uri=/ --rate=620 --send-buffer=4096 --recv-buffer=16384 --num-conns=2000 --num-calls=1
Maximum connect burst length: 7

Total: connections 2000 requests 1042 replies 897 test-duration 4.223 s

Connection rate: 473.6 conn/s (2.1 ms/conn, <=471 concurrent connections)
Connection time [ms]: min 58.0 avg 287.5 max 1027.6 median 181.5 stddev 223.0
Connection time [ms]: connect 30.3
Connection length [replies/conn]: 1.000

Request rate: 246.7 req/s (4.1 ms/req)
Request size [B]: 66.0

Reply rate [replies/s]: min 0.0 avg 0.0 max 0.0 stddev 0.0 (0 samples)
Reply time [ms]: response 257.2 transfer 0.0
Reply size [B]: header 267.0 content 77.0 footer 0.0 (total 344.0)
Reply status: 1xx=0 2xx=897 3xx=0 4xx=0 5xx=0

CPU time [s]: user 0.12 system 3.99 (user 2.9% system 94.5% total 97.5%)
Net I/O: 87.3 KB/s (0.7*10^6 bps)

Errors: total 1103 client-timo 1103 socket-timo 0 connrefused 0 connreset 0
Errors: fd-unavail 0 addrunavail 0 ftab-full 0 other 0

httperf --hog --timeout=1 --client=0/1 --server=172.17.60.201 --port=80 --uri=/ --rate=640 --send-buffer=4096 --recv-buffer=16384 --num-conns=2000 --num-calls=1
Maximum connect burst length: 6

Total: connections 2000 requests 994 replies 843 test-duration 4.160 s

Connection rate: 480.8 conn/s (2.1 ms/conn, <=517 concurrent connections)
Connection time [ms]: min 33.0 avg 303.0 max 1025.3 median 187.5 stddev 236.9
Connection time [ms]: connect 30.4
Connection length [replies/conn]: 1.000

Request rate: 238.9 req/s (4.2 ms/req)
Request size [B]: 66.0

Reply rate [replies/s]: min 0.0 avg 0.0 max 0.0 stddev 0.0 (0 samples)
Reply time [ms]: response 273.0 transfer 0.0
Reply size [B]: header 267.0 content 77.0 footer 0.0 (total 344.0)
Reply status: 1xx=0 2xx=843 3xx=0 4xx=0 5xx=0

CPU time [s]: user 0.08 system 3.98 (user 1.9% system 95.7% total 97.6%)
Net I/O: 83.5 KB/s (0.7*10^6 bps)

Errors: total 1157 client-timo 1157 socket-timo 0 connrefused 0 connreset 0
Errors: fd-unavail 0 addrunavail 0 ftab-full 0 other 0

httperf --hog --timeout=1 --client=0/1 --server=172.17.60.201 --port=80 --uri=/ --rate=660 --send-buffer=4096 --recv-buffer=16384 --num-conns=2000 --num-calls=1
Maximum connect burst length: 7

Total: connections 2000 requests 1041 replies 929 test-duration 4.028 s

Connection rate: 496.5 conn/s (2.0 ms/conn, <=479 concurrent connections)
Connection time [ms]: min 38.8 avg 263.3 max 1120.8 median 160.5 stddev 210.9
Connection time [ms]: connect 30.7
Connection length [replies/conn]: 1.000

Request rate: 258.5 req/s (3.9 ms/req)
Request size [B]: 66.0

Reply rate [replies/s]: min 0.0 avg 0.0 max 0.0 stddev 0.0 (0 samples)
Reply time [ms]: response 232.7 transfer 0.0
Reply size [B]: header 267.0 content 77.0 footer 0.0 (total 344.0)
Reply status: 1xx=0 2xx=929 3xx=0 4xx=0 5xx=0

CPU time [s]: user 0.08 system 3.84 (user 1.9% system 95.3% total 97.2%)
Net I/O: 94.1 KB/s (0.8*10^6 bps)

Errors: total 1071 client-timo 1071 socket-timo 0 connrefused 0 connreset 0
Errors: fd-unavail 0 addrunavail 0 ftab-full 0 other 0

httperf --hog --timeout=1 --client=0/1 --server=172.17.60.201 --port=80 --uri=/ --rate=680 --send-buffer=4096 --recv-buffer=16384 --num-conns=2000 --num-calls=1
Maximum connect burst length: 10

Total: connections 2000 requests 937 replies 751 test-duration 4.338 s

Connection rate: 461.0 conn/s (2.2 ms/conn, <=549 concurrent connections)
Connection time [ms]: min 66.0 avg 330.8 max 1036.8 median 208.5 stddev 232.2
Connection time [ms]: connect 31.7
Connection length [replies/conn]: 1.000

Request rate: 216.0 req/s (4.6 ms/req)
Request size [B]: 66.0

Reply rate [replies/s]: min 0.0 avg 0.0 max 0.0 stddev 0.0 (0 samples)
Reply time [ms]: response 300.3 transfer 0.0
Reply size [B]: header 267.0 content 77.0 footer 0.0 (total 344.0)
Reply status: 1xx=0 2xx=751 3xx=0 4xx=0 5xx=0

CPU time [s]: user 0.20 system 4.02 (user 4.7% system 92.6% total 97.3%)
Net I/O: 72.1 KB/s (0.6*10^6 bps)

Errors: total 1249 client-timo 1249 socket-timo 0 connrefused 0 connreset 0
Errors: fd-unavail 0 addrunavail 0 ftab-full 0 other 0

httperf --hog --timeout=1 --client=0/1 --server=172.17.60.201 --port=80 --uri=/ --rate=700 --send-buffer=4096 --recv-buffer=16384 --num-conns=2000 --num-calls=1
Maximum connect burst length: 5

Total: connections 2000 requests 906 replies 706 test-duration 3.874 s

Connection rate: 516.3 conn/s (1.9 ms/conn, <=580 concurrent connections)
Connection time [ms]: min 80.5 avg 322.7 max 946.0 median 201.5 stddev 223.7
Connection time [ms]: connect 29.3
Connection length [replies/conn]: 1.000

Request rate: 233.9 req/s (4.3 ms/req)
Request size [B]: 66.0

Reply rate [replies/s]: min 0.0 avg 0.0 max 0.0 stddev 0.0 (0 samples)
Reply time [ms]: response 294.1 transfer 0.0
Reply size [B]: header 267.0 content 77.0 footer 0.0 (total 344.0)
Reply status: 1xx=0 2xx=706 3xx=0 4xx=0 5xx=0

CPU time [s]: user 0.08 system 3.67 (user 2.1% system 94.7% total 96.7%)
Net I/O: 76.3 KB/s (0.6*10^6 bps)

Errors: total 1294 client-timo 1294 socket-timo 0 connrefused 0 connreset 0
Errors: fd-unavail 0 addrunavail 0 ftab-full 0 other 0

httperf --hog --timeout=1 --client=0/1 --server=172.17.60.201 --port=80 --uri=/ --rate=720 --send-buffer=4096 --recv-buffer=16384 --num-conns=2000 --num-calls=1
Maximum connect burst length: 8

Total: connections 2000 requests 850 replies 694 test-duration 3.809 s

Connection rate: 525.1 conn/s (1.9 ms/conn, <=602 concurrent connections)
Connection time [ms]: min 71.0 avg 308.9 max 1026.0 median 199.5 stddev 210.4
Connection time [ms]: connect 28.2
Connection length [replies/conn]: 1.000

Request rate: 223.2 req/s (4.5 ms/req)
Request size [B]: 66.0

Reply rate [replies/s]: min 0.0 avg 0.0 max 0.0 stddev 0.0 (0 samples)
Reply time [ms]: response 280.7 transfer 0.0
Reply size [B]: header 267.0 content 77.0 footer 0.0 (total 344.0)
Reply status: 1xx=0 2xx=694 3xx=0 4xx=0 5xx=0

CPU time [s]: user 0.12 system 3.59 (user 3.0% system 94.3% total 97.3%)
Net I/O: 75.6 KB/s (0.6*10^6 bps)

Errors: total 1306 client-timo 1306 socket-timo 0 connrefused 0 connreset 0
Errors: fd-unavail 0 addrunavail 0 ftab-full 0 other 0

httperf --hog --timeout=1 --client=0/1 --server=172.17.60.201 --port=80 --uri=/ --rate=740 --send-buffer=4096 --recv-buffer=16384 --num-conns=2000 --num-calls=1
Maximum connect burst length: 5

Total: connections 2000 requests 817 replies 590 test-duration 3.712 s

Connection rate: 538.8 conn/s (1.9 ms/conn, <=649 concurrent connections)
Connection time [ms]: min 79.2 avg 343.9 max 1070.5 median 230.5 stddev 223.8
Connection time [ms]: connect 29.9
Connection length [replies/conn]: 1.000

Request rate: 220.1 req/s (4.5 ms/req)
Request size [B]: 66.0

Reply rate [replies/s]: min 0.0 avg 0.0 max 0.0 stddev 0.0 (0 samples)
Reply time [ms]: response 313.9 transfer 0.0
Reply size [B]: header 267.0 content 77.0 footer 0.0 (total 344.0)
Reply status: 1xx=0 2xx=590 3xx=0 4xx=0 5xx=0

CPU time [s]: user 0.10 system 3.50 (user 2.6% system 94.4% total 97.0%)
Net I/O: 67.6 KB/s (0.6*10^6 bps)

Errors: total 1410 client-timo 1410 socket-timo 0 connrefused 0 connreset 0
Errors: fd-unavail 0 addrunavail 0 ftab-full 0 other 0

httperf --hog --timeout=1 --client=0/1 --server=172.17.60.201 --port=80 --uri=/ --rate=760 --send-buffer=4096 --recv-buffer=16384 --num-conns=2000 --num-calls=1
Maximum connect burst length: 12

Total: connections 2000 requests 775 replies 580 test-duration 3.650 s

Connection rate: 547.9 conn/s (1.8 ms/conn, <=672 concurrent connections)
Connection time [ms]: min 69.7 avg 341.5 max 954.8 median 224.5 stddev 239.2
Connection time [ms]: connect 28.1
Connection length [replies/conn]: 1.000

Request rate: 212.3 req/s (4.7 ms/req)
Request size [B]: 66.0

Reply rate [replies/s]: min 0.0 avg 0.0 max 0.0 stddev 0.0 (0 samples)
Reply time [ms]: response 314.3 transfer 0.0
Reply size [B]: header 267.0 content 77.0 footer 0.0 (total 344.0)
Reply status: 1xx=0 2xx=580 3xx=0 4xx=0 5xx=0

CPU time [s]: user 0.08 system 3.46 (user 2.2% system 94.9% total 97.1%)
Net I/O: 67.1 KB/s (0.5*10^6 bps)

Errors: total 1420 client-timo 1420 socket-timo 0 connrefused 0 connreset 0
Errors: fd-unavail 0 addrunavail 0 ftab-full 0 other 0

httperf --hog --timeout=1 --client=0/1 --server=172.17.60.201 --port=80 --uri=/ --rate=780 --send-buffer=4096 --recv-buffer=16384 --num-conns=2000 --num-calls=1
Maximum connect burst length: 9

Total: connections 2000 requests 651 replies 434 test-duration 3.572 s

Connection rate: 559.9 conn/s (1.8 ms/conn, <=706 concurrent connections)
Connection time [ms]: min 121.4 avg 390.0 max 1024.5 median 282.5 stddev 241.4
Connection time [ms]: connect 29.9
Connection length [replies/conn]: 1.000

Request rate: 182.3 req/s (5.5 ms/req)
Request size [B]: 66.0

Reply rate [replies/s]: min 0.0 avg 0.0 max 0.0 stddev 0.0 (0 samples)
Reply time [ms]: response 360.6 transfer 0.0
Reply size [B]: header 266.0 content 76.0 footer 0.0 (total 342.0)
Reply status: 1xx=0 2xx=434 3xx=0 4xx=0 5xx=0

CPU time [s]: user 0.06 system 3.40 (user 1.7% system 95.2% total 96.9%)
Net I/O: 52.5 KB/s (0.4*10^6 bps)

Errors: total 1566 client-timo 1566 socket-timo 0 connrefused 0 connreset 0
Errors: fd-unavail 0 addrunavail 0 ftab-full 0 other 0

httperf --hog --timeout=1 --client=0/1 --server=172.17.60.201 --port=80 --uri=/ --rate=800 --send-buffer=4096 --recv-buffer=16384 --num-conns=2000 --num-calls=1
Maximum connect burst length: 10

Total: connections 2000 requests 732 replies 522 test-duration 3.496 s

Connection rate: 572.1 conn/s (1.7 ms/conn, <=699 concurrent connections)
Connection time [ms]: min 79.8 avg 343.7 max 1006.1 median 220.5 stddev 227.9
Connection time [ms]: connect 27.3
Connection length [replies/conn]: 1.000

Request rate: 209.4 req/s (4.8 ms/req)
Request size [B]: 66.0

Reply rate [replies/s]: min 0.0 avg 0.0 max 0.0 stddev 0.0 (0 samples)
Reply time [ms]: response 317.0 transfer 0.0
Reply size [B]: header 267.0 content 77.0 footer 0.0 (total 344.0)
Reply status: 1xx=0 2xx=522 3xx=0 4xx=0 5xx=0

CPU time [s]: user 0.06 system 3.32 (user 1.8% system 94.9% total 96.7%)
Net I/O: 63.7 KB/s (0.5*10^6 bps)

Errors: total 1478 client-timo 1478 socket-timo 0 connrefused 0 connreset 0
Errors: fd-unavail 0 addrunavail 0 ftab-full 0 other 0

httperf --hog --timeout=1 --client=0/1 --server=172.17.60.201 --port=80 --uri=/ --rate=820 --send-buffer=4096 --recv-buffer=16384 --num-conns=2000 --num-calls=1
Maximum connect burst length: 5

Total: connections 2000 requests 608 replies 367 test-duration 3.438 s

Connection rate: 581.7 conn/s (1.7 ms/conn, <=764 concurrent connections)
Connection time [ms]: min 148.5 avg 419.5 max 1037.9 median 280.5 stddev 261.6
Connection time [ms]: connect 31.5
Connection length [replies/conn]: 1.000

Request rate: 176.9 req/s (5.7 ms/req)
Request size [B]: 66.0

Reply rate [replies/s]: min 0.0 avg 0.0 max 0.0 stddev 0.0 (0 samples)
Reply time [ms]: response 388.7 transfer 0.0
Reply size [B]: header 267.0 content 77.0 footer 0.0 (total 344.0)
Reply status: 1xx=0 2xx=367 3xx=0 4xx=0 5xx=0

CPU time [s]: user 0.07 system 3.26 (user 2.0% system 94.9% total 96.9%)
Net I/O: 47.3 KB/s (0.4*10^6 bps)

Errors: total 1633 client-timo 1633 socket-timo 0 connrefused 0 connreset 0
Errors: fd-unavail 0 addrunavail 0 ftab-full 0 other 0

httperf --hog --timeout=1 --client=0/1 --server=172.17.60.201 --port=80 --uri=/ --rate=840 --send-buffer=4096 --recv-buffer=16384 --num-conns=2000 --num-calls=1
Maximum connect burst length: 9

Total: connections 2000 requests 649 replies 430 test-duration 3.409 s

Connection rate: 586.7 conn/s (1.7 ms/conn, <=761 concurrent connections)
Connection time [ms]: min 74.0 avg 362.6 max 962.9 median 236.5 stddev 238.1
Connection time [ms]: connect 28.2
Connection length [replies/conn]: 1.000

Request rate: 190.4 req/s (5.3 ms/req)
Request size [B]: 66.0

Reply rate [replies/s]: min 0.0 avg 0.0 max 0.0 stddev 0.0 (0 samples)
Reply time [ms]: response 335.1 transfer 0.0
Reply size [B]: header 267.0 content 77.0 footer 0.0 (total 344.0)
Reply status: 1xx=0 2xx=430 3xx=0 4xx=0 5xx=0

CPU time [s]: user 0.12 system 3.20 (user 3.5% system 93.9% total 97.4%)
Net I/O: 54.6 KB/s (0.4*10^6 bps)

Errors: total 1570 client-timo 1570 socket-timo 0 connrefused 0 connreset 0
Errors: fd-unavail 0 addrunavail 0 ftab-full 0 other 0

httperf --hog --timeout=1 --client=0/1 --server=172.17.60.201 --port=80 --uri=/ --rate=860 --send-buffer=4096 --recv-buffer=16384 --num-conns=2000 --num-calls=1
Maximum connect burst length: 10

Total: connections 2000 requests 639 replies 432 test-duration 3.358 s

Connection rate: 595.6 conn/s (1.7 ms/conn, <=787 concurrent connections)
Connection time [ms]: min 74.6 avg 371.4 max 1013.8 median 262.5 stddev 245.3
Connection time [ms]: connect 26.8
Connection length [replies/conn]: 1.000

Request rate: 190.3 req/s (5.3 ms/req)
Request size [B]: 66.0

Reply rate [replies/s]: min 0.0 avg 0.0 max 0.0 stddev 0.0 (0 samples)
Reply time [ms]: response 345.5 transfer 0.0
Reply size [B]: header 267.0 content 77.0 footer 0.0 (total 344.0)
Reply status: 1xx=0 2xx=432 3xx=0 4xx=0 5xx=0

CPU time [s]: user 0.10 system 3.16 (user 2.9% system 94.2% total 97.1%)
Net I/O: 55.5 KB/s (0.5*10^6 bps)

Errors: total 1568 client-timo 1568 socket-timo 0 connrefused 0 connreset 0
Errors: fd-unavail 0 addrunavail 0 ftab-full 0 other 0

httperf --hog --timeout=1 --client=0/1 --server=172.17.60.201 --port=80 --uri=/ --rate=880 --send-buffer=4096 --recv-buffer=16384 --num-conns=2000 --num-calls=1
Maximum connect burst length: 10

Total: connections 2000 requests 614 replies 368 test-duration 3.297 s

Connection rate: 606.6 conn/s (1.6 ms/conn, <=805 concurrent connections)
Connection time [ms]: min 93.0 avg 386.9 max 1015.0 median 286.5 stddev 243.1
Connection time [ms]: connect 28.6
Connection length [replies/conn]: 1.000

Request rate: 186.2 req/s (5.4 ms/req)
Request size [B]: 66.0

Reply rate [replies/s]: min 0.0 avg 0.0 max 0.0 stddev 0.0 (0 samples)
Reply time [ms]: response 358.9 transfer 0.0
Reply size [B]: header 267.0 content 77.0 footer 0.0 (total 344.0)
Reply status: 1xx=0 2xx=368 3xx=0 4xx=0 5xx=0

CPU time [s]: user 0.04 system 3.13 (user 1.3% system 95.0% total 96.3%)
Net I/O: 49.5 KB/s (0.4*10^6 bps)

Errors: total 1632 client-timo 1632 socket-timo 0 connrefused 0 connreset 0
Errors: fd-unavail 0 addrunavail 0 ftab-full 0 other 0

httperf --hog --timeout=1 --client=0/1 --server=172.17.60.201 --port=80 --uri=/ --rate=900 --send-buffer=4096 --recv-buffer=16384 --num-conns=2000 --num-calls=1
Maximum connect burst length: 9

Total: connections 2000 requests 816 replies 557 test-duration 3.255 s

Connection rate: 614.4 conn/s (1.6 ms/conn, <=794 concurrent connections)
Connection time [ms]: min 60.6 avg 302.2 max 1011.6 median 218.5 stddev 234.9
Connection time [ms]: connect 23.4
Connection length [replies/conn]: 1.000

Request rate: 250.7 req/s (4.0 ms/req)
Request size [B]: 66.0

Reply rate [replies/s]: min 0.0 avg 0.0 max 0.0 stddev 0.0 (0 samples)
Reply time [ms]: response 279.8 transfer 0.0
Reply size [B]: header 267.0 content 77.0 footer 0.0 (total 344.0)
Reply status: 1xx=0 2xx=557 3xx=0 4xx=0 5xx=0

CPU time [s]: user 0.08 system 3.08 (user 2.5% system 94.5% total 97.0%)
Net I/O: 73.6 KB/s (0.6*10^6 bps)

Errors: total 1443 client-timo 1443 socket-timo 0 connrefused 0 connreset 0
Errors: fd-unavail 0 addrunavail 0 ftab-full 0 other 0

httperf --hog --timeout=1 --client=0/1 --server=172.17.60.201 --port=80 --uri=/ --rate=920 --send-buffer=4096 --recv-buffer=16384 --num-conns=2000 --num-calls=1
Maximum connect burst length: 10

Total: connections 2000 requests 623 replies 381 test-duration 3.209 s

Connection rate: 623.3 conn/s (1.6 ms/conn, <=840 concurrent connections)
Connection time [ms]: min 153.1 avg 419.2 max 1035.4 median 298.5 stddev 239.9
Connection time [ms]: connect 31.1
Connection length [replies/conn]: 1.000

Request rate: 194.1 req/s (5.2 ms/req)
Request size [B]: 66.0

Reply rate [replies/s]: min 0.0 avg 0.0 max 0.0 stddev 0.0 (0 samples)
Reply time [ms]: response 388.8 transfer 0.0
Reply size [B]: header 267.0 content 77.0 footer 0.0 (total 344.0)
Reply status: 1xx=0 2xx=381 3xx=0 4xx=0 5xx=0

CPU time [s]: user 0.07 system 3.04 (user 2.2% system 94.9% total 97.1%)
Net I/O: 52.4 KB/s (0.4*10^6 bps)

Errors: total 1619 client-timo 1619 socket-timo 0 connrefused 0 connreset 0
Errors: fd-unavail 0 addrunavail 0 ftab-full 0 other 0

httperf --hog --timeout=1 --client=0/1 --server=172.17.60.201 --port=80 --uri=/ --rate=940 --send-buffer=4096 --recv-buffer=16384 --num-conns=2000 --num-calls=1
Maximum connect burst length: 5

Total: connections 2000 requests 607 replies 335 test-duration 3.132 s

Connection rate: 638.5 conn/s (1.6 ms/conn, <=884 concurrent connections)
Connection time [ms]: min 135.7 avg 445.4 max 1012.0 median 370.5 stddev 251.9
Connection time [ms]: connect 31.2
Connection length [replies/conn]: 1.000

Request rate: 193.8 req/s (5.2 ms/req)
Request size [B]: 66.0

Reply rate [replies/s]: min 0.0 avg 0.0 max 0.0 stddev 0.0 (0 samples)
Reply time [ms]: response 415.3 transfer 0.0
Reply size [B]: header 267.0 content 77.0 footer 0.0 (total 344.0)
Reply status: 1xx=0 2xx=335 3xx=0 4xx=0 5xx=0

CPU time [s]: user 0.04 system 2.99 (user 1.3% system 95.4% total 96.7%)
Net I/O: 48.4 KB/s (0.4*10^6 bps)

Errors: total 1665 client-timo 1665 socket-timo 0 connrefused 0 connreset 0
Errors: fd-unavail 0 addrunavail 0 ftab-full 0 other 0

httperf --hog --timeout=1 --client=0/1 --server=172.17.60.201 --port=80 --uri=/ --rate=960 --send-buffer=4096 --recv-buffer=16384 --num-conns=2000 --num-calls=1
Maximum connect burst length: 7

Total: connections 2000 requests 606 replies 376 test-duration 3.083 s

Connection rate: 648.7 conn/s (1.5 ms/conn, <=869 concurrent connections)
Connection time [ms]: min 119.7 avg 402.5 max 1007.5 median 279.5 stddev 246.5
Connection time [ms]: connect 30.5
Connection length [replies/conn]: 1.000

Request rate: 196.6 req/s (5.1 ms/req)
Request size [B]: 66.0

Reply rate [replies/s]: min 0.0 avg 0.0 max 0.0 stddev 0.0 (0 samples)
Reply time [ms]: response 372.8 transfer 0.0
Reply size [B]: header 267.0 content 77.0 footer 0.0 (total 344.0)
Reply status: 1xx=0 2xx=376 3xx=0 4xx=0 5xx=0

CPU time [s]: user 0.09 system 2.90 (user 2.9% system 94.1% total 96.9%)
Net I/O: 53.6 KB/s (0.4*10^6 bps)

Errors: total 1624 client-timo 1624 socket-timo 0 connrefused 0 connreset 0
Errors: fd-unavail 0 addrunavail 0 ftab-full 0 other 0

httperf --hog --timeout=1 --client=0/1 --server=172.17.60.201 --port=80 --uri=/ --rate=980 --send-buffer=4096 --recv-buffer=16384 --num-conns=2000 --num-calls=1
Maximum connect burst length: 8

Total: connections 2000 requests 730 replies 513 test-duration 3.047 s

Connection rate: 656.4 conn/s (1.5 ms/conn, <=864 concurrent connections)
Connection time [ms]: min 79.8 avg 374.6 max 1003.0 median 302.5 stddev 227.8
Connection time [ms]: connect 30.9
Connection length [replies/conn]: 1.000

Request rate: 239.6 req/s (4.2 ms/req)
Request size [B]: 66.0

Reply rate [replies/s]: min 0.0 avg 0.0 max 0.0 stddev 0.0 (0 samples)
Reply time [ms]: response 344.3 transfer 0.0
Reply size [B]: header 267.0 content 77.0 footer 0.0 (total 344.0)
Reply status: 1xx=0 2xx=513 3xx=0 4xx=0 5xx=0

CPU time [s]: user 0.07 system 2.88 (user 2.2% system 94.6% total 96.9%)
Net I/O: 72.0 KB/s (0.6*10^6 bps)

Errors: total 1487 client-timo 1487 socket-timo 0 connrefused 0 connreset 0
Errors: fd-unavail 0 addrunavail 0 ftab-full 0 other 0

httperf --hog --timeout=1 --client=0/1 --server=172.17.60.201 --port=80 --uri=/ --rate=1000 --send-buffer=4096 --recv-buffer=16384 --num-conns=2000 --num-calls=1
Maximum connect burst length: 6

Total: connections 2000 requests 1229 replies 1122 test-duration 3.845 s

Connection rate: 520.1 conn/s (1.9 ms/conn, <=743 concurrent connections)
Connection time [ms]: min 36.6 avg 333.9 max 1955.0 median 183.5 stddev 312.4
Connection time [ms]: connect 121.6
Connection length [replies/conn]: 1.000

Request rate: 319.6 req/s (3.1 ms/req)
Request size [B]: 66.0

Reply rate [replies/s]: min 0.0 avg 0.0 max 0.0 stddev 0.0 (0 samples)
Reply time [ms]: response 208.8 transfer 0.0
Reply size [B]: header 266.0 content 76.0 footer 0.0 (total 342.0)
Reply status: 1xx=0 2xx=1122 3xx=0 4xx=0 5xx=0

CPU time [s]: user 0.18 system 3.57 (user 4.8% system 92.8% total 97.6%)
Net I/O: 118.4 KB/s (1.0*10^6 bps)

Errors: total 878 client-timo 878 socket-timo 0 connrefused 0 connreset 0
Errors: fd-unavail 0 addrunavail 0 ftab-full 0 other 0

