httperf --verbose --hog --timeout=50 --client=0/1 --server=172.16.116.116 --port=8080 --uri=/ --rate=16 --send-buffer=4096 --recv-buffer=16384 --num-conns=2880 --num-calls=1
httperf: maximum number of open descriptors = 65535
Maximum connect burst length: 1

Connection lifetime histogram (time in ms):
             :
            10.5 198
            11.5 687
            12.5 258
            13.5 227
            14.5 210
            15.5 285
            16.5 326
            17.5 205
            18.5 120
            19.5 78
            20.5 41
            21.5 28
            22.5 19
            23.5 13
            24.5 9
            25.5 5
            26.5 7
            27.5 2
            28.5 2
             :
            31.5 1
            32.5 2
            33.5 1
             :
            48.5 1
             :
            54.5 1
             :
            56.5 1
             :
            69.5 2
            70.5 1
             :
            72.5 1
             :
            76.5 1
             :
            78.5 1
             :
            82.5 1
             :
            89.5 1
            90.5 2
             :
            95.5 1
             :
            97.5 1
             :
            99.5 1
             :
           114.5 1
           115.5 1
             :
           118.5 1
             :
           122.5 2
           123.5 1
             :
           126.5 1
             :
           128.5 1
             :
           130.5 1
             :
           132.5 1
             :
           134.5 1
             :
           136.5 1
             :
           141.5 2
             :
           143.5 1
             :
           145.5 1
             :
           148.5 1
           149.5 1
           150.5 2
             :
           152.5 1
             :
           155.5 1
           156.5 1
           157.5 2
             :
           160.5 1
           161.5 2
             :
           164.5 1
           165.5 1
           166.5 1
           167.5 1
           168.5 1
           169.5 1
           170.5 1
             :
           172.5 1
             :
           176.5 2
             :
           178.5 2
           179.5 1
           180.5 1
           181.5 1
           182.5 1
             :
           184.5 1
             :
           186.5 1
             :
           189.5 1
             :
           192.5 2
             :
           194.5 2
           195.5 3
           196.5 1
             :
           198.5 2
           199.5 1
             :
           202.5 1
           203.5 2
           204.5 1
           205.5 1
           206.5 1
             :
           208.5 1
           209.5 1
             :
           215.5 1
             :
           217.5 1
           218.5 1
           219.5 3
           220.5 3
             :
           224.5 2
           225.5 2
             :
           227.5 1
           228.5 2
           229.5 1
             :
           232.5 1
           233.5 1
           234.5 1
           235.5 1
           236.5 1
           237.5 4
           238.5 2
             :
           241.5 1
           242.5 1
             :
           244.5 2
           245.5 1
             :
           247.5 1
           248.5 3
           249.5 2
             :
           254.5 2
             :
           257.5 1
             :
           260.5 1
           261.5 1
             :
           264.5 2
           265.5 1
             :
           269.5 1
             :
           273.5 1
           274.5 1
             :
           277.5 1
             :
           282.5 2
             :
           286.5 1
             :
           291.5 4
             :
           297.5 1
           298.5 2
             :
           302.5 1
             :
           309.5 1
             :
           312.5 1
             :
           314.5 1
             :
           318.5 1
             :
           321.5 1
             :
           330.5 1
           331.5 1
             :
           335.5 1
             :
           349.5 1
             :
           353.5 1
             :
           364.5 1
             :
           400.5 1

Total: connections 2880 requests 2880 replies 2880 test-duration 179.955 s

Connection rate: 16.0 conn/s (62.5 ms/conn, <=3 concurrent connections)
Connection time [ms]: min 10.2 avg 24.7 max 400.7 median 14.5 stddev 46.1
Connection time [ms]: connect 0.8
Connection length [replies/conn]: 1.000

Request rate: 16.0 req/s (62.5 ms/req)
Request size [B]: 67.0

Reply rate [replies/s]: min 14.0 avg 16.0 max 18.0 stddev 0.5 (179 samples)
Percentages of the replies served at a given rate:
   50%: 15
   66%: 15
   75%: 15
   80%: 15
   90%: 15
   95%: 16
   98%: 16
   99%: 17
  100%: 18

Reply time [ms]: response 22.8 transfer 1.1
Percentages of the requests served within a certain time (ms) :
   50%: 12
   66%: 14
   75%: 15
   80%: 15
   90%: 17
   95%: 89
   98%: 218
   99%: 257
  100%: 400

Reply size [B]: header 162.0 content 72.0 footer 1.0 (total 235.0)
Reply status: 1xx=0 2xx=2880 3xx=0 4xx=0 5xx=0

CPU time [s]: user 150.00 system 29.63 (user 83.4% system 16.5% total 99.8%)
Net I/O: 4.7 KB/s (0.0*10^6 bps)

Errors: total 0 client-timo 0 socket-timo 0 connrefused 0 connreset 0
Errors: fd-unavail 0 addrunavail 0 ftab-full 0 other 0

