httperf --verbose --hog --timeout=50 --client=0/1 --server=172.16.116.116 --port=8080 --uri=/ --rate=8 --send-buffer=4096 --recv-buffer=16384 --num-conns=2400 --num-calls=1
httperf: maximum number of open descriptors = 65535
Maximum connect burst length: 1

Connection lifetime histogram (time in ms):
             :
            10.5 61
            11.5 166
            12.5 132
            13.5 118
            14.5 133
            15.5 164
            16.5 211
            17.5 130
            18.5 97
            19.5 56
            20.5 62
            21.5 53
            22.5 49
            23.5 39
            24.5 29
            25.5 16
            26.5 15
            27.5 17
            28.5 4
            29.5 8
            30.5 4
            31.5 4
            32.5 3
            33.5 2
            34.5 4
            35.5 4
             :
            37.5 1
            38.5 2
            39.5 2
            40.5 1
            41.5 1
             :
            44.5 2
            45.5 1
            46.5 1
            47.5 2
            48.5 1
            49.5 1
            50.5 1
            51.5 1
            52.5 1
            53.5 4
            54.5 1
            55.5 1
             :
            57.5 1
            58.5 1
             :
            61.5 1
            62.5 3
             :
            64.5 2
            65.5 1
             :
            70.5 1
             :
            73.5 1
            74.5 1
            75.5 5
            76.5 1
             :
            78.5 1
             :
            80.5 2
            81.5 1
             :
            83.5 2
            84.5 3
             :
            86.5 2
            87.5 1
            88.5 3
            89.5 4
             :
            91.5 3
            92.5 1
            93.5 1
            94.5 2
            95.5 3
             :
            98.5 1
            99.5 2
             :
           101.5 3
           102.5 1
           103.5 3
           104.5 1
           105.5 3
             :
           107.5 2
           108.5 3
           109.5 1
           110.5 2
           111.5 3
           112.5 1
             :
           115.5 2
           116.5 3
           117.5 2
           118.5 1
           119.5 3
           120.5 1
             :
           122.5 2
             :
           124.5 4
           125.5 1
           126.5 1
           127.5 2
           128.5 1
           129.5 3
           130.5 2
             :
           132.5 1
             :
           134.5 1
           135.5 2
           136.5 3
           137.5 3
           138.5 1
           139.5 1
           140.5 2
           141.5 8
           142.5 2
           143.5 1
           144.5 2
           145.5 2
             :
           147.5 2
           148.5 1
             :
           150.5 1
           151.5 1
           152.5 3
           153.5 3
           154.5 1
           155.5 3
           156.5 2
           157.5 2
           158.5 2
           159.5 2
           160.5 2
           161.5 3
           162.5 2
           163.5 1
           164.5 6
           165.5 2
           166.5 1
           167.5 4
           168.5 4
             :
           170.5 2
           171.5 4
           172.5 2
           173.5 1
           174.5 5
           175.5 3
           176.5 2
           177.5 4
           178.5 2
           179.5 2
             :
           181.5 3
           182.5 3
           183.5 7
           184.5 3
           185.5 2
           186.5 2
           187.5 2
           188.5 2
           189.5 5
           190.5 4
           191.5 3
           192.5 5
           193.5 3
           194.5 4
           195.5 2
           196.5 2
           197.5 2
           198.5 4
           199.5 5
           200.5 2
           201.5 3
           202.5 3
           203.5 3
           204.5 3
           205.5 4
           206.5 3
           207.5 9
           208.5 5
           209.5 7
           210.5 5
           211.5 6
           212.5 6
           213.5 5
           214.5 4
           215.5 10
           216.5 7
           217.5 4
           218.5 4
           219.5 2
           220.5 3
           221.5 3
           222.5 8
           223.5 4
           224.5 2
           225.5 3
           226.5 3
           227.5 7
           228.5 5
           229.5 7
           230.5 4
           231.5 1
           232.5 9
           233.5 3
           234.5 7
           235.5 3
           236.5 3
           237.5 8
           238.5 8
           239.5 2
           240.5 4
           241.5 2
           242.5 3
           243.5 6
           244.5 7
           245.5 4
           246.5 6
           247.5 9
           248.5 5
           249.5 6
           250.5 8
           251.5 5
           252.5 1
           253.5 4
           254.5 6
           255.5 2
           256.5 2
           257.5 4
           258.5 4
           259.5 4
           260.5 3
           261.5 5
           262.5 5
           263.5 6
           264.5 3
           265.5 3
           266.5 2
           267.5 3
           268.5 6
           269.5 6
           270.5 2
           271.5 3
           272.5 2
           273.5 5
           274.5 1
           275.5 4
           276.5 2
           277.5 2
           278.5 2
           279.5 3
           280.5 3
           281.5 4
           282.5 5
           283.5 5
           284.5 4
           285.5 1
           286.5 6
           287.5 3
           288.5 2
           289.5 2
           290.5 2
           291.5 3
           292.5 5
           293.5 2
           294.5 2
           295.5 3
           296.5 1
           297.5 5
           298.5 1
           299.5 1
           300.5 2
           301.5 7
           302.5 1
           303.5 2
           304.5 3
           305.5 1
           306.5 3
             :
           308.5 1
             :
           310.5 4
           311.5 1
           312.5 3
           313.5 1
           314.5 3
             :
           316.5 2
           317.5 5
           318.5 1
           319.5 3
             :
           322.5 1
           323.5 1
           324.5 2
           325.5 1
           326.5 1
           327.5 1
           328.5 2
           329.5 1
             :
           331.5 1
           332.5 2
           333.5 2
             :
           335.5 1
           336.5 4
           337.5 1
           338.5 2
           339.5 1
           340.5 1
           341.5 1
           342.5 2
           343.5 2
           344.5 2
             :
           347.5 1
             :
           349.5 1
           350.5 3
             :
           352.5 2
           353.5 2
             :
           356.5 3
             :
           358.5 1
             :
           360.5 1
           361.5 3
             :
           363.5 2
           364.5 1
           365.5 2
             :
           368.5 1
           369.5 2
             :
           372.5 1
           373.5 1
           374.5 1
             :
           376.5 1
           377.5 2
           378.5 1
             :
           383.5 1
             :
           393.5 1
             :
           395.5 1
           396.5 1
             :
           399.5 1
             :
           404.5 1
           405.5 1
             :
           409.5 1
             :
           424.5 1
             :
           439.5 1
             :
           473.5 1
             :
           482.5 1

Total: connections 2400 requests 2400 replies 2400 test-duration 299.995 s

Connection rate: 8.0 conn/s (125.0 ms/conn, <=4 concurrent connections)
Connection time [ms]: min 10.3 avg 86.1 max 482.1 median 18.5 stddev 107.1
Connection time [ms]: connect 1.1
Connection length [replies/conn]: 1.000

Request rate: 8.0 req/s (125.0 ms/req)
Request size [B]: 67.0

Reply rate [replies/s]: min 6.0 avg 8.0 max 10.0 stddev 0.9 (299 samples)
Percentages of the replies served at a given rate:
   50%: 7
   66%: 7
   75%: 7
   80%: 8
   90%: 8
   95%: 9
   98%: 9
   99%: 9
  100%: 10

Reply time [ms]: response 80.5 transfer 4.4
Percentages of the requests served within a certain time (ms) :
   50%: 17
   66%: 35
   75%: 163
   80%: 193
   90%: 248
   95%: 285
   98%: 322
   99%: 346
  100%: 428

Reply size [B]: header 162.0 content 72.0 footer 1.0 (total 235.0)
Reply status: 1xx=0 2xx=2400 3xx=0 4xx=0 5xx=0

CPU time [s]: user 248.72 system 50.84 (user 82.9% system 16.9% total 99.9%)
Net I/O: 2.4 KB/s (0.0*10^6 bps)

Errors: total 0 client-timo 0 socket-timo 0 connrefused 0 connreset 0
Errors: fd-unavail 0 addrunavail 0 ftab-full 0 other 0

