httperf --verbose --hog --timeout=50 --client=0/1 --server=172.16.116.116 --port=8080 --uri=/ --rate=8 --send-buffer=4096 --recv-buffer=16384 --num-conns=1440 --num-calls=1
httperf: maximum number of open descriptors = 65535
Maximum connect burst length: 1

Connection lifetime histogram (time in ms):
             :
            10.5 114
            11.5 314
            12.5 204
            13.5 178
            14.5 102
            15.5 137
            16.5 108
            17.5 71
            18.5 83
            19.5 34
            20.5 22
            21.5 15
            22.5 12
            23.5 2
            24.5 4
            25.5 2
            26.5 1
            27.5 1
             :
            29.5 1
             :
            32.5 1
             :
            67.5 1
             :
            70.5 1
             :
           123.5 1
             :
           141.5 1
             :
           147.5 1
             :
           155.5 1
           156.5 1
             :
           175.5 1
             :
           191.5 1
             :
           210.5 1
           211.5 1
           212.5 2
           213.5 1
           214.5 1
           215.5 2
           216.5 1
             :
           218.5 1
             :
           222.5 1
           223.5 1
             :
           233.5 1
           234.5 2
           235.5 1
             :
           265.5 1
             :
           274.5 1
             :
           290.5 1
             :
           299.5 1
             :
           309.5 1
             :
           320.5 1
             :
           366.5 1
             :
           378.5 1
             :
           417.5 1

Total: connections 1440 requests 1440 replies 1440 test-duration 179.890 s

Connection rate: 8.0 conn/s (124.9 ms/conn, <=2 concurrent connections)
Connection time [ms]: min 10.1 avg 19.2 max 417.4 median 13.5 stddev 34.3
Connection time [ms]: connect 0.8
Connection length [replies/conn]: 1.000

Request rate: 8.0 req/s (124.9 ms/req)
Request size [B]: 67.0

Reply rate [replies/s]: min 7.0 avg 8.0 max 9.0 stddev 0.2 (179 samples)
Percentages of the replies served at a given rate:
   50%: 7
   66%: 7
   75%: 7
   80%: 7
   90%: 7
   95%: 7
   98%: 8
   99%: 8
  100%: 9

Reply time [ms]: response 17.6 transfer 0.6
Percentages of the requests served within a certain time (ms) :
   50%: 11
   66%: 13
   75%: 14
   80%: 15
   90%: 17
   95%: 19
   98%: 141
   99%: 214
  100%: 416

Reply size [B]: header 163.0 content 72.0 footer 2.0 (total 237.0)
Reply status: 1xx=0 2xx=1440 3xx=0 4xx=0 5xx=0

CPU time [s]: user 151.60 system 28.01 (user 84.3% system 15.6% total 99.8%)
Net I/O: 2.4 KB/s (0.0*10^6 bps)

Errors: total 0 client-timo 0 socket-timo 0 connrefused 0 connreset 0
Errors: fd-unavail 0 addrunavail 0 ftab-full 0 other 0

