httperf --verbose --hog --timeout=3 --client=0/1 --server=172.17.60.201 --port=80 --uri=/ --rate=16 --send-buffer=4096 --recv-buffer=16384 --num-conns=1000 --num-calls=1
httperf: maximum number of open descriptors = 4096
Maximum connect burst length: 1

Connection lifetime histogram (time in ms):
             :
             7.5 14
             8.5 9
             9.5 6
            10.5 13
            11.5 5
            12.5 4
            13.5 7
            14.5 6
            15.5 10
            16.5 6
            17.5 3
             :
            19.5 5
            20.5 4
            21.5 3
            22.5 1
            23.5 1
            24.5 3
            25.5 3
            26.5 7
            27.5 3
            28.5 1
            29.5 2
            30.5 6
             :
            32.5 4
            33.5 1
             :
            35.5 3
            36.5 2
            37.5 2
            38.5 1
            39.5 2
            40.5 3
            41.5 3
            42.5 2
            43.5 1
            44.5 2
             :
            46.5 1
            47.5 1
            48.5 1
            49.5 1
             :
            51.5 1
             :
            54.5 2
             :
            57.5 1
            58.5 1
             :
            60.5 1
             :
            62.5 1
             :
            64.5 3
            65.5 3
            66.5 2
             :
            69.5 1
            70.5 1
            71.5 1
            72.5 1
            73.5 2
            74.5 1
             :
            76.5 1
            77.5 1
             :
            79.5 1
            80.5 1
             :
            83.5 1
            84.5 2
             :
            88.5 1
            89.5 1
            90.5 3
            91.5 2
             :
            97.5 1
             :
            99.5 1
             :
           102.5 1
           103.5 1
           104.5 1
             :
           106.5 1
           107.5 1
           108.5 2
             :
           110.5 1
             :
           115.5 1
             :
           119.5 1
           120.5 1
             :
           122.5 1
           123.5 1
           124.5 2
             :
           127.5 1
             :
           130.5 2
             :
           132.5 2
           133.5 1
             :
           136.5 1
           137.5 1
           138.5 1
           139.5 2
             :
           146.5 2
             :
           148.5 1
           149.5 1
           150.5 1
           151.5 1
             :
           155.5 2
             :
           157.5 3
           158.5 1
           159.5 1
           160.5 1
           161.5 1
           162.5 1
             :
           165.5 1
             :
           167.5 1
             :
           172.5 1
             :
           175.5 1
           176.5 1
             :
           178.5 1
             :
           181.5 3
           182.5 2
             :
           184.5 1
             :
           186.5 2
           187.5 1
             :
           191.5 1
             :
           193.5 2
           194.5 1
           195.5 1
             :
           198.5 1
           199.5 3
           200.5 2
           201.5 1
             :
           205.5 1
             :
           207.5 2
           208.5 1
             :
           213.5 1
           214.5 1
           215.5 1
           216.5 1
           217.5 2
             :
           221.5 1
             :
           224.5 1
           225.5 1
             :
           227.5 1
           228.5 1
           229.5 1
           230.5 1
             :
           234.5 2
             :
           237.5 2
           238.5 1
             :
           240.5 2
           241.5 1
             :
           246.5 1
           247.5 2
             :
           249.5 1
           250.5 2
             :
           253.5 1
             :
           255.5 1
             :
           257.5 1
             :
           259.5 1
           260.5 3
           261.5 2
             :
           263.5 2
             :
           267.5 1
           268.5 2
           269.5 1
           270.5 3
             :
           273.5 1
           274.5 1
             :
           277.5 1
           278.5 1
             :
           282.5 1
           283.5 1
           284.5 1
           285.5 1
           286.5 3
             :
           289.5 2
           290.5 1
             :
           293.5 3
             :
           295.5 1
           296.5 1
             :
           298.5 1
             :
           301.5 2
           302.5 1
             :
           304.5 1
           305.5 1
           306.5 1
             :
           311.5 1
           312.5 2
             :
           316.5 3
           317.5 4
           318.5 1
           319.5 2
           320.5 1
           321.5 1
           322.5 2
             :
           324.5 1
           325.5 2
           326.5 2
             :
           329.5 1
             :
           331.5 3
             :
           333.5 2
             :
           337.5 1
             :
           340.5 1
             :
           345.5 2
           346.5 1
           347.5 2
           348.5 1
             :
           351.5 1
             :
           353.5 1
           354.5 2
             :
           356.5 1
           357.5 1
             :
           360.5 2
           361.5 2
           362.5 2
           363.5 2
           364.5 1
           365.5 3
             :
           367.5 2
           368.5 1
             :
           370.5 1
             :
           373.5 1
             :
           379.5 2
           380.5 4
           381.5 1
           382.5 3
           383.5 1
           384.5 1
           385.5 1
             :
           387.5 2
           388.5 3
           389.5 1
           390.5 3
           391.5 2
           392.5 1
             :
           394.5 1
           395.5 2
           396.5 1
           397.5 1
             :
           399.5 1
           400.5 1
           401.5 1
             :
           403.5 2
             :
           406.5 1
             :
           409.5 1
           410.5 1
             :
           413.5 3
           414.5 2
           415.5 1
             :
           417.5 2
             :
           423.5 3
             :
           425.5 1
           426.5 1
           427.5 2
             :
           429.5 1
           430.5 1
             :
           435.5 1
             :
           440.5 2
             :
           442.5 1
             :
           445.5 1
           446.5 1
             :
           448.5 1
           449.5 1
           450.5 1
             :
           452.5 3
           453.5 1
           454.5 1
           455.5 2
           456.5 1
           457.5 2
             :
           459.5 1
           460.5 1
             :
           462.5 2
             :
           464.5 2
           465.5 1
           466.5 1
           467.5 1
           468.5 2
             :
           470.5 2
           471.5 2
           472.5 2
           473.5 2
             :
           475.5 3
             :
           479.5 3
             :
           481.5 4
             :
           483.5 2
           484.5 1
             :
           486.5 1
           487.5 1
           488.5 1
           489.5 1
           490.5 1
           491.5 2
           492.5 2
           493.5 1
           494.5 1
             :
           498.5 1
             :
           502.5 1
             :
           504.5 1
           505.5 1
           506.5 3
           507.5 1
             :
           509.5 1
           510.5 2
             :
           512.5 1
           513.5 4
           514.5 1
           515.5 2
             :
           517.5 1
           518.5 2
             :
           520.5 1
           521.5 1
           522.5 1
           523.5 1
           524.5 1
           525.5 3
             :
           527.5 1
           528.5 1
           529.5 1
           530.5 1
             :
           532.5 1
             :
           534.5 1
             :
           536.5 4
           537.5 1
           538.5 2
           539.5 2
           540.5 1
             :
           542.5 1
             :
           544.5 1
             :
           546.5 2
           547.5 1
           548.5 1
           549.5 3
             :
           551.5 2
           552.5 1
           553.5 2
             :
           555.5 3
           556.5 2
           557.5 1
           558.5 3
           559.5 1
           560.5 1
           561.5 2
             :
           563.5 3
             :
           568.5 3
           569.5 3
           570.5 4
             :
           575.5 3
           576.5 3
           577.5 2
             :
           579.5 1
           580.5 1
           581.5 2
           582.5 3
           583.5 6
           584.5 1
             :
           587.5 1
           588.5 2
             :
           590.5 4
           591.5 2
           592.5 3
           593.5 3
           594.5 3
           595.5 2
             :
           597.5 1
           598.5 2
           599.5 4
           600.5 1
           601.5 2
           602.5 4
           603.5 2
           604.5 1
             :
           607.5 1
             :
           609.5 1
           610.5 1
           611.5 2
             :
           614.5 3
             :
           618.5 3
           619.5 1
             :
           621.5 2
           622.5 3
           623.5 3
             :
           626.5 1
             :
           628.5 1
           629.5 1
             :
           631.5 2
             :
           633.5 3
           634.5 1
           635.5 1
           636.5 1
           637.5 1
           638.5 1
           639.5 2
           640.5 3
             :
           644.5 1
           645.5 3
             :
           648.5 2
           649.5 2
           650.5 1
           651.5 2
           652.5 1
           653.5 2
           654.5 2
           655.5 3
           656.5 1
           657.5 1
           658.5 1
           659.5 1
           660.5 4
           661.5 1
             :
           663.5 1
           664.5 1
           665.5 2
           666.5 1
           667.5 1
             :
           670.5 2
           671.5 2
             :
           673.5 1
             :
           675.5 3
           676.5 2
           677.5 2
             :
           680.5 3
             :
           684.5 1
             :
           686.5 1
           687.5 2
           688.5 2
           689.5 2
           690.5 1
           691.5 1
           692.5 1
           693.5 2
           694.5 1
           695.5 1
             :
           697.5 1
           698.5 2
             :
           700.5 1
           701.5 1
           702.5 2
           703.5 1
             :
           705.5 1
             :
           708.5 1
           709.5 1
             :
           712.5 1
           713.5 1
             :
           715.5 2
           716.5 1
             :
           718.5 1
             :
           724.5 2
           725.5 1
           726.5 1
           727.5 2
           728.5 1
           729.5 1
           730.5 1
             :
           734.5 2
           735.5 2
             :
           737.5 1
           738.5 1
           739.5 1
           740.5 1
             :
           744.5 1
             :
           746.5 2
             :
           748.5 1
           749.5 2
             :
           753.5 1
             :
           756.5 1
             :
           758.5 1
             :
           762.5 1
           763.5 1
             :
           766.5 1
             :
           769.5 1
           770.5 1
           771.5 1
           772.5 3
             :
           774.5 1
             :
           776.5 1
           777.5 1
           778.5 1
           779.5 1
           780.5 3
             :
           784.5 1
           785.5 2
             :
           788.5 1
             :
           791.5 2
           792.5 3
           793.5 1
           794.5 2
           795.5 2
           796.5 1
           797.5 1
           798.5 1
             :
           800.5 1
             :
           802.5 1
             :
           805.5 2
             :
           807.5 2
             :
           809.5 1
           810.5 1
           811.5 1
             :
           819.5 1
             :
           822.5 1
             :
           824.5 1
             :
           826.5 1
           827.5 1
           828.5 1
             :
           830.5 1
           831.5 2
             :
           833.5 3
           834.5 2
             :
           836.5 1
             :
           838.5 1
           839.5 1
           840.5 2
           841.5 1
             :
           843.5 1
           844.5 2
             :
           850.5 1
           851.5 1
             :
           856.5 1
           857.5 2
             :
           859.5 1
           860.5 2
             :
           862.5 1
             :
           869.5 1
           870.5 1
             :
           880.5 1
           881.5 1
           882.5 1
             :
           887.5 1
             :
           890.5 1
             :
           896.5 1
           897.5 1
             :
           900.5 1
           901.5 1
             :
           903.5 1
           904.5 1
             :
           910.5 1
             :
           912.5 2
             :
           916.5 1
           917.5 1
             :
           919.5 2
             :
           921.5 1
             :
           923.5 2
           924.5 1
             :
           926.5 3
           927.5 1
             :
           929.5 2
           930.5 1
             :
           942.5 1
             :
           946.5 1
             :
           948.5 1
           949.5 1
             :
           951.5 2
             :
           954.5 1
           955.5 1
             :
           962.5 1
             :
           964.5 2
             :
           966.5 2
           967.5 1
             :
           970.5 1
             :
           979.5 1
             :
           981.5 1
           982.5 2
           983.5 2
           984.5 1
           985.5 1
           986.5 1
             :
           989.5 1
             :
           999.5 1
          1000.5 2
          1001.5 1
             :
          1004.5 1
             :
          1013.5 1
          1014.5 1
             :
          1016.5 1
             :
          1023.5 1
             :
          1027.5 1
             :
          1036.5 1
             :
          1038.5 1
          1039.5 1
             :
          1057.5 1
             :
          1060.5 1
             :
          1064.5 1
             :
          1067.5 1
             :
          1081.5 2
             :
          1083.5 1
             :
          1090.5 1
             :
          1092.5 1
             :
          1095.5 1
             :
          1114.5 1
             :
          1116.5 1
             :
          1118.5 1
             :
          1124.5 1
             :
          1128.5 1
             :
          1130.5 1
             :
          1150.5 1
             :
          1163.5 1
             :
          1169.5 1
             :
          1171.5 1
             :
          1190.5 1
             :
          1217.5 1
             :
          1226.5 1
             :
          1230.5 1
             :
          1232.5 1
             :
          1327.5 1
             :
          1425.5 1
             :
          1438.5 1
             :
          1455.5 1
             :
          1505.5 1
             :
          1572.5 1
             :
          1575.5 1
             :
          1588.5 1
             :
          1591.5 1
             :
          1616.5 1
             :
          1620.5 1
             :
          1630.5 1
             :
          1656.5 2
             :
          1664.5 1
             :
          1671.5 2
             :
          1702.5 1
             :
          1708.5 1
             :
          1725.5 1
             :
          1745.5 1
             :
          1747.5 1
             :
          1765.5 1
             :
          1768.5 1
             :
          1792.5 1
             :
          1797.5 1
             :
          1912.5 1
             :
          2361.5 1
             :
          2528.5 1
             :
          2585.5 1

Total: connections 1000 requests 1000 replies 999 test-duration 63.245 s

Connection rate: 15.8 conn/s (63.2 ms/conn, <=15 concurrent connections)
Connection time [ms]: min 7.3 avg 493.1 max 2585.7 median 486.5 stddev 375.8
Connection time [ms]: connect 24.5
Connection length [replies/conn]: 1.000

Request rate: 15.8 req/s (63.2 ms/req)
Request size [B]: 66.0

Reply rate [replies/s]: min 12.0 avg 15.8 max 21.0 stddev 2.0 (63 samples)
Percentages of the replies served at a given rate:
   50%: 15
   66%: 15
   75%: 16
   80%: 16
   90%: 18
   95%: 19
   98%: 19
   99%: 20
  100%: 21

Reply time [ms]: response 467.5 transfer 1.0
Percentages of the requests served within a certain time (ms) :
   50%: 476
   66%: 598
   75%: 671
   80%: 726
   90%: 869
   95%: 981
   98%: 1149
   99%: 1670
  100%: 2581

Reply size [B]: header 167.0 content 59.0 footer 0.0 (total 226.0)
Reply status: 1xx=0 2xx=999 3xx=0 4xx=0 5xx=0

CPU time [s]: user 38.84 system 24.31 (user 61.4% system 38.4% total 99.9%)
Net I/O: 4.5 KB/s (0.0*10^6 bps)

Errors: total 1 client-timo 1 socket-timo 0 connrefused 0 connreset 0
Errors: fd-unavail 0 addrunavail 0 ftab-full 0 other 0

