httperf --verbose --hog --timeout=50 --client=0/1 --server=172.16.116.116 --port=8080 --uri=/ --rate=16 --send-buffer=4096 --recv-buffer=16384 --num-conns=2880 --num-calls=1
httperf: maximum number of open descriptors = 65535
Maximum connect burst length: 1

Connection lifetime histogram (time in ms):
             :
            10.5 639
            11.5 768
            12.5 324
            13.5 212
            14.5 179
            15.5 212
            16.5 229
            17.5 101
            18.5 51
            19.5 42
            20.5 15
            21.5 11
            22.5 8
            23.5 5
             :
            27.5 2
            28.5 2
            29.5 1
            30.5 1
            31.5 1
             :
            46.5 1
            47.5 1
             :
            63.5 1
             :
            69.5 1
             :
            88.5 1
             :
            97.5 1
            98.5 1
             :
           103.5 1
             :
           109.5 1
             :
           118.5 2
             :
           126.5 1
             :
           133.5 1
             :
           136.5 1
             :
           141.5 2
             :
           143.5 1
           144.5 1
             :
           147.5 1
             :
           149.5 1
             :
           152.5 1
           153.5 1
             :
           162.5 1
           163.5 1
           164.5 1
           165.5 1
             :
           167.5 1
             :
           169.5 1
             :
           173.5 1
             :
           176.5 1
             :
           180.5 1
             :
           183.5 1
             :
           192.5 1
           193.5 1
           194.5 1
             :
           200.5 1
             :
           204.5 1
             :
           206.5 1
             :
           214.5 1
             :
           216.5 1
             :
           220.5 1
             :
           223.5 1
           224.5 1
             :
           229.5 2
             :
           243.5 1
           244.5 2
             :
           247.5 1
             :
           250.5 1
             :
           252.5 1
             :
           255.5 1
           256.5 2
             :
           260.5 2
             :
           262.5 1
           263.5 1
             :
           266.5 1
           267.5 1
             :
           271.5 2
           272.5 1
             :
           276.5 1
             :
           278.5 1
             :
           282.5 1
             :
           293.5 2
             :
           296.5 1
             :
           298.5 1
             :
           309.5 1
             :
           313.5 1
             :
           316.5 1
             :
           335.5 1
             :
           348.5 1
             :
           356.5 1
             :
           375.5 1

Total: connections 2880 requests 2880 replies 2880 test-duration 179.948 s

Connection rate: 16.0 conn/s (62.5 ms/conn, <=2 concurrent connections)
Connection time [ms]: min 10.1 avg 18.3 max 375.8 median 12.5 stddev 33.9
Connection time [ms]: connect 0.7
Connection length [replies/conn]: 1.000

Request rate: 16.0 req/s (62.5 ms/req)
Request size [B]: 67.0

Reply rate [replies/s]: min 15.0 avg 16.0 max 17.0 stddev 0.4 (179 samples)
Percentages of the replies served at a given rate:
   50%: 15
   66%: 15
   75%: 15
   80%: 15
   90%: 15
   95%: 16
   98%: 16
   99%: 16
  100%: 17

Reply time [ms]: response 16.6 transfer 1.0
Percentages of the requests served within a certain time (ms) :
   50%: 10
   66%: 12
   75%: 13
   80%: 14
   90%: 15
   95%: 17
   98%: 135
   99%: 215
  100%: 374

Reply size [B]: header 163.0 content 72.0 footer 2.0 (total 237.0)
Reply status: 1xx=0 2xx=2880 3xx=0 4xx=0 5xx=0

CPU time [s]: user 150.60 system 29.05 (user 83.7% system 16.1% total 99.8%)
Net I/O: 4.7 KB/s (0.0*10^6 bps)

Errors: total 0 client-timo 0 socket-timo 0 connrefused 0 connreset 0
Errors: fd-unavail 0 addrunavail 0 ftab-full 0 other 0

