httperf --verbose --hog --timeout=50 --client=0/1 --server=172.16.116.116 --port=8080 --uri=/ --rate=24 --send-buffer=4096 --recv-buffer=16384 --num-conns=4320 --num-calls=1
httperf: maximum number of open descriptors = 65535
Maximum connect burst length: 1

Connection lifetime histogram (time in ms):
             :
            10.5 745
            11.5 1559
            12.5 432
            13.5 269
            14.5 201
            15.5 287
            16.5 383
            17.5 220
            18.5 82
            19.5 41
            20.5 26
            21.5 17
            22.5 7
            23.5 4
            24.5 6
            25.5 1
            26.5 3
            27.5 2
             :
            29.5 1
             :
            31.5 1
             :
            33.5 1
             :
            61.5 1
             :
            68.5 1
             :
            79.5 1
             :
            90.5 1
             :
           100.5 1
             :
           103.5 1
             :
           106.5 1
             :
           132.5 1
             :
           135.5 1
             :
           139.5 1
             :
           156.5 1
             :
           159.5 1
             :
           164.5 1
           165.5 1
             :
           169.5 1
             :
           194.5 1
             :
           197.5 1
             :
           201.5 1
             :
           210.5 1
             :
           214.5 1
             :
           231.5 1
             :
           241.5 1
             :
           245.5 1
             :
           258.5 1
             :
           265.5 1
             :
           268.5 1
             :
           276.5 1
             :
           285.5 1
             :
           290.5 1
             :
           292.5 1
             :
           327.5 1
             :
           347.5 1

Total: connections 4320 requests 4320 replies 4320 test-duration 179.978 s

Connection rate: 24.0 conn/s (41.7 ms/conn, <=2 concurrent connections)
Connection time [ms]: min 10.2 avg 14.4 max 347.3 median 11.5 stddev 17.0
Connection time [ms]: connect 0.6
Connection length [replies/conn]: 1.000

Request rate: 24.0 req/s (41.7 ms/req)
Request size [B]: 67.0

Reply rate [replies/s]: min 23.0 avg 24.0 max 25.0 stddev 0.3 (179 samples)
Percentages of the replies served at a given rate:
   50%: 23
   66%: 23
   75%: 23
   80%: 23
   90%: 23
   95%: 23
   98%: 24
   99%: 24
  100%: 25

Reply time [ms]: response 13.2 transfer 0.5
Percentages of the requests served within a certain time (ms) :
   50%: 10
   66%: 11
   75%: 13
   80%: 14
   90%: 15
   95%: 16
   98%: 18
   99%: 21
  100%: 346

Reply size [B]: header 163.0 content 72.0 footer 2.0 (total 237.0)
Reply status: 1xx=0 2xx=4320 3xx=0 4xx=0 5xx=0

CPU time [s]: user 149.18 system 30.43 (user 82.9% system 16.9% total 99.8%)
Net I/O: 7.1 KB/s (0.1*10^6 bps)

Errors: total 0 client-timo 0 socket-timo 0 connrefused 0 connreset 0
Errors: fd-unavail 0 addrunavail 0 ftab-full 0 other 0

