httperf --verbose --hog --timeout=50 --client=0/1 --server=172.16.116.116 --port=8080 --uri=/ --rate=24 --send-buffer=4096 --recv-buffer=16384 --num-conns=14400 --num-calls=1
httperf: maximum number of open descriptors = 65535
Maximum connect burst length: 1

Connection lifetime histogram (time in ms):
             :
             9.5 40
            10.5 2429
            11.5 1778
            12.5 864
            13.5 569
            14.5 811
            15.5 1134
            16.5 775
            17.5 269
            18.5 144
            19.5 120
            20.5 100
            21.5 95
            22.5 83
            23.5 85
            24.5 82
            25.5 65
            26.5 69
            27.5 63
            28.5 47
            29.5 52
            30.5 52
            31.5 50
            32.5 27
            33.5 47
            34.5 41
            35.5 32
            36.5 25
            37.5 28
            38.5 29
            39.5 37
            40.5 22
            41.5 23
            42.5 28
            43.5 22
            44.5 34
            45.5 26
            46.5 33
            47.5 27
            48.5 23
            49.5 26
            50.5 17
            51.5 18
            52.5 25
            53.5 18
            54.5 23
            55.5 15
            56.5 19
            57.5 13
            58.5 17
            59.5 15
            60.5 26
            61.5 22
            62.5 14
            63.5 21
            64.5 23
            65.5 9
            66.5 20
            67.5 13
            68.5 22
            69.5 11
            70.5 12
            71.5 11
            72.5 17
            73.5 13
            74.5 10
            75.5 8
            76.5 10
            77.5 13
            78.5 8
            79.5 15
            80.5 12
            81.5 9
            82.5 12
            83.5 6
            84.5 4
            85.5 10
            86.5 10
            87.5 11
            88.5 11
            89.5 6
            90.5 11
            91.5 7
            92.5 6
            93.5 5
            94.5 8
            95.5 3
            96.5 9
            97.5 4
            98.5 12
            99.5 9
           100.5 13
           101.5 9
           102.5 13
           103.5 7
           104.5 10
           105.5 9
           106.5 7
           107.5 8
           108.5 6
           109.5 5
           110.5 6
           111.5 3
           112.5 5
           113.5 6
           114.5 8
           115.5 5
           116.5 3
           117.5 5
           118.5 3
           119.5 6
           120.5 1
           121.5 5
           122.5 3
           123.5 3
           124.5 1
           125.5 4
           126.5 6
           127.5 7
           128.5 4
           129.5 7
             :
           131.5 1
           132.5 2
           133.5 4
           134.5 4
           135.5 6
           136.5 3
           137.5 1
           138.5 4
           139.5 6
           140.5 5
           141.5 2
           142.5 4
           143.5 1
           144.5 2
           145.5 1
           146.5 1
           147.5 2
           148.5 1
           149.5 4
           150.5 3
           151.5 2
           152.5 1
           153.5 3
           154.5 4
             :
           156.5 3
           157.5 4
           158.5 2
           159.5 4
           160.5 5
           161.5 3
           162.5 2
             :
           164.5 3
           165.5 1
           166.5 3
             :
           168.5 3
           169.5 3
           170.5 2
             :
           172.5 1
           173.5 1
             :
           175.5 4
           176.5 2
           177.5 1
           178.5 2
           179.5 1
           180.5 1
           181.5 1
           182.5 1
           183.5 1
           184.5 1
           185.5 2
           186.5 1
           187.5 3
             :
           189.5 2
           190.5 1
             :
           192.5 2
           193.5 1
             :
           195.5 2
           196.5 1
           197.5 1
           198.5 1
           199.5 2
           200.5 1
             :
           203.5 3
           204.5 1
           205.5 1
           206.5 1
             :
           208.5 1
           209.5 2
           210.5 1
             :
           212.5 1
           213.5 1
             :
           215.5 2
             :
           219.5 3
           220.5 1
           221.5 1
           222.5 4
             :
           225.5 1
             :
           229.5 2
           230.5 4
             :
           233.5 1
           234.5 1
           235.5 1
             :
           237.5 3
           238.5 1
           239.5 1
             :
           242.5 2
           243.5 1
           244.5 1
             :
           247.5 1
             :
           249.5 1
             :
           251.5 1
           252.5 1
             :
           254.5 1
             :
           256.5 1
           257.5 2
           258.5 1
             :
           260.5 1
             :
           262.5 1
           263.5 1
           264.5 1
           265.5 1
             :
           269.5 2
             :
           271.5 1
           272.5 1
           273.5 1
             :
           278.5 1
             :
           280.5 2
           281.5 1
             :
           283.5 1
             :
           285.5 3
             :
           287.5 1
           288.5 1
             :
           292.5 1
           293.5 1
             :
           297.5 1
           298.5 2
             :
           300.5 1
             :
           302.5 1
             :
           306.5 2
             :
           310.5 2
           311.5 1
           312.5 1
           313.5 1
           314.5 1
             :
           316.5 2
           317.5 2
           318.5 1
             :
           320.5 2
           321.5 1
           322.5 1
             :
           325.5 2
           326.5 1
             :
           329.5 1
             :
           331.5 1
           332.5 1
             :
           335.5 1
             :
           342.5 1
           343.5 4
           344.5 1
             :
           348.5 2
           349.5 1
             :
           356.5 1
             :
           359.5 1
           360.5 1
             :
           364.5 1
           365.5 1
             :
           372.5 1
           373.5 1
             :
           376.5 2
           377.5 1
             :
           379.5 2
           380.5 2
             :
           383.5 1
             :
           385.5 1
             :
           387.5 1
             :
           390.5 1
             :
           393.5 1
             :
           395.5 1
           396.5 1
           397.5 1
           398.5 1
             :
           400.5 2
             :
           403.5 1
             :
           405.5 1
           406.5 2
           407.5 1
           408.5 1
           409.5 1
           410.5 3
             :
           412.5 1
           413.5 1
           414.5 1
           415.5 1
             :
           417.5 1
           418.5 2
           419.5 1
             :
           421.5 2
           422.5 2
             :
           424.5 1
           425.5 1
             :
           430.5 1
             :
           432.5 1
           433.5 3
             :
           435.5 2
             :
           437.5 1
             :
           440.5 1
             :
           443.5 4
           444.5 1
           445.5 1
           446.5 2
           447.5 2
             :
           449.5 1
           450.5 3
           451.5 2
             :
           453.5 3
           454.5 1
           455.5 1
             :
           457.5 1
           458.5 1
             :
           460.5 1
           461.5 2
           462.5 1
           463.5 1
           464.5 1
           465.5 2
             :
           470.5 1
             :
           472.5 1
             :
           475.5 2
           476.5 1
             :
           478.5 2
             :
           480.5 1
             :
           483.5 2
           484.5 2
           485.5 2
           486.5 1
           487.5 1
           488.5 1
           489.5 1
           490.5 1
             :
           492.5 1
             :
           494.5 3
           495.5 1
           496.5 2
           497.5 1
           498.5 2
           499.5 1
             :
           501.5 1
           502.5 2
           503.5 1
           504.5 1
           505.5 1
           506.5 1
           507.5 3
             :
           509.5 3
           510.5 2
           511.5 2
           512.5 2
           513.5 2
           514.5 1
             :
           516.5 3
           517.5 4
           518.5 2
           519.5 2
           520.5 2
           521.5 1
             :
           523.5 1
             :
           525.5 2
           526.5 1
           527.5 2
           528.5 2
           529.5 2
           530.5 2
           531.5 1
           532.5 4
             :
           534.5 2
           535.5 3
           536.5 1
           537.5 1
           538.5 2
           539.5 4
           540.5 2
           541.5 1
           542.5 4
           543.5 3
           544.5 2
           545.5 1
           546.5 2
           547.5 1
           548.5 2
             :
           550.5 4
           551.5 4
           552.5 6
           553.5 1
           554.5 3
           555.5 3
           556.5 3
           557.5 2
           558.5 1
           559.5 1
           560.5 2
           561.5 6
           562.5 3
           563.5 1
           564.5 3
             :
           566.5 3
           567.5 3
           568.5 2
           569.5 4
           570.5 2
           571.5 1
           572.5 1
           573.5 5
             :
           575.5 3
           576.5 6
           577.5 2
           578.5 5
           579.5 2
           580.5 2
           581.5 1
           582.5 2
           583.5 6
           584.5 2
           585.5 3
           586.5 4
           587.5 2
           588.5 5
           589.5 3
           590.5 1
           591.5 2
           592.5 4
           593.5 4
           594.5 4
           595.5 3
           596.5 1
           597.5 1
           598.5 4
           599.5 5
           600.5 3
           601.5 5
           602.5 7
           603.5 5
           604.5 7
           605.5 5
           606.5 3
           607.5 7
           608.5 3
           609.5 1
           610.5 6
           611.5 5
           612.5 3
           613.5 2
             :
           615.5 2
           616.5 7
           617.5 7
           618.5 2
           619.5 7
           620.5 3
           621.5 5
           622.5 4
           623.5 4
           624.5 6
           625.5 2
           626.5 3
           627.5 4
           628.5 5
           629.5 4
           630.5 6
           631.5 4
           632.5 6
           633.5 7
           634.5 1
           635.5 3
           636.5 2
           637.5 3
           638.5 6
           639.5 4
           640.5 4
           641.5 3
           642.5 5
           643.5 5
           644.5 8
           645.5 7
           646.5 8
           647.5 3
           648.5 5
           649.5 7
           650.5 8
           651.5 4
           652.5 2
           653.5 2
           654.5 6
           655.5 7
           656.5 9
           657.5 6
           658.5 6
           659.5 5
           660.5 4
           661.5 6
           662.5 5
           663.5 4
           664.5 8
           665.5 4
           666.5 5
           667.5 5
           668.5 7
             :
           670.5 4
           671.5 2
           672.5 6
           673.5 8
           674.5 3
           675.5 10
           676.5 6
           677.5 4
           678.5 2
           679.5 4
           680.5 2
           681.5 3
           682.5 7
           683.5 7
           684.5 6
           685.5 5
           686.5 5
           687.5 5
             :
           689.5 8
           690.5 4
           691.5 4
           692.5 4
           693.5 4
           694.5 3
           695.5 8
           696.5 5
           697.5 7
           698.5 9
           699.5 4
           700.5 7
           701.5 6
           702.5 5
           703.5 8
           704.5 4
           705.5 8
           706.5 5
           707.5 9
           708.5 5
           709.5 5
           710.5 5
           711.5 8
           712.5 2
           713.5 8
           714.5 4
           715.5 3
           716.5 3
           717.5 9
           718.5 2
           719.5 8
           720.5 5
           721.5 4
           722.5 4
           723.5 2
           724.5 6
           725.5 8
           726.5 3
           727.5 4
           728.5 6
           729.5 6
           730.5 2
           731.5 8
           732.5 6
           733.5 4
           734.5 1
           735.5 5
           736.5 6
           737.5 3
           738.5 2
           739.5 5
           740.5 7
           741.5 7
           742.5 8
           743.5 3
           744.5 4
           745.5 7
           746.5 3
           747.5 5
           748.5 1
           749.5 7
           750.5 3
           751.5 4
             :
           753.5 8
           754.5 5
           755.5 3
           756.5 3
           757.5 5
           758.5 7
           759.5 7
           760.5 3
           761.5 2
           762.5 5
           763.5 3
           764.5 1
           765.5 6
           766.5 4
           767.5 5
           768.5 2
           769.5 4
           770.5 1
           771.5 3
           772.5 3
           773.5 2
           774.5 8
           775.5 4
           776.5 4
             :
           778.5 1
           779.5 1
           780.5 3
           781.5 5
           782.5 5
           783.5 4
           784.5 4
           785.5 7
           786.5 1
           787.5 5
             :
           789.5 4
           790.5 1
           791.5 6
           792.5 7
           793.5 2
           794.5 4
           795.5 5
           796.5 7
           797.5 4
           798.5 4
           799.5 6
           800.5 5
           801.5 6
           802.5 4
           803.5 2
           804.5 3
             :
           806.5 3
           807.5 3
           808.5 5
           809.5 2
           810.5 4
           811.5 2
           812.5 4
             :
           814.5 7
           815.5 1
           816.5 7
           817.5 4
           818.5 4
           819.5 5
           820.5 5
           821.5 1
           822.5 2
           823.5 4
           824.5 1
           825.5 4
           826.5 2
           827.5 5
           828.5 5
           829.5 5
           830.5 1
           831.5 2
             :
           833.5 6
           834.5 4
           835.5 3
           836.5 2
           837.5 3
           838.5 1
           839.5 2
           840.5 3
           841.5 3
           842.5 1
             :
           844.5 3
           845.5 4
           846.5 4
           847.5 4
           848.5 1
           849.5 2
           850.5 3
           851.5 4
           852.5 4
           853.5 4
           854.5 2
           855.5 4
           856.5 3
           857.5 1
           858.5 5
           859.5 3
           860.5 1
           861.5 4
           862.5 6
             :
           864.5 2
           865.5 2
           866.5 3
           867.5 2
           868.5 2
           869.5 1
           870.5 6
           871.5 1
           872.5 3
           873.5 3
           874.5 2
           875.5 4
           876.5 1
           877.5 2
           878.5 3
           879.5 1
           880.5 3
           881.5 4
           882.5 2
           883.5 4
           884.5 1
           885.5 4
           886.5 1
           887.5 2
           888.5 2
           889.5 1
           890.5 3
           891.5 4
           892.5 2
           893.5 4
             :
           895.5 1
           896.5 1
           897.5 2
             :
           900.5 2
           901.5 3
           902.5 1
           903.5 2
           904.5 4
           905.5 3
           906.5 2
           907.5 4
           908.5 4
             :
           910.5 1
           911.5 2
           912.5 1
           913.5 1
           914.5 1
           915.5 1
           916.5 1
             :
           918.5 1
           919.5 2
           920.5 1
           921.5 1
           922.5 3
           923.5 2
           924.5 3
             :
           927.5 2
             :
           929.5 2
           930.5 4
             :
           933.5 4
           934.5 2
           935.5 1
           936.5 2
             :
           938.5 4
           939.5 6
             :
           941.5 1
             :
           943.5 3
           944.5 1
           945.5 2
           946.5 2
           947.5 2
           948.5 2
           949.5 1
           950.5 3
           951.5 2
           952.5 3
           953.5 3
             :
           955.5 4
           956.5 1
           957.5 4
           958.5 1
             :
           960.5 4
           961.5 1
           962.5 2
           963.5 1
           964.5 2
           965.5 2
             :
           967.5 2
           968.5 1
             :
           970.5 6
           971.5 3
             :
           973.5 4
           974.5 2
           975.5 1
           976.5 2
           977.5 2
           978.5 3
           979.5 2
             :
           981.5 2
           982.5 4
           983.5 3
           984.5 1
           985.5 4
           986.5 2
           987.5 1
           988.5 2
           989.5 3
           990.5 1
           991.5 1
           992.5 1
           993.5 1
             :
           996.5 3
           997.5 4
           998.5 2
           999.5 2
          1000.5 1
          1001.5 3
          1002.5 2
             :
          1005.5 2
          1006.5 1
          1007.5 1
          1008.5 1
          1009.5 1
          1010.5 2
          1011.5 2
             :
          1013.5 2
          1014.5 1
          1015.5 1
          1016.5 2
          1017.5 2
          1018.5 2
          1019.5 5
          1020.5 1
          1021.5 1
             :
          1023.5 1
          1024.5 2
          1025.5 2
             :
          1027.5 1
          1028.5 2
          1029.5 5
          1030.5 1
          1031.5 3
          1032.5 1
          1033.5 1
          1034.5 1
             :
          1038.5 1
          1039.5 1
          1040.5 1
             :
          1042.5 1
             :
          1045.5 2
             :
          1047.5 1
          1048.5 1
          1049.5 2
          1050.5 1
          1051.5 2
          1052.5 3
          1053.5 3
             :
          1056.5 2
          1057.5 1
             :
          1059.5 2
          1060.5 5
          1061.5 1
          1062.5 2
          1063.5 2
          1064.5 1
             :
          1067.5 2
             :
          1069.5 1
          1070.5 2
          1071.5 1
             :
          1075.5 1
          1076.5 1
          1077.5 4
          1078.5 2
          1079.5 1
          1080.5 1
             :
          1083.5 1
          1084.5 1
             :
          1086.5 1
          1087.5 3
             :
          1089.5 1
             :
          1091.5 2
          1092.5 1
             :
          1094.5 3
          1095.5 1
             :
          1097.5 1
          1098.5 2
             :
          1100.5 2
             :
          1102.5 4
             :
          1104.5 3
             :
          1106.5 2
          1107.5 2
          1108.5 1
          1109.5 1
          1110.5 2
          1111.5 2
          1112.5 1
             :
          1114.5 2
             :
          1116.5 1
             :
          1118.5 2
          1119.5 2
          1120.5 2
             :
          1122.5 2
          1123.5 1
          1124.5 1
          1125.5 3
          1126.5 2
             :
          1130.5 1
          1131.5 1
          1132.5 1
             :
          1135.5 3
          1136.5 2
          1137.5 1
          1138.5 1
             :
          1140.5 1
          1141.5 1
          1142.5 1
          1143.5 1
             :
          1145.5 2
          1146.5 1
             :
          1148.5 3
             :
          1151.5 1
          1152.5 1
          1153.5 2
             :
          1159.5 2
             :
          1161.5 1
          1162.5 2
             :
          1165.5 1
             :
          1167.5 2
             :
          1169.5 2
          1170.5 1
          1171.5 1
             :
          1173.5 1
             :
          1175.5 3
             :
          1177.5 1
          1178.5 1
             :
          1180.5 1
             :
          1185.5 1
             :
          1188.5 1
          1189.5 1
          1190.5 2
          1191.5 1
             :
          1193.5 1
             :
          1200.5 1
             :
          1202.5 1
          1203.5 1
          1204.5 2
          1205.5 1
             :
          1209.5 2
          1210.5 1
          1211.5 1
          1212.5 2
             :
          1214.5 1
          1215.5 1
             :
          1223.5 1
             :
          1225.5 1
          1226.5 3
          1227.5 3
             :
          1229.5 1
          1230.5 2
             :
          1232.5 1
          1233.5 2
          1234.5 1
          1235.5 1
             :
          1237.5 1
             :
          1240.5 1
          1241.5 3
          1242.5 2
          1243.5 2
          1244.5 1
          1245.5 1
          1246.5 3
             :
          1248.5 2
          1249.5 2
          1250.5 3
          1251.5 2
          1252.5 2
             :
          1254.5 1
             :
          1256.5 1
             :
          1258.5 4
             :
          1260.5 1
             :
          1262.5 2
             :
          1265.5 1
          1266.5 1
             :
          1268.5 1
             :
          1270.5 2
             :
          1272.5 1
             :
          1274.5 1
          1275.5 1
             :
          1277.5 2
             :
          1279.5 2
             :
          1283.5 2
          1284.5 1
          1285.5 1
          1286.5 1
          1287.5 2
          1288.5 2
             :
          1292.5 1
          1293.5 2
          1294.5 1
          1295.5 1
          1296.5 1
          1297.5 3
             :
          1305.5 1
             :
          1307.5 2
          1308.5 1
          1309.5 1
          1310.5 1
             :
          1312.5 1
          1313.5 1
          1314.5 2
             :
          1318.5 1
             :
          1321.5 2
             :
          1324.5 2
             :
          1331.5 1
             :
          1333.5 2
             :
          1336.5 1
          1337.5 1
          1338.5 1
          1339.5 1
             :
          1342.5 1
             :
          1344.5 1
             :
          1346.5 1
          1347.5 2
          1348.5 1
          1349.5 1
             :
          1353.5 2
             :
          1356.5 3
             :
          1358.5 1
          1359.5 3
          1360.5 1
          1361.5 1
          1362.5 2
             :
          1364.5 1
             :
          1366.5 1
             :
          1375.5 1
          1376.5 1
          1377.5 1
          1378.5 1
          1379.5 1
          1380.5 2
          1381.5 1
          1382.5 2
          1383.5 4
          1384.5 1
          1385.5 2
          1386.5 1
          1387.5 2
          1388.5 1
          1389.5 1
          1390.5 2
          1391.5 1
             :
          1394.5 3
          1395.5 2
             :
          1397.5 2
          1398.5 1
          1399.5 1
          1400.5 3
             :
          1406.5 4
             :
          1408.5 1
          1409.5 1
          1410.5 1
          1411.5 2
          1412.5 1
             :
          1414.5 1
          1415.5 1
          1416.5 1
             :
          1418.5 2
          1419.5 1
          1420.5 1
             :
          1424.5 2
          1425.5 1
             :
          1427.5 2
          1428.5 1
             :
          1432.5 1
             :
          1435.5 1
          1436.5 2
             :
          1438.5 1
          1439.5 1
          1440.5 1
          1441.5 2
             :
          1443.5 1
          1444.5 1
             :
          1447.5 2
             :
          1449.5 1
          1450.5 1
          1451.5 1
             :
          1453.5 2
             :
          1457.5 1
          1458.5 2
          1459.5 1
             :
          1463.5 2
          1464.5 1
             :
          1466.5 1
             :
          1468.5 2
          1469.5 2
          1470.5 2
          1471.5 2
             :
          1473.5 2
             :
          1476.5 1
             :
          1481.5 1
          1482.5 1
          1483.5 1
             :
          1486.5 1
          1487.5 1
          1488.5 1
          1489.5 2
          1490.5 1
             :
          1492.5 2
          1493.5 3
             :
          1497.5 2
          1498.5 1
          1499.5 2
          1500.5 1
          1501.5 1
             :
          1503.5 3
          1504.5 1
             :
          1506.5 1
             :
          1508.5 2
             :
          1510.5 1
             :
          1512.5 3
          1513.5 2
             :
          1515.5 3
          1516.5 1
             :
          1518.5 1
          1519.5 1
             :
          1521.5 1
          1522.5 1
             :
          1524.5 1
          1525.5 1
          1526.5 2
          1527.5 2
          1528.5 1
             :
          1531.5 1
          1532.5 1
          1533.5 1
          1534.5 1
          1535.5 2
          1536.5 1
          1537.5 2
          1538.5 1
          1539.5 3
          1540.5 1
          1541.5 1
          1542.5 2
             :
          1544.5 1
          1545.5 1
          1546.5 1
             :
          1550.5 1
          1551.5 2
          1552.5 2
          1553.5 2
          1554.5 1
             :
          1557.5 2
          1558.5 2
             :
          1561.5 1
             :
          1563.5 1
             :
          1566.5 1
             :
          1572.5 1
          1573.5 1
             :
          1575.5 1
             :
          1577.5 1
             :
          1580.5 1
          1581.5 1
          1582.5 1
          1583.5 1
             :
          1585.5 1
          1586.5 1
             :
          1588.5 2
          1589.5 1
          1590.5 1
             :
          1592.5 3
          1593.5 1
          1594.5 1
          1595.5 3
             :
          1597.5 3
          1598.5 1
          1599.5 2
          1600.5 1
             :
          1602.5 2
             :
          1604.5 2
             :
          1606.5 1
          1607.5 2
          1608.5 1
          1609.5 2
             :
          1611.5 2
             :
          1613.5 1
          1614.5 1
             :
          1619.5 2
          1620.5 1
             :
          1623.5 1
          1624.5 1
             :
          1628.5 1
          1629.5 2
          1630.5 1
             :
          1634.5 3
          1635.5 1
             :
          1637.5 4
          1638.5 2
             :
          1642.5 1
             :
          1644.5 3
             :
          1646.5 3
          1647.5 2
          1648.5 1
             :
          1650.5 1
          1651.5 1
          1652.5 3
          1653.5 1
             :
          1656.5 1
             :
          1658.5 1
          1659.5 1
          1660.5 1
             :
          1662.5 1
             :
          1665.5 1
          1666.5 1
          1667.5 2
             :
          1672.5 1
          1673.5 1
             :
          1675.5 2
          1676.5 2
          1677.5 1
          1678.5 2
          1679.5 1
             :
          1682.5 3
             :
          1684.5 2
             :
          1686.5 1
          1687.5 1
             :
          1689.5 1
          1690.5 1
          1691.5 2
          1692.5 1
          1693.5 1
          1694.5 2
          1695.5 1
          1696.5 2
          1697.5 1
             :
          1700.5 1
             :
          1702.5 1
          1703.5 1
          1704.5 1
          1705.5 1
          1706.5 1
          1707.5 1
          1708.5 2
          1709.5 1
             :
          1711.5 1
             :
          1715.5 1
             :
          1721.5 2
             :
          1724.5 1
          1725.5 2
             :
          1727.5 2
             :
          1731.5 2
             :
          1733.5 1
             :
          1735.5 3
          1736.5 1
             :
          1739.5 2
          1740.5 3
          1741.5 1
          1742.5 1
          1743.5 2
             :
          1745.5 2
          1746.5 1
             :
          1748.5 2
          1749.5 1
             :
          1755.5 1
          1756.5 1
             :
          1760.5 1
          1761.5 1
          1762.5 1
             :
          1766.5 1
          1767.5 1
             :
          1770.5 1
             :
          1772.5 1
          1773.5 1
             :
          1778.5 1
             :
          1781.5 1
             :
          1783.5 1
             :
          1785.5 2
          1786.5 3
             :
          1792.5 1
             :
          1794.5 1
             :
          1796.5 2
             :
          1798.5 1
          1799.5 1
             :
          1803.5 1
          1804.5 1
          1805.5 1
             :
          1809.5 1
             :
          1811.5 1
             :
          1814.5 4
             :
          1817.5 1
             :
          1820.5 2
          1821.5 1
             :
          1823.5 2
          1824.5 2
             :
          1828.5 2
          1829.5 1
             :
          1832.5 1
          1833.5 1
          1834.5 1
          1835.5 3
             :
          1837.5 1
          1838.5 3
          1839.5 1
             :
          1841.5 1
             :
          1843.5 2
             :
          1845.5 2
          1846.5 2
             :
          1849.5 1
             :
          1851.5 1
             :
          1856.5 2
             :
          1866.5 1
          1867.5 1
          1868.5 3
             :
          1870.5 1
          1871.5 1
             :
          1873.5 3
             :
          1875.5 1
          1876.5 1
          1877.5 1
             :
          1879.5 1
             :
          1881.5 2
             :
          1884.5 2
             :
          1886.5 2
             :
          1889.5 2
          1890.5 1
             :
          1893.5 1
          1894.5 1
          1895.5 1
             :
          1897.5 2
          1898.5 1
          1899.5 1
             :
          1901.5 1
          1902.5 2
             :
          1905.5 1
             :
          1907.5 1
             :
          1909.5 1
          1910.5 1
          1911.5 1
             :
          1914.5 2
             :
          1916.5 1
             :
          1920.5 1
             :
          1926.5 1
          1927.5 1
             :
          1929.5 1
          1930.5 2
          1931.5 1
             :
          1937.5 1
          1938.5 1
          1939.5 1
          1940.5 1
          1941.5 2
             :
          1943.5 1
             :
          1946.5 1
             :
          1950.5 2
             :
          1954.5 2
          1955.5 1
             :
          1957.5 1
          1958.5 1
             :
          1964.5 2
          1965.5 1
          1966.5 1
             :
          1968.5 1
          1969.5 1
             :
          1973.5 1
          1974.5 1
             :
          1976.5 1
             :
          1978.5 1
             :
          1980.5 1
             :
          1982.5 1
             :
          1988.5 1
             :
          1994.5 1
             :
          1997.5 1
             :
          2001.5 1
          2002.5 1
             :
          2005.5 1
             :
          2008.5 1
             :
          2011.5 1
             :
          2015.5 1
             :
          2018.5 1
          2019.5 2
             :
          2021.5 1
             :
          2023.5 1
          2024.5 1
          2025.5 1
             :
          2029.5 1
             :
          2034.5 1
             :
          2037.5 1
             :
          2040.5 1
          2041.5 1
             :
          2043.5 2
             :
          2046.5 1
             :
          2049.5 1
             :
          2052.5 2
          2053.5 2
             :
          2055.5 1
          2056.5 1
             :
          2060.5 1
             :
          2062.5 1
             :
          2065.5 2
             :
          2067.5 1
             :
          2069.5 2
          2070.5 1
          2071.5 1
             :
          2073.5 1
             :
          2075.5 1
          2076.5 1
             :
          2083.5 1
             :
          2086.5 1
          2087.5 2
             :
          2093.5 2
          2094.5 1
             :
          2096.5 3
          2097.5 2
          2098.5 1
             :
          2101.5 1
          2102.5 1
             :
          2105.5 1
             :
          2109.5 4
             :
          2111.5 3
             :
          2119.5 1
             :
          2123.5 1
             :
          2125.5 2
             :
          2127.5 3
          2128.5 1
          2129.5 1
          2130.5 1
             :
          2134.5 2
             :
          2136.5 1
             :
          2140.5 1
          2141.5 1
          2142.5 1
          2143.5 1
          2144.5 1
             :
          2147.5 1
             :
          2151.5 1
          2152.5 2
             :
          2154.5 1
             :
          2158.5 1
          2159.5 2
             :
          2161.5 1
          2162.5 1
          2163.5 1
          2164.5 2
          2165.5 1
             :
          2167.5 1
          2168.5 1
             :
          2171.5 1
             :
          2173.5 2
             :
          2176.5 2
             :
          2179.5 1
             :
          2184.5 1
             :
          2186.5 2
          2187.5 1
          2188.5 1
             :
          2190.5 1
             :
          2193.5 2
          2194.5 1
             :
          2196.5 2
          2197.5 2
             :
          2200.5 1
             :
          2204.5 1
             :
          2206.5 1
             :
          2208.5 2
          2209.5 1
             :
          2213.5 1
             :
          2215.5 1
          2216.5 1
             :
          2219.5 1
          2220.5 1
             :
          2222.5 1
          2223.5 2
             :
          2227.5 1
             :
          2230.5 2
          2231.5 2
             :
          2236.5 2
             :
          2238.5 1
             :
          2241.5 1
             :
          2245.5 1
          2246.5 1
          2247.5 1
             :
          2249.5 1
             :
          2251.5 1
          2252.5 2
             :
          2256.5 1
             :
          2258.5 1
             :
          2261.5 1
             :
          2263.5 1
          2264.5 1
          2265.5 1
             :
          2268.5 1
          2269.5 1
             :
          2272.5 1
          2273.5 1
             :
          2278.5 1
          2279.5 1
             :
          2282.5 1
             :
          2285.5 1
          2286.5 4
             :
          2288.5 2
          2289.5 1
             :
          2291.5 1
             :
          2293.5 3
          2294.5 3
          2295.5 1
             :
          2298.5 1
          2299.5 1
          2300.5 1
             :
          2306.5 2
             :
          2310.5 1
             :
          2312.5 1
             :
          2314.5 2
          2315.5 1
             :
          2317.5 1
             :
          2319.5 1
             :
          2322.5 2
          2323.5 1
             :
          2326.5 1
          2327.5 1
             :
          2330.5 2
             :
          2337.5 1
             :
          2343.5 2
          2344.5 1
             :
          2346.5 1
          2347.5 1
             :
          2349.5 1
             :
          2352.5 3
             :
          2356.5 1
             :
          2362.5 2
          2363.5 2
          2364.5 2
          2365.5 1
             :
          2377.5 1
          2378.5 1
             :
          2383.5 1
             :
          2386.5 2
             :
          2388.5 2
             :
          2392.5 1
             :
          2396.5 1
             :
          2399.5 1
             :
          2405.5 1
             :
          2411.5 1
          2412.5 1
             :
          2414.5 1
             :
          2420.5 1
             :
          2423.5 1
             :
          2425.5 2
             :
          2428.5 1
             :
          2433.5 1
          2434.5 2
             :
          2440.5 1
             :
          2443.5 1
          2444.5 1
          2445.5 1
             :
          2448.5 1
             :
          2453.5 2
             :
          2455.5 1
          2456.5 1
             :
          2458.5 1
             :
          2462.5 1
             :
          2469.5 1
             :
          2472.5 1
             :
          2484.5 1
          2485.5 2
             :
          2487.5 1
             :
          2501.5 1
             :
          2503.5 2
          2504.5 1
             :
          2510.5 1
             :
          2512.5 1
             :
          2526.5 1
             :
          2533.5 1
          2534.5 1
          2535.5 1
             :
          2539.5 2
             :
          2542.5 1
             :
          2553.5 1
             :
          2561.5 2
             :
          2566.5 1
          2567.5 1
             :
          2570.5 1
             :
          2584.5 1
             :
          2590.5 1
             :
          2593.5 1
             :
          2612.5 1
             :
          2614.5 1
             :
          2620.5 1
             :
          2623.5 1
             :
          2631.5 2
             :
          2636.5 1
          2637.5 1
             :
          2641.5 1
             :
          2644.5 1
             :
          2647.5 1
             :
          2649.5 1
             :
          2652.5 1
             :
          2672.5 1
             :
          2675.5 1
             :
          2679.5 1
             :
          2696.5 2
          2697.5 1
             :
          2703.5 1
             :
          2716.5 1
          2717.5 2
             :
          2720.5 1
             :
          2725.5 1
             :
          2730.5 1
             :
          2735.5 1
             :
          2740.5 2
             :
          2749.5 1
             :
          2752.5 1
             :
          2758.5 1
             :
          2763.5 1
             :
          2795.5 1
             :
          2798.5 1
             :
          2802.5 1
          2803.5 1
             :
          2812.5 1
             :
          2824.5 1
          2825.5 1
             :
          2830.5 1
             :
          2838.5 1
             :
          2840.5 1
          2841.5 1
             :
          2852.5 1
             :
          2866.5 1
             :
          2868.5 1
             :
          2871.5 1
             :
          2891.5 1
             :
          2893.5 1
             :
          2909.5 1
          2910.5 1
             :
          2925.5 1
             :
          2927.5 1
             :
          2937.5 1
             :
          2939.5 1
             :
          2942.5 1
             :
          2954.5 1
             :
          2958.5 1
             :
          2963.5 1
             :
          2966.5 1
             :
          2976.5 1
             :
          2983.5 1
          2984.5 1
             :
          2989.5 1
             :
          2991.5 1
             :
          3003.5 1
             :
          3008.5 1
             :
          3011.5 1
             :
          3021.5 1
             :
          3030.5 1
             :
          3040.5 1
             :
          3044.5 1
             :
          3049.5 2
             :
          3051.5 2
             :
          3060.5 1
             :
          3066.5 1
             :
          3076.5 2
             :
          3089.5 1
             :
          3097.5 1
             :
          3104.5 2
          3105.5 1
             :
          3113.5 1
             :
          3126.5 1
             :
          3133.5 1
          3134.5 1
          3135.5 1
             :
          3149.5 1
             :
          3176.5 1
             :
          3178.5 1
             :
          3210.5 1
          3211.5 1
             :
          3222.5 1
             :
          3225.5 1
             :
          3230.5 1
             :
          3233.5 1
             :
          3236.5 1
             :
          3248.5 1
             :
          3258.5 1
             :
          3269.5 2
             :
          3273.5 1
             :
          3279.5 3
             :
          3298.5 1
             :
          3301.5 1
             :
          3315.5 1
          3316.5 2
             :
          3325.5 1
          3326.5 1
             :
          3335.5 1
             :
          3340.5 1
             :
          3355.5 1
             :
          3359.5 1
             :
          3361.5 1
             :
          3376.5 1
             :
          3390.5 1
             :
          3396.5 1
             :
          3402.5 1
             :
          3412.5 1
          3413.5 1
             :
          3418.5 1
             :
          3431.5 1
             :
          3453.5 1
             :
          3463.5 1
             :
          3467.5 1
          3468.5 1
             :
          3481.5 1
             :
          3493.5 1
             :
          3504.5 1
             :
          3534.5 1
             :
          3547.5 1
             :
          3584.5 1
             :
          3589.5 1
             :
          3611.5 1
             :
          3630.5 1
             :
          3647.5 1
             :
          3649.5 1
             :
          3656.5 1
             :
          3662.5 1
             :
          3665.5 1
          3666.5 1
             :
          3683.5 1
             :
          3694.5 1
             :
          3711.5 1
             :
          3736.5 1
             :
          3750.5 1
             :
          3753.5 1
             :
          3767.5 1
             :
          3770.5 1
             :
          3790.5 1
             :
          3814.5 1
             :
          3816.5 1
             :
          3846.5 1
             :
          3866.5 1
             :
          3880.5 1
             :
          3883.5 1
             :
          3909.5 1
          3910.5 1
             :
          3924.5 1
             :
          3935.5 1
             :
          3941.5 1
             :
          3970.5 1
             :
          3976.5 1
             :
          4016.5 1
             :
          4029.5 1
             :
          4033.5 1
             :
          4156.5 1
          4157.5 1
             :
          4189.5 1
             :
          4226.5 1
             :
          4291.5 1
             :
          4355.5 1
             :
          4391.5 1
             :
          4413.5 1
             :
          4435.5 1
             :
          4439.5 1
             :
          4521.5 1
             :
          4597.5 1
             :
          4600.5 1
             :
          4679.5 1
             :
          4730.5 1
             :
          4795.5 1

Total: connections 14400 requests 14400 replies 14400 test-duration 599.974 s

Connection rate: 24.0 conn/s (41.7 ms/conn, <=63 concurrent connections)
Connection time [ms]: min 9.8 avg 273.8 max 4795.3 median 15.5 stddev 597.2
Connection time [ms]: connect 0.6
Connection length [replies/conn]: 1.000

Request rate: 24.0 req/s (41.7 ms/req)
Request size [B]: 67.0

Reply rate [replies/s]: min 8.0 avg 24.0 max 41.0 stddev 4.1 (599 samples)
Percentages of the replies served at a given rate:
   50%: 23
   66%: 23
   75%: 24
   80%: 24
   90%: 27
   95%: 30
   98%: 36
   99%: 38
  100%: 41

Reply time [ms]: response 258.5 transfer 14.7
Percentages of the requests served within a certain time (ms) :
   50%: 14
   66%: 25
   75%: 76
   80%: 457
   90%: 852
   95%: 1552
   98%: 2225
   99%: 2782
  100%: 4794

Reply size [B]: header 163.0 content 72.0 footer 1.0 (total 236.0)
Reply status: 1xx=0 2xx=14400 3xx=0 4xx=0 5xx=0

CPU time [s]: user 462.18 system 136.64 (user 77.0% system 22.8% total 99.8%)
Net I/O: 7.1 KB/s (0.1*10^6 bps)

Errors: total 0 client-timo 0 socket-timo 0 connrefused 0 connreset 0
Errors: fd-unavail 0 addrunavail 0 ftab-full 0 other 0

