httperf --verbose --hog --timeout=50 --client=0/1 --server=172.16.116.116 --port=8080 --uri=/ --rate=24 --send-buffer=4096 --recv-buffer=16384 --num-conns=14400 --num-calls=1
httperf: maximum number of open descriptors = 65535
Maximum connect burst length: 1

Connection lifetime histogram (time in ms):
             :
             9.5 9
            10.5 1782
            11.5 1557
            12.5 724
            13.5 487
            14.5 615
            15.5 1243
            16.5 1228
            17.5 554
            18.5 284
            19.5 182
            20.5 134
            21.5 126
            22.5 103
            23.5 91
            24.5 88
            25.5 87
            26.5 91
            27.5 75
            28.5 80
            29.5 63
            30.5 48
            31.5 55
            32.5 53
            33.5 65
            34.5 51
            35.5 62
            36.5 52
            37.5 60
            38.5 42
            39.5 47
            40.5 25
            41.5 39
            42.5 36
            43.5 40
            44.5 38
            45.5 33
            46.5 25
            47.5 33
            48.5 23
            49.5 26
            50.5 25
            51.5 32
            52.5 19
            53.5 26
            54.5 30
            55.5 18
            56.5 21
            57.5 16
            58.5 22
            59.5 19
            60.5 14
            61.5 28
            62.5 29
            63.5 21
            64.5 15
            65.5 17
            66.5 18
            67.5 14
            68.5 20
            69.5 18
            70.5 13
            71.5 11
            72.5 26
            73.5 15
            74.5 12
            75.5 24
            76.5 11
            77.5 21
            78.5 13
            79.5 17
            80.5 18
            81.5 14
            82.5 12
            83.5 20
            84.5 13
            85.5 12
            86.5 13
            87.5 13
            88.5 9
            89.5 11
            90.5 14
            91.5 16
            92.5 12
            93.5 5
            94.5 12
            95.5 12
            96.5 13
            97.5 15
            98.5 4
            99.5 7
           100.5 10
           101.5 7
           102.5 9
           103.5 9
           104.5 9
           105.5 6
           106.5 5
           107.5 7
           108.5 9
           109.5 8
           110.5 8
           111.5 6
           112.5 10
           113.5 6
           114.5 4
           115.5 9
           116.5 7
           117.5 10
           118.5 9
           119.5 3
           120.5 3
           121.5 6
           122.5 3
           123.5 5
           124.5 1
           125.5 7
           126.5 4
           127.5 6
           128.5 6
           129.5 8
           130.5 9
           131.5 2
           132.5 5
           133.5 3
           134.5 4
           135.5 2
           136.5 2
           137.5 4
           138.5 3
           139.5 3
           140.5 5
           141.5 5
           142.5 3
           143.5 4
           144.5 3
           145.5 3
           146.5 3
             :
           148.5 4
           149.5 1
           150.5 1
           151.5 4
           152.5 5
           153.5 2
           154.5 3
           155.5 2
           156.5 1
           157.5 3
             :
           160.5 2
             :
           162.5 5
           163.5 6
           164.5 1
           165.5 2
           166.5 2
           167.5 1
           168.5 1
           169.5 3
           170.5 1
           171.5 1
           172.5 2
             :
           174.5 2
           175.5 1
           176.5 2
             :
           178.5 4
             :
           181.5 3
           182.5 1
           183.5 2
             :
           186.5 1
             :
           188.5 1
             :
           190.5 1
           191.5 1
             :
           193.5 1
           194.5 1
           195.5 1
           196.5 1
             :
           198.5 1
             :
           200.5 2
           201.5 2
             :
           203.5 1
           204.5 1
           205.5 1
           206.5 2
           207.5 1
             :
           210.5 3
           211.5 2
             :
           213.5 1
           214.5 1
             :
           216.5 4
           217.5 2
           218.5 2
           219.5 2
             :
           221.5 1
           222.5 1
           223.5 1
             :
           231.5 1
           232.5 1
             :
           235.5 1
             :
           239.5 1
             :
           241.5 1
           242.5 2
           243.5 1
             :
           247.5 1
             :
           252.5 1
             :
           256.5 1
           257.5 1
           258.5 2
           259.5 1
           260.5 2
             :
           262.5 2
           263.5 1
           264.5 2
             :
           267.5 1
           268.5 1
           269.5 1
             :
           272.5 2
             :
           274.5 1
           275.5 1
             :
           277.5 1
           278.5 1
           279.5 1
           280.5 1
           281.5 1
             :
           283.5 1
             :
           285.5 1
             :
           288.5 1
           289.5 1
             :
           295.5 1
           296.5 1
             :
           303.5 2
             :
           305.5 1
             :
           307.5 3
             :
           310.5 1
             :
           312.5 1
             :
           315.5 2
           316.5 2
             :
           318.5 1
             :
           321.5 1
           322.5 1
           323.5 1
           324.5 2
           325.5 1
             :
           328.5 1
           329.5 4
           330.5 1
           331.5 1
           332.5 1
           333.5 1
             :
           335.5 3
             :
           337.5 1
             :
           340.5 1
           341.5 1
             :
           343.5 1
             :
           346.5 1
             :
           350.5 2
             :
           353.5 2
           354.5 2
           355.5 1
             :
           358.5 1
           359.5 1
             :
           363.5 1
             :
           365.5 1
             :
           367.5 2
           368.5 2
             :
           371.5 1
           372.5 1
           373.5 2
             :
           375.5 4
             :
           377.5 1
             :
           379.5 1
           380.5 1
           381.5 1
           382.5 1
             :
           388.5 1
             :
           394.5 2
           395.5 1
           396.5 2
             :
           398.5 1
             :
           400.5 1
             :
           403.5 1
           404.5 1
             :
           408.5 1
           409.5 1
             :
           411.5 1
           412.5 1
             :
           417.5 3
             :
           420.5 1
             :
           425.5 2
           426.5 3
             :
           429.5 2
             :
           431.5 1
           432.5 1
           433.5 1
           434.5 1
             :
           436.5 3
             :
           440.5 2
           441.5 1
           442.5 1
           443.5 3
           444.5 1
             :
           446.5 1
           447.5 2
           448.5 2
             :
           451.5 2
             :
           453.5 2
           454.5 5
           455.5 2
             :
           457.5 1
           458.5 2
           459.5 1
           460.5 1
           461.5 1
             :
           463.5 2
             :
           465.5 1
             :
           467.5 1
           468.5 3
           469.5 1
             :
           472.5 1
             :
           474.5 1
           475.5 1
           476.5 1
           477.5 1
           478.5 2
           479.5 3
             :
           481.5 1
             :
           484.5 1
             :
           486.5 2
           487.5 1
             :
           489.5 2
           490.5 3
             :
           492.5 2
           493.5 1
             :
           496.5 1
           497.5 1
           498.5 2
           499.5 1
           500.5 1
           501.5 3
           502.5 1
           503.5 5
           504.5 2
           505.5 1
           506.5 2
           507.5 1
           508.5 2
             :
           510.5 1
           511.5 2
             :
           514.5 3
           515.5 3
           516.5 2
           517.5 1
           518.5 1
             :
           521.5 3
             :
           523.5 2
           524.5 4
           525.5 1
           526.5 1
           527.5 1
           528.5 1
           529.5 1
             :
           531.5 3
           532.5 2
           533.5 1
           534.5 4
           535.5 1
           536.5 1
           537.5 2
           538.5 2
           539.5 1
           540.5 3
           541.5 1
             :
           543.5 1
           544.5 2
           545.5 4
           546.5 4
           547.5 2
             :
           549.5 2
           550.5 2
           551.5 2
           552.5 1
           553.5 2
           554.5 2
           555.5 2
           556.5 1
           557.5 2
           558.5 4
           559.5 1
           560.5 4
           561.5 3
           562.5 3
           563.5 3
           564.5 2
           565.5 3
           566.5 1
           567.5 5
           568.5 4
           569.5 3
           570.5 3
           571.5 2
           572.5 3
           573.5 1
           574.5 2
           575.5 2
           576.5 2
             :
           579.5 1
           580.5 4
             :
           583.5 2
             :
           585.5 2
           586.5 2
           587.5 4
           588.5 6
           589.5 1
           590.5 2
           591.5 1
           592.5 4
           593.5 1
             :
           595.5 5
           596.5 3
           597.5 1
           598.5 5
           599.5 3
           600.5 2
           601.5 2
           602.5 3
           603.5 2
           604.5 5
           605.5 3
           606.5 1
           607.5 2
           608.5 2
             :
           610.5 4
           611.5 5
           612.5 3
           613.5 4
           614.5 2
           615.5 2
           616.5 1
           617.5 1
           618.5 9
           619.5 1
           620.5 1
             :
           622.5 5
           623.5 3
           624.5 4
           625.5 1
           626.5 4
           627.5 2
           628.5 4
           629.5 4
             :
           631.5 1
           632.5 3
           633.5 1
           634.5 5
           635.5 2
           636.5 1
             :
           638.5 5
           639.5 2
           640.5 3
           641.5 5
           642.5 6
             :
           644.5 2
           645.5 7
           646.5 9
           647.5 4
           648.5 4
           649.5 1
           650.5 5
           651.5 7
           652.5 3
           653.5 3
           654.5 8
           655.5 2
           656.5 6
             :
           658.5 2
           659.5 1
           660.5 4
           661.5 1
           662.5 3
           663.5 8
             :
           667.5 8
           668.5 4
           669.5 3
           670.5 3
           671.5 4
           672.5 6
           673.5 3
           674.5 2
           675.5 2
           676.5 5
           677.5 2
           678.5 2
           679.5 4
           680.5 1
           681.5 6
           682.5 5
           683.5 3
           684.5 3
           685.5 4
           686.5 3
           687.5 7
           688.5 2
           689.5 6
           690.5 1
           691.5 6
           692.5 3
           693.5 6
           694.5 4
           695.5 1
           696.5 3
           697.5 4
           698.5 3
           699.5 4
           700.5 3
           701.5 2
           702.5 4
           703.5 5
           704.5 3
           705.5 4
           706.5 2
           707.5 2
           708.5 4
           709.5 4
           710.5 1
           711.5 4
           712.5 2
           713.5 6
           714.5 3
           715.5 2
           716.5 4
           717.5 4
           718.5 3
           719.5 8
           720.5 4
           721.5 3
           722.5 1
           723.5 4
           724.5 2
           725.5 3
           726.5 4
           727.5 1
           728.5 5
           729.5 1
           730.5 4
           731.5 4
           732.5 5
           733.5 5
           734.5 6
           735.5 5
           736.5 2
           737.5 1
             :
           739.5 2
           740.5 2
           741.5 1
           742.5 3
           743.5 4
           744.5 6
           745.5 1
           746.5 5
           747.5 5
           748.5 4
           749.5 4
           750.5 3
           751.5 1
           752.5 3
           753.5 2
           754.5 3
           755.5 1
           756.5 1
           757.5 5
           758.5 3
           759.5 2
           760.5 5
           761.5 3
           762.5 4
           763.5 3
           764.5 5
           765.5 4
           766.5 3
           767.5 2
           768.5 1
           769.5 3
           770.5 5
           771.5 1
           772.5 3
           773.5 2
           774.5 4
           775.5 1
           776.5 2
           777.5 5
           778.5 4
           779.5 5
           780.5 3
           781.5 1
           782.5 3
           783.5 5
           784.5 4
           785.5 3
           786.5 6
           787.5 2
           788.5 2
           789.5 2
           790.5 1
           791.5 3
             :
           793.5 1
           794.5 2
           795.5 2
           796.5 2
           797.5 6
           798.5 6
           799.5 2
           800.5 5
           801.5 5
           802.5 7
           803.5 4
           804.5 1
           805.5 2
           806.5 2
           807.5 1
           808.5 2
           809.5 1
           810.5 1
           811.5 3
             :
           813.5 3
           814.5 4
           815.5 2
           816.5 5
           817.5 5
           818.5 4
           819.5 3
           820.5 1
           821.5 2
           822.5 5
           823.5 3
             :
           825.5 4
           826.5 2
           827.5 2
           828.5 3
           829.5 3
           830.5 5
           831.5 3
           832.5 4
           833.5 3
           834.5 2
           835.5 2
           836.5 2
             :
           838.5 3
           839.5 2
           840.5 2
           841.5 4
           842.5 4
           843.5 3
           844.5 2
           845.5 2
           846.5 2
           847.5 5
           848.5 5
           849.5 3
           850.5 3
           851.5 2
           852.5 1
           853.5 7
           854.5 1
           855.5 3
           856.5 3
             :
           858.5 3
             :
           861.5 5
           862.5 3
           863.5 3
           864.5 1
           865.5 4
           866.5 2
           867.5 2
             :
           869.5 6
           870.5 2
           871.5 4
           872.5 1
           873.5 3
           874.5 3
           875.5 4
           876.5 2
             :
           878.5 1
           879.5 1
           880.5 3
           881.5 1
           882.5 1
           883.5 3
           884.5 4
           885.5 1
             :
           887.5 1
           888.5 2
           889.5 2
           890.5 5
           891.5 2
           892.5 5
           893.5 4
           894.5 3
           895.5 4
           896.5 2
           897.5 3
           898.5 3
           899.5 4
           900.5 1
           901.5 4
             :
           903.5 1
           904.5 1
           905.5 2
           906.5 1
           907.5 2
           908.5 5
           909.5 1
           910.5 4
             :
           912.5 1
           913.5 4
           914.5 2
           915.5 4
           916.5 2
           917.5 2
           918.5 1
             :
           920.5 3
           921.5 3
           922.5 2
           923.5 4
           924.5 3
           925.5 1
           926.5 2
             :
           928.5 1
           929.5 4
           930.5 1
           931.5 1
           932.5 1
           933.5 1
           934.5 5
           935.5 1
           936.5 2
           937.5 2
           938.5 3
           939.5 1
           940.5 3
           941.5 3
           942.5 1
           943.5 3
           944.5 1
           945.5 4
           946.5 1
           947.5 1
           948.5 1
           949.5 4
           950.5 2
           951.5 3
             :
           953.5 2
           954.5 1
             :
           956.5 2
           957.5 1
           958.5 1
           959.5 4
           960.5 5
           961.5 2
           962.5 2
           963.5 4
             :
           965.5 2
           966.5 1
           967.5 3
           968.5 1
           969.5 4
           970.5 5
             :
           972.5 1
             :
           974.5 2
           975.5 1
           976.5 2
           977.5 4
           978.5 1
           979.5 6
           980.5 1
           981.5 2
           982.5 1
           983.5 3
           984.5 2
           985.5 2
             :
           987.5 2
           988.5 2
           989.5 1
           990.5 2
           991.5 1
           992.5 1
           993.5 3
           994.5 2
           995.5 1
             :
           997.5 4
           998.5 3
           999.5 5
          1000.5 2
             :
          1002.5 3
          1003.5 2
          1004.5 2
          1005.5 1
             :
          1007.5 1
          1008.5 1
             :
          1010.5 1
          1011.5 1
             :
          1014.5 2
          1015.5 2
             :
          1018.5 1
          1019.5 1
          1020.5 1
          1021.5 3
          1022.5 1
          1023.5 2
             :
          1025.5 2
             :
          1027.5 1
          1028.5 3
          1029.5 1
          1030.5 2
          1031.5 2
          1032.5 1
          1033.5 2
          1034.5 1
          1035.5 3
          1036.5 1
             :
          1038.5 1
          1039.5 6
          1040.5 1
             :
          1042.5 1
          1043.5 1
          1044.5 3
          1045.5 2
             :
          1047.5 2
          1048.5 3
          1049.5 1
          1050.5 1
          1051.5 2
             :
          1053.5 1
             :
          1056.5 1
          1057.5 1
          1058.5 2
             :
          1060.5 2
          1061.5 2
          1062.5 1
          1063.5 2
             :
          1065.5 2
             :
          1067.5 2
             :
          1070.5 1
          1071.5 2
          1072.5 1
          1073.5 2
          1074.5 2
             :
          1076.5 2
          1077.5 2
          1078.5 1
             :
          1080.5 3
             :
          1082.5 1
          1083.5 1
          1084.5 2
          1085.5 2
          1086.5 1
          1087.5 1
          1088.5 2
          1089.5 3
             :
          1091.5 1
          1092.5 2
             :
          1094.5 1
          1095.5 1
             :
          1097.5 1
          1098.5 1
          1099.5 1
          1100.5 2
          1101.5 1
             :
          1103.5 2
             :
          1105.5 1
             :
          1108.5 1
             :
          1110.5 1
             :
          1113.5 1
             :
          1115.5 3
             :
          1118.5 1
          1119.5 3
          1120.5 1
          1121.5 1
             :
          1123.5 1
          1124.5 2
          1125.5 2
             :
          1127.5 2
          1128.5 1
          1129.5 2
             :
          1131.5 1
          1132.5 1
             :
          1134.5 1
             :
          1136.5 3
          1137.5 3
          1138.5 2
          1139.5 1
             :
          1141.5 2
          1142.5 1
          1143.5 1
          1144.5 2
          1145.5 3
             :
          1147.5 1
             :
          1149.5 2
          1150.5 1
          1151.5 1
          1152.5 2
          1153.5 1
             :
          1155.5 2
          1156.5 2
             :
          1159.5 2
             :
          1161.5 1
             :
          1163.5 1
             :
          1166.5 3
             :
          1171.5 1
          1172.5 1
             :
          1176.5 1
             :
          1178.5 1
             :
          1180.5 1
          1181.5 2
          1182.5 1
          1183.5 2
          1184.5 1
             :
          1187.5 1
          1188.5 1
             :
          1190.5 2
             :
          1192.5 3
             :
          1196.5 1
          1197.5 3
             :
          1199.5 1
          1200.5 2
             :
          1203.5 2
          1204.5 1
          1205.5 1
             :
          1212.5 1
          1213.5 1
             :
          1215.5 1
             :
          1217.5 1
          1218.5 1
             :
          1221.5 2
          1222.5 2
          1223.5 1
             :
          1225.5 1
          1226.5 3
             :
          1229.5 1
             :
          1231.5 1
             :
          1236.5 1
             :
          1239.5 3
             :
          1241.5 1
             :
          1244.5 1
             :
          1248.5 1
             :
          1251.5 1
             :
          1254.5 3
             :
          1257.5 1
          1258.5 3
          1259.5 1
             :
          1261.5 2
          1262.5 1
             :
          1265.5 1
             :
          1267.5 1
             :
          1269.5 2
             :
          1271.5 3
             :
          1273.5 1
          1274.5 1
             :
          1279.5 1
          1280.5 2
             :
          1283.5 1
          1284.5 3
             :
          1287.5 1
          1288.5 1
             :
          1290.5 1
             :
          1295.5 1
             :
          1297.5 1
             :
          1299.5 1
             :
          1303.5 1
          1304.5 1
             :
          1306.5 1
          1307.5 1
             :
          1309.5 1
             :
          1313.5 1
             :
          1316.5 3
          1317.5 2
          1318.5 2
             :
          1321.5 1
          1322.5 1
             :
          1325.5 1
          1326.5 1
             :
          1328.5 1
             :
          1330.5 2
             :
          1334.5 3
          1335.5 1
             :
          1341.5 2
          1342.5 1
          1343.5 1
             :
          1345.5 3
             :
          1348.5 3
          1349.5 2
             :
          1353.5 1
             :
          1356.5 1
             :
          1358.5 4
             :
          1361.5 1
          1362.5 1
             :
          1364.5 1
             :
          1367.5 1
             :
          1369.5 1
             :
          1371.5 1
          1372.5 2
          1373.5 2
          1374.5 1
          1375.5 2
          1376.5 2
             :
          1380.5 2
          1381.5 1
          1382.5 1
          1383.5 1
             :
          1385.5 1
             :
          1387.5 1
             :
          1393.5 1
             :
          1397.5 1
             :
          1399.5 1
             :
          1404.5 2
          1405.5 2
          1406.5 2
          1407.5 2
             :
          1413.5 2
          1414.5 1
             :
          1418.5 1
             :
          1420.5 1
             :
          1422.5 1
             :
          1426.5 1
             :
          1428.5 2
             :
          1430.5 1
             :
          1432.5 2
          1433.5 1
             :
          1435.5 1
             :
          1437.5 2
             :
          1441.5 3
          1442.5 2
             :
          1444.5 1
          1445.5 3
             :
          1448.5 2
             :
          1451.5 2
          1452.5 2
             :
          1455.5 1
             :
          1457.5 2
             :
          1459.5 1
          1460.5 1
          1461.5 1
          1462.5 4
          1463.5 1
          1464.5 1
             :
          1466.5 1
          1467.5 1
             :
          1470.5 1
             :
          1473.5 1
          1474.5 4
             :
          1476.5 1
          1477.5 2
          1478.5 3
             :
          1480.5 1
          1481.5 2
             :
          1483.5 1
             :
          1485.5 1
             :
          1487.5 1
          1488.5 1
             :
          1491.5 1
          1492.5 1
             :
          1498.5 2
          1499.5 1
          1500.5 1
             :
          1502.5 1
             :
          1504.5 1
          1505.5 1
             :
          1507.5 1
          1508.5 1
          1509.5 1
             :
          1511.5 1
          1512.5 1
          1513.5 1
             :
          1516.5 2
          1517.5 1
          1518.5 1
             :
          1520.5 1
             :
          1522.5 1
             :
          1524.5 1
          1525.5 1
             :
          1527.5 1
             :
          1529.5 2
          1530.5 1
             :
          1533.5 1
          1534.5 5
          1535.5 1
          1536.5 1
             :
          1538.5 1
             :
          1541.5 1
             :
          1543.5 1
          1544.5 1
             :
          1547.5 4
          1548.5 2
          1549.5 2
             :
          1554.5 2
          1555.5 1
          1556.5 2
          1557.5 1
          1558.5 1
          1559.5 2
          1560.5 1
             :
          1562.5 2
          1563.5 1
          1564.5 1
          1565.5 1
             :
          1570.5 2
          1571.5 1
             :
          1573.5 1
          1574.5 1
          1575.5 2
             :
          1577.5 2
             :
          1580.5 1
          1581.5 1
          1582.5 1
             :
          1584.5 1
             :
          1587.5 1
             :
          1589.5 1
             :
          1593.5 1
          1594.5 1
             :
          1600.5 2
          1601.5 1
          1602.5 2
             :
          1605.5 1
          1606.5 1
          1607.5 1
          1608.5 2
          1609.5 1
          1610.5 1
             :
          1613.5 2
          1614.5 1
          1615.5 1
          1616.5 2
             :
          1618.5 2
          1619.5 2
          1620.5 2
          1621.5 2
          1622.5 3
             :
          1624.5 2
             :
          1629.5 1
             :
          1633.5 1
          1634.5 2
             :
          1638.5 1
          1639.5 1
             :
          1643.5 1
          1644.5 1
          1645.5 2
          1646.5 2
          1647.5 1
             :
          1649.5 2
          1650.5 1
          1651.5 2
             :
          1654.5 1
          1655.5 1
          1656.5 1
             :
          1658.5 1
          1659.5 1
          1660.5 2
             :
          1667.5 2
          1668.5 1
          1669.5 1
          1670.5 1
          1671.5 1
          1672.5 1
             :
          1674.5 2
          1675.5 1
             :
          1678.5 1
             :
          1680.5 1
          1681.5 1
             :
          1685.5 1
          1686.5 2
          1687.5 1
          1688.5 1
             :
          1691.5 2
             :
          1695.5 2
             :
          1699.5 2
          1700.5 1
          1701.5 1
          1702.5 1
          1703.5 1
          1704.5 1
             :
          1706.5 1
          1707.5 1
             :
          1710.5 1
          1711.5 2
             :
          1714.5 1
             :
          1716.5 2
          1717.5 2
             :
          1719.5 2
          1720.5 1
             :
          1722.5 1
             :
          1724.5 3
          1725.5 1
          1726.5 2
             :
          1730.5 1
          1731.5 2
             :
          1735.5 1
             :
          1738.5 1
          1739.5 2
          1740.5 3
          1741.5 1
             :
          1746.5 3
             :
          1748.5 1
          1749.5 1
          1750.5 1
             :
          1755.5 1
             :
          1758.5 2
             :
          1762.5 1
          1763.5 1
          1764.5 2
          1765.5 1
          1766.5 2
          1767.5 1
          1768.5 1
          1769.5 1
          1770.5 1
             :
          1775.5 2
             :
          1778.5 2
          1779.5 1
          1780.5 1
             :
          1784.5 1
             :
          1788.5 1
          1789.5 1
             :
          1791.5 1
          1792.5 1
             :
          1795.5 1
             :
          1798.5 1
          1799.5 1
          1800.5 1
             :
          1803.5 2
             :
          1806.5 1
          1807.5 1
          1808.5 1
             :
          1813.5 1
             :
          1817.5 1
          1818.5 1
          1819.5 1
          1820.5 1
          1821.5 1
             :
          1823.5 1
          1824.5 1
             :
          1827.5 1
             :
          1829.5 1
          1830.5 1
          1831.5 1
          1832.5 3
          1833.5 1
          1834.5 2
          1835.5 2
             :
          1839.5 1
             :
          1843.5 1
             :
          1845.5 4
             :
          1848.5 1
             :
          1850.5 1
          1851.5 1
             :
          1854.5 1
             :
          1856.5 1
             :
          1858.5 1
             :
          1861.5 1
          1862.5 2
             :
          1865.5 2
          1866.5 1
             :
          1870.5 1
             :
          1872.5 2
          1873.5 2
             :
          1884.5 2
             :
          1887.5 1
             :
          1891.5 1
          1892.5 2
             :
          1896.5 1
             :
          1899.5 1
             :
          1902.5 1
             :
          1904.5 2
          1905.5 2
             :
          1909.5 2
          1910.5 1
             :
          1915.5 1
             :
          1917.5 2
             :
          1920.5 2
          1921.5 1
             :
          1925.5 1
          1926.5 3
          1927.5 1
          1928.5 2
          1929.5 1
             :
          1931.5 1
          1932.5 1
             :
          1935.5 1
             :
          1937.5 2
             :
          1939.5 1
             :
          1942.5 1
          1943.5 1
          1944.5 1
          1945.5 1
          1946.5 2
          1947.5 2
             :
          1949.5 1
             :
          1959.5 2
          1960.5 1
          1961.5 1
          1962.5 2
          1963.5 1
          1964.5 1
          1965.5 1
          1966.5 1
             :
          1968.5 1
          1969.5 1
          1970.5 1
             :
          1979.5 1
             :
          1982.5 2
          1983.5 1
             :
          1987.5 1
             :
          1991.5 2
          1992.5 2
             :
          1995.5 1
          1996.5 1
          1997.5 1
          1998.5 1
             :
          2000.5 1
             :
          2002.5 1
             :
          2005.5 3
          2006.5 1
             :
          2008.5 1
          2009.5 1
             :
          2011.5 2
          2012.5 1
             :
          2014.5 1
          2015.5 1
             :
          2017.5 1
          2018.5 1
             :
          2022.5 1
             :
          2024.5 1
          2025.5 2
             :
          2027.5 1
             :
          2029.5 2
             :
          2033.5 1
             :
          2035.5 1
          2036.5 2
          2037.5 3
          2038.5 1
             :
          2040.5 3
             :
          2044.5 2
             :
          2047.5 1
          2048.5 2
          2049.5 1
             :
          2053.5 1
             :
          2060.5 2
          2061.5 2
          2062.5 1
          2063.5 2
             :
          2066.5 3
             :
          2070.5 2
             :
          2073.5 2
             :
          2075.5 2
          2076.5 1
             :
          2078.5 2
             :
          2080.5 1
             :
          2084.5 1
             :
          2086.5 1
             :
          2090.5 1
          2091.5 2
             :
          2093.5 1
          2094.5 1
             :
          2099.5 1
          2100.5 2
          2101.5 1
             :
          2104.5 1
          2105.5 1
             :
          2107.5 1
             :
          2110.5 1
             :
          2112.5 2
          2113.5 2
          2114.5 1
          2115.5 1
          2116.5 1
             :
          2119.5 1
          2120.5 1
          2121.5 1
          2122.5 1
             :
          2124.5 1
          2125.5 1
          2126.5 1
             :
          2130.5 2
             :
          2137.5 1
             :
          2143.5 1
             :
          2146.5 1
          2147.5 1
             :
          2149.5 1
          2150.5 1
          2151.5 1
          2152.5 1
             :
          2159.5 1
          2160.5 2
          2161.5 2
             :
          2163.5 1
          2164.5 1
             :
          2173.5 2
          2174.5 1
             :
          2176.5 1
             :
          2183.5 1
             :
          2185.5 2
          2186.5 1
          2187.5 1
          2188.5 1
             :
          2191.5 1
          2192.5 1
          2193.5 2
          2194.5 2
             :
          2196.5 2
             :
          2198.5 1
             :
          2200.5 1
             :
          2203.5 1
             :
          2207.5 1
          2208.5 1
             :
          2211.5 2
             :
          2214.5 1
          2215.5 1
          2216.5 1
             :
          2220.5 1
          2221.5 2
          2222.5 1
          2223.5 2
          2224.5 2
             :
          2228.5 1
          2229.5 1
             :
          2231.5 1
          2232.5 1
          2233.5 1
             :
          2237.5 2
             :
          2240.5 1
          2241.5 1
             :
          2243.5 1
             :
          2245.5 1
          2246.5 1
          2247.5 1
             :
          2254.5 1
             :
          2257.5 2
          2258.5 1
          2259.5 1
          2260.5 1
          2261.5 1
             :
          2265.5 2
             :
          2267.5 1
             :
          2269.5 1
             :
          2272.5 1
             :
          2276.5 1
             :
          2281.5 1
             :
          2283.5 1
          2284.5 1
          2285.5 1
             :
          2287.5 1
          2288.5 2
             :
          2291.5 1
          2292.5 1
             :
          2295.5 1
          2296.5 1
             :
          2298.5 1
             :
          2300.5 1
             :
          2309.5 1
          2310.5 1
          2311.5 1
          2312.5 2
             :
          2316.5 1
             :
          2321.5 2
          2322.5 1
          2323.5 1
             :
          2327.5 1
             :
          2330.5 1
             :
          2332.5 1
             :
          2335.5 1
             :
          2340.5 1
          2341.5 1
          2342.5 3
             :
          2344.5 1
             :
          2352.5 2
             :
          2361.5 1
          2362.5 1
          2363.5 1
             :
          2365.5 1
             :
          2369.5 1
             :
          2375.5 1
             :
          2379.5 1
             :
          2382.5 1
             :
          2386.5 2
          2387.5 1
             :
          2390.5 1
             :
          2397.5 2
             :
          2400.5 1
             :
          2405.5 1
          2406.5 1
             :
          2408.5 1
             :
          2413.5 1
             :
          2416.5 1
             :
          2422.5 1
          2423.5 1
          2424.5 1
             :
          2427.5 2
             :
          2429.5 1
             :
          2433.5 1
             :
          2435.5 1
             :
          2437.5 1
             :
          2439.5 1
             :
          2441.5 2
          2442.5 1
             :
          2446.5 1
             :
          2453.5 1
          2454.5 3
          2455.5 1
             :
          2462.5 1
          2463.5 1
             :
          2467.5 2
          2468.5 3
          2469.5 1
             :
          2472.5 2
             :
          2474.5 1
             :
          2480.5 3
             :
          2484.5 1
             :
          2490.5 1
             :
          2497.5 1
          2498.5 1
             :
          2519.5 1
             :
          2527.5 1
          2528.5 2
          2529.5 1
          2530.5 1
          2531.5 1
          2532.5 1
          2533.5 2
             :
          2536.5 2
          2537.5 1
          2538.5 1
             :
          2547.5 2
             :
          2549.5 1
          2550.5 1
          2551.5 1
          2552.5 1
          2553.5 1
             :
          2572.5 1
             :
          2579.5 1
             :
          2583.5 1
             :
          2586.5 1
             :
          2592.5 1
             :
          2597.5 1
             :
          2604.5 1
          2605.5 1
             :
          2607.5 1
             :
          2614.5 1
             :
          2621.5 1
             :
          2625.5 1
             :
          2630.5 1
          2631.5 1
             :
          2641.5 1
             :
          2650.5 1
             :
          2675.5 1
             :
          2678.5 1
             :
          2686.5 2
          2687.5 1
          2688.5 1
          2689.5 1
             :
          2693.5 1
          2694.5 1
             :
          2698.5 2
             :
          2700.5 1
             :
          2705.5 1
             :
          2707.5 1
             :
          2717.5 1
             :
          2722.5 1
             :
          2726.5 1
             :
          2728.5 1
             :
          2732.5 1
             :
          2736.5 1
             :
          2739.5 1
             :
          2750.5 1
          2751.5 1
             :
          2754.5 1
             :
          2756.5 1
             :
          2759.5 1
             :
          2763.5 1
             :
          2770.5 2
             :
          2787.5 1
             :
          2793.5 1
          2794.5 1
             :
          2796.5 1
             :
          2807.5 1
             :
          2816.5 1
             :
          2834.5 1
          2835.5 1
             :
          2839.5 1
             :
          2848.5 1
             :
          2861.5 1
             :
          2866.5 1
             :
          2891.5 1
             :
          2906.5 1
             :
          2912.5 1
             :
          2916.5 1
             :
          2924.5 1
             :
          2929.5 1
             :
          2937.5 1
             :
          2942.5 2
             :
          2944.5 1
          2945.5 1
             :
          2962.5 1
             :
          2983.5 1
             :
          2994.5 1
             :
          3001.5 1
          3002.5 1
             :
          3008.5 1
             :
          3010.5 1
             :
          3023.5 1
             :
          3027.5 1
             :
          3037.5 1
          3038.5 1
             :
          3046.5 1
             :
          3050.5 1
             :
          3058.5 1
             :
          3065.5 1
             :
          3081.5 1
          3082.5 1
             :
          3103.5 1
             :
          3107.5 1
             :
          3126.5 1
             :
          3136.5 1
          3137.5 1
             :
          3150.5 2
          3151.5 1
             :
          3166.5 1
          3167.5 1
             :
          3169.5 1
             :
          3182.5 1
             :
          3195.5 1
             :
          3199.5 1
             :
          3214.5 1
             :
          3217.5 1
          3218.5 1
             :
          3231.5 1
             :
          3241.5 1
             :
          3246.5 1
             :
          3257.5 1
             :
          3259.5 2
             :
          3262.5 1
             :
          3265.5 1
             :
          3270.5 1
             :
          3272.5 1
             :
          3274.5 1
             :
          3278.5 1
             :
          3280.5 1
             :
          3290.5 1
          3291.5 1
             :
          3298.5 1
             :
          3306.5 1
             :
          3315.5 1
             :
          3322.5 1
             :
          3336.5 1
             :
          3351.5 1
             :
          3355.5 1
             :
          3357.5 1
             :
          3365.5 1
             :
          3376.5 2
             :
          3378.5 1
          3379.5 1
             :
          3385.5 1
             :
          3395.5 1
             :
          3401.5 1
             :
          3420.5 2
             :
          3422.5 1
             :
          3436.5 1
             :
          3448.5 1
             :
          3458.5 1
             :
          3482.5 1
             :
          3499.5 1
             :
          3514.5 2
             :
          3538.5 1
             :
          3564.5 1
             :
          3567.5 1
             :
          3574.5 1
             :
          3582.5 1
             :
          3587.5 1
             :
          3594.5 1
             :
          3602.5 1
          3603.5 1
             :
          3609.5 1
             :
          3634.5 1
             :
          3637.5 1
             :
          3641.5 1
             :
          3652.5 1
             :
          3672.5 1
             :
          3700.5 1
             :
          3706.5 1
             :
          3714.5 1
             :
          3722.5 1
             :
          3731.5 1
             :
          3734.5 1
             :
          3748.5 1
             :
          3764.5 1
             :
          3768.5 1
             :
          3770.5 1
             :
          3787.5 1
             :
          3792.5 1
             :
          3822.5 1
             :
          3843.5 1
             :
          3854.5 1
             :
          3856.5 1
             :
          3869.5 1
             :
          3886.5 1
             :
          3897.5 1
             :
          3903.5 1
             :
          3908.5 1
             :
          3920.5 1
             :
          3929.5 1
             :
          3945.5 1
             :
          3952.5 1
             :
          3962.5 1
             :
          3975.5 1
             :
          3996.5 1
             :
          4032.5 1
             :
          4048.5 1
             :
          4085.5 1
             :
          4111.5 1
             :
          4165.5 1
             :
          4175.5 1
             :
          4185.5 1
             :
          4257.5 1
             :
          4275.5 1
             :
          4290.5 1
             :
          4329.5 1
             :
          4549.5 1
             :
          4572.5 1
             :
          4587.5 1
             :
          4605.5 1
             :
          4636.5 1
             :
          4648.5 1
             :
          4771.5 1
             :
          4830.5 1

Total: connections 14400 requests 14400 replies 14400 test-duration 599.987 s

Connection rate: 24.0 conn/s (41.7 ms/conn, <=66 concurrent connections)
Connection time [ms]: min 9.9 avg 259.9 max 4830.5 median 16.5 stddev 600.5
Connection time [ms]: connect 0.6
Connection length [replies/conn]: 1.000

Request rate: 24.0 req/s (41.7 ms/req)
Request size [B]: 67.0

Reply rate [replies/s]: min 7.0 avg 24.0 max 45.0 stddev 4.3 (599 samples)
Percentages of the replies served at a given rate:
   50%: 23
   66%: 23
   75%: 24
   80%: 24
   90%: 26
   95%: 30
   98%: 37
   99%: 40
  100%: 45

Reply time [ms]: response 246.8 transfer 12.4
Percentages of the requests served within a certain time (ms) :
   50%: 15
   66%: 25
   75%: 60
   80%: 128
   90%: 847
   95%: 1585
   98%: 2275
   99%: 2806
  100%: 4769

Reply size [B]: header 163.0 content 72.0 footer 1.0 (total 236.0)
Reply status: 1xx=0 2xx=14400 3xx=0 4xx=0 5xx=0

CPU time [s]: user 463.70 system 135.10 (user 77.3% system 22.5% total 99.8%)
Net I/O: 7.1 KB/s (0.1*10^6 bps)

Errors: total 0 client-timo 0 socket-timo 0 connrefused 0 connreset 0
Errors: fd-unavail 0 addrunavail 0 ftab-full 0 other 0

