httperf --verbose --hog --timeout=50 --client=0/1 --server=172.16.116.116 --port=8080 --uri=/ --rate=16 --send-buffer=4096 --recv-buffer=16384 --num-conns=2880 --num-calls=1
httperf: maximum number of open descriptors = 65535
Maximum connect burst length: 1

Connection lifetime histogram (time in ms):
             :
            10.5 190
            11.5 670
            12.5 360
            13.5 212
            14.5 180
            15.5 282
            16.5 345
            17.5 214
            18.5 122
            19.5 57
            20.5 42
            21.5 32
            22.5 8
            23.5 9
            24.5 5
            25.5 3
            26.5 1
             :
            28.5 2
             :
            30.5 3
             :
            38.5 1
            39.5 1
             :
            41.5 2
            42.5 1
             :
            58.5 1
             :
            78.5 1
             :
            80.5 1
             :
            87.5 2
            88.5 1
             :
            91.5 1
             :
           101.5 1
             :
           103.5 1
             :
           105.5 1
           106.5 2
             :
           109.5 1
             :
           113.5 1
             :
           118.5 1
           119.5 1
           120.5 1
           121.5 1
             :
           126.5 1
             :
           133.5 1
             :
           136.5 1
             :
           142.5 1
           143.5 1
             :
           152.5 2
             :
           155.5 1
           156.5 1
             :
           158.5 1
             :
           160.5 2
             :
           163.5 1
             :
           165.5 1
             :
           169.5 2
           170.5 1
           171.5 2
             :
           173.5 1
             :
           177.5 1
           178.5 1
           179.5 1
           180.5 1
           181.5 1
             :
           183.5 1
             :
           186.5 1
           187.5 1
           188.5 2
           189.5 1
           190.5 3
           191.5 1
             :
           194.5 1
             :
           196.5 3
             :
           198.5 1
             :
           205.5 1
             :
           209.5 1
           210.5 1
             :
           216.5 1
           217.5 1
             :
           219.5 2
           220.5 1
           221.5 1
           222.5 2
           223.5 1
           224.5 1
             :
           226.5 1
             :
           228.5 1
             :
           231.5 2
             :
           234.5 1
             :
           236.5 1
           237.5 2
           238.5 1
           239.5 1
             :
           242.5 2
           243.5 1
             :
           245.5 1
           246.5 2
             :
           248.5 2
             :
           251.5 2
           252.5 2
           253.5 2
             :
           255.5 2
             :
           258.5 2
           259.5 2
           260.5 1
           261.5 3
           262.5 1
           263.5 1
             :
           265.5 3
             :
           268.5 1
             :
           277.5 1
             :
           279.5 2
           280.5 1
             :
           289.5 2
           290.5 1
             :
           292.5 1
             :
           295.5 1
           296.5 1
             :
           298.5 2
           299.5 1
             :
           307.5 1
             :
           315.5 1
             :
           317.5 1
             :
           321.5 1
             :
           327.5 1
             :
           334.5 1
             :
           336.5 1
             :
           381.5 1
             :
           384.5 1
             :
           388.5 1
             :
           399.5 1
             :
           402.5 1
             :
           410.5 1
             :
           420.5 1

Total: connections 2880 requests 2880 replies 2880 test-duration 179.953 s

Connection rate: 16.0 conn/s (62.5 ms/conn, <=3 concurrent connections)
Connection time [ms]: min 10.2 avg 24.2 max 420.2 median 14.5 stddev 47.0
Connection time [ms]: connect 0.7
Connection length [replies/conn]: 1.000

Request rate: 16.0 req/s (62.5 ms/req)
Request size [B]: 67.0

Reply rate [replies/s]: min 14.0 avg 16.0 max 18.0 stddev 0.5 (179 samples)
Percentages of the replies served at a given rate:
   50%: 15
   66%: 15
   75%: 15
   80%: 15
   90%: 15
   95%: 16
   98%: 16
   99%: 17
  100%: 18

Reply time [ms]: response 22.2 transfer 1.2
Percentages of the requests served within a certain time (ms) :
   50%: 12
   66%: 14
   75%: 15
   80%: 15
   90%: 17
   95%: 25
   98%: 216
   99%: 252
  100%: 402

Reply size [B]: header 162.0 content 72.0 footer 1.0 (total 235.0)
Reply status: 1xx=0 2xx=2880 3xx=0 4xx=0 5xx=0

CPU time [s]: user 151.20 system 28.42 (user 84.0% system 15.8% total 99.8%)
Net I/O: 4.7 KB/s (0.0*10^6 bps)

Errors: total 0 client-timo 0 socket-timo 0 connrefused 0 connreset 0
Errors: fd-unavail 0 addrunavail 0 ftab-full 0 other 0

