httperf --verbose --hog --timeout=50 --client=0/1 --server=172.16.116.116 --port=8080 --uri=/ --rate=16 --send-buffer=4096 --recv-buffer=16384 --num-conns=2880 --num-calls=1
httperf: maximum number of open descriptors = 65535
Maximum connect burst length: 1

Connection lifetime histogram (time in ms):
             :
            10.5 345
            11.5 809
            12.5 250
            13.5 183
            14.5 224
            15.5 293
            16.5 373
            17.5 139
            18.5 87
            19.5 40
            20.5 19
            21.5 23
            22.5 9
            23.5 3
             :
            25.5 3
            26.5 1
            27.5 2
             :
            32.5 2
             :
            43.5 1
             :
           116.5 1
             :
           124.5 1
             :
           136.5 1
             :
           140.5 1
             :
           152.5 1
             :
           158.5 1
             :
           168.5 1
             :
           177.5 1
           178.5 1
             :
           180.5 1
             :
           182.5 1
             :
           188.5 2
             :
           190.5 1
             :
           193.5 1
             :
           196.5 1
             :
           198.5 1
             :
           202.5 1
             :
           204.5 1
             :
           207.5 2
             :
           215.5 1
             :
           220.5 1
             :
           223.5 1
           224.5 1
             :
           228.5 1
           229.5 1
             :
           237.5 1
             :
           239.5 1
             :
           241.5 1
             :
           245.5 2
             :
           248.5 2
           249.5 1
             :
           253.5 1
             :
           255.5 1
             :
           266.5 1
           267.5 1
             :
           270.5 2
             :
           272.5 1
           273.5 1
           274.5 1
             :
           279.5 5
           280.5 1
             :
           288.5 1
             :
           290.5 1
             :
           292.5 1
             :
           296.5 1
           297.5 1
             :
           302.5 1
             :
           305.5 1
             :
           308.5 1
           309.5 1
             :
           317.5 1
           318.5 1
             :
           326.5 2
             :
           328.5 3
             :
           332.5 1
             :
           336.5 1
             :
           346.5 2
             :
           353.5 1
           354.5 1
             :
           372.5 1
             :
           472.5 1

Total: connections 2880 requests 2880 replies 2880 test-duration 179.949 s

Connection rate: 16.0 conn/s (62.5 ms/conn, <=2 concurrent connections)
Connection time [ms]: min 10.1 avg 20.0 max 472.3 median 13.5 stddev 39.9
Connection time [ms]: connect 0.7
Connection length [replies/conn]: 1.000

Request rate: 16.0 req/s (62.5 ms/req)
Request size [B]: 67.0

Reply rate [replies/s]: min 15.0 avg 16.0 max 17.0 stddev 0.4 (179 samples)
Percentages of the replies served at a given rate:
   50%: 15
   66%: 15
   75%: 15
   80%: 15
   90%: 15
   95%: 16
   98%: 16
   99%: 16
  100%: 17

Reply time [ms]: response 18.2 transfer 1.0
Percentages of the requests served within a certain time (ms) :
   50%: 11
   66%: 14
   75%: 14
   80%: 15
   90%: 16
   95%: 17
   98%: 186
   99%: 256
  100%: 385

Reply size [B]: header 163.0 content 72.0 footer 2.0 (total 237.0)
Reply status: 1xx=0 2xx=2880 3xx=0 4xx=0 5xx=0

CPU time [s]: user 150.24 system 29.33 (user 83.5% system 16.3% total 99.8%)
Net I/O: 4.7 KB/s (0.0*10^6 bps)

Errors: total 0 client-timo 0 socket-timo 0 connrefused 0 connreset 0
Errors: fd-unavail 0 addrunavail 0 ftab-full 0 other 0

