httperf --verbose --hog --timeout=50 --client=0/1 --server=172.16.116.116 --port=8080 --uri=/ --rate=16 --send-buffer=4096 --recv-buffer=16384 --num-conns=2880 --num-calls=1
httperf: maximum number of open descriptors = 65535
Maximum connect burst length: 1

Connection lifetime histogram (time in ms):
             :
            10.5 379
            11.5 791
            12.5 277
            13.5 202
            14.5 202
            15.5 284
            16.5 342
            17.5 170
            18.5 71
            19.5 48
            20.5 36
            21.5 17
            22.5 16
            23.5 10
            24.5 9
            25.5 4
            26.5 3
            27.5 2
             :
            92.5 1
             :
           104.5 1
             :
           148.5 1
             :
           166.5 1
           167.5 1
             :
           192.5 1
             :
           210.5 1
             :
           233.5 1
             :
           241.5 1
           242.5 1
             :
           255.5 1
             :
           258.5 1
             :
           281.5 1
             :
           310.5 1
             :
           314.5 1
             :
           319.5 1
             :
           370.5 1

Total: connections 2880 requests 2880 replies 2880 test-duration 179.953 s

Connection rate: 16.0 conn/s (62.5 ms/conn, <=2 concurrent connections)
Connection time [ms]: min 10.2 avg 15.1 max 370.2 median 12.5 stddev 17.8
Connection time [ms]: connect 0.7
Connection length [replies/conn]: 1.000

Request rate: 16.0 req/s (62.5 ms/req)
Request size [B]: 67.0

Reply rate [replies/s]: min 15.0 avg 16.0 max 17.0 stddev 0.1 (179 samples)
Percentages of the replies served at a given rate:
   50%: 15
   66%: 15
   75%: 15
   80%: 15
   90%: 15
   95%: 15
   98%: 15
   99%: 16
  100%: 17

Reply time [ms]: response 13.8 transfer 0.5
Percentages of the requests served within a certain time (ms) :
   50%: 11
   66%: 13
   75%: 14
   80%: 15
   90%: 15
   95%: 17
   98%: 20
   99%: 22
  100%: 367

Reply size [B]: header 163.0 content 72.0 footer 2.0 (total 237.0)
Reply status: 1xx=0 2xx=2880 3xx=0 4xx=0 5xx=0

CPU time [s]: user 150.70 system 28.88 (user 83.7% system 16.1% total 99.8%)
Net I/O: 4.7 KB/s (0.0*10^6 bps)

Errors: total 0 client-timo 0 socket-timo 0 connrefused 0 connreset 0
Errors: fd-unavail 0 addrunavail 0 ftab-full 0 other 0

