httperf --verbose --hog --timeout=50 --client=0/1 --server=172.16.116.116 --port=8080 --uri=/ --rate=24 --send-buffer=4096 --recv-buffer=16384 --num-conns=4320 --num-calls=1
httperf: maximum number of open descriptors = 65535
Maximum connect burst length: 1

Connection lifetime histogram (time in ms):
             :
            10.5 197
            11.5 415
            12.5 296
            13.5 308
            14.5 336
            15.5 371
            16.5 333
            17.5 262
            18.5 208
            19.5 198
            20.5 204
            21.5 183
            22.5 151
            23.5 132
            24.5 92
            25.5 73
            26.5 64
            27.5 53
            28.5 44
            29.5 39
            30.5 33
            31.5 41
            32.5 31
            33.5 27
            34.5 23
            35.5 18
            36.5 16
            37.5 11
            38.5 13
            39.5 9
            40.5 17
            41.5 3
            42.5 6
            43.5 8
            44.5 13
            45.5 6
            46.5 3
            47.5 6
            48.5 6
            49.5 5
            50.5 1
            51.5 1
            52.5 1
            53.5 3
            54.5 3
            55.5 1
            56.5 2
             :
            58.5 1
            59.5 1
            60.5 1
            61.5 1
             :
            63.5 1
             :
            68.5 1
             :
            84.5 1
            85.5 1
            86.5 1
             :
           102.5 1
             :
           106.5 1
             :
           136.5 1
             :
           141.5 1
             :
           145.5 1
             :
           153.5 1
             :
           156.5 1
           157.5 3
             :
           161.5 1
             :
           167.5 1
             :
           169.5 1
             :
           172.5 1
             :
           183.5 1
             :
           185.5 1
             :
           200.5 1
             :
           202.5 1
             :
           204.5 1
             :
           212.5 1
             :
           216.5 1
             :
           232.5 1
           233.5 2
             :
           243.5 1
             :
           249.5 1
             :
           258.5 1
           259.5 1
           260.5 1
             :
           295.5 2
             :
           311.5 1
             :
           318.5 1
             :
           324.5 1
             :
           326.5 1
             :
           331.5 1
           332.5 1
             :
           334.5 1
           335.5 1
             :
           339.5 1
             :
           351.5 1
             :
           364.5 1
             :
           367.5 1
             :
           374.5 1
             :
           385.5 1

Total: connections 4320 requests 4320 replies 4320 test-duration 179.970 s

Connection rate: 24.0 conn/s (41.7 ms/conn, <=3 concurrent connections)
Connection time [ms]: min 10.1 avg 20.9 max 385.2 median 16.5 stddev 25.2
Connection time [ms]: connect 0.9
Connection length [replies/conn]: 1.000

Request rate: 24.0 req/s (41.7 ms/req)
Request size [B]: 67.0

Reply rate [replies/s]: min 23.0 avg 24.0 max 25.0 stddev 0.4 (179 samples)
Percentages of the replies served at a given rate:
   50%: 23
   66%: 23
   75%: 23
   80%: 23
   90%: 23
   95%: 24
   98%: 24
   99%: 24
  100%: 25

Reply time [ms]: response 19.3 transfer 0.7
Percentages of the requests served within a certain time (ms) :
   50%: 15
   66%: 17
   75%: 19
   80%: 21
   90%: 26
   95%: 32
   98%: 44
   99%: 100
  100%: 370

Reply size [B]: header 162.0 content 72.0 footer 1.0 (total 235.0)
Reply status: 1xx=0 2xx=4320 3xx=0 4xx=0 5xx=0

CPU time [s]: user 147.88 system 31.74 (user 82.2% system 17.6% total 99.8%)
Net I/O: 7.1 KB/s (0.1*10^6 bps)

Errors: total 0 client-timo 0 socket-timo 0 connrefused 0 connreset 0
Errors: fd-unavail 0 addrunavail 0 ftab-full 0 other 0

