httperf --verbose --hog --timeout=50 --client=0/1 --server=172.16.116.116 --port=8080 --uri=/ --rate=24 --send-buffer=4096 --recv-buffer=16384 --num-conns=4320 --num-calls=1
httperf: maximum number of open descriptors = 65535
Maximum connect burst length: 1

Connection lifetime histogram (time in ms):
             :
            10.5 136
            11.5 616
            12.5 429
            13.5 321
            14.5 278
            15.5 283
            16.5 358
            17.5 267
            18.5 221
            19.5 177
            20.5 155
            21.5 164
            22.5 128
            23.5 99
            24.5 75
            25.5 59
            26.5 58
            27.5 50
            28.5 36
            29.5 38
            30.5 29
            31.5 39
            32.5 29
            33.5 27
            34.5 26
            35.5 25
            36.5 15
            37.5 20
            38.5 10
            39.5 9
            40.5 12
            41.5 5
            42.5 11
            43.5 6
            44.5 8
            45.5 7
            46.5 5
            47.5 5
            48.5 5
            49.5 8
            50.5 7
            51.5 7
            52.5 2
            53.5 2
            54.5 2
            55.5 3
            56.5 4
             :
            58.5 1
            59.5 2
            60.5 3
            61.5 1
             :
            64.5 2
             :
            67.5 1
             :
            71.5 1
             :
           119.5 1
             :
           126.5 1
             :
           128.5 1
             :
           159.5 1
             :
           165.5 2
             :
           173.5 1
             :
           175.5 1
             :
           178.5 1
             :
           187.5 1
             :
           191.5 1
           192.5 1
             :
           202.5 2
             :
           205.5 1
             :
           209.5 1
             :
           214.5 1
             :
           228.5 1
             :
           239.5 1
             :
           247.5 1
             :
           258.5 1
             :
           262.5 1
             :
           278.5 1
             :
           293.5 1
             :
           296.5 1
             :
           298.5 1
             :
           307.5 1
             :
           313.5 1
           314.5 1
             :
           334.5 1
             :
           341.5 1
             :
           372.5 1
             :
           414.5 1

Total: connections 4320 requests 4320 replies 4320 test-duration 179.970 s

Connection rate: 24.0 conn/s (41.7 ms/conn, <=3 concurrent connections)
Connection time [ms]: min 10.1 avg 19.9 max 414.5 median 16.5 stddev 21.5
Connection time [ms]: connect 0.6
Connection length [replies/conn]: 1.000

Request rate: 24.0 req/s (41.7 ms/req)
Request size [B]: 67.0

Reply rate [replies/s]: min 23.0 avg 24.0 max 25.0 stddev 0.2 (179 samples)
Percentages of the replies served at a given rate:
   50%: 23
   66%: 23
   75%: 23
   80%: 23
   90%: 23
   95%: 23
   98%: 23
   99%: 24
  100%: 25

Reply time [ms]: response 18.3 transfer 1.0
Percentages of the requests served within a certain time (ms) :
   50%: 14
   66%: 17
   75%: 19
   80%: 20
   90%: 25
   95%: 32
   98%: 45
   99%: 54
  100%: 412

Reply size [B]: header 162.0 content 72.0 footer 1.0 (total 235.0)
Reply status: 1xx=0 2xx=4320 3xx=0 4xx=0 5xx=0

CPU time [s]: user 158.50 system 21.09 (user 88.1% system 11.7% total 99.8%)
Net I/O: 7.1 KB/s (0.1*10^6 bps)

Errors: total 0 client-timo 0 socket-timo 0 connrefused 0 connreset 0
Errors: fd-unavail 0 addrunavail 0 ftab-full 0 other 0

