httperf --verbose --hog --timeout=50 --client=0/1 --server=172.16.116.116 --port=8080 --uri=/ --rate=24 --send-buffer=4096 --recv-buffer=16384 --num-conns=4320 --num-calls=1
httperf: maximum number of open descriptors = 65535
Maximum connect burst length: 1

Connection lifetime histogram (time in ms):
             :
            10.5 85
            11.5 474
            12.5 292
            13.5 235
            14.5 282
            15.5 281
            16.5 343
            17.5 256
            18.5 188
            19.5 175
            20.5 146
            21.5 174
            22.5 182
            23.5 139
            24.5 107
            25.5 84
            26.5 87
            27.5 64
            28.5 65
            29.5 51
            30.5 64
            31.5 49
            32.5 44
            33.5 47
            34.5 33
            35.5 21
            36.5 23
            37.5 36
            38.5 32
            39.5 22
            40.5 18
            41.5 17
            42.5 21
            43.5 14
            44.5 13
            45.5 15
            46.5 17
            47.5 13
            48.5 6
            49.5 7
            50.5 5
            51.5 10
            52.5 3
            53.5 6
            54.5 1
            55.5 6
            56.5 2
            57.5 3
            58.5 2
            59.5 3
            60.5 1
             :
            64.5 1
             :
            89.5 1
             :
           117.5 1
             :
           130.5 1
             :
           145.5 1
             :
           148.5 1
             :
           158.5 1
             :
           166.5 1
             :
           171.5 1
             :
           176.5 1
             :
           178.5 1
             :
           191.5 1
             :
           196.5 1
             :
           203.5 1
             :
           210.5 1
             :
           218.5 1
           219.5 2
             :
           229.5 2
             :
           238.5 1
           239.5 3
             :
           242.5 1
             :
           245.5 1
             :
           247.5 1
             :
           250.5 2
             :
           252.5 1
           253.5 1
             :
           255.5 1
           256.5 1
           257.5 1
             :
           260.5 1
             :
           264.5 1
           265.5 1
             :
           277.5 1
             :
           290.5 1
             :
           293.5 1
             :
           297.5 1
             :
           300.5 1
             :
           305.5 1
             :
           307.5 1
           308.5 1
           309.5 1
             :
           324.5 1
             :
           332.5 1
             :
           336.5 1
             :
           343.5 2
             :
           355.5 1
             :
           358.5 1
             :
           369.5 1
             :
           379.5 1
             :
           408.5 1

Total: connections 4320 requests 4320 replies 4320 test-duration 179.971 s

Connection rate: 24.0 conn/s (41.7 ms/conn, <=3 concurrent connections)
Connection time [ms]: min 10.1 avg 23.2 max 408.9 median 17.5 stddev 28.6
Connection time [ms]: connect 0.6
Connection length [replies/conn]: 1.000

Request rate: 24.0 req/s (41.7 ms/req)
Request size [B]: 67.0

Reply rate [replies/s]: min 23.0 avg 24.0 max 25.0 stddev 0.5 (179 samples)
Percentages of the replies served at a given rate:
   50%: 23
   66%: 23
   75%: 23
   80%: 23
   90%: 24
   95%: 24
   98%: 24
   99%: 24
  100%: 25

Reply time [ms]: response 21.5 transfer 0.9
Percentages of the requests served within a certain time (ms) :
   50%: 16
   66%: 19
   75%: 22
   80%: 24
   90%: 31
   95%: 38
   98%: 49
   99%: 180
  100%: 369

Reply size [B]: header 162.0 content 72.0 footer 1.0 (total 235.0)
Reply status: 1xx=0 2xx=4320 3xx=0 4xx=0 5xx=0

CPU time [s]: user 148.13 system 31.46 (user 82.3% system 17.5% total 99.8%)
Net I/O: 7.1 KB/s (0.1*10^6 bps)

Errors: total 0 client-timo 0 socket-timo 0 connrefused 0 connreset 0
Errors: fd-unavail 0 addrunavail 0 ftab-full 0 other 0

