httperf --verbose --hog --timeout=50 --client=0/1 --server=172.16.116.116 --port=8080 --uri=/ --rate=24 --send-buffer=4096 --recv-buffer=16384 --num-conns=4320 --num-calls=1
httperf: maximum number of open descriptors = 65535
Maximum connect burst length: 1

Connection lifetime histogram (time in ms):
             :
            10.5 632
            11.5 1464
            12.5 401
            13.5 344
            14.5 317
            15.5 295
            16.5 393
            17.5 232
            18.5 88
            19.5 41
            20.5 23
            21.5 16
            22.5 16
            23.5 4
            24.5 1
            25.5 2
            26.5 2
             :
            29.5 3
             :
            35.5 1
             :
            47.5 1
             :
            56.5 1
             :
            62.5 1
             :
            73.5 2
             :
            80.5 1
             :
            87.5 1
             :
           108.5 1
             :
           115.5 1
             :
           126.5 1
             :
           129.5 1
             :
           133.5 1
             :
           156.5 1
             :
           169.5 1
             :
           171.5 1
             :
           176.5 1
             :
           181.5 1
             :
           188.5 2
             :
           193.5 1
           194.5 1
             :
           201.5 1
             :
           211.5 1
             :
           222.5 1
             :
           227.5 1
             :
           231.5 1
           232.5 1
             :
           234.5 1
             :
           241.5 1
           242.5 1
             :
           249.5 1
             :
           252.5 1
             :
           255.5 1
             :
           258.5 1
             :
           265.5 1
             :
           272.5 1
             :
           274.5 1
             :
           281.5 1
             :
           284.5 1
           285.5 1
             :
           289.5 1
           290.5 1
             :
           314.5 1
             :
           333.5 1
             :
           340.5 1

Total: connections 4320 requests 4320 replies 4320 test-duration 179.973 s

Connection rate: 24.0 conn/s (41.7 ms/conn, <=2 concurrent connections)
Connection time [ms]: min 10.2 avg 15.2 max 340.2 median 12.5 stddev 20.8
Connection time [ms]: connect 0.6
Connection length [replies/conn]: 1.000

Request rate: 24.0 req/s (41.7 ms/req)
Request size [B]: 67.0

Reply rate [replies/s]: min 23.0 avg 24.0 max 25.0 stddev 0.4 (179 samples)
Percentages of the replies served at a given rate:
   50%: 23
   66%: 23
   75%: 23
   80%: 23
   90%: 23
   95%: 24
   98%: 24
   99%: 24
  100%: 25

Reply time [ms]: response 13.9 transfer 0.6
Percentages of the requests served within a certain time (ms) :
   50%: 10
   66%: 12
   75%: 13
   80%: 14
   90%: 15
   95%: 16
   98%: 19
   99%: 56
  100%: 334

Reply size [B]: header 162.0 content 72.0 footer 1.0 (total 235.0)
Reply status: 1xx=0 2xx=4320 3xx=0 4xx=0 5xx=0

CPU time [s]: user 148.51 system 31.06 (user 82.5% system 17.3% total 99.8%)
Net I/O: 7.1 KB/s (0.1*10^6 bps)

Errors: total 0 client-timo 0 socket-timo 0 connrefused 0 connreset 0
Errors: fd-unavail 0 addrunavail 0 ftab-full 0 other 0

