httperf --verbose --hog --timeout=50 --client=0/1 --server=172.16.116.116 --port=8080 --uri=/ --rate=24 --send-buffer=4096 --recv-buffer=16384 --num-conns=4320 --num-calls=1
httperf: maximum number of open descriptors = 65535
Maximum connect burst length: 1

Connection lifetime histogram (time in ms):
             :
            10.5 665
            11.5 1248
            12.5 309
            13.5 258
            14.5 312
            15.5 475
            16.5 456
            17.5 246
            18.5 108
            19.5 57
            20.5 35
            21.5 24
            22.5 13
            23.5 6
            24.5 4
            25.5 7
            26.5 6
            27.5 2
            28.5 2
             :
            30.5 1
             :
            34.5 1
             :
            36.5 1
             :
            61.5 2
             :
            67.5 1
             :
            69.5 1
             :
            80.5 1
             :
            86.5 1
             :
           105.5 1
             :
           125.5 1
           126.5 1
           127.5 1
             :
           137.5 1
           138.5 1
             :
           140.5 1
             :
           142.5 1
             :
           146.5 1
             :
           150.5 1
             :
           154.5 1
             :
           161.5 1
             :
           171.5 1
           172.5 1
             :
           177.5 1
           178.5 2
             :
           180.5 1
             :
           183.5 1
             :
           186.5 1
             :
           189.5 3
             :
           193.5 1
             :
           206.5 1
           207.5 2
             :
           210.5 1
           211.5 1
             :
           214.5 1
             :
           216.5 1
           217.5 1
             :
           221.5 1
             :
           226.5 1
             :
           234.5 1
           235.5 2
           236.5 2
             :
           238.5 3
           239.5 1
             :
           247.5 2
             :
           250.5 1
           251.5 2
             :
           253.5 2
           254.5 1
             :
           256.5 2
             :
           258.5 1
           259.5 1
           260.5 1
           261.5 1
             :
           263.5 1
             :
           269.5 1
             :
           272.5 1
             :
           274.5 1
             :
           276.5 1
             :
           279.5 1
           280.5 2
             :
           282.5 1
             :
           291.5 1
             :
           301.5 1
             :
           304.5 1
             :
           307.5 2
             :
           313.5 1
             :
           315.5 1
             :
           331.5 2
             :
           354.5 1
             :
           358.5 1
             :
           369.5 1

Total: connections 4320 requests 4320 replies 4320 test-duration 179.974 s

Connection rate: 24.0 conn/s (41.7 ms/conn, <=3 concurrent connections)
Connection time [ms]: min 10.2 avg 17.7 max 369.1 median 12.5 stddev 30.3
Connection time [ms]: connect 0.6
Connection length [replies/conn]: 1.000

Request rate: 24.0 req/s (41.7 ms/req)
Request size [B]: 67.0

Reply rate [replies/s]: min 23.0 avg 24.0 max 25.0 stddev 0.4 (179 samples)
Percentages of the replies served at a given rate:
   50%: 23
   66%: 23
   75%: 23
   80%: 23
   90%: 23
   95%: 24
   98%: 24
   99%: 24
  100%: 25

Reply time [ms]: response 16.2 transfer 0.8
Percentages of the requests served within a certain time (ms) :
   50%: 11
   66%: 13
   75%: 14
   80%: 15
   90%: 16
   95%: 17
   98%: 27
   99%: 206
  100%: 353

Reply size [B]: header 162.0 content 72.0 footer 1.0 (total 235.0)
Reply status: 1xx=0 2xx=4320 3xx=0 4xx=0 5xx=0

CPU time [s]: user 143.45 system 36.14 (user 79.7% system 20.1% total 99.8%)
Net I/O: 7.1 KB/s (0.1*10^6 bps)

Errors: total 0 client-timo 0 socket-timo 0 connrefused 0 connreset 0
Errors: fd-unavail 0 addrunavail 0 ftab-full 0 other 0

