httperf --verbose --hog --timeout=50 --client=0/1 --server=172.16.116.116 --port=8080 --uri=/ --rate=24 --send-buffer=4096 --recv-buffer=16384 --num-conns=4320 --num-calls=1
httperf: maximum number of open descriptors = 65535
Maximum connect burst length: 1

Connection lifetime histogram (time in ms):
             :
            10.5 404
            11.5 1134
            12.5 403
            13.5 373
            14.5 313
            15.5 394
            16.5 418
            17.5 252
            18.5 109
            19.5 51
            20.5 26
            21.5 23
            22.5 12
            23.5 12
            24.5 7
            25.5 8
            26.5 4
            27.5 1
            28.5 1
             :
            31.5 1
             :
            34.5 1
             :
            37.5 1
            38.5 1
             :
            40.5 3
            41.5 1
             :
            45.5 1
            46.5 1
            47.5 1
            48.5 2
            49.5 3
             :
            52.5 1
            53.5 1
            54.5 1
             :
            57.5 2
             :
            59.5 1
            60.5 1
            61.5 1
             :
            67.5 1
            68.5 1
            69.5 1
             :
            74.5 1
             :
            76.5 1
             :
            84.5 1
             :
            88.5 1
             :
            90.5 1
             :
            92.5 2
            93.5 1
            94.5 2
             :
            99.5 2
           100.5 2
             :
           102.5 3
             :
           105.5 1
           106.5 2
           107.5 1
             :
           109.5 1
           110.5 3
             :
           118.5 4
           119.5 2
           120.5 1
             :
           122.5 1
             :
           125.5 2
             :
           127.5 2
           128.5 1
             :
           133.5 1
           134.5 1
           135.5 2
           136.5 2
           137.5 1
             :
           139.5 2
           140.5 1
             :
           142.5 3
           143.5 1
           144.5 2
           145.5 1
           146.5 1
           147.5 1
             :
           152.5 2
           153.5 1
             :
           155.5 2
             :
           157.5 2
           158.5 1
             :
           160.5 1
           161.5 1
           162.5 2
           163.5 2
           164.5 3
           165.5 3
           166.5 3
           167.5 2
           168.5 1
           169.5 2
           170.5 2
           171.5 2
             :
           174.5 1
           175.5 3
           176.5 2
           177.5 3
             :
           179.5 3
           180.5 3
           181.5 3
           182.5 1
           183.5 3
           184.5 3
           185.5 2
             :
           187.5 1
           188.5 3
           189.5 2
           190.5 5
           191.5 1
             :
           193.5 1
           194.5 2
           195.5 2
           196.5 1
           197.5 2
           198.5 3
           199.5 2
             :
           201.5 3
           202.5 3
           203.5 2
           204.5 2
           205.5 2
           206.5 2
           207.5 4
           208.5 5
           209.5 1
           210.5 1
             :
           212.5 3
           213.5 2
           214.5 2
           215.5 5
           216.5 2
             :
           218.5 6
           219.5 3
           220.5 2
           221.5 7
           222.5 1
             :
           224.5 3
           225.5 3
           226.5 2
           227.5 5
           228.5 2
           229.5 1
           230.5 1
           231.5 2
           232.5 1
           233.5 2
           234.5 2
           235.5 2
           236.5 1
           237.5 2
             :
           239.5 2
           240.5 1
           241.5 2
           242.5 1
           243.5 1
           244.5 1
             :
           246.5 2
           247.5 1
           248.5 2
           249.5 2
           250.5 5
           251.5 1
           252.5 5
             :
           254.5 3
           255.5 4
           256.5 2
           257.5 1
           258.5 1
           259.5 1
           260.5 2
           261.5 2
           262.5 4
           263.5 1
             :
           266.5 4
           267.5 1
           268.5 3
             :
           270.5 2
             :
           272.5 2
           273.5 2
             :
           276.5 2
             :
           280.5 1
           281.5 1
             :
           283.5 3
             :
           285.5 1
           286.5 2
           287.5 2
             :
           289.5 1
           290.5 1
             :
           295.5 2
             :
           297.5 1
           298.5 1
             :
           301.5 2
           302.5 1
           303.5 1
           304.5 1
             :
           308.5 2
           309.5 1
           310.5 1
             :
           314.5 1
           315.5 1
           316.5 2
             :
           318.5 2
           319.5 1
           320.5 2
           321.5 1
           322.5 1
           323.5 1
           324.5 2
             :
           326.5 1
             :
           328.5 1
             :
           330.5 1
           331.5 1
             :
           340.5 1
             :
           344.5 1
             :
           346.5 1
             :
           350.5 1
             :
           356.5 1
             :
           362.5 1
             :
           365.5 1
             :
           367.5 1
             :
           372.5 1
             :
           384.5 1
             :
           403.5 1
             :
           405.5 1
             :
           441.5 1
             :
           444.5 1

Total: connections 4320 requests 4320 replies 4320 test-duration 179.975 s

Connection rate: 24.0 conn/s (41.7 ms/conn, <=3 concurrent connections)
Connection time [ms]: min 10.2 avg 30.3 max 444.5 median 13.5 stddev 58.4
Connection time [ms]: connect 0.7
Connection length [replies/conn]: 1.000

Request rate: 24.0 req/s (41.7 ms/req)
Request size [B]: 67.0

Reply rate [replies/s]: min 22.0 avg 24.0 max 26.0 stddev 0.8 (179 samples)
Percentages of the replies served at a given rate:
   50%: 23
   66%: 23
   75%: 23
   80%: 24
   90%: 24
   95%: 24
   98%: 25
   99%: 25
  100%: 26

Reply time [ms]: response 27.9 transfer 1.7
Percentages of the requests served within a certain time (ms) :
   50%: 12
   66%: 14
   75%: 15
   80%: 15
   90%: 19
   95%: 180
   98%: 237
   99%: 267
  100%: 443

Reply size [B]: header 162.0 content 72.0 footer 1.0 (total 235.0)
Reply status: 1xx=0 2xx=4320 3xx=0 4xx=0 5xx=0

CPU time [s]: user 146.83 system 32.77 (user 81.6% system 18.2% total 99.8%)
Net I/O: 7.1 KB/s (0.1*10^6 bps)

Errors: total 0 client-timo 0 socket-timo 0 connrefused 0 connreset 0
Errors: fd-unavail 0 addrunavail 0 ftab-full 0 other 0

