httperf --verbose --hog --timeout=50 --client=0/1 --server=172.16.116.116 --port=8080 --uri=/ --rate=16 --send-buffer=4096 --recv-buffer=16384 --num-conns=4800 --num-calls=1
httperf: maximum number of open descriptors = 65535
Maximum connect burst length: 1

Connection lifetime histogram (time in ms):
             :
            10.5 528
            11.5 1328
            12.5 553
            13.5 275
            14.5 211
            15.5 398
            16.5 610
            17.5 385
            18.5 227
            19.5 114
            20.5 54
            21.5 35
            22.5 15
            23.5 16
            24.5 13
            25.5 3
            26.5 4
            27.5 3
            28.5 1
            29.5 2
            30.5 2
            31.5 1
             :
            57.5 1
             :
            89.5 1
             :
           140.5 1
             :
           147.5 1
             :
           162.5 1
             :
           190.5 1
             :
           217.5 1
             :
           220.5 1
             :
           226.5 1
             :
           273.5 2
             :
           276.5 1
             :
           286.5 1
             :
           300.5 1
             :
           304.5 1
             :
           320.5 1
             :
           322.5 1
           323.5 1
             :
           339.5 1
             :
           345.5 1
             :
           352.5 1
             :
           390.5 1

Total: connections 4800 requests 4800 replies 4800 test-duration 299.954 s

Connection rate: 16.0 conn/s (62.5 ms/conn, <=2 concurrent connections)
Connection time [ms]: min 10.1 avg 15.2 max 390.2 median 12.5 stddev 17.5
Connection time [ms]: connect 0.6
Connection length [replies/conn]: 1.000

Request rate: 16.0 req/s (62.5 ms/req)
Request size [B]: 67.0

Reply rate [replies/s]: min 15.0 avg 16.0 max 17.0 stddev 0.2 (299 samples)
Percentages of the replies served at a given rate:
   50%: 15
   66%: 15
   75%: 15
   80%: 15
   90%: 15
   95%: 15
   98%: 15
   99%: 16
  100%: 17

Reply time [ms]: response 13.9 transfer 0.5
Percentages of the requests served within a certain time (ms) :
   50%: 11
   66%: 14
   75%: 15
   80%: 15
   90%: 16
   95%: 17
   98%: 19
   99%: 21
  100%: 389

Reply size [B]: header 162.0 content 72.0 footer 1.0 (total 235.0)
Reply status: 1xx=0 2xx=4800 3xx=0 4xx=0 5xx=0

CPU time [s]: user 252.17 system 47.17 (user 84.1% system 15.7% total 99.8%)
Net I/O: 4.7 KB/s (0.0*10^6 bps)

Errors: total 0 client-timo 0 socket-timo 0 connrefused 0 connreset 0
Errors: fd-unavail 0 addrunavail 0 ftab-full 0 other 0

