httperf --verbose --hog --timeout=50 --client=0/1 --server=172.16.116.116 --port=8080 --uri=/ --rate=24 --send-buffer=4096 --recv-buffer=16384 --num-conns=4320 --num-calls=1
httperf: maximum number of open descriptors = 65535
Maximum connect burst length: 1

Connection lifetime histogram (time in ms):
             :
             9.5 1
            10.5 814
            11.5 1310
            12.5 359
            13.5 265
            14.5 305
            15.5 390
            16.5 366
            17.5 162
            18.5 78
            19.5 30
            20.5 24
            21.5 11
            22.5 8
            23.5 6
            24.5 3
            25.5 2
            26.5 6
             :
            28.5 2
            29.5 1
             :
            31.5 1
            32.5 2
            33.5 1
             :
            46.5 1
            47.5 1
             :
            52.5 2
             :
            54.5 1
            55.5 1
             :
            63.5 1
            64.5 1
             :
            66.5 1
             :
            68.5 1
             :
            70.5 1
             :
            74.5 1
             :
            76.5 1
            77.5 1
             :
            90.5 2
            91.5 1
             :
            96.5 1
             :
            98.5 1
             :
           109.5 1
             :
           112.5 1
             :
           115.5 1
             :
           117.5 1
           118.5 1
           119.5 3
             :
           126.5 1
             :
           128.5 1
           129.5 1
             :
           132.5 1
             :
           135.5 1
           136.5 2
             :
           138.5 1
           139.5 1
             :
           144.5 1
           145.5 1
             :
           149.5 1
           150.5 2
             :
           153.5 1
             :
           155.5 1
             :
           157.5 1
             :
           160.5 1
           161.5 2
           162.5 2
           163.5 2
             :
           166.5 1
             :
           168.5 1
           169.5 2
             :
           171.5 1
           172.5 2
           173.5 1
           174.5 1
           175.5 1
             :
           177.5 2
           178.5 1
           179.5 1
             :
           182.5 2
           183.5 1
           184.5 2
           185.5 2
             :
           187.5 2
             :
           189.5 1
           190.5 1
           191.5 1
           192.5 1
             :
           195.5 1
             :
           197.5 2
             :
           201.5 3
           202.5 1
             :
           205.5 3
             :
           208.5 2
           209.5 1
             :
           211.5 1
           212.5 2
           213.5 1
           214.5 2
           215.5 1
             :
           219.5 1
           220.5 1
           221.5 1
           222.5 1
           223.5 2
           224.5 1
           225.5 1
           226.5 1
             :
           231.5 1
             :
           233.5 2
             :
           235.5 1
             :
           237.5 2
           238.5 1
           239.5 1
             :
           241.5 1
           242.5 2
             :
           245.5 1
             :
           248.5 2
           249.5 1
           250.5 1
             :
           252.5 1
             :
           255.5 2
           256.5 3
             :
           258.5 4
             :
           260.5 2
             :
           262.5 2
           263.5 1
             :
           267.5 1
           268.5 1
           269.5 1
             :
           271.5 2
           272.5 1
           273.5 1
             :
           276.5 1
           277.5 1
           278.5 1
             :
           280.5 1
             :
           282.5 1
             :
           284.5 1
             :
           292.5 1
             :
           295.5 1
             :
           298.5 1
             :
           300.5 1
             :
           303.5 2
             :
           307.5 2
           308.5 1
           309.5 1
             :
           312.5 1
             :
           317.5 1
             :
           319.5 1
             :
           322.5 1
             :
           326.5 1
             :
           328.5 1
             :
           331.5 1
             :
           336.5 1
             :
           343.5 1
             :
           348.5 1
             :
           353.5 1
             :
           379.5 1

Total: connections 4320 requests 4320 replies 4320 test-duration 179.976 s

Connection rate: 24.0 conn/s (41.7 ms/conn, <=3 concurrent connections)
Connection time [ms]: min 10.0 avg 20.8 max 379.3 median 12.5 stddev 40.2
Connection time [ms]: connect 0.6
Connection length [replies/conn]: 1.000

Request rate: 24.0 req/s (41.7 ms/req)
Request size [B]: 67.0

Reply rate [replies/s]: min 23.0 avg 24.0 max 26.0 stddev 0.5 (179 samples)
Percentages of the replies served at a given rate:
   50%: 23
   66%: 23
   75%: 23
   80%: 23
   90%: 24
   95%: 24
   98%: 24
   99%: 24
  100%: 26

Reply time [ms]: response 19.1 transfer 0.9
Percentages of the requests served within a certain time (ms) :
   50%: 10
   66%: 13
   75%: 14
   80%: 14
   90%: 15
   95%: 19
   98%: 189
   99%: 232
  100%: 378

Reply size [B]: header 162.0 content 72.0 footer 1.0 (total 235.0)
Reply status: 1xx=0 2xx=4320 3xx=0 4xx=0 5xx=0

CPU time [s]: user 148.41 system 31.20 (user 82.5% system 17.3% total 99.8%)
Net I/O: 7.1 KB/s (0.1*10^6 bps)

Errors: total 0 client-timo 0 socket-timo 0 connrefused 0 connreset 0
Errors: fd-unavail 0 addrunavail 0 ftab-full 0 other 0

