httperf --verbose --hog --timeout=50 --client=0/1 --server=172.16.116.116 --port=8080 --uri=/ --rate=8 --send-buffer=4096 --recv-buffer=16384 --num-conns=2400 --num-calls=1
httperf: maximum number of open descriptors = 65535
Maximum connect burst length: 1

Connection lifetime histogram (time in ms):
             :
            10.5 43
            11.5 289
            12.5 232
            13.5 176
            14.5 138
            15.5 156
            16.5 193
            17.5 116
            18.5 86
            19.5 74
            20.5 59
            21.5 61
            22.5 52
            23.5 24
            24.5 16
            25.5 12
            26.5 6
            27.5 6
            28.5 2
            29.5 3
            30.5 2
            31.5 1
            32.5 2
             :
            34.5 2
            35.5 2
            36.5 1
            37.5 3
             :
            40.5 3
            41.5 2
             :
            43.5 2
             :
            48.5 1
             :
            50.5 2
             :
            52.5 2
            53.5 2
            54.5 1
            55.5 1
            56.5 2
            57.5 1
            58.5 1
             :
            61.5 2
            62.5 2
             :
            66.5 2
             :
            68.5 1
            69.5 1
            70.5 2
            71.5 2
            72.5 2
            73.5 1
            74.5 2
             :
            76.5 2
            77.5 1
            78.5 1
            79.5 1
            80.5 1
            81.5 1
            82.5 2
            83.5 1
             :
            85.5 2
            86.5 1
            87.5 1
             :
            89.5 1
            90.5 2
            91.5 2
            92.5 1
            93.5 4
            94.5 4
            95.5 2
            96.5 3
             :
            99.5 1
             :
           102.5 4
             :
           104.5 2
           105.5 1
             :
           108.5 1
           109.5 2
           110.5 2
           111.5 2
           112.5 2
           113.5 1
           114.5 1
           115.5 2
             :
           117.5 4
           118.5 1
             :
           120.5 2
           121.5 1
           122.5 1
             :
           126.5 2
           127.5 3
             :
           129.5 2
           130.5 5
             :
           132.5 3
           133.5 1
           134.5 2
           135.5 1
           136.5 1
           137.5 2
           138.5 2
             :
           140.5 3
           141.5 2
           142.5 2
           143.5 2
           144.5 3
           145.5 1
           146.5 1
           147.5 4
           148.5 4
           149.5 2
           150.5 6
           151.5 2
           152.5 1
           153.5 1
           154.5 2
           155.5 2
           156.5 5
           157.5 3
           158.5 2
           159.5 6
           160.5 5
           161.5 8
           162.5 5
             :
           164.5 4
           165.5 2
           166.5 4
           167.5 5
           168.5 2
           169.5 2
           170.5 3
           171.5 4
           172.5 1
           173.5 5
           174.5 1
           175.5 3
           176.5 3
             :
           178.5 4
           179.5 4
           180.5 5
           181.5 2
           182.5 2
           183.5 3
           184.5 2
           185.5 2
           186.5 8
           187.5 3
           188.5 4
           189.5 5
           190.5 3
           191.5 1
           192.5 5
           193.5 3
           194.5 8
           195.5 1
           196.5 7
           197.5 2
           198.5 5
           199.5 3
           200.5 2
           201.5 5
           202.5 7
           203.5 1
           204.5 5
           205.5 2
           206.5 5
           207.5 2
           208.5 3
           209.5 4
           210.5 2
           211.5 5
           212.5 5
           213.5 3
           214.5 4
           215.5 4
           216.5 5
           217.5 7
           218.5 4
           219.5 6
           220.5 4
           221.5 6
           222.5 5
           223.5 3
           224.5 6
           225.5 3
           226.5 3
           227.5 4
           228.5 3
           229.5 5
           230.5 5
           231.5 5
           232.5 2
           233.5 3
           234.5 4
             :
           236.5 2
           237.5 2
           238.5 4
           239.5 1
           240.5 6
           241.5 2
           242.5 2
           243.5 4
           244.5 6
           245.5 7
           246.5 2
           247.5 2
           248.5 4
           249.5 2
             :
           251.5 3
           252.5 5
           253.5 3
           254.5 1
           255.5 1
           256.5 1
           257.5 2
           258.5 1
           259.5 4
           260.5 2
           261.5 1
           262.5 1
           263.5 2
           264.5 3
           265.5 2
             :
           267.5 1
             :
           269.5 3
             :
           271.5 1
           272.5 1
           273.5 4
             :
           275.5 3
           276.5 2
           277.5 2
           278.5 2
           279.5 1
           280.5 2
           281.5 5
           282.5 4
           283.5 4
           284.5 2
           285.5 1
           286.5 3
           287.5 2
           288.5 2
           289.5 2
           290.5 2
           291.5 1
           292.5 4
             :
           294.5 1
           295.5 1
             :
           298.5 1
           299.5 1
           300.5 1
           301.5 1
           302.5 1
           303.5 2
             :
           306.5 1
             :
           310.5 1
             :
           312.5 1
           313.5 4
           314.5 1
             :
           316.5 2
           317.5 1
           318.5 1
           319.5 1
             :
           321.5 1
           322.5 1
             :
           325.5 1
           326.5 1
             :
           328.5 1
           329.5 2
           330.5 1
           331.5 1
           332.5 3
             :
           334.5 1
           335.5 1
           336.5 1
             :
           341.5 1
             :
           343.5 1
             :
           355.5 1
             :
           357.5 1
             :
           360.5 1
           361.5 1
             :
           363.5 1
             :
           376.5 1
           377.5 1
             :
           391.5 1
             :
           396.5 1
             :
           403.5 1
             :
           418.5 1
           419.5 1
             :
           473.5 1

Total: connections 2400 requests 2400 replies 2400 test-duration 299.894 s

Connection rate: 8.0 conn/s (125.0 ms/conn, <=3 concurrent connections)
Connection time [ms]: min 10.4 avg 64.8 max 473.5 median 16.5 stddev 89.4
Connection time [ms]: connect 1.0
Connection length [replies/conn]: 1.000

Request rate: 8.0 req/s (125.0 ms/req)
Request size [B]: 67.0

Reply rate [replies/s]: min 6.0 avg 8.0 max 10.0 stddev 0.7 (299 samples)
Percentages of the replies served at a given rate:
   50%: 7
   66%: 7
   75%: 7
   80%: 7
   90%: 8
   95%: 8
   98%: 9
   99%: 9
  100%: 10

Reply time [ms]: response 60.2 transfer 3.4
Percentages of the requests served within a certain time (ms) :
   50%: 15
   66%: 19
   75%: 76
   80%: 145
   90%: 208
   95%: 239
   98%: 281
   99%: 311
  100%: 418

Reply size [B]: header 162.0 content 72.0 footer 1.0 (total 235.0)
Reply status: 1xx=0 2xx=2400 3xx=0 4xx=0 5xx=0

CPU time [s]: user 249.55 system 49.90 (user 83.2% system 16.6% total 99.9%)
Net I/O: 2.4 KB/s (0.0*10^6 bps)

Errors: total 0 client-timo 0 socket-timo 0 connrefused 0 connreset 0
Errors: fd-unavail 0 addrunavail 0 ftab-full 0 other 0

