httperf --verbose --hog --timeout=50 --client=0/1 --server=172.16.116.116 --port=8080 --uri=/ --rate=24 --send-buffer=4096 --recv-buffer=16384 --num-conns=14400 --num-calls=1
httperf: maximum number of open descriptors = 65535
Maximum connect burst length: 1

Connection lifetime histogram (time in ms):
             :
            10.5 1118
            11.5 2719
            12.5 2098
            13.5 1529
            14.5 1246
            15.5 1230
            16.5 1240
            17.5 763
            18.5 475
            19.5 366
            20.5 309
            21.5 268
            22.5 230
            23.5 167
            24.5 114
            25.5 66
            26.5 70
            27.5 47
            28.5 41
            29.5 34
            30.5 21
            31.5 17
            32.5 19
            33.5 14
            34.5 12
            35.5 16
            36.5 8
            37.5 5
            38.5 5
            39.5 6
            40.5 4
            41.5 3
            42.5 6
            43.5 2
            44.5 6
            45.5 3
            46.5 2
            47.5 1
            48.5 2
            49.5 3
             :
            54.5 1
             :
            56.5 1
             :
            64.5 1
             :
            67.5 1
             :
            72.5 1
            73.5 2
            74.5 1
             :
            80.5 1
             :
            88.5 1
             :
            90.5 1
            91.5 1
             :
            95.5 1
            96.5 1
             :
           102.5 1
             :
           126.5 1
             :
           128.5 1
             :
           130.5 2
             :
           134.5 1
             :
           152.5 1
             :
           156.5 1
             :
           161.5 1
             :
           164.5 1
             :
           177.5 1
             :
           179.5 1
           180.5 2
             :
           182.5 1
             :
           185.5 1
             :
           187.5 1
           188.5 1
             :
           190.5 1
             :
           192.5 1
             :
           194.5 1
             :
           196.5 2
             :
           201.5 1
             :
           204.5 1
             :
           208.5 1
             :
           213.5 1
           214.5 1
           215.5 3
           216.5 2
             :
           219.5 1
             :
           221.5 1
             :
           225.5 1
             :
           227.5 1
             :
           232.5 2
           233.5 1
             :
           235.5 1
             :
           239.5 1
             :
           241.5 2
           242.5 1
           243.5 1
             :
           245.5 1
             :
           248.5 1
             :
           250.5 2
             :
           252.5 2
           253.5 1
             :
           259.5 1
           260.5 1
             :
           262.5 1
             :
           265.5 1
             :
           267.5 1
           268.5 2
             :
           270.5 1
             :
           278.5 1
           279.5 1
             :
           282.5 1
             :
           289.5 1
           290.5 3
           291.5 1
           292.5 2
             :
           295.5 1
             :
           297.5 2
             :
           307.5 3
             :
           311.5 3
             :
           313.5 1
           314.5 1
             :
           316.5 1
           317.5 2
             :
           322.5 1
           323.5 1
             :
           325.5 1
             :
           330.5 1
             :
           337.5 2
             :
           357.5 1
             :
           362.5 1
           363.5 1
             :
           368.5 1
             :
           375.5 1
             :
           385.5 1
             :
           387.5 1
             :
           391.5 1
             :
           393.5 1
             :
           401.5 1

Total: connections 14400 requests 14400 replies 14400 test-duration 599.976 s

Connection rate: 24.0 conn/s (41.7 ms/conn, <=3 concurrent connections)
Connection time [ms]: min 10.0 avg 16.7 max 401.9 median 13.5 stddev 21.4
Connection time [ms]: connect 0.6
Connection length [replies/conn]: 1.000

Request rate: 24.0 req/s (41.7 ms/req)
Request size [B]: 67.0

Reply rate [replies/s]: min 23.0 avg 24.0 max 25.0 stddev 0.3 (599 samples)
Percentages of the replies served at a given rate:
   50%: 23
   66%: 23
   75%: 23
   80%: 23
   90%: 23
   95%: 23
   98%: 24
   99%: 24
  100%: 25

Reply time [ms]: response 15.3 transfer 0.6
Percentages of the requests served within a certain time (ms) :
   50%: 12
   66%: 14
   75%: 15
   80%: 15
   90%: 18
   95%: 21
   98%: 26
   99%: 37
  100%: 401

Reply size [B]: header 162.0 content 72.0 footer 1.0 (total 235.0)
Reply status: 1xx=0 2xx=14400 3xx=0 4xx=0 5xx=0

CPU time [s]: user 495.13 system 103.61 (user 82.5% system 17.3% total 99.8%)
Net I/O: 7.1 KB/s (0.1*10^6 bps)

Errors: total 0 client-timo 0 socket-timo 0 connrefused 0 connreset 0
Errors: fd-unavail 0 addrunavail 0 ftab-full 0 other 0

