httperf --verbose --hog --timeout=50 --client=0/1 --server=172.16.116.116 --port=8080 --uri=/ --rate=24 --send-buffer=4096 --recv-buffer=16384 --num-conns=14400 --num-calls=1
httperf: maximum number of open descriptors = 65535
Maximum connect burst length: 1

Connection lifetime histogram (time in ms):
             :
            10.5 376
            11.5 855
            12.5 860
            13.5 892
            14.5 1096
            15.5 1147
            16.5 1329
            17.5 922
            18.5 758
            19.5 729
            20.5 663
            21.5 621
            22.5 577
            23.5 472
            24.5 397
            25.5 323
            26.5 291
            27.5 241
            28.5 216
            29.5 183
            30.5 170
            31.5 132
            32.5 125
            33.5 104
            34.5 94
            35.5 87
            36.5 66
            37.5 59
            38.5 57
            39.5 51
            40.5 52
            41.5 35
            42.5 35
            43.5 34
            44.5 20
            45.5 15
            46.5 20
            47.5 14
            48.5 9
            49.5 17
            50.5 8
            51.5 4
            52.5 11
            53.5 8
            54.5 9
            55.5 2
            56.5 4
            57.5 3
            58.5 4
             :
            61.5 4
            62.5 3
            63.5 2
            64.5 2
            65.5 1
             :
            68.5 1
             :
            70.5 1
             :
            72.5 2
             :
            75.5 2
             :
            77.5 1
            78.5 1
             :
            83.5 1
            84.5 1
             :
            89.5 2
             :
            92.5 1
             :
            94.5 1
            95.5 1
            96.5 2
             :
           103.5 1
             :
           105.5 2
             :
           113.5 2
             :
           116.5 1
           117.5 1
           118.5 1
           119.5 1
             :
           123.5 1
             :
           127.5 1
             :
           129.5 2
             :
           131.5 1
             :
           136.5 1
             :
           139.5 2
           140.5 1
             :
           143.5 2
           144.5 1
             :
           147.5 2
           148.5 1
           149.5 1
           150.5 1
             :
           152.5 1
             :
           161.5 1
           162.5 1
             :
           165.5 1
             :
           167.5 1
           168.5 1
           169.5 1
             :
           171.5 1
           172.5 1
             :
           176.5 1
             :
           179.5 2
             :
           184.5 1
             :
           191.5 1
           192.5 1
           193.5 1
             :
           197.5 1
           198.5 1
           199.5 1
             :
           204.5 1
             :
           209.5 1
           210.5 2
             :
           213.5 1
           214.5 1
           215.5 1
             :
           218.5 3
           219.5 1
           220.5 1
             :
           222.5 1
           223.5 1
           224.5 1
             :
           226.5 1
           227.5 1
             :
           230.5 2
           231.5 1
             :
           236.5 1
             :
           242.5 1
             :
           244.5 1
           245.5 2
           246.5 3
           247.5 1
             :
           249.5 2
           250.5 1
           251.5 1
           252.5 1
           253.5 2
             :
           255.5 1
           256.5 1
           257.5 1
             :
           259.5 3
           260.5 2
           261.5 2
             :
           263.5 2
             :
           265.5 2
             :
           268.5 2
           269.5 2
           270.5 3
           271.5 2
             :
           274.5 2
           275.5 2
             :
           277.5 1
             :
           280.5 1
             :
           282.5 1
           283.5 1
           284.5 1
           285.5 4
             :
           289.5 1
           290.5 1
           291.5 1
           292.5 1
           293.5 1
           294.5 1
             :
           296.5 2
           297.5 1
             :
           299.5 3
           300.5 1
             :
           304.5 2
           305.5 1
           306.5 1
           307.5 1
           308.5 2
           309.5 1
             :
           311.5 2
           312.5 1
             :
           319.5 1
             :
           325.5 1
           326.5 1
             :
           328.5 1
           329.5 2
             :
           333.5 1
           334.5 1
             :
           338.5 1
           339.5 2
             :
           342.5 1
           343.5 1
             :
           345.5 2
             :
           349.5 1
           350.5 2
           351.5 1
             :
           355.5 1
             :
           362.5 1
             :
           364.5 1
             :
           366.5 1
             :
           373.5 2
             :
           375.5 1
           376.5 1
             :
           379.5 1
           380.5 1
             :
           386.5 1
             :
           407.5 1
             :
           451.5 1
             :
           459.5 1

Total: connections 14400 requests 14400 replies 14400 test-duration 599.978 s

Connection rate: 24.0 conn/s (41.7 ms/conn, <=3 concurrent connections)
Connection time [ms]: min 10.1 avg 22.5 max 459.9 median 17.5 stddev 27.8
Connection time [ms]: connect 0.8
Connection length [replies/conn]: 1.000

Request rate: 24.0 req/s (41.7 ms/req)
Request size [B]: 67.0

Reply rate [replies/s]: min 22.0 avg 24.0 max 26.0 stddev 0.4 (599 samples)
Percentages of the replies served at a given rate:
   50%: 23
   66%: 23
   75%: 23
   80%: 23
   90%: 23
   95%: 24
   98%: 24
   99%: 24
  100%: 26

Reply time [ms]: response 20.8 transfer 0.8
Percentages of the requests served within a certain time (ms) :
   50%: 16
   66%: 19
   75%: 21
   80%: 22
   90%: 28
   95%: 34
   98%: 44
   99%: 160
  100%: 456

Reply size [B]: header 162.0 content 72.0 footer 1.0 (total 235.0)
Reply status: 1xx=0 2xx=14400 3xx=0 4xx=0 5xx=0

CPU time [s]: user 496.69 system 102.05 (user 82.8% system 17.0% total 99.8%)
Net I/O: 7.1 KB/s (0.1*10^6 bps)

Errors: total 0 client-timo 0 socket-timo 0 connrefused 0 connreset 0
Errors: fd-unavail 0 addrunavail 0 ftab-full 0 other 0

