httperf --verbose --hog --timeout=50 --client=0/1 --server=172.16.116.116 --port=8080 --uri=/ --rate=24 --send-buffer=4096 --recv-buffer=16384 --num-conns=14400 --num-calls=1
httperf: maximum number of open descriptors = 65535
Maximum connect burst length: 1

Connection lifetime histogram (time in ms):
             :
            10.5 585
            11.5 1379
            12.5 1131
            13.5 971
            14.5 957
            15.5 1096
            16.5 1237
            17.5 848
            18.5 685
            19.5 643
            20.5 580
            21.5 505
            22.5 489
            23.5 388
            24.5 344
            25.5 277
            26.5 253
            27.5 198
            28.5 208
            29.5 168
            30.5 163
            31.5 139
            32.5 127
            33.5 116
            34.5 82
            35.5 64
            36.5 88
            37.5 53
            38.5 61
            39.5 47
            40.5 43
            41.5 35
            42.5 42
            43.5 30
            44.5 30
            45.5 26
            46.5 27
            47.5 26
            48.5 18
            49.5 9
            50.5 8
            51.5 6
            52.5 8
            53.5 5
            54.5 8
            55.5 3
            56.5 6
            57.5 1
            58.5 1
            59.5 2
            60.5 3
            61.5 1
            62.5 2
            63.5 3
            64.5 2
            65.5 1
            66.5 1
            67.5 2
             :
            69.5 1
            70.5 1
            71.5 2
             :
            73.5 1
             :
            76.5 1
             :
            88.5 1
             :
            90.5 1
             :
           106.5 1
           107.5 1
             :
           111.5 1
             :
           116.5 1
             :
           125.5 1
           126.5 1
             :
           130.5 1
             :
           137.5 1
           138.5 1
             :
           143.5 1
             :
           145.5 1
             :
           148.5 1
             :
           153.5 1
             :
           156.5 1
             :
           159.5 3
             :
           162.5 2
             :
           165.5 1
             :
           167.5 1
             :
           178.5 2
           179.5 2
           180.5 1
             :
           182.5 1
             :
           184.5 1
           185.5 2
             :
           187.5 1
             :
           189.5 1
             :
           191.5 1
           192.5 1
           193.5 2
             :
           195.5 1
             :
           197.5 2
           198.5 2
           199.5 1
           200.5 2
             :
           202.5 1
           203.5 1
             :
           205.5 1
           206.5 2
             :
           212.5 1
           213.5 2
           214.5 2
           215.5 1
             :
           218.5 2
             :
           221.5 1
           222.5 1
             :
           227.5 1
           228.5 2
             :
           232.5 1
           233.5 1
           234.5 1
             :
           236.5 1
             :
           239.5 1
             :
           242.5 2
           243.5 2
             :
           247.5 1
           248.5 1
           249.5 3
           250.5 3
             :
           253.5 2
             :
           255.5 1
             :
           257.5 1
           258.5 2
           259.5 1
             :
           261.5 3
           262.5 1
           263.5 1
             :
           266.5 1
           267.5 1
           268.5 2
           269.5 2
           270.5 2
           271.5 1
             :
           275.5 3
           276.5 1
             :
           279.5 1
             :
           281.5 2
           282.5 1
             :
           284.5 2
           285.5 2
           286.5 1
             :
           288.5 2
             :
           293.5 4
             :
           295.5 1
           296.5 1
             :
           301.5 1
             :
           303.5 1
           304.5 2
             :
           309.5 1
             :
           311.5 1
             :
           317.5 1
           318.5 1
             :
           320.5 3
             :
           322.5 2
             :
           325.5 2
           326.5 1
             :
           331.5 1
             :
           334.5 2
             :
           338.5 1
             :
           342.5 1
           343.5 1
             :
           348.5 1
             :
           350.5 1
             :
           354.5 1
           355.5 1
           356.5 1
             :
           361.5 2
           362.5 1
             :
           366.5 1
             :
           370.5 1
             :
           376.5 1
             :
           380.5 1
             :
           385.5 1
             :
           392.5 1
             :
           396.5 1
             :
           409.5 1
             :
           416.5 1
             :
           441.5 1

Total: connections 14400 requests 14400 replies 14400 test-duration 599.975 s

Connection rate: 24.0 conn/s (41.7 ms/conn, <=4 concurrent connections)
Connection time [ms]: min 10.2 avg 21.6 max 441.5 median 16.5 stddev 26.9
Connection time [ms]: connect 0.7
Connection length [replies/conn]: 1.000

Request rate: 24.0 req/s (41.7 ms/req)
Request size [B]: 67.0

Reply rate [replies/s]: min 23.0 avg 24.0 max 25.0 stddev 0.4 (599 samples)
Percentages of the replies served at a given rate:
   50%: 23
   66%: 23
   75%: 23
   80%: 23
   90%: 23
   95%: 24
   98%: 24
   99%: 24
  100%: 25

Reply time [ms]: response 20.0 transfer 0.9
Percentages of the requests served within a certain time (ms) :
   50%: 15
   66%: 18
   75%: 20
   80%: 22
   90%: 27
   95%: 34
   98%: 43
   99%: 145
  100%: 387

Reply size [B]: header 162.0 content 72.0 footer 1.0 (total 235.0)
Reply status: 1xx=0 2xx=14400 3xx=0 4xx=0 5xx=0

CPU time [s]: user 492.96 system 105.78 (user 82.2% system 17.6% total 99.8%)
Net I/O: 7.1 KB/s (0.1*10^6 bps)

Errors: total 0 client-timo 0 socket-timo 0 connrefused 0 connreset 0
Errors: fd-unavail 0 addrunavail 0 ftab-full 0 other 0

