httperf --verbose --hog --timeout=50 --client=0/1 --server=172.16.116.116 --port=8080 --uri=/ --rate=24 --send-buffer=4096 --recv-buffer=16384 --num-conns=14400 --num-calls=1
httperf: maximum number of open descriptors = 65535
Maximum connect burst length: 1

Connection lifetime histogram (time in ms):
             :
            10.5 556
            11.5 1828
            12.5 1238
            13.5 993
            14.5 942
            15.5 1108
            16.5 1302
            17.5 944
            18.5 676
            19.5 546
            20.5 476
            21.5 461
            22.5 374
            23.5 340
            24.5 291
            25.5 227
            26.5 222
            27.5 199
            28.5 175
            29.5 165
            30.5 135
            31.5 122
            32.5 104
            33.5 118
            34.5 100
            35.5 78
            36.5 77
            37.5 53
            38.5 53
            39.5 46
            40.5 36
            41.5 39
            42.5 35
            43.5 31
            44.5 30
            45.5 17
            46.5 19
            47.5 12
            48.5 27
            49.5 5
            50.5 9
            51.5 9
            52.5 3
            53.5 7
            54.5 9
            55.5 2
            56.5 2
            57.5 4
            58.5 5
            59.5 1
            60.5 1
            61.5 4
            62.5 2
            63.5 1
             :
            65.5 1
             :
            67.5 1
             :
            69.5 2
            70.5 1
             :
            73.5 1
            74.5 2
            75.5 1
             :
            77.5 1
             :
            80.5 1
            81.5 1
             :
            84.5 1
             :
            87.5 1
             :
            91.5 1
             :
           101.5 1
             :
           106.5 2
             :
           115.5 1
             :
           119.5 2
           120.5 1
             :
           123.5 3
             :
           133.5 1
             :
           135.5 2
             :
           139.5 2
           140.5 1
             :
           143.5 1
             :
           148.5 1
             :
           150.5 1
             :
           162.5 1
           163.5 2
             :
           168.5 1
           169.5 1
             :
           174.5 2
           175.5 2
             :
           178.5 1
           179.5 1
           180.5 1
             :
           185.5 1
             :
           189.5 1
             :
           192.5 1
             :
           200.5 2
             :
           211.5 1
             :
           213.5 1
             :
           215.5 1
             :
           217.5 1
           218.5 1
           219.5 1
             :
           222.5 1
             :
           227.5 1
           228.5 1
             :
           233.5 3
             :
           235.5 1
             :
           237.5 1
           238.5 2
           239.5 1
           240.5 3
           241.5 1
             :
           244.5 1
           245.5 1
             :
           248.5 1
             :
           250.5 1
             :
           252.5 2
             :
           255.5 1
           256.5 1
             :
           260.5 1
           261.5 2
             :
           263.5 1
             :
           265.5 1
           266.5 1
             :
           268.5 2
             :
           273.5 2
           274.5 1
             :
           278.5 1
           279.5 1
             :
           281.5 2
             :
           283.5 1
             :
           285.5 3
           286.5 1
           287.5 1
             :
           292.5 1
           293.5 2
           294.5 1
             :
           296.5 2
           297.5 2
             :
           299.5 2
           300.5 2
             :
           302.5 2
             :
           305.5 1
           306.5 2
             :
           309.5 1
             :
           318.5 1
             :
           324.5 1
             :
           326.5 2
             :
           332.5 1
             :
           334.5 1
           335.5 1
           336.5 1
           337.5 1
             :
           339.5 1
             :
           342.5 2
             :
           345.5 2
           346.5 1
             :
           350.5 1
             :
           354.5 1
             :
           369.5 2
             :
           372.5 1
             :
           389.5 1
             :
           411.5 1

Total: connections 14400 requests 14400 replies 14400 test-duration 599.979 s

Connection rate: 24.0 conn/s (41.7 ms/conn, <=3 concurrent connections)
Connection time [ms]: min 10.1 avg 20.5 max 411.9 median 16.5 stddev 23.6
Connection time [ms]: connect 0.7
Connection length [replies/conn]: 1.000

Request rate: 24.0 req/s (41.7 ms/req)
Request size [B]: 67.0

Reply rate [replies/s]: min 23.0 avg 24.0 max 25.0 stddev 0.3 (599 samples)
Percentages of the replies served at a given rate:
   50%: 23
   66%: 23
   75%: 23
   80%: 23
   90%: 23
   95%: 24
   98%: 24
   99%: 24
  100%: 25

Reply time [ms]: response 18.9 transfer 0.8
Percentages of the requests served within a certain time (ms) :
   50%: 15
   66%: 17
   75%: 19
   80%: 21
   90%: 27
   95%: 33
   98%: 42
   99%: 57
  100%: 389

Reply size [B]: header 162.0 content 72.0 footer 1.0 (total 235.0)
Reply status: 1xx=0 2xx=14400 3xx=0 4xx=0 5xx=0

CPU time [s]: user 495.57 system 103.16 (user 82.6% system 17.2% total 99.8%)
Net I/O: 7.1 KB/s (0.1*10^6 bps)

Errors: total 0 client-timo 0 socket-timo 0 connrefused 0 connreset 0
Errors: fd-unavail 0 addrunavail 0 ftab-full 0 other 0

