httperf --verbose --hog --timeout=50 --client=0/1 --server=172.16.116.116 --port=8080 --uri=/ --rate=8 --send-buffer=4096 --recv-buffer=16384 --num-conns=2400 --num-calls=1
httperf: maximum number of open descriptors = 65535
Maximum connect burst length: 1

Connection lifetime histogram (time in ms):
             :
           341.5 1
             :
           350.5 1
             :
           391.5 1
             :
           445.5 1
             :
           455.5 1
             :
           472.5 1
             :
           475.5 1
             :
           488.5 1
           489.5 1
             :
           492.5 1
             :
           494.5 1
           495.5 1
             :
           501.5 1
             :
           505.5 1
           506.5 1
           507.5 1
             :
           510.5 2
           511.5 1
             :
           513.5 1
           514.5 1
           515.5 1
             :
           518.5 1
           519.5 1
           520.5 7
           521.5 2
           522.5 1
           523.5 2
           524.5 3
           525.5 4
           526.5 2
           527.5 4
             :
           529.5 3
           530.5 6
           531.5 4
           532.5 3
           533.5 2
           534.5 2
           535.5 2
           536.5 3
           537.5 5
           538.5 1
           539.5 4
           540.5 4
           541.5 2
           542.5 7
           543.5 6
           544.5 7
           545.5 9
           546.5 1
           547.5 7
           548.5 4
           549.5 5
           550.5 3
             :
           552.5 5
           553.5 3
           554.5 6
           555.5 4
           556.5 5
           557.5 3
           558.5 4
           559.5 4
           560.5 4
           561.5 3
           562.5 4
           563.5 3
           564.5 9
           565.5 3
           566.5 2
             :
           568.5 3
           569.5 2
           570.5 3
             :
           572.5 2
           573.5 3
           574.5 1
           575.5 3
           576.5 2
           577.5 7
           578.5 3
           579.5 7
           580.5 6
           581.5 2
           582.5 3
           583.5 1
           584.5 4
           585.5 6
           586.5 1
           587.5 2
           588.5 1
           589.5 5
             :
           592.5 2
           593.5 1
           594.5 4
           595.5 1
           596.5 1
           597.5 2
           598.5 1
           599.5 1
           600.5 3
           601.5 4
           602.5 3
           603.5 3
           604.5 2
           605.5 2
           606.5 1
           607.5 5
           608.5 2
           609.5 4
           610.5 2
           611.5 3
           612.5 1
           613.5 3
           614.5 6
           615.5 6
           616.5 3
             :
           618.5 2
           619.5 3
           620.5 2
           621.5 3
           622.5 3
           623.5 2
           624.5 1
           625.5 2
             :
           627.5 3
           628.5 3
             :
           630.5 2
           631.5 4
           632.5 5
           633.5 4
           634.5 2
           635.5 4
           636.5 7
           637.5 8
           638.5 2
           639.5 1
           640.5 2
           641.5 3
           642.5 7
           643.5 4
           644.5 2
           645.5 4
           646.5 4
           647.5 4
           648.5 5
           649.5 2
           650.5 1
           651.5 4
           652.5 3
           653.5 4
           654.5 4
           655.5 7
           656.5 6
           657.5 4
           658.5 6
           659.5 2
           660.5 4
           661.5 7
           662.5 4
           663.5 10
           664.5 1
           665.5 5
           666.5 1
           667.5 3
           668.5 6
           669.5 8
           670.5 5
           671.5 2
           672.5 8
           673.5 5
           674.5 6
           675.5 10
           676.5 9
           677.5 6
           678.5 6
           679.5 8
           680.5 6
           681.5 6
           682.5 3
           683.5 5
           684.5 6
           685.5 3
           686.5 5
           687.5 4
           688.5 4
           689.5 6
           690.5 8
           691.5 6
           692.5 6
           693.5 7
           694.5 6
           695.5 8
           696.5 9
           697.5 6
           698.5 3
           699.5 7
           700.5 2
           701.5 3
           702.5 6
           703.5 9
           704.5 8
           705.5 13
           706.5 9
           707.5 3
           708.5 11
           709.5 4
           710.5 7
           711.5 3
           712.5 9
           713.5 10
           714.5 6
           715.5 6
           716.5 7
           717.5 7
           718.5 8
           719.5 7
           720.5 7
           721.5 10
           722.5 8
           723.5 10
           724.5 6
           725.5 5
           726.5 8
           727.5 9
           728.5 11
           729.5 5
           730.5 10
           731.5 8
           732.5 10
           733.5 9
           734.5 10
           735.5 6
           736.5 9
           737.5 7
           738.5 9
           739.5 7
           740.5 4
           741.5 7
           742.5 7
           743.5 12
           744.5 11
           745.5 10
           746.5 15
           747.5 7
           748.5 9
           749.5 10
           750.5 6
           751.5 9
           752.5 8
           753.5 8
           754.5 11
           755.5 7
           756.5 7
           757.5 8
           758.5 8
           759.5 9
           760.5 9
           761.5 7
           762.5 7
           763.5 10
           764.5 8
           765.5 5
           766.5 17
           767.5 12
           768.5 8
           769.5 11
           770.5 7
           771.5 8
           772.5 10
           773.5 3
           774.5 14
           775.5 18
           776.5 12
           777.5 10
           778.5 9
           779.5 6
           780.5 10
           781.5 6
           782.5 8
           783.5 8
           784.5 12
           785.5 8
           786.5 11
           787.5 15
           788.5 11
           789.5 6
           790.5 6
           791.5 6
           792.5 8
           793.5 7
           794.5 8
           795.5 8
           796.5 10
           797.5 3
           798.5 6
           799.5 14
           800.5 2
           801.5 9
           802.5 6
           803.5 12
           804.5 4
           805.5 7
           806.5 6
           807.5 6
           808.5 10
           809.5 11
           810.5 9
           811.5 6
           812.5 9
           813.5 8
           814.5 10
           815.5 14
           816.5 7
           817.5 11
           818.5 7
           819.5 8
           820.5 7
           821.5 9
           822.5 9
           823.5 12
           824.5 3
           825.5 12
           826.5 11
           827.5 8
           828.5 6
           829.5 5
           830.5 9
           831.5 9
           832.5 5
           833.5 10
           834.5 6
           835.5 3
           836.5 6
           837.5 13
           838.5 6
           839.5 6
           840.5 4
           841.5 8
           842.5 9
           843.5 7
           844.5 2
           845.5 2
           846.5 4
           847.5 4
           848.5 6
           849.5 5
           850.5 5
           851.5 5
           852.5 6
           853.5 4
           854.5 7
           855.5 11
           856.5 4
           857.5 5
           858.5 5
           859.5 3
           860.5 2
           861.5 4
           862.5 4
           863.5 4
           864.5 2
           865.5 3
           866.5 2
           867.5 3
           868.5 2
           869.5 1
           870.5 2
           871.5 4
           872.5 6
           873.5 2
           874.5 2
           875.5 1
           876.5 3
           877.5 6
           878.5 7
           879.5 3
           880.5 3
           881.5 3
             :
           883.5 5
           884.5 4
           885.5 3
           886.5 3
           887.5 1
           888.5 4
           889.5 1
           890.5 5
             :
           892.5 5
           893.5 2
           894.5 4
           895.5 4
           896.5 3
           897.5 5
           898.5 1
           899.5 6
           900.5 3
           901.5 4
           902.5 2
           903.5 4
           904.5 4
           905.5 5
           906.5 5
           907.5 4
           908.5 4
           909.5 3
           910.5 3
           911.5 2
           912.5 1
           913.5 1
           914.5 5
           915.5 5
           916.5 4
           917.5 3
           918.5 1
           919.5 6
           920.5 1
           921.5 3
           922.5 3
           923.5 4
           924.5 3
           925.5 5
             :
           927.5 4
           928.5 6
           929.5 3
           930.5 5
           931.5 4
           932.5 6
           933.5 1
           934.5 6
             :
           936.5 5
           937.5 4
           938.5 4
           939.5 2
             :
           941.5 2
           942.5 2
           943.5 2
           944.5 5
           945.5 3
           946.5 3
           947.5 3
           948.5 2
             :
           950.5 4
           951.5 5
           952.5 6
           953.5 4
           954.5 4
             :
           956.5 4
             :
           958.5 1
           959.5 3
           960.5 5
           961.5 1
           962.5 1
           963.5 2
           964.5 1
             :
           966.5 1
           967.5 4
           968.5 1
           969.5 6
           970.5 5
           971.5 2
           972.5 1
           973.5 2
           974.5 1
             :
           978.5 2
           979.5 1
           980.5 1
           981.5 1
           982.5 1
             :
           984.5 4
             :
           986.5 2
           987.5 1
           988.5 2
           989.5 3
           990.5 2
           991.5 3
           992.5 2
           993.5 1
             :
           995.5 2
           996.5 1
             :
           999.5 1
          1000.5 1
             :
          1005.5 1
             :
          1007.5 2
          1008.5 2
          1009.5 2
          1010.5 1
          1011.5 1
             :
          1013.5 1
          1014.5 4
          1015.5 1
          1016.5 2
          1017.5 1
          1018.5 1
             :
          1021.5 1
          1022.5 2
             :
          1026.5 1
             :
          1029.5 2
          1030.5 1
             :
          1035.5 2
             :
          1040.5 1
          1041.5 1
          1042.5 1
             :
          1045.5 1
          1046.5 1
          1047.5 1
             :
          1050.5 1
          1051.5 1
             :
          1060.5 1
          1061.5 1
          1062.5 1
          1063.5 3
          1064.5 1
             :
          1071.5 1
             :
          1077.5 1
             :
          1079.5 1
             :
          1083.5 1
             :
          1096.5 1
             :
          1099.5 1
             :
          1110.5 1
             :
          1115.5 1
             :
          1132.5 1
          1133.5 1
             :
          1146.5 1
             :
          1167.5 1
             :
          1219.5 1
             :
          1446.5 1

Total: connections 2400 requests 2400 replies 2400 test-duration 300.519 s

Connection rate: 8.0 conn/s (125.2 ms/conn, <=9 concurrent connections)
Connection time [ms]: min 341.5 avg 759.4 max 1446.4 median 762.5 stddev 122.1
Connection time [ms]: connect 1.1
Connection length [replies/conn]: 1.000

Request rate: 8.0 req/s (125.2 ms/req)
Request size [B]: 67.0

Reply rate [replies/s]: min 1.0 avg 8.0 max 11.0 stddev 1.1 (300 samples)
Percentages of the replies served at a given rate:
   50%: 7
   66%: 7
   75%: 8
   80%: 8
   90%: 8
   95%: 9
   98%: 9
   99%: 9
  100%: 11

Reply time [ms]: response 682.0 transfer 76.2
Percentages of the requests served within a certain time (ms) :
   50%: 678
   66%: 746
   75%: 776
   80%: 797
   90%: 836
   95%: 881
   98%: 951
   99%: 981
  100%: 1273

Reply size [B]: header 163.0 content 72.0 footer 2.0 (total 237.0)
Reply status: 1xx=0 2xx=2400 3xx=0 4xx=0 5xx=0

CPU time [s]: user 221.67 system 78.41 (user 73.8% system 26.1% total 99.9%)
Net I/O: 2.4 KB/s (0.0*10^6 bps)

Errors: total 0 client-timo 0 socket-timo 0 connrefused 0 connreset 0
Errors: fd-unavail 0 addrunavail 0 ftab-full 0 other 0

