httperf --verbose --hog --timeout=50 --client=0/1 --server=172.16.116.116 --port=8080 --uri=/ --rate=8 --send-buffer=4096 --recv-buffer=16384 --num-conns=2400 --num-calls=1
httperf: maximum number of open descriptors = 65535
Maximum connect burst length: 1

Connection lifetime histogram (time in ms):
             :
           465.5 1
             :
           494.5 2
           495.5 1
             :
           498.5 1
             :
           502.5 1
           503.5 1
           504.5 2
           505.5 1
             :
           507.5 1
             :
           509.5 2
             :
           511.5 2
           512.5 3
             :
           515.5 2
             :
           517.5 3
           518.5 3
           519.5 4
           520.5 3
             :
           522.5 3
           523.5 2
           524.5 2
           525.5 3
           526.5 1
           527.5 5
           528.5 7
           529.5 1
           530.5 4
           531.5 3
           532.5 4
           533.5 1
           534.5 3
             :
           536.5 4
           537.5 2
           538.5 1
           539.5 4
           540.5 2
           541.5 3
           542.5 2
           543.5 7
           544.5 4
           545.5 1
           546.5 5
           547.5 6
           548.5 3
           549.5 4
           550.5 6
           551.5 6
           552.5 4
           553.5 6
           554.5 3
           555.5 3
           556.5 8
           557.5 10
           558.5 3
           559.5 1
           560.5 1
           561.5 5
           562.5 5
           563.5 4
           564.5 2
           565.5 2
           566.5 1
           567.5 4
           568.5 3
           569.5 2
           570.5 2
           571.5 5
           572.5 5
           573.5 4
           574.5 1
           575.5 4
             :
           578.5 2
           579.5 5
           580.5 3
           581.5 4
           582.5 3
             :
           584.5 4
           585.5 1
           586.5 4
           587.5 3
           588.5 2
           589.5 2
           590.5 1
           591.5 2
           592.5 3
             :
           594.5 3
           595.5 2
           596.5 2
           597.5 3
             :
           599.5 5
           600.5 3
           601.5 1
           602.5 6
           603.5 2
           604.5 2
           605.5 4
           606.5 4
           607.5 2
           608.5 3
             :
           611.5 3
           612.5 1
           613.5 1
             :
           615.5 3
           616.5 2
           617.5 2
             :
           619.5 1
           620.5 3
           621.5 2
           622.5 4
           623.5 3
           624.5 2
           625.5 2
           626.5 1
             :
           628.5 3
           629.5 2
           630.5 3
             :
           632.5 3
           633.5 4
           634.5 3
           635.5 7
             :
           637.5 2
           638.5 3
           639.5 8
           640.5 2
           641.5 1
           642.5 6
           643.5 3
           644.5 3
           645.5 1
           646.5 5
           647.5 2
           648.5 6
           649.5 2
           650.5 4
           651.5 5
           652.5 4
           653.5 3
           654.5 7
           655.5 5
           656.5 6
           657.5 2
           658.5 3
           659.5 5
           660.5 3
           661.5 5
           662.5 3
           663.5 2
           664.5 9
           665.5 3
           666.5 5
           667.5 4
           668.5 3
           669.5 7
           670.5 2
           671.5 4
           672.5 9
           673.5 3
           674.5 6
           675.5 6
           676.5 2
           677.5 4
           678.5 5
           679.5 2
           680.5 4
           681.5 4
           682.5 3
           683.5 2
           684.5 4
           685.5 8
           686.5 8
           687.5 5
           688.5 9
           689.5 7
           690.5 7
           691.5 13
           692.5 7
           693.5 9
           694.5 6
           695.5 5
           696.5 3
           697.5 3
           698.5 6
           699.5 5
           700.5 7
           701.5 13
           702.5 6
           703.5 8
           704.5 9
           705.5 11
           706.5 5
           707.5 10
           708.5 9
           709.5 9
           710.5 10
           711.5 4
           712.5 11
           713.5 7
           714.5 6
           715.5 7
           716.5 12
           717.5 9
           718.5 9
           719.5 11
           720.5 4
           721.5 11
           722.5 4
           723.5 8
           724.5 9
           725.5 13
           726.5 9
           727.5 9
           728.5 11
           729.5 7
           730.5 8
           731.5 17
           732.5 9
           733.5 8
           734.5 5
           735.5 10
           736.5 11
           737.5 10
           738.5 12
           739.5 7
           740.5 7
           741.5 5
           742.5 7
           743.5 7
           744.5 10
           745.5 5
           746.5 9
           747.5 12
           748.5 6
           749.5 8
           750.5 10
           751.5 14
           752.5 7
           753.5 9
           754.5 7
           755.5 14
           756.5 15
           757.5 7
           758.5 9
           759.5 9
           760.5 11
           761.5 11
           762.5 8
           763.5 15
           764.5 7
           765.5 6
           766.5 6
           767.5 10
           768.5 12
           769.5 6
           770.5 12
           771.5 7
           772.5 9
           773.5 11
           774.5 4
           775.5 9
           776.5 4
           777.5 12
           778.5 10
           779.5 7
           780.5 14
           781.5 13
           782.5 6
           783.5 10
           784.5 14
           785.5 9
           786.5 10
           787.5 8
           788.5 5
           789.5 5
           790.5 12
           791.5 11
           792.5 5
           793.5 12
           794.5 7
           795.5 11
           796.5 8
           797.5 6
           798.5 8
           799.5 13
           800.5 15
           801.5 10
           802.5 8
           803.5 12
           804.5 9
           805.5 8
           806.5 4
           807.5 6
           808.5 9
           809.5 6
           810.5 10
           811.5 7
           812.5 9
           813.5 8
           814.5 9
           815.5 11
           816.5 7
           817.5 5
           818.5 6
           819.5 9
           820.5 2
           821.5 7
           822.5 6
           823.5 5
           824.5 7
           825.5 12
           826.5 6
           827.5 3
           828.5 7
           829.5 7
           830.5 2
           831.5 10
           832.5 5
           833.5 10
           834.5 9
           835.5 6
           836.5 5
           837.5 1
           838.5 3
           839.5 4
           840.5 4
           841.5 11
           842.5 13
           843.5 9
           844.5 4
           845.5 6
           846.5 11
           847.5 5
           848.5 7
           849.5 6
           850.5 4
           851.5 4
           852.5 6
           853.5 2
           854.5 6
           855.5 5
           856.5 7
           857.5 3
           858.5 4
           859.5 5
           860.5 3
           861.5 5
           862.5 7
           863.5 4
           864.5 2
           865.5 5
           866.5 3
           867.5 5
           868.5 8
           869.5 5
           870.5 2
           871.5 4
           872.5 3
           873.5 5
           874.5 2
           875.5 5
           876.5 4
           877.5 3
           878.5 2
           879.5 1
           880.5 1
           881.5 6
           882.5 3
           883.5 1
           884.5 2
           885.5 3
           886.5 4
           887.5 4
           888.5 2
           889.5 3
           890.5 2
           891.5 2
           892.5 1
           893.5 5
           894.5 2
           895.5 5
           896.5 2
           897.5 3
           898.5 5
           899.5 3
           900.5 1
           901.5 5
           902.5 4
           903.5 4
           904.5 1
           905.5 3
           906.5 6
           907.5 3
           908.5 4
           909.5 1
           910.5 3
           911.5 1
           912.5 1
           913.5 2
           914.5 7
           915.5 5
           916.5 2
           917.5 5
           918.5 4
           919.5 2
           920.5 5
           921.5 5
           922.5 5
           923.5 5
           924.5 3
           925.5 3
             :
           927.5 4
           928.5 5
             :
           930.5 2
           931.5 6
           932.5 3
           933.5 3
           934.5 1
           935.5 2
           936.5 2
           937.5 3
           938.5 1
           939.5 2
           940.5 3
           941.5 1
           942.5 1
             :
           944.5 3
           945.5 2
           946.5 5
           947.5 1
           948.5 4
           949.5 3
           950.5 2
           951.5 5
           952.5 6
             :
           954.5 2
           955.5 4
           956.5 1
           957.5 2
           958.5 1
           959.5 5
           960.5 4
           961.5 1
             :
           963.5 5
           964.5 2
           965.5 1
           966.5 3
           967.5 1
             :
           969.5 5
           970.5 2
           971.5 3
           972.5 4
             :
           974.5 1
           975.5 4
           976.5 3
           977.5 1
           978.5 1
           979.5 1
             :
           981.5 1
           982.5 1
           983.5 1
           984.5 1
             :
           986.5 2
           987.5 2
           988.5 4
           989.5 1
             :
           991.5 2
           992.5 3
           993.5 1
           994.5 3
           995.5 1
           996.5 2
           997.5 1
           998.5 1
             :
          1000.5 2
          1001.5 1
          1002.5 1
          1003.5 3
             :
          1006.5 1
          1007.5 3
          1008.5 1
          1009.5 1
          1010.5 1
          1011.5 1
             :
          1014.5 1
          1015.5 1
             :
          1018.5 1
          1019.5 1
          1020.5 1
          1021.5 1
          1022.5 1
          1023.5 1
          1024.5 1
          1025.5 1
          1026.5 2
          1027.5 2
          1028.5 2
          1029.5 1
             :
          1034.5 1
          1035.5 1
             :
          1037.5 1
          1038.5 1
             :
          1041.5 1
          1042.5 1
             :
          1049.5 2
          1050.5 1
             :
          1054.5 1
             :
          1056.5 1
          1057.5 1
          1058.5 1
             :
          1072.5 2
          1073.5 2
             :
          1078.5 1
             :
          1083.5 1
          1084.5 1
             :
          1104.5 1
             :
          1111.5 2
             :
          1115.5 1
             :
          1121.5 1
             :
          1127.5 1
             :
          1132.5 1
             :
          1137.5 1
             :
          1141.5 1
             :
          1151.5 1
             :
          1153.5 1
             :
          1156.5 1
             :
          1180.5 1
             :
          1191.5 1
             :
          1480.5 1

Total: connections 2400 requests 2400 replies 2400 test-duration 300.667 s

Connection rate: 8.0 conn/s (125.3 ms/conn, <=9 concurrent connections)
Connection time [ms]: min 465.7 avg 762.3 max 1480.3 median 761.5 stddev 121.3
Connection time [ms]: connect 1.2
Connection length [replies/conn]: 1.000

Request rate: 8.0 req/s (125.3 ms/req)
Request size [B]: 67.0

Reply rate [replies/s]: min 1.0 avg 8.0 max 11.0 stddev 1.1 (300 samples)
Percentages of the replies served at a given rate:
   50%: 7
   66%: 7
   75%: 8
   80%: 8
   90%: 8
   95%: 9
   98%: 9
   99%: 9
  100%: 11

Reply time [ms]: response 684.8 transfer 76.1
Percentages of the requests served within a certain time (ms) :
   50%: 687
   66%: 750
   75%: 781
   80%: 798
   90%: 840
   95%: 888
   98%: 949
   99%: 998
  100%: 1348

Reply size [B]: header 162.0 content 72.0 footer 1.0 (total 235.0)
Reply status: 1xx=0 2xx=2400 3xx=0 4xx=0 5xx=0

CPU time [s]: user 222.40 system 77.78 (user 74.0% system 25.9% total 99.8%)
Net I/O: 2.4 KB/s (0.0*10^6 bps)

Errors: total 0 client-timo 0 socket-timo 0 connrefused 0 connreset 0
Errors: fd-unavail 0 addrunavail 0 ftab-full 0 other 0

