httperf --verbose --hog --timeout=50 --client=0/1 --server=172.16.116.116 --port=8080 --uri=/ --rate=8 --send-buffer=4096 --recv-buffer=16384 --num-conns=2400 --num-calls=1
httperf: maximum number of open descriptors = 65535
Maximum connect burst length: 1

Connection lifetime histogram (time in ms):
             :
           353.5 1
             :
           470.5 1
           471.5 1
             :
           480.5 1
             :
           488.5 1
             :
           490.5 1
             :
           492.5 1
             :
           501.5 1
             :
           503.5 1
             :
           505.5 1
             :
           508.5 2
           509.5 2
           510.5 1
             :
           512.5 1
           513.5 4
           514.5 1
           515.5 1
           516.5 3
           517.5 3
             :
           519.5 3
           520.5 2
             :
           522.5 5
           523.5 2
           524.5 1
             :
           527.5 2
           528.5 4
           529.5 3
           530.5 1
           531.5 3
           532.5 1
           533.5 4
           534.5 2
           535.5 2
           536.5 4
           537.5 7
           538.5 3
           539.5 2
           540.5 6
           541.5 1
           542.5 5
           543.5 2
           544.5 3
           545.5 3
           546.5 2
           547.5 7
           548.5 6
           549.5 3
           550.5 2
           551.5 5
           552.5 3
           553.5 4
           554.5 6
           555.5 3
           556.5 4
           557.5 5
           558.5 5
           559.5 3
             :
           561.5 2
           562.5 4
           563.5 4
           564.5 7
           565.5 3
           566.5 2
           567.5 6
           568.5 3
           569.5 5
           570.5 2
           571.5 3
           572.5 3
           573.5 3
           574.5 3
           575.5 6
           576.5 1
           577.5 2
             :
           579.5 5
           580.5 1
           581.5 4
           582.5 2
           583.5 2
           584.5 6
           585.5 1
           586.5 2
             :
           588.5 1
           589.5 1
           590.5 1
           591.5 4
           592.5 5
           593.5 5
           594.5 1
           595.5 2
           596.5 3
           597.5 2
           598.5 2
           599.5 4
           600.5 4
           601.5 5
             :
           603.5 3
           604.5 2
           605.5 1
             :
           607.5 3
           608.5 2
             :
           611.5 1
           612.5 2
           613.5 2
           614.5 3
           615.5 3
           616.5 4
           617.5 5
           618.5 5
           619.5 3
           620.5 1
           621.5 1
           622.5 2
           623.5 1
           624.5 1
           625.5 4
           626.5 2
           627.5 3
             :
           629.5 3
           630.5 6
           631.5 3
           632.5 4
           633.5 3
           634.5 3
           635.5 1
           636.5 1
           637.5 3
           638.5 3
           639.5 2
             :
           641.5 1
           642.5 4
           643.5 4
           644.5 8
           645.5 3
           646.5 4
           647.5 7
           648.5 2
           649.5 3
           650.5 5
           651.5 3
           652.5 5
           653.5 5
           654.5 4
           655.5 1
           656.5 7
           657.5 3
           658.5 4
           659.5 5
           660.5 3
           661.5 2
           662.5 3
           663.5 4
           664.5 7
           665.5 7
             :
           667.5 6
           668.5 6
           669.5 6
           670.5 5
           671.5 5
           672.5 5
           673.5 2
           674.5 4
           675.5 5
           676.5 6
           677.5 5
           678.5 5
           679.5 8
           680.5 2
           681.5 4
           682.5 6
           683.5 5
           684.5 5
           685.5 11
           686.5 5
           687.5 7
           688.5 3
           689.5 7
           690.5 7
           691.5 7
           692.5 6
           693.5 6
           694.5 6
           695.5 9
           696.5 7
           697.5 7
           698.5 4
           699.5 7
           700.5 10
           701.5 9
           702.5 7
           703.5 7
           704.5 8
           705.5 8
           706.5 6
           707.5 10
           708.5 9
           709.5 5
           710.5 11
           711.5 12
           712.5 7
           713.5 3
           714.5 5
           715.5 8
           716.5 10
           717.5 4
           718.5 14
           719.5 3
           720.5 6
           721.5 8
           722.5 9
           723.5 9
           724.5 6
           725.5 12
           726.5 12
           727.5 8
           728.5 7
           729.5 8
           730.5 8
           731.5 17
           732.5 10
           733.5 12
           734.5 7
           735.5 10
           736.5 10
           737.5 2
           738.5 5
           739.5 5
           740.5 11
           741.5 9
           742.5 11
           743.5 7
           744.5 9
           745.5 10
           746.5 11
           747.5 5
           748.5 10
           749.5 7
           750.5 7
           751.5 7
           752.5 13
           753.5 14
           754.5 8
           755.5 8
           756.5 14
           757.5 6
           758.5 6
           759.5 6
           760.5 13
           761.5 11
           762.5 10
           763.5 6
           764.5 10
           765.5 8
           766.5 6
           767.5 12
           768.5 8
           769.5 8
           770.5 6
           771.5 11
           772.5 10
           773.5 15
           774.5 10
           775.5 13
           776.5 13
           777.5 6
           778.5 9
           779.5 15
           780.5 11
           781.5 14
           782.5 9
           783.5 11
           784.5 4
           785.5 12
           786.5 10
           787.5 9
           788.5 13
           789.5 3
           790.5 9
           791.5 4
           792.5 11
           793.5 12
           794.5 6
           795.5 7
           796.5 10
           797.5 11
           798.5 8
           799.5 5
           800.5 9
           801.5 7
           802.5 9
           803.5 3
           804.5 3
           805.5 12
           806.5 8
           807.5 9
           808.5 4
           809.5 13
           810.5 9
           811.5 9
           812.5 7
           813.5 9
           814.5 11
           815.5 9
           816.5 12
           817.5 9
           818.5 9
           819.5 9
           820.5 8
           821.5 5
           822.5 4
           823.5 10
           824.5 10
           825.5 10
           826.5 5
           827.5 8
           828.5 9
           829.5 5
           830.5 4
           831.5 8
           832.5 9
           833.5 8
           834.5 9
           835.5 10
           836.5 5
           837.5 4
           838.5 7
           839.5 5
           840.5 7
           841.5 2
           842.5 8
           843.5 5
           844.5 6
           845.5 4
           846.5 7
           847.5 4
           848.5 8
           849.5 17
           850.5 3
           851.5 5
           852.5 4
           853.5 5
           854.5 4
           855.5 5
           856.5 5
           857.5 4
           858.5 1
           859.5 6
           860.5 8
           861.5 2
           862.5 5
           863.5 3
           864.5 3
           865.5 4
           866.5 4
           867.5 4
           868.5 6
           869.5 4
           870.5 1
           871.5 4
           872.5 6
           873.5 2
           874.5 6
           875.5 1
           876.5 3
           877.5 5
           878.5 2
           879.5 3
           880.5 2
           881.5 6
           882.5 3
             :
           884.5 7
           885.5 1
           886.5 1
           887.5 4
           888.5 4
           889.5 3
           890.5 5
           891.5 1
           892.5 2
           893.5 5
             :
           895.5 5
           896.5 1
           897.5 5
           898.5 3
           899.5 5
           900.5 3
           901.5 5
           902.5 7
           903.5 2
           904.5 7
           905.5 3
             :
           907.5 1
           908.5 4
           909.5 2
           910.5 4
           911.5 2
           912.5 1
           913.5 2
           914.5 5
           915.5 4
           916.5 1
           917.5 2
           918.5 3
           919.5 1
           920.5 3
           921.5 3
           922.5 2
           923.5 3
           924.5 5
           925.5 4
           926.5 3
             :
           928.5 1
           929.5 3
           930.5 3
           931.5 3
           932.5 1
           933.5 3
           934.5 3
           935.5 4
           936.5 3
           937.5 5
           938.5 5
           939.5 1
           940.5 6
           941.5 1
           942.5 3
           943.5 2
           944.5 5
           945.5 1
           946.5 2
             :
           948.5 4
           949.5 4
           950.5 4
           951.5 4
           952.5 3
           953.5 2
             :
           955.5 1
           956.5 2
           957.5 3
           958.5 2
           959.5 3
           960.5 3
           961.5 1
           962.5 1
           963.5 3
           964.5 2
           965.5 1
           966.5 1
           967.5 3
             :
           969.5 4
           970.5 2
           971.5 3
           972.5 1
             :
           974.5 1
           975.5 2
           976.5 2
           977.5 3
             :
           979.5 1
           980.5 4
             :
           982.5 2
           983.5 3
           984.5 1
           985.5 3
           986.5 3
           987.5 1
           988.5 2
           989.5 3
           990.5 1
             :
           992.5 1
           993.5 4
           994.5 2
           995.5 1
           996.5 1
           997.5 2
           998.5 1
             :
          1002.5 3
          1003.5 1
          1004.5 1
          1005.5 4
          1006.5 3
             :
          1008.5 1
             :
          1010.5 2
          1011.5 2
             :
          1015.5 1
          1016.5 1
             :
          1018.5 1
             :
          1023.5 1
             :
          1027.5 1
             :
          1030.5 1
          1031.5 1
          1032.5 2
          1033.5 1
             :
          1036.5 1
          1037.5 1
          1038.5 1
          1039.5 1
             :
          1041.5 1
          1042.5 1
          1043.5 1
             :
          1045.5 1
          1046.5 1
          1047.5 1
             :
          1051.5 1
             :
          1053.5 1
             :
          1061.5 3
          1062.5 1
             :
          1066.5 1
          1067.5 2
             :
          1076.5 1
             :
          1080.5 1
             :
          1083.5 1
          1084.5 1
             :
          1086.5 1
          1087.5 1
             :
          1093.5 1
             :
          1099.5 1
             :
          1121.5 1
             :
          1149.5 1
             :
          1221.5 1

Total: connections 2400 requests 2400 replies 2400 test-duration 300.719 s

Connection rate: 8.0 conn/s (125.3 ms/conn, <=9 concurrent connections)
Connection time [ms]: min 353.2 avg 761.2 max 1221.2 median 763.5 stddev 118.2
Connection time [ms]: connect 1.2
Connection length [replies/conn]: 1.000

Request rate: 8.0 req/s (125.3 ms/req)
Request size [B]: 67.0

Reply rate [replies/s]: min 0.0 avg 8.0 max 11.0 stddev 1.2 (300 samples)
Percentages of the replies served at a given rate:
   50%: 7
   66%: 7
   75%: 8
   80%: 8
   90%: 8
   95%: 9
   98%: 9
   99%: 9
  100%: 11

Reply time [ms]: response 685.4 transfer 74.5
Percentages of the requests served within a certain time (ms) :
   50%: 682
   66%: 754
   75%: 784
   80%: 802
   90%: 848
   95%: 899
   98%: 956
   99%: 982
  100%: 1120

Reply size [B]: header 163.0 content 72.0 footer 2.0 (total 237.0)
Reply status: 1xx=0 2xx=2400 3xx=0 4xx=0 5xx=0

CPU time [s]: user 221.79 system 78.42 (user 73.8% system 26.1% total 99.8%)
Net I/O: 2.4 KB/s (0.0*10^6 bps)

Errors: total 0 client-timo 0 socket-timo 0 connrefused 0 connreset 0
Errors: fd-unavail 0 addrunavail 0 ftab-full 0 other 0

