httperf --verbose --hog --timeout=50 --client=0/1 --server=172.16.116.116 --port=8080 --uri=/ --rate=24 --send-buffer=4096 --recv-buffer=16384 --num-conns=14400 --num-calls=1
httperf: maximum number of open descriptors = 65535
Maximum connect burst length: 1

Connection lifetime histogram (time in ms):
             :
            10.5 655
            11.5 1574
            12.5 1447
            13.5 1308
            14.5 1270
            15.5 1286
            16.5 1123
            17.5 868
            18.5 688
            19.5 631
            20.5 536
            21.5 453
            22.5 424
            23.5 358
            24.5 265
            25.5 202
            26.5 171
            27.5 128
            28.5 100
            29.5 103
            30.5 87
            31.5 76
            32.5 66
            33.5 65
            34.5 47
            35.5 35
            36.5 36
            37.5 28
            38.5 18
            39.5 19
            40.5 17
            41.5 12
            42.5 17
            43.5 11
            44.5 6
            45.5 9
            46.5 10
            47.5 9
            48.5 8
            49.5 5
            50.5 2
            51.5 5
            52.5 7
            53.5 4
            54.5 5
            55.5 3
            56.5 4
            57.5 2
            58.5 2
            59.5 3
            60.5 4
             :
            62.5 2
            63.5 1
             :
            65.5 2
            66.5 3
            67.5 2
             :
            69.5 1
             :
            71.5 1
             :
            76.5 1
             :
            79.5 1
            80.5 1
             :
            88.5 1
            89.5 1
             :
            95.5 1
             :
           100.5 2
             :
           103.5 1
             :
           107.5 1
           108.5 1
           109.5 1
             :
           113.5 2
           114.5 1
             :
           118.5 2
             :
           121.5 1
             :
           123.5 2
             :
           128.5 1
           129.5 1
             :
           131.5 1
             :
           133.5 1
             :
           135.5 1
             :
           137.5 1
           138.5 1
             :
           140.5 1
             :
           146.5 2
             :
           148.5 1
           149.5 1
             :
           152.5 1
           153.5 1
             :
           157.5 3
           158.5 1
           159.5 1
             :
           162.5 1
           163.5 2
           164.5 1
             :
           166.5 1
           167.5 1
           168.5 1
             :
           171.5 1
           172.5 1
             :
           175.5 1
             :
           177.5 2
           178.5 1
             :
           180.5 2
             :
           182.5 3
             :
           185.5 1
             :
           192.5 2
           193.5 1
           194.5 1
           195.5 1
             :
           198.5 2
             :
           200.5 1
             :
           202.5 1
             :
           204.5 1
             :
           206.5 1
           207.5 1
           208.5 4
           209.5 1
             :
           211.5 1
           212.5 1
           213.5 1
           214.5 1
             :
           216.5 1
           217.5 1
             :
           220.5 1
           221.5 2
             :
           223.5 2
             :
           226.5 2
           227.5 1
             :
           229.5 1
             :
           232.5 1
           233.5 1
             :
           235.5 2
           236.5 1
           237.5 1
           238.5 2
           239.5 1
             :
           241.5 3
             :
           244.5 1
           245.5 2
             :
           247.5 2
           248.5 1
           249.5 1
             :
           251.5 1
             :
           253.5 1
           254.5 1
             :
           257.5 1
             :
           259.5 2
             :
           261.5 1
           262.5 1
             :
           265.5 2
           266.5 1
           267.5 1
           268.5 1
             :
           272.5 1
           273.5 2
             :
           275.5 1
           276.5 1
             :
           280.5 2
             :
           282.5 2
             :
           284.5 1
             :
           287.5 1
             :
           290.5 1
           291.5 1
           292.5 1
           293.5 1
             :
           302.5 1
           303.5 2
           304.5 1
           305.5 2
             :
           307.5 1
           308.5 1
             :
           310.5 1
             :
           314.5 1
             :
           316.5 1
             :
           320.5 1
           321.5 1
             :
           323.5 2
             :
           327.5 1
             :
           331.5 1
             :
           335.5 2
             :
           341.5 1
           342.5 3
             :
           345.5 1
           346.5 2
             :
           352.5 1
             :
           357.5 1
           358.5 1
             :
           362.5 1
           363.5 1
             :
           375.5 1
           376.5 1
             :
           378.5 1
             :
           381.5 1
             :
           397.5 1
             :
           413.5 1
             :
           429.5 1
             :
           456.5 1

Total: connections 14400 requests 14400 replies 14400 test-duration 599.974 s

Connection rate: 24.0 conn/s (41.7 ms/conn, <=3 concurrent connections)
Connection time [ms]: min 10.1 avg 19.9 max 456.4 median 15.5 stddev 25.8
Connection time [ms]: connect 0.7
Connection length [replies/conn]: 1.000

Request rate: 24.0 req/s (41.7 ms/req)
Request size [B]: 67.0

Reply rate [replies/s]: min 22.9 avg 24.0 max 25.0 stddev 0.3 (599 samples)
Percentages of the replies served at a given rate:
   50%: 23
   66%: 23
   75%: 23
   80%: 23
   90%: 23
   95%: 24
   98%: 24
   99%: 24
  100%: 25

Reply time [ms]: response 18.3 transfer 0.8
Percentages of the requests served within a certain time (ms) :
   50%: 14
   66%: 16
   75%: 18
   80%: 19
   90%: 23
   95%: 28
   98%: 40
   99%: 137
  100%: 455

Reply size [B]: header 162.0 content 72.0 footer 1.0 (total 235.0)
Reply status: 1xx=0 2xx=14400 3xx=0 4xx=0 5xx=0

CPU time [s]: user 497.10 system 101.63 (user 82.9% system 16.9% total 99.8%)
Net I/O: 7.1 KB/s (0.1*10^6 bps)

Errors: total 0 client-timo 0 socket-timo 0 connrefused 0 connreset 0
Errors: fd-unavail 0 addrunavail 0 ftab-full 0 other 0

