httperf --verbose --hog --timeout=50 --client=0/1 --server=172.16.116.116 --port=8080 --uri=/ --rate=16 --send-buffer=4096 --recv-buffer=16384 --num-conns=2880 --num-calls=1
httperf: maximum number of open descriptors = 65535
Maximum connect burst length: 1

Connection lifetime histogram (time in ms):
             :
            10.5 396
            11.5 815
            12.5 306
            13.5 255
            14.5 218
            15.5 268
            16.5 278
            17.5 124
            18.5 59
            19.5 44
            20.5 25
            21.5 19
            22.5 5
            23.5 6
            24.5 4
            25.5 1
            26.5 1
             :
            30.5 1
            31.5 1
             :
            38.5 1
             :
            40.5 1
             :
            54.5 1
             :
            66.5 1
             :
            73.5 1
             :
            76.5 1
             :
            93.5 1
             :
            96.5 1
             :
           122.5 2
             :
           145.5 2
             :
           157.5 1
             :
           164.5 1
             :
           168.5 1
             :
           170.5 1
             :
           174.5 1
             :
           183.5 1
           184.5 1
           185.5 1
             :
           205.5 1
             :
           211.5 1
           212.5 1
             :
           215.5 1
           216.5 1
             :
           226.5 1
             :
           228.5 1
             :
           236.5 1
           237.5 1
           238.5 3
             :
           242.5 2
             :
           245.5 2
             :
           252.5 1
             :
           259.5 1
             :
           265.5 1
             :
           276.5 1
             :
           282.5 1
             :
           285.5 1
             :
           287.5 1
             :
           291.5 1
             :
           296.5 1
             :
           298.5 1
             :
           307.5 1
             :
           312.5 1
             :
           330.5 1
             :
           346.5 1
           347.5 1
             :
           366.5 1
             :
           389.5 1
             :
           422.5 1

Total: connections 2880 requests 2880 replies 2880 test-duration 179.952 s

Connection rate: 16.0 conn/s (62.5 ms/conn, <=2 concurrent connections)
Connection time [ms]: min 10.2 avg 17.4 max 422.2 median 12.5 stddev 30.4
Connection time [ms]: connect 0.7
Connection length [replies/conn]: 1.000

Request rate: 16.0 req/s (62.5 ms/req)
Request size [B]: 67.0

Reply rate [replies/s]: min 15.0 avg 16.0 max 17.0 stddev 0.3 (179 samples)
Percentages of the replies served at a given rate:
   50%: 15
   66%: 15
   75%: 15
   80%: 15
   90%: 15
   95%: 16
   98%: 16
   99%: 16
  100%: 17

Reply time [ms]: response 15.8 transfer 0.7
Percentages of the requests served within a certain time (ms) :
   50%: 11
   66%: 13
   75%: 14
   80%: 14
   90%: 15
   95%: 17
   98%: 23
   99%: 193
  100%: 421

Reply size [B]: header 162.0 content 72.0 footer 1.0 (total 235.0)
Reply status: 1xx=0 2xx=2880 3xx=0 4xx=0 5xx=0

CPU time [s]: user 150.57 system 29.05 (user 83.7% system 16.1% total 99.8%)
Net I/O: 4.7 KB/s (0.0*10^6 bps)

Errors: total 0 client-timo 0 socket-timo 0 connrefused 0 connreset 0
Errors: fd-unavail 0 addrunavail 0 ftab-full 0 other 0

