httperf --verbose --hog --timeout=50 --client=0/1 --server=172.16.116.116 --port=8080 --uri=/ --rate=16 --send-buffer=4096 --recv-buffer=16384 --num-conns=2880 --num-calls=1
httperf: maximum number of open descriptors = 65535
Maximum connect burst length: 1

Connection lifetime histogram (time in ms):
             :
             9.5 1
            10.5 309
            11.5 742
            12.5 301
            13.5 215
            14.5 235
            15.5 302
            16.5 293
            17.5 189
            18.5 122
            19.5 56
            20.5 35
            21.5 20
            22.5 11
            23.5 10
            24.5 7
            25.5 1
            26.5 1
             :
            28.5 1
             :
            65.5 1
             :
            82.5 1
             :
           103.5 1
             :
           128.5 1
             :
           137.5 1
             :
           141.5 1
             :
           163.5 1
             :
           167.5 1
             :
           174.5 1
             :
           176.5 1
             :
           182.5 1
             :
           195.5 1
             :
           200.5 1
             :
           204.5 1
             :
           207.5 2
             :
           226.5 1
             :
           237.5 1
             :
           248.5 1
             :
           254.5 1
             :
           265.5 1
             :
           269.5 1
           270.5 1
             :
           280.5 1
             :
           297.5 1
             :
           302.5 1
             :
           312.5 1
             :
           328.5 1
             :
           376.5 1

Total: connections 2880 requests 2880 replies 2880 test-duration 179.952 s

Connection rate: 16.0 conn/s (62.5 ms/conn, <=2 concurrent connections)
Connection time [ms]: min 10.0 avg 16.0 max 376.2 median 13.5 stddev 21.5
Connection time [ms]: connect 0.7
Connection length [replies/conn]: 1.000

Request rate: 16.0 req/s (62.5 ms/req)
Request size [B]: 67.0

Reply rate [replies/s]: min 15.0 avg 16.0 max 17.0 stddev 0.2 (179 samples)
Percentages of the replies served at a given rate:
   50%: 15
   66%: 15
   75%: 15
   80%: 15
   90%: 15
   95%: 15
   98%: 15
   99%: 16
  100%: 17

Reply time [ms]: response 14.6 transfer 0.6
Percentages of the requests served within a certain time (ms) :
   50%: 11
   66%: 14
   75%: 14
   80%: 15
   90%: 16
   95%: 17
   98%: 19
   99%: 65
  100%: 375

Reply size [B]: header 163.0 content 72.0 footer 2.0 (total 237.0)
Reply status: 1xx=0 2xx=2880 3xx=0 4xx=0 5xx=0

CPU time [s]: user 150.35 system 29.27 (user 83.6% system 16.3% total 99.8%)
Net I/O: 4.7 KB/s (0.0*10^6 bps)

Errors: total 0 client-timo 0 socket-timo 0 connrefused 0 connreset 0
Errors: fd-unavail 0 addrunavail 0 ftab-full 0 other 0

