httperf --verbose --hog --timeout=50 --client=0/1 --server=172.16.116.116 --port=8080 --uri=/ --rate=24 --send-buffer=4096 --recv-buffer=16384 --num-conns=14400 --num-calls=1
httperf: maximum number of open descriptors = 65535
Maximum connect burst length: 1

Connection lifetime histogram (time in ms):
             :
             9.5 1
            10.5 276
            11.5 458
            12.5 314
            13.5 316
            14.5 350
            15.5 395
            16.5 394
            17.5 310
            18.5 285
            19.5 254
            20.5 266
            21.5 260
            22.5 265
            23.5 224
            24.5 182
            25.5 156
            26.5 164
            27.5 167
            28.5 157
            29.5 168
            30.5 152
            31.5 126
            32.5 145
            33.5 137
            34.5 140
            35.5 119
            36.5 142
            37.5 118
            38.5 112
            39.5 131
            40.5 113
            41.5 107
            42.5 104
            43.5 85
            44.5 85
            45.5 93
            46.5 79
            47.5 66
            48.5 75
            49.5 71
            50.5 89
            51.5 68
            52.5 76
            53.5 50
            54.5 64
            55.5 66
            56.5 64
            57.5 41
            58.5 43
            59.5 46
            60.5 43
            61.5 32
            62.5 42
            63.5 42
            64.5 32
            65.5 31
            66.5 35
            67.5 29
            68.5 25
            69.5 31
            70.5 32
            71.5 40
            72.5 30
            73.5 41
            74.5 29
            75.5 32
            76.5 33
            77.5 26
            78.5 37
            79.5 26
            80.5 23
            81.5 26
            82.5 32
            83.5 29
            84.5 21
            85.5 30
            86.5 32
            87.5 24
            88.5 24
            89.5 25
            90.5 20
            91.5 21
            92.5 26
            93.5 25
            94.5 22
            95.5 19
            96.5 15
            97.5 24
            98.5 22
            99.5 23
           100.5 26
           101.5 21
           102.5 19
           103.5 25
           104.5 28
           105.5 30
           106.5 20
           107.5 22
           108.5 22
           109.5 22
           110.5 21
           111.5 18
           112.5 26
           113.5 13
           114.5 21
           115.5 31
           116.5 13
           117.5 23
           118.5 17
           119.5 14
           120.5 15
           121.5 15
           122.5 20
           123.5 16
           124.5 21
           125.5 19
           126.5 25
           127.5 18
           128.5 21
           129.5 27
           130.5 18
           131.5 20
           132.5 21
           133.5 6
           134.5 13
           135.5 21
           136.5 20
           137.5 11
           138.5 14
           139.5 13
           140.5 13
           141.5 10
           142.5 14
           143.5 9
           144.5 11
           145.5 18
           146.5 11
           147.5 10
           148.5 16
           149.5 11
           150.5 10
           151.5 14
           152.5 15
           153.5 15
           154.5 7
           155.5 8
           156.5 7
           157.5 11
           158.5 10
           159.5 9
           160.5 4
           161.5 6
           162.5 1
           163.5 12
           164.5 7
           165.5 7
           166.5 8
           167.5 3
           168.5 4
           169.5 7
           170.5 6
           171.5 9
           172.5 2
           173.5 3
           174.5 2
           175.5 8
           176.5 7
           177.5 4
           178.5 2
           179.5 1
           180.5 2
           181.5 2
           182.5 6
           183.5 4
           184.5 1
           185.5 3
           186.5 5
           187.5 4
           188.5 5
           189.5 2
           190.5 1
           191.5 2
           192.5 1
           193.5 3
           194.5 5
           195.5 1
           196.5 1
           197.5 2
             :
           199.5 2
           200.5 1
             :
           202.5 1
           203.5 3
             :
           205.5 1
           206.5 3
             :
           208.5 4
           209.5 3
             :
           211.5 1
           212.5 2
           213.5 3
             :
           215.5 3
           216.5 2
           217.5 1
           218.5 1
           219.5 2
           220.5 1
           221.5 2
           222.5 4
             :
           224.5 3
             :
           226.5 2
           227.5 1
             :
           230.5 1
           231.5 2
           232.5 1
           233.5 1
           234.5 2
             :
           237.5 1
           238.5 2
             :
           241.5 2
             :
           246.5 3
           247.5 2
           248.5 1
           249.5 1
           250.5 1
           251.5 2
             :
           253.5 2
             :
           255.5 2
           256.5 2
           257.5 1
           258.5 2
           259.5 1
           260.5 1
           261.5 2
           262.5 1
             :
           264.5 1
           265.5 1
           266.5 2
           267.5 3
           268.5 3
           269.5 3
           270.5 1
           271.5 2
           272.5 1
             :
           274.5 1
             :
           276.5 1
             :
           279.5 3
           280.5 2
             :
           282.5 2
             :
           284.5 2
           285.5 2
           286.5 3
           287.5 1
           288.5 1
             :
           290.5 1
             :
           294.5 1
             :
           296.5 3
             :
           298.5 1
             :
           300.5 2
             :
           302.5 1
           303.5 1
           304.5 1
             :
           306.5 2
             :
           308.5 1
           309.5 3
           310.5 1
           311.5 1
           312.5 2
             :
           315.5 2
           316.5 1
             :
           318.5 2
           319.5 3
             :
           323.5 2
           324.5 1
           325.5 1
             :
           327.5 1
             :
           332.5 2
           333.5 1
             :
           336.5 3
           337.5 1
           338.5 2
           339.5 1
           340.5 1
           341.5 3
             :
           343.5 1
           344.5 1
             :
           346.5 2
           347.5 2
           348.5 1
             :
           351.5 2
             :
           353.5 2
           354.5 2
           355.5 3
           356.5 1
           357.5 2
           358.5 1
           359.5 1
             :
           361.5 2
           362.5 6
           363.5 1
           364.5 1
           365.5 1
             :
           367.5 1
           368.5 3
           369.5 2
           370.5 3
           371.5 1
           372.5 1
           373.5 1
           374.5 1
             :
           376.5 1
             :
           379.5 1
           380.5 1
           381.5 2
           382.5 2
           383.5 1
             :
           390.5 1
           391.5 1
           392.5 2
           393.5 1
             :
           395.5 1
           396.5 3
             :
           398.5 1
           399.5 1
             :
           401.5 1
           402.5 1
           403.5 2
             :
           406.5 2
             :
           408.5 3
           409.5 1
           410.5 2
           411.5 1
           412.5 1
           413.5 1
           414.5 1
           415.5 2
           416.5 1
           417.5 1
           418.5 1
             :
           420.5 1
             :
           423.5 1
           424.5 1
           425.5 3
             :
           427.5 2
           428.5 1
           429.5 1
           430.5 1
           431.5 3
             :
           433.5 1
             :
           437.5 2
           438.5 1
           439.5 3
           440.5 2
           441.5 2
           442.5 3
           443.5 1
           444.5 3
           445.5 2
           446.5 2
             :
           448.5 1
           449.5 1
           450.5 1
           451.5 3
             :
           453.5 2
           454.5 1
           455.5 1
           456.5 3
             :
           458.5 1
             :
           460.5 1
           461.5 2
           462.5 2
           463.5 1
             :
           466.5 1
           467.5 2
             :
           469.5 1
           470.5 2
           471.5 1
             :
           473.5 2
           474.5 2
           475.5 2
           476.5 1
             :
           478.5 2
             :
           480.5 2
           481.5 1
           482.5 2
           483.5 3
           484.5 1
           485.5 3
           486.5 1
           487.5 3
           488.5 1
           489.5 3
           490.5 1
           491.5 2
           492.5 3
           493.5 2
             :
           497.5 2
             :
           499.5 2
           500.5 1
           501.5 2
           502.5 1
           503.5 1
           504.5 1
           505.5 1
           506.5 1
           507.5 2
           508.5 3
           509.5 6
           510.5 3
           511.5 1
           512.5 3
           513.5 1
           514.5 2
           515.5 1
           516.5 2
           517.5 1
           518.5 2
           519.5 1
             :
           522.5 3
             :
           524.5 4
           525.5 1
           526.5 2
           527.5 2
             :
           529.5 2
           530.5 3
           531.5 1
           532.5 1
             :
           536.5 2
           537.5 1
           538.5 2
           539.5 1
           540.5 3
           541.5 1
           542.5 3
           543.5 1
           544.5 2
           545.5 2
             :
           547.5 2
           548.5 3
           549.5 1
           550.5 3
           551.5 2
           552.5 1
           553.5 3
           554.5 1
             :
           556.5 3
           557.5 5
           558.5 2
           559.5 2
           560.5 1
           561.5 6
           562.5 1
           563.5 2
           564.5 2
           565.5 1
           566.5 1
           567.5 5
           568.5 1
           569.5 1
           570.5 4
           571.5 6
           572.5 2
           573.5 2
           574.5 1
           575.5 3
           576.5 4
           577.5 3
           578.5 1
             :
           580.5 1
           581.5 4
           582.5 3
           583.5 5
           584.5 1
           585.5 1
           586.5 2
           587.5 2
           588.5 4
           589.5 6
             :
           591.5 4
           592.5 3
           593.5 4
           594.5 2
           595.5 2
             :
           597.5 5
           598.5 1
           599.5 6
           600.5 3
           601.5 3
           602.5 1
           603.5 3
           604.5 4
           605.5 5
           606.5 2
           607.5 4
           608.5 7
           609.5 3
           610.5 1
           611.5 3
           612.5 4
           613.5 2
           614.5 10
           615.5 2
           616.5 4
           617.5 4
           618.5 4
           619.5 2
           620.5 1
           621.5 6
           622.5 6
           623.5 5
           624.5 2
           625.5 3
           626.5 4
           627.5 3
           628.5 5
           629.5 5
           630.5 1
           631.5 5
             :
           633.5 8
           634.5 7
           635.5 4
           636.5 5
           637.5 1
           638.5 6
           639.5 2
           640.5 4
           641.5 1
           642.5 5
           643.5 9
           644.5 6
           645.5 4
           646.5 2
           647.5 7
           648.5 8
           649.5 6
           650.5 6
           651.5 7
           652.5 5
           653.5 4
           654.5 4
           655.5 5
           656.5 2
           657.5 4
           658.5 10
           659.5 2
           660.5 3
           661.5 3
           662.5 7
           663.5 7
           664.5 2
           665.5 5
           666.5 7
           667.5 4
           668.5 7
           669.5 2
           670.5 5
           671.5 7
           672.5 3
           673.5 9
           674.5 6
           675.5 6
           676.5 2
           677.5 3
           678.5 6
           679.5 5
           680.5 6
           681.5 3
           682.5 4
           683.5 9
           684.5 7
           685.5 4
           686.5 6
           687.5 6
           688.5 3
           689.5 5
           690.5 11
           691.5 4
           692.5 7
           693.5 8
           694.5 1
           695.5 5
           696.5 7
           697.5 4
           698.5 7
           699.5 7
           700.5 5
           701.5 6
           702.5 8
           703.5 5
           704.5 7
           705.5 5
           706.5 8
           707.5 8
           708.5 7
           709.5 3
           710.5 7
           711.5 8
           712.5 7
           713.5 9
           714.5 6
           715.5 5
           716.5 10
           717.5 4
           718.5 6
           719.5 5
           720.5 5
           721.5 5
           722.5 5
           723.5 3
           724.5 6
           725.5 4
           726.5 4
           727.5 2
           728.5 7
           729.5 5
           730.5 9
           731.5 2
           732.5 5
           733.5 7
           734.5 3
           735.5 5
           736.5 6
           737.5 6
           738.5 3
           739.5 5
           740.5 9
           741.5 9
           742.5 10
           743.5 7
           744.5 7
           745.5 7
           746.5 3
           747.5 3
           748.5 8
           749.5 5
           750.5 6
           751.5 11
           752.5 6
           753.5 2
           754.5 7
           755.5 5
           756.5 5
           757.5 8
           758.5 7
           759.5 2
           760.5 3
           761.5 6
           762.5 2
           763.5 5
           764.5 6
           765.5 5
           766.5 7
           767.5 8
           768.5 6
           769.5 6
           770.5 5
           771.5 7
           772.5 1
           773.5 4
           774.5 1
           775.5 8
           776.5 8
           777.5 4
           778.5 2
           779.5 8
           780.5 4
           781.5 4
           782.5 5
           783.5 6
           784.5 4
           785.5 6
           786.5 5
           787.5 2
           788.5 5
           789.5 4
           790.5 4
           791.5 6
           792.5 7
           793.5 5
           794.5 6
           795.5 3
           796.5 1
           797.5 5
           798.5 7
           799.5 4
           800.5 6
           801.5 13
           802.5 5
           803.5 9
           804.5 7
           805.5 8
           806.5 6
           807.5 7
           808.5 6
           809.5 2
           810.5 8
           811.5 4
           812.5 9
           813.5 5
           814.5 7
           815.5 9
           816.5 5
           817.5 8
           818.5 3
           819.5 6
           820.5 4
           821.5 8
           822.5 7
           823.5 9
           824.5 5
           825.5 1
           826.5 3
           827.5 4
           828.5 6
           829.5 7
           830.5 2
           831.5 4
           832.5 4
           833.5 3
           834.5 6
           835.5 4
           836.5 1
           837.5 5
           838.5 6
           839.5 4
           840.5 4
           841.5 2
           842.5 8
           843.5 7
           844.5 3
           845.5 5
           846.5 1
           847.5 4
           848.5 5
           849.5 6
           850.5 3
           851.5 5
           852.5 3
           853.5 1
           854.5 3
           855.5 3
           856.5 4
           857.5 6
           858.5 3
           859.5 1
           860.5 4
           861.5 5
           862.5 5
           863.5 6
           864.5 5
           865.5 5
           866.5 5
           867.5 4
           868.5 3
           869.5 5
           870.5 3
           871.5 5
           872.5 2
           873.5 1
             :
           875.5 8
           876.5 7
           877.5 4
           878.5 2
           879.5 6
           880.5 6
           881.5 2
           882.5 5
           883.5 2
           884.5 5
           885.5 1
           886.5 4
           887.5 5
           888.5 1
           889.5 1
           890.5 4
           891.5 1
           892.5 4
           893.5 4
           894.5 2
           895.5 4
           896.5 2
           897.5 2
           898.5 2
           899.5 7
           900.5 1
           901.5 5
           902.5 6
           903.5 5
           904.5 6
           905.5 5
           906.5 3
           907.5 3
           908.5 5
           909.5 5
           910.5 1
           911.5 2
           912.5 3
           913.5 7
           914.5 2
           915.5 6
           916.5 2
           917.5 6
           918.5 2
           919.5 4
           920.5 4
           921.5 2
           922.5 7
             :
           924.5 7
           925.5 4
           926.5 2
           927.5 1
           928.5 6
           929.5 2
           930.5 3
           931.5 8
           932.5 5
           933.5 7
             :
           935.5 2
           936.5 1
           937.5 4
           938.5 3
           939.5 2
           940.5 2
           941.5 2
           942.5 3
           943.5 2
           944.5 1
           945.5 4
           946.5 4
           947.5 4
           948.5 3
             :
           950.5 2
           951.5 2
           952.5 3
           953.5 3
           954.5 2
           955.5 3
           956.5 2
           957.5 1
           958.5 1
           959.5 5
           960.5 3
           961.5 5
           962.5 1
           963.5 8
           964.5 7
           965.5 1
           966.5 2
           967.5 2
           968.5 3
           969.5 1
           970.5 1
           971.5 4
           972.5 4
           973.5 2
           974.5 1
           975.5 1
           976.5 8
           977.5 1
           978.5 1
             :
           980.5 1
             :
           982.5 4
           983.5 3
           984.5 2
           985.5 3
           986.5 2
           987.5 2
             :
           990.5 2
           991.5 3
           992.5 1
           993.5 5
           994.5 4
           995.5 3
           996.5 5
           997.5 2
           998.5 3
           999.5 1
          1000.5 2
          1001.5 3
          1002.5 1
          1003.5 5
          1004.5 2
          1005.5 3
             :
          1007.5 3
          1008.5 3
          1009.5 3
          1010.5 2
          1011.5 5
             :
          1013.5 2
          1014.5 1
          1015.5 2
          1016.5 3
          1017.5 1
          1018.5 2
          1019.5 2
          1020.5 2
          1021.5 2
          1022.5 4
          1023.5 3
          1024.5 2
          1025.5 2
          1026.5 4
          1027.5 1
          1028.5 6
          1029.5 2
          1030.5 2
             :
          1032.5 5
          1033.5 3
          1034.5 4
             :
          1036.5 2
          1037.5 3
          1038.5 2
          1039.5 4
          1040.5 1
          1041.5 2
          1042.5 2
          1043.5 3
          1044.5 4
          1045.5 1
          1046.5 2
          1047.5 2
          1048.5 1
          1049.5 1
          1050.5 3
          1051.5 1
             :
          1053.5 1
             :
          1056.5 3
          1057.5 2
          1058.5 3
          1059.5 2
          1060.5 1
          1061.5 1
             :
          1063.5 2
          1064.5 1
             :
          1066.5 1
          1067.5 2
          1068.5 1
          1069.5 1
             :
          1071.5 1
          1072.5 1
             :
          1074.5 2
          1075.5 2
          1076.5 1
          1077.5 2
          1078.5 3
          1079.5 2
             :
          1081.5 1
          1082.5 1
          1083.5 1
          1084.5 2
             :
          1086.5 4
          1087.5 1
          1088.5 1
          1089.5 2
          1090.5 2
          1091.5 2
          1092.5 1
          1093.5 2
             :
          1097.5 1
          1098.5 3
             :
          1101.5 1
          1102.5 1
          1103.5 4
          1104.5 3
             :
          1106.5 1
          1107.5 1
          1108.5 3
          1109.5 1
             :
          1112.5 2
          1113.5 4
             :
          1117.5 3
          1118.5 1
          1119.5 2
          1120.5 3
          1121.5 2
          1122.5 1
          1123.5 3
          1124.5 1
          1125.5 1
          1126.5 1
          1127.5 1
          1128.5 2
             :
          1130.5 1
             :
          1133.5 1
             :
          1135.5 1
          1136.5 2
          1137.5 1
          1138.5 4
          1139.5 1
          1140.5 1
          1141.5 2
          1142.5 1
          1143.5 1
          1144.5 4
          1145.5 2
             :
          1147.5 1
          1148.5 2
             :
          1150.5 3
          1151.5 1
             :
          1153.5 1
             :
          1155.5 2
          1156.5 1
          1157.5 2
          1158.5 1
          1159.5 1
          1160.5 3
          1161.5 1
          1162.5 1
             :
          1164.5 1
             :
          1166.5 1
          1167.5 3
          1168.5 2
          1169.5 1
          1170.5 2
          1171.5 3
             :
          1173.5 2
          1174.5 3
          1175.5 1
          1176.5 1
             :
          1178.5 1
          1179.5 1
          1180.5 1
             :
          1183.5 1
          1184.5 1
          1185.5 1
          1186.5 3
          1187.5 1
          1188.5 2
             :
          1193.5 1
          1194.5 2
          1195.5 1
          1196.5 1
          1197.5 3
          1198.5 2
          1199.5 2
             :
          1201.5 1
             :
          1203.5 2
          1204.5 1
             :
          1206.5 2
          1207.5 1
          1208.5 4
          1209.5 2
          1210.5 1
             :
          1213.5 1
          1214.5 1
          1215.5 2
          1216.5 1
             :
          1219.5 1
             :
          1222.5 1
          1223.5 1
          1224.5 1
             :
          1226.5 1
          1227.5 1
             :
          1229.5 2
          1230.5 2
             :
          1232.5 2
             :
          1234.5 1
          1235.5 1
          1236.5 1
             :
          1239.5 1
          1240.5 1
          1241.5 1
             :
          1243.5 2
          1244.5 1
             :
          1247.5 2
             :
          1253.5 2
             :
          1255.5 1
          1256.5 2
          1257.5 2
          1258.5 1
          1259.5 2
          1260.5 2
          1261.5 1
          1262.5 1
             :
          1264.5 3
             :
          1266.5 1
          1267.5 1
             :
          1269.5 1
          1270.5 3
             :
          1273.5 2
             :
          1276.5 2
             :
          1278.5 5
          1279.5 1
          1280.5 1
          1281.5 1
          1282.5 1
          1283.5 1
             :
          1287.5 1
          1288.5 4
          1289.5 1
          1290.5 1
             :
          1293.5 1
          1294.5 5
          1295.5 1
             :
          1299.5 1
             :
          1301.5 2
             :
          1303.5 2
          1304.5 1
             :
          1307.5 1
             :
          1311.5 1
             :
          1313.5 2
             :
          1315.5 2
          1316.5 3
          1317.5 1
             :
          1319.5 1
          1320.5 1
          1321.5 1
             :
          1323.5 1
          1324.5 2
          1325.5 2
          1326.5 1
          1327.5 1
          1328.5 2
          1329.5 2
          1330.5 2
             :
          1332.5 2
             :
          1334.5 1
             :
          1338.5 2
             :
          1340.5 1
          1341.5 1
          1342.5 1
          1343.5 1
             :
          1346.5 1
             :
          1348.5 1
             :
          1350.5 1
             :
          1352.5 3
          1353.5 1
             :
          1355.5 1
          1356.5 1
          1357.5 1
             :
          1360.5 1
             :
          1362.5 2
             :
          1365.5 1
          1366.5 1
          1367.5 1
             :
          1371.5 2
          1372.5 3
             :
          1376.5 1
          1377.5 1
          1378.5 2
          1379.5 1
          1380.5 2
             :
          1384.5 1
             :
          1387.5 1
             :
          1389.5 1
             :
          1391.5 1
             :
          1393.5 1
          1394.5 1
          1395.5 1
             :
          1397.5 1
          1398.5 1
          1399.5 1
             :
          1401.5 2
          1402.5 1
             :
          1404.5 1
             :
          1409.5 2
          1410.5 1
          1411.5 3
          1412.5 1
             :
          1414.5 2
             :
          1417.5 1
          1418.5 2
          1419.5 3
          1420.5 2
             :
          1423.5 2
             :
          1426.5 2
          1427.5 1
          1428.5 1
          1429.5 1
          1430.5 2
             :
          1433.5 2
          1434.5 1
          1435.5 2
             :
          1440.5 1
             :
          1442.5 2
             :
          1448.5 1
             :
          1454.5 1
          1455.5 2
             :
          1460.5 3
          1461.5 2
             :
          1463.5 1
          1464.5 2
          1465.5 1
             :
          1468.5 1
          1469.5 1
             :
          1477.5 1
          1478.5 1
             :
          1480.5 1
          1481.5 2
          1482.5 1
          1483.5 1
          1484.5 1
             :
          1487.5 1
          1488.5 1
          1489.5 1
          1490.5 3
             :
          1492.5 2
          1493.5 2
          1494.5 1
             :
          1496.5 1
          1497.5 1
             :
          1501.5 1
             :
          1503.5 1
          1504.5 1
             :
          1510.5 2
             :
          1512.5 3
             :
          1516.5 1
             :
          1518.5 2
          1519.5 1
             :
          1525.5 1
             :
          1529.5 2
             :
          1531.5 2
             :
          1533.5 1
             :
          1535.5 1
          1536.5 1
             :
          1538.5 1
             :
          1543.5 2
          1544.5 1
          1545.5 2
          1546.5 1
             :
          1549.5 1
          1550.5 1
          1551.5 1
             :
          1556.5 1
             :
          1558.5 1
             :
          1560.5 1
             :
          1562.5 2
          1563.5 1
          1564.5 1
          1565.5 1
             :
          1567.5 2
          1568.5 1
          1569.5 1
          1570.5 1
             :
          1577.5 1
             :
          1579.5 2
             :
          1581.5 1
             :
          1584.5 2
             :
          1587.5 1
          1588.5 1
          1589.5 2
          1590.5 1
          1591.5 1
             :
          1595.5 1
             :
          1598.5 1
          1599.5 1
             :
          1601.5 2
             :
          1604.5 1
             :
          1606.5 1
             :
          1608.5 1
          1609.5 2
          1610.5 1
          1611.5 2
          1612.5 1
             :
          1615.5 2
          1616.5 1
          1617.5 1
             :
          1619.5 1
          1620.5 2
             :
          1622.5 3
             :
          1624.5 3
          1625.5 1
             :
          1630.5 1
             :
          1632.5 1
             :
          1634.5 2
             :
          1636.5 1
             :
          1638.5 1
          1639.5 3
          1640.5 1
             :
          1644.5 1
             :
          1647.5 1
          1648.5 1
          1649.5 1
          1650.5 1
          1651.5 1
             :
          1654.5 1
          1655.5 2
          1656.5 2
             :
          1658.5 1
          1659.5 1
             :
          1661.5 2
             :
          1663.5 1
          1664.5 1
             :
          1669.5 1
             :
          1673.5 1
          1674.5 1
             :
          1676.5 1
             :
          1678.5 1
             :
          1686.5 1
             :
          1688.5 1
             :
          1692.5 1
          1693.5 2
          1694.5 1
             :
          1697.5 1
          1698.5 2
          1699.5 1
             :
          1701.5 1
             :
          1709.5 1
             :
          1711.5 1
             :
          1713.5 1
             :
          1715.5 1
          1716.5 1
             :
          1719.5 1
             :
          1722.5 2
          1723.5 1
          1724.5 1
             :
          1727.5 1
             :
          1729.5 2
             :
          1731.5 2
             :
          1734.5 4
          1735.5 2
             :
          1737.5 1
             :
          1740.5 1
             :
          1742.5 1
          1743.5 1
             :
          1745.5 1
             :
          1747.5 1
          1748.5 2
             :
          1750.5 1
             :
          1752.5 1
             :
          1759.5 1
          1760.5 1
             :
          1762.5 2
             :
          1764.5 2
          1765.5 2
          1766.5 3
             :
          1771.5 1
             :
          1773.5 1
             :
          1776.5 2
             :
          1778.5 1
          1779.5 1
          1780.5 1
          1781.5 1
             :
          1784.5 2
             :
          1789.5 1
             :
          1794.5 1
          1795.5 1
             :
          1797.5 2
          1798.5 1
             :
          1800.5 1
             :
          1802.5 1
          1803.5 1
             :
          1806.5 1
          1807.5 1
             :
          1809.5 1
          1810.5 1
          1811.5 3
          1812.5 1
          1813.5 1
             :
          1815.5 1
             :
          1818.5 1
             :
          1825.5 1
          1826.5 1
          1827.5 1
             :
          1829.5 2
             :
          1831.5 1
             :
          1837.5 2
             :
          1840.5 2
             :
          1842.5 1
             :
          1844.5 1
          1845.5 1
             :
          1850.5 2
          1851.5 1
             :
          1853.5 1
          1854.5 1
          1855.5 2
          1856.5 1
             :
          1862.5 2
          1863.5 1
             :
          1865.5 1
             :
          1867.5 1
          1868.5 1
          1869.5 1
          1870.5 1
          1871.5 2
             :
          1876.5 1
          1877.5 1
             :
          1879.5 1
             :
          1883.5 1
             :
          1887.5 1
          1888.5 1
          1889.5 1
          1890.5 2
          1891.5 1
             :
          1893.5 2
             :
          1895.5 1
          1896.5 1
             :
          1898.5 1
             :
          1900.5 1
             :
          1902.5 3
          1903.5 1
             :
          1906.5 1
          1907.5 1
          1908.5 1
             :
          1910.5 1
             :
          1912.5 1
          1913.5 1
             :
          1915.5 2
          1916.5 1
             :
          1918.5 1
          1919.5 1
          1920.5 1
          1921.5 2
             :
          1925.5 1
          1926.5 1
          1927.5 1
             :
          1929.5 2
             :
          1933.5 1
             :
          1945.5 1
          1946.5 1
          1947.5 1
             :
          1952.5 1
          1953.5 3
          1954.5 2
          1955.5 1
          1956.5 1
             :
          1958.5 1
          1959.5 1
             :
          1961.5 3
             :
          1964.5 1
          1965.5 1
          1966.5 1
          1967.5 1
             :
          1969.5 1
             :
          1971.5 1
          1972.5 1
          1973.5 1
             :
          1977.5 1
             :
          1985.5 1
             :
          1988.5 1
             :
          1991.5 1
             :
          1993.5 3
          1994.5 2
             :
          1998.5 1
          1999.5 1
             :
          2001.5 2
             :
          2003.5 1
          2004.5 1
             :
          2006.5 1
          2007.5 1
             :
          2009.5 1
             :
          2013.5 2
             :
          2017.5 2
             :
          2019.5 1
          2020.5 1
          2021.5 2
             :
          2023.5 4
             :
          2025.5 1
             :
          2034.5 1
          2035.5 1
          2036.5 2
          2037.5 1
          2038.5 1
          2039.5 1
             :
          2041.5 2
             :
          2044.5 1
             :
          2046.5 1
          2047.5 4
          2048.5 2
          2049.5 2
             :
          2060.5 2
             :
          2068.5 2
             :
          2070.5 1
             :
          2072.5 2
             :
          2074.5 1
             :
          2077.5 3
             :
          2079.5 1
             :
          2081.5 1
          2082.5 1
             :
          2084.5 1
          2085.5 1
             :
          2087.5 1
             :
          2091.5 1
          2092.5 1
             :
          2095.5 1
             :
          2098.5 1
          2099.5 1
          2100.5 1
             :
          2102.5 1
             :
          2104.5 1
             :
          2109.5 1
             :
          2111.5 1
             :
          2113.5 1
             :
          2118.5 2
             :
          2120.5 2
             :
          2128.5 1
             :
          2131.5 1
             :
          2134.5 1
          2135.5 2
          2136.5 1
             :
          2142.5 2
          2143.5 1
          2144.5 1
             :
          2147.5 1
             :
          2149.5 1
          2150.5 1
          2151.5 1
             :
          2153.5 1
             :
          2160.5 1
             :
          2162.5 1
          2163.5 2
             :
          2165.5 2
             :
          2167.5 1
             :
          2173.5 1
          2174.5 2
          2175.5 1
          2176.5 3
             :
          2180.5 4
             :
          2183.5 1
             :
          2185.5 1
          2186.5 1
          2187.5 1
          2188.5 1
             :
          2192.5 2
             :
          2194.5 1
          2195.5 2
          2196.5 1
             :
          2200.5 1
             :
          2204.5 1
          2205.5 1
             :
          2207.5 1
          2208.5 2
             :
          2211.5 2
             :
          2215.5 1
          2216.5 1
          2217.5 2
          2218.5 2
             :
          2220.5 2
             :
          2223.5 1
          2224.5 1
             :
          2228.5 1
             :
          2230.5 2
             :
          2232.5 2
             :
          2235.5 2
          2236.5 1
             :
          2238.5 2
             :
          2240.5 1
          2241.5 2
             :
          2245.5 1
             :
          2247.5 1
          2248.5 1
             :
          2252.5 1
             :
          2255.5 2
          2256.5 1
          2257.5 1
          2258.5 1
             :
          2271.5 3
          2272.5 2
             :
          2274.5 2
             :
          2285.5 1
          2286.5 1
             :
          2292.5 1
          2293.5 1
             :
          2296.5 3
          2297.5 1
          2298.5 1
          2299.5 1
          2300.5 1
          2301.5 1
             :
          2303.5 2
             :
          2305.5 2
             :
          2309.5 1
          2310.5 1
          2311.5 1
          2312.5 2
          2313.5 1
             :
          2315.5 3
             :
          2318.5 1
             :
          2321.5 1
          2322.5 1
          2323.5 3
          2324.5 1
             :
          2327.5 1
             :
          2329.5 1
          2330.5 1
             :
          2334.5 1
             :
          2337.5 1
          2338.5 1
             :
          2340.5 1
          2341.5 1
             :
          2344.5 1
             :
          2346.5 2
             :
          2348.5 1
             :
          2351.5 1
          2352.5 1
          2353.5 1
          2354.5 1
             :
          2356.5 1
             :
          2358.5 1
          2359.5 3
             :
          2362.5 1
             :
          2366.5 2
             :
          2371.5 2
             :
          2375.5 1
          2376.5 2
             :
          2379.5 1
          2380.5 1
             :
          2382.5 1
             :
          2385.5 2
             :
          2387.5 1
          2388.5 3
          2389.5 2
          2390.5 1
          2391.5 1
             :
          2393.5 1
          2394.5 1
             :
          2396.5 2
             :
          2402.5 1
             :
          2404.5 1
             :
          2410.5 1
          2411.5 1
             :
          2414.5 1
             :
          2418.5 1
             :
          2421.5 1
             :
          2424.5 1
             :
          2426.5 1
             :
          2428.5 1
             :
          2433.5 2
             :
          2435.5 1
             :
          2439.5 1
          2440.5 1
             :
          2448.5 1
          2449.5 1
          2450.5 2
          2451.5 1
          2452.5 1
             :
          2454.5 1
          2455.5 1
          2456.5 2
             :
          2458.5 1
          2459.5 1
          2460.5 1
          2461.5 1
          2462.5 1
          2463.5 1
             :
          2466.5 1
          2467.5 1
             :
          2475.5 1
             :
          2478.5 1
          2479.5 1
          2480.5 1
          2481.5 1
          2482.5 1
             :
          2489.5 1
             :
          2493.5 1
             :
          2500.5 3
          2501.5 2
             :
          2503.5 2
          2504.5 1
             :
          2507.5 1
             :
          2513.5 1
             :
          2515.5 2
             :
          2519.5 1
          2520.5 2
             :
          2525.5 2
          2526.5 1
             :
          2529.5 1
             :
          2531.5 1
             :
          2533.5 1
             :
          2537.5 1
             :
          2539.5 2
             :
          2542.5 1
             :
          2545.5 1
             :
          2548.5 1
             :
          2550.5 1
             :
          2555.5 1
             :
          2558.5 2
          2559.5 1
             :
          2561.5 1
          2562.5 2
             :
          2566.5 1
          2567.5 1
          2568.5 1
          2569.5 2
          2570.5 2
             :
          2573.5 1
          2574.5 1
             :
          2578.5 1
             :
          2582.5 1
             :
          2584.5 1
             :
          2590.5 1
             :
          2600.5 1
             :
          2602.5 1
             :
          2607.5 2
             :
          2611.5 2
          2612.5 1
             :
          2617.5 1
          2618.5 1
             :
          2622.5 1
             :
          2635.5 1
             :
          2637.5 1
          2638.5 2
             :
          2640.5 1
             :
          2643.5 1
             :
          2646.5 1
             :
          2648.5 1
             :
          2655.5 2
             :
          2658.5 1
          2659.5 1
          2660.5 1
          2661.5 1
          2662.5 1
          2663.5 1
          2664.5 1
             :
          2668.5 1
          2669.5 1
             :
          2675.5 1
             :
          2679.5 1
          2680.5 1
          2681.5 1
             :
          2687.5 1
             :
          2689.5 1
             :
          2694.5 1
             :
          2702.5 1
             :
          2704.5 1
             :
          2706.5 1
             :
          2708.5 1
          2709.5 1
          2710.5 1
          2711.5 5
          2712.5 1
          2713.5 1
             :
          2716.5 1
             :
          2718.5 1
             :
          2724.5 1
             :
          2726.5 1
             :
          2729.5 1
             :
          2739.5 1
             :
          2744.5 1
          2745.5 1
             :
          2747.5 1
             :
          2753.5 1
             :
          2756.5 1
          2757.5 1
          2758.5 1
             :
          2762.5 1
             :
          2765.5 1
             :
          2767.5 1
             :
          2775.5 2
          2776.5 1
          2777.5 1
             :
          2781.5 1
             :
          2804.5 2
             :
          2810.5 1
             :
          2813.5 1
             :
          2816.5 1
          2817.5 1
             :
          2821.5 1
             :
          2824.5 1
          2825.5 1
             :
          2833.5 1
             :
          2837.5 2
             :
          2840.5 2
             :
          2843.5 2
             :
          2848.5 1
             :
          2852.5 1
          2853.5 1
             :
          2856.5 1
             :
          2860.5 1
             :
          2865.5 1
             :
          2867.5 2
             :
          2871.5 1
             :
          2875.5 1
             :
          2877.5 1
          2878.5 1
             :
          2880.5 1
             :
          2884.5 1
             :
          2887.5 1
             :
          2890.5 1
          2891.5 1
          2892.5 1
          2893.5 1
             :
          2896.5 1
          2897.5 1
             :
          2899.5 1
          2900.5 1
             :
          2906.5 1
             :
          2908.5 1
             :
          2911.5 1
          2912.5 2
          2913.5 1
          2914.5 2
             :
          2916.5 1
             :
          2926.5 1
             :
          2930.5 1
             :
          2936.5 2
             :
          2938.5 1
             :
          2948.5 1
          2949.5 2
          2950.5 1
             :
          2956.5 1
             :
          2962.5 1
             :
          2965.5 1
             :
          2967.5 1
             :
          2977.5 1
             :
          2981.5 1
             :
          2990.5 1
          2991.5 1
          2992.5 1
             :
          2998.5 1
             :
          3002.5 1
             :
          3009.5 1
             :
          3018.5 1
             :
          3020.5 1
             :
          3027.5 1
             :
          3035.5 1
          3036.5 2
             :
          3038.5 1
             :
          3043.5 1
          3044.5 1
          3045.5 2
          3046.5 1
          3047.5 1
             :
          3049.5 1
             :
          3054.5 2
             :
          3058.5 2
             :
          3061.5 3
          3062.5 1
          3063.5 1
             :
          3065.5 1
             :
          3067.5 1
             :
          3071.5 1
          3072.5 1
             :
          3076.5 1
          3077.5 1
          3078.5 1
             :
          3081.5 1
             :
          3098.5 1
          3099.5 1
             :
          3104.5 1
             :
          3107.5 1
             :
          3110.5 1
             :
          3115.5 1
             :
          3119.5 1
             :
          3124.5 1
          3125.5 1
          3126.5 1
             :
          3128.5 1
             :
          3130.5 1
          3131.5 1
             :
          3133.5 1
             :
          3136.5 1
             :
          3138.5 1
             :
          3140.5 1
             :
          3143.5 1
             :
          3148.5 2
             :
          3152.5 1
          3153.5 2
             :
          3157.5 1
             :
          3160.5 1
          3161.5 1
             :
          3171.5 1
             :
          3174.5 1
             :
          3177.5 1
             :
          3179.5 2
          3180.5 1
             :
          3185.5 1
             :
          3188.5 1
             :
          3194.5 1
             :
          3198.5 2
             :
          3200.5 1
          3201.5 1
             :
          3208.5 1
             :
          3211.5 2
             :
          3215.5 1
             :
          3223.5 1
             :
          3225.5 1
             :
          3227.5 1
          3228.5 2
             :
          3230.5 1
          3231.5 1
             :
          3233.5 1
             :
          3235.5 1
          3236.5 1
          3237.5 1
             :
          3245.5 1
             :
          3249.5 2
             :
          3251.5 1
          3252.5 1
             :
          3258.5 1
             :
          3260.5 1
             :
          3263.5 1
             :
          3268.5 1
             :
          3271.5 1
             :
          3275.5 1
             :
          3283.5 1
             :
          3287.5 1
             :
          3291.5 1
             :
          3305.5 1
             :
          3308.5 1
          3309.5 1
             :
          3318.5 1
             :
          3329.5 1
             :
          3333.5 1
             :
          3343.5 1
             :
          3354.5 1
             :
          3357.5 2
             :
          3365.5 1
             :
          3370.5 1
             :
          3381.5 1
          3382.5 1
             :
          3388.5 2
          3389.5 1
             :
          3391.5 1
             :
          3401.5 2
             :
          3405.5 2
          3406.5 1
             :
          3416.5 1
             :
          3418.5 1
             :
          3443.5 1
          3444.5 1
             :
          3449.5 1
             :
          3456.5 1
             :
          3459.5 1
             :
          3463.5 1
          3464.5 1
             :
          3466.5 1
             :
          3471.5 1
             :
          3473.5 1
             :
          3476.5 1
          3477.5 1
             :
          3479.5 1
             :
          3489.5 1
             :
          3508.5 1
          3509.5 1
             :
          3511.5 1
          3512.5 1
             :
          3524.5 1
          3525.5 1
          3526.5 1
             :
          3529.5 1
             :
          3531.5 1
          3532.5 1
             :
          3541.5 2
             :
          3546.5 2
             :
          3553.5 1
          3554.5 1
             :
          3558.5 1
             :
          3565.5 1
             :
          3568.5 1
          3569.5 1
             :
          3586.5 1
             :
          3588.5 1
          3589.5 1
          3590.5 1
             :
          3592.5 1
             :
          3598.5 1
             :
          3601.5 1
             :
          3621.5 1
             :
          3627.5 2
             :
          3629.5 1
             :
          3638.5 2
             :
          3642.5 1
             :
          3649.5 1
             :
          3653.5 1
             :
          3656.5 1
             :
          3663.5 1
             :
          3669.5 1
             :
          3671.5 1
          3672.5 1
             :
          3682.5 2
             :
          3702.5 1
             :
          3719.5 1
          3720.5 1
             :
          3727.5 1
             :
          3737.5 1
             :
          3752.5 1
             :
          3759.5 1
             :
          3768.5 1
             :
          3784.5 1
             :
          3796.5 1
             :
          3808.5 1
             :
          3818.5 1
             :
          3822.5 1
             :
          3827.5 1
             :
          3840.5 1
             :
          3850.5 1
             :
          3852.5 1
             :
          3854.5 1
          3855.5 1
             :
          3858.5 1
             :
          3862.5 1
          3863.5 1
          3864.5 1
          3865.5 1
             :
          3871.5 1
          3872.5 1
             :
          3885.5 1
             :
          3898.5 1
             :
          3906.5 1
             :
          3910.5 1
          3911.5 1
          3912.5 2
             :
          3920.5 1
             :
          3927.5 1
             :
          3931.5 1
             :
          3937.5 1
          3938.5 1
             :
          3957.5 2
             :
          3961.5 1
             :
          3965.5 1
             :
          3972.5 1
             :
          3979.5 1
             :
          3994.5 1
             :
          3997.5 1
             :
          4009.5 1
          4010.5 1
             :
          4029.5 1
             :
          4032.5 1
             :
          4035.5 1
             :
          4039.5 1
             :
          4051.5 1
             :
          4075.5 1
             :
          4088.5 1
             :
          4091.5 1
             :
          4098.5 1
             :
          4107.5 1
             :
          4124.5 1
             :
          4135.5 1
             :
          4140.5 1
             :
          4186.5 1
             :
          4189.5 1
             :
          4197.5 1
             :
          4202.5 1
             :
          4216.5 1
             :
          4218.5 1
             :
          4225.5 1
             :
          4238.5 1
          4239.5 1
             :
          4242.5 1
             :
          4258.5 1
             :
          4269.5 1
             :
          4276.5 1
             :
          4280.5 1
             :
          4303.5 1
             :
          4376.5 1
             :
          4402.5 1
             :
          4415.5 1
             :
          4433.5 1
             :
          4447.5 1
             :
          4469.5 1
             :
          4673.5 1

Total: connections 14400 requests 14400 replies 14400 test-duration 599.983 s

Connection rate: 24.0 conn/s (41.7 ms/conn, <=90 concurrent connections)
Connection time [ms]: min 10.0 avg 371.1 max 4673.5 median 45.5 stddev 704.5
Connection time [ms]: connect 0.9
Connection length [replies/conn]: 1.000

Request rate: 24.0 req/s (41.7 ms/req)
Request size [B]: 67.0

Reply rate [replies/s]: min 8.0 avg 24.0 max 51.0 stddev 4.2 (599 samples)
Percentages of the replies served at a given rate:
   50%: 23
   66%: 23
   75%: 24
   80%: 25
   90%: 27
   95%: 30
   98%: 34
   99%: 37
  100%: 51

Reply time [ms]: response 352.0 transfer 18.1
Percentages of the requests served within a certain time (ms) :
   50%: 42
   66%: 100
   75%: 440
   80%: 634
   90%: 1020
   95%: 1955
   98%: 2842
   99%: 3342
  100%: 4464

Reply size [B]: header 163.0 content 72.0 footer 1.0 (total 236.0)
Reply status: 1xx=0 2xx=14400 3xx=0 4xx=0 5xx=0

CPU time [s]: user 442.37 system 156.36 (user 73.7% system 26.1% total 99.8%)
Net I/O: 7.1 KB/s (0.1*10^6 bps)

Errors: total 0 client-timo 0 socket-timo 0 connrefused 0 connreset 0
Errors: fd-unavail 0 addrunavail 0 ftab-full 0 other 0

