httperf --verbose --hog --timeout=50 --client=0/1 --server=172.16.116.116 --port=8080 --uri=/ --rate=24 --send-buffer=4096 --recv-buffer=16384 --num-conns=14400 --num-calls=1
httperf: maximum number of open descriptors = 65535
Maximum connect burst length: 1

Connection lifetime histogram (time in ms):
             :
            10.5 155
            11.5 296
            12.5 262
            13.5 345
            14.5 336
            15.5 405
            16.5 348
            17.5 278
            18.5 287
            19.5 283
            20.5 239
            21.5 287
            22.5 267
            23.5 265
            24.5 231
            25.5 239
            26.5 188
            27.5 190
            28.5 159
            29.5 179
            30.5 165
            31.5 153
            32.5 139
            33.5 115
            34.5 141
            35.5 123
            36.5 142
            37.5 135
            38.5 114
            39.5 120
            40.5 118
            41.5 103
            42.5 119
            43.5 105
            44.5 83
            45.5 93
            46.5 100
            47.5 86
            48.5 86
            49.5 77
            50.5 72
            51.5 67
            52.5 59
            53.5 55
            54.5 61
            55.5 51
            56.5 55
            57.5 51
            58.5 66
            59.5 60
            60.5 48
            61.5 36
            62.5 37
            63.5 41
            64.5 39
            65.5 47
            66.5 27
            67.5 25
            68.5 40
            69.5 42
            70.5 33
            71.5 31
            72.5 36
            73.5 32
            74.5 24
            75.5 35
            76.5 43
            77.5 22
            78.5 40
            79.5 25
            80.5 18
            81.5 17
            82.5 33
            83.5 19
            84.5 36
            85.5 31
            86.5 31
            87.5 24
            88.5 19
            89.5 31
            90.5 16
            91.5 30
            92.5 23
            93.5 29
            94.5 23
            95.5 25
            96.5 25
            97.5 13
            98.5 20
            99.5 16
           100.5 24
           101.5 21
           102.5 23
           103.5 21
           104.5 27
           105.5 20
           106.5 24
           107.5 21
           108.5 19
           109.5 28
           110.5 15
           111.5 24
           112.5 16
           113.5 28
           114.5 23
           115.5 21
           116.5 13
           117.5 21
           118.5 17
           119.5 13
           120.5 20
           121.5 29
           122.5 23
           123.5 19
           124.5 12
           125.5 23
           126.5 16
           127.5 14
           128.5 16
           129.5 19
           130.5 15
           131.5 26
           132.5 17
           133.5 20
           134.5 9
           135.5 23
           136.5 17
           137.5 12
           138.5 16
           139.5 12
           140.5 12
           141.5 10
           142.5 6
           143.5 13
           144.5 10
           145.5 11
           146.5 6
           147.5 5
           148.5 16
           149.5 10
           150.5 8
           151.5 11
           152.5 10
           153.5 12
           154.5 12
           155.5 7
           156.5 14
           157.5 6
           158.5 8
           159.5 8
           160.5 5
           161.5 8
           162.5 6
           163.5 8
           164.5 8
           165.5 5
           166.5 2
           167.5 10
           168.5 4
           169.5 14
           170.5 4
           171.5 6
           172.5 5
           173.5 3
           174.5 8
           175.5 4
           176.5 2
           177.5 2
           178.5 8
           179.5 6
           180.5 4
           181.5 4
           182.5 6
           183.5 4
           184.5 3
           185.5 3
           186.5 4
           187.5 2
           188.5 2
           189.5 4
           190.5 4
           191.5 1
           192.5 4
           193.5 2
           194.5 2
           195.5 1
           196.5 4
           197.5 2
           198.5 4
             :
           201.5 1
           202.5 1
           203.5 1
           204.5 1
             :
           206.5 2
           207.5 1
           208.5 1
           209.5 1
           210.5 1
           211.5 1
           212.5 1
           213.5 1
           214.5 1
           215.5 1
           216.5 2
           217.5 1
             :
           219.5 2
           220.5 3
           221.5 1
           222.5 3
           223.5 2
             :
           225.5 2
           226.5 1
           227.5 1
           228.5 1
           229.5 3
           230.5 1
           231.5 1
           232.5 1
           233.5 1
             :
           236.5 1
             :
           238.5 3
           239.5 1
             :
           241.5 2
             :
           243.5 1
             :
           245.5 3
           246.5 1
           247.5 2
             :
           250.5 1
           251.5 2
           252.5 2
           253.5 1
           254.5 3
             :
           257.5 1
             :
           262.5 2
           263.5 2
           264.5 1
           265.5 1
             :
           267.5 1
           268.5 1
             :
           270.5 1
           271.5 1
           272.5 1
             :
           277.5 2
           278.5 1
           279.5 2
           280.5 3
             :
           286.5 1
           287.5 3
             :
           289.5 1
             :
           291.5 1
             :
           295.5 1
             :
           297.5 1
             :
           299.5 3
             :
           302.5 1
           303.5 1
           304.5 1
           305.5 1
           306.5 2
             :
           308.5 1
           309.5 1
             :
           313.5 1
           314.5 1
           315.5 1
             :
           317.5 2
           318.5 6
           319.5 1
           320.5 3
           321.5 1
           322.5 1
           323.5 3
             :
           325.5 1
             :
           327.5 2
           328.5 1
             :
           330.5 1
             :
           332.5 1
             :
           335.5 1
             :
           339.5 2
           340.5 1
           341.5 1
           342.5 1
           343.5 1
           344.5 1
           345.5 1
           346.5 1
           347.5 2
           348.5 2
           349.5 1
             :
           351.5 1
             :
           353.5 1
           354.5 3
           355.5 2
             :
           357.5 2
             :
           359.5 2
             :
           362.5 2
             :
           367.5 2
             :
           369.5 3
             :
           371.5 2
             :
           373.5 3
           374.5 1
           375.5 4
             :
           379.5 2
           380.5 1
             :
           382.5 1
           383.5 4
             :
           386.5 1
           387.5 1
           388.5 1
             :
           390.5 1
           391.5 1
             :
           393.5 1
             :
           395.5 2
             :
           399.5 1
             :
           401.5 4
           402.5 2
           403.5 2
             :
           406.5 1
           407.5 1
           408.5 2
             :
           410.5 2
           411.5 1
             :
           413.5 2
           414.5 1
           415.5 1
           416.5 1
             :
           419.5 2
           420.5 1
           421.5 1
             :
           423.5 1
           424.5 2
           425.5 1
             :
           427.5 1
           428.5 2
           429.5 1
           430.5 4
           431.5 1
           432.5 2
           433.5 2
             :
           436.5 1
           437.5 2
           438.5 1
             :
           441.5 1
           442.5 2
             :
           444.5 1
           445.5 2
           446.5 1
           447.5 3
             :
           450.5 1
           451.5 2
             :
           454.5 2
           455.5 1
           456.5 2
           457.5 1
             :
           461.5 2
           462.5 3
           463.5 3
           464.5 1
           465.5 1
           466.5 1
           467.5 1
             :
           473.5 1
           474.5 1
             :
           476.5 3
           477.5 2
           478.5 1
             :
           481.5 2
             :
           483.5 3
             :
           485.5 1
           486.5 3
             :
           493.5 1
           494.5 1
           495.5 1
           496.5 2
           497.5 1
           498.5 2
           499.5 2
           500.5 1
             :
           503.5 2
           504.5 2
           505.5 2
           506.5 3
           507.5 4
           508.5 2
           509.5 1
             :
           511.5 2
           512.5 3
           513.5 1
           514.5 2
           515.5 3
             :
           517.5 3
           518.5 1
           519.5 4
           520.5 1
           521.5 3
           522.5 1
           523.5 2
             :
           525.5 2
             :
           527.5 1
             :
           530.5 4
           531.5 2
             :
           533.5 1
           534.5 1
             :
           536.5 2
           537.5 1
           538.5 3
           539.5 1
           540.5 4
           541.5 1
           542.5 3
             :
           546.5 4
           547.5 4
             :
           549.5 2
           550.5 1
           551.5 1
           552.5 4
           553.5 3
           554.5 6
           555.5 2
           556.5 1
             :
           558.5 1
           559.5 2
           560.5 1
           561.5 2
           562.5 3
           563.5 2
           564.5 1
           565.5 3
           566.5 5
           567.5 4
           568.5 5
           569.5 2
           570.5 3
           571.5 3
           572.5 1
           573.5 3
           574.5 5
           575.5 2
           576.5 3
           577.5 2
           578.5 4
           579.5 2
           580.5 2
           581.5 1
           582.5 1
           583.5 2
           584.5 2
           585.5 8
           586.5 5
           587.5 1
           588.5 1
           589.5 1
           590.5 2
           591.5 1
           592.5 4
           593.5 2
           594.5 3
           595.5 2
           596.5 3
             :
           598.5 6
           599.5 1
           600.5 2
           601.5 4
           602.5 3
           603.5 1
           604.5 2
           605.5 5
           606.5 2
           607.5 3
           608.5 3
           609.5 4
           610.5 3
           611.5 3
           612.5 5
           613.5 4
           614.5 5
           615.5 3
           616.5 2
           617.5 1
           618.5 4
           619.5 3
           620.5 7
           621.5 1
           622.5 5
           623.5 5
           624.5 6
           625.5 1
           626.5 3
           627.5 3
           628.5 1
           629.5 2
           630.5 3
           631.5 5
           632.5 3
           633.5 3
           634.5 2
           635.5 5
           636.5 3
           637.5 1
           638.5 4
           639.5 3
           640.5 2
           641.5 2
           642.5 4
           643.5 3
           644.5 5
           645.5 1
           646.5 9
           647.5 3
           648.5 4
           649.5 6
           650.5 8
           651.5 7
           652.5 3
           653.5 2
           654.5 3
           655.5 7
           656.5 5
           657.5 7
           658.5 5
           659.5 3
           660.5 7
           661.5 1
           662.5 7
           663.5 3
           664.5 5
           665.5 4
           666.5 3
           667.5 4
           668.5 6
           669.5 2
           670.5 5
           671.5 4
           672.5 9
           673.5 1
           674.5 4
           675.5 9
           676.5 3
           677.5 5
           678.5 3
           679.5 3
           680.5 6
           681.5 5
           682.5 3
           683.5 4
           684.5 4
           685.5 6
           686.5 5
           687.5 7
           688.5 8
           689.5 8
           690.5 7
           691.5 7
           692.5 11
           693.5 3
           694.5 10
           695.5 9
           696.5 11
           697.5 5
           698.5 7
           699.5 7
           700.5 6
           701.5 7
           702.5 6
           703.5 6
           704.5 4
           705.5 6
           706.5 8
           707.5 9
           708.5 8
           709.5 6
           710.5 6
           711.5 7
           712.5 8
           713.5 2
           714.5 4
           715.5 6
           716.5 6
           717.5 7
           718.5 7
           719.5 6
           720.5 4
           721.5 4
           722.5 8
           723.5 5
           724.5 2
           725.5 7
           726.5 6
           727.5 8
           728.5 4
           729.5 4
           730.5 9
             :
           732.5 2
           733.5 5
           734.5 6
           735.5 11
           736.5 4
           737.5 6
           738.5 4
           739.5 7
           740.5 3
           741.5 4
           742.5 7
           743.5 4
           744.5 5
           745.5 5
           746.5 4
           747.5 6
           748.5 9
           749.5 9
           750.5 5
           751.5 9
           752.5 8
           753.5 7
           754.5 15
           755.5 13
           756.5 3
           757.5 7
           758.5 7
           759.5 7
           760.5 5
           761.5 5
           762.5 6
           763.5 6
           764.5 10
           765.5 5
           766.5 6
           767.5 9
           768.5 3
           769.5 9
           770.5 5
           771.5 9
           772.5 6
           773.5 8
           774.5 7
           775.5 7
           776.5 7
           777.5 4
           778.5 8
           779.5 5
           780.5 7
           781.5 7
           782.5 5
           783.5 2
           784.5 6
           785.5 9
           786.5 7
           787.5 9
           788.5 6
           789.5 5
           790.5 5
           791.5 7
           792.5 5
           793.5 3
           794.5 7
           795.5 8
           796.5 7
           797.5 5
           798.5 4
           799.5 11
           800.5 9
           801.5 2
           802.5 2
           803.5 6
           804.5 8
           805.5 8
           806.5 6
           807.5 8
           808.5 5
           809.5 5
           810.5 5
           811.5 4
           812.5 3
           813.5 7
           814.5 6
           815.5 5
           816.5 2
           817.5 2
           818.5 3
           819.5 7
           820.5 5
           821.5 4
           822.5 12
           823.5 3
           824.5 6
           825.5 15
           826.5 4
           827.5 8
           828.5 5
           829.5 9
           830.5 6
           831.5 4
           832.5 5
           833.5 4
           834.5 7
           835.5 5
           836.5 1
           837.5 2
           838.5 6
           839.5 3
           840.5 6
           841.5 4
           842.5 4
           843.5 3
           844.5 4
           845.5 3
           846.5 4
           847.5 6
           848.5 11
           849.5 3
           850.5 7
           851.5 3
           852.5 4
           853.5 4
           854.5 5
           855.5 5
           856.5 5
           857.5 7
           858.5 6
           859.5 7
           860.5 7
           861.5 2
           862.5 6
           863.5 7
           864.5 1
           865.5 3
           866.5 4
           867.5 3
           868.5 1
           869.5 4
           870.5 3
           871.5 5
           872.5 3
           873.5 2
           874.5 3
           875.5 3
           876.5 3
             :
           878.5 5
           879.5 3
             :
           881.5 4
           882.5 2
           883.5 5
           884.5 1
           885.5 7
           886.5 6
           887.5 4
           888.5 4
           889.5 1
           890.5 1
           891.5 2
           892.5 3
           893.5 5
           894.5 3
           895.5 2
           896.5 8
           897.5 5
           898.5 7
           899.5 5
           900.5 4
           901.5 5
           902.5 5
           903.5 4
           904.5 5
           905.5 2
           906.5 2
           907.5 3
           908.5 5
           909.5 4
           910.5 3
           911.5 1
           912.5 6
           913.5 2
           914.5 6
           915.5 6
           916.5 3
           917.5 4
             :
           919.5 2
           920.5 2
           921.5 3
           922.5 4
           923.5 1
           924.5 4
           925.5 4
           926.5 2
           927.5 4
           928.5 4
           929.5 1
           930.5 2
           931.5 2
           932.5 1
           933.5 3
           934.5 1
           935.5 1
           936.5 4
           937.5 2
           938.5 4
           939.5 1
           940.5 4
           941.5 3
           942.5 4
           943.5 6
           944.5 2
           945.5 7
           946.5 3
           947.5 1
           948.5 3
           949.5 4
           950.5 1
           951.5 3
           952.5 5
           953.5 2
           954.5 2
           955.5 7
           956.5 3
           957.5 4
           958.5 3
           959.5 2
           960.5 3
           961.5 4
           962.5 3
           963.5 3
           964.5 1
           965.5 2
           966.5 5
           967.5 2
           968.5 3
           969.5 1
           970.5 4
           971.5 2
           972.5 2
           973.5 2
           974.5 4
           975.5 4
           976.5 4
           977.5 1
           978.5 2
           979.5 1
           980.5 5
           981.5 2
           982.5 4
           983.5 5
           984.5 1
           985.5 3
           986.5 1
           987.5 3
             :
           989.5 5
           990.5 1
           991.5 1
           992.5 1
           993.5 3
           994.5 1
           995.5 5
           996.5 1
           997.5 5
           998.5 2
             :
          1000.5 2
          1001.5 2
          1002.5 1
          1003.5 1
          1004.5 5
          1005.5 1
          1006.5 2
          1007.5 4
          1008.5 3
          1009.5 2
          1010.5 2
          1011.5 2
          1012.5 2
          1013.5 2
          1014.5 1
          1015.5 3
          1016.5 3
          1017.5 1
          1018.5 2
             :
          1020.5 2
          1021.5 1
          1022.5 1
          1023.5 6
             :
          1025.5 6
          1026.5 3
          1027.5 2
          1028.5 2
          1029.5 4
             :
          1031.5 1
          1032.5 3
          1033.5 2
          1034.5 3
          1035.5 5
          1036.5 1
          1037.5 2
          1038.5 2
          1039.5 2
          1040.5 1
          1041.5 2
          1042.5 3
          1043.5 1
          1044.5 3
          1045.5 6
          1046.5 2
          1047.5 3
          1048.5 1
             :
          1050.5 3
          1051.5 1
          1052.5 2
          1053.5 1
          1054.5 2
          1055.5 1
          1056.5 3
          1057.5 2
          1058.5 2
          1059.5 2
          1060.5 2
          1061.5 2
          1062.5 1
          1063.5 1
          1064.5 2
          1065.5 1
          1066.5 3
          1067.5 2
          1068.5 4
          1069.5 2
          1070.5 1
             :
          1072.5 2
             :
          1075.5 3
          1076.5 3
          1077.5 1
          1078.5 1
          1079.5 1
          1080.5 2
          1081.5 2
          1082.5 2
          1083.5 1
          1084.5 1
          1085.5 3
             :
          1087.5 2
             :
          1091.5 1
          1092.5 2
          1093.5 2
          1094.5 1
          1095.5 1
             :
          1097.5 4
          1098.5 1
          1099.5 3
          1100.5 3
             :
          1102.5 1
             :
          1105.5 2
          1106.5 1
          1107.5 2
          1108.5 1
          1109.5 2
          1110.5 1
          1111.5 3
             :
          1115.5 1
          1116.5 1
          1117.5 3
          1118.5 1
          1119.5 1
          1120.5 1
          1121.5 4
             :
          1124.5 1
          1125.5 1
             :
          1128.5 2
          1129.5 1
          1130.5 1
             :
          1132.5 1
          1133.5 1
          1134.5 2
          1135.5 2
          1136.5 1
             :
          1139.5 4
          1140.5 2
          1141.5 1
          1142.5 1
             :
          1144.5 1
          1145.5 1
          1146.5 2
             :
          1148.5 2
             :
          1150.5 1
             :
          1152.5 3
          1153.5 2
          1154.5 2
          1155.5 4
          1156.5 1
          1157.5 1
          1158.5 2
             :
          1160.5 1
          1161.5 2
          1162.5 1
          1163.5 1
             :
          1166.5 5
          1167.5 1
             :
          1170.5 2
             :
          1175.5 3
          1176.5 1
          1177.5 2
             :
          1180.5 2
          1181.5 1
             :
          1183.5 1
          1184.5 4
          1185.5 2
          1186.5 2
             :
          1189.5 1
             :
          1191.5 3
          1192.5 1
          1193.5 1
             :
          1195.5 1
          1196.5 2
             :
          1199.5 1
          1200.5 3
          1201.5 1
          1202.5 1
             :
          1204.5 2
             :
          1206.5 3
          1207.5 1
          1208.5 2
             :
          1210.5 1
          1211.5 1
             :
          1214.5 2
             :
          1217.5 2
          1218.5 1
             :
          1220.5 1
             :
          1226.5 1
          1227.5 1
          1228.5 1
          1229.5 1
          1230.5 2
          1231.5 3
          1232.5 2
             :
          1234.5 1
             :
          1236.5 1
          1237.5 1
          1238.5 3
          1239.5 1
          1240.5 1
          1241.5 1
             :
          1243.5 2
          1244.5 1
             :
          1246.5 1
          1247.5 2
          1248.5 1
          1249.5 2
          1250.5 2
          1251.5 1
          1252.5 2
          1253.5 2
             :
          1256.5 1
             :
          1259.5 1
             :
          1261.5 1
             :
          1263.5 2
          1264.5 2
          1265.5 3
             :
          1268.5 1
             :
          1270.5 1
          1271.5 1
          1272.5 1
             :
          1274.5 1
          1275.5 1
             :
          1277.5 1
          1278.5 1
             :
          1280.5 2
          1281.5 1
          1282.5 3
             :
          1284.5 3
          1285.5 2
          1286.5 1
             :
          1288.5 1
          1289.5 3
             :
          1294.5 3
          1295.5 1
          1296.5 1
             :
          1299.5 2
          1300.5 1
          1301.5 1
          1302.5 1
             :
          1304.5 2
          1305.5 2
          1306.5 1
          1307.5 2
             :
          1312.5 1
          1313.5 1
             :
          1315.5 1
          1316.5 1
          1317.5 1
             :
          1319.5 1
             :
          1321.5 1
          1322.5 1
             :
          1324.5 2
             :
          1327.5 1
             :
          1329.5 1
          1330.5 2
          1331.5 1
             :
          1333.5 1
          1334.5 3
             :
          1336.5 1
          1337.5 1
             :
          1341.5 1
             :
          1343.5 1
          1344.5 1
             :
          1350.5 1
             :
          1352.5 1
          1353.5 1
          1354.5 1
          1355.5 1
          1356.5 1
             :
          1360.5 1
             :
          1365.5 2
          1366.5 1
          1367.5 3
          1368.5 1
             :
          1370.5 1
             :
          1373.5 2
          1374.5 1
             :
          1376.5 1
             :
          1379.5 3
          1380.5 1
          1381.5 2
             :
          1386.5 1
          1387.5 2
             :
          1393.5 1
             :
          1398.5 1
          1399.5 1
          1400.5 2
          1401.5 2
          1402.5 3
          1403.5 1
             :
          1405.5 2
             :
          1409.5 1
          1410.5 2
          1411.5 2
             :
          1414.5 1
          1415.5 1
          1416.5 1
          1417.5 2
          1418.5 1
             :
          1421.5 1
             :
          1424.5 3
             :
          1427.5 3
          1428.5 1
          1429.5 1
          1430.5 2
             :
          1433.5 2
             :
          1435.5 1
             :
          1439.5 1
          1440.5 1
          1441.5 1
          1442.5 1
          1443.5 1
             :
          1445.5 1
          1446.5 1
             :
          1448.5 2
             :
          1451.5 2
             :
          1453.5 2
          1454.5 1
             :
          1456.5 1
          1457.5 2
          1458.5 2
          1459.5 1
             :
          1461.5 1
          1462.5 2
          1463.5 2
          1464.5 1
          1465.5 3
             :
          1467.5 1
             :
          1470.5 1
          1471.5 1
          1472.5 1
          1473.5 1
             :
          1475.5 2
          1476.5 2
          1477.5 1
          1478.5 1
          1479.5 2
             :
          1484.5 2
             :
          1487.5 1
             :
          1496.5 1
          1497.5 1
          1498.5 2
          1499.5 3
             :
          1502.5 1
          1503.5 2
             :
          1505.5 1
             :
          1511.5 1
          1512.5 1
             :
          1514.5 2
          1515.5 1
             :
          1517.5 3
          1518.5 1
             :
          1520.5 1
             :
          1522.5 1
          1523.5 1
          1524.5 2
          1525.5 1
             :
          1527.5 2
             :
          1530.5 2
             :
          1532.5 2
          1533.5 1
          1534.5 1
          1535.5 2
          1536.5 1
             :
          1539.5 1
          1540.5 1
             :
          1542.5 1
          1543.5 2
             :
          1545.5 1
          1546.5 1
             :
          1548.5 1
          1549.5 1
             :
          1551.5 1
             :
          1553.5 4
             :
          1556.5 3
             :
          1558.5 1
          1559.5 2
          1560.5 1
          1561.5 3
          1562.5 1
             :
          1564.5 1
          1565.5 1
             :
          1569.5 1
          1570.5 1
             :
          1572.5 2
          1573.5 3
             :
          1575.5 2
             :
          1578.5 1
             :
          1582.5 1
             :
          1584.5 1
             :
          1586.5 1
             :
          1588.5 3
          1589.5 1
          1590.5 1
          1591.5 2
          1592.5 1
             :
          1598.5 1
             :
          1601.5 2
          1602.5 1
          1603.5 1
          1604.5 1
             :
          1606.5 2
             :
          1608.5 1
          1609.5 1
             :
          1611.5 1
          1612.5 1
          1613.5 1
             :
          1617.5 1
             :
          1619.5 1
             :
          1625.5 2
             :
          1628.5 1
             :
          1630.5 1
          1631.5 2
             :
          1635.5 1
             :
          1640.5 1
          1641.5 1
             :
          1643.5 1
          1644.5 1
             :
          1647.5 1
          1648.5 1
          1649.5 1
          1650.5 2
          1651.5 1
             :
          1656.5 1
          1657.5 1
             :
          1661.5 1
             :
          1664.5 1
          1665.5 1
          1666.5 1
             :
          1673.5 1
          1674.5 1
          1675.5 1
             :
          1678.5 1
             :
          1684.5 2
             :
          1686.5 1
          1687.5 1
             :
          1690.5 1
          1691.5 1
             :
          1694.5 2
          1695.5 1
          1696.5 1
          1697.5 1
             :
          1699.5 1
             :
          1701.5 2
             :
          1703.5 1
             :
          1705.5 1
             :
          1708.5 1
          1709.5 2
             :
          1712.5 2
             :
          1716.5 2
             :
          1718.5 1
             :
          1720.5 2
             :
          1723.5 1
             :
          1725.5 3
             :
          1727.5 2
             :
          1730.5 1
          1731.5 1
             :
          1733.5 1
          1734.5 1
             :
          1739.5 1
          1740.5 1
          1741.5 1
             :
          1745.5 1
             :
          1749.5 3
             :
          1752.5 1
             :
          1757.5 3
             :
          1761.5 1
             :
          1765.5 1
             :
          1768.5 1
             :
          1771.5 1
          1772.5 1
          1773.5 1
          1774.5 2
             :
          1776.5 1
             :
          1778.5 1
             :
          1781.5 2
             :
          1784.5 1
             :
          1786.5 3
             :
          1789.5 1
             :
          1791.5 2
             :
          1796.5 1
             :
          1800.5 2
             :
          1802.5 1
          1803.5 1
          1804.5 1
             :
          1806.5 1
          1807.5 1
             :
          1809.5 2
             :
          1811.5 1
             :
          1813.5 1
          1814.5 1
             :
          1818.5 1
          1819.5 2
             :
          1823.5 1
          1824.5 1
          1825.5 2
          1826.5 1
             :
          1828.5 1
             :
          1830.5 1
             :
          1833.5 1
          1834.5 1
             :
          1837.5 1
             :
          1839.5 1
             :
          1845.5 2
             :
          1849.5 1
          1850.5 1
             :
          1854.5 2
          1855.5 1
             :
          1857.5 1
             :
          1859.5 2
             :
          1861.5 1
             :
          1864.5 2
             :
          1866.5 1
          1867.5 1
          1868.5 1
             :
          1870.5 1
             :
          1872.5 2
             :
          1874.5 1
             :
          1878.5 1
          1879.5 1
             :
          1881.5 1
             :
          1883.5 3
             :
          1889.5 1
             :
          1892.5 2
             :
          1898.5 1
          1899.5 1
             :
          1903.5 2
             :
          1905.5 2
          1906.5 1
             :
          1911.5 1
          1912.5 1
             :
          1914.5 2
             :
          1919.5 2
             :
          1923.5 1
             :
          1926.5 2
          1927.5 1
          1928.5 1
             :
          1931.5 2
          1932.5 1
             :
          1935.5 1
             :
          1940.5 3
          1941.5 1
             :
          1943.5 1
             :
          1946.5 1
             :
          1949.5 1
          1950.5 1
             :
          1953.5 1
          1954.5 2
          1955.5 1
             :
          1959.5 1
             :
          1962.5 2
             :
          1966.5 1
          1967.5 1
             :
          1972.5 1
             :
          1984.5 1
          1985.5 4
          1986.5 1
             :
          1990.5 1
             :
          1993.5 1
             :
          1995.5 1
          1996.5 1
             :
          1998.5 1
             :
          2002.5 2
             :
          2005.5 3
          2006.5 2
             :
          2009.5 1
          2010.5 1
             :
          2014.5 1
          2015.5 1
          2016.5 1
             :
          2022.5 1
          2023.5 1
          2024.5 1
          2025.5 1
             :
          2027.5 3
          2028.5 1
          2029.5 3
          2030.5 2
             :
          2032.5 3
             :
          2034.5 1
             :
          2037.5 1
          2038.5 2
             :
          2042.5 1
             :
          2046.5 1
          2047.5 4
          2048.5 2
             :
          2050.5 1
          2051.5 1
             :
          2054.5 1
          2055.5 2
             :
          2057.5 1
             :
          2060.5 2
          2061.5 1
             :
          2068.5 1
          2069.5 1
             :
          2071.5 2
             :
          2074.5 1
             :
          2076.5 2
             :
          2079.5 1
          2080.5 2
             :
          2083.5 1
             :
          2088.5 1
             :
          2092.5 2
             :
          2096.5 1
             :
          2102.5 3
          2103.5 2
             :
          2109.5 1
             :
          2112.5 1
             :
          2114.5 2
          2115.5 1
          2116.5 1
          2117.5 1
          2118.5 1
             :
          2120.5 1
          2121.5 2
          2122.5 2
          2123.5 1
          2124.5 2
          2125.5 1
          2126.5 1
          2127.5 2
             :
          2131.5 1
          2132.5 2
             :
          2135.5 2
          2136.5 1
          2137.5 3
             :
          2139.5 1
          2140.5 1
          2141.5 1
          2142.5 1
             :
          2147.5 1
             :
          2155.5 1
             :
          2160.5 1
             :
          2164.5 1
             :
          2166.5 1
             :
          2169.5 1
          2170.5 1
             :
          2173.5 1
          2174.5 1
             :
          2180.5 2
             :
          2183.5 1
          2184.5 2
          2185.5 1
          2186.5 1
             :
          2190.5 1
          2191.5 2
             :
          2193.5 1
             :
          2195.5 2
          2196.5 1
             :
          2201.5 1
             :
          2203.5 2
             :
          2207.5 1
          2208.5 1
             :
          2213.5 1
             :
          2215.5 2
          2216.5 1
             :
          2218.5 3
             :
          2220.5 1
          2221.5 2
          2222.5 1
             :
          2225.5 1
             :
          2227.5 1
          2228.5 1
             :
          2231.5 1
          2232.5 3
          2233.5 1
          2234.5 1
          2235.5 2
             :
          2240.5 1
             :
          2248.5 1
          2249.5 2
          2250.5 1
             :
          2252.5 2
             :
          2254.5 1
          2255.5 1
          2256.5 3
             :
          2260.5 1
             :
          2266.5 1
             :
          2270.5 1
             :
          2273.5 1
             :
          2277.5 2
          2278.5 1
             :
          2284.5 1
             :
          2287.5 2
          2288.5 1
             :
          2293.5 1
             :
          2297.5 2
          2298.5 2
          2299.5 1
          2300.5 1
          2301.5 1
          2302.5 1
             :
          2305.5 1
          2306.5 1
             :
          2309.5 1
             :
          2311.5 2
          2312.5 2
             :
          2315.5 1
          2316.5 1
          2317.5 1
             :
          2322.5 1
             :
          2324.5 3
             :
          2327.5 3
             :
          2330.5 1
          2331.5 2
          2332.5 1
             :
          2338.5 1
          2339.5 3
          2340.5 1
             :
          2344.5 1
             :
          2346.5 1
             :
          2350.5 2
          2351.5 1
             :
          2353.5 1
             :
          2355.5 1
             :
          2359.5 2
             :
          2367.5 1
          2368.5 1
             :
          2370.5 2
          2371.5 3
             :
          2373.5 1
             :
          2376.5 1
          2377.5 1
             :
          2380.5 1
             :
          2383.5 1
             :
          2395.5 1
          2396.5 1
             :
          2399.5 1
             :
          2404.5 1
          2405.5 2
             :
          2412.5 1
             :
          2415.5 2
             :
          2423.5 1
             :
          2425.5 1
             :
          2428.5 1
             :
          2430.5 1
          2431.5 1
             :
          2434.5 1
             :
          2437.5 1
             :
          2440.5 1
          2441.5 1
             :
          2445.5 1
             :
          2449.5 1
          2450.5 2
             :
          2453.5 4
             :
          2456.5 2
             :
          2459.5 1
             :
          2461.5 3
          2462.5 1
             :
          2465.5 1
          2466.5 1
          2467.5 1
          2468.5 1
          2469.5 1
             :
          2471.5 1
             :
          2476.5 3
          2477.5 1
             :
          2483.5 1
             :
          2488.5 1
             :
          2490.5 2
             :
          2494.5 1
             :
          2496.5 2
             :
          2500.5 1
          2501.5 1
             :
          2503.5 1
          2504.5 1
             :
          2508.5 2
             :
          2511.5 1
          2512.5 1
             :
          2515.5 2
             :
          2518.5 2
             :
          2520.5 1
          2521.5 1
             :
          2526.5 1
          2527.5 1
             :
          2529.5 1
             :
          2531.5 2
             :
          2533.5 1
          2534.5 1
             :
          2536.5 2
          2537.5 1
             :
          2539.5 1
             :
          2542.5 2
             :
          2544.5 1
          2545.5 2
          2546.5 1
             :
          2550.5 1
             :
          2555.5 1
             :
          2560.5 1
             :
          2564.5 1
             :
          2569.5 1
             :
          2571.5 1
             :
          2575.5 1
             :
          2581.5 1
             :
          2584.5 2
             :
          2587.5 1
             :
          2589.5 2
             :
          2600.5 2
             :
          2603.5 2
             :
          2605.5 1
             :
          2609.5 1
          2610.5 2
          2611.5 1
             :
          2618.5 1
          2619.5 1
             :
          2621.5 2
             :
          2623.5 1
             :
          2627.5 1
             :
          2629.5 2
          2630.5 1
             :
          2635.5 2
             :
          2637.5 1
             :
          2639.5 1
          2640.5 2
             :
          2645.5 2
             :
          2649.5 1
             :
          2651.5 1
             :
          2653.5 1
          2654.5 2
             :
          2656.5 2
             :
          2658.5 1
          2659.5 2
          2660.5 1
             :
          2664.5 1
          2665.5 1
             :
          2669.5 1
             :
          2671.5 1
             :
          2673.5 1
             :
          2675.5 2
             :
          2677.5 1
          2678.5 1
          2679.5 1
             :
          2681.5 1
          2682.5 1
          2683.5 2
             :
          2689.5 1
          2690.5 1
             :
          2692.5 2
             :
          2707.5 1
             :
          2712.5 1
             :
          2718.5 1
             :
          2722.5 1
             :
          2728.5 1
          2729.5 2
             :
          2731.5 2
             :
          2733.5 1
          2734.5 1
          2735.5 1
             :
          2738.5 1
             :
          2743.5 1
             :
          2747.5 1
             :
          2749.5 1
             :
          2751.5 1
             :
          2753.5 1
             :
          2756.5 2
             :
          2758.5 1
          2759.5 1
             :
          2763.5 1
             :
          2765.5 2
             :
          2767.5 1
             :
          2774.5 1
             :
          2777.5 1
          2778.5 1
          2779.5 2
          2780.5 1
          2781.5 1
             :
          2783.5 1
             :
          2785.5 1
             :
          2788.5 1
          2789.5 1
             :
          2791.5 2
             :
          2794.5 2
             :
          2796.5 1
             :
          2798.5 1
             :
          2806.5 1
             :
          2811.5 1
             :
          2815.5 2
             :
          2817.5 1
          2818.5 1
          2819.5 1
             :
          2828.5 1
             :
          2830.5 2
             :
          2832.5 1
             :
          2834.5 1
             :
          2839.5 1
             :
          2841.5 1
          2842.5 1
             :
          2846.5 1
             :
          2850.5 1
          2851.5 1
             :
          2859.5 1
          2860.5 1
          2861.5 2
          2862.5 1
             :
          2871.5 1
             :
          2873.5 1
             :
          2875.5 1
             :
          2879.5 1
          2880.5 1
          2881.5 1
             :
          2887.5 1
          2888.5 2
             :
          2893.5 1
          2894.5 2
          2895.5 1
          2896.5 1
             :
          2899.5 1
             :
          2902.5 1
          2903.5 1
             :
          2921.5 1
             :
          2929.5 1
             :
          2934.5 2
             :
          2938.5 1
             :
          2945.5 2
          2946.5 1
          2947.5 1
             :
          2954.5 1
             :
          2956.5 2
          2957.5 1
          2958.5 1
             :
          2966.5 1
             :
          2968.5 1
             :
          2973.5 1
          2974.5 1
             :
          2977.5 1
             :
          2983.5 2
          2984.5 1
             :
          2987.5 1
             :
          2990.5 1
             :
          2994.5 1
             :
          3000.5 1
             :
          3002.5 1
             :
          3004.5 3
             :
          3006.5 1
          3007.5 1
          3008.5 1
             :
          3012.5 1
             :
          3017.5 1
             :
          3019.5 2
             :
          3023.5 1
             :
          3028.5 1
             :
          3031.5 1
          3032.5 1
             :
          3035.5 2
             :
          3047.5 1
             :
          3058.5 2
             :
          3064.5 1
             :
          3067.5 2
             :
          3073.5 1
             :
          3082.5 1
             :
          3091.5 1
             :
          3099.5 1
             :
          3103.5 1
             :
          3105.5 1
             :
          3107.5 1
          3108.5 1
             :
          3111.5 2
             :
          3114.5 2
          3115.5 2
          3116.5 1
             :
          3119.5 1
          3120.5 2
          3121.5 2
             :
          3123.5 1
             :
          3129.5 1
             :
          3137.5 1
          3138.5 1
             :
          3148.5 1
             :
          3150.5 2
             :
          3154.5 2
             :
          3161.5 1
          3162.5 1
          3163.5 1
             :
          3165.5 2
             :
          3172.5 1
             :
          3174.5 1
             :
          3178.5 1
             :
          3181.5 1
          3182.5 1
             :
          3184.5 1
             :
          3187.5 1
             :
          3191.5 1
          3192.5 1
             :
          3195.5 1
          3196.5 1
             :
          3199.5 1
             :
          3209.5 1
          3210.5 2
             :
          3217.5 2
          3218.5 1
             :
          3221.5 1
             :
          3229.5 1
             :
          3231.5 1
             :
          3241.5 1
             :
          3249.5 1
             :
          3253.5 1
             :
          3275.5 1
             :
          3280.5 1
             :
          3287.5 1
             :
          3292.5 1
          3293.5 1
             :
          3296.5 2
             :
          3300.5 1
          3301.5 1
             :
          3307.5 2
          3308.5 2
             :
          3311.5 1
             :
          3315.5 1
             :
          3319.5 1
             :
          3321.5 1
             :
          3326.5 1
          3327.5 1
          3328.5 1
             :
          3334.5 1
             :
          3338.5 2
             :
          3341.5 1
             :
          3345.5 1
             :
          3350.5 1
             :
          3357.5 1
             :
          3359.5 1
             :
          3364.5 1
             :
          3367.5 1
             :
          3371.5 1
             :
          3379.5 2
             :
          3391.5 1
             :
          3395.5 1
          3396.5 1
             :
          3410.5 1
             :
          3418.5 3
             :
          3420.5 1
             :
          3423.5 1
             :
          3426.5 1
             :
          3428.5 1
             :
          3433.5 1
             :
          3436.5 2
          3437.5 1
          3438.5 1
             :
          3442.5 2
             :
          3446.5 2
             :
          3448.5 1
             :
          3451.5 1
             :
          3467.5 1
             :
          3472.5 1
             :
          3478.5 2
             :
          3502.5 3
          3503.5 1
          3504.5 2
             :
          3509.5 1
          3510.5 1
             :
          3513.5 1
             :
          3515.5 1
             :
          3518.5 1
             :
          3523.5 2
          3524.5 1
             :
          3545.5 2
             :
          3550.5 1
             :
          3554.5 2
             :
          3556.5 1
          3557.5 1
             :
          3561.5 1
             :
          3565.5 1
             :
          3589.5 2
             :
          3597.5 1
             :
          3602.5 1
             :
          3617.5 1
             :
          3624.5 1
             :
          3633.5 1
          3634.5 1
             :
          3638.5 1
             :
          3642.5 1
             :
          3655.5 1
          3656.5 1
          3657.5 1
             :
          3667.5 1
          3668.5 1
             :
          3671.5 1
             :
          3677.5 1
             :
          3683.5 1
             :
          3689.5 1
             :
          3695.5 1
          3696.5 1
             :
          3698.5 1
             :
          3702.5 1
             :
          3707.5 1
             :
          3715.5 1
             :
          3717.5 1
             :
          3731.5 1
             :
          3735.5 2
             :
          3741.5 1
          3742.5 1
             :
          3746.5 1
             :
          3751.5 1
          3752.5 1
             :
          3760.5 1
             :
          3769.5 1
             :
          3775.5 1
             :
          3777.5 1
             :
          3789.5 1
             :
          3791.5 1
             :
          3808.5 1
             :
          3819.5 1
             :
          3822.5 1
             :
          3831.5 2
             :
          3838.5 3
             :
          3841.5 1
             :
          3848.5 1
             :
          3861.5 1
             :
          3869.5 1
             :
          3877.5 1
             :
          3884.5 1
             :
          3888.5 1
             :
          3898.5 1
             :
          3928.5 1
             :
          3936.5 1
             :
          3938.5 1
          3939.5 1
             :
          3942.5 1
          3943.5 1
             :
          3946.5 1
             :
          3952.5 1
             :
          3958.5 1
             :
          3960.5 1
             :
          3977.5 1
             :
          3983.5 1
             :
          3991.5 1
          3992.5 1
             :
          4005.5 1
             :
          4016.5 1
             :
          4019.5 1
             :
          4031.5 1
             :
          4034.5 1
             :
          4074.5 1
             :
          4077.5 1
          4078.5 2
          4079.5 1
          4080.5 1
          4081.5 1
             :
          4085.5 2
             :
          4100.5 1
             :
          4105.5 1
          4106.5 1
             :
          4128.5 1
          4129.5 1
             :
          4134.5 1
             :
          4140.5 1
          4141.5 1
             :
          4147.5 1
             :
          4156.5 1
             :
          4166.5 1
             :
          4183.5 1
             :
          4203.5 1
             :
          4246.5 1
             :
          4267.5 1
             :
          4271.5 1
             :
          4313.5 1
             :
          4440.5 1
             :
          4445.5 1
             :
          4534.5 1
             :
          4617.5 1
             :
          4659.5 1
             :
          4699.5 1

Total: connections 14400 requests 14400 replies 14400 test-duration 599.973 s

Connection rate: 24.0 conn/s (41.7 ms/conn, <=90 concurrent connections)
Connection time [ms]: min 10.0 avg 376.6 max 4699.4 median 45.5 stddev 711.0
Connection time [ms]: connect 0.9
Connection length [replies/conn]: 1.000

Request rate: 24.0 req/s (41.7 ms/req)
Request size [B]: 67.0

Reply rate [replies/s]: min 11.0 avg 24.0 max 48.0 stddev 4.3 (599 samples)
Percentages of the replies served at a given rate:
   50%: 23
   66%: 23
   75%: 24
   80%: 25
   90%: 27
   95%: 31
   98%: 35
   99%: 38
  100%: 48

Reply time [ms]: response 355.9 transfer 19.7
Percentages of the requests served within a certain time (ms) :
   50%: 42
   66%: 100
   75%: 458
   80%: 647
   90%: 1024
   95%: 1991
   98%: 2864
   99%: 3327
  100%: 4658

Reply size [B]: header 163.0 content 72.0 footer 1.0 (total 236.0)
Reply status: 1xx=0 2xx=14400 3xx=0 4xx=0 5xx=0

CPU time [s]: user 447.33 system 151.45 (user 74.6% system 25.2% total 99.8%)
Net I/O: 7.1 KB/s (0.1*10^6 bps)

Errors: total 0 client-timo 0 socket-timo 0 connrefused 0 connreset 0
Errors: fd-unavail 0 addrunavail 0 ftab-full 0 other 0

