httperf --verbose --hog --timeout=50 --client=0/1 --server=172.16.116.116 --port=8080 --uri=/ --rate=8 --send-buffer=4096 --recv-buffer=16384 --num-conns=1440 --num-calls=1
httperf: maximum number of open descriptors = 65535
Maximum connect burst length: 1

Connection lifetime histogram (time in ms):
             :
            10.5 18
            11.5 198
            12.5 194
            13.5 172
            14.5 131
            15.5 119
            16.5 147
            17.5 141
            18.5 101
            19.5 69
            20.5 48
            21.5 25
            22.5 19
            23.5 13
            24.5 8
            25.5 3
            26.5 6
            27.5 3
            28.5 1
             :
            32.5 1
             :
            35.5 1
             :
            38.5 1
             :
            71.5 1
             :
            91.5 1
             :
           135.5 1
             :
           166.5 1
             :
           178.5 1
             :
           203.5 1
             :
           212.5 1
             :
           216.5 1
             :
           225.5 1
             :
           230.5 1
             :
           247.5 1
             :
           262.5 1
             :
           285.5 1
             :
           297.5 1
             :
           300.5 1
             :
           306.5 1
             :
           316.5 1
             :
           327.5 1
           328.5 1
             :
           352.5 1
             :
           367.5 1

Total: connections 1440 requests 1440 replies 1440 test-duration 179.894 s

Connection rate: 8.0 conn/s (124.9 ms/conn, <=2 concurrent connections)
Connection time [ms]: min 10.6 avg 18.8 max 367.1 median 15.5 stddev 29.3
Connection time [ms]: connect 0.7
Connection length [replies/conn]: 1.000

Request rate: 8.0 req/s (124.9 ms/req)
Request size [B]: 67.0

Reply rate [replies/s]: min 7.0 avg 8.0 max 9.0 stddev 0.2 (179 samples)
Percentages of the replies served at a given rate:
   50%: 7
   66%: 7
   75%: 7
   80%: 7
   90%: 7
   95%: 7
   98%: 8
   99%: 8
  100%: 9

Reply time [ms]: response 17.1 transfer 0.9
Percentages of the requests served within a certain time (ms) :
   50%: 13
   66%: 15
   75%: 16
   80%: 16
   90%: 18
   95%: 19
   98%: 24
   99%: 176
  100%: 351

Reply size [B]: header 162.0 content 72.0 footer 1.0 (total 235.0)
Reply status: 1xx=0 2xx=1440 3xx=0 4xx=0 5xx=0

CPU time [s]: user 152.66 system 26.96 (user 84.9% system 15.0% total 99.9%)
Net I/O: 2.4 KB/s (0.0*10^6 bps)

Errors: total 0 client-timo 0 socket-timo 0 connrefused 0 connreset 0
Errors: fd-unavail 0 addrunavail 0 ftab-full 0 other 0

