httperf --verbose --hog --timeout=50 --client=0/1 --server=172.16.116.116 --port=8080 --uri=/ --rate=8 --send-buffer=4096 --recv-buffer=16384 --num-conns=1440 --num-calls=1
httperf: maximum number of open descriptors = 65535
Maximum connect burst length: 1

Connection lifetime histogram (time in ms):
             :
            10.5 65
            11.5 260
            12.5 202
            13.5 193
            14.5 148
            15.5 118
            16.5 150
            17.5 79
            18.5 60
            19.5 40
            20.5 30
            21.5 31
            22.5 25
            23.5 14
            24.5 6
            25.5 4
            26.5 2
            27.5 2
            28.5 2
             :
            34.5 1
            35.5 1
             :
           167.5 1
             :
           186.5 1
             :
           210.5 1
             :
           228.5 1
             :
           271.5 1
             :
           274.5 2

Total: connections 1440 requests 1440 replies 1440 test-duration 179.886 s

Connection rate: 8.0 conn/s (124.9 ms/conn, <=2 concurrent connections)
Connection time [ms]: min 10.4 avg 15.8 max 274.6 median 13.5 stddev 15.6
Connection time [ms]: connect 0.9
Connection length [replies/conn]: 1.000

Request rate: 8.0 req/s (124.9 ms/req)
Request size [B]: 67.0

Reply rate [replies/s]: min 8.0 avg 8.0 max 8.0 stddev 0.0 (179 samples)
Percentages of the replies served at a given rate:
   50%: 7
   66%: 7
   75%: 7
   80%: 7
   90%: 7
   95%: 7
   98%: 7
   99%: 7
  100%: 8

Reply time [ms]: response 14.4 transfer 0.5
Percentages of the requests served within a certain time (ms) :
   50%: 12
   66%: 14
   75%: 15
   80%: 15
   90%: 17
   95%: 19
   98%: 21
   99%: 23
  100%: 273

Reply size [B]: header 163.0 content 72.0 footer 2.0 (total 237.0)
Reply status: 1xx=0 2xx=1440 3xx=0 4xx=0 5xx=0

CPU time [s]: user 152.76 system 26.87 (user 84.9% system 14.9% total 99.9%)
Net I/O: 2.4 KB/s (0.0*10^6 bps)

Errors: total 0 client-timo 0 socket-timo 0 connrefused 0 connreset 0
Errors: fd-unavail 0 addrunavail 0 ftab-full 0 other 0

