httperf --verbose --hog --timeout=50 --client=0/1 --server=172.16.116.116 --port=8080 --uri=/ --rate=16 --send-buffer=4096 --recv-buffer=16384 --num-conns=2880 --num-calls=1
httperf: maximum number of open descriptors = 65535
Maximum connect burst length: 1

Connection lifetime histogram (time in ms):
             :
            10.5 187
            11.5 622
            12.5 409
            13.5 310
            14.5 249
            15.5 251
            16.5 313
            17.5 148
            18.5 94
            19.5 87
            20.5 61
            21.5 49
            22.5 40
            23.5 15
            24.5 8
            25.5 7
            26.5 3
            27.5 2
             :
            29.5 1
            30.5 1
             :
            33.5 1
             :
            48.5 1
             :
            91.5 1
             :
           126.5 1
           127.5 1
             :
           143.5 1
             :
           149.5 1
             :
           163.5 1
             :
           181.5 1
             :
           191.5 1
           192.5 1
           193.5 1
             :
           204.5 1
             :
           207.5 1
             :
           222.5 1
             :
           235.5 1
             :
           241.5 1
             :
           256.5 1
             :
           262.5 1
             :
           270.5 1
             :
           276.5 1
             :
           283.5 1
             :
           361.5 1

Total: connections 2880 requests 2880 replies 2880 test-duration 179.949 s

Connection rate: 16.0 conn/s (62.5 ms/conn, <=2 concurrent connections)
Connection time [ms]: min 10.0 avg 15.9 max 361.5 median 13.5 stddev 17.7
Connection time [ms]: connect 0.7
Connection length [replies/conn]: 1.000

Request rate: 16.0 req/s (62.5 ms/req)
Request size [B]: 67.0

Reply rate [replies/s]: min 15.0 avg 16.0 max 17.0 stddev 0.2 (179 samples)
Percentages of the replies served at a given rate:
   50%: 15
   66%: 15
   75%: 15
   80%: 15
   90%: 15
   95%: 15
   98%: 16
   99%: 16
  100%: 17

Reply time [ms]: response 14.6 transfer 0.5
Percentages of the requests served within a certain time (ms) :
   50%: 12
   66%: 14
   75%: 15
   80%: 15
   90%: 17
   95%: 19
   98%: 21
   99%: 24
  100%: 291

Reply size [B]: header 162.0 content 72.0 footer 1.0 (total 235.0)
Reply status: 1xx=0 2xx=2880 3xx=0 4xx=0 5xx=0

CPU time [s]: user 145.69 system 33.91 (user 81.0% system 18.8% total 99.8%)
Net I/O: 4.7 KB/s (0.0*10^6 bps)

Errors: total 0 client-timo 0 socket-timo 0 connrefused 0 connreset 0
Errors: fd-unavail 0 addrunavail 0 ftab-full 0 other 0

