httperf --hog --timeout=1 --client=0/1 --server=172.17.60.201 --port=80 --uri=/ --rate=20 --send-buffer=4096 --recv-buffer=16384 --num-conns=2000 --num-calls=1
Maximum connect burst length: 1

Total: connections 2000 requests 2000 replies 2000 test-duration 99.956 s

Connection rate: 20.0 conn/s (50.0 ms/conn, <=1 concurrent connections)
Connection time [ms]: min 0.7 avg 1.7 max 18.3 median 1.5 stddev 1.5
Connection time [ms]: connect 0.5
Connection length [replies/conn]: 1.000

Request rate: 20.0 req/s (50.0 ms/req)
Request size [B]: 66.0

Reply rate [replies/s]: min 20.0 avg 20.0 max 20.0 stddev 0.0 (19 samples)
Reply time [ms]: response 1.2 transfer 0.0
Reply size [B]: header 267.0 content 77.0 footer 0.0 (total 344.0)
Reply status: 1xx=0 2xx=2000 3xx=0 4xx=0 5xx=0

CPU time [s]: user 44.30 system 55.50 (user 44.3% system 55.5% total 99.8%)
Net I/O: 8.0 KB/s (0.1*10^6 bps)

Errors: total 0 client-timo 0 socket-timo 0 connrefused 0 connreset 0
Errors: fd-unavail 0 addrunavail 0 ftab-full 0 other 0

httperf --hog --timeout=1 --client=0/1 --server=172.17.60.201 --port=80 --uri=/ --rate=40 --send-buffer=4096 --recv-buffer=16384 --num-conns=2000 --num-calls=1
Maximum connect burst length: 1

Total: connections 2000 requests 2000 replies 2000 test-duration 49.981 s

Connection rate: 40.0 conn/s (25.0 ms/conn, <=1 concurrent connections)
Connection time [ms]: min 0.6 avg 1.7 max 18.3 median 1.5 stddev 1.7
Connection time [ms]: connect 0.5
Connection length [replies/conn]: 1.000

Request rate: 40.0 req/s (25.0 ms/req)
Request size [B]: 66.0

Reply rate [replies/s]: min 40.0 avg 40.0 max 40.0 stddev 0.0 (9 samples)
Reply time [ms]: response 1.1 transfer 0.0
Reply size [B]: header 267.0 content 77.0 footer 0.0 (total 344.0)
Reply status: 1xx=0 2xx=2000 3xx=0 4xx=0 5xx=0

CPU time [s]: user 21.53 system 28.35 (user 43.1% system 56.7% total 99.8%)
Net I/O: 16.0 KB/s (0.1*10^6 bps)

Errors: total 0 client-timo 0 socket-timo 0 connrefused 0 connreset 0
Errors: fd-unavail 0 addrunavail 0 ftab-full 0 other 0

httperf --hog --timeout=1 --client=0/1 --server=172.17.60.201 --port=80 --uri=/ --rate=60 --send-buffer=4096 --recv-buffer=16384 --num-conns=2000 --num-calls=1
Maximum connect burst length: 1

Total: connections 2000 requests 2000 replies 2000 test-duration 33.319 s

Connection rate: 60.0 conn/s (16.7 ms/conn, <=2 concurrent connections)
Connection time [ms]: min 0.6 avg 3.3 max 28.3 median 1.5 stddev 3.3
Connection time [ms]: connect 1.3
Connection length [replies/conn]: 1.000

Request rate: 60.0 req/s (16.7 ms/req)
Request size [B]: 66.0

Reply rate [replies/s]: min 60.0 avg 60.0 max 60.0 stddev 0.0 (6 samples)
Reply time [ms]: response 2.0 transfer 0.0
Reply size [B]: header 267.0 content 77.0 footer 0.0 (total 344.0)
Reply status: 1xx=0 2xx=2000 3xx=0 4xx=0 5xx=0

CPU time [s]: user 13.63 system 19.60 (user 40.9% system 58.8% total 99.7%)
Net I/O: 24.0 KB/s (0.2*10^6 bps)

Errors: total 0 client-timo 0 socket-timo 0 connrefused 0 connreset 0
Errors: fd-unavail 0 addrunavail 0 ftab-full 0 other 0

httperf --hog --timeout=1 --client=0/1 --server=172.17.60.201 --port=80 --uri=/ --rate=80 --send-buffer=4096 --recv-buffer=16384 --num-conns=2000 --num-calls=1
Maximum connect burst length: 1

Total: connections 2000 requests 2000 replies 2000 test-duration 24.990 s

Connection rate: 80.0 conn/s (12.5 ms/conn, <=3 concurrent connections)
Connection time [ms]: min 0.7 avg 4.6 max 32.8 median 3.5 stddev 3.9
Connection time [ms]: connect 2.0
Connection length [replies/conn]: 1.000

Request rate: 80.0 req/s (12.5 ms/req)
Request size [B]: 66.0

Reply rate [replies/s]: min 80.0 avg 80.0 max 80.0 stddev 0.0 (4 samples)
Reply time [ms]: response 2.6 transfer 0.0
Reply size [B]: header 267.0 content 77.0 footer 0.0 (total 344.0)
Reply status: 1xx=0 2xx=2000 3xx=0 4xx=0 5xx=0

CPU time [s]: user 9.58 system 15.33 (user 38.4% system 61.3% total 99.7%)
Net I/O: 32.0 KB/s (0.3*10^6 bps)

Errors: total 0 client-timo 0 socket-timo 0 connrefused 0 connreset 0
Errors: fd-unavail 0 addrunavail 0 ftab-full 0 other 0

httperf --hog --timeout=1 --client=0/1 --server=172.17.60.201 --port=80 --uri=/ --rate=100 --send-buffer=4096 --recv-buffer=16384 --num-conns=2000 --num-calls=1
Maximum connect burst length: 1

Total: connections 2000 requests 2000 replies 2000 test-duration 20.003 s

Connection rate: 100.0 conn/s (10.0 ms/conn, <=4 concurrent connections)
Connection time [ms]: min 0.6 avg 5.8 max 34.3 median 4.5 stddev 4.1
Connection time [ms]: connect 2.6
Connection length [replies/conn]: 1.000

Request rate: 100.0 req/s (10.0 ms/req)
Request size [B]: 66.0

Reply rate [replies/s]: min 99.6 avg 100.0 max 100.4 stddev 0.3 (4 samples)
Reply time [ms]: response 3.2 transfer 0.0
Reply size [B]: header 267.0 content 77.0 footer 0.0 (total 344.0)
Reply status: 1xx=0 2xx=2000 3xx=0 4xx=0 5xx=0

CPU time [s]: user 7.49 system 12.44 (user 37.5% system 62.2% total 99.6%)
Net I/O: 40.0 KB/s (0.3*10^6 bps)

Errors: total 0 client-timo 0 socket-timo 0 connrefused 0 connreset 0
Errors: fd-unavail 0 addrunavail 0 ftab-full 0 other 0

httperf --hog --timeout=1 --client=0/1 --server=172.17.60.201 --port=80 --uri=/ --rate=120 --send-buffer=4096 --recv-buffer=16384 --num-conns=2000 --num-calls=1
Maximum connect burst length: 1

Total: connections 2000 requests 2000 replies 2000 test-duration 16.662 s

Connection rate: 120.0 conn/s (8.3 ms/conn, <=4 concurrent connections)
Connection time [ms]: min 0.6 avg 6.2 max 30.7 median 5.5 stddev 4.3
Connection time [ms]: connect 2.9
Connection length [replies/conn]: 1.000

Request rate: 120.0 req/s (8.3 ms/req)
Request size [B]: 66.0

Reply rate [replies/s]: min 120.0 avg 120.0 max 120.0 stddev 0.0 (3 samples)
Reply time [ms]: response 3.3 transfer 0.0
Reply size [B]: header 267.0 content 77.0 footer 0.0 (total 344.0)
Reply status: 1xx=0 2xx=2000 3xx=0 4xx=0 5xx=0

CPU time [s]: user 5.69 system 10.91 (user 34.1% system 65.5% total 99.6%)
Net I/O: 48.1 KB/s (0.4*10^6 bps)

Errors: total 0 client-timo 0 socket-timo 0 connrefused 0 connreset 0
Errors: fd-unavail 0 addrunavail 0 ftab-full 0 other 0

httperf --hog --timeout=1 --client=0/1 --server=172.17.60.201 --port=80 --uri=/ --rate=140 --send-buffer=4096 --recv-buffer=16384 --num-conns=2000 --num-calls=1
Maximum connect burst length: 2

Total: connections 2000 requests 2000 replies 2000 test-duration 14.284 s

Connection rate: 140.0 conn/s (7.1 ms/conn, <=4 concurrent connections)
Connection time [ms]: min 0.7 avg 7.1 max 26.6 median 6.5 stddev 4.5
Connection time [ms]: connect 3.2
Connection length [replies/conn]: 1.000

Request rate: 140.0 req/s (7.1 ms/req)
Request size [B]: 66.0

Reply rate [replies/s]: min 139.8 avg 140.0 max 140.2 stddev 0.3 (2 samples)
Reply time [ms]: response 3.9 transfer 0.0
Reply size [B]: header 267.0 content 77.0 footer 0.0 (total 344.0)
Reply status: 1xx=0 2xx=2000 3xx=0 4xx=0 5xx=0

CPU time [s]: user 4.64 system 9.58 (user 32.5% system 67.1% total 99.6%)
Net I/O: 56.1 KB/s (0.5*10^6 bps)

Errors: total 0 client-timo 0 socket-timo 0 connrefused 0 connreset 0
Errors: fd-unavail 0 addrunavail 0 ftab-full 0 other 0

httperf --hog --timeout=1 --client=0/1 --server=172.17.60.201 --port=80 --uri=/ --rate=160 --send-buffer=4096 --recv-buffer=16384 --num-conns=2000 --num-calls=1
Maximum connect burst length: 1

Total: connections 2000 requests 2000 replies 2000 test-duration 12.497 s

Connection rate: 160.0 conn/s (6.2 ms/conn, <=5 concurrent connections)
Connection time [ms]: min 0.7 avg 7.5 max 31.1 median 6.5 stddev 4.9
Connection time [ms]: connect 3.4
Connection length [replies/conn]: 1.000

Request rate: 160.0 req/s (6.2 ms/req)
Request size [B]: 66.0

Reply rate [replies/s]: min 159.8 avg 159.9 max 160.0 stddev 0.1 (2 samples)
Reply time [ms]: response 4.1 transfer 0.0
Reply size [B]: header 267.0 content 77.0 footer 0.0 (total 344.0)
Reply status: 1xx=0 2xx=2000 3xx=0 4xx=0 5xx=0

CPU time [s]: user 4.05 system 8.39 (user 32.4% system 67.2% total 99.6%)
Net I/O: 64.1 KB/s (0.5*10^6 bps)

Errors: total 0 client-timo 0 socket-timo 0 connrefused 0 connreset 0
Errors: fd-unavail 0 addrunavail 0 ftab-full 0 other 0

httperf --hog --timeout=1 --client=0/1 --server=172.17.60.201 --port=80 --uri=/ --rate=180 --send-buffer=4096 --recv-buffer=16384 --num-conns=2000 --num-calls=1
Maximum connect burst length: 3

Total: connections 2000 requests 2000 replies 2000 test-duration 11.116 s

Connection rate: 179.9 conn/s (5.6 ms/conn, <=12 concurrent connections)
Connection time [ms]: min 0.8 avg 9.7 max 144.5 median 7.5 stddev 9.5
Connection time [ms]: connect 3.8
Connection length [replies/conn]: 1.000

Request rate: 179.9 req/s (5.6 ms/req)
Request size [B]: 66.0

Reply rate [replies/s]: min 179.0 avg 179.9 max 180.8 stddev 1.3 (2 samples)
Reply time [ms]: response 5.8 transfer 0.0
Reply size [B]: header 267.0 content 77.0 footer 0.0 (total 344.0)
Reply status: 1xx=0 2xx=2000 3xx=0 4xx=0 5xx=0

CPU time [s]: user 3.11 system 7.94 (user 28.0% system 71.5% total 99.5%)
Net I/O: 72.0 KB/s (0.6*10^6 bps)

Errors: total 0 client-timo 0 socket-timo 0 connrefused 0 connreset 0
Errors: fd-unavail 0 addrunavail 0 ftab-full 0 other 0

httperf --hog --timeout=1 --client=0/1 --server=172.17.60.201 --port=80 --uri=/ --rate=200 --send-buffer=4096 --recv-buffer=16384 --num-conns=2000 --num-calls=1
Maximum connect burst length: 1

Total: connections 2000 requests 1992 replies 1992 test-duration 10.008 s

Connection rate: 199.8 conn/s (5.0 ms/conn, <=11 concurrent connections)
Connection time [ms]: min 0.8 avg 11.1 max 1001.8 median 7.5 stddev 35.7
Connection time [ms]: connect 4.3
Connection length [replies/conn]: 1.000

Request rate: 199.0 req/s (5.0 ms/req)
Request size [B]: 66.0

Reply rate [replies/s]: min 197.4 avg 199.0 max 200.6 stddev 2.3 (2 samples)
Reply time [ms]: response 6.7 transfer 0.0
Reply size [B]: header 267.0 content 77.0 footer 0.0 (total 344.0)
Reply status: 1xx=0 2xx=1992 3xx=0 4xx=0 5xx=0

CPU time [s]: user 2.56 system 7.40 (user 25.6% system 73.9% total 99.5%)
Net I/O: 79.7 KB/s (0.7*10^6 bps)

Errors: total 8 client-timo 8 socket-timo 0 connrefused 0 connreset 0
Errors: fd-unavail 0 addrunavail 0 ftab-full 0 other 0

httperf --hog --timeout=1 --client=0/1 --server=172.17.60.201 --port=80 --uri=/ --rate=220 --send-buffer=4096 --recv-buffer=16384 --num-conns=2000 --num-calls=1
Maximum connect burst length: 2

Total: connections 2000 requests 2000 replies 2000 test-duration 9.088 s

Connection rate: 220.1 conn/s (4.5 ms/conn, <=8 concurrent connections)
Connection time [ms]: min 0.9 avg 9.6 max 41.0 median 8.5 stddev 5.6
Connection time [ms]: connect 4.3
Connection length [replies/conn]: 1.000

Request rate: 220.1 req/s (4.5 ms/req)
Request size [B]: 66.0

Reply rate [replies/s]: min 219.8 avg 219.8 max 219.8 stddev 0.0 (1 samples)
Reply time [ms]: response 5.4 transfer 0.0
Reply size [B]: header 267.0 content 77.0 footer 0.0 (total 344.0)
Reply status: 1xx=0 2xx=2000 3xx=0 4xx=0 5xx=0

CPU time [s]: user 2.38 system 6.66 (user 26.2% system 73.3% total 99.5%)
Net I/O: 88.1 KB/s (0.7*10^6 bps)

Errors: total 0 client-timo 0 socket-timo 0 connrefused 0 connreset 0
Errors: fd-unavail 0 addrunavail 0 ftab-full 0 other 0

httperf --hog --timeout=1 --client=0/1 --server=172.17.60.201 --port=80 --uri=/ --rate=240 --send-buffer=4096 --recv-buffer=16384 --num-conns=2000 --num-calls=1
Maximum connect burst length: 2

Total: connections 2000 requests 2000 replies 2000 test-duration 8.331 s

Connection rate: 240.1 conn/s (4.2 ms/conn, <=8 concurrent connections)
Connection time [ms]: min 0.9 avg 9.6 max 31.8 median 8.5 stddev 5.3
Connection time [ms]: connect 4.2
Connection length [replies/conn]: 1.000

Request rate: 240.1 req/s (4.2 ms/req)
Request size [B]: 66.0

Reply rate [replies/s]: min 239.4 avg 239.4 max 239.4 stddev 0.0 (1 samples)
Reply time [ms]: response 5.4 transfer 0.0
Reply size [B]: header 267.0 content 77.0 footer 0.0 (total 344.0)
Reply status: 1xx=0 2xx=2000 3xx=0 4xx=0 5xx=0

CPU time [s]: user 2.15 system 6.13 (user 25.8% system 73.6% total 99.4%)
Net I/O: 96.1 KB/s (0.8*10^6 bps)

Errors: total 0 client-timo 0 socket-timo 0 connrefused 0 connreset 0
Errors: fd-unavail 0 addrunavail 0 ftab-full 0 other 0

httperf --hog --timeout=1 --client=0/1 --server=172.17.60.201 --port=80 --uri=/ --rate=260 --send-buffer=4096 --recv-buffer=16384 --num-conns=2000 --num-calls=1
Maximum connect burst length: 3

Total: connections 2000 requests 2000 replies 2000 test-duration 7.697 s

Connection rate: 259.8 conn/s (3.8 ms/conn, <=12 concurrent connections)
Connection time [ms]: min 1.2 avg 11.2 max 47.4 median 9.5 stddev 6.6
Connection time [ms]: connect 4.9
Connection length [replies/conn]: 1.000

Request rate: 259.8 req/s (3.8 ms/req)
Request size [B]: 66.0

Reply rate [replies/s]: min 259.8 avg 259.8 max 259.8 stddev 0.0 (1 samples)
Reply time [ms]: response 6.3 transfer 0.0
Reply size [B]: header 267.0 content 77.0 footer 0.0 (total 344.0)
Reply status: 1xx=0 2xx=2000 3xx=0 4xx=0 5xx=0

CPU time [s]: user 1.81 system 5.84 (user 23.5% system 75.9% total 99.4%)
Net I/O: 104.0 KB/s (0.9*10^6 bps)

Errors: total 0 client-timo 0 socket-timo 0 connrefused 0 connreset 0
Errors: fd-unavail 0 addrunavail 0 ftab-full 0 other 0

httperf --hog --timeout=1 --client=0/1 --server=172.17.60.201 --port=80 --uri=/ --rate=280 --send-buffer=4096 --recv-buffer=16384 --num-conns=2000 --num-calls=1
Maximum connect burst length: 4

Total: connections 2000 requests 2000 replies 2000 test-duration 7.154 s

Connection rate: 279.6 conn/s (3.6 ms/conn, <=11 concurrent connections)
Connection time [ms]: min 1.4 avg 11.1 max 56.6 median 9.5 stddev 6.0
Connection time [ms]: connect 4.7
Connection length [replies/conn]: 1.000

Request rate: 279.6 req/s (3.6 ms/req)
Request size [B]: 66.0

Reply rate [replies/s]: min 279.4 avg 279.4 max 279.4 stddev 0.0 (1 samples)
Reply time [ms]: response 6.4 transfer 0.0
Reply size [B]: header 267.0 content 77.0 footer 0.0 (total 344.0)
Reply status: 1xx=0 2xx=2000 3xx=0 4xx=0 5xx=0

CPU time [s]: user 1.60 system 5.51 (user 22.4% system 77.0% total 99.4%)
Net I/O: 111.9 KB/s (0.9*10^6 bps)

Errors: total 0 client-timo 0 socket-timo 0 connrefused 0 connreset 0
Errors: fd-unavail 0 addrunavail 0 ftab-full 0 other 0

httperf --hog --timeout=1 --client=0/1 --server=172.17.60.201 --port=80 --uri=/ --rate=300 --send-buffer=4096 --recv-buffer=16384 --num-conns=2000 --num-calls=1
Maximum connect burst length: 3

Total: connections 2000 requests 2000 replies 2000 test-duration 6.677 s

Connection rate: 299.5 conn/s (3.3 ms/conn, <=14 concurrent connections)
Connection time [ms]: min 1.0 avg 13.1 max 47.4 median 12.5 stddev 6.5
Connection time [ms]: connect 5.5
Connection length [replies/conn]: 1.000

Request rate: 299.5 req/s (3.3 ms/req)
Request size [B]: 66.0

Reply rate [replies/s]: min 299.4 avg 299.4 max 299.4 stddev 0.0 (1 samples)
Reply time [ms]: response 7.5 transfer 0.0
Reply size [B]: header 267.0 content 77.0 footer 0.0 (total 344.0)
Reply status: 1xx=0 2xx=2000 3xx=0 4xx=0 5xx=0

CPU time [s]: user 1.45 system 5.19 (user 21.7% system 77.7% total 99.4%)
Net I/O: 119.9 KB/s (1.0*10^6 bps)

Errors: total 0 client-timo 0 socket-timo 0 connrefused 0 connreset 0
Errors: fd-unavail 0 addrunavail 0 ftab-full 0 other 0

httperf --hog --timeout=1 --client=0/1 --server=172.17.60.201 --port=80 --uri=/ --rate=320 --send-buffer=4096 --recv-buffer=16384 --num-conns=2000 --num-calls=1
Maximum connect burst length: 4

Total: connections 2000 requests 2000 replies 2000 test-duration 6.260 s

Connection rate: 319.5 conn/s (3.1 ms/conn, <=14 concurrent connections)
Connection time [ms]: min 1.1 avg 14.6 max 53.6 median 13.5 stddev 7.6
Connection time [ms]: connect 5.7
Connection length [replies/conn]: 1.000

Request rate: 319.5 req/s (3.1 ms/req)
Request size [B]: 66.0

Reply rate [replies/s]: min 319.6 avg 319.6 max 319.6 stddev 0.0 (1 samples)
Reply time [ms]: response 8.9 transfer 0.0
Reply size [B]: header 267.0 content 77.0 footer 0.0 (total 344.0)
Reply status: 1xx=0 2xx=2000 3xx=0 4xx=0 5xx=0

CPU time [s]: user 1.34 system 4.88 (user 21.4% system 78.0% total 99.4%)
Net I/O: 127.9 KB/s (1.0*10^6 bps)

Errors: total 0 client-timo 0 socket-timo 0 connrefused 0 connreset 0
Errors: fd-unavail 0 addrunavail 0 ftab-full 0 other 0

httperf --hog --timeout=1 --client=0/1 --server=172.17.60.201 --port=80 --uri=/ --rate=340 --send-buffer=4096 --recv-buffer=16384 --num-conns=2000 --num-calls=1
Maximum connect burst length: 4

Total: connections 2000 requests 2000 replies 2000 test-duration 5.887 s

Connection rate: 339.7 conn/s (2.9 ms/conn, <=19 concurrent connections)
Connection time [ms]: min 2.0 avg 16.9 max 68.1 median 15.5 stddev 8.7
Connection time [ms]: connect 6.5
Connection length [replies/conn]: 1.000

Request rate: 339.7 req/s (2.9 ms/req)
Request size [B]: 66.0

Reply rate [replies/s]: min 339.2 avg 339.2 max 339.2 stddev 0.0 (1 samples)
Reply time [ms]: response 10.4 transfer 0.0
Reply size [B]: header 267.0 content 77.0 footer 0.0 (total 344.0)
Reply status: 1xx=0 2xx=2000 3xx=0 4xx=0 5xx=0

CPU time [s]: user 0.99 system 4.85 (user 16.8% system 82.4% total 99.2%)
Net I/O: 136.0 KB/s (1.1*10^6 bps)

Errors: total 0 client-timo 0 socket-timo 0 connrefused 0 connreset 0
Errors: fd-unavail 0 addrunavail 0 ftab-full 0 other 0

httperf --hog --timeout=1 --client=0/1 --server=172.17.60.201 --port=80 --uri=/ --rate=360 --send-buffer=4096 --recv-buffer=16384 --num-conns=2000 --num-calls=1
Maximum connect burst length: 5

Total: connections 2000 requests 1891 replies 1888 test-duration 6.053 s

Connection rate: 330.4 conn/s (3.0 ms/conn, <=134 concurrent connections)
Connection time [ms]: min 2.9 avg 63.7 max 1050.5 median 27.5 stddev 91.7
Connection time [ms]: connect 11.4
Connection length [replies/conn]: 1.000

Request rate: 312.4 req/s (3.2 ms/req)
Request size [B]: 66.0

Reply rate [replies/s]: min 335.2 avg 335.2 max 335.2 stddev 0.0 (1 samples)
Reply time [ms]: response 52.3 transfer 0.0
Reply size [B]: header 267.0 content 77.0 footer 0.0 (total 344.0)
Reply status: 1xx=0 2xx=1888 3xx=0 4xx=0 5xx=0

CPU time [s]: user 0.72 system 5.28 (user 12.0% system 87.2% total 99.1%)
Net I/O: 124.9 KB/s (1.0*10^6 bps)

Errors: total 112 client-timo 112 socket-timo 0 connrefused 0 connreset 0
Errors: fd-unavail 0 addrunavail 0 ftab-full 0 other 0

httperf --hog --timeout=1 --client=0/1 --server=172.17.60.201 --port=80 --uri=/ --rate=380 --send-buffer=4096 --recv-buffer=16384 --num-conns=2000 --num-calls=1
Maximum connect burst length: 5

Total: connections 2000 requests 1935 replies 1930 test-duration 6.243 s

Connection rate: 320.4 conn/s (3.1 ms/conn, <=138 concurrent connections)
Connection time [ms]: min 0.9 avg 67.7 max 1087.9 median 22.5 stddev 137.9
Connection time [ms]: connect 23.0
Connection length [replies/conn]: 1.000

Request rate: 309.9 req/s (3.2 ms/req)
Request size [B]: 66.0

Reply rate [replies/s]: min 352.2 avg 352.2 max 352.2 stddev 0.0 (1 samples)
Reply time [ms]: response 44.7 transfer 0.0
Reply size [B]: header 267.0 content 77.0 footer 0.0 (total 344.0)
Reply status: 1xx=0 2xx=1930 3xx=0 4xx=0 5xx=0

CPU time [s]: user 0.73 system 5.47 (user 11.7% system 87.6% total 99.2%)
Net I/O: 123.8 KB/s (1.0*10^6 bps)

Errors: total 70 client-timo 70 socket-timo 0 connrefused 0 connreset 0
Errors: fd-unavail 0 addrunavail 0 ftab-full 0 other 0

httperf --hog --timeout=1 --client=0/1 --server=172.17.60.201 --port=80 --uri=/ --rate=400 --send-buffer=4096 --recv-buffer=16384 --num-conns=2000 --num-calls=1
Maximum connect burst length: 5

Total: connections 2000 requests 1622 replies 1581 test-duration 6.002 s

Connection rate: 333.2 conn/s (3.0 ms/conn, <=283 concurrent connections)
Connection time [ms]: min 0.9 avg 172.6 max 1050.1 median 75.5 stddev 237.1
Connection time [ms]: connect 45.3
Connection length [replies/conn]: 1.000

Request rate: 270.3 req/s (3.7 ms/req)
Request size [B]: 66.0

Reply rate [replies/s]: min 289.4 avg 289.4 max 289.4 stddev 0.0 (1 samples)
Reply time [ms]: response 126.7 transfer 0.0
Reply size [B]: header 267.0 content 77.0 footer 0.0 (total 344.0)
Reply status: 1xx=0 2xx=1581 3xx=0 4xx=0 5xx=0

CPU time [s]: user 0.42 system 5.52 (user 6.9% system 91.9% total 98.8%)
Net I/O: 105.9 KB/s (0.9*10^6 bps)

Errors: total 419 client-timo 419 socket-timo 0 connrefused 0 connreset 0
Errors: fd-unavail 0 addrunavail 0 ftab-full 0 other 0

httperf --hog --timeout=1 --client=0/1 --server=172.17.60.201 --port=80 --uri=/ --rate=420 --send-buffer=4096 --recv-buffer=16384 --num-conns=2000 --num-calls=1
Maximum connect burst length: 4

Total: connections 2000 requests 1528 replies 1484 test-duration 5.749 s

Connection rate: 347.9 conn/s (2.9 ms/conn, <=265 concurrent connections)
Connection time [ms]: min 1.2 avg 195.0 max 1159.8 median 126.5 stddev 226.0
Connection time [ms]: connect 42.8
Connection length [replies/conn]: 1.000

Request rate: 265.8 req/s (3.8 ms/req)
Request size [B]: 66.0

Reply rate [replies/s]: min 283.2 avg 283.2 max 283.2 stddev 0.0 (1 samples)
Reply time [ms]: response 151.8 transfer 0.0
Reply size [B]: header 267.0 content 77.0 footer 0.0 (total 344.0)
Reply status: 1xx=0 2xx=1484 3xx=0 4xx=0 5xx=0

CPU time [s]: user 0.33 system 5.34 (user 5.8% system 92.8% total 98.6%)
Net I/O: 103.9 KB/s (0.9*10^6 bps)

Errors: total 516 client-timo 516 socket-timo 0 connrefused 0 connreset 0
Errors: fd-unavail 0 addrunavail 0 ftab-full 0 other 0

httperf --hog --timeout=1 --client=0/1 --server=172.17.60.201 --port=80 --uri=/ --rate=440 --send-buffer=4096 --recv-buffer=16384 --num-conns=2000 --num-calls=1
Maximum connect burst length: 5

Total: connections 2000 requests 1341 replies 1236 test-duration 5.533 s

Connection rate: 361.5 conn/s (2.8 ms/conn, <=320 concurrent connections)
Connection time [ms]: min 1.4 avg 264.5 max 1014.6 median 177.5 stddev 251.1
Connection time [ms]: connect 51.5
Connection length [replies/conn]: 1.000

Request rate: 242.4 req/s (4.1 ms/req)
Request size [B]: 66.0

Reply rate [replies/s]: min 239.0 avg 239.0 max 239.0 stddev 0.0 (1 samples)
Reply time [ms]: response 210.8 transfer 0.0
Reply size [B]: header 267.0 content 77.0 footer 0.0 (total 344.0)
Reply status: 1xx=0 2xx=1236 3xx=0 4xx=0 5xx=0

CPU time [s]: user 0.18 system 5.25 (user 3.3% system 94.9% total 98.2%)
Net I/O: 90.7 KB/s (0.7*10^6 bps)

Errors: total 764 client-timo 764 socket-timo 0 connrefused 0 connreset 0
Errors: fd-unavail 0 addrunavail 0 ftab-full 0 other 0

httperf --hog --timeout=1 --client=0/1 --server=172.17.60.201 --port=80 --uri=/ --rate=460 --send-buffer=4096 --recv-buffer=16384 --num-conns=2000 --num-calls=1
Maximum connect burst length: 5

Total: connections 2000 requests 1372 replies 1291 test-duration 5.344 s

Connection rate: 374.2 conn/s (2.7 ms/conn, <=316 concurrent connections)
Connection time [ms]: min 2.0 avg 245.0 max 1128.9 median 152.5 stddev 245.6
Connection time [ms]: connect 52.1
Connection length [replies/conn]: 1.000

Request rate: 256.7 req/s (3.9 ms/req)
Request size [B]: 66.0

Reply rate [replies/s]: min 251.8 avg 251.8 max 251.8 stddev 0.0 (1 samples)
Reply time [ms]: response 191.3 transfer 0.0
Reply size [B]: header 267.0 content 77.0 footer 0.0 (total 344.0)
Reply status: 1xx=0 2xx=1291 3xx=0 4xx=0 5xx=0

CPU time [s]: user 0.17 system 5.08 (user 3.1% system 95.1% total 98.2%)
Net I/O: 97.7 KB/s (0.8*10^6 bps)

Errors: total 709 client-timo 709 socket-timo 0 connrefused 0 connreset 0
Errors: fd-unavail 0 addrunavail 0 ftab-full 0 other 0

httperf --hog --timeout=1 --client=0/1 --server=172.17.60.201 --port=80 --uri=/ --rate=480 --send-buffer=4096 --recv-buffer=16384 --num-conns=2000 --num-calls=1
Maximum connect burst length: 5

Total: connections 2000 requests 1249 replies 1136 test-duration 5.167 s

Connection rate: 387.1 conn/s (2.6 ms/conn, <=368 concurrent connections)
Connection time [ms]: min 1.0 avg 273.0 max 1041.6 median 181.5 stddev 253.2
Connection time [ms]: connect 52.8
Connection length [replies/conn]: 1.000

Request rate: 241.7 req/s (4.1 ms/req)
Request size [B]: 66.0

Reply rate [replies/s]: min 224.0 avg 224.0 max 224.0 stddev 0.0 (1 samples)
Reply time [ms]: response 217.7 transfer 0.0
Reply size [B]: header 267.0 content 77.0 footer 0.0 (total 344.0)
Reply status: 1xx=0 2xx=1136 3xx=0 4xx=0 5xx=0

CPU time [s]: user 0.16 system 4.90 (user 3.0% system 94.9% total 97.9%)
Net I/O: 89.4 KB/s (0.7*10^6 bps)

Errors: total 864 client-timo 864 socket-timo 0 connrefused 0 connreset 0
Errors: fd-unavail 0 addrunavail 0 ftab-full 0 other 0

httperf --hog --timeout=1 --client=0/1 --server=172.17.60.201 --port=80 --uri=/ --rate=500 --send-buffer=4096 --recv-buffer=16384 --num-conns=2000 --num-calls=1
Maximum connect burst length: 4

Total: connections 2000 requests 1123 replies 979 test-duration 4.997 s

Connection rate: 400.3 conn/s (2.5 ms/conn, <=420 concurrent connections)
Connection time [ms]: min 2.7 avg 289.4 max 1194.1 median 198.5 stddev 264.3
Connection time [ms]: connect 51.3
Connection length [replies/conn]: 1.000

Request rate: 224.7 req/s (4.4 ms/req)
Request size [B]: 66.0

Reply rate [replies/s]: min 0.0 avg 0.0 max 0.0 stddev 0.0 (0 samples)
Reply time [ms]: response 234.8 transfer 0.0
Reply size [B]: header 267.0 content 77.0 footer 0.0 (total 344.0)
Reply status: 1xx=0 2xx=979 3xx=0 4xx=0 5xx=0

CPU time [s]: user 0.18 system 4.71 (user 3.5% system 94.3% total 97.8%)
Net I/O: 80.3 KB/s (0.7*10^6 bps)

Errors: total 1021 client-timo 1021 socket-timo 0 connrefused 0 connreset 0
Errors: fd-unavail 0 addrunavail 0 ftab-full 0 other 0

httperf --hog --timeout=1 --client=0/1 --server=172.17.60.201 --port=80 --uri=/ --rate=520 --send-buffer=4096 --recv-buffer=16384 --num-conns=2000 --num-calls=1
Maximum connect burst length: 7

Total: connections 2000 requests 1111 replies 968 test-duration 4.845 s

Connection rate: 412.8 conn/s (2.4 ms/conn, <=449 concurrent connections)
Connection time [ms]: min 2.0 avg 265.7 max 1024.9 median 183.5 stddev 257.7
Connection time [ms]: connect 41.8
Connection length [replies/conn]: 1.000

Request rate: 229.3 req/s (4.4 ms/req)
Request size [B]: 66.0

Reply rate [replies/s]: min 0.0 avg 0.0 max 0.0 stddev 0.0 (0 samples)
Reply time [ms]: response 222.0 transfer 0.0
Reply size [B]: header 267.0 content 77.0 footer 0.0 (total 344.0)
Reply status: 1xx=0 2xx=968 3xx=0 4xx=0 5xx=0

CPU time [s]: user 0.21 system 4.54 (user 4.3% system 93.6% total 97.9%)
Net I/O: 81.9 KB/s (0.7*10^6 bps)

Errors: total 1032 client-timo 1032 socket-timo 0 connrefused 0 connreset 0
Errors: fd-unavail 0 addrunavail 0 ftab-full 0 other 0

httperf --hog --timeout=1 --client=0/1 --server=172.17.60.201 --port=80 --uri=/ --rate=540 --send-buffer=4096 --recv-buffer=16384 --num-conns=2000 --num-calls=1
Maximum connect burst length: 9

Total: connections 2000 requests 1136 replies 971 test-duration 4.702 s

Connection rate: 425.3 conn/s (2.4 ms/conn, <=470 concurrent connections)
Connection time [ms]: min 2.0 avg 293.3 max 1022.9 median 195.5 stddev 286.1
Connection time [ms]: connect 52.3
Connection length [replies/conn]: 1.000

Request rate: 241.6 req/s (4.1 ms/req)
Request size [B]: 66.0

Reply rate [replies/s]: min 0.0 avg 0.0 max 0.0 stddev 0.0 (0 samples)
Reply time [ms]: response 237.1 transfer 0.0
Reply size [B]: header 267.0 content 77.0 footer 0.0 (total 344.0)
Reply status: 1xx=0 2xx=971 3xx=0 4xx=0 5xx=0

CPU time [s]: user 0.14 system 4.45 (user 3.0% system 94.6% total 97.6%)
Net I/O: 84.9 KB/s (0.7*10^6 bps)

Errors: total 1029 client-timo 1029 socket-timo 0 connrefused 0 connreset 0
Errors: fd-unavail 0 addrunavail 0 ftab-full 0 other 0

httperf --hog --timeout=1 --client=0/1 --server=172.17.60.201 --port=80 --uri=/ --rate=560 --send-buffer=4096 --recv-buffer=16384 --num-conns=2000 --num-calls=1
Maximum connect burst length: 5

Total: connections 2000 requests 1101 replies 961 test-duration 4.572 s

Connection rate: 437.4 conn/s (2.3 ms/conn, <=466 concurrent connections)
Connection time [ms]: min 3.0 avg 288.8 max 1030.2 median 205.5 stddev 252.6
Connection time [ms]: connect 40.7
Connection length [replies/conn]: 1.000

Request rate: 240.8 req/s (4.2 ms/req)
Request size [B]: 66.0

Reply rate [replies/s]: min 0.0 avg 0.0 max 0.0 stddev 0.0 (0 samples)
Reply time [ms]: response 246.3 transfer 0.0
Reply size [B]: header 267.0 content 77.0 footer 0.0 (total 344.0)
Reply status: 1xx=0 2xx=961 3xx=0 4xx=0 5xx=0

CPU time [s]: user 0.15 system 4.31 (user 3.3% system 94.2% total 97.5%)
Net I/O: 86.1 KB/s (0.7*10^6 bps)

Errors: total 1039 client-timo 1039 socket-timo 0 connrefused 0 connreset 0
Errors: fd-unavail 0 addrunavail 0 ftab-full 0 other 0

httperf --hog --timeout=1 --client=0/1 --server=172.17.60.201 --port=80 --uri=/ --rate=580 --send-buffer=4096 --recv-buffer=16384 --num-conns=2000 --num-calls=1
Maximum connect burst length: 4

Total: connections 2000 requests 1073 replies 923 test-duration 4.448 s

Connection rate: 449.6 conn/s (2.2 ms/conn, <=508 concurrent connections)
Connection time [ms]: min 4.1 avg 319.6 max 1077.0 median 199.5 stddev 303.8
Connection time [ms]: connect 71.3
Connection length [replies/conn]: 1.000

Request rate: 241.2 req/s (4.1 ms/req)
Request size [B]: 66.0

Reply rate [replies/s]: min 0.0 avg 0.0 max 0.0 stddev 0.0 (0 samples)
Reply time [ms]: response 241.8 transfer 0.0
Reply size [B]: header 267.0 content 77.0 footer 0.0 (total 344.0)
Reply status: 1xx=0 2xx=923 3xx=0 4xx=0 5xx=0

CPU time [s]: user 0.16 system 4.18 (user 3.6% system 93.9% total 97.5%)
Net I/O: 85.3 KB/s (0.7*10^6 bps)

Errors: total 1077 client-timo 1077 socket-timo 0 connrefused 0 connreset 0
Errors: fd-unavail 0 addrunavail 0 ftab-full 0 other 0

httperf --hog --timeout=1 --client=0/1 --server=172.17.60.201 --port=80 --uri=/ --rate=600 --send-buffer=4096 --recv-buffer=16384 --num-conns=2000 --num-calls=1
Maximum connect burst length: 4

Total: connections 2000 requests 1032 replies 807 test-duration 4.332 s

Connection rate: 461.7 conn/s (2.2 ms/conn, <=557 concurrent connections)
Connection time [ms]: min 1.6 avg 317.0 max 1043.1 median 239.5 stddev 301.1
Connection time [ms]: connect 55.4
Connection length [replies/conn]: 1.000

Request rate: 238.2 req/s (4.2 ms/req)
Request size [B]: 66.0

Reply rate [replies/s]: min 0.0 avg 0.0 max 0.0 stddev 0.0 (0 samples)
Reply time [ms]: response 255.2 transfer 0.0
Reply size [B]: header 267.0 content 77.0 footer 0.0 (total 344.0)
Reply status: 1xx=0 2xx=807 3xx=0 4xx=0 5xx=0

CPU time [s]: user 0.13 system 4.10 (user 3.0% system 94.6% total 97.6%)
Net I/O: 77.9 KB/s (0.6*10^6 bps)

Errors: total 1193 client-timo 1193 socket-timo 0 connrefused 0 connreset 0
Errors: fd-unavail 0 addrunavail 0 ftab-full 0 other 0

httperf --hog --timeout=1 --client=0/1 --server=172.17.60.201 --port=80 --uri=/ --rate=620 --send-buffer=4096 --recv-buffer=16384 --num-conns=2000 --num-calls=1
Maximum connect burst length: 6

Total: connections 2000 requests 981 replies 812 test-duration 4.224 s

Connection rate: 473.5 conn/s (2.1 ms/conn, <=566 concurrent connections)
Connection time [ms]: min 5.2 avg 279.6 max 1035.4 median 192.5 stddev 267.0
Connection time [ms]: connect 40.5
Connection length [replies/conn]: 1.000

Request rate: 232.3 req/s (4.3 ms/req)
Request size [B]: 66.0

Reply rate [replies/s]: min 0.0 avg 0.0 max 0.0 stddev 0.0 (0 samples)
Reply time [ms]: response 237.1 transfer 0.0
Reply size [B]: header 267.0 content 77.0 footer 0.0 (total 344.0)
Reply status: 1xx=0 2xx=812 3xx=0 4xx=0 5xx=0

CPU time [s]: user 0.14 system 3.98 (user 3.2% system 94.2% total 97.5%)
Net I/O: 79.6 KB/s (0.7*10^6 bps)

Errors: total 1188 client-timo 1188 socket-timo 0 connrefused 0 connreset 0
Errors: fd-unavail 0 addrunavail 0 ftab-full 0 other 0

httperf --hog --timeout=1 --client=0/1 --server=172.17.60.201 --port=80 --uri=/ --rate=640 --send-buffer=4096 --recv-buffer=16384 --num-conns=2000 --num-calls=1
Maximum connect burst length: 6

Total: connections 2000 requests 960 replies 750 test-duration 4.124 s

Connection rate: 485.0 conn/s (2.1 ms/conn, <=595 concurrent connections)
Connection time [ms]: min 2.9 avg 300.4 max 1023.9 median 204.5 stddev 267.1
Connection time [ms]: connect 27.6
Connection length [replies/conn]: 1.000

Request rate: 232.8 req/s (4.3 ms/req)
Request size [B]: 66.0

Reply rate [replies/s]: min 0.0 avg 0.0 max 0.0 stddev 0.0 (0 samples)
Reply time [ms]: response 274.2 transfer 0.0
Reply size [B]: header 267.0 content 77.0 footer 0.0 (total 344.0)
Reply status: 1xx=0 2xx=750 3xx=0 4xx=0 5xx=0

CPU time [s]: user 0.12 system 3.89 (user 2.9% system 94.3% total 97.2%)
Net I/O: 76.1 KB/s (0.6*10^6 bps)

Errors: total 1250 client-timo 1250 socket-timo 0 connrefused 0 connreset 0
Errors: fd-unavail 0 addrunavail 0 ftab-full 0 other 0

httperf --hog --timeout=1 --client=0/1 --server=172.17.60.201 --port=80 --uri=/ --rate=660 --send-buffer=4096 --recv-buffer=16384 --num-conns=2000 --num-calls=1
Maximum connect burst length: 8

Total: connections 2000 requests 941 replies 765 test-duration 4.029 s

Connection rate: 496.3 conn/s (2.0 ms/conn, <=628 concurrent connections)
Connection time [ms]: min 5.1 avg 275.3 max 1035.4 median 168.5 stddev 261.0
Connection time [ms]: connect 37.3
Connection length [replies/conn]: 1.000

Request rate: 233.5 req/s (4.3 ms/req)
Request size [B]: 66.0

Reply rate [replies/s]: min 0.0 avg 0.0 max 0.0 stddev 0.0 (0 samples)
Reply time [ms]: response 236.9 transfer 0.0
Reply size [B]: header 267.0 content 77.0 footer 0.0 (total 344.0)
Reply status: 1xx=0 2xx=765 3xx=0 4xx=0 5xx=0

CPU time [s]: user 0.06 system 3.85 (user 1.6% system 95.6% total 97.2%)
Net I/O: 78.8 KB/s (0.6*10^6 bps)

Errors: total 1235 client-timo 1235 socket-timo 0 connrefused 0 connreset 0
Errors: fd-unavail 0 addrunavail 0 ftab-full 0 other 0

httperf --hog --timeout=1 --client=0/1 --server=172.17.60.201 --port=80 --uri=/ --rate=680 --send-buffer=4096 --recv-buffer=16384 --num-conns=2000 --num-calls=1
Maximum connect burst length: 9

Total: connections 2000 requests 1063 replies 899 test-duration 3.941 s

Connection rate: 507.5 conn/s (2.0 ms/conn, <=597 concurrent connections)
Connection time [ms]: min 5.7 avg 280.9 max 1025.0 median 169.5 stddev 284.6
Connection time [ms]: connect 55.7
Connection length [replies/conn]: 1.000

Request rate: 269.7 req/s (3.7 ms/req)
Request size [B]: 66.0

Reply rate [replies/s]: min 0.0 avg 0.0 max 0.0 stddev 0.0 (0 samples)
Reply time [ms]: response 220.8 transfer 0.0
Reply size [B]: header 267.0 content 77.0 footer 0.0 (total 344.0)
Reply status: 1xx=0 2xx=899 3xx=0 4xx=0 5xx=0

CPU time [s]: user 0.09 system 3.74 (user 2.3% system 94.8% total 97.1%)
Net I/O: 94.0 KB/s (0.8*10^6 bps)

Errors: total 1101 client-timo 1101 socket-timo 0 connrefused 0 connreset 0
Errors: fd-unavail 0 addrunavail 0 ftab-full 0 other 0

httperf --hog --timeout=1 --client=0/1 --server=172.17.60.201 --port=80 --uri=/ --rate=700 --send-buffer=4096 --recv-buffer=16384 --num-conns=2000 --num-calls=1
Maximum connect burst length: 8

Total: connections 2000 requests 919 replies 746 test-duration 3.858 s

Connection rate: 518.5 conn/s (1.9 ms/conn, <=645 concurrent connections)
Connection time [ms]: min 3.2 avg 280.8 max 1033.9 median 199.5 stddev 267.0
Connection time [ms]: connect 34.9
Connection length [replies/conn]: 1.000

Request rate: 238.2 req/s (4.2 ms/req)
Request size [B]: 66.0

Reply rate [replies/s]: min 0.0 avg 0.0 max 0.0 stddev 0.0 (0 samples)
Reply time [ms]: response 245.7 transfer 0.0
Reply size [B]: header 267.0 content 77.0 footer 0.0 (total 344.0)
Reply status: 1xx=0 2xx=746 3xx=0 4xx=0 5xx=0

CPU time [s]: user 0.14 system 3.60 (user 3.7% system 93.3% total 97.1%)
Net I/O: 80.3 KB/s (0.7*10^6 bps)

Errors: total 1254 client-timo 1254 socket-timo 0 connrefused 0 connreset 0
Errors: fd-unavail 0 addrunavail 0 ftab-full 0 other 0

httperf --hog --timeout=1 --client=0/1 --server=172.17.60.201 --port=80 --uri=/ --rate=720 --send-buffer=4096 --recv-buffer=16384 --num-conns=2000 --num-calls=1
Maximum connect burst length: 9

Total: connections 2000 requests 953 replies 774 test-duration 3.777 s

Connection rate: 529.5 conn/s (1.9 ms/conn, <=658 concurrent connections)
Connection time [ms]: min 5.1 avg 261.1 max 1018.2 median 148.5 stddev 264.9
Connection time [ms]: connect 27.3
Connection length [replies/conn]: 1.000

Request rate: 252.3 req/s (4.0 ms/req)
Request size [B]: 66.0

Reply rate [replies/s]: min 0.0 avg 0.0 max 0.0 stddev 0.0 (0 samples)
Reply time [ms]: response 234.6 transfer 0.0
Reply size [B]: header 267.0 content 77.0 footer 0.0 (total 344.0)
Reply status: 1xx=0 2xx=774 3xx=0 4xx=0 5xx=0

CPU time [s]: user 0.08 system 3.59 (user 2.0% system 95.0% total 97.0%)
Net I/O: 85.1 KB/s (0.7*10^6 bps)

Errors: total 1226 client-timo 1226 socket-timo 0 connrefused 0 connreset 0
Errors: fd-unavail 0 addrunavail 0 ftab-full 0 other 0

httperf --hog --timeout=1 --client=0/1 --server=172.17.60.201 --port=80 --uri=/ --rate=740 --send-buffer=4096 --recv-buffer=16384 --num-conns=2000 --num-calls=1
Maximum connect burst length: 11

Total: connections 2000 requests 961 replies 766 test-duration 3.702 s

Connection rate: 540.2 conn/s (1.9 ms/conn, <=672 concurrent connections)
Connection time [ms]: min 34.5 avg 305.5 max 1025.0 median 175.5 stddev 275.9
Connection time [ms]: connect 44.6
Connection length [replies/conn]: 1.000

Request rate: 259.6 req/s (3.9 ms/req)
Request size [B]: 66.0

Reply rate [replies/s]: min 0.0 avg 0.0 max 0.0 stddev 0.0 (0 samples)
Reply time [ms]: response 257.5 transfer 0.0
Reply size [B]: header 267.0 content 77.0 footer 0.0 (total 344.0)
Reply status: 1xx=0 2xx=766 3xx=0 4xx=0 5xx=0

CPU time [s]: user 0.09 system 3.49 (user 2.4% system 94.2% total 96.6%)
Net I/O: 86.2 KB/s (0.7*10^6 bps)

Errors: total 1234 client-timo 1234 socket-timo 0 connrefused 0 connreset 0
Errors: fd-unavail 0 addrunavail 0 ftab-full 0 other 0

httperf --hog --timeout=1 --client=0/1 --server=172.17.60.201 --port=80 --uri=/ --rate=760 --send-buffer=4096 --recv-buffer=16384 --num-conns=2000 --num-calls=1
Maximum connect burst length: 11

Total: connections 2000 requests 889 replies 709 test-duration 3.645 s

Connection rate: 548.7 conn/s (1.8 ms/conn, <=676 concurrent connections)
Connection time [ms]: min 3.7 avg 248.4 max 1033.4 median 152.5 stddev 246.1
Connection time [ms]: connect 31.5
Connection length [replies/conn]: 1.000

Request rate: 243.9 req/s (4.1 ms/req)
Request size [B]: 66.0

Reply rate [replies/s]: min 0.0 avg 0.0 max 0.0 stddev 0.0 (0 samples)
Reply time [ms]: response 216.6 transfer 0.0
Reply size [B]: header 267.0 content 77.0 footer 0.0 (total 344.0)
Reply status: 1xx=0 2xx=709 3xx=0 4xx=0 5xx=0

CPU time [s]: user 0.04 system 3.48 (user 1.0% system 95.6% total 96.6%)
Net I/O: 81.1 KB/s (0.7*10^6 bps)

Errors: total 1291 client-timo 1291 socket-timo 0 connrefused 0 connreset 0
Errors: fd-unavail 0 addrunavail 0 ftab-full 0 other 0

httperf --hog --timeout=1 --client=0/1 --server=172.17.60.201 --port=80 --uri=/ --rate=780 --send-buffer=4096 --recv-buffer=16384 --num-conns=2000 --num-calls=1
Maximum connect burst length: 8

Total: connections 2000 requests 830 replies 655 test-duration 3.563 s

Connection rate: 561.3 conn/s (1.8 ms/conn, <=740 concurrent connections)
Connection time [ms]: min 6.3 avg 295.9 max 1033.8 median 185.5 stddev 299.9
Connection time [ms]: connect 56.4
Connection length [replies/conn]: 1.000

Request rate: 232.9 req/s (4.3 ms/req)
Request size [B]: 66.0

Reply rate [replies/s]: min 0.0 avg 0.0 max 0.0 stddev 0.0 (0 samples)
Reply time [ms]: response 233.2 transfer 0.0
Reply size [B]: header 267.0 content 77.0 footer 0.0 (total 344.0)
Reply status: 1xx=0 2xx=655 3xx=0 4xx=0 5xx=0

CPU time [s]: user 0.09 system 3.36 (user 2.5% system 94.2% total 96.7%)
Net I/O: 76.8 KB/s (0.6*10^6 bps)

Errors: total 1345 client-timo 1345 socket-timo 0 connrefused 0 connreset 0
Errors: fd-unavail 0 addrunavail 0 ftab-full 0 other 0

httperf --hog --timeout=1 --client=0/1 --server=172.17.60.201 --port=80 --uri=/ --rate=800 --send-buffer=4096 --recv-buffer=16384 --num-conns=2000 --num-calls=1
Maximum connect burst length: 6

Total: connections 2000 requests 831 replies 655 test-duration 3.496 s

Connection rate: 572.1 conn/s (1.7 ms/conn, <=749 concurrent connections)
Connection time [ms]: min 5.7 avg 259.6 max 1025.9 median 148.5 stddev 260.7
Connection time [ms]: connect 26.0
Connection length [replies/conn]: 1.000

Request rate: 237.7 req/s (4.2 ms/req)
Request size [B]: 66.0

Reply rate [replies/s]: min 0.0 avg 0.0 max 0.0 stddev 0.0 (0 samples)
Reply time [ms]: response 235.3 transfer 0.0
Reply size [B]: header 267.0 content 77.0 footer 0.0 (total 344.0)
Reply status: 1xx=0 2xx=655 3xx=0 4xx=0 5xx=0

CPU time [s]: user 0.04 system 3.34 (user 1.3% system 95.5% total 96.8%)
Net I/O: 78.3 KB/s (0.6*10^6 bps)

Errors: total 1345 client-timo 1345 socket-timo 0 connrefused 0 connreset 0
Errors: fd-unavail 0 addrunavail 0 ftab-full 0 other 0

httperf --hog --timeout=1 --client=0/1 --server=172.17.60.201 --port=80 --uri=/ --rate=820 --send-buffer=4096 --recv-buffer=16384 --num-conns=2000 --num-calls=1
Maximum connect burst length: 14

Total: connections 2000 requests 734 replies 518 test-duration 3.440 s

Connection rate: 581.5 conn/s (1.7 ms/conn, <=781 concurrent connections)
Connection time [ms]: min 46.1 avg 296.4 max 1022.8 median 212.5 stddev 256.7
Connection time [ms]: connect 33.6
Connection length [replies/conn]: 1.000

Request rate: 213.4 req/s (4.7 ms/req)
Request size [B]: 66.0

Reply rate [replies/s]: min 0.0 avg 0.0 max 0.0 stddev 0.0 (0 samples)
Reply time [ms]: response 262.4 transfer 0.0
Reply size [B]: header 267.0 content 77.0 footer 0.0 (total 344.0)
Reply status: 1xx=0 2xx=518 3xx=0 4xx=0 5xx=0

CPU time [s]: user 0.10 system 3.24 (user 2.8% system 94.1% total 96.9%)
Net I/O: 64.3 KB/s (0.5*10^6 bps)

Errors: total 1482 client-timo 1482 socket-timo 0 connrefused 0 connreset 0
Errors: fd-unavail 0 addrunavail 0 ftab-full 0 other 0

httperf --hog --timeout=1 --client=0/1 --server=172.17.60.201 --port=80 --uri=/ --rate=840 --send-buffer=4096 --recv-buffer=16384 --num-conns=2000 --num-calls=1
Maximum connect burst length: 10

Total: connections 2000 requests 826 replies 642 test-duration 3.379 s

Connection rate: 591.9 conn/s (1.7 ms/conn, <=780 concurrent connections)
Connection time [ms]: min 9.4 avg 295.0 max 1041.8 median 208.5 stddev 270.8
Connection time [ms]: connect 38.6
Connection length [replies/conn]: 1.000

Request rate: 244.4 req/s (4.1 ms/req)
Request size [B]: 66.0

Reply rate [replies/s]: min 0.0 avg 0.0 max 0.0 stddev 0.0 (0 samples)
Reply time [ms]: response 253.7 transfer 0.0
Reply size [B]: header 267.0 content 77.0 footer 0.0 (total 344.0)
Reply status: 1xx=0 2xx=642 3xx=0 4xx=0 5xx=0

CPU time [s]: user 0.08 system 3.18 (user 2.4% system 94.0% total 96.4%)
Net I/O: 79.6 KB/s (0.7*10^6 bps)

Errors: total 1358 client-timo 1358 socket-timo 0 connrefused 0 connreset 0
Errors: fd-unavail 0 addrunavail 0 ftab-full 0 other 0

httperf --hog --timeout=1 --client=0/1 --server=172.17.60.201 --port=80 --uri=/ --rate=860 --send-buffer=4096 --recv-buffer=16384 --num-conns=2000 --num-calls=1
Maximum connect burst length: 10

Total: connections 2000 requests 783 replies 564 test-duration 3.324 s

Connection rate: 601.7 conn/s (1.7 ms/conn, <=828 concurrent connections)
Connection time [ms]: min 6.3 avg 260.6 max 1024.1 median 157.5 stddev 266.9
Connection time [ms]: connect 25.4
Connection length [replies/conn]: 1.000

Request rate: 235.6 req/s (4.2 ms/req)
Request size [B]: 66.0

Reply rate [replies/s]: min 0.0 avg 0.0 max 0.0 stddev 0.0 (0 samples)
Reply time [ms]: response 237.8 transfer 0.0
Reply size [B]: header 267.0 content 77.0 footer 0.0 (total 344.0)
Reply status: 1xx=0 2xx=564 3xx=0 4xx=0 5xx=0

CPU time [s]: user 0.12 system 3.11 (user 3.5% system 93.5% total 97.0%)
Net I/O: 72.2 KB/s (0.6*10^6 bps)

Errors: total 1436 client-timo 1436 socket-timo 0 connrefused 0 connreset 0
Errors: fd-unavail 0 addrunavail 0 ftab-full 0 other 0

httperf --hog --timeout=1 --client=0/1 --server=172.17.60.201 --port=80 --uri=/ --rate=880 --send-buffer=4096 --recv-buffer=16384 --num-conns=2000 --num-calls=1
Maximum connect burst length: 17

Total: connections 2000 requests 739 replies 501 test-duration 3.272 s

Connection rate: 611.2 conn/s (1.6 ms/conn, <=859 concurrent connections)
Connection time [ms]: min 44.2 avg 347.6 max 1082.3 median 280.5 stddev 286.4
Connection time [ms]: connect 32.4
Connection length [replies/conn]: 1.000

Request rate: 225.9 req/s (4.4 ms/req)
Request size [B]: 66.0

Reply rate [replies/s]: min 0.0 avg 0.0 max 0.0 stddev 0.0 (0 samples)
Reply time [ms]: response 314.0 transfer 0.0
Reply size [B]: header 267.0 content 77.0 footer 0.0 (total 344.0)
Reply status: 1xx=0 2xx=501 3xx=0 4xx=0 5xx=0

CPU time [s]: user 0.05 system 3.11 (user 1.6% system 95.1% total 96.7%)
Net I/O: 66.0 KB/s (0.5*10^6 bps)

Errors: total 1499 client-timo 1499 socket-timo 0 connrefused 0 connreset 0
Errors: fd-unavail 0 addrunavail 0 ftab-full 0 other 0

httperf --hog --timeout=1 --client=0/1 --server=172.17.60.201 --port=80 --uri=/ --rate=900 --send-buffer=4096 --recv-buffer=16384 --num-conns=2000 --num-calls=1
Maximum connect burst length: 5

Total: connections 2000 requests 724 replies 476 test-duration 3.259 s

Connection rate: 613.7 conn/s (1.6 ms/conn, <=872 concurrent connections)
Connection time [ms]: min 20.4 avg 315.4 max 1024.4 median 221.5 stddev 280.6
Connection time [ms]: connect 35.3
Connection length [replies/conn]: 1.000

Request rate: 222.2 req/s (4.5 ms/req)
Request size [B]: 66.0

Reply rate [replies/s]: min 0.0 avg 0.0 max 0.0 stddev 0.0 (0 samples)
Reply time [ms]: response 277.5 transfer 0.0
Reply size [B]: header 267.0 content 77.0 footer 0.0 (total 344.0)
Reply status: 1xx=0 2xx=476 3xx=0 4xx=0 5xx=0

CPU time [s]: user 0.07 system 3.08 (user 2.2% system 94.6% total 96.8%)
Net I/O: 63.4 KB/s (0.5*10^6 bps)

Errors: total 1524 client-timo 1524 socket-timo 0 connrefused 0 connreset 0
Errors: fd-unavail 0 addrunavail 0 ftab-full 0 other 0

httperf --hog --timeout=1 --client=0/1 --server=172.17.60.201 --port=80 --uri=/ --rate=920 --send-buffer=4096 --recv-buffer=16384 --num-conns=2000 --num-calls=1
Maximum connect burst length: 11

Total: connections 2000 requests 645 replies 428 test-duration 3.206 s

Connection rate: 623.8 conn/s (1.6 ms/conn, <=898 concurrent connections)
Connection time [ms]: min 43.1 avg 332.3 max 1036.8 median 220.5 stddev 283.1
Connection time [ms]: connect 27.9
Connection length [replies/conn]: 1.000

Request rate: 201.2 req/s (5.0 ms/req)
Request size [B]: 66.0

Reply rate [replies/s]: min 0.0 avg 0.0 max 0.0 stddev 0.0 (0 samples)
Reply time [ms]: response 305.2 transfer 0.0
Reply size [B]: header 267.0 content 77.0 footer 0.0 (total 344.0)
Reply status: 1xx=0 2xx=428 3xx=0 4xx=0 5xx=0

CPU time [s]: user 0.06 system 3.05 (user 1.7% system 95.1% total 96.8%)
Net I/O: 57.8 KB/s (0.5*10^6 bps)

Errors: total 1572 client-timo 1572 socket-timo 0 connrefused 0 connreset 0
Errors: fd-unavail 0 addrunavail 0 ftab-full 0 other 0

httperf --hog --timeout=1 --client=0/1 --server=172.17.60.201 --port=80 --uri=/ --rate=940 --send-buffer=4096 --recv-buffer=16384 --num-conns=2000 --num-calls=1
Maximum connect burst length: 6

Total: connections 2000 requests 591 replies 356 test-duration 3.128 s

Connection rate: 639.4 conn/s (1.6 ms/conn, <=920 concurrent connections)
Connection time [ms]: min 67.8 avg 444.0 max 1035.3 median 388.5 stddev 299.7
Connection time [ms]: connect 61.0
Connection length [replies/conn]: 1.000

Request rate: 188.9 req/s (5.3 ms/req)
Request size [B]: 66.0

Reply rate [replies/s]: min 0.0 avg 0.0 max 0.0 stddev 0.0 (0 samples)
Reply time [ms]: response 363.7 transfer 0.0
Reply size [B]: header 267.0 content 77.0 footer 0.0 (total 344.0)
Reply status: 1xx=0 2xx=356 3xx=0 4xx=0 5xx=0

CPU time [s]: user 0.07 system 2.94 (user 2.2% system 94.1% total 96.3%)
Net I/O: 50.4 KB/s (0.4*10^6 bps)

Errors: total 1644 client-timo 1644 socket-timo 0 connrefused 0 connreset 0
Errors: fd-unavail 0 addrunavail 0 ftab-full 0 other 0

httperf --hog --timeout=1 --client=0/1 --server=172.17.60.201 --port=80 --uri=/ --rate=960 --send-buffer=4096 --recv-buffer=16384 --num-conns=2000 --num-calls=1
Maximum connect burst length: 11

Total: connections 2000 requests 579 replies 349 test-duration 3.083 s

Connection rate: 648.7 conn/s (1.5 ms/conn, <=945 concurrent connections)
Connection time [ms]: min 55.4 avg 381.5 max 1029.7 median 304.5 stddev 290.6
Connection time [ms]: connect 33.4
Connection length [replies/conn]: 1.000

Request rate: 187.8 req/s (5.3 ms/req)
Request size [B]: 66.0

Reply rate [replies/s]: min 0.0 avg 0.0 max 0.0 stddev 0.0 (0 samples)
Reply time [ms]: response 347.4 transfer 0.0
Reply size [B]: header 267.0 content 77.0 footer 0.0 (total 344.0)
Reply status: 1xx=0 2xx=349 3xx=0 4xx=0 5xx=0

CPU time [s]: user 0.06 system 2.92 (user 2.1% system 94.7% total 96.8%)
Net I/O: 50.1 KB/s (0.4*10^6 bps)

Errors: total 1651 client-timo 1651 socket-timo 0 connrefused 0 connreset 0
Errors: fd-unavail 0 addrunavail 0 ftab-full 0 other 0

httperf --hog --timeout=1 --client=0/1 --server=172.17.60.201 --port=80 --uri=/ --rate=980 --send-buffer=4096 --recv-buffer=16384 --num-conns=2000 --num-calls=1
Maximum connect burst length: 14

Total: connections 2000 requests 646 replies 389 test-duration 3.068 s

Connection rate: 651.9 conn/s (1.5 ms/conn, <=955 concurrent connections)
Connection time [ms]: min 24.0 avg 356.8 max 1027.4 median 293.5 stddev 293.9
Connection time [ms]: connect 29.0
Connection length [replies/conn]: 1.000

Request rate: 210.5 req/s (4.7 ms/req)
Request size [B]: 66.0

Reply rate [replies/s]: min 0.0 avg 0.0 max 0.0 stddev 0.0 (0 samples)
Reply time [ms]: response 329.2 transfer 0.0
Reply size [B]: header 267.0 content 77.0 footer 0.0 (total 344.0)
Reply status: 1xx=0 2xx=389 3xx=0 4xx=0 5xx=0

CPU time [s]: user 0.09 system 2.87 (user 2.9% system 93.6% total 96.5%)
Net I/O: 56.2 KB/s (0.5*10^6 bps)

Errors: total 1611 client-timo 1611 socket-timo 0 connrefused 0 connreset 0
Errors: fd-unavail 0 addrunavail 0 ftab-full 0 other 0

httperf --hog --timeout=1 --client=0/1 --server=172.17.60.201 --port=80 --uri=/ --rate=1000 --send-buffer=4096 --recv-buffer=16384 --num-conns=2000 --num-calls=1
Maximum connect burst length: 23

Total: connections 2000 requests 593 replies 374 test-duration 3.031 s

Connection rate: 659.8 conn/s (1.5 ms/conn, <=961 concurrent connections)
Connection time [ms]: min 9.9 avg 286.5 max 1027.9 median 204.5 stddev 252.5
Connection time [ms]: connect 26.3
Connection length [replies/conn]: 1.000

Request rate: 195.6 req/s (5.1 ms/req)
Request size [B]: 66.0

Reply rate [replies/s]: min 0.0 avg 0.0 max 0.0 stddev 0.0 (0 samples)
Reply time [ms]: response 262.9 transfer 0.0
Reply size [B]: header 267.0 content 77.0 footer 0.0 (total 344.0)
Reply status: 1xx=0 2xx=374 3xx=0 4xx=0 5xx=0

CPU time [s]: user 0.10 system 2.82 (user 3.4% system 93.2% total 96.6%)
Net I/O: 54.1 KB/s (0.4*10^6 bps)

Errors: total 1626 client-timo 1626 socket-timo 0 connrefused 0 connreset 0
Errors: fd-unavail 0 addrunavail 0 ftab-full 0 other 0

