httperf --verbose --hog --timeout=3 --client=0/1 --server=172.17.60.201 --port=80 --uri=/ --rate=16 --send-buffer=4096 --recv-buffer=16384 --num-conns=1000 --num-calls=1
httperf: maximum number of open descriptors = 4096
Maximum connect burst length: 1

Connection lifetime histogram (time in ms):
             :
             6.5 7
             7.5 151
             8.5 87
             9.5 175
            10.5 241
            11.5 102
            12.5 65
            13.5 37
            14.5 33
            15.5 46
            16.5 21
            17.5 13
            18.5 8
            19.5 3
            20.5 1
            21.5 2
            22.5 2
             :
            24.5 1
             :
            26.5 1
             :
            30.5 1
            31.5 1
            32.5 1
             :
            36.5 1

Total: connections 1000 requests 1000 replies 1000 test-duration 62.450 s

Connection rate: 16.0 conn/s (62.5 ms/conn, <=1 concurrent connections)
Connection time [ms]: min 6.9 avg 10.9 max 36.7 median 10.5 stddev 3.1
Connection time [ms]: connect 1.0
Connection length [replies/conn]: 1.000

Request rate: 16.0 req/s (62.5 ms/req)
Request size [B]: 66.0

Reply rate [replies/s]: min 16.0 avg 16.0 max 16.0 stddev 0.0 (62 samples)
Percentages of the replies served at a given rate:
   50%: 15
   66%: 15
   75%: 15
   80%: 15
   90%: 15
   95%: 15
   98%: 15
   99%: 16
  100%: 16

Reply time [ms]: response 9.6 transfer 0.1
Percentages of the requests served within a certain time (ms) :
   50%: 9
   66%: 9
   75%: 10
   80%: 10
   90%: 12
   95%: 14
   98%: 15
   99%: 17
  100%: 24

Reply size [B]: header 167.0 content 59.0 footer 0.0 (total 226.0)
Reply status: 1xx=0 2xx=1000 3xx=0 4xx=0 5xx=0

CPU time [s]: user 39.56 system 22.80 (user 63.3% system 36.5% total 99.9%)
Net I/O: 4.6 KB/s (0.0*10^6 bps)

Errors: total 0 client-timo 0 socket-timo 0 connrefused 0 connreset 0
Errors: fd-unavail 0 addrunavail 0 ftab-full 0 other 0

