httperf --verbose --hog --timeout=3 --client=0/1 --server=172.17.60.201 --port=80 --uri=/ --rate=8 --send-buffer=4096 --recv-buffer=16384 --num-conns=500 --num-calls=1
httperf: maximum number of open descriptors = 4096
Maximum connect burst length: 1

Connection lifetime histogram (time in ms):
             :
             7.5 15
             8.5 70
             9.5 43
            10.5 95
            11.5 91
            12.5 42
            13.5 33
            14.5 21
            15.5 18
            16.5 13
            17.5 11
            18.5 5
            19.5 7
            20.5 3
            21.5 4
             :
            23.5 1
            24.5 1
            25.5 1
            26.5 2
            27.5 1
             :
            31.5 1
            32.5 1
            33.5 1
            34.5 1
             :
            36.5 3
            37.5 1
             :
            39.5 1
            40.5 1
             :
            45.5 1
            46.5 2
             :
            48.5 1
             :
            53.5 1
            54.5 2
             :
            57.5 1
             :
            61.5 2
             :
            64.5 1
             :
            69.5 1
             :
           249.5 1

Total: connections 500 requests 500 replies 500 test-duration 62.386 s

Connection rate: 8.0 conn/s (124.8 ms/conn, <=2 concurrent connections)
Connection time [ms]: min 7.5 avg 13.9 max 249.5 median 11.5 stddev 13.3
Connection time [ms]: connect 1.0
Connection length [replies/conn]: 1.000

Request rate: 8.0 req/s (124.8 ms/req)
Request size [B]: 66.0

Reply rate [replies/s]: min 8.0 avg 8.0 max 8.0 stddev 0.0 (62 samples)
Percentages of the replies served at a given rate:
   50%: 7
   66%: 7
   75%: 7
   80%: 7
   90%: 7
   95%: 7
   98%: 7
   99%: 7
  100%: 8

Reply time [ms]: response 12.3 transfer 0.4
Percentages of the requests served within a certain time (ms) :
   50%: 10
   66%: 11
   75%: 12
   80%: 12
   90%: 14
   95%: 19
   98%: 42
   99%: 56
  100%: 246

Reply size [B]: header 167.0 content 59.0 footer 0.0 (total 226.0)
Reply status: 1xx=0 2xx=500 3xx=0 4xx=0 5xx=0

CPU time [s]: user 39.37 system 22.96 (user 63.1% system 36.8% total 99.9%)
Net I/O: 2.3 KB/s (0.0*10^6 bps)

Errors: total 0 client-timo 0 socket-timo 0 connrefused 0 connreset 0
Errors: fd-unavail 0 addrunavail 0 ftab-full 0 other 0

