httperf --verbose --hog --timeout=3 --client=0/1 --server=172.17.60.201 --port=80 --uri=/ --rate=8 --send-buffer=4096 --recv-buffer=16384 --num-conns=500 --num-calls=1
httperf: maximum number of open descriptors = 4096
Maximum connect burst length: 1

Connection lifetime histogram (time in ms):
             :
             7.5 20
             8.5 94
             9.5 55
            10.5 98
            11.5 77
            12.5 28
            13.5 25
            14.5 24
            15.5 19
            16.5 8
            17.5 8
            18.5 8
            19.5 1
            20.5 8
            21.5 2
             :
            23.5 1
            24.5 1
            25.5 1
            26.5 5
             :
            28.5 1
             :
            30.5 1
            31.5 1
             :
            33.5 1
             :
            42.5 1
             :
            45.5 1
            46.5 1
             :
            49.5 1
             :
            53.5 1
             :
            57.5 1
             :
            75.5 1
            76.5 1
             :
            88.5 1
             :
           137.5 1
             :
           155.5 1
             :
           251.5 1
             :
           294.5 1

Total: connections 500 requests 500 replies 500 test-duration 62.388 s

Connection rate: 8.0 conn/s (124.8 ms/conn, <=3 concurrent connections)
Connection time [ms]: min 7.4 avg 14.1 max 294.6 median 10.5 stddev 20.1
Connection time [ms]: connect 1.1
Connection length [replies/conn]: 1.000

Request rate: 8.0 req/s (124.8 ms/req)
Request size [B]: 66.0

Reply rate [replies/s]: min 6.0 avg 8.0 max 10.0 stddev 0.4 (62 samples)
Percentages of the replies served at a given rate:
   50%: 7
   66%: 7
   75%: 7
   80%: 7
   90%: 7
   95%: 7
   98%: 8
   99%: 9
  100%: 10

Reply time [ms]: response 12.7 transfer 0.2
Percentages of the requests served within a certain time (ms) :
   50%: 9
   66%: 10
   75%: 10
   80%: 12
   90%: 14
   95%: 19
   98%: 44
   99%: 74
  100%: 288

Reply size [B]: header 167.0 content 59.0 footer 0.0 (total 226.0)
Reply status: 1xx=0 2xx=500 3xx=0 4xx=0 5xx=0

CPU time [s]: user 39.12 system 23.19 (user 62.7% system 37.2% total 99.9%)
Net I/O: 2.3 KB/s (0.0*10^6 bps)

Errors: total 0 client-timo 0 socket-timo 0 connrefused 0 connreset 0
Errors: fd-unavail 0 addrunavail 0 ftab-full 0 other 0

