httperf --verbose --hog --timeout=50 --client=0/1 --server=172.16.116.116 --port=8080 --uri=/ --rate=8 --send-buffer=4096 --recv-buffer=16384 --num-conns=1440 --num-calls=1
httperf: maximum number of open descriptors = 65535
Maximum connect burst length: 1

Connection lifetime histogram (time in ms):
             :
            10.5 65
            11.5 385
            12.5 202
            13.5 162
            14.5 95
            15.5 126
            16.5 152
            17.5 86
            18.5 55
            19.5 25
            20.5 27
            21.5 17
            22.5 7
            23.5 5
            24.5 1
            25.5 4
             :
            29.5 1
             :
            32.5 1
             :
            35.5 1
             :
            58.5 1
             :
            65.5 1
             :
           101.5 1
             :
           108.5 1
             :
           113.5 1
             :
           129.5 1
             :
           136.5 1
           137.5 1
             :
           153.5 1
             :
           156.5 1
             :
           175.5 1
             :
           178.5 1
             :
           208.5 1
             :
           217.5 1
             :
           264.5 1
             :
           271.5 1
             :
           275.5 1
             :
           290.5 1
           291.5 1
             :
           309.5 1
             :
           311.5 1
             :
           318.5 1
             :
           321.5 1

Total: connections 1440 requests 1440 replies 1440 test-duration 179.886 s

Connection rate: 8.0 conn/s (124.9 ms/conn, <=2 concurrent connections)
Connection time [ms]: min 10.2 avg 17.1 max 321.2 median 13.5 stddev 25.8
Connection time [ms]: connect 1.0
Connection length [replies/conn]: 1.000

Request rate: 8.0 req/s (124.9 ms/req)
Request size [B]: 67.0

Reply rate [replies/s]: min 7.0 avg 8.0 max 9.0 stddev 0.2 (179 samples)
Percentages of the replies served at a given rate:
   50%: 7
   66%: 7
   75%: 7
   80%: 7
   90%: 7
   95%: 7
   98%: 8
   99%: 8
  100%: 9

Reply time [ms]: response 15.4 transfer 0.7
Percentages of the requests served within a certain time (ms) :
   50%: 11
   66%: 13
   75%: 14
   80%: 15
   90%: 16
   95%: 18
   98%: 21
   99%: 151
  100%: 286

Reply size [B]: header 163.0 content 72.0 footer 2.0 (total 237.0)
Reply status: 1xx=0 2xx=1440 3xx=0 4xx=0 5xx=0

CPU time [s]: user 152.04 system 27.55 (user 84.5% system 15.3% total 99.8%)
Net I/O: 2.4 KB/s (0.0*10^6 bps)

Errors: total 0 client-timo 0 socket-timo 0 connrefused 0 connreset 0
Errors: fd-unavail 0 addrunavail 0 ftab-full 0 other 0

