httperf --verbose --hog --timeout=50 --client=0/1 --server=172.16.116.116 --port=8080 --uri=/ --rate=16 --send-buffer=4096 --recv-buffer=16384 --num-conns=2880 --num-calls=1
httperf: maximum number of open descriptors = 65535
Maximum connect burst length: 1

Connection lifetime histogram (time in ms):
             :
            10.5 263
            11.5 675
            12.5 296
            13.5 208
            14.5 243
            15.5 370
            16.5 343
            17.5 159
            18.5 82
            19.5 64
            20.5 34
            21.5 24
            22.5 13
            23.5 13
            24.5 6
            25.5 4
            26.5 3
            27.5 2
            28.5 1
            29.5 1
             :
            31.5 1
             :
            41.5 1
             :
            46.5 1
             :
            51.5 1
             :
            53.5 1
             :
            55.5 1
             :
            58.5 1
             :
           106.5 2
             :
           117.5 1
             :
           124.5 1
             :
           131.5 1
           132.5 1
             :
           135.5 3
             :
           142.5 2
             :
           146.5 1
           147.5 1
             :
           152.5 2
           153.5 1
             :
           167.5 1
             :
           170.5 1
             :
           174.5 1
             :
           177.5 1
             :
           180.5 1
             :
           183.5 1
             :
           188.5 1
             :
           191.5 1
             :
           193.5 1
             :
           195.5 1
           196.5 1
             :
           198.5 1
             :
           201.5 1
           202.5 1
           203.5 1
             :
           206.5 3
             :
           208.5 1
           209.5 1
             :
           213.5 1
             :
           217.5 2
             :
           219.5 1
             :
           222.5 1
           223.5 1
             :
           228.5 1
             :
           233.5 1
             :
           235.5 1
             :
           239.5 1
           240.5 1
           241.5 2
             :
           244.5 1
           245.5 1
             :
           247.5 1
             :
           249.5 1
             :
           253.5 1
             :
           259.5 1
             :
           266.5 1
             :
           277.5 1
           278.5 1
             :
           280.5 1
             :
           282.5 1
             :
           290.5 1
           291.5 1
           292.5 1
             :
           295.5 1
             :
           308.5 1
             :
           336.5 1
             :
           357.5 1
             :
           368.5 1
             :
           388.5 1

Total: connections 2880 requests 2880 replies 2880 test-duration 180.071 s

Connection rate: 16.0 conn/s (62.5 ms/conn, <=2 concurrent connections)
Connection time [ms]: min 10.1 avg 19.1 max 388.7 median 13.5 stddev 32.3
Connection time [ms]: connect 0.7
Connection length [replies/conn]: 1.000

Request rate: 16.0 req/s (62.5 ms/req)
Request size [B]: 67.0

Reply rate [replies/s]: min 15.0 avg 16.0 max 17.0 stddev 0.4 (180 samples)
Percentages of the replies served at a given rate:
   50%: 15
   66%: 15
   75%: 15
   80%: 15
   90%: 15
   95%: 16
   98%: 16
   99%: 16
  100%: 17

Reply time [ms]: response 17.4 transfer 0.9
Percentages of the requests served within a certain time (ms) :
   50%: 12
   66%: 14
   75%: 14
   80%: 15
   90%: 16
   95%: 18
   98%: 133
   99%: 205
  100%: 368

Reply size [B]: header 163.0 content 72.0 footer 2.0 (total 237.0)
Reply status: 1xx=0 2xx=2880 3xx=0 4xx=0 5xx=0

CPU time [s]: user 150.14 system 29.58 (user 83.4% system 16.4% total 99.8%)
Net I/O: 4.7 KB/s (0.0*10^6 bps)

Errors: total 0 client-timo 0 socket-timo 0 connrefused 0 connreset 0
Errors: fd-unavail 0 addrunavail 0 ftab-full 0 other 0

