httperf --verbose --hog --timeout=50 --client=0/1 --server=172.16.116.116 --port=8080 --uri=/ --rate=24 --send-buffer=4096 --recv-buffer=16384 --num-conns=2880 --num-calls=1
httperf: maximum number of open descriptors = 65535
Maximum connect burst length: 1

Connection lifetime histogram (time in ms):
             :
            10.5 47
            11.5 104
            12.5 82
            13.5 74
            14.5 81
            15.5 113
            16.5 105
            17.5 104
            18.5 77
            19.5 64
            20.5 81
            21.5 60
            22.5 56
            23.5 72
            24.5 47
            25.5 49
            26.5 50
            27.5 56
            28.5 47
            29.5 43
            30.5 46
            31.5 44
            32.5 33
            33.5 29
            34.5 32
            35.5 28
            36.5 19
            37.5 22
            38.5 26
            39.5 16
            40.5 25
            41.5 15
            42.5 20
            43.5 16
            44.5 19
            45.5 15
            46.5 19
            47.5 13
            48.5 14
            49.5 4
            50.5 11
            51.5 6
            52.5 4
            53.5 11
            54.5 7
            55.5 7
            56.5 10
            57.5 7
            58.5 3
            59.5 3
            60.5 4
            61.5 5
            62.5 3
            63.5 6
            64.5 7
            65.5 5
            66.5 4
            67.5 4
            68.5 3
            69.5 4
             :
            71.5 8
            72.5 2
            73.5 4
            74.5 3
            75.5 2
            76.5 4
            77.5 3
            78.5 10
            79.5 1
            80.5 1
            81.5 3
            82.5 2
            83.5 5
            84.5 4
            85.5 3
             :
            87.5 5
            88.5 3
            89.5 6
            90.5 2
            91.5 4
            92.5 3
            93.5 5
            94.5 5
            95.5 4
            96.5 7
            97.5 1
            98.5 5
            99.5 3
           100.5 6
           101.5 5
           102.5 1
           103.5 1
           104.5 1
           105.5 3
           106.5 8
           107.5 4
           108.5 4
           109.5 5
           110.5 1
           111.5 4
           112.5 2
           113.5 4
           114.5 4
           115.5 1
           116.5 1
           117.5 4
           118.5 3
           119.5 5
             :
           121.5 2
           122.5 5
           123.5 4
           124.5 3
           125.5 4
           126.5 3
           127.5 2
           128.5 3
           129.5 1
           130.5 4
           131.5 1
           132.5 4
           133.5 1
           134.5 5
           135.5 1
           136.5 2
           137.5 2
             :
           139.5 2
           140.5 2
           141.5 4
           142.5 2
             :
           144.5 1
           145.5 1
           146.5 1
           147.5 1
           148.5 5
           149.5 1
             :
           151.5 1
           152.5 4
           153.5 3
             :
           155.5 2
           156.5 1
           157.5 2
           158.5 1
           159.5 3
           160.5 2
           161.5 3
           162.5 1
             :
           166.5 2
           167.5 1
           168.5 1
             :
           170.5 2
           171.5 1
           172.5 2
           173.5 1
             :
           178.5 1
             :
           181.5 1
           182.5 1
             :
           184.5 1
           185.5 1
             :
           187.5 1
           188.5 2
             :
           191.5 1
             :
           193.5 1
             :
           196.5 1
             :
           201.5 1
             :
           220.5 1
             :
           233.5 1
           234.5 1
             :
           260.5 1
             :
           280.5 1
             :
           287.5 1
             :
           295.5 1
             :
           306.5 1
             :
           308.5 1
             :
           311.5 1
             :
           334.5 1
             :
           338.5 2
             :
           344.5 1
             :
           359.5 1
           360.5 1
             :
           373.5 1
             :
           377.5 1
             :
           382.5 1
             :
           388.5 1
             :
           402.5 1
             :
           404.5 1
           405.5 2
             :
           442.5 2
           443.5 1
             :
           450.5 1
             :
           454.5 1
             :
           471.5 1
             :
           474.5 1
             :
           481.5 1
             :
           484.5 1
             :
           487.5 1
             :
           489.5 1
             :
           491.5 1
             :
           494.5 1
             :
           497.5 2
             :
           506.5 1
             :
           511.5 1
             :
           517.5 1
             :
           519.5 1
             :
           535.5 1
             :
           548.5 1
             :
           551.5 1
             :
           555.5 1
             :
           561.5 1
           562.5 1
             :
           564.5 1
             :
           568.5 2
             :
           570.5 2
             :
           572.5 1
             :
           575.5 1
             :
           581.5 1
             :
           586.5 1
             :
           589.5 1
             :
           591.5 1
           592.5 1
             :
           594.5 1
           595.5 1
             :
           601.5 2
             :
           603.5 1
             :
           605.5 2
             :
           609.5 1
           610.5 1
             :
           612.5 1
             :
           617.5 1
             :
           625.5 1
           626.5 1
             :
           631.5 2
           632.5 2
             :
           635.5 1
           636.5 2
           637.5 3
             :
           640.5 1
           641.5 1
           642.5 2
           643.5 1
           644.5 1
           645.5 2
           646.5 1
           647.5 3
             :
           650.5 1
             :
           652.5 1
           653.5 1
             :
           656.5 1
           657.5 2
           658.5 1
             :
           660.5 1
           661.5 1
           662.5 1
           663.5 2
             :
           668.5 1
           669.5 1
           670.5 2
           671.5 2
             :
           675.5 1
           676.5 1
           677.5 3
             :
           683.5 1
           684.5 1
             :
           688.5 3
           689.5 2
             :
           692.5 2
             :
           694.5 1
             :
           696.5 1
           697.5 1
           698.5 1
           699.5 3
           700.5 1
           701.5 1
           702.5 1
             :
           704.5 1
             :
           706.5 1
           707.5 1
           708.5 1
             :
           713.5 1
           714.5 1
             :
           716.5 1
             :
           718.5 1
           719.5 2
           720.5 4
             :
           722.5 1
           723.5 3
           724.5 2
           725.5 2
           726.5 3
           727.5 1
             :
           729.5 3
           730.5 2
             :
           733.5 2
           734.5 1
             :
           736.5 1
           737.5 1
             :
           740.5 1
             :
           742.5 2
             :
           744.5 1
           745.5 1
           746.5 1
           747.5 3
             :
           749.5 1
             :
           751.5 4
           752.5 1
           753.5 1
           754.5 2
           755.5 1
           756.5 1
           757.5 2
           758.5 2
           759.5 1
             :
           761.5 2
             :
           769.5 2
           770.5 4
           771.5 1
           772.5 3
           773.5 1
           774.5 2
             :
           776.5 1
           777.5 1
           778.5 1
             :
           780.5 3
           781.5 2
           782.5 1
             :
           784.5 2
           785.5 1
           786.5 2
           787.5 1
           788.5 1
             :
           791.5 1
           792.5 2
           793.5 1
             :
           797.5 2
           798.5 1
           799.5 1
           800.5 2
             :
           805.5 2
             :
           808.5 3
           809.5 1
           810.5 1
           811.5 3
           812.5 1
             :
           814.5 4
             :
           817.5 1
           818.5 1
             :
           820.5 2
             :
           822.5 1
           823.5 2
             :
           827.5 2
           828.5 1
           829.5 1
           830.5 1
           831.5 3
           832.5 1
           833.5 2
           834.5 2
             :
           836.5 2
             :
           838.5 2
           839.5 2
           840.5 1
           841.5 1
           842.5 1
           843.5 2
             :
           845.5 1
           846.5 1
             :
           848.5 1
           849.5 2
           850.5 1
             :
           852.5 1
             :
           856.5 1
           857.5 1
           858.5 1
             :
           860.5 4
           861.5 1
             :
           863.5 1
             :
           865.5 1
             :
           867.5 1
             :
           871.5 1
           872.5 2
           873.5 1
             :
           876.5 1
           877.5 2
             :
           879.5 1
           880.5 1
             :
           882.5 1
             :
           885.5 1
           886.5 3
           887.5 1
           888.5 1
           889.5 1
           890.5 2
             :
           894.5 1
           895.5 1
           896.5 1
             :
           913.5 1
             :
           916.5 1
             :
           918.5 1
           919.5 1
             :
           921.5 1
             :
           927.5 1
             :
           929.5 3
           930.5 1
           931.5 1
             :
           933.5 1
             :
           936.5 1
             :
           940.5 1
           941.5 1
           942.5 1
             :
           950.5 1
           951.5 1
             :
           955.5 1
             :
           960.5 1
             :
           970.5 1
           971.5 1
             :
           974.5 1
           975.5 1
           976.5 1
             :
           979.5 1
             :
           986.5 1
             :
           992.5 1
           993.5 1
             :
           996.5 1
             :
           998.5 1
           999.5 2
          1000.5 1
             :
          1002.5 1
             :
          1004.5 1
             :
          1009.5 1
             :
          1011.5 1
          1012.5 1
          1013.5 1
             :
          1018.5 2
             :
          1021.5 1
          1022.5 1
             :
          1028.5 1
             :
          1035.5 1
             :
          1039.5 1
             :
          1042.5 1
             :
          1044.5 1
             :
          1050.5 2
             :
          1052.5 1
             :
          1059.5 1
             :
          1063.5 1
             :
          1068.5 1
             :
          1078.5 1
             :
          1086.5 1
             :
          1100.5 1
             :
          1106.5 1
             :
          1108.5 1
          1109.5 1
             :
          1113.5 3
             :
          1125.5 1
          1126.5 1
             :
          1129.5 1
             :
          1141.5 1
             :
          1147.5 1
             :
          1151.5 1
             :
          1163.5 1
             :
          1166.5 2
             :
          1183.5 1
             :
          1186.5 1
             :
          1209.5 1
             :
          1231.5 1
             :
          1239.5 1
             :
          1248.5 1
          1249.5 1
             :
          1251.5 1
             :
          1265.5 1
             :
          1271.5 1
             :
          1284.5 1
             :
          1290.5 1
             :
          1304.5 1
             :
          1317.5 1
          1318.5 1
             :
          1332.5 1
             :
          1336.5 1
          1337.5 1
          1338.5 1
             :
          1348.5 1
             :
          1351.5 1
             :
          1353.5 1
             :
          1356.5 1
             :
          1362.5 1
             :
          1371.5 1
             :
          1373.5 1
             :
          1392.5 1
             :
          1394.5 1
             :
          1399.5 1
          1400.5 1
             :
          1409.5 1
             :
          1417.5 1
             :
          1434.5 1
             :
          1444.5 1
          1445.5 1
             :
          1472.5 1
             :
          1474.5 1
             :
          1478.5 1
             :
          1493.5 1
             :
          1523.5 1
          1524.5 1
             :
          1528.5 1
          1529.5 1
             :
          1566.5 1
             :
          1568.5 1
             :
          1574.5 1
             :
          1590.5 1
             :
          1601.5 1
             :
          1613.5 1
             :
          1617.5 1
             :
          1621.5 1
             :
          1636.5 1
             :
          1642.5 1
             :
          1654.5 2
          1655.5 1
             :
          1663.5 1
             :
          1665.5 1
             :
          1676.5 1
             :
          1687.5 1
             :
          1693.5 1
             :
          1709.5 1
             :
          1734.5 1
             :
          1738.5 1
             :
          1748.5 1
             :
          1756.5 1
             :
          1758.5 1
             :
          1762.5 1
             :
          1764.5 1
             :
          1774.5 1
             :
          1791.5 1
             :
          1800.5 1
             :
          1837.5 1
             :
          1870.5 1
             :
          1879.5 2
             :
          1884.5 1
          1885.5 1
          1886.5 1
             :
          1890.5 2
             :
          1900.5 1
             :
          1917.5 1
             :
          1921.5 2
          1922.5 1
             :
          1934.5 1
             :
          1936.5 1
          1937.5 1
             :
          1945.5 1
             :
          1953.5 1
             :
          1970.5 1
             :
          1978.5 1
             :
          1987.5 1
             :
          1990.5 1
          1991.5 1
             :
          2004.5 1
             :
          2008.5 1
             :
          2010.5 2
             :
          2013.5 1
             :
          2018.5 1
          2019.5 1
          2020.5 2
             :
          2045.5 1
          2046.5 1
             :
          2053.5 1
             :
          2064.5 1
             :
          2069.5 1
             :
          2077.5 1
             :
          2082.5 1
             :
          2091.5 1
             :
          2117.5 1
             :
          2120.5 1
          2121.5 1
          2122.5 1
          2123.5 1
             :
          2133.5 1
             :
          2145.5 1
             :
          2153.5 1
             :
          2167.5 1
          2168.5 1
             :
          2192.5 1
             :
          2202.5 1
             :
          2230.5 1
             :
          2234.5 1
          2235.5 2
             :
          2241.5 1
             :
          2247.5 1
             :
          2262.5 1
             :
          2275.5 1
             :
          2291.5 1
             :
          2293.5 1
             :
          2307.5 1
             :
          2326.5 1
             :
          2328.5 1
             :
          2340.5 1
             :
          2350.5 1
             :
          2361.5 1
             :
          2364.5 1
          2365.5 1
             :
          2367.5 1
             :
          2374.5 1
             :
          2377.5 1
             :
          2379.5 1
             :
          2393.5 1
             :
          2401.5 1
             :
          2410.5 1
             :
          2413.5 1
             :
          2423.5 1
             :
          2431.5 1
             :
          2476.5 1
             :
          2503.5 1
             :
          2528.5 1
             :
          2530.5 1
             :
          2571.5 1
             :
          2577.5 1
          2578.5 1
             :
          2580.5 1
             :
          2586.5 1
             :
          2589.5 1
             :
          2601.5 1
             :
          2605.5 1
             :
          2616.5 1
             :
          2635.5 1
             :
          2698.5 1
             :
          2707.5 1
             :
          2731.5 1
             :
          2740.5 1
             :
          2749.5 1
             :
          2771.5 2
             :
          2780.5 1
             :
          2800.5 1
          2801.5 1
             :
          2803.5 1
             :
          2809.5 1
             :
          2812.5 1
             :
          2829.5 1
             :
          2843.5 1
             :
          2849.5 1
             :
          2871.5 1
             :
          2889.5 1
             :
          2891.5 1
             :
          2893.5 1
             :
          2911.5 1
             :
          2939.5 1
             :
          2942.5 1
             :
          2994.5 1
             :
          3001.5 1
          3002.5 1
             :
          3005.5 1
             :
          3022.5 1
             :
          3055.5 1
             :
          3098.5 1
             :
          3175.5 1
             :
          3195.5 1
             :
          3210.5 1
             :
          3331.5 1
             :
          3340.5 1
             :
          3406.5 1
             :
          3439.5 1
             :
          3498.5 1
             :
          3536.5 1
             :
          3545.5 1
             :
          3584.5 1
             :
          3620.5 1
             :
          3679.5 1
             :
          3687.5 1
             :
          3689.5 1
             :
          3921.5 1

Total: connections 2880 requests 2880 replies 2880 test-duration 119.977 s

Connection rate: 24.0 conn/s (41.7 ms/conn, <=59 concurrent connections)
Connection time [ms]: min 10.1 avg 292.5 max 3921.6 median 30.5 stddev 608.3
Connection time [ms]: connect 0.9
Connection length [replies/conn]: 1.000

Request rate: 24.0 req/s (41.7 ms/req)
Request size [B]: 67.0

Reply rate [replies/s]: min 14.0 avg 24.0 max 34.0 stddev 3.1 (119 samples)
Percentages of the replies served at a given rate:
   50%: 23
   66%: 23
   75%: 24
   80%: 24
   90%: 25
   95%: 31
   98%: 32
   99%: 33
  100%: 34

Reply time [ms]: response 275.9 transfer 15.6
Percentages of the requests served within a certain time (ms) :
   50%: 28
   66%: 50
   75%: 114
   80%: 476
   90%: 838
   95%: 1733
   98%: 2433
   99%: 2799
  100%: 3920

Reply size [B]: header 163.0 content 72.0 footer 1.0 (total 236.0)
Reply status: 1xx=0 2xx=2880 3xx=0 4xx=0 5xx=0

CPU time [s]: user 91.26 system 28.49 (user 76.1% system 23.7% total 99.8%)
Net I/O: 7.1 KB/s (0.1*10^6 bps)

Errors: total 0 client-timo 0 socket-timo 0 connrefused 0 connreset 0
Errors: fd-unavail 0 addrunavail 0 ftab-full 0 other 0

