httperf --verbose --hog --timeout=50 --client=0/1 --server=172.16.116.116 --port=8080 --uri=/ --rate=24 --send-buffer=4096 --recv-buffer=16384 --num-conns=2880 --num-calls=1
httperf: maximum number of open descriptors = 65535
Maximum connect burst length: 1

Connection lifetime histogram (time in ms):
             :
            10.5 60
            11.5 150
            12.5 129
            13.5 116
            14.5 106
            15.5 157
            16.5 148
            17.5 125
            18.5 97
            19.5 80
            20.5 68
            21.5 69
            22.5 59
            23.5 61
            24.5 48
            25.5 46
            26.5 44
            27.5 33
            28.5 21
            29.5 25
            30.5 29
            31.5 41
            32.5 19
            33.5 17
            34.5 21
            35.5 19
            36.5 13
            37.5 15
            38.5 11
            39.5 12
            40.5 16
            41.5 10
            42.5 15
            43.5 6
            44.5 11
            45.5 16
            46.5 10
            47.5 7
            48.5 11
            49.5 10
            50.5 5
            51.5 8
            52.5 2
            53.5 7
            54.5 7
            55.5 7
            56.5 7
            57.5 4
             :
            59.5 4
            60.5 1
            61.5 4
            62.5 6
            63.5 9
            64.5 5
            65.5 1
            66.5 5
            67.5 3
            68.5 5
            69.5 5
            70.5 2
            71.5 4
            72.5 4
            73.5 5
            74.5 3
            75.5 2
            76.5 5
            77.5 5
            78.5 3
            79.5 4
             :
            81.5 1
            82.5 4
            83.5 6
            84.5 1
            85.5 9
            86.5 4
            87.5 1
            88.5 3
            89.5 2
            90.5 7
            91.5 5
            92.5 9
            93.5 3
            94.5 4
            95.5 4
            96.5 4
            97.5 3
            98.5 8
            99.5 3
           100.5 4
           101.5 6
           102.5 3
           103.5 5
           104.5 2
           105.5 7
           106.5 4
           107.5 3
           108.5 3
           109.5 1
           110.5 4
           111.5 4
           112.5 4
           113.5 2
           114.5 6
           115.5 6
           116.5 5
           117.5 2
           118.5 4
           119.5 1
           120.5 6
           121.5 2
           122.5 5
           123.5 5
           124.5 3
           125.5 7
           126.5 7
           127.5 3
           128.5 1
           129.5 2
           130.5 1
           131.5 6
           132.5 2
           133.5 5
             :
           135.5 1
           136.5 3
           137.5 4
           138.5 2
           139.5 1
             :
           143.5 5
           144.5 1
           145.5 2
           146.5 1
           147.5 5
             :
           150.5 3
           151.5 2
           152.5 1
             :
           155.5 3
           156.5 1
           157.5 1
           158.5 1
           159.5 2
           160.5 3
           161.5 1
             :
           165.5 1
           166.5 1
           167.5 2
           168.5 2
             :
           170.5 1
             :
           172.5 2
           173.5 1
             :
           175.5 1
             :
           177.5 1
             :
           179.5 2
             :
           181.5 1
           182.5 1
             :
           184.5 1
             :
           186.5 3
             :
           189.5 1
           190.5 1
             :
           193.5 1
           194.5 1
             :
           196.5 1
           197.5 1
             :
           200.5 2
           201.5 1
             :
           203.5 1
             :
           207.5 1
             :
           216.5 1
             :
           219.5 1
             :
           225.5 2
             :
           231.5 1
           232.5 1
             :
           236.5 1
           237.5 1
           238.5 1
             :
           241.5 1
             :
           262.5 1
             :
           264.5 1
             :
           268.5 1
             :
           279.5 1
             :
           281.5 1
             :
           288.5 1
             :
           292.5 1
           293.5 1
             :
           298.5 1
             :
           306.5 1
             :
           311.5 1
             :
           315.5 1
             :
           321.5 1
             :
           326.5 1
             :
           336.5 2
           337.5 1
             :
           349.5 1
           350.5 1
             :
           367.5 1
             :
           371.5 2
             :
           378.5 1
             :
           389.5 1
             :
           394.5 1
             :
           405.5 1
             :
           409.5 2
           410.5 1
             :
           413.5 1
           414.5 1
             :
           421.5 1
             :
           454.5 1
             :
           460.5 1
             :
           468.5 1
             :
           479.5 1
             :
           488.5 1
             :
           496.5 1
             :
           511.5 1
             :
           515.5 1
             :
           521.5 2
             :
           528.5 1
             :
           539.5 2
           540.5 2
             :
           557.5 1
             :
           568.5 2
             :
           572.5 1
             :
           576.5 2
             :
           582.5 1
           583.5 1
             :
           585.5 1
           586.5 2
             :
           588.5 1
             :
           592.5 1
             :
           594.5 1
             :
           600.5 1
             :
           602.5 1
           603.5 1
           604.5 1
             :
           607.5 3
           608.5 1
             :
           613.5 1
             :
           615.5 1
             :
           623.5 2
             :
           625.5 1
             :
           628.5 1
           629.5 1
             :
           633.5 1
             :
           640.5 1
             :
           642.5 2
           643.5 2
             :
           646.5 1
           647.5 1
           648.5 1
             :
           655.5 1
           656.5 1
             :
           661.5 1
             :
           666.5 2
             :
           668.5 1
             :
           670.5 2
             :
           673.5 2
           674.5 1
           675.5 1
             :
           677.5 1
             :
           681.5 1
           682.5 1
           683.5 1
           684.5 1
           685.5 1
           686.5 2
             :
           691.5 2
           692.5 2
             :
           697.5 1
           698.5 1
           699.5 1
           700.5 1
           701.5 2
             :
           707.5 1
             :
           709.5 2
             :
           711.5 1
             :
           713.5 1
             :
           715.5 1
           716.5 1
             :
           718.5 1
             :
           720.5 1
             :
           722.5 1
           723.5 2
             :
           726.5 2
           727.5 2
             :
           729.5 2
             :
           732.5 1
             :
           736.5 1
           737.5 1
             :
           741.5 1
             :
           743.5 2
           744.5 1
           745.5 1
             :
           747.5 1
             :
           749.5 1
           750.5 1
             :
           754.5 1
           755.5 1
           756.5 2
           757.5 3
           758.5 2
           759.5 1
           760.5 1
             :
           762.5 1
           763.5 2
             :
           765.5 2
             :
           768.5 1
             :
           771.5 2
             :
           773.5 2
           774.5 1
           775.5 1
           776.5 1
             :
           778.5 1
           779.5 1
           780.5 2
           781.5 1
           782.5 2
           783.5 1
           784.5 1
             :
           786.5 1
           787.5 1
             :
           789.5 2
           790.5 2
           791.5 1
             :
           794.5 1
             :
           800.5 1
           801.5 1
             :
           803.5 1
             :
           805.5 2
           806.5 1
             :
           810.5 1
             :
           812.5 1
           813.5 1
             :
           815.5 1
             :
           818.5 1
             :
           821.5 1
           822.5 1
           823.5 1
           824.5 1
             :
           826.5 2
           827.5 1
           828.5 1
             :
           830.5 1
             :
           833.5 1
             :
           836.5 3
           837.5 1
           838.5 1
           839.5 1
             :
           841.5 1
             :
           845.5 2
             :
           849.5 1
             :
           852.5 1
           853.5 1
           854.5 1
             :
           856.5 1
             :
           859.5 1
             :
           861.5 3
             :
           866.5 2
             :
           868.5 1
             :
           871.5 1
           872.5 1
             :
           875.5 1
             :
           877.5 1
             :
           879.5 2
           880.5 1
           881.5 2
           882.5 2
             :
           892.5 1
             :
           895.5 1
             :
           897.5 1
           898.5 1
           899.5 1
           900.5 1
           901.5 2
             :
           907.5 1
           908.5 1
           909.5 1
             :
           913.5 1
             :
           917.5 1
             :
           919.5 1
             :
           922.5 1
           923.5 1
             :
           925.5 1
             :
           929.5 1
             :
           933.5 1
             :
           942.5 2
             :
           944.5 1
             :
           962.5 1
           963.5 1
             :
           968.5 3
             :
           978.5 1
           979.5 2
             :
           994.5 1
             :
           998.5 2
             :
          1002.5 1
             :
          1012.5 1
             :
          1014.5 1
             :
          1016.5 1
             :
          1021.5 1
          1022.5 1
          1023.5 1
             :
          1028.5 1
          1029.5 1
             :
          1031.5 1
             :
          1036.5 1
             :
          1044.5 1
             :
          1046.5 2
             :
          1049.5 1
             :
          1061.5 2
             :
          1069.5 1
             :
          1073.5 1
          1074.5 1
             :
          1092.5 1
             :
          1098.5 1
             :
          1110.5 1
             :
          1116.5 1
             :
          1121.5 1
             :
          1129.5 1
             :
          1138.5 1
             :
          1142.5 1
             :
          1170.5 1
             :
          1180.5 1
             :
          1183.5 1
             :
          1185.5 1
          1186.5 1
             :
          1200.5 1
          1201.5 1
             :
          1204.5 1
             :
          1212.5 1
             :
          1219.5 1
             :
          1236.5 1
             :
          1238.5 1
             :
          1269.5 1
             :
          1294.5 1
             :
          1303.5 1
             :
          1345.5 1
             :
          1350.5 1
             :
          1353.5 1
             :
          1355.5 1
             :
          1361.5 1
             :
          1368.5 1
             :
          1377.5 1
             :
          1379.5 1
             :
          1381.5 1
             :
          1417.5 1
             :
          1455.5 1
             :
          1457.5 1
             :
          1476.5 1
             :
          1491.5 1
             :
          1494.5 1
             :
          1496.5 1
             :
          1503.5 2
             :
          1509.5 1
             :
          1513.5 1
             :
          1517.5 1
             :
          1524.5 1
             :
          1534.5 1
             :
          1557.5 1
             :
          1561.5 1
             :
          1566.5 1
             :
          1585.5 1
             :
          1588.5 1
             :
          1604.5 1
          1605.5 1
             :
          1607.5 1
             :
          1624.5 1
             :
          1635.5 1
             :
          1643.5 1
             :
          1654.5 1
             :
          1656.5 1
             :
          1659.5 1
             :
          1677.5 1
             :
          1680.5 1
             :
          1693.5 1
             :
          1700.5 2
             :
          1710.5 1
             :
          1713.5 1
             :
          1726.5 1
             :
          1732.5 1
             :
          1736.5 1
             :
          1747.5 1
             :
          1749.5 1
             :
          1763.5 1
             :
          1805.5 1
             :
          1811.5 1
             :
          1818.5 1
             :
          1821.5 1
             :
          1850.5 2
             :
          1859.5 1
             :
          1867.5 1
          1868.5 1
             :
          1870.5 1
             :
          1880.5 1
             :
          1906.5 1
             :
          1908.5 2
             :
          1926.5 1
             :
          1935.5 1
             :
          1966.5 1
             :
          1969.5 1
             :
          1977.5 1
             :
          1986.5 1
             :
          1996.5 1
             :
          1998.5 1
             :
          2008.5 1
             :
          2022.5 1
             :
          2025.5 1
             :
          2027.5 1
          2028.5 1
             :
          2036.5 1
          2037.5 1
          2038.5 1
             :
          2047.5 1
             :
          2056.5 1
             :
          2063.5 1
             :
          2071.5 2
             :
          2089.5 1
             :
          2097.5 1
          2098.5 1
             :
          2118.5 1
             :
          2136.5 1
             :
          2151.5 1
             :
          2158.5 1
             :
          2164.5 1
          2165.5 1
             :
          2200.5 1
             :
          2202.5 1
             :
          2206.5 1
             :
          2215.5 1
             :
          2218.5 1
          2219.5 1
             :
          2232.5 1
             :
          2242.5 1
             :
          2252.5 1
             :
          2257.5 1
             :
          2269.5 1
             :
          2307.5 1
             :
          2318.5 1
             :
          2324.5 2
             :
          2335.5 2
             :
          2342.5 1
             :
          2352.5 1
             :
          2368.5 1
             :
          2373.5 1
             :
          2410.5 1
             :
          2429.5 1
             :
          2436.5 1
             :
          2454.5 1
             :
          2492.5 1
             :
          2495.5 1
             :
          2497.5 1
             :
          2500.5 1
             :
          2506.5 1
             :
          2523.5 1
             :
          2544.5 1
             :
          2566.5 1
             :
          2612.5 1
             :
          2617.5 1
             :
          2620.5 1
             :
          2624.5 1
             :
          2633.5 1
             :
          2641.5 1
             :
          2644.5 1
             :
          2655.5 1
             :
          2659.5 1
             :
          2715.5 1
             :
          2727.5 1
             :
          2744.5 1
             :
          2751.5 1
             :
          2760.5 1
             :
          2774.5 1
             :
          2783.5 1
             :
          2794.5 1
             :
          2807.5 1
          2808.5 1
             :
          2814.5 1
             :
          2847.5 1
          2848.5 1
             :
          2850.5 2
             :
          2876.5 1
          2877.5 1
             :
          2880.5 1
             :
          2922.5 1
          2923.5 1
             :
          2930.5 1
             :
          2932.5 1
             :
          2984.5 1
             :
          3011.5 1
             :
          3022.5 1
             :
          3084.5 1
             :
          3091.5 1
             :
          3095.5 1
             :
          3098.5 1
             :
          3148.5 1
             :
          3179.5 1
             :
          3282.5 1
             :
          3320.5 1
          3321.5 1
             :
          3333.5 1
             :
          3346.5 1
             :
          3366.5 1
             :
          3370.5 1
             :
          3394.5 1
             :
          3526.5 1
             :
          3548.5 1
             :
          3591.5 1
             :
          3638.5 1
             :
          3657.5 1
             :
          3666.5 1
             :
          3673.5 1
             :
          3675.5 1
             :
          3693.5 1
          3694.5 1
             :
          3858.5 1
             :
          3911.5 1

Total: connections 2880 requests 2880 replies 2880 test-duration 119.990 s

Connection rate: 24.0 conn/s (41.7 ms/conn, <=61 concurrent connections)
Connection time [ms]: min 10.2 avg 261.2 max 3911.4 median 24.5 stddev 607.6
Connection time [ms]: connect 0.8
Connection length [replies/conn]: 1.000

Request rate: 24.0 req/s (41.7 ms/req)
Request size [B]: 67.0

Reply rate [replies/s]: min 14.0 avg 24.0 max 41.0 stddev 3.2 (119 samples)
Percentages of the replies served at a given rate:
   50%: 23
   66%: 23
   75%: 24
   80%: 24
   90%: 25
   95%: 29
   98%: 32
   99%: 33
  100%: 41

Reply time [ms]: response 247.9 transfer 12.4
Percentages of the requests served within a certain time (ms) :
   50%: 21
   66%: 41
   75%: 91
   80%: 131
   90%: 789
   95%: 1653
   98%: 2514
   99%: 2929
  100%: 3850

Reply size [B]: header 163.0 content 72.0 footer 1.0 (total 236.0)
Reply status: 1xx=0 2xx=2880 3xx=0 4xx=0 5xx=0

CPU time [s]: user 90.64 system 29.12 (user 75.5% system 24.3% total 99.8%)
Net I/O: 7.1 KB/s (0.1*10^6 bps)

Errors: total 0 client-timo 0 socket-timo 0 connrefused 0 connreset 0
Errors: fd-unavail 0 addrunavail 0 ftab-full 0 other 0

