httperf --verbose --hog --timeout=50 --client=0/1 --server=172.16.116.116 --port=8080 --uri=/ --rate=16 --send-buffer=4096 --recv-buffer=16384 --num-conns=4800 --num-calls=1
httperf: maximum number of open descriptors = 65535
Maximum connect burst length: 1

Connection lifetime histogram (time in ms):
             :
           508.5 1
             :
           529.5 2
             :
           552.5 1
             :
           564.5 1
             :
           570.5 1
             :
           575.5 1
             :
           580.5 1
             :
           583.5 1
             :
           585.5 2
           586.5 1
             :
           588.5 1
             :
           590.5 1
             :
           593.5 1
           594.5 1
             :
           596.5 1
           597.5 1
             :
           602.5 1
           603.5 4
           604.5 1
           605.5 2
           606.5 1
             :
           608.5 2
           609.5 1
           610.5 1
           611.5 3
           612.5 1
           613.5 2
           614.5 2
           615.5 2
           616.5 5
           617.5 2
           618.5 2
           619.5 1
           620.5 3
           621.5 2
           622.5 1
           623.5 6
           624.5 4
           625.5 6
           626.5 5
           627.5 2
             :
           629.5 5
           630.5 1
           631.5 1
           632.5 3
           633.5 5
           634.5 2
             :
           636.5 3
           637.5 3
           638.5 6
           639.5 3
           640.5 2
           641.5 2
           642.5 1
           643.5 6
           644.5 4
           645.5 4
           646.5 4
           647.5 3
           648.5 3
           649.5 2
           650.5 3
           651.5 5
           652.5 4
           653.5 6
             :
           655.5 3
           656.5 3
           657.5 2
           658.5 5
           659.5 4
           660.5 5
             :
           662.5 3
           663.5 4
           664.5 2
           665.5 4
             :
           667.5 3
           668.5 2
           669.5 3
           670.5 3
           671.5 6
           672.5 2
           673.5 1
           674.5 1
           675.5 2
           676.5 1
           677.5 5
           678.5 2
           679.5 2
           680.5 4
           681.5 3
           682.5 4
           683.5 2
           684.5 7
           685.5 6
           686.5 2
           687.5 4
           688.5 4
           689.5 4
           690.5 1
           691.5 2
           692.5 2
           693.5 5
           694.5 2
           695.5 4
             :
           697.5 3
           698.5 8
           699.5 3
           700.5 2
           701.5 3
           702.5 3
           703.5 2
           704.5 4
           705.5 3
           706.5 3
           707.5 5
           708.5 4
           709.5 4
           710.5 1
           711.5 4
           712.5 3
           713.5 1
           714.5 3
           715.5 4
           716.5 3
           717.5 3
           718.5 1
           719.5 7
           720.5 5
           721.5 6
           722.5 7
           723.5 5
           724.5 3
           725.5 4
           726.5 10
           727.5 5
           728.5 4
           729.5 5
           730.5 3
           731.5 9
           732.5 6
           733.5 7
           734.5 5
           735.5 7
           736.5 8
           737.5 8
           738.5 4
           739.5 5
           740.5 7
           741.5 10
           742.5 6
           743.5 9
           744.5 5
           745.5 4
           746.5 5
           747.5 9
           748.5 4
           749.5 5
           750.5 5
           751.5 6
           752.5 8
           753.5 4
           754.5 9
           755.5 14
           756.5 7
           757.5 10
           758.5 10
           759.5 9
           760.5 10
           761.5 7
           762.5 11
           763.5 8
           764.5 6
           765.5 6
           766.5 9
           767.5 8
           768.5 6
           769.5 14
           770.5 10
           771.5 13
           772.5 10
           773.5 5
           774.5 15
           775.5 11
           776.5 10
           777.5 6
           778.5 8
           779.5 8
           780.5 17
           781.5 10
           782.5 13
           783.5 5
           784.5 16
           785.5 12
           786.5 9
           787.5 11
           788.5 10
           789.5 15
           790.5 12
           791.5 10
           792.5 11
           793.5 19
           794.5 13
           795.5 11
           796.5 9
           797.5 12
           798.5 15
           799.5 16
           800.5 14
           801.5 12
           802.5 18
           803.5 20
           804.5 13
           805.5 17
           806.5 12
           807.5 16
           808.5 9
           809.5 14
           810.5 12
           811.5 10
           812.5 16
           813.5 14
           814.5 17
           815.5 13
           816.5 19
           817.5 11
           818.5 6
           819.5 17
           820.5 19
           821.5 18
           822.5 11
           823.5 25
           824.5 15
           825.5 18
           826.5 20
           827.5 20
           828.5 14
           829.5 20
           830.5 26
           831.5 17
           832.5 16
           833.5 17
           834.5 14
           835.5 10
           836.5 19
           837.5 12
           838.5 16
           839.5 25
           840.5 14
           841.5 15
           842.5 17
           843.5 10
           844.5 25
           845.5 15
           846.5 17
           847.5 14
           848.5 17
           849.5 20
           850.5 19
           851.5 15
           852.5 19
           853.5 14
           854.5 15
           855.5 13
           856.5 19
           857.5 15
           858.5 20
           859.5 22
           860.5 19
           861.5 14
           862.5 15
           863.5 18
           864.5 23
           865.5 22
           866.5 17
           867.5 20
           868.5 16
           869.5 15
           870.5 16
           871.5 16
           872.5 12
           873.5 14
           874.5 20
           875.5 11
           876.5 8
           877.5 14
           878.5 22
           879.5 27
           880.5 17
           881.5 13
           882.5 17
           883.5 22
           884.5 21
           885.5 25
           886.5 14
           887.5 18
           888.5 24
           889.5 19
           890.5 19
           891.5 6
           892.5 19
           893.5 22
           894.5 14
           895.5 22
           896.5 12
           897.5 12
           898.5 12
           899.5 22
           900.5 18
           901.5 10
           902.5 15
           903.5 12
           904.5 21
           905.5 11
           906.5 14
           907.5 18
           908.5 13
           909.5 19
           910.5 11
           911.5 18
           912.5 25
           913.5 10
           914.5 18
           915.5 13
           916.5 10
           917.5 22
           918.5 16
           919.5 14
           920.5 13
           921.5 16
           922.5 19
           923.5 18
           924.5 9
           925.5 8
           926.5 16
           927.5 8
           928.5 11
           929.5 15
           930.5 18
           931.5 16
           932.5 12
           933.5 9
           934.5 16
           935.5 11
           936.5 16
           937.5 9
           938.5 9
           939.5 13
           940.5 15
           941.5 13
           942.5 7
           943.5 16
           944.5 11
           945.5 13
           946.5 18
           947.5 12
           948.5 11
           949.5 11
           950.5 11
           951.5 14
           952.5 11
           953.5 12
           954.5 9
           955.5 8
           956.5 12
           957.5 11
           958.5 11
           959.5 8
           960.5 13
           961.5 10
           962.5 5
           963.5 11
           964.5 9
           965.5 16
           966.5 12
           967.5 10
           968.5 14
           969.5 17
           970.5 10
           971.5 17
           972.5 6
           973.5 10
           974.5 5
           975.5 8
           976.5 10
           977.5 6
           978.5 6
           979.5 9
           980.5 9
           981.5 4
           982.5 11
           983.5 8
           984.5 22
           985.5 9
           986.5 6
           987.5 9
           988.5 4
           989.5 13
           990.5 11
           991.5 12
           992.5 5
           993.5 9
           994.5 4
           995.5 6
           996.5 6
           997.5 8
           998.5 8
           999.5 16
          1000.5 11
          1001.5 9
          1002.5 9
          1003.5 8
          1004.5 8
          1005.5 9
          1006.5 13
          1007.5 7
          1008.5 8
          1009.5 12
          1010.5 9
          1011.5 13
          1012.5 7
          1013.5 8
          1014.5 7
          1015.5 5
          1016.5 10
          1017.5 9
          1018.5 8
          1019.5 4
          1020.5 7
          1021.5 10
          1022.5 9
          1023.5 6
          1024.5 7
          1025.5 7
          1026.5 4
          1027.5 4
          1028.5 6
          1029.5 12
          1030.5 5
          1031.5 10
          1032.5 4
          1033.5 6
          1034.5 9
          1035.5 7
          1036.5 7
          1037.5 8
          1038.5 4
          1039.5 8
          1040.5 5
          1041.5 6
          1042.5 10
          1043.5 4
          1044.5 7
          1045.5 5
          1046.5 9
          1047.5 9
          1048.5 2
          1049.5 7
          1050.5 5
          1051.5 9
          1052.5 5
          1053.5 4
          1054.5 8
          1055.5 8
          1056.5 4
          1057.5 6
          1058.5 4
          1059.5 7
          1060.5 4
          1061.5 5
          1062.5 7
          1063.5 9
          1064.5 8
          1065.5 9
          1066.5 6
          1067.5 4
          1068.5 6
          1069.5 8
          1070.5 7
          1071.5 11
          1072.5 7
          1073.5 4
          1074.5 2
          1075.5 3
          1076.5 3
          1077.5 7
          1078.5 10
          1079.5 5
          1080.5 5
          1081.5 7
             :
          1083.5 1
          1084.5 4
          1085.5 5
          1086.5 3
          1087.5 4
          1088.5 2
             :
          1090.5 5
          1091.5 4
          1092.5 7
          1093.5 2
          1094.5 5
          1095.5 8
          1096.5 3
          1097.5 7
          1098.5 3
          1099.5 3
          1100.5 1
          1101.5 3
          1102.5 4
          1103.5 1
          1104.5 7
          1105.5 7
          1106.5 4
          1107.5 5
          1108.5 3
          1109.5 10
          1110.5 4
          1111.5 3
          1112.5 4
          1113.5 5
             :
          1115.5 2
          1116.5 5
          1117.5 4
          1118.5 2
          1119.5 4
          1120.5 3
          1121.5 3
          1122.5 3
          1123.5 1
          1124.5 3
          1125.5 5
          1126.5 5
          1127.5 2
          1128.5 1
          1129.5 4
          1130.5 4
          1131.5 2
          1132.5 2
          1133.5 4
          1134.5 7
          1135.5 4
          1136.5 3
          1137.5 2
          1138.5 4
          1139.5 2
          1140.5 5
          1141.5 2
          1142.5 4
          1143.5 2
          1144.5 2
          1145.5 3
          1146.5 2
          1147.5 3
          1148.5 2
          1149.5 3
          1150.5 3
          1151.5 2
          1152.5 2
             :
          1155.5 1
             :
          1158.5 1
             :
          1160.5 1
             :
          1162.5 2
             :
          1164.5 1
             :
          1166.5 3
          1167.5 2
          1168.5 1
          1169.5 2
          1170.5 4
          1171.5 2
             :
          1173.5 3
          1174.5 1
          1175.5 2
          1176.5 1
          1177.5 1
          1178.5 1
          1179.5 1
             :
          1182.5 1
          1183.5 2
          1184.5 1
             :
          1188.5 2
          1189.5 1
          1190.5 2
             :
          1192.5 1
             :
          1197.5 1
          1198.5 1
             :
          1201.5 1
          1202.5 3
             :
          1204.5 1
          1205.5 1
          1206.5 1
             :
          1212.5 1
             :
          1214.5 1
          1215.5 1
             :
          1217.5 1
             :
          1223.5 3
             :
          1225.5 1
             :
          1232.5 2
             :
          1236.5 1
             :
          1239.5 1
             :
          1243.5 1
             :
          1245.5 1
             :
          1250.5 2
             :
          1257.5 1
          1258.5 1
             :
          1263.5 1
          1264.5 2
             :
          1267.5 1
             :
          1273.5 1
             :
          1282.5 2
             :
          1286.5 1
             :
          1293.5 1
             :
          1296.5 1
             :
          1299.5 1
          1300.5 1
             :
          1306.5 1
             :
          1313.5 3
             :
          1325.5 1
             :
          1329.5 1
             :
          1388.5 1
             :
          1477.5 1

Total: connections 4800 requests 4800 replies 4800 test-duration 300.868 s

Connection rate: 16.0 conn/s (62.7 ms/conn, <=18 concurrent connections)
Connection time [ms]: min 508.8 avg 890.2 max 1477.4 median 882.5 stddev 124.1
Connection time [ms]: connect 0.9
Connection length [replies/conn]: 1.000

Request rate: 16.0 req/s (62.7 ms/req)
Request size [B]: 67.0

Reply rate [replies/s]: min 3.0 avg 15.9 max 20.0 stddev 1.6 (300 samples)
Percentages of the replies served at a given rate:
   50%: 15
   66%: 16
   75%: 16
   80%: 16
   90%: 17
   95%: 17
   98%: 18
   99%: 18
  100%: 20

Reply time [ms]: response 798.0 transfer 91.2
Percentages of the requests served within a certain time (ms) :
   50%: 803
   66%: 864
   75%: 897
   80%: 916
   90%: 970
   95%: 1028
   98%: 1091
   99%: 1123
  100%: 1387

Reply size [B]: header 163.0 content 72.0 footer 2.0 (total 237.0)
Reply status: 1xx=0 2xx=4800 3xx=0 4xx=0 5xx=0

CPU time [s]: user 200.65 system 99.69 (user 66.7% system 33.1% total 99.8%)
Net I/O: 4.7 KB/s (0.0*10^6 bps)

Errors: total 0 client-timo 0 socket-timo 0 connrefused 0 connreset 0
Errors: fd-unavail 0 addrunavail 0 ftab-full 0 other 0

