httperf --verbose --hog --timeout=3 --client=0/1 --server=172.17.60.201 --port=80 --uri=/ --rate=8 --send-buffer=4096 --recv-buffer=16384 --num-conns=500 --num-calls=1
httperf: maximum number of open descriptors = 4096
Maximum connect burst length: 1

Connection lifetime histogram (time in ms):
             :
             7.5 54
             8.5 56
             9.5 54
            10.5 99
            11.5 57
            12.5 32
            13.5 18
            14.5 41
            15.5 38
            16.5 11
            17.5 8
            18.5 6
            19.5 4
            20.5 4
            21.5 1
            22.5 3
            23.5 4
            24.5 4
            25.5 2

Total: connections 500 requests 500 replies 496 test-duration 64.629 s

Connection rate: 7.7 conn/s (129.3 ms/conn, <=2 concurrent connections)
Connection time [ms]: min 7.1 avg 11.8 max 25.2 median 10.5 stddev 3.5
Connection time [ms]: connect 1.1
Connection length [replies/conn]: 1.000

Request rate: 7.7 req/s (129.3 ms/req)
Request size [B]: 66.0

Reply rate [replies/s]: min 0.0 avg 7.7 max 8.0 stddev 1.1 (64 samples)
Percentages of the replies served at a given rate:
   50%: 7
   66%: 7
   75%: 7
   80%: 7
   90%: 7
   95%: 7
   98%: 7
   99%: 7
  100%: 8

Reply time [ms]: response 10.4 transfer 0.1
Percentages of the requests served within a certain time (ms) :
   50%: 9
   66%: 10
   75%: 11
   80%: 13
   90%: 14
   95%: 15
   98%: 19
   99%: 22
  100%: 23

Reply size [B]: header 167.0 content 59.0 footer 0.0 (total 226.0)
Reply status: 1xx=0 2xx=496 3xx=0 4xx=0 5xx=0

CPU time [s]: user 40.28 system 24.27 (user 62.3% system 37.5% total 99.9%)
Net I/O: 2.2 KB/s (0.0*10^6 bps)

Errors: total 4 client-timo 4 socket-timo 0 connrefused 0 connreset 0
Errors: fd-unavail 0 addrunavail 0 ftab-full 0 other 0

