httperf --verbose --hog --timeout=50 --client=0/1 --server=172.16.116.116 --port=8080 --uri=/ --rate=16 --send-buffer=4096 --recv-buffer=16384 --num-conns=2880 --num-calls=1
httperf: maximum number of open descriptors = 65535
Maximum connect burst length: 1

Connection lifetime histogram (time in ms):
             :
            10.5 213
            11.5 608
            12.5 286
            13.5 249
            14.5 203
            15.5 256
            16.5 326
            17.5 220
            18.5 142
            19.5 77
            20.5 50
            21.5 30
            22.5 26
            23.5 23
            24.5 8
            25.5 7
            26.5 9
            27.5 7
            28.5 7
            29.5 6
            30.5 4
            31.5 2
             :
            33.5 1
            34.5 2
            35.5 1
             :
            37.5 1
             :
            43.5 1
             :
            46.5 1
             :
            57.5 2
            58.5 1
             :
            61.5 1
             :
            69.5 1
             :
            86.5 1
             :
            90.5 1
             :
            92.5 1
            93.5 1
             :
            95.5 1
             :
            97.5 1
             :
           105.5 1
           106.5 1
             :
           109.5 1
           110.5 1
             :
           114.5 1
           115.5 1
             :
           117.5 1
             :
           119.5 1
           120.5 1
             :
           122.5 1
             :
           128.5 2
             :
           133.5 2
             :
           138.5 1
             :
           142.5 1
             :
           147.5 2
             :
           149.5 2
           150.5 1
             :
           152.5 1
             :
           158.5 1
             :
           160.5 1
             :
           162.5 1
             :
           168.5 1
           169.5 1
           170.5 1
             :
           176.5 1
           177.5 2
           178.5 2
           179.5 1
           180.5 1
             :
           188.5 1
             :
           195.5 1
             :
           197.5 1
             :
           202.5 1
           203.5 3
             :
           207.5 1
             :
           209.5 1
             :
           211.5 1
             :
           216.5 2
           217.5 1
             :
           219.5 1
           220.5 3
           221.5 3
           222.5 2
           223.5 1
           224.5 1
             :
           226.5 2
             :
           228.5 2
           229.5 3
             :
           231.5 1
             :
           234.5 1
           235.5 1
             :
           237.5 2
             :
           242.5 1
           243.5 1
           244.5 1
             :
           246.5 1
           247.5 1
           248.5 1
             :
           254.5 1
           255.5 2
           256.5 1
           257.5 1
             :
           262.5 1
           263.5 1
             :
           269.5 1
             :
           273.5 1
           274.5 1
             :
           276.5 1
             :
           282.5 1
             :
           286.5 1
             :
           288.5 2
             :
           293.5 1
             :
           296.5 1
             :
           302.5 1
             :
           307.5 1
           308.5 1
             :
           314.5 1
             :
           325.5 1
             :
           332.5 1
             :
           343.5 1
             :
           346.5 1
             :
           383.5 1

Total: connections 2880 requests 2880 replies 2880 test-duration 179.951 s

Connection rate: 16.0 conn/s (62.5 ms/conn, <=2 concurrent connections)
Connection time [ms]: min 10.1 avg 22.1 max 383.1 median 14.5 stddev 39.1
Connection time [ms]: connect 0.7
Connection length [replies/conn]: 1.000

Request rate: 16.0 req/s (62.5 ms/req)
Request size [B]: 67.0

Reply rate [replies/s]: min 15.0 avg 16.0 max 17.0 stddev 0.4 (179 samples)
Percentages of the replies served at a given rate:
   50%: 15
   66%: 15
   75%: 15
   80%: 15
   90%: 15
   95%: 16
   98%: 16
   99%: 16
  100%: 17

Reply time [ms]: response 20.2 transfer 1.1
Percentages of the requests served within a certain time (ms) :
   50%: 12
   66%: 14
   75%: 15
   80%: 16
   90%: 18
   95%: 24
   98%: 177
   99%: 227
  100%: 382

Reply size [B]: header 162.0 content 72.0 footer 1.0 (total 235.0)
Reply status: 1xx=0 2xx=2880 3xx=0 4xx=0 5xx=0

CPU time [s]: user 148.76 system 30.86 (user 82.7% system 17.2% total 99.8%)
Net I/O: 4.7 KB/s (0.0*10^6 bps)

Errors: total 0 client-timo 0 socket-timo 0 connrefused 0 connreset 0
Errors: fd-unavail 0 addrunavail 0 ftab-full 0 other 0

