httperf --verbose --hog --timeout=50 --client=0/1 --server=172.16.116.116 --port=8080 --uri=/ --rate=24 --send-buffer=4096 --recv-buffer=16384 --num-conns=14400 --num-calls=1
httperf: maximum number of open descriptors = 65535
Maximum connect burst length: 1

Connection lifetime histogram (time in ms):
             :
            10.5 137
            11.5 310
            12.5 235
            13.5 404
            14.5 612
            15.5 596
            16.5 595
            17.5 465
            18.5 443
            19.5 444
            20.5 483
            21.5 524
            22.5 519
            23.5 449
            24.5 379
            25.5 290
            26.5 247
            27.5 208
            28.5 191
            29.5 129
            30.5 117
            31.5 91
            32.5 82
            33.5 70
            34.5 60
            35.5 52
            36.5 47
            37.5 31
            38.5 30
            39.5 26
            40.5 9
            41.5 13
            42.5 13
            43.5 9
            44.5 18
            45.5 16
            46.5 17
            47.5 13
            48.5 13
            49.5 10
            50.5 10
            51.5 7
            52.5 11
            53.5 6
            54.5 8
            55.5 14
            56.5 9
            57.5 6
            58.5 13
            59.5 11
            60.5 20
            61.5 14
            62.5 12
            63.5 12
            64.5 12
            65.5 12
            66.5 21
            67.5 14
            68.5 16
            69.5 22
            70.5 18
            71.5 16
            72.5 17
            73.5 21
            74.5 15
            75.5 25
            76.5 19
            77.5 21
            78.5 24
            79.5 21
            80.5 28
            81.5 19
            82.5 22
            83.5 16
            84.5 19
            85.5 33
            86.5 26
            87.5 24
            88.5 16
            89.5 21
            90.5 19
            91.5 26
            92.5 20
            93.5 22
            94.5 28
            95.5 16
            96.5 28
            97.5 21
            98.5 15
            99.5 19
           100.5 28
           101.5 21
           102.5 15
           103.5 23
           104.5 19
           105.5 20
           106.5 18
           107.5 20
           108.5 23
           109.5 24
           110.5 17
           111.5 25
           112.5 25
           113.5 29
           114.5 18
           115.5 17
           116.5 24
           117.5 18
           118.5 13
           119.5 22
           120.5 25
           121.5 20
           122.5 15
           123.5 11
           124.5 15
           125.5 19
           126.5 14
           127.5 18
           128.5 17
           129.5 16
           130.5 17
           131.5 20
           132.5 16
           133.5 18
           134.5 16
           135.5 11
           136.5 9
           137.5 19
           138.5 17
           139.5 7
           140.5 5
           141.5 12
           142.5 13
           143.5 8
           144.5 9
           145.5 11
           146.5 14
           147.5 14
           148.5 6
           149.5 10
           150.5 8
           151.5 8
           152.5 12
           153.5 6
           154.5 12
           155.5 8
           156.5 9
           157.5 5
           158.5 9
           159.5 8
           160.5 8
           161.5 10
           162.5 7
           163.5 6
           164.5 18
           165.5 4
           166.5 4
           167.5 4
           168.5 11
           169.5 4
           170.5 7
           171.5 7
           172.5 4
           173.5 3
           174.5 1
           175.5 1
           176.5 2
           177.5 3
           178.5 4
           179.5 3
           180.5 3
           181.5 3
           182.5 5
           183.5 4
           184.5 7
           185.5 1
           186.5 1
           187.5 5
           188.5 4
           189.5 3
           190.5 2
           191.5 1
           192.5 2
           193.5 5
           194.5 3
           195.5 3
           196.5 1
             :
           198.5 4
           199.5 1
           200.5 2
           201.5 3
             :
           203.5 1
             :
           205.5 2
           206.5 1
           207.5 2
           208.5 2
           209.5 3
           210.5 1
           211.5 2
           212.5 1
           213.5 3
           214.5 3
             :
           216.5 1
             :
           218.5 1
           219.5 1
           220.5 2
             :
           222.5 2
             :
           226.5 2
           227.5 3
             :
           230.5 1
             :
           232.5 2
             :
           234.5 1
             :
           236.5 1
           237.5 1
           238.5 1
           239.5 2
             :
           241.5 2
           242.5 3
             :
           245.5 1
           246.5 1
             :
           248.5 1
           249.5 2
           250.5 2
             :
           252.5 1
           253.5 2
           254.5 3
           255.5 1
           256.5 1
           257.5 1
           258.5 2
           259.5 1
             :
           262.5 2
             :
           264.5 2
             :
           267.5 3
           268.5 1
           269.5 1
           270.5 1
             :
           273.5 3
           274.5 1
             :
           276.5 1
             :
           278.5 1
             :
           280.5 2
           281.5 1
           282.5 1
           283.5 1
             :
           285.5 2
           286.5 2
             :
           289.5 2
           290.5 1
           291.5 1
           292.5 1
             :
           294.5 1
             :
           296.5 1
             :
           298.5 4
           299.5 1
           300.5 1
           301.5 2
             :
           303.5 1
             :
           309.5 1
             :
           313.5 1
             :
           315.5 1
             :
           317.5 2
             :
           319.5 1
           320.5 2
             :
           322.5 2
           323.5 1
           324.5 2
             :
           326.5 1
           327.5 1
             :
           329.5 2
             :
           331.5 1
             :
           334.5 2
             :
           336.5 1
           337.5 1
             :
           341.5 1
             :
           345.5 1
           346.5 3
           347.5 1
             :
           349.5 1
           350.5 3
             :
           354.5 2
             :
           358.5 1
           359.5 2
             :
           361.5 1
           362.5 1
             :
           368.5 1
             :
           370.5 2
           371.5 2
             :
           375.5 2
             :
           378.5 1
           379.5 1
             :
           383.5 1
           384.5 2
           385.5 2
           386.5 1
             :
           388.5 3
             :
           391.5 1
           392.5 1
             :
           394.5 2
             :
           397.5 2
             :
           399.5 1
             :
           402.5 1
             :
           406.5 1
           407.5 3
           408.5 1
           409.5 1
             :
           411.5 1
           412.5 2
           413.5 2
             :
           415.5 3
           416.5 1
             :
           418.5 1
           419.5 3
           420.5 1
             :
           424.5 1
           425.5 2
             :
           427.5 1
           428.5 1
           429.5 1
           430.5 1
             :
           432.5 2
           433.5 2
             :
           435.5 1
           436.5 1
             :
           438.5 1
           439.5 1
             :
           441.5 2
           442.5 1
           443.5 2
             :
           445.5 1
             :
           448.5 2
           449.5 1
           450.5 1
             :
           452.5 2
           453.5 1
           454.5 1
           455.5 1
           456.5 2
             :
           458.5 1
             :
           461.5 2
           462.5 2
           463.5 1
             :
           465.5 1
           466.5 1
           467.5 1
           468.5 2
           469.5 1
             :
           471.5 2
           472.5 2
           473.5 3
             :
           475.5 1
             :
           477.5 1
             :
           479.5 1
             :
           481.5 1
             :
           483.5 5
           484.5 2
           485.5 1
           486.5 2
             :
           489.5 2
           490.5 3
           491.5 1
           492.5 4
           493.5 2
           494.5 1
             :
           496.5 2
           497.5 2
           498.5 1
           499.5 1
           500.5 2
           501.5 3
           502.5 1
           503.5 3
           504.5 1
           505.5 3
           506.5 2
           507.5 1
           508.5 2
           509.5 3
           510.5 1
           511.5 2
             :
           513.5 2
           514.5 3
           515.5 1
           516.5 1
           517.5 2
           518.5 1
           519.5 2
           520.5 2
           521.5 1
           522.5 3
           523.5 2
           524.5 3
           525.5 4
           526.5 2
           527.5 3
           528.5 3
           529.5 3
             :
           531.5 2
           532.5 2
           533.5 3
             :
           535.5 4
           536.5 1
           537.5 1
           538.5 2
           539.5 4
           540.5 2
           541.5 1
           542.5 4
           543.5 3
           544.5 2
             :
           547.5 3
           548.5 1
           549.5 4
           550.5 1
           551.5 5
             :
           553.5 2
             :
           555.5 4
           556.5 1
           557.5 2
           558.5 1
           559.5 4
           560.5 4
           561.5 1
           562.5 1
           563.5 1
           564.5 1
             :
           566.5 3
           567.5 5
           568.5 1
           569.5 3
           570.5 3
           571.5 1
           572.5 1
           573.5 3
           574.5 3
           575.5 3
           576.5 2
           577.5 2
           578.5 1
           579.5 1
           580.5 6
           581.5 6
             :
           583.5 7
           584.5 2
           585.5 1
           586.5 5
           587.5 1
           588.5 6
           589.5 6
           590.5 3
           591.5 1
           592.5 3
           593.5 6
           594.5 4
           595.5 2
           596.5 4
           597.5 4
           598.5 3
           599.5 6
           600.5 3
           601.5 5
           602.5 5
           603.5 3
           604.5 6
           605.5 2
           606.5 4
           607.5 8
           608.5 1
           609.5 3
           610.5 4
           611.5 5
           612.5 7
           613.5 2
           614.5 5
           615.5 3
           616.5 4
           617.5 4
           618.5 4
           619.5 3
           620.5 2
           621.5 6
           622.5 1
           623.5 4
           624.5 3
           625.5 4
           626.5 3
           627.5 2
           628.5 1
           629.5 2
           630.5 6
           631.5 2
           632.5 3
           633.5 5
           634.5 1
           635.5 2
           636.5 3
             :
           638.5 4
           639.5 4
             :
           641.5 6
           642.5 4
           643.5 5
           644.5 3
           645.5 2
           646.5 2
           647.5 6
           648.5 8
           649.5 5
           650.5 4
           651.5 8
           652.5 4
           653.5 6
           654.5 5
           655.5 6
           656.5 5
           657.5 4
           658.5 5
           659.5 3
           660.5 5
           661.5 8
           662.5 5
           663.5 6
           664.5 5
           665.5 6
           666.5 4
           667.5 10
           668.5 5
           669.5 7
           670.5 4
           671.5 6
           672.5 5
           673.5 5
           674.5 7
           675.5 3
           676.5 7
           677.5 12
           678.5 11
           679.5 6
           680.5 11
           681.5 4
           682.5 5
           683.5 4
           684.5 3
           685.5 2
           686.5 5
           687.5 13
           688.5 5
           689.5 9
           690.5 11
           691.5 3
           692.5 8
           693.5 3
           694.5 5
           695.5 6
           696.5 4
           697.5 12
           698.5 7
           699.5 4
           700.5 1
           701.5 3
           702.5 2
           703.5 6
           704.5 6
           705.5 3
           706.5 3
           707.5 4
           708.5 8
           709.5 1
           710.5 4
           711.5 7
           712.5 10
           713.5 4
           714.5 5
           715.5 4
           716.5 5
           717.5 5
           718.5 11
           719.5 8
           720.5 5
           721.5 11
           722.5 4
           723.5 8
           724.5 10
           725.5 9
           726.5 7
           727.5 4
           728.5 6
           729.5 8
           730.5 7
           731.5 10
           732.5 6
           733.5 6
           734.5 4
           735.5 4
           736.5 3
           737.5 9
           738.5 10
           739.5 8
           740.5 11
           741.5 13
           742.5 10
           743.5 4
           744.5 9
           745.5 6
           746.5 11
           747.5 5
           748.5 7
           749.5 8
           750.5 7
           751.5 6
           752.5 8
           753.5 11
           754.5 3
           755.5 9
           756.5 7
           757.5 10
           758.5 8
           759.5 4
           760.5 5
           761.5 3
           762.5 6
           763.5 7
           764.5 9
           765.5 10
           766.5 3
           767.5 6
           768.5 6
           769.5 5
           770.5 6
           771.5 5
           772.5 3
           773.5 4
           774.5 12
           775.5 5
           776.5 9
           777.5 6
           778.5 7
           779.5 7
           780.5 8
           781.5 8
           782.5 4
           783.5 6
           784.5 6
           785.5 11
           786.5 7
           787.5 8
           788.5 4
           789.5 5
           790.5 5
           791.5 4
           792.5 8
           793.5 6
           794.5 3
           795.5 6
           796.5 2
           797.5 4
           798.5 6
           799.5 10
           800.5 11
           801.5 7
           802.5 9
           803.5 5
           804.5 5
           805.5 4
           806.5 8
           807.5 4
           808.5 7
           809.5 7
           810.5 5
           811.5 4
           812.5 9
           813.5 12
           814.5 4
           815.5 6
           816.5 6
           817.5 10
           818.5 10
           819.5 6
           820.5 7
           821.5 3
           822.5 9
           823.5 6
           824.5 5
           825.5 6
           826.5 7
           827.5 5
           828.5 7
           829.5 5
           830.5 4
           831.5 8
           832.5 3
           833.5 2
           834.5 6
           835.5 6
           836.5 4
           837.5 2
           838.5 8
           839.5 9
           840.5 8
           841.5 4
           842.5 6
           843.5 1
           844.5 4
           845.5 1
           846.5 4
           847.5 2
           848.5 6
           849.5 6
           850.5 3
           851.5 8
           852.5 3
           853.5 2
           854.5 5
           855.5 6
           856.5 4
           857.5 11
           858.5 2
           859.5 5
           860.5 6
           861.5 6
           862.5 10
           863.5 5
           864.5 8
           865.5 4
           866.5 6
           867.5 6
           868.5 3
           869.5 4
           870.5 4
           871.5 7
           872.5 2
           873.5 2
           874.5 4
           875.5 4
           876.5 4
           877.5 6
           878.5 3
           879.5 7
           880.5 5
           881.5 9
           882.5 3
           883.5 5
           884.5 6
           885.5 3
           886.5 3
           887.5 5
           888.5 2
           889.5 6
           890.5 9
           891.5 3
           892.5 4
           893.5 5
           894.5 4
           895.5 5
           896.5 3
           897.5 4
           898.5 5
           899.5 7
           900.5 5
           901.5 8
           902.5 9
           903.5 4
           904.5 8
           905.5 6
           906.5 1
           907.5 5
           908.5 2
           909.5 4
           910.5 2
           911.5 2
           912.5 3
           913.5 8
           914.5 3
           915.5 2
           916.5 3
           917.5 2
           918.5 2
           919.5 4
           920.5 3
           921.5 5
           922.5 1
           923.5 4
             :
           925.5 6
           926.5 2
           927.5 4
           928.5 2
           929.5 4
           930.5 6
           931.5 5
           932.5 4
           933.5 1
           934.5 2
           935.5 2
           936.5 2
           937.5 1
           938.5 5
           939.5 2
           940.5 2
           941.5 6
           942.5 4
           943.5 4
           944.5 1
           945.5 4
             :
           947.5 7
           948.5 5
           949.5 3
           950.5 1
           951.5 1
           952.5 4
           953.5 3
           954.5 2
           955.5 4
           956.5 3
           957.5 3
           958.5 4
           959.5 1
           960.5 3
           961.5 3
           962.5 2
             :
           964.5 5
           965.5 2
           966.5 3
           967.5 4
           968.5 2
           969.5 4
           970.5 4
           971.5 4
           972.5 2
           973.5 3
           974.5 3
           975.5 2
           976.5 1
           977.5 3
             :
           979.5 4
           980.5 3
           981.5 4
           982.5 3
           983.5 1
           984.5 7
           985.5 3
           986.5 2
           987.5 2
           988.5 2
           989.5 3
           990.5 2
             :
           992.5 5
           993.5 3
           994.5 3
           995.5 1
           996.5 3
           997.5 4
           998.5 2
           999.5 3
          1000.5 3
          1001.5 3
          1002.5 1
          1003.5 1
          1004.5 3
          1005.5 6
          1006.5 2
          1007.5 2
          1008.5 3
          1009.5 2
          1010.5 1
          1011.5 1
          1012.5 1
          1013.5 3
          1014.5 1
          1015.5 1
          1016.5 1
          1017.5 2
          1018.5 4
          1019.5 1
          1020.5 3
          1021.5 1
          1022.5 1
             :
          1024.5 2
          1025.5 1
          1026.5 1
          1027.5 2
          1028.5 4
          1029.5 1
          1030.5 1
          1031.5 1
          1032.5 5
          1033.5 5
          1034.5 4
          1035.5 1
          1036.5 1
          1037.5 3
          1038.5 2
          1039.5 4
          1040.5 1
          1041.5 3
          1042.5 1
          1043.5 1
          1044.5 1
          1045.5 3
             :
          1047.5 2
          1048.5 2
             :
          1050.5 1
          1051.5 1
          1052.5 3
          1053.5 1
          1054.5 1
          1055.5 1
          1056.5 3
          1057.5 2
          1058.5 1
          1059.5 3
             :
          1061.5 4
             :
          1063.5 2
          1064.5 1
          1065.5 3
          1066.5 2
          1067.5 1
          1068.5 4
             :
          1070.5 2
          1071.5 1
          1072.5 2
          1073.5 3
          1074.5 2
          1075.5 4
          1076.5 4
          1077.5 1
          1078.5 2
             :
          1080.5 1
          1081.5 1
          1082.5 3
          1083.5 2
          1084.5 2
          1085.5 3
          1086.5 2
          1087.5 2
          1088.5 1
          1089.5 2
          1090.5 1
          1091.5 3
          1092.5 2
          1093.5 2
          1094.5 2
          1095.5 1
          1096.5 2
          1097.5 2
          1098.5 1
          1099.5 3
          1100.5 2
          1101.5 2
             :
          1105.5 2
          1106.5 1
          1107.5 4
          1108.5 2
          1109.5 1
             :
          1111.5 1
             :
          1116.5 2
          1117.5 1
          1118.5 4
          1119.5 3
          1120.5 1
          1121.5 1
          1122.5 3
          1123.5 2
          1124.5 1
          1125.5 1
          1126.5 2
          1127.5 1
          1128.5 3
          1129.5 1
          1130.5 1
          1131.5 1
          1132.5 1
             :
          1134.5 2
          1135.5 1
          1136.5 2
          1137.5 1
          1138.5 2
          1139.5 1
             :
          1141.5 4
          1142.5 1
          1143.5 1
          1144.5 3
          1145.5 1
             :
          1147.5 1
          1148.5 3
          1149.5 3
          1150.5 2
             :
          1152.5 1
          1153.5 1
             :
          1155.5 5
             :
          1158.5 1
             :
          1160.5 1
          1161.5 2
          1162.5 1
             :
          1164.5 1
          1165.5 2
          1166.5 3
             :
          1168.5 1
          1169.5 2
          1170.5 3
             :
          1173.5 1
             :
          1175.5 2
          1176.5 1
             :
          1178.5 2
          1179.5 3
          1180.5 2
          1181.5 1
          1182.5 2
          1183.5 1
             :
          1186.5 2
             :
          1190.5 1
          1191.5 2
          1192.5 2
          1193.5 1
          1194.5 3
             :
          1196.5 1
             :
          1198.5 1
          1199.5 1
             :
          1201.5 1
          1202.5 3
          1203.5 1
             :
          1206.5 1
          1207.5 1
          1208.5 1
          1209.5 1
          1210.5 1
             :
          1212.5 2
             :
          1214.5 1
             :
          1217.5 2
             :
          1220.5 2
          1221.5 1
          1222.5 2
          1223.5 1
          1224.5 1
          1225.5 2
          1226.5 1
             :
          1228.5 1
          1229.5 1
          1230.5 2
             :
          1234.5 4
          1235.5 1
             :
          1238.5 1
          1239.5 1
             :
          1241.5 1
          1242.5 1
             :
          1244.5 1
          1245.5 1
          1246.5 1
          1247.5 3
             :
          1249.5 2
          1250.5 1
          1251.5 1
          1252.5 1
             :
          1256.5 1
          1257.5 1
             :
          1260.5 1
          1261.5 1
             :
          1263.5 2
             :
          1265.5 1
             :
          1267.5 1
             :
          1270.5 1
          1271.5 1
          1272.5 1
             :
          1276.5 1
             :
          1278.5 1
             :
          1280.5 1
             :
          1283.5 1
          1284.5 1
             :
          1287.5 2
             :
          1289.5 4
          1290.5 1
          1291.5 3
             :
          1295.5 1
          1296.5 2
          1297.5 1
          1298.5 1
             :
          1305.5 1
          1306.5 1
             :
          1308.5 1
             :
          1310.5 2
          1311.5 1
             :
          1313.5 2
          1314.5 1
             :
          1316.5 1
             :
          1322.5 1
          1323.5 1
             :
          1326.5 1
          1327.5 1
          1328.5 3
             :
          1332.5 1
             :
          1334.5 1
             :
          1336.5 1
          1337.5 1
          1338.5 1
             :
          1344.5 1
          1345.5 1
          1346.5 1
             :
          1348.5 2
          1349.5 5
             :
          1353.5 2
          1354.5 1
             :
          1356.5 1
             :
          1358.5 2
          1359.5 1
          1360.5 1
             :
          1362.5 1
          1363.5 1
          1364.5 2
          1365.5 1
             :
          1367.5 1
          1368.5 1
          1369.5 1
          1370.5 1
          1371.5 1
             :
          1374.5 1
             :
          1378.5 2
          1379.5 2
          1380.5 1
          1381.5 1
             :
          1383.5 1
             :
          1386.5 1
          1387.5 1
             :
          1390.5 2
          1391.5 2
          1392.5 1
             :
          1396.5 1
          1397.5 2
             :
          1399.5 1
             :
          1401.5 1
          1402.5 3
          1403.5 1
             :
          1406.5 2
          1407.5 1
          1408.5 1
             :
          1410.5 2
             :
          1414.5 4
             :
          1416.5 2
          1417.5 1
             :
          1419.5 1
             :
          1421.5 1
          1422.5 1
             :
          1425.5 1
             :
          1427.5 1
          1428.5 1
          1429.5 1
             :
          1432.5 2
             :
          1434.5 2
             :
          1436.5 2
          1437.5 1
          1438.5 1
             :
          1441.5 1
          1442.5 1
          1443.5 1
          1444.5 2
          1445.5 2
          1446.5 2
             :
          1450.5 3
             :
          1452.5 1
             :
          1454.5 3
             :
          1456.5 1
             :
          1459.5 2
             :
          1461.5 1
             :
          1465.5 3
          1466.5 1
          1467.5 3
          1468.5 1
          1469.5 1
          1470.5 2
             :
          1472.5 2
          1473.5 2
          1474.5 1
             :
          1476.5 1
          1477.5 1
             :
          1481.5 4
             :
          1483.5 2
          1484.5 1
          1485.5 2
          1486.5 1
          1487.5 2
          1488.5 1
             :
          1491.5 1
             :
          1494.5 1
          1495.5 2
          1496.5 2
             :
          1499.5 1
             :
          1505.5 1
             :
          1507.5 1
             :
          1509.5 1
             :
          1511.5 2
          1512.5 1
          1513.5 1
             :
          1517.5 4
             :
          1519.5 1
          1520.5 1
             :
          1522.5 1
             :
          1526.5 1
          1527.5 1
             :
          1529.5 1
             :
          1533.5 2
             :
          1537.5 1
          1538.5 3
          1539.5 1
          1540.5 2
          1541.5 2
          1542.5 1
          1543.5 1
          1544.5 2
          1545.5 1
          1546.5 1
          1547.5 1
             :
          1551.5 2
          1552.5 1
          1553.5 1
          1554.5 2
             :
          1556.5 1
          1557.5 3
          1558.5 1
          1559.5 2
          1560.5 3
          1561.5 3
             :
          1563.5 1
             :
          1565.5 1
          1566.5 1
          1567.5 1
          1568.5 1
             :
          1570.5 1
          1571.5 1
          1572.5 1
          1573.5 1
          1574.5 2
             :
          1576.5 1
             :
          1578.5 1
          1579.5 1
             :
          1583.5 1
          1584.5 1
          1585.5 1
          1586.5 1
             :
          1589.5 1
          1590.5 1
          1591.5 1
          1592.5 1
          1593.5 1
          1594.5 2
             :
          1597.5 1
             :
          1601.5 1
             :
          1604.5 2
             :
          1607.5 1
             :
          1611.5 1
             :
          1614.5 1
             :
          1621.5 1
             :
          1623.5 1
          1624.5 1
             :
          1627.5 1
          1628.5 1
          1629.5 1
             :
          1634.5 2
             :
          1639.5 1
             :
          1641.5 1
             :
          1643.5 1
             :
          1650.5 1
             :
          1652.5 1
             :
          1654.5 1
          1655.5 1
          1656.5 1
             :
          1660.5 1
          1661.5 2
          1662.5 1
          1663.5 6
             :
          1667.5 3
          1668.5 1
             :
          1672.5 1
          1673.5 3
             :
          1675.5 1
          1676.5 1
             :
          1678.5 1
             :
          1680.5 2
             :
          1685.5 1
          1686.5 1
             :
          1688.5 1
          1689.5 1
             :
          1692.5 1
          1693.5 2
             :
          1696.5 2
          1697.5 1
          1698.5 1
             :
          1700.5 1
          1701.5 1
          1702.5 2
             :
          1704.5 1
             :
          1709.5 1
             :
          1711.5 1
          1712.5 1
          1713.5 2
          1714.5 1
          1715.5 1
          1716.5 1
             :
          1719.5 1
          1720.5 2
             :
          1723.5 2
             :
          1726.5 1
             :
          1728.5 1
          1729.5 1
          1730.5 1
          1731.5 2
             :
          1736.5 2
             :
          1739.5 2
             :
          1741.5 1
             :
          1743.5 1
             :
          1750.5 2
             :
          1755.5 1
          1756.5 1
             :
          1758.5 1
          1759.5 1
             :
          1761.5 2
             :
          1763.5 1
             :
          1766.5 1
          1767.5 1
          1768.5 2
          1769.5 1
          1770.5 1
             :
          1772.5 1
             :
          1774.5 1
          1775.5 2
             :
          1778.5 2
          1779.5 1
             :
          1783.5 1
          1784.5 2
          1785.5 1
             :
          1787.5 1
          1788.5 1
          1789.5 1
             :
          1792.5 2
             :
          1798.5 1
          1799.5 4
             :
          1802.5 1
          1803.5 2
          1804.5 1
          1805.5 1
             :
          1809.5 2
          1810.5 1
             :
          1813.5 1
          1814.5 2
             :
          1818.5 1
          1819.5 1
             :
          1822.5 1
             :
          1824.5 1
          1825.5 1
             :
          1827.5 1
             :
          1835.5 1
             :
          1837.5 1
          1838.5 1
             :
          1840.5 1
             :
          1842.5 2
             :
          1844.5 1
             :
          1846.5 1
             :
          1849.5 1
          1850.5 1
             :
          1853.5 1
          1854.5 1
             :
          1856.5 2
          1857.5 1
          1858.5 2
             :
          1864.5 1
          1865.5 1
             :
          1873.5 1
          1874.5 1
          1875.5 1
             :
          1879.5 1
          1880.5 1
          1881.5 1
          1882.5 1
             :
          1888.5 1
          1889.5 1
             :
          1893.5 2
             :
          1895.5 1
             :
          1898.5 2
             :
          1903.5 1
          1904.5 1
          1905.5 1
             :
          1907.5 1
          1908.5 1
          1909.5 1
          1910.5 1
             :
          1913.5 1
          1914.5 1
             :
          1920.5 1
          1921.5 1
             :
          1924.5 2
             :
          1926.5 1
             :
          1930.5 1
             :
          1932.5 2
          1933.5 1
          1934.5 1
             :
          1937.5 1
             :
          1939.5 3
          1940.5 1
             :
          1942.5 1
          1943.5 1
             :
          1947.5 1
             :
          1949.5 1
          1950.5 1
             :
          1952.5 1
             :
          1959.5 4
             :
          1961.5 1
             :
          1963.5 1
             :
          1966.5 1
             :
          1970.5 1
          1971.5 1
             :
          1974.5 1
          1975.5 2
             :
          1978.5 1
             :
          1980.5 1
             :
          1984.5 1
          1985.5 1
          1986.5 1
          1987.5 1
             :
          1990.5 1
             :
          1992.5 1
             :
          1994.5 2
             :
          1998.5 1
             :
          2001.5 1
          2002.5 2
          2003.5 1
          2004.5 1
             :
          2006.5 1
             :
          2008.5 1
          2009.5 1
          2010.5 1
          2011.5 1
             :
          2013.5 2
             :
          2016.5 1
          2017.5 1
             :
          2020.5 1
          2021.5 1
          2022.5 2
             :
          2024.5 2
          2025.5 1
          2026.5 2
             :
          2032.5 3
          2033.5 1
             :
          2035.5 1
          2036.5 2
          2037.5 1
          2038.5 1
             :
          2041.5 1
             :
          2044.5 1
          2045.5 1
             :
          2047.5 1
             :
          2049.5 2
          2050.5 1
             :
          2053.5 1
          2054.5 1
          2055.5 1
             :
          2058.5 2
          2059.5 2
          2060.5 1
             :
          2063.5 1
          2064.5 1
          2065.5 1
             :
          2067.5 1
             :
          2070.5 1
             :
          2075.5 1
             :
          2077.5 2
             :
          2079.5 1
             :
          2083.5 1
             :
          2086.5 1
          2087.5 1
             :
          2090.5 1
             :
          2092.5 1
          2093.5 2
          2094.5 2
          2095.5 3
             :
          2098.5 2
             :
          2100.5 2
          2101.5 2
          2102.5 1
          2103.5 1
          2104.5 1
          2105.5 1
          2106.5 2
             :
          2109.5 1
          2110.5 1
          2111.5 1
             :
          2114.5 2
          2115.5 2
             :
          2118.5 1
             :
          2121.5 1
          2122.5 1
             :
          2124.5 2
          2125.5 1
             :
          2127.5 1
          2128.5 2
             :
          2130.5 1
             :
          2133.5 1
             :
          2135.5 1
          2136.5 2
          2137.5 1
          2138.5 3
             :
          2140.5 2
          2141.5 1
          2142.5 1
          2143.5 1
             :
          2146.5 1
             :
          2149.5 1
          2150.5 1
          2151.5 2
          2152.5 1
             :
          2154.5 2
          2155.5 1
          2156.5 1
             :
          2163.5 3
             :
          2165.5 1
             :
          2167.5 2
          2168.5 1
          2169.5 2
          2170.5 1
             :
          2174.5 2
             :
          2176.5 1
             :
          2181.5 2
          2182.5 2
          2183.5 2
          2184.5 1
             :
          2186.5 1
             :
          2188.5 1
          2189.5 2
          2190.5 3
             :
          2192.5 1
          2193.5 3
             :
          2196.5 2
             :
          2198.5 1
          2199.5 2
             :
          2203.5 2
          2204.5 1
          2205.5 2
             :
          2207.5 1
          2208.5 1
             :
          2210.5 3
             :
          2215.5 1
          2216.5 1
          2217.5 4
          2218.5 3
             :
          2220.5 2
             :
          2222.5 1
          2223.5 1
          2224.5 1
          2225.5 3
             :
          2227.5 1
             :
          2229.5 2
             :
          2231.5 1
          2232.5 1
             :
          2235.5 3
             :
          2238.5 1
          2239.5 1
          2240.5 1
             :
          2243.5 2
             :
          2247.5 1
          2248.5 1
          2249.5 1
             :
          2254.5 1
          2255.5 1
             :
          2258.5 1
          2259.5 1
          2260.5 1
             :
          2262.5 1
          2263.5 1
             :
          2266.5 1
          2267.5 3
             :
          2269.5 1
             :
          2271.5 2
             :
          2276.5 2
             :
          2278.5 2
             :
          2280.5 1
             :
          2287.5 1
             :
          2292.5 1
             :
          2295.5 1
             :
          2298.5 2
             :
          2300.5 1
             :
          2304.5 2
          2305.5 1
             :
          2307.5 2
             :
          2312.5 1
          2313.5 1
          2314.5 1
             :
          2317.5 1
          2318.5 1
             :
          2323.5 1
             :
          2326.5 2
          2327.5 2
             :
          2331.5 2
          2332.5 1
          2333.5 2
          2334.5 1
          2335.5 1
             :
          2338.5 1
             :
          2344.5 1
             :
          2348.5 1
          2349.5 1
             :
          2351.5 1
          2352.5 1
          2353.5 1
          2354.5 2
          2355.5 2
          2356.5 1
          2357.5 1
          2358.5 1
             :
          2361.5 1
             :
          2367.5 2
             :
          2369.5 1
             :
          2371.5 1
          2372.5 1
          2373.5 1
             :
          2376.5 2
          2377.5 1
          2378.5 1
             :
          2380.5 1
          2381.5 1
             :
          2384.5 1
             :
          2386.5 1
             :
          2388.5 1
          2389.5 1
             :
          2392.5 1
          2393.5 1
          2394.5 1
          2395.5 1
             :
          2397.5 1
             :
          2400.5 3
          2401.5 1
             :
          2404.5 1
             :
          2406.5 3
             :
          2408.5 1
          2409.5 1
             :
          2412.5 1
             :
          2416.5 2
          2417.5 1
             :
          2425.5 2
             :
          2430.5 1
          2431.5 1
             :
          2433.5 1
             :
          2436.5 1
          2437.5 1
             :
          2439.5 1
             :
          2441.5 1
             :
          2445.5 2
             :
          2449.5 2
             :
          2453.5 1
             :
          2457.5 2
          2458.5 1
          2459.5 2
          2460.5 1
             :
          2463.5 1
             :
          2470.5 2
          2471.5 1
             :
          2473.5 1
             :
          2476.5 1
          2477.5 1
             :
          2481.5 1
          2482.5 1
             :
          2486.5 1
          2487.5 1
             :
          2489.5 1
             :
          2491.5 1
          2492.5 1
             :
          2494.5 2
          2495.5 2
             :
          2498.5 1
             :
          2500.5 1
          2501.5 1
          2502.5 1
             :
          2506.5 1
          2507.5 2
             :
          2511.5 1
             :
          2514.5 1
          2515.5 2
             :
          2519.5 1
          2520.5 1
             :
          2523.5 1
             :
          2528.5 1
             :
          2530.5 1
             :
          2534.5 1
          2535.5 1
             :
          2538.5 1
             :
          2543.5 1
          2544.5 2
             :
          2548.5 1
             :
          2553.5 2
             :
          2555.5 1
             :
          2558.5 1
          2559.5 1
             :
          2563.5 1
          2564.5 2
             :
          2566.5 2
             :
          2572.5 2
          2573.5 1
             :
          2576.5 1
             :
          2578.5 1
          2579.5 1
             :
          2583.5 1
          2584.5 1
          2585.5 1
             :
          2587.5 1
          2588.5 1
          2589.5 1
          2590.5 1
             :
          2598.5 1
          2599.5 1
          2600.5 1
             :
          2602.5 2
             :
          2605.5 1
             :
          2608.5 2
             :
          2610.5 1
             :
          2612.5 1
             :
          2618.5 1
             :
          2624.5 1
          2625.5 1
          2626.5 1
          2627.5 1
          2628.5 1
          2629.5 1
             :
          2637.5 1
          2638.5 1
             :
          2644.5 1
             :
          2648.5 1
          2649.5 3
             :
          2656.5 1
             :
          2660.5 2
             :
          2663.5 2
             :
          2665.5 1
             :
          2672.5 3
          2673.5 1
          2674.5 2
             :
          2677.5 1
          2678.5 1
          2679.5 1
             :
          2683.5 1
             :
          2685.5 2
          2686.5 2
             :
          2689.5 1
          2690.5 1
             :
          2692.5 3
             :
          2694.5 1
             :
          2697.5 1
             :
          2700.5 1
             :
          2702.5 1
             :
          2704.5 1
             :
          2706.5 1
             :
          2713.5 1
             :
          2716.5 1
          2717.5 1
             :
          2720.5 1
             :
          2722.5 1
             :
          2726.5 2
          2727.5 1
          2728.5 1
          2729.5 1
          2730.5 1
             :
          2732.5 1
             :
          2734.5 1
             :
          2736.5 2
             :
          2741.5 1
             :
          2747.5 1
             :
          2749.5 1
             :
          2753.5 1
             :
          2758.5 1
             :
          2767.5 1
             :
          2774.5 3
             :
          2776.5 2
             :
          2785.5 1
          2786.5 1
             :
          2790.5 1
             :
          2792.5 2
          2793.5 2
             :
          2797.5 1
             :
          2799.5 2
          2800.5 2
             :
          2804.5 1
             :
          2814.5 1
             :
          2816.5 1
          2817.5 1
          2818.5 1
             :
          2827.5 1
             :
          2830.5 2
             :
          2834.5 1
             :
          2840.5 1
          2841.5 1
             :
          2845.5 1
             :
          2847.5 1
             :
          2849.5 2
             :
          2856.5 1
             :
          2862.5 2
          2863.5 1
             :
          2865.5 1
             :
          2868.5 1
             :
          2874.5 1
             :
          2880.5 1
             :
          2885.5 2
             :
          2891.5 1
             :
          2894.5 1
             :
          2902.5 1
          2903.5 1
             :
          2907.5 2
             :
          2918.5 2
          2919.5 1
          2920.5 1
             :
          2923.5 1
             :
          2925.5 2
             :
          2934.5 2
             :
          2938.5 1
             :
          2940.5 1
          2941.5 1
             :
          2943.5 1
             :
          2945.5 1
             :
          2947.5 1
             :
          2949.5 1
             :
          2960.5 1
             :
          2962.5 1
             :
          2967.5 1
             :
          2994.5 2
             :
          2998.5 1
             :
          3006.5 2
          3007.5 1
             :
          3011.5 1
          3012.5 1
             :
          3025.5 1
             :
          3034.5 1
          3035.5 1
          3036.5 1
             :
          3039.5 1
             :
          3041.5 1
             :
          3050.5 1
             :
          3055.5 1
             :
          3080.5 1
             :
          3099.5 1
          3100.5 1
          3101.5 1
          3102.5 1
             :
          3107.5 1
             :
          3110.5 1
             :
          3120.5 1
             :
          3131.5 2
          3132.5 1
             :
          3135.5 1
             :
          3138.5 1
             :
          3140.5 1
             :
          3151.5 2
             :
          3154.5 1
             :
          3157.5 1
          3158.5 1
             :
          3161.5 1
             :
          3177.5 2
             :
          3179.5 1
             :
          3185.5 2
          3186.5 1
             :
          3191.5 1
             :
          3199.5 1
          3200.5 2
             :
          3203.5 1
             :
          3212.5 1
             :
          3215.5 1
          3216.5 1
             :
          3218.5 1
          3219.5 1
             :
          3223.5 1
             :
          3232.5 1
             :
          3235.5 1
             :
          3248.5 1
             :
          3250.5 1
             :
          3264.5 1
             :
          3269.5 1
             :
          3273.5 1
             :
          3276.5 1
             :
          3279.5 1
          3280.5 1
             :
          3289.5 1
             :
          3293.5 1
             :
          3308.5 1
             :
          3317.5 1
             :
          3338.5 1
             :
          3340.5 2
             :
          3358.5 1
             :
          3361.5 1
             :
          3367.5 1
             :
          3370.5 1
          3371.5 1
             :
          3379.5 2
             :
          3381.5 1
             :
          3387.5 1
             :
          3399.5 1
             :
          3401.5 1
             :
          3403.5 1
             :
          3418.5 1
             :
          3421.5 1
             :
          3425.5 1
             :
          3429.5 1
             :
          3431.5 1
             :
          3436.5 1
             :
          3443.5 1
          3444.5 1
             :
          3452.5 1
             :
          3457.5 1
             :
          3464.5 1
             :
          3476.5 1
          3477.5 1
          3478.5 1
             :
          3489.5 1
             :
          3496.5 1
             :
          3499.5 1
             :
          3516.5 2
             :
          3518.5 1
             :
          3521.5 1
          3522.5 1
             :
          3529.5 1
             :
          3538.5 2
             :
          3552.5 1
             :
          3572.5 1
             :
          3581.5 1
             :
          3594.5 1
             :
          3596.5 1
             :
          3604.5 1
             :
          3627.5 2
             :
          3641.5 1
             :
          3675.5 1
             :
          3686.5 1
             :
          3722.5 1
             :
          3733.5 1
             :
          3739.5 1
             :
          3754.5 1
             :
          3776.5 1
             :
          3785.5 1
             :
          3801.5 1
             :
          3810.5 1
             :
          3821.5 1
             :
          3832.5 1
             :
          3853.5 1
             :
          3872.5 1
          3873.5 1
             :
          3892.5 1
             :
          3911.5 1
             :
          3927.5 1
             :
          3943.5 1
             :
          3955.5 1
             :
          3983.5 1
             :
          4000.5 1
             :
          4004.5 1
             :
          4025.5 1
             :
          4103.5 1
             :
          4116.5 1
             :
          4149.5 1

Total: connections 14400 requests 14400 replies 14400 test-duration 599.975 s

Connection rate: 24.0 conn/s (41.7 ms/conn, <=79 concurrent connections)
Connection time [ms]: min 10.2 avg 355.0 max 4149.4 median 27.5 stddev 646.9
Connection time [ms]: connect 1.0
Connection length [replies/conn]: 1.000

Request rate: 24.0 req/s (41.7 ms/req)
Request size [B]: 67.0

Reply rate [replies/s]: min 4.0 avg 24.0 max 49.0 stddev 4.2 (599 samples)
Percentages of the replies served at a given rate:
   50%: 23
   66%: 23
   75%: 24
   80%: 25
   90%: 27
   95%: 30
   98%: 34
   99%: 38
  100%: 49

Reply time [ms]: response 335.1 transfer 18.9
Percentages of the requests served within a certain time (ms) :
   50%: 25
   66%: 102
   75%: 502
   80%: 655
   90%: 979
   95%: 1837
   98%: 2509
   99%: 2917
  100%: 4115

Reply size [B]: header 163.0 content 72.0 footer 1.0 (total 236.0)
Reply status: 1xx=0 2xx=14400 3xx=0 4xx=0 5xx=0

CPU time [s]: user 435.62 system 163.05 (user 72.6% system 27.2% total 99.8%)
Net I/O: 7.1 KB/s (0.1*10^6 bps)

Errors: total 0 client-timo 0 socket-timo 0 connrefused 0 connreset 0
Errors: fd-unavail 0 addrunavail 0 ftab-full 0 other 0

