httperf --verbose --hog --timeout=50 --client=0/1 --server=172.16.116.116 --port=8080 --uri=/ --rate=24 --send-buffer=4096 --recv-buffer=16384 --num-conns=7200 --num-calls=1
httperf: maximum number of open descriptors = 65535
Maximum connect burst length: 1

Connection lifetime histogram (time in ms):
             :
             9.5 1
            10.5 1693
            11.5 2126
            12.5 555
            13.5 454
            14.5 484
            15.5 622
            16.5 605
            17.5 227
            18.5 113
            19.5 59
            20.5 30
            21.5 23
            22.5 15
            23.5 9
            24.5 5
            25.5 4
            26.5 2
            27.5 4
            28.5 1
            29.5 1
            30.5 3
             :
            33.5 1
            34.5 1
             :
            43.5 1
             :
            45.5 2
             :
            54.5 1
             :
            56.5 1
             :
            62.5 1
            63.5 1
             :
            68.5 2
             :
            76.5 1
             :
            90.5 2
             :
            95.5 2
            96.5 1
             :
           103.5 1
             :
           105.5 1
             :
           112.5 1
           113.5 1
             :
           115.5 1
             :
           120.5 1
             :
           123.5 1
             :
           126.5 1
           127.5 1
             :
           134.5 1
             :
           136.5 1
           137.5 1
             :
           139.5 2
             :
           141.5 1
             :
           143.5 1
             :
           145.5 1
             :
           147.5 2
           148.5 1
             :
           151.5 1
           152.5 1
           153.5 1
           154.5 2
             :
           157.5 3
             :
           159.5 1
             :
           161.5 1
             :
           166.5 1
             :
           168.5 2
             :
           170.5 4
             :
           172.5 2
           173.5 3
             :
           176.5 1
             :
           178.5 4
           179.5 2
             :
           182.5 1
             :
           185.5 2
             :
           187.5 1
             :
           189.5 3
             :
           191.5 2
             :
           194.5 2
           195.5 1
             :
           197.5 2
             :
           199.5 3
           200.5 1
           201.5 2
           202.5 2
           203.5 1
             :
           205.5 2
             :
           207.5 2
           208.5 1
           209.5 1
           210.5 1
           211.5 1
           212.5 1
             :
           214.5 3
             :
           217.5 1
             :
           219.5 2
             :
           222.5 1
           223.5 1
             :
           225.5 2
           226.5 1
           227.5 2
           228.5 1
           229.5 1
           230.5 3
             :
           232.5 1
             :
           239.5 1
             :
           242.5 1
           243.5 1
           244.5 2
             :
           247.5 1
             :
           249.5 1
             :
           253.5 1
             :
           256.5 1
           257.5 2
             :
           262.5 1
           263.5 1
           264.5 1
           265.5 1
             :
           270.5 1
           271.5 1
             :
           273.5 1
             :
           275.5 1
           276.5 1
             :
           282.5 1
             :
           284.5 1
             :
           286.5 2
             :
           288.5 1
           289.5 1
           290.5 1
             :
           292.5 2
             :
           294.5 1
             :
           299.5 1
             :
           301.5 1
           302.5 1
             :
           306.5 2
             :
           310.5 1
             :
           312.5 1
             :
           330.5 1
             :
           332.5 1
             :
           347.5 2
             :
           355.5 1
             :
           359.5 1
             :
           371.5 1
             :
           375.5 1
             :
           402.5 1
             :
           422.5 1

Total: connections 7200 requests 7200 replies 7200 test-duration 299.974 s

Connection rate: 24.0 conn/s (41.7 ms/conn, <=2 concurrent connections)
Connection time [ms]: min 10.0 avg 17.3 max 422.9 median 11.5 stddev 30.5
Connection time [ms]: connect 0.6
Connection length [replies/conn]: 1.000

Request rate: 24.0 req/s (41.7 ms/req)
Request size [B]: 67.0

Reply rate [replies/s]: min 23.0 avg 24.0 max 25.0 stddev 0.4 (299 samples)
Percentages of the replies served at a given rate:
   50%: 23
   66%: 23
   75%: 23
   80%: 23
   90%: 23
   95%: 24
   98%: 24
   99%: 24
  100%: 25

Reply time [ms]: response 15.8 transfer 0.9
Percentages of the requests served within a certain time (ms) :
   50%: 10
   66%: 12
   75%: 13
   80%: 14
   90%: 15
   95%: 16
   98%: 101
   99%: 191
  100%: 414

Reply size [B]: header 162.0 content 72.0 footer 1.0 (total 235.0)
Reply status: 1xx=0 2xx=7200 3xx=0 4xx=0 5xx=0

CPU time [s]: user 245.95 system 53.36 (user 82.0% system 17.8% total 99.8%)
Net I/O: 7.1 KB/s (0.1*10^6 bps)

Errors: total 0 client-timo 0 socket-timo 0 connrefused 0 connreset 0
Errors: fd-unavail 0 addrunavail 0 ftab-full 0 other 0

