httperf --verbose --hog --timeout=50 --client=0/1 --server=172.16.116.116 --port=8080 --uri=/ --rate=24 --send-buffer=4096 --recv-buffer=16384 --num-conns=14400 --num-calls=1
httperf: maximum number of open descriptors = 65535
Maximum connect burst length: 1

Connection lifetime histogram (time in ms):
             0.5 1
             :
             9.5 2
            10.5 360
            11.5 653
            12.5 515
            13.5 726
            14.5 853
            15.5 879
            16.5 834
            17.5 614
            18.5 463
            19.5 509
            20.5 441
            21.5 422
            22.5 404
            23.5 249
            24.5 161
            25.5 141
            26.5 132
            27.5 102
            28.5 65
            29.5 65
            30.5 41
            31.5 34
            32.5 29
            33.5 15
            34.5 23
            35.5 11
            36.5 12
            37.5 12
            38.5 4
            39.5 8
            40.5 9
            41.5 6
            42.5 6
            43.5 11
            44.5 7
            45.5 5
            46.5 9
            47.5 2
            48.5 8
            49.5 6
            50.5 10
            51.5 14
            52.5 6
            53.5 10
            54.5 12
            55.5 12
            56.5 6
            57.5 16
            58.5 7
            59.5 9
            60.5 12
            61.5 19
            62.5 15
            63.5 9
            64.5 12
            65.5 14
            66.5 21
            67.5 16
            68.5 14
            69.5 16
            70.5 13
            71.5 19
            72.5 25
            73.5 14
            74.5 18
            75.5 25
            76.5 21
            77.5 29
            78.5 26
            79.5 22
            80.5 20
            81.5 16
            82.5 26
            83.5 16
            84.5 11
            85.5 26
            86.5 31
            87.5 24
            88.5 19
            89.5 14
            90.5 15
            91.5 14
            92.5 17
            93.5 28
            94.5 15
            95.5 24
            96.5 24
            97.5 16
            98.5 16
            99.5 23
           100.5 23
           101.5 27
           102.5 20
           103.5 39
           104.5 13
           105.5 28
           106.5 22
           107.5 27
           108.5 30
           109.5 16
           110.5 25
           111.5 22
           112.5 24
           113.5 23
           114.5 21
           115.5 13
           116.5 24
           117.5 25
           118.5 21
           119.5 21
           120.5 21
           121.5 11
           122.5 17
           123.5 24
           124.5 23
           125.5 23
           126.5 12
           127.5 23
           128.5 14
           129.5 24
           130.5 16
           131.5 15
           132.5 21
           133.5 16
           134.5 19
           135.5 17
           136.5 12
           137.5 17
           138.5 19
           139.5 15
           140.5 15
           141.5 19
           142.5 8
           143.5 18
           144.5 12
           145.5 11
           146.5 14
           147.5 9
           148.5 9
           149.5 10
           150.5 13
           151.5 6
           152.5 10
           153.5 18
           154.5 15
           155.5 13
           156.5 6
           157.5 6
           158.5 8
           159.5 7
           160.5 5
           161.5 9
           162.5 12
           163.5 5
           164.5 8
           165.5 6
           166.5 7
           167.5 9
           168.5 7
           169.5 12
           170.5 1
           171.5 5
           172.5 5
           173.5 9
           174.5 3
           175.5 4
           176.5 7
           177.5 4
           178.5 2
           179.5 3
           180.5 10
           181.5 4
           182.5 7
           183.5 4
           184.5 4
           185.5 4
           186.5 7
           187.5 1
           188.5 4
           189.5 2
           190.5 1
           191.5 4
           192.5 2
             :
           195.5 4
           196.5 6
           197.5 1
           198.5 2
             :
           200.5 4
             :
           202.5 2
           203.5 5
           204.5 3
             :
           206.5 2
             :
           208.5 1
             :
           210.5 1
           211.5 2
           212.5 1
           213.5 2
           214.5 1
           215.5 3
             :
           217.5 2
           218.5 1
             :
           221.5 1
           222.5 2
           223.5 1
           224.5 1
           225.5 2
           226.5 1
           227.5 1
             :
           229.5 1
             :
           231.5 3
           232.5 1
             :
           234.5 1
           235.5 1
           236.5 3
           237.5 1
           238.5 2
           239.5 1
             :
           241.5 2
             :
           243.5 1
             :
           247.5 1
             :
           250.5 3
           251.5 1
             :
           253.5 1
           254.5 2
             :
           256.5 2
             :
           261.5 1
           262.5 1
           263.5 1
           264.5 1
             :
           267.5 1
             :
           271.5 1
           272.5 1
             :
           274.5 1
             :
           277.5 2
           278.5 1
             :
           281.5 1
             :
           289.5 1
             :
           291.5 1
             :
           294.5 1
             :
           299.5 1
             :
           301.5 3
           302.5 2
           303.5 2
           304.5 1
             :
           307.5 1
           308.5 2
             :
           314.5 1
           315.5 1
           316.5 1
             :
           318.5 1
           319.5 1
             :
           322.5 2
             :
           324.5 2
             :
           326.5 1
             :
           328.5 2
             :
           331.5 1
             :
           333.5 1
             :
           339.5 1
           340.5 1
           341.5 1
             :
           344.5 1
             :
           347.5 3
             :
           352.5 2
           353.5 3
             :
           355.5 1
             :
           357.5 1
           358.5 1
             :
           360.5 2
             :
           363.5 1
             :
           366.5 1
             :
           369.5 2
             :
           373.5 2
           374.5 2
             :
           376.5 1
             :
           379.5 1
             :
           382.5 1
             :
           385.5 1
           386.5 1
             :
           388.5 1
             :
           391.5 1
             :
           393.5 1
           394.5 1
             :
           397.5 2
           398.5 1
             :
           400.5 1
             :
           404.5 2
           405.5 3
             :
           407.5 1
           408.5 1
             :
           410.5 2
             :
           412.5 2
             :
           414.5 1
           415.5 1
             :
           417.5 1
             :
           420.5 1
             :
           423.5 1
           424.5 2
             :
           429.5 1
             :
           433.5 1
             :
           435.5 1
             :
           437.5 1
             :
           440.5 1
           441.5 1
           442.5 1
             :
           444.5 2
           445.5 1
           446.5 2
             :
           451.5 1
             :
           456.5 1
           457.5 2
           458.5 2
           459.5 1
             :
           462.5 1
             :
           465.5 1
           466.5 1
           467.5 1
           468.5 1
           469.5 4
             :
           472.5 1
             :
           476.5 3
             :
           478.5 1
             :
           480.5 1
           481.5 1
             :
           483.5 1
           484.5 1
             :
           486.5 1
           487.5 1
           488.5 1
             :
           490.5 1
           491.5 1
           492.5 1
             :
           494.5 1
           495.5 2
           496.5 1
           497.5 1
           498.5 1
           499.5 1
             :
           501.5 2
           502.5 2
           503.5 2
           504.5 2
           505.5 1
           506.5 3
           507.5 1
           508.5 2
             :
           510.5 2
           511.5 1
             :
           515.5 2
           516.5 2
             :
           518.5 2
           519.5 1
           520.5 4
           521.5 2
           522.5 2
             :
           524.5 1
           525.5 2
           526.5 1
             :
           528.5 3
           529.5 1
           530.5 1
           531.5 1
           532.5 2
             :
           534.5 2
           535.5 2
           536.5 1
           537.5 5
           538.5 1
             :
           540.5 1
           541.5 2
             :
           543.5 4
           544.5 2
           545.5 1
             :
           547.5 2
           548.5 4
           549.5 2
           550.5 3
           551.5 3
           552.5 1
           553.5 2
           554.5 2
           555.5 3
             :
           557.5 5
           558.5 4
           559.5 5
           560.5 1
           561.5 2
           562.5 2
           563.5 1
           564.5 2
           565.5 1
           566.5 3
           567.5 3
           568.5 3
           569.5 2
           570.5 3
           571.5 6
           572.5 3
           573.5 2
           574.5 2
           575.5 4
           576.5 1
             :
           579.5 4
           580.5 1
           581.5 2
           582.5 3
           583.5 4
           584.5 1
           585.5 3
           586.5 3
           587.5 3
           588.5 2
           589.5 8
           590.5 1
           591.5 2
           592.5 3
           593.5 3
           594.5 3
           595.5 1
           596.5 7
           597.5 3
           598.5 2
           599.5 6
           600.5 6
           601.5 5
           602.5 7
           603.5 4
           604.5 3
           605.5 3
           606.5 6
           607.5 5
           608.5 3
           609.5 4
           610.5 3
           611.5 4
           612.5 4
           613.5 7
           614.5 2
           615.5 5
           616.5 3
           617.5 3
           618.5 3
           619.5 4
           620.5 3
           621.5 1
           622.5 2
           623.5 4
           624.5 2
           625.5 2
           626.5 6
           627.5 6
           628.5 2
           629.5 4
           630.5 5
           631.5 2
           632.5 4
           633.5 4
           634.5 5
           635.5 3
           636.5 5
           637.5 4
           638.5 8
           639.5 1
           640.5 9
           641.5 7
           642.5 5
             :
           644.5 6
           645.5 6
           646.5 4
           647.5 7
           648.5 4
           649.5 3
           650.5 8
           651.5 5
           652.5 4
           653.5 5
           654.5 2
           655.5 6
           656.5 10
           657.5 4
           658.5 5
           659.5 10
           660.5 2
           661.5 7
           662.5 4
           663.5 3
             :
           665.5 5
           666.5 4
           667.5 3
           668.5 8
           669.5 4
           670.5 6
           671.5 7
           672.5 6
           673.5 3
           674.5 5
           675.5 2
           676.5 4
           677.5 2
           678.5 7
           679.5 2
           680.5 7
           681.5 5
           682.5 2
           683.5 7
           684.5 5
           685.5 9
           686.5 3
           687.5 3
           688.5 7
           689.5 10
           690.5 6
           691.5 8
           692.5 3
           693.5 6
           694.5 6
           695.5 3
           696.5 2
           697.5 7
           698.5 6
           699.5 7
           700.5 8
           701.5 6
           702.5 12
           703.5 5
           704.5 5
           705.5 7
           706.5 6
           707.5 8
           708.5 8
           709.5 5
           710.5 7
           711.5 9
           712.5 4
           713.5 3
           714.5 6
           715.5 4
           716.5 7
           717.5 4
           718.5 7
           719.5 8
           720.5 8
           721.5 5
           722.5 4
           723.5 4
           724.5 7
           725.5 5
           726.5 4
           727.5 9
           728.5 6
           729.5 2
           730.5 10
           731.5 6
           732.5 3
           733.5 6
           734.5 2
           735.5 2
           736.5 4
           737.5 10
           738.5 2
           739.5 6
           740.5 5
           741.5 8
           742.5 6
           743.5 5
           744.5 6
           745.5 6
           746.5 6
           747.5 7
           748.5 11
           749.5 3
           750.5 1
           751.5 6
           752.5 4
           753.5 5
           754.5 9
           755.5 9
           756.5 6
           757.5 5
           758.5 5
           759.5 7
           760.5 3
           761.5 5
           762.5 5
           763.5 7
           764.5 3
           765.5 8
           766.5 8
           767.5 4
           768.5 2
           769.5 7
           770.5 3
           771.5 7
           772.5 5
           773.5 5
           774.5 3
           775.5 5
           776.5 8
           777.5 3
           778.5 6
           779.5 12
           780.5 8
           781.5 7
           782.5 6
           783.5 2
           784.5 14
           785.5 7
           786.5 8
           787.5 5
           788.5 2
           789.5 4
           790.5 2
           791.5 8
           792.5 1
           793.5 7
           794.5 8
           795.5 8
           796.5 4
           797.5 3
           798.5 9
           799.5 4
           800.5 5
           801.5 3
           802.5 4
           803.5 3
           804.5 7
           805.5 5
           806.5 4
           807.5 5
           808.5 7
           809.5 5
           810.5 8
           811.5 9
           812.5 4
           813.5 2
           814.5 3
           815.5 6
           816.5 5
           817.5 3
           818.5 5
           819.5 4
           820.5 2
           821.5 2
           822.5 9
           823.5 5
           824.5 3
           825.5 3
           826.5 5
           827.5 3
           828.5 8
           829.5 6
           830.5 3
           831.5 3
           832.5 3
           833.5 2
           834.5 6
           835.5 7
           836.5 5
           837.5 4
           838.5 6
           839.5 6
           840.5 4
           841.5 3
           842.5 2
           843.5 6
           844.5 4
           845.5 4
           846.5 8
           847.5 7
           848.5 7
           849.5 4
           850.5 5
           851.5 4
           852.5 3
           853.5 1
           854.5 9
           855.5 3
           856.5 7
           857.5 2
           858.5 5
           859.5 2
           860.5 4
           861.5 5
           862.5 3
           863.5 3
           864.5 3
           865.5 6
           866.5 4
           867.5 7
           868.5 4
           869.5 4
           870.5 2
           871.5 4
           872.5 4
           873.5 4
           874.5 2
           875.5 5
           876.5 3
           877.5 5
           878.5 5
           879.5 3
           880.5 3
           881.5 2
           882.5 4
           883.5 4
           884.5 1
           885.5 3
           886.5 6
           887.5 9
           888.5 6
           889.5 2
           890.5 1
             :
           892.5 3
           893.5 3
           894.5 2
           895.5 4
           896.5 7
           897.5 1
           898.5 4
           899.5 2
           900.5 2
           901.5 1
           902.5 2
           903.5 4
           904.5 3
           905.5 2
           906.5 2
           907.5 1
           908.5 2
           909.5 7
           910.5 1
           911.5 4
           912.5 4
           913.5 4
           914.5 6
           915.5 3
           916.5 3
           917.5 4
           918.5 7
           919.5 5
           920.5 4
           921.5 4
             :
           923.5 4
           924.5 3
           925.5 4
             :
           927.5 4
           928.5 3
           929.5 2
           930.5 3
           931.5 1
           932.5 2
           933.5 3
           934.5 6
           935.5 4
           936.5 3
           937.5 3
           938.5 7
           939.5 4
           940.5 4
           941.5 3
           942.5 1
           943.5 2
           944.5 1
           945.5 1
           946.5 3
           947.5 3
           948.5 3
           949.5 1
           950.5 4
           951.5 3
           952.5 2
           953.5 3
           954.5 6
           955.5 5
           956.5 1
           957.5 3
           958.5 6
           959.5 2
           960.5 2
           961.5 3
           962.5 2
           963.5 2
           964.5 2
           965.5 4
           966.5 1
           967.5 1
             :
           969.5 3
           970.5 1
           971.5 2
           972.5 2
           973.5 8
           974.5 3
           975.5 2
           976.5 4
             :
           978.5 2
             :
           980.5 2
           981.5 6
           982.5 1
           983.5 1
           984.5 3
           985.5 3
           986.5 3
           987.5 2
           988.5 3
           989.5 5
           990.5 2
           991.5 4
           992.5 2
           993.5 6
           994.5 2
           995.5 5
           996.5 3
           997.5 2
           998.5 4
           999.5 2
             :
          1001.5 4
             :
          1003.5 1
          1004.5 2
          1005.5 1
             :
          1007.5 3
          1008.5 3
          1009.5 4
          1010.5 1
          1011.5 3
          1012.5 2
             :
          1014.5 2
          1015.5 6
          1016.5 2
          1017.5 2
             :
          1019.5 3
          1020.5 4
          1021.5 3
          1022.5 3
          1023.5 1
          1024.5 2
          1025.5 1
          1026.5 2
             :
          1029.5 1
          1030.5 1
          1031.5 1
          1032.5 2
          1033.5 5
          1034.5 4
          1035.5 1
          1036.5 3
          1037.5 1
          1038.5 2
          1039.5 1
          1040.5 1
             :
          1042.5 1
          1043.5 1
          1044.5 2
          1045.5 2
          1046.5 4
          1047.5 2
             :
          1050.5 1
          1051.5 2
          1052.5 2
             :
          1054.5 2
          1055.5 2
          1056.5 3
          1057.5 2
          1058.5 1
          1059.5 3
          1060.5 3
             :
          1062.5 4
          1063.5 2
          1064.5 2
             :
          1066.5 4
             :
          1068.5 1
          1069.5 1
          1070.5 1
             :
          1072.5 4
          1073.5 2
          1074.5 1
          1075.5 1
          1076.5 1
          1077.5 1
          1078.5 2
          1079.5 1
          1080.5 2
             :
          1083.5 1
          1084.5 2
          1085.5 2
          1086.5 1
             :
          1088.5 1
          1089.5 1
             :
          1091.5 2
             :
          1094.5 4
          1095.5 2
             :
          1097.5 4
          1098.5 1
          1099.5 1
          1100.5 1
          1101.5 1
             :
          1103.5 2
          1104.5 4
             :
          1106.5 1
             :
          1109.5 2
          1110.5 1
             :
          1114.5 1
          1115.5 1
          1116.5 1
             :
          1119.5 3
          1120.5 1
             :
          1123.5 2
          1124.5 2
             :
          1127.5 1
             :
          1130.5 5
          1131.5 1
          1132.5 1
          1133.5 1
          1134.5 3
          1135.5 1
          1136.5 2
             :
          1138.5 3
          1139.5 1
             :
          1141.5 1
          1142.5 2
             :
          1144.5 1
             :
          1147.5 1
          1148.5 1
             :
          1150.5 1
             :
          1152.5 3
             :
          1155.5 1
          1156.5 1
          1157.5 2
          1158.5 3
          1159.5 3
             :
          1162.5 1
          1163.5 2
             :
          1165.5 1
          1166.5 2
          1167.5 1
          1168.5 1
             :
          1171.5 1
          1172.5 2
          1173.5 2
          1174.5 1
          1175.5 1
          1176.5 1
          1177.5 1
             :
          1180.5 2
             :
          1182.5 1
             :
          1184.5 1
             :
          1186.5 1
          1187.5 3
          1188.5 5
          1189.5 1
             :
          1193.5 3
          1194.5 1
          1195.5 2
          1196.5 2
             :
          1198.5 1
          1199.5 1
             :
          1205.5 2
             :
          1207.5 1
             :
          1209.5 1
             :
          1212.5 1
          1213.5 1
          1214.5 1
             :
          1216.5 2
          1217.5 2
          1218.5 2
          1219.5 2
             :
          1221.5 1
          1222.5 2
          1223.5 2
             :
          1226.5 3
             :
          1232.5 1
          1233.5 1
             :
          1236.5 1
             :
          1238.5 1
          1239.5 2
          1240.5 1
             :
          1243.5 1
             :
          1248.5 2
          1249.5 1
             :
          1251.5 1
          1252.5 1
             :
          1255.5 1
             :
          1257.5 1
          1258.5 2
          1259.5 1
          1260.5 2
             :
          1267.5 1
             :
          1269.5 2
             :
          1274.5 1
          1275.5 1
          1276.5 1
          1277.5 2
             :
          1279.5 2
             :
          1281.5 1
             :
          1283.5 1
             :
          1285.5 1
          1286.5 1
             :
          1288.5 1
             :
          1290.5 1
          1291.5 2
          1292.5 1
          1293.5 2
          1294.5 1
          1295.5 1
          1296.5 2
             :
          1298.5 1
          1299.5 1
          1300.5 1
             :
          1306.5 1
             :
          1308.5 2
             :
          1310.5 2
             :
          1314.5 1
             :
          1318.5 2
             :
          1322.5 1
          1323.5 1
             :
          1325.5 4
             :
          1328.5 1
             :
          1334.5 1
             :
          1336.5 3
          1337.5 1
          1338.5 1
          1339.5 2
             :
          1343.5 1
          1344.5 1
          1345.5 1
             :
          1349.5 1
             :
          1352.5 1
             :
          1355.5 1
             :
          1357.5 2
             :
          1363.5 1
             :
          1368.5 1
             :
          1370.5 2
          1371.5 1
             :
          1375.5 1
          1376.5 2
          1377.5 2
          1378.5 1
             :
          1380.5 1
             :
          1385.5 1
          1386.5 2
             :
          1391.5 1
          1392.5 1
          1393.5 1
             :
          1396.5 1
          1397.5 1
          1398.5 1
             :
          1400.5 2
             :
          1403.5 1
             :
          1407.5 1
          1408.5 1
             :
          1411.5 2
             :
          1414.5 1
          1415.5 1
             :
          1418.5 1
             :
          1421.5 1
          1422.5 1
          1423.5 2
             :
          1426.5 1
          1427.5 1
             :
          1432.5 1
          1433.5 1
             :
          1436.5 1
          1437.5 1
             :
          1441.5 2
             :
          1443.5 1
          1444.5 1
             :
          1451.5 1
             :
          1453.5 2
          1454.5 1
          1455.5 1
          1456.5 1
          1457.5 1
             :
          1459.5 1
             :
          1462.5 2
          1463.5 2
          1464.5 1
          1465.5 1
             :
          1472.5 1
             :
          1476.5 1
             :
          1481.5 1
          1482.5 3
             :
          1485.5 1
             :
          1490.5 1
          1491.5 1
             :
          1493.5 2
          1494.5 1
             :
          1499.5 2
          1500.5 1
          1501.5 2
             :
          1504.5 1
             :
          1507.5 2
             :
          1511.5 1
             :
          1514.5 1
             :
          1518.5 1
          1519.5 1
          1520.5 2
          1521.5 1
             :
          1526.5 1
          1527.5 3
             :
          1533.5 1
          1534.5 2
          1535.5 1
          1536.5 1
             :
          1539.5 1
          1540.5 2
          1541.5 2
          1542.5 2
             :
          1544.5 1
             :
          1546.5 1
          1547.5 1
          1548.5 1
          1549.5 1
          1550.5 1
          1551.5 2
             :
          1558.5 2
             :
          1560.5 2
          1561.5 1
             :
          1568.5 1
          1569.5 2
             :
          1574.5 1
          1575.5 1
             :
          1580.5 2
             :
          1582.5 1
             :
          1584.5 2
             :
          1586.5 2
          1587.5 1
          1588.5 1
          1589.5 1
          1590.5 1
          1591.5 1
             :
          1596.5 1
          1597.5 1
             :
          1600.5 1
          1601.5 3
          1602.5 2
             :
          1605.5 2
             :
          1608.5 1
          1609.5 1
             :
          1618.5 1
             :
          1623.5 1
             :
          1629.5 1
             :
          1633.5 1
             :
          1635.5 1
          1636.5 1
             :
          1638.5 1
             :
          1642.5 2
             :
          1646.5 1
             :
          1653.5 1
             :
          1655.5 1
             :
          1657.5 2
             :
          1660.5 1
          1661.5 1
             :
          1663.5 1
             :
          1666.5 1
          1667.5 2
             :
          1669.5 3
          1670.5 3
             :
          1672.5 1
          1673.5 1
             :
          1675.5 1
             :
          1685.5 2
          1686.5 1
             :
          1691.5 1
             :
          1694.5 1
             :
          1696.5 1
             :
          1698.5 1
          1699.5 2
             :
          1707.5 2
             :
          1709.5 1
          1710.5 1
             :
          1713.5 1
             :
          1716.5 1
             :
          1718.5 1
          1719.5 1
             :
          1721.5 1
          1722.5 1
          1723.5 1
          1724.5 1
             :
          1726.5 1
             :
          1728.5 1
             :
          1736.5 1
             :
          1739.5 1
          1740.5 1
          1741.5 1
             :
          1744.5 1
             :
          1747.5 1
          1748.5 1
          1749.5 2
          1750.5 2
          1751.5 1
             :
          1754.5 2
          1755.5 3
             :
          1758.5 1
             :
          1760.5 1
             :
          1765.5 1
          1766.5 3
             :
          1773.5 1
             :
          1775.5 1
             :
          1777.5 1
             :
          1781.5 2
          1782.5 1
          1783.5 1
             :
          1786.5 2
          1787.5 2
          1788.5 3
             :
          1792.5 1
             :
          1794.5 2
             :
          1796.5 1
          1797.5 1
             :
          1799.5 1
          1800.5 2
             :
          1803.5 2
             :
          1809.5 2
          1810.5 1
             :
          1814.5 1
             :
          1817.5 2
          1818.5 1
             :
          1820.5 1
          1821.5 2
          1822.5 1
          1823.5 1
          1824.5 1
          1825.5 2
             :
          1829.5 4
             :
          1831.5 1
             :
          1836.5 1
          1837.5 2
             :
          1839.5 1
             :
          1845.5 1
             :
          1849.5 1
             :
          1851.5 1
             :
          1853.5 1
          1854.5 1
          1855.5 1
             :
          1857.5 1
             :
          1859.5 2
             :
          1865.5 1
             :
          1867.5 1
          1868.5 1
             :
          1871.5 1
             :
          1874.5 2
             :
          1876.5 1
             :
          1878.5 2
          1879.5 1
             :
          1882.5 2
          1883.5 1
             :
          1885.5 2
          1886.5 1
             :
          1888.5 1
             :
          1890.5 1
             :
          1893.5 1
          1894.5 1
             :
          1896.5 1
             :
          1901.5 1
             :
          1903.5 1
          1904.5 1
             :
          1907.5 1
             :
          1909.5 1
             :
          1915.5 2
          1916.5 1
             :
          1919.5 2
          1920.5 2
             :
          1926.5 1
             :
          1930.5 2
             :
          1932.5 1
             :
          1934.5 1
             :
          1937.5 2
             :
          1939.5 2
          1940.5 2
          1941.5 1
             :
          1947.5 1
          1948.5 2
             :
          1950.5 1
             :
          1954.5 3
             :
          1957.5 1
             :
          1959.5 1
          1960.5 1
             :
          1962.5 1
          1963.5 1
             :
          1974.5 1
          1975.5 2
             :
          1978.5 2
          1979.5 1
             :
          1982.5 1
             :
          1986.5 1
          1987.5 1
             :
          1991.5 1
          1992.5 1
             :
          1996.5 1
             :
          2000.5 2
          2001.5 1
          2002.5 2
             :
          2005.5 1
             :
          2008.5 1
             :
          2011.5 1
          2012.5 2
             :
          2014.5 1
             :
          2021.5 1
             :
          2023.5 1
          2024.5 1
             :
          2026.5 1
          2027.5 2
          2028.5 1
             :
          2030.5 1
             :
          2033.5 2
             :
          2035.5 2
             :
          2040.5 1
             :
          2042.5 2
          2043.5 2
             :
          2045.5 2
          2046.5 1
             :
          2051.5 1
          2052.5 1
          2053.5 2
          2054.5 2
          2055.5 1
          2056.5 1
             :
          2059.5 1
             :
          2061.5 1
          2062.5 1
             :
          2065.5 1
          2066.5 1
             :
          2068.5 1
             :
          2071.5 1
          2072.5 1
             :
          2074.5 1
             :
          2077.5 1
             :
          2081.5 2
          2082.5 1
             :
          2086.5 1
             :
          2091.5 1
          2092.5 1
          2093.5 1
             :
          2096.5 1
          2097.5 2
          2098.5 1
             :
          2102.5 4
          2103.5 2
          2104.5 1
          2105.5 1
             :
          2107.5 1
             :
          2109.5 2
          2110.5 1
          2111.5 1
          2112.5 1
             :
          2115.5 1
          2116.5 2
          2117.5 1
             :
          2119.5 2
          2120.5 1
             :
          2123.5 1
             :
          2125.5 1
             :
          2127.5 1
          2128.5 1
             :
          2132.5 1
          2133.5 1
             :
          2139.5 1
             :
          2143.5 1
          2144.5 2
             :
          2146.5 1
             :
          2148.5 1
          2149.5 1
             :
          2151.5 2
             :
          2153.5 1
             :
          2155.5 1
          2156.5 1
             :
          2158.5 1
             :
          2161.5 1
          2162.5 1
          2163.5 1
             :
          2166.5 1
             :
          2171.5 1
          2172.5 2
          2173.5 2
          2174.5 1
          2175.5 2
          2176.5 1
             :
          2182.5 1
          2183.5 1
          2184.5 2
             :
          2186.5 1
             :
          2192.5 1
          2193.5 1
          2194.5 1
             :
          2196.5 1
             :
          2199.5 2
             :
          2202.5 5
             :
          2205.5 1
             :
          2207.5 1
             :
          2210.5 3
             :
          2212.5 1
             :
          2214.5 2
             :
          2218.5 1
             :
          2220.5 1
          2221.5 1
          2222.5 1
             :
          2225.5 1
             :
          2227.5 3
             :
          2230.5 1
             :
          2233.5 3
             :
          2235.5 1
             :
          2239.5 1
          2240.5 1
          2241.5 2
          2242.5 2
          2243.5 1
             :
          2245.5 3
             :
          2247.5 1
             :
          2249.5 2
             :
          2251.5 1
             :
          2253.5 1
             :
          2256.5 1
             :
          2258.5 1
             :
          2260.5 1
             :
          2262.5 1
             :
          2265.5 1
             :
          2267.5 1
          2268.5 1
             :
          2271.5 2
             :
          2274.5 1
          2275.5 2
             :
          2277.5 1
             :
          2279.5 2
             :
          2281.5 1
          2282.5 1
             :
          2284.5 1
             :
          2287.5 2
          2288.5 2
             :
          2290.5 1
          2291.5 2
          2292.5 2
             :
          2295.5 1
          2296.5 2
          2297.5 2
             :
          2301.5 1
          2302.5 1
             :
          2304.5 1
             :
          2311.5 1
          2312.5 1
             :
          2314.5 2
          2315.5 1
          2316.5 1
          2317.5 1
          2318.5 1
          2319.5 2
             :
          2322.5 1
             :
          2327.5 1
             :
          2329.5 2
             :
          2332.5 1
             :
          2334.5 1
             :
          2337.5 1
          2338.5 1
             :
          2341.5 1
          2342.5 1
          2343.5 2
             :
          2346.5 1
          2347.5 1
          2348.5 1
          2349.5 2
             :
          2351.5 1
          2352.5 2
             :
          2354.5 1
          2355.5 2
             :
          2357.5 3
             :
          2359.5 1
          2360.5 1
          2361.5 2
          2362.5 2
          2363.5 1
          2364.5 1
          2365.5 1
          2366.5 1
             :
          2369.5 3
          2370.5 1
          2371.5 1
             :
          2373.5 2
          2374.5 2
          2375.5 1
             :
          2377.5 1
             :
          2379.5 1
             :
          2382.5 1
          2383.5 1
             :
          2385.5 2
             :
          2387.5 1
          2388.5 1
          2389.5 2
             :
          2396.5 3
          2397.5 1
          2398.5 1
             :
          2409.5 1
             :
          2412.5 1
             :
          2418.5 1
          2419.5 1
          2420.5 2
             :
          2424.5 1
             :
          2428.5 1
          2429.5 1
             :
          2431.5 1
          2432.5 1
          2433.5 2
             :
          2435.5 1
             :
          2446.5 1
             :
          2449.5 1
          2450.5 2
             :
          2455.5 1
          2456.5 1
             :
          2460.5 1
             :
          2462.5 1
          2463.5 1
             :
          2465.5 1
          2466.5 2
             :
          2470.5 1
             :
          2473.5 1
             :
          2476.5 1
             :
          2478.5 1
          2479.5 1
             :
          2481.5 1
             :
          2483.5 1
             :
          2491.5 2
             :
          2493.5 1
             :
          2501.5 1
             :
          2504.5 1
             :
          2510.5 1
             :
          2515.5 1
             :
          2517.5 1
          2518.5 1
             :
          2520.5 1
             :
          2524.5 2
             :
          2529.5 1
             :
          2531.5 1
          2532.5 1
             :
          2534.5 1
             :
          2537.5 1
          2538.5 1
          2539.5 1
          2540.5 1
             :
          2542.5 1
             :
          2547.5 2
             :
          2553.5 1
          2554.5 1
             :
          2561.5 2
             :
          2565.5 1
             :
          2567.5 1
          2568.5 1
          2569.5 1
             :
          2571.5 1
          2572.5 1
             :
          2574.5 1
          2575.5 1
             :
          2582.5 3
          2583.5 1
             :
          2585.5 1
             :
          2589.5 1
          2590.5 2
             :
          2595.5 1
          2596.5 1
             :
          2604.5 2
          2605.5 2
             :
          2607.5 2
          2608.5 1
          2609.5 1
             :
          2611.5 1
             :
          2619.5 1
          2620.5 1
             :
          2622.5 1
             :
          2628.5 1
          2629.5 1
             :
          2635.5 2
             :
          2639.5 1
          2640.5 1
          2641.5 1
          2642.5 1
             :
          2644.5 1
             :
          2646.5 1
             :
          2648.5 1
             :
          2650.5 1
             :
          2655.5 3
             :
          2657.5 2
             :
          2659.5 1
             :
          2665.5 1
             :
          2667.5 1
          2668.5 1
             :
          2677.5 1
          2678.5 1
             :
          2682.5 1
          2683.5 1
             :
          2688.5 1
          2689.5 2
             :
          2694.5 1
             :
          2698.5 2
             :
          2704.5 2
             :
          2707.5 1
             :
          2712.5 1
             :
          2715.5 1
             :
          2721.5 1
          2722.5 1
             :
          2729.5 1
             :
          2731.5 1
             :
          2734.5 1
             :
          2739.5 1
             :
          2748.5 1
             :
          2750.5 1
             :
          2791.5 1
             :
          2798.5 2
          2799.5 2
             :
          2801.5 1
          2802.5 1
             :
          2806.5 1
             :
          2813.5 1
             :
          2822.5 1
             :
          2828.5 1
             :
          2831.5 1
          2832.5 1
             :
          2834.5 3
             :
          2836.5 1
             :
          2839.5 2
             :
          2844.5 1
          2845.5 1
             :
          2848.5 2
             :
          2855.5 1
          2856.5 1
             :
          2864.5 1
             :
          2868.5 1
             :
          2874.5 1
             :
          2876.5 1
             :
          2882.5 2
          2883.5 1
             :
          2886.5 1
          2887.5 1
             :
          2890.5 1
          2891.5 1
             :
          2895.5 1
          2896.5 1
          2897.5 1
             :
          2903.5 1
             :
          2905.5 1
             :
          2910.5 1
          2911.5 1
             :
          2914.5 1
          2915.5 1
          2916.5 1
             :
          2920.5 1
             :
          2924.5 1
             :
          2926.5 1
             :
          2928.5 1
          2929.5 1
             :
          2936.5 1
             :
          2938.5 2
             :
          2941.5 1
             :
          2943.5 1
          2944.5 1
             :
          2951.5 2
             :
          2955.5 1
             :
          2963.5 1
             :
          2970.5 1
             :
          2973.5 1
             :
          2976.5 1
             :
          2979.5 1
             :
          2984.5 1
             :
          2987.5 1
             :
          2995.5 2
          2996.5 1
          2997.5 1
             :
          3004.5 1
             :
          3008.5 1
             :
          3014.5 1
             :
          3017.5 1
             :
          3030.5 1
          3031.5 1
             :
          3036.5 1
             :
          3039.5 1
             :
          3046.5 1
             :
          3055.5 1
             :
          3062.5 1
             :
          3070.5 1
             :
          3076.5 2
             :
          3081.5 1
          3082.5 2
             :
          3088.5 1
             :
          3094.5 1
             :
          3098.5 1
             :
          3108.5 1
          3109.5 1
             :
          3113.5 1
             :
          3115.5 1
          3116.5 1
             :
          3118.5 1
             :
          3127.5 1
             :
          3129.5 2
             :
          3131.5 1
             :
          3134.5 1
             :
          3136.5 2
             :
          3138.5 1
             :
          3144.5 1
             :
          3147.5 2
             :
          3151.5 1
          3152.5 1
             :
          3157.5 2
          3158.5 1
             :
          3162.5 1
             :
          3182.5 1
             :
          3185.5 1
             :
          3196.5 1
             :
          3205.5 1
             :
          3208.5 1
             :
          3217.5 1
             :
          3240.5 1
             :
          3244.5 1
          3245.5 1
             :
          3256.5 1
             :
          3266.5 1
             :
          3276.5 1
             :
          3293.5 1
             :
          3317.5 1
             :
          3319.5 1
             :
          3340.5 1
             :
          3350.5 1
             :
          3354.5 2
             :
          3356.5 1
             :
          3365.5 1
             :
          3389.5 1
          3390.5 1
             :
          3417.5 1
             :
          3437.5 1
             :
          3441.5 1
             :
          3448.5 3
             :
          3464.5 1
             :
          3475.5 1
             :
          3477.5 1
             :
          3493.5 1
             :
          3531.5 1
             :
          3537.5 1
             :
          3544.5 1
             :
          3547.5 1
             :
          3584.5 1
             :
          3590.5 1
             :
          3724.5 1

Total: connections 14400 requests 14400 replies 14400 test-duration 600.249 s

Connection rate: 24.0 conn/s (41.7 ms/conn, <=72 concurrent connections)
Connection time [ms]: min 1.0 avg 303.2 max 3725.0 median 21.5 stddev 591.3
Connection time [ms]: connect 0.9
Connection length [replies/conn]: 1.000

Request rate: 24.0 req/s (41.7 ms/req)
Request size [B]: 67.0

Reply rate [replies/s]: min 11.0 avg 24.0 max 52.0 stddev 4.1 (600 samples)
Percentages of the replies served at a given rate:
   50%: 23
   66%: 23
   75%: 24
   80%: 24
   90%: 26
   95%: 28
   98%: 36
   99%: 39
  100%: 52

Reply time [ms]: response 285.5 transfer 16.7
Percentages of the requests served within a certain time (ms) :
   50%: 20
   66%: 82
   75%: 156
   80%: 560
   90%: 868
   95%: 1636
   98%: 2356
   99%: 2733
  100%: 3590

Reply size [B]: header 163.0 content 72.0 footer 1.0 (total 236.0)
Reply status: 1xx=0 2xx=14387 3xx=0 4xx=0 5xx=13

CPU time [s]: user 448.88 system 150.11 (user 74.8% system 25.0% total 99.8%)
Net I/O: 7.1 KB/s (0.1*10^6 bps)

Errors: total 0 client-timo 0 socket-timo 0 connrefused 0 connreset 0
Errors: fd-unavail 0 addrunavail 0 ftab-full 0 other 0

