httperf --verbose --hog --timeout=50 --client=0/1 --server=172.16.116.116 --port=8080 --uri=/ --rate=24 --send-buffer=4096 --recv-buffer=16384 --num-conns=14400 --num-calls=1
httperf: maximum number of open descriptors = 65535
Maximum connect burst length: 1

Connection lifetime histogram (time in ms):
             0.5 1
             :
             9.5 1
            10.5 740
            11.5 1187
            12.5 700
            13.5 686
            14.5 719
            15.5 642
            16.5 641
            17.5 540
            18.5 505
            19.5 443
            20.5 372
            21.5 375
            22.5 271
            23.5 232
            24.5 148
            25.5 143
            26.5 112
            27.5 86
            28.5 46
            29.5 62
            30.5 56
            31.5 37
            32.5 25
            33.5 10
            34.5 8
            35.5 12
            36.5 12
            37.5 7
            38.5 8
            39.5 2
            40.5 7
            41.5 3
            42.5 11
            43.5 8
            44.5 7
            45.5 6
            46.5 8
            47.5 7
            48.5 13
            49.5 7
            50.5 10
            51.5 13
            52.5 13
            53.5 9
            54.5 10
            55.5 5
            56.5 24
            57.5 8
            58.5 9
            59.5 13
            60.5 12
            61.5 11
            62.5 14
            63.5 14
            64.5 14
            65.5 18
            66.5 22
            67.5 18
            68.5 18
            69.5 11
            70.5 18
            71.5 19
            72.5 22
            73.5 26
            74.5 19
            75.5 22
            76.5 15
            77.5 21
            78.5 21
            79.5 21
            80.5 18
            81.5 20
            82.5 18
            83.5 22
            84.5 12
            85.5 18
            86.5 11
            87.5 19
            88.5 11
            89.5 12
            90.5 20
            91.5 21
            92.5 17
            93.5 21
            94.5 23
            95.5 15
            96.5 23
            97.5 35
            98.5 33
            99.5 17
           100.5 17
           101.5 17
           102.5 23
           103.5 16
           104.5 23
           105.5 21
           106.5 20
           107.5 25
           108.5 12
           109.5 21
           110.5 14
           111.5 15
           112.5 20
           113.5 16
           114.5 19
           115.5 15
           116.5 20
           117.5 19
           118.5 24
           119.5 22
           120.5 24
           121.5 20
           122.5 12
           123.5 21
           124.5 10
           125.5 15
           126.5 19
           127.5 23
           128.5 17
           129.5 14
           130.5 19
           131.5 18
           132.5 19
           133.5 11
           134.5 20
           135.5 20
           136.5 10
           137.5 7
           138.5 14
           139.5 10
           140.5 13
           141.5 16
           142.5 10
           143.5 11
           144.5 10
           145.5 15
           146.5 8
           147.5 10
           148.5 13
           149.5 11
           150.5 13
           151.5 11
           152.5 10
           153.5 6
           154.5 8
           155.5 11
           156.5 5
           157.5 7
           158.5 7
           159.5 9
           160.5 7
           161.5 8
           162.5 6
           163.5 6
           164.5 2
           165.5 8
           166.5 5
           167.5 10
           168.5 7
           169.5 7
           170.5 4
           171.5 3
           172.5 7
           173.5 4
           174.5 5
           175.5 6
           176.5 5
           177.5 6
           178.5 5
           179.5 6
           180.5 1
           181.5 4
           182.5 3
           183.5 6
           184.5 2
             :
           186.5 4
           187.5 3
           188.5 2
             :
           190.5 3
             :
           192.5 3
           193.5 3
           194.5 3
           195.5 2
           196.5 1
           197.5 2
           198.5 4
           199.5 2
           200.5 3
           201.5 1
             :
           203.5 4
           204.5 1
           205.5 2
           206.5 2
             :
           209.5 1
           210.5 1
           211.5 2
           212.5 3
           213.5 1
             :
           215.5 1
             :
           218.5 2
           219.5 1
           220.5 1
             :
           222.5 3
           223.5 1
           224.5 2
           225.5 1
           226.5 1
             :
           228.5 1
           229.5 1
             :
           232.5 1
           233.5 1
           234.5 1
             :
           236.5 1
             :
           238.5 1
             :
           240.5 3
             :
           242.5 1
             :
           245.5 4
             :
           247.5 2
           248.5 1
           249.5 1
             :
           254.5 2
           255.5 1
           256.5 1
             :
           258.5 1
             :
           260.5 1
           261.5 1
           262.5 1
             :
           267.5 1
             :
           269.5 1
           270.5 1
             :
           272.5 6
           273.5 2
             :
           278.5 3
             :
           283.5 1
           284.5 1
           285.5 1
             :
           287.5 1
             :
           289.5 2
             :
           291.5 1
           292.5 1
             :
           294.5 1
           295.5 1
           296.5 1
             :
           300.5 1
             :
           303.5 2
             :
           305.5 3
             :
           308.5 1
             :
           315.5 1
             :
           318.5 1
             :
           323.5 1
             :
           326.5 3
             :
           328.5 2
             :
           330.5 2
             :
           335.5 1
           336.5 1
             :
           338.5 1
           339.5 1
           340.5 1
             :
           343.5 2
           344.5 1
             :
           346.5 2
             :
           348.5 1
             :
           350.5 1
           351.5 1
           352.5 1
             :
           354.5 1
           355.5 1
           356.5 1
           357.5 1
           358.5 1
           359.5 1
             :
           361.5 1
           362.5 1
           363.5 1
           364.5 1
             :
           366.5 1
           367.5 1
             :
           370.5 1
           371.5 1
           372.5 1
           373.5 1
           374.5 2
             :
           376.5 2
             :
           379.5 1
           380.5 1
           381.5 2
             :
           386.5 1
             :
           388.5 1
             :
           392.5 1
             :
           396.5 1
           397.5 1
           398.5 1
             :
           400.5 1
             :
           403.5 1
           404.5 1
             :
           407.5 3
             :
           409.5 1
             :
           412.5 1
             :
           415.5 1
           416.5 1
           417.5 2
             :
           420.5 1
           421.5 1
           422.5 1
           423.5 2
             :
           428.5 1
             :
           431.5 1
           432.5 2
           433.5 3
             :
           436.5 1
           437.5 3
           438.5 1
             :
           440.5 1
           441.5 1
             :
           445.5 4
           446.5 1
           447.5 2
           448.5 2
           449.5 2
             :
           454.5 1
             :
           457.5 3
           458.5 2
             :
           462.5 1
           463.5 2
           464.5 2
           465.5 1
           466.5 2
           467.5 1
           468.5 1
             :
           474.5 2
           475.5 1
           476.5 3
           477.5 1
             :
           481.5 1
           482.5 1
           483.5 1
           484.5 1
           485.5 1
             :
           487.5 2
           488.5 3
           489.5 2
           490.5 1
           491.5 1
           492.5 2
           493.5 1
           494.5 2
           495.5 1
             :
           497.5 2
           498.5 2
           499.5 2
             :
           502.5 4
             :
           505.5 2
           506.5 2
           507.5 1
           508.5 3
           509.5 1
           510.5 2
             :
           513.5 2
           514.5 2
           515.5 1
           516.5 2
           517.5 3
           518.5 3
           519.5 1
             :
           521.5 1
           522.5 1
             :
           524.5 2
           525.5 2
           526.5 3
           527.5 3
             :
           529.5 2
             :
           531.5 2
             :
           533.5 1
           534.5 1
           535.5 2
           536.5 2
             :
           538.5 2
           539.5 1
           540.5 4
           541.5 1
           542.5 3
           543.5 2
             :
           545.5 3
           546.5 1
           547.5 1
           548.5 1
           549.5 1
           550.5 2
           551.5 2
           552.5 2
             :
           554.5 3
           555.5 5
           556.5 2
           557.5 2
           558.5 3
           559.5 4
           560.5 3
           561.5 2
           562.5 1
           563.5 1
           564.5 1
           565.5 3
           566.5 2
           567.5 5
           568.5 3
           569.5 3
           570.5 1
           571.5 4
           572.5 4
           573.5 3
           574.5 2
             :
           576.5 2
             :
           578.5 5
           579.5 4
           580.5 1
           581.5 3
           582.5 1
           583.5 4
           584.5 3
           585.5 4
           586.5 1
           587.5 3
           588.5 4
           589.5 1
           590.5 6
           591.5 1
           592.5 4
           593.5 4
           594.5 4
           595.5 3
           596.5 2
           597.5 4
           598.5 2
           599.5 2
           600.5 2
           601.5 8
           602.5 4
           603.5 4
           604.5 5
           605.5 2
           606.5 2
           607.5 3
           608.5 3
           609.5 1
           610.5 1
           611.5 3
           612.5 3
           613.5 2
           614.5 5
           615.5 4
           616.5 1
           617.5 3
           618.5 3
           619.5 6
           620.5 2
           621.5 5
           622.5 3
           623.5 2
           624.5 4
           625.5 1
           626.5 2
           627.5 9
           628.5 5
           629.5 3
           630.5 6
           631.5 2
           632.5 7
           633.5 4
           634.5 3
           635.5 5
           636.5 3
           637.5 4
           638.5 5
           639.5 5
           640.5 5
           641.5 7
           642.5 5
           643.5 4
           644.5 6
           645.5 3
           646.5 3
           647.5 1
           648.5 5
           649.5 5
           650.5 5
           651.5 2
           652.5 8
           653.5 4
           654.5 6
           655.5 3
           656.5 9
           657.5 7
           658.5 1
           659.5 6
           660.5 4
           661.5 6
           662.5 9
           663.5 7
           664.5 4
           665.5 5
           666.5 8
           667.5 9
           668.5 8
           669.5 4
           670.5 9
           671.5 5
           672.5 5
           673.5 8
           674.5 6
           675.5 3
           676.5 2
           677.5 5
           678.5 7
           679.5 5
           680.5 4
           681.5 4
           682.5 4
           683.5 8
           684.5 2
           685.5 3
           686.5 5
           687.5 6
           688.5 7
           689.5 3
           690.5 8
           691.5 3
           692.5 13
           693.5 3
           694.5 10
           695.5 4
           696.5 2
           697.5 2
           698.5 8
           699.5 8
           700.5 4
           701.5 11
           702.5 8
           703.5 6
           704.5 5
           705.5 14
           706.5 8
           707.5 3
           708.5 3
           709.5 8
           710.5 7
           711.5 2
           712.5 8
             :
           714.5 8
           715.5 8
           716.5 3
           717.5 5
           718.5 9
           719.5 5
           720.5 4
           721.5 4
           722.5 4
           723.5 4
           724.5 3
           725.5 1
           726.5 5
           727.5 12
           728.5 8
           729.5 4
           730.5 9
           731.5 4
           732.5 5
           733.5 6
           734.5 6
           735.5 4
           736.5 9
           737.5 8
           738.5 6
           739.5 4
           740.5 6
           741.5 4
           742.5 6
           743.5 8
           744.5 9
           745.5 10
           746.5 6
           747.5 5
           748.5 10
           749.5 8
           750.5 6
           751.5 10
           752.5 10
           753.5 1
           754.5 5
           755.5 8
             :
           757.5 5
           758.5 4
           759.5 3
           760.5 7
           761.5 7
           762.5 9
           763.5 6
           764.5 6
           765.5 6
           766.5 6
           767.5 9
           768.5 12
           769.5 6
           770.5 2
           771.5 7
           772.5 5
           773.5 6
           774.5 7
           775.5 8
           776.5 7
           777.5 8
           778.5 9
           779.5 6
           780.5 5
           781.5 4
           782.5 8
           783.5 5
           784.5 4
           785.5 9
           786.5 11
           787.5 6
           788.5 6
           789.5 5
           790.5 8
           791.5 5
           792.5 5
           793.5 4
           794.5 4
           795.5 6
           796.5 6
           797.5 12
           798.5 5
           799.5 6
           800.5 9
           801.5 6
           802.5 6
           803.5 5
           804.5 2
           805.5 5
           806.5 6
           807.5 6
           808.5 4
           809.5 4
           810.5 2
           811.5 9
           812.5 5
           813.5 7
           814.5 5
           815.5 6
           816.5 7
           817.5 4
           818.5 3
           819.5 5
           820.5 3
           821.5 6
           822.5 3
           823.5 9
           824.5 4
           825.5 3
           826.5 6
           827.5 2
           828.5 5
           829.5 8
           830.5 5
           831.5 8
           832.5 2
           833.5 5
           834.5 8
           835.5 3
           836.5 2
           837.5 3
           838.5 4
           839.5 4
           840.5 2
           841.5 7
           842.5 5
           843.5 7
           844.5 5
           845.5 9
           846.5 6
           847.5 8
           848.5 9
           849.5 4
           850.5 5
           851.5 4
           852.5 1
           853.5 4
           854.5 9
           855.5 5
           856.5 4
           857.5 6
           858.5 4
           859.5 4
           860.5 3
           861.5 4
           862.5 3
           863.5 6
           864.5 4
           865.5 5
           866.5 2
           867.5 6
           868.5 3
           869.5 5
           870.5 3
           871.5 3
           872.5 3
           873.5 4
           874.5 5
           875.5 7
           876.5 5
           877.5 5
           878.5 4
           879.5 5
           880.5 2
           881.5 5
           882.5 3
           883.5 4
           884.5 1
           885.5 4
           886.5 2
           887.5 4
           888.5 6
           889.5 2
           890.5 6
           891.5 4
           892.5 6
           893.5 2
           894.5 3
           895.5 3
           896.5 2
           897.5 4
           898.5 2
           899.5 3
           900.5 2
           901.5 2
           902.5 5
           903.5 7
           904.5 1
           905.5 8
           906.5 5
           907.5 3
           908.5 3
           909.5 4
           910.5 5
           911.5 2
           912.5 3
           913.5 2
           914.5 5
           915.5 3
           916.5 4
           917.5 2
           918.5 3
           919.5 7
           920.5 2
           921.5 2
           922.5 3
           923.5 5
           924.5 3
           925.5 2
           926.5 1
           927.5 3
           928.5 7
           929.5 4
           930.5 4
           931.5 9
           932.5 3
           933.5 2
           934.5 2
           935.5 1
           936.5 3
           937.5 4
           938.5 3
           939.5 8
           940.5 4
           941.5 3
           942.5 1
           943.5 4
           944.5 4
           945.5 1
           946.5 1
           947.5 2
           948.5 2
           949.5 2
           950.5 1
           951.5 3
           952.5 1
           953.5 3
             :
           955.5 2
           956.5 3
           957.5 2
           958.5 1
           959.5 1
           960.5 4
           961.5 2
           962.5 2
           963.5 1
             :
           965.5 1
           966.5 4
           967.5 1
           968.5 4
           969.5 1
           970.5 1
           971.5 6
           972.5 3
             :
           974.5 2
           975.5 1
           976.5 3
           977.5 4
           978.5 4
           979.5 2
             :
           981.5 3
           982.5 6
             :
           984.5 1
           985.5 4
           986.5 2
           987.5 6
             :
           989.5 3
           990.5 2
           991.5 1
           992.5 2
           993.5 1
           994.5 3
           995.5 1
           996.5 1
             :
           998.5 3
             :
          1000.5 1
          1001.5 4
          1002.5 3
          1003.5 3
          1004.5 6
          1005.5 1
          1006.5 2
          1007.5 5
          1008.5 5
          1009.5 2
          1010.5 5
          1011.5 1
          1012.5 1
          1013.5 2
             :
          1015.5 4
          1016.5 4
          1017.5 2
          1018.5 6
          1019.5 4
          1020.5 2
          1021.5 5
             :
          1023.5 1
          1024.5 2
          1025.5 8
          1026.5 2
          1027.5 2
          1028.5 1
          1029.5 3
             :
          1031.5 4
          1032.5 4
          1033.5 1
          1034.5 3
          1035.5 1
             :
          1037.5 1
          1038.5 2
             :
          1040.5 3
          1041.5 2
          1042.5 2
          1043.5 1
          1044.5 1
          1045.5 2
          1046.5 3
          1047.5 1
          1048.5 3
          1049.5 1
             :
          1051.5 1
          1052.5 2
          1053.5 1
          1054.5 4
          1055.5 2
          1056.5 4
          1057.5 3
          1058.5 2
          1059.5 2
          1060.5 1
          1061.5 2
          1062.5 2
          1063.5 1
          1064.5 2
             :
          1066.5 3
          1067.5 2
          1068.5 2
          1069.5 1
          1070.5 1
          1071.5 4
          1072.5 1
          1073.5 1
             :
          1076.5 2
          1077.5 1
          1078.5 2
             :
          1080.5 3
          1081.5 1
          1082.5 3
             :
          1084.5 1
          1085.5 1
          1086.5 1
          1087.5 1
             :
          1089.5 2
             :
          1093.5 3
             :
          1095.5 2
          1096.5 1
             :
          1101.5 1
          1102.5 1
          1103.5 2
             :
          1105.5 2
          1106.5 1
          1107.5 2
          1108.5 2
          1109.5 2
             :
          1111.5 1
          1112.5 3
             :
          1117.5 1
          1118.5 2
          1119.5 2
          1120.5 2
          1121.5 2
             :
          1123.5 1
             :
          1125.5 3
             :
          1127.5 1
             :
          1129.5 3
             :
          1131.5 3
          1132.5 1
          1133.5 2
             :
          1135.5 1
          1136.5 2
          1137.5 4
             :
          1140.5 1
          1141.5 1
          1142.5 1
          1143.5 2
          1144.5 1
          1145.5 1
          1146.5 1
          1147.5 4
             :
          1149.5 2
          1150.5 2
          1151.5 1
          1152.5 2
          1153.5 1
          1154.5 1
          1155.5 1
          1156.5 2
          1157.5 1
             :
          1159.5 2
          1160.5 2
          1161.5 1
          1162.5 1
          1163.5 1
          1164.5 3
          1165.5 2
             :
          1167.5 2
             :
          1169.5 3
          1170.5 2
          1171.5 1
          1172.5 1
             :
          1174.5 2
          1175.5 3
          1176.5 1
             :
          1178.5 2
             :
          1181.5 1
             :
          1183.5 2
             :
          1185.5 2
          1186.5 1
             :
          1189.5 1
          1190.5 1
          1191.5 1
          1192.5 1
          1193.5 1
          1194.5 3
             :
          1201.5 1
          1202.5 2
          1203.5 2
          1204.5 1
          1205.5 1
             :
          1207.5 1
             :
          1209.5 1
          1210.5 1
          1211.5 1
             :
          1219.5 1
          1220.5 1
             :
          1222.5 3
          1223.5 2
             :
          1225.5 2
             :
          1227.5 2
             :
          1229.5 2
             :
          1231.5 1
             :
          1235.5 1
             :
          1243.5 1
             :
          1245.5 3
          1246.5 1
             :
          1248.5 1
          1249.5 1
             :
          1251.5 2
             :
          1253.5 1
          1254.5 3
          1255.5 1
             :
          1257.5 1
             :
          1259.5 1
          1260.5 1
             :
          1264.5 2
             :
          1266.5 1
             :
          1268.5 1
             :
          1270.5 2
             :
          1272.5 1
             :
          1277.5 2
          1278.5 2
          1279.5 1
             :
          1281.5 1
          1282.5 1
             :
          1284.5 1
             :
          1286.5 1
          1287.5 1
             :
          1291.5 1
             :
          1293.5 1
             :
          1295.5 2
             :
          1297.5 1
             :
          1303.5 1
          1304.5 1
             :
          1306.5 1
          1307.5 1
             :
          1309.5 2
             :
          1312.5 1
             :
          1317.5 2
             :
          1320.5 3
             :
          1322.5 4
             :
          1325.5 2
          1326.5 1
             :
          1331.5 2
             :
          1336.5 1
          1337.5 2
             :
          1340.5 1
             :
          1342.5 2
             :
          1344.5 1
          1345.5 1
          1346.5 1
          1347.5 1
             :
          1349.5 1
             :
          1353.5 1
             :
          1355.5 2
          1356.5 1
          1357.5 1
             :
          1360.5 3
          1361.5 2
             :
          1364.5 1
          1365.5 2
             :
          1367.5 1
          1368.5 1
          1369.5 1
             :
          1371.5 1
          1372.5 1
             :
          1374.5 1
             :
          1376.5 3
             :
          1378.5 1
          1379.5 1
             :
          1382.5 2
             :
          1386.5 2
          1387.5 1
             :
          1389.5 1
             :
          1391.5 1
          1392.5 1
          1393.5 1
          1394.5 1
             :
          1397.5 2
          1398.5 1
          1399.5 1
             :
          1401.5 1
          1402.5 2
          1403.5 1
          1404.5 2
             :
          1407.5 1
          1408.5 1
             :
          1412.5 1
          1413.5 2
             :
          1415.5 1
             :
          1418.5 1
             :
          1420.5 1
             :
          1423.5 3
             :
          1429.5 1
             :
          1431.5 1
          1432.5 1
             :
          1436.5 1
             :
          1439.5 1
             :
          1443.5 1
             :
          1446.5 1
          1447.5 2
          1448.5 1
             :
          1455.5 1
             :
          1457.5 1
          1458.5 1
             :
          1463.5 1
          1464.5 1
          1465.5 1
          1466.5 1
          1467.5 1
             :
          1470.5 1
             :
          1472.5 1
          1473.5 1
             :
          1475.5 1
          1476.5 1
             :
          1478.5 1
             :
          1485.5 1
             :
          1488.5 1
          1489.5 1
             :
          1492.5 1
             :
          1498.5 1
             :
          1504.5 1
             :
          1506.5 1
             :
          1508.5 1
             :
          1510.5 1
             :
          1514.5 1
             :
          1516.5 1
          1517.5 4
             :
          1522.5 2
             :
          1526.5 2
             :
          1529.5 1
          1530.5 1
             :
          1534.5 2
             :
          1536.5 1
             :
          1538.5 1
          1539.5 1
          1540.5 1
             :
          1544.5 1
             :
          1548.5 1
          1549.5 2
             :
          1551.5 2
             :
          1554.5 1
             :
          1556.5 1
          1557.5 1
             :
          1559.5 1
             :
          1567.5 1
          1568.5 1
          1569.5 1
          1570.5 1
          1571.5 2
          1572.5 1
          1573.5 1
          1574.5 2
             :
          1579.5 1
          1580.5 1
          1581.5 1
             :
          1583.5 2
          1584.5 1
          1585.5 1
          1586.5 1
             :
          1588.5 1
          1589.5 2
             :
          1591.5 2
          1592.5 1
             :
          1595.5 2
             :
          1597.5 1
          1598.5 1
             :
          1602.5 1
             :
          1604.5 1
             :
          1613.5 1
             :
          1615.5 1
             :
          1617.5 1
             :
          1619.5 1
             :
          1621.5 1
             :
          1627.5 2
          1628.5 2
          1629.5 1
             :
          1636.5 1
             :
          1642.5 1
          1643.5 1
             :
          1645.5 1
             :
          1647.5 1
             :
          1651.5 1
             :
          1655.5 1
             :
          1659.5 1
             :
          1661.5 1
             :
          1664.5 1
          1665.5 1
             :
          1669.5 2
             :
          1671.5 2
             :
          1676.5 1
             :
          1678.5 1
          1679.5 1
             :
          1681.5 1
          1682.5 2
             :
          1686.5 1
             :
          1690.5 1
             :
          1692.5 2
          1693.5 1
          1694.5 1
             :
          1697.5 1
          1698.5 1
          1699.5 1
          1700.5 1
          1701.5 1
             :
          1703.5 1
             :
          1705.5 1
          1706.5 1
             :
          1713.5 1
          1714.5 1
          1715.5 1
             :
          1727.5 1
             :
          1731.5 1
             :
          1734.5 1
          1735.5 2
          1736.5 1
          1737.5 1
          1738.5 1
             :
          1744.5 1
             :
          1746.5 1
             :
          1748.5 1
          1749.5 2
             :
          1754.5 1
             :
          1758.5 1
             :
          1760.5 1
             :
          1766.5 1
             :
          1769.5 1
             :
          1772.5 1
          1773.5 1
             :
          1776.5 1
             :
          1780.5 1
          1781.5 1
          1782.5 1
             :
          1792.5 1
          1793.5 1
             :
          1796.5 1
             :
          1799.5 3
          1800.5 1
             :
          1802.5 2
             :
          1807.5 1
          1808.5 1
             :
          1810.5 1
             :
          1812.5 1
             :
          1814.5 1
             :
          1818.5 1
          1819.5 1
          1820.5 1
             :
          1822.5 1
             :
          1824.5 1
          1825.5 2
             :
          1828.5 3
             :
          1832.5 1
          1833.5 1
             :
          1835.5 1
             :
          1837.5 2
          1838.5 2
             :
          1840.5 1
             :
          1842.5 2
             :
          1844.5 2
          1845.5 1
             :
          1849.5 1
          1850.5 1
             :
          1856.5 2
             :
          1860.5 1
          1861.5 1
          1862.5 1
             :
          1864.5 1
             :
          1868.5 1
          1869.5 1
             :
          1872.5 1
             :
          1876.5 1
             :
          1879.5 2
             :
          1882.5 2
          1883.5 2
             :
          1886.5 1
          1887.5 1
          1888.5 1
             :
          1890.5 2
             :
          1894.5 2
             :
          1898.5 1
             :
          1900.5 2
             :
          1904.5 1
          1905.5 1
             :
          1908.5 1
             :
          1910.5 3
             :
          1912.5 1
          1913.5 1
          1914.5 1
          1915.5 1
             :
          1917.5 2
          1918.5 1
             :
          1920.5 1
             :
          1922.5 2
             :
          1924.5 2
          1925.5 2
          1926.5 2
          1927.5 1
             :
          1929.5 1
             :
          1931.5 1
             :
          1935.5 1
          1936.5 2
          1937.5 1
             :
          1940.5 1
          1941.5 1
             :
          1944.5 1
             :
          1946.5 1
          1947.5 2
          1948.5 1
             :
          1956.5 1
             :
          1960.5 1
             :
          1962.5 2
             :
          1970.5 1
          1971.5 1
             :
          1974.5 1
          1975.5 1
             :
          1977.5 3
          1978.5 1
          1979.5 1
          1980.5 2
          1981.5 1
             :
          1983.5 1
             :
          1985.5 2
             :
          1987.5 1
             :
          1990.5 1
             :
          1993.5 1
             :
          1996.5 1
             :
          1998.5 1
          1999.5 1
          2000.5 1
          2001.5 1
          2002.5 1
          2003.5 1
          2004.5 1
             :
          2006.5 1
             :
          2008.5 1
          2009.5 1
             :
          2011.5 1
             :
          2013.5 1
             :
          2015.5 1
          2016.5 2
             :
          2018.5 1
          2019.5 1
             :
          2021.5 1
             :
          2024.5 1
          2025.5 1
          2026.5 1
             :
          2030.5 1
          2031.5 1
             :
          2033.5 1
             :
          2037.5 2
             :
          2039.5 1
             :
          2042.5 1
             :
          2044.5 1
             :
          2048.5 1
          2049.5 2
          2050.5 1
          2051.5 1
             :
          2053.5 1
          2054.5 1
             :
          2056.5 1
          2057.5 1
             :
          2064.5 1
             :
          2069.5 1
             :
          2076.5 1
             :
          2082.5 1
          2083.5 2
             :
          2087.5 1
             :
          2089.5 1
             :
          2095.5 2
             :
          2097.5 1
          2098.5 2
             :
          2100.5 1
          2101.5 1
          2102.5 1
             :
          2104.5 1
             :
          2110.5 2
             :
          2119.5 1
          2120.5 1
          2121.5 2
             :
          2124.5 1
             :
          2126.5 2
             :
          2129.5 1
          2130.5 1
          2131.5 2
             :
          2135.5 1
          2136.5 2
             :
          2140.5 1
          2141.5 2
          2142.5 1
             :
          2144.5 1
             :
          2147.5 1
          2148.5 1
          2149.5 1
          2150.5 1
             :
          2152.5 1
             :
          2155.5 1
          2156.5 1
          2157.5 1
             :
          2160.5 1
             :
          2163.5 1
             :
          2165.5 1
          2166.5 1
          2167.5 1
             :
          2169.5 1
             :
          2174.5 1
             :
          2176.5 1
          2177.5 1
             :
          2180.5 2
          2181.5 1
          2182.5 1
          2183.5 1
             :
          2185.5 1
             :
          2189.5 1
             :
          2193.5 1
          2194.5 1
             :
          2197.5 1
          2198.5 1
             :
          2200.5 1
          2201.5 2
          2202.5 1
          2203.5 1
             :
          2205.5 1
             :
          2207.5 1
             :
          2209.5 1
             :
          2213.5 1
          2214.5 4
             :
          2217.5 1
             :
          2223.5 1
             :
          2231.5 1
          2232.5 1
          2233.5 1
          2234.5 1
          2235.5 1
          2236.5 2
          2237.5 1
          2238.5 1
          2239.5 1
             :
          2241.5 1
          2242.5 1
             :
          2245.5 1
             :
          2247.5 2
          2248.5 1
             :
          2250.5 1
          2251.5 1
             :
          2253.5 1
          2254.5 1
             :
          2259.5 1
             :
          2261.5 2
             :
          2264.5 1
          2265.5 1
             :
          2271.5 1
             :
          2274.5 1
             :
          2276.5 2
             :
          2283.5 1
          2284.5 1
          2285.5 2
             :
          2290.5 1
          2291.5 1
             :
          2293.5 1
             :
          2295.5 1
          2296.5 1
          2297.5 1
             :
          2302.5 1
          2303.5 1
             :
          2306.5 1
          2307.5 2
          2308.5 1
          2309.5 1
          2310.5 2
             :
          2312.5 1
             :
          2314.5 1
             :
          2316.5 3
             :
          2318.5 1
             :
          2321.5 2
             :
          2325.5 1
          2326.5 1
             :
          2329.5 1
          2330.5 1
             :
          2332.5 4
             :
          2336.5 1
          2337.5 1
          2338.5 1
          2339.5 2
          2340.5 1
             :
          2342.5 1
          2343.5 1
             :
          2345.5 2
             :
          2348.5 2
             :
          2353.5 1
             :
          2359.5 1
             :
          2365.5 1
          2366.5 1
             :
          2368.5 1
          2369.5 3
          2370.5 1
          2371.5 1
             :
          2373.5 1
          2374.5 1
          2375.5 2
          2376.5 1
             :
          2378.5 1
          2379.5 1
             :
          2383.5 1
             :
          2385.5 1
             :
          2389.5 2
          2390.5 1
          2391.5 2
             :
          2393.5 1
             :
          2395.5 1
             :
          2397.5 2
             :
          2399.5 1
             :
          2403.5 2
          2404.5 2
             :
          2407.5 1
             :
          2409.5 1
          2410.5 1
             :
          2414.5 1
          2415.5 1
             :
          2418.5 2
             :
          2420.5 3
          2421.5 2
             :
          2427.5 2
          2428.5 1
             :
          2431.5 1
             :
          2433.5 1
          2434.5 1
             :
          2436.5 1
             :
          2439.5 1
          2440.5 1
             :
          2444.5 1
             :
          2446.5 1
          2447.5 1
             :
          2449.5 1
          2450.5 1
          2451.5 2
             :
          2453.5 2
             :
          2456.5 1
             :
          2460.5 1
          2461.5 1
             :
          2464.5 1
          2465.5 1
          2466.5 1
             :
          2470.5 2
          2471.5 1
          2472.5 1
             :
          2474.5 2
             :
          2478.5 1
          2479.5 1
             :
          2481.5 1
             :
          2483.5 1
             :
          2485.5 1
             :
          2488.5 1
             :
          2490.5 1
             :
          2494.5 2
          2495.5 1
          2496.5 1
             :
          2498.5 1
             :
          2501.5 2
          2502.5 1
             :
          2504.5 2
             :
          2508.5 1
          2509.5 1
          2510.5 1
          2511.5 1
          2512.5 1
          2513.5 3
          2514.5 2
             :
          2516.5 1
             :
          2521.5 1
          2522.5 1
             :
          2525.5 1
          2526.5 2
             :
          2529.5 1
          2530.5 2
             :
          2536.5 1
             :
          2538.5 1
             :
          2540.5 2
             :
          2542.5 1
          2543.5 1
             :
          2546.5 1
          2547.5 1
          2548.5 1
             :
          2558.5 1
             :
          2562.5 1
          2563.5 1
             :
          2565.5 1
          2566.5 1
             :
          2576.5 1
          2577.5 1
             :
          2582.5 2
             :
          2585.5 1
             :
          2587.5 1
             :
          2590.5 1
             :
          2597.5 1
             :
          2600.5 1
             :
          2603.5 1
             :
          2607.5 2
             :
          2609.5 1
             :
          2612.5 1
             :
          2615.5 1
             :
          2617.5 2
             :
          2621.5 1
          2622.5 1
          2623.5 1
             :
          2625.5 1
             :
          2627.5 1
          2628.5 1
             :
          2630.5 1
             :
          2635.5 1
          2636.5 2
             :
          2641.5 1
             :
          2644.5 1
             :
          2646.5 1
             :
          2648.5 1
             :
          2653.5 1
             :
          2655.5 1
             :
          2660.5 1
          2661.5 2
             :
          2665.5 1
             :
          2667.5 1
             :
          2670.5 2
          2671.5 1
             :
          2674.5 1
             :
          2676.5 1
             :
          2680.5 1
             :
          2684.5 1
             :
          2686.5 1
             :
          2690.5 1
          2691.5 1
          2692.5 2
             :
          2696.5 1
             :
          2701.5 2
             :
          2703.5 1
             :
          2705.5 1
             :
          2708.5 1
             :
          2711.5 1
             :
          2714.5 3
             :
          2716.5 1
             :
          2720.5 1
             :
          2729.5 1
          2730.5 1
             :
          2737.5 1
          2738.5 1
             :
          2742.5 1
          2743.5 1
             :
          2746.5 1
          2747.5 1
          2748.5 1
             :
          2751.5 3
             :
          2757.5 1
          2758.5 1
             :
          2760.5 1
             :
          2765.5 2
             :
          2769.5 1
             :
          2772.5 1
             :
          2775.5 1
          2776.5 1
          2777.5 2
          2778.5 1
             :
          2780.5 1
          2781.5 1
             :
          2783.5 1
          2784.5 1
             :
          2788.5 1
          2789.5 1
             :
          2798.5 1
          2799.5 1
             :
          2801.5 1
             :
          2805.5 1
             :
          2809.5 1
             :
          2811.5 1
             :
          2817.5 1
          2818.5 1
          2819.5 1
             :
          2821.5 1
          2822.5 1
             :
          2826.5 1
             :
          2829.5 2
          2830.5 1
             :
          2833.5 1
             :
          2838.5 1
          2839.5 1
          2840.5 1
          2841.5 1
             :
          2843.5 1
             :
          2846.5 3
          2847.5 2
             :
          2850.5 1
             :
          2857.5 1
             :
          2861.5 1
             :
          2867.5 1
             :
          2873.5 1
             :
          2876.5 1
             :
          2878.5 1
             :
          2886.5 1
             :
          2905.5 1
          2906.5 1
          2907.5 1
          2908.5 2
             :
          2911.5 1
          2912.5 1
             :
          2919.5 1
             :
          2923.5 1
          2924.5 1
          2925.5 3
             :
          2931.5 1
          2932.5 1
             :
          2934.5 1
          2935.5 2
          2936.5 1
             :
          2939.5 1
             :
          2941.5 1
             :
          2947.5 1
          2948.5 1
             :
          2951.5 1
             :
          2956.5 1
          2957.5 2
             :
          2962.5 1
             :
          2965.5 1
             :
          2969.5 1
             :
          2972.5 1
             :
          2977.5 1
             :
          2979.5 1
          2980.5 2
             :
          2982.5 1
             :
          2985.5 1
          2986.5 2
             :
          2990.5 1
             :
          2996.5 2
             :
          2999.5 1
             :
          3005.5 1
             :
          3011.5 1
             :
          3020.5 1
             :
          3022.5 1
             :
          3026.5 1
             :
          3031.5 1
             :
          3035.5 1
             :
          3040.5 1
             :
          3042.5 1
             :
          3046.5 1
             :
          3053.5 1
             :
          3056.5 1
             :
          3061.5 1
             :
          3064.5 1
             :
          3070.5 2
             :
          3076.5 1
          3077.5 3
             :
          3083.5 1
             :
          3087.5 2
          3088.5 1
             :
          3091.5 1
             :
          3111.5 1
             :
          3122.5 1
             :
          3125.5 1
          3126.5 1
          3127.5 2
             :
          3134.5 1
          3135.5 1
             :
          3142.5 1
             :
          3146.5 1
             :
          3149.5 1
             :
          3154.5 2
             :
          3159.5 1
          3160.5 1
             :
          3184.5 1
             :
          3189.5 1
             :
          3196.5 1
             :
          3213.5 1
             :
          3220.5 1
             :
          3224.5 1
             :
          3233.5 1
             :
          3253.5 1
             :
          3256.5 1
             :
          3259.5 1
             :
          3263.5 1
             :
          3267.5 1
             :
          3286.5 1
             :
          3297.5 1
             :
          3302.5 1
             :
          3371.5 1
             :
          3401.5 1
             :
          3424.5 1
             :
          3433.5 1
             :
          3464.5 1
             :
          3479.5 1
             :
          3485.5 1
             :
          3487.5 1
          3488.5 1
             :
          3490.5 1
             :
          3503.5 1
             :
          3546.5 1
             :
          3554.5 1
             :
          3608.5 1
             :
          3619.5 1
             :
          3646.5 1
             :
          3694.5 1
             :
          3802.5 1

Total: connections 14400 requests 14400 replies 14400 test-duration 600.614 s

Connection rate: 24.0 conn/s (41.7 ms/conn, <=72 concurrent connections)
Connection time [ms]: min 0.9 avg 308.3 max 3802.2 median 21.5 stddev 596.6
Connection time [ms]: connect 0.9
Connection length [replies/conn]: 1.000

Request rate: 24.0 req/s (41.7 ms/req)
Request size [B]: 67.0

Reply rate [replies/s]: min 8.0 avg 24.0 max 54.0 stddev 4.4 (600 samples)
Percentages of the replies served at a given rate:
   50%: 23
   66%: 23
   75%: 24
   80%: 24
   90%: 26
   95%: 29
   98%: 35
   99%: 42
  100%: 54

Reply time [ms]: response 290.3 transfer 17.0
Percentages of the requests served within a certain time (ms) :
   50%: 19
   66%: 80
   75%: 176
   80%: 584
   90%: 875
   95%: 1633
   98%: 2428
   99%: 2736
  100%: 3682

Reply size [B]: header 163.0 content 72.0 footer 1.0 (total 236.0)
Reply status: 1xx=0 2xx=14392 3xx=0 4xx=0 5xx=8

CPU time [s]: user 448.34 system 151.06 (user 74.6% system 25.2% total 99.8%)
Net I/O: 7.1 KB/s (0.1*10^6 bps)

Errors: total 0 client-timo 0 socket-timo 0 connrefused 0 connreset 0
Errors: fd-unavail 0 addrunavail 0 ftab-full 0 other 0

