httperf --verbose --hog --timeout=50 --client=0/1 --server=172.16.116.116 --port=8080 --uri=/ --rate=24 --send-buffer=4096 --recv-buffer=16384 --num-conns=14400 --num-calls=1
httperf: maximum number of open descriptors = 65535
Maximum connect burst length: 1

Connection lifetime histogram (time in ms):
             :
             9.5 1
            10.5 438
            11.5 1131
            12.5 775
            13.5 569
            14.5 671
            15.5 895
            16.5 1002
            17.5 667
            18.5 463
            19.5 379
            20.5 357
            21.5 343
            22.5 324
            23.5 266
            24.5 209
            25.5 188
            26.5 143
            27.5 99
            28.5 81
            29.5 60
            30.5 37
            31.5 44
            32.5 35
            33.5 18
            34.5 24
            35.5 15
            36.5 19
            37.5 10
            38.5 14
            39.5 6
            40.5 16
            41.5 8
            42.5 7
            43.5 10
            44.5 8
            45.5 5
            46.5 10
            47.5 13
            48.5 15
            49.5 8
            50.5 17
            51.5 13
            52.5 11
            53.5 13
            54.5 11
            55.5 13
            56.5 17
            57.5 13
            58.5 6
            59.5 18
            60.5 15
            61.5 18
            62.5 12
            63.5 15
            64.5 21
            65.5 13
            66.5 10
            67.5 26
            68.5 25
            69.5 24
            70.5 22
            71.5 23
            72.5 23
            73.5 22
            74.5 21
            75.5 9
            76.5 18
            77.5 26
            78.5 22
            79.5 17
            80.5 29
            81.5 23
            82.5 23
            83.5 25
            84.5 24
            85.5 26
            86.5 29
            87.5 16
            88.5 30
            89.5 15
            90.5 29
            91.5 21
            92.5 22
            93.5 27
            94.5 15
            95.5 15
            96.5 28
            97.5 15
            98.5 22
            99.5 19
           100.5 25
           101.5 21
           102.5 25
           103.5 23
           104.5 23
           105.5 26
           106.5 19
           107.5 21
           108.5 18
           109.5 33
           110.5 13
           111.5 19
           112.5 27
           113.5 26
           114.5 18
           115.5 31
           116.5 20
           117.5 26
           118.5 29
           119.5 24
           120.5 20
           121.5 25
           122.5 30
           123.5 17
           124.5 23
           125.5 15
           126.5 25
           127.5 18
           128.5 18
           129.5 18
           130.5 17
           131.5 22
           132.5 21
           133.5 22
           134.5 21
           135.5 17
           136.5 20
           137.5 23
           138.5 11
           139.5 17
           140.5 12
           141.5 10
           142.5 12
           143.5 14
           144.5 13
           145.5 14
           146.5 10
           147.5 12
           148.5 12
           149.5 16
           150.5 10
           151.5 10
           152.5 14
           153.5 15
           154.5 17
           155.5 11
           156.5 7
           157.5 8
           158.5 8
           159.5 15
           160.5 8
           161.5 12
           162.5 8
           163.5 4
           164.5 12
           165.5 7
           166.5 7
           167.5 10
           168.5 12
           169.5 8
           170.5 3
           171.5 3
           172.5 9
           173.5 8
           174.5 4
           175.5 7
           176.5 5
           177.5 5
           178.5 8
           179.5 4
           180.5 2
           181.5 6
           182.5 6
           183.5 6
           184.5 7
           185.5 9
           186.5 3
           187.5 4
           188.5 6
           189.5 5
           190.5 2
           191.5 1
           192.5 3
           193.5 5
           194.5 2
           195.5 3
           196.5 2
           197.5 1
             :
           199.5 3
           200.5 1
           201.5 1
           202.5 2
           203.5 1
           204.5 1
           205.5 3
           206.5 2
           207.5 3
           208.5 1
           209.5 1
           210.5 3
           211.5 1
           212.5 1
           213.5 3
           214.5 2
           215.5 1
             :
           218.5 2
           219.5 2
             :
           221.5 1
             :
           223.5 3
           224.5 1
           225.5 2
           226.5 1
           227.5 2
           228.5 2
           229.5 1
             :
           232.5 1
           233.5 1
           234.5 1
           235.5 1
             :
           237.5 1
           238.5 1
             :
           240.5 1
             :
           245.5 1
             :
           248.5 1
             :
           250.5 1
             :
           252.5 1
             :
           256.5 2
           257.5 2
             :
           259.5 4
           260.5 2
             :
           262.5 2
             :
           264.5 1
           265.5 1
           266.5 1
             :
           269.5 2
             :
           272.5 2
           273.5 1
             :
           275.5 1
             :
           277.5 1
           278.5 3
             :
           280.5 1
             :
           285.5 1
           286.5 2
           287.5 1
           288.5 1
             :
           293.5 1
           294.5 2
             :
           296.5 2
           297.5 2
             :
           299.5 1
           300.5 1
             :
           304.5 1
             :
           308.5 1
             :
           311.5 1
           312.5 1
           313.5 1
           314.5 1
             :
           317.5 2
             :
           321.5 1
             :
           330.5 3
             :
           333.5 1
           334.5 1
           335.5 2
             :
           337.5 1
           338.5 1
           339.5 2
           340.5 3
           341.5 1
           342.5 1
           343.5 3
           344.5 1
           345.5 1
             :
           347.5 1
             :
           349.5 1
             :
           351.5 1
           352.5 4
             :
           357.5 1
           358.5 1
           359.5 2
             :
           362.5 1
           363.5 2
           364.5 1
           365.5 2
             :
           369.5 1
           370.5 1
             :
           372.5 1
             :
           374.5 1
             :
           376.5 1
           377.5 1
             :
           381.5 1
           382.5 2
           383.5 1
             :
           390.5 1
           391.5 1
           392.5 2
             :
           394.5 1
           395.5 1
           396.5 2
           397.5 2
             :
           400.5 1
           401.5 2
             :
           405.5 2
           406.5 1
             :
           408.5 1
             :
           410.5 1
           411.5 1
             :
           414.5 1
             :
           418.5 1
           419.5 1
             :
           421.5 1
           422.5 1
             :
           425.5 2
           426.5 2
             :
           428.5 2
           429.5 1
             :
           433.5 1
             :
           440.5 3
             :
           443.5 1
             :
           446.5 3
             :
           448.5 1
             :
           452.5 1
             :
           457.5 1
             :
           463.5 1
           464.5 2
           465.5 2
             :
           467.5 4
             :
           470.5 1
           471.5 2
           472.5 1
             :
           474.5 2
           475.5 1
           476.5 1
             :
           480.5 2
             :
           482.5 1
           483.5 2
           484.5 1
             :
           487.5 1
             :
           491.5 2
           492.5 2
             :
           494.5 2
             :
           496.5 2
             :
           499.5 1
           500.5 1
           501.5 1
           502.5 1
           503.5 1
             :
           506.5 1
             :
           511.5 1
             :
           516.5 2
             :
           519.5 1
           520.5 1
             :
           522.5 1
           523.5 1
             :
           526.5 1
           527.5 1
             :
           531.5 1
           532.5 2
             :
           534.5 2
             :
           536.5 2
           537.5 2
           538.5 1
             :
           540.5 1
           541.5 1
           542.5 2
             :
           544.5 2
             :
           547.5 1
           548.5 1
             :
           550.5 2
           551.5 1
           552.5 1
           553.5 2
           554.5 1
           555.5 2
             :
           558.5 1
           559.5 2
             :
           561.5 1
           562.5 1
           563.5 4
           564.5 1
           565.5 2
           566.5 1
             :
           568.5 4
             :
           570.5 2
           571.5 1
             :
           573.5 2
           574.5 1
           575.5 1
           576.5 1
           577.5 2
           578.5 1
           579.5 2
           580.5 2
             :
           582.5 2
           583.5 3
             :
           585.5 2
           586.5 1
           587.5 1
             :
           590.5 2
           591.5 2
           592.5 4
           593.5 3
             :
           595.5 2
             :
           597.5 1
           598.5 3
             :
           600.5 2
             :
           602.5 3
           603.5 4
           604.5 1
             :
           606.5 3
           607.5 2
             :
           609.5 1
           610.5 5
           611.5 4
           612.5 1
           613.5 2
           614.5 1
             :
           616.5 2
           617.5 1
             :
           619.5 1
           620.5 2
           621.5 2
             :
           623.5 1
           624.5 3
           625.5 1
           626.5 2
             :
           630.5 2
           631.5 2
           632.5 4
           633.5 1
           634.5 1
           635.5 1
           636.5 1
           637.5 1
             :
           639.5 2
           640.5 6
           641.5 4
           642.5 1
           643.5 5
           644.5 1
           645.5 1
           646.5 3
           647.5 4
           648.5 2
           649.5 3
           650.5 2
           651.5 1
           652.5 1
           653.5 1
           654.5 1
           655.5 6
           656.5 3
             :
           658.5 2
           659.5 1
           660.5 3
           661.5 1
           662.5 2
           663.5 3
           664.5 1
           665.5 1
           666.5 1
           667.5 6
           668.5 1
           669.5 3
           670.5 2
             :
           672.5 4
             :
           674.5 3
           675.5 4
           676.5 1
           677.5 2
           678.5 3
           679.5 5
           680.5 3
             :
           682.5 2
           683.5 4
           684.5 4
           685.5 2
           686.5 4
           687.5 3
             :
           689.5 2
           690.5 6
           691.5 3
           692.5 5
           693.5 2
           694.5 3
           695.5 1
           696.5 6
             :
           698.5 5
           699.5 4
           700.5 3
           701.5 2
           702.5 9
           703.5 2
           704.5 5
           705.5 5
           706.5 2
           707.5 4
           708.5 4
           709.5 5
           710.5 1
             :
           712.5 1
           713.5 2
           714.5 4
           715.5 2
           716.5 5
           717.5 1
           718.5 2
           719.5 3
           720.5 2
           721.5 5
           722.5 7
           723.5 7
           724.5 6
           725.5 1
           726.5 5
           727.5 5
           728.5 1
           729.5 5
           730.5 3
           731.5 5
           732.5 7
           733.5 4
           734.5 3
           735.5 3
           736.5 3
           737.5 5
           738.5 2
           739.5 2
           740.5 5
           741.5 4
           742.5 10
           743.5 5
           744.5 6
           745.5 7
           746.5 3
           747.5 3
           748.5 7
           749.5 5
           750.5 3
           751.5 4
           752.5 5
           753.5 2
           754.5 3
           755.5 2
           756.5 6
           757.5 3
           758.5 2
           759.5 5
           760.5 7
           761.5 4
           762.5 3
           763.5 1
           764.5 4
           765.5 4
           766.5 9
           767.5 3
           768.5 3
           769.5 7
           770.5 4
           771.5 1
           772.5 2
           773.5 6
           774.5 4
           775.5 3
           776.5 4
             :
           778.5 4
           779.5 3
           780.5 5
           781.5 4
           782.5 5
           783.5 4
           784.5 6
           785.5 3
           786.5 1
           787.5 6
           788.5 5
           789.5 3
           790.5 1
           791.5 3
           792.5 2
           793.5 4
           794.5 5
           795.5 6
           796.5 5
           797.5 5
           798.5 4
           799.5 3
           800.5 3
           801.5 5
           802.5 4
           803.5 3
           804.5 3
           805.5 3
           806.5 6
           807.5 2
           808.5 5
           809.5 2
           810.5 7
           811.5 6
           812.5 3
           813.5 4
           814.5 2
           815.5 5
             :
           817.5 4
           818.5 4
           819.5 2
           820.5 4
           821.5 1
           822.5 6
           823.5 3
           824.5 4
           825.5 7
           826.5 4
           827.5 2
           828.5 4
           829.5 3
           830.5 4
           831.5 6
           832.5 5
           833.5 2
           834.5 2
           835.5 2
           836.5 5
           837.5 3
           838.5 2
           839.5 3
           840.5 1
           841.5 1
           842.5 3
           843.5 1
           844.5 1
           845.5 6
           846.5 6
           847.5 1
           848.5 2
           849.5 6
           850.5 4
           851.5 1
           852.5 3
           853.5 2
           854.5 8
           855.5 7
           856.5 4
           857.5 3
           858.5 4
           859.5 4
           860.5 5
           861.5 2
           862.5 3
           863.5 3
           864.5 7
           865.5 5
           866.5 5
           867.5 2
           868.5 2
           869.5 6
           870.5 5
           871.5 2
           872.5 4
           873.5 3
           874.5 2
           875.5 1
           876.5 3
           877.5 4
             :
           879.5 6
           880.5 2
           881.5 3
           882.5 3
           883.5 3
           884.5 4
           885.5 1
           886.5 1
           887.5 2
           888.5 5
           889.5 6
           890.5 4
           891.5 5
           892.5 2
           893.5 5
           894.5 5
           895.5 5
           896.5 3
             :
           898.5 5
           899.5 6
           900.5 2
           901.5 4
           902.5 4
           903.5 1
           904.5 2
           905.5 4
           906.5 4
           907.5 4
           908.5 5
           909.5 3
           910.5 2
           911.5 2
           912.5 3
           913.5 3
           914.5 2
           915.5 6
           916.5 3
           917.5 4
           918.5 2
           919.5 1
           920.5 4
           921.5 4
             :
           923.5 2
           924.5 2
           925.5 2
           926.5 5
           927.5 3
           928.5 6
           929.5 2
           930.5 3
           931.5 4
           932.5 1
           933.5 3
             :
           935.5 2
           936.5 1
           937.5 3
           938.5 3
           939.5 2
           940.5 1
           941.5 3
           942.5 3
             :
           944.5 4
           945.5 1
           946.5 1
           947.5 3
           948.5 3
           949.5 3
           950.5 1
           951.5 3
           952.5 3
           953.5 2
           954.5 2
           955.5 2
           956.5 1
           957.5 2
           958.5 1
           959.5 3
           960.5 4
           961.5 1
           962.5 5
           963.5 1
           964.5 5
             :
           966.5 2
           967.5 2
           968.5 1
           969.5 2
           970.5 4
           971.5 4
           972.5 4
           973.5 1
           974.5 5
           975.5 3
           976.5 2
           977.5 4
           978.5 2
           979.5 1
           980.5 1
           981.5 1
             :
           984.5 2
           985.5 4
           986.5 6
             :
           988.5 4
           989.5 3
           990.5 1
           991.5 1
             :
           993.5 2
           994.5 1
           995.5 2
             :
           997.5 1
           998.5 5
           999.5 1
          1000.5 4
          1001.5 2
          1002.5 2
             :
          1004.5 1
          1005.5 2
          1006.5 2
             :
          1008.5 3
          1009.5 1
             :
          1012.5 1
          1013.5 2
          1014.5 2
             :
          1016.5 2
             :
          1019.5 2
          1020.5 1
          1021.5 4
          1022.5 2
          1023.5 2
          1024.5 2
          1025.5 2
          1026.5 2
          1027.5 3
          1028.5 4
          1029.5 4
          1030.5 2
          1031.5 1
          1032.5 2
          1033.5 1
             :
          1036.5 1
          1037.5 2
          1038.5 2
          1039.5 1
             :
          1043.5 2
          1044.5 1
          1045.5 2
          1046.5 1
             :
          1048.5 2
          1049.5 1
             :
          1051.5 4
             :
          1053.5 1
          1054.5 1
          1055.5 2
          1056.5 1
             :
          1058.5 1
          1059.5 1
          1060.5 1
          1061.5 1
          1062.5 1
             :
          1065.5 3
             :
          1068.5 3
          1069.5 2
          1070.5 4
             :
          1072.5 2
          1073.5 1
             :
          1076.5 1
          1077.5 1
          1078.5 1
          1079.5 5
             :
          1082.5 1
          1083.5 4
          1084.5 2
          1085.5 2
             :
          1087.5 2
          1088.5 2
             :
          1090.5 1
          1091.5 1
             :
          1093.5 1
          1094.5 2
          1095.5 1
          1096.5 1
             :
          1099.5 1
          1100.5 2
          1101.5 1
          1102.5 1
          1103.5 1
          1104.5 1
          1105.5 2
          1106.5 1
          1107.5 1
             :
          1109.5 3
          1110.5 2
          1111.5 2
             :
          1113.5 3
          1114.5 1
          1115.5 2
          1116.5 1
             :
          1118.5 1
          1119.5 1
          1120.5 2
             :
          1126.5 1
          1127.5 1
          1128.5 1
          1129.5 1
          1130.5 1
          1131.5 2
             :
          1135.5 1
          1136.5 2
          1137.5 1
          1138.5 1
          1139.5 2
             :
          1142.5 1
          1143.5 1
          1144.5 2
          1145.5 1
             :
          1149.5 1
          1150.5 2
          1151.5 1
          1152.5 2
          1153.5 2
          1154.5 1
             :
          1156.5 2
          1157.5 2
          1158.5 2
             :
          1161.5 1
          1162.5 1
             :
          1164.5 1
             :
          1166.5 1
          1167.5 1
             :
          1171.5 1
          1172.5 1
             :
          1175.5 1
          1176.5 1
          1177.5 1
          1178.5 1
          1179.5 3
             :
          1181.5 1
          1182.5 1
          1183.5 2
             :
          1185.5 1
             :
          1187.5 2
          1188.5 1
          1189.5 1
             :
          1191.5 1
             :
          1193.5 3
          1194.5 2
             :
          1196.5 1
             :
          1198.5 1
             :
          1201.5 3
          1202.5 1
          1203.5 2
          1204.5 1
          1205.5 3
             :
          1208.5 1
             :
          1210.5 1
             :
          1214.5 4
          1215.5 1
             :
          1217.5 2
             :
          1219.5 2
          1220.5 1
          1221.5 1
          1222.5 1
             :
          1224.5 1
             :
          1227.5 1
          1228.5 1
          1229.5 1
          1230.5 3
             :
          1232.5 1
          1233.5 1
          1234.5 1
             :
          1237.5 1
             :
          1241.5 1
             :
          1244.5 1
          1245.5 1
          1246.5 1
          1247.5 1
             :
          1252.5 2
             :
          1255.5 1
          1256.5 1
          1257.5 1
             :
          1265.5 1
          1266.5 1
          1267.5 1
             :
          1274.5 1
             :
          1276.5 2
          1277.5 3
          1278.5 1
          1279.5 1
          1280.5 1
          1281.5 1
          1282.5 1
             :
          1285.5 2
          1286.5 1
             :
          1288.5 1
          1289.5 1
             :
          1292.5 1
          1293.5 1
             :
          1296.5 1
             :
          1298.5 1
             :
          1300.5 1
          1301.5 2
             :
          1305.5 1
          1306.5 1
             :
          1308.5 1
          1309.5 1
             :
          1311.5 1
             :
          1313.5 1
             :
          1316.5 1
             :
          1321.5 1
             :
          1325.5 1
          1326.5 2
             :
          1328.5 2
             :
          1339.5 4
             :
          1342.5 1
             :
          1344.5 1
             :
          1348.5 1
             :
          1350.5 1
             :
          1353.5 1
             :
          1356.5 1
             :
          1363.5 1
             :
          1369.5 1
             :
          1372.5 1
             :
          1375.5 1
             :
          1379.5 1
             :
          1381.5 1
             :
          1383.5 1
          1384.5 1
             :
          1387.5 1
             :
          1391.5 1
             :
          1394.5 2
             :
          1397.5 1
             :
          1401.5 1
          1402.5 1
          1403.5 1
             :
          1405.5 1
             :
          1407.5 1
          1408.5 1
             :
          1410.5 1
             :
          1417.5 2
             :
          1421.5 1
             :
          1424.5 1
             :
          1426.5 1
          1427.5 1
             :
          1431.5 1
          1432.5 1
          1433.5 1
          1434.5 1
             :
          1438.5 1
             :
          1440.5 1
             :
          1442.5 1
          1443.5 1
             :
          1445.5 2
          1446.5 1
             :
          1448.5 1
             :
          1451.5 1
          1452.5 1
          1453.5 3
          1454.5 1
          1455.5 1
             :
          1460.5 1
          1461.5 1
             :
          1463.5 3
             :
          1465.5 1
             :
          1470.5 2
          1471.5 1
          1472.5 1
             :
          1478.5 1
          1479.5 2
             :
          1482.5 2
             :
          1489.5 1
             :
          1495.5 1
             :
          1497.5 1
             :
          1499.5 3
             :
          1508.5 2
             :
          1510.5 1
          1511.5 1
             :
          1515.5 1
             :
          1517.5 1
             :
          1522.5 1
             :
          1524.5 1
             :
          1526.5 2
             :
          1528.5 1
          1529.5 2
             :
          1532.5 1
             :
          1535.5 2
             :
          1537.5 1
          1538.5 3
             :
          1540.5 1
          1541.5 1
          1542.5 1
             :
          1544.5 1
             :
          1546.5 1
             :
          1548.5 1
          1549.5 1
             :
          1551.5 1
          1552.5 1
             :
          1554.5 1
             :
          1556.5 1
             :
          1560.5 2
          1561.5 2
             :
          1566.5 1
             :
          1568.5 2
             :
          1570.5 2
          1571.5 3
             :
          1574.5 1
          1575.5 2
          1576.5 1
          1577.5 2
             :
          1584.5 2
             :
          1586.5 2
          1587.5 1
          1588.5 2
          1589.5 2
             :
          1593.5 1
             :
          1596.5 2
          1597.5 1
             :
          1600.5 1
             :
          1604.5 1
          1605.5 1
             :
          1607.5 3
             :
          1611.5 1
             :
          1613.5 2
          1614.5 2
             :
          1616.5 1
             :
          1619.5 1
             :
          1622.5 2
          1623.5 1
          1624.5 1
             :
          1629.5 1
             :
          1635.5 2
          1636.5 1
          1637.5 2
             :
          1639.5 1
          1640.5 1
             :
          1645.5 1
             :
          1647.5 2
          1648.5 1
             :
          1655.5 1
             :
          1658.5 1
          1659.5 1
             :
          1661.5 1
             :
          1663.5 1
          1664.5 1
             :
          1666.5 1
             :
          1668.5 2
          1669.5 1
             :
          1672.5 1
          1673.5 1
             :
          1675.5 2
             :
          1677.5 1
             :
          1680.5 1
             :
          1686.5 1
             :
          1688.5 1
             :
          1694.5 1
             :
          1696.5 2
             :
          1702.5 2
          1703.5 2
          1704.5 1
          1705.5 1
             :
          1710.5 1
          1711.5 1
             :
          1714.5 1
             :
          1718.5 3
             :
          1720.5 1
          1721.5 2
             :
          1726.5 2
          1727.5 1
             :
          1729.5 1
          1730.5 1
          1731.5 2
             :
          1736.5 1
             :
          1740.5 1
             :
          1742.5 2
             :
          1744.5 3
             :
          1746.5 2
             :
          1748.5 1
             :
          1751.5 1
          1752.5 2
             :
          1754.5 1
          1755.5 1
             :
          1758.5 1
             :
          1760.5 1
          1761.5 1
             :
          1763.5 1
          1764.5 1
             :
          1766.5 1
          1767.5 1
          1768.5 1
             :
          1770.5 1
             :
          1774.5 1
             :
          1777.5 1
             :
          1779.5 1
             :
          1783.5 1
          1784.5 1
             :
          1786.5 3
             :
          1791.5 2
             :
          1794.5 1
             :
          1798.5 2
             :
          1801.5 2
          1802.5 1
          1803.5 1
             :
          1805.5 2
             :
          1807.5 1
             :
          1810.5 1
             :
          1813.5 1
          1814.5 1
          1815.5 1
          1816.5 1
          1817.5 1
          1818.5 2
             :
          1820.5 1
             :
          1827.5 1
          1828.5 1
          1829.5 1
             :
          1833.5 1
             :
          1841.5 1
             :
          1844.5 1
          1845.5 2
          1846.5 1
          1847.5 1
             :
          1852.5 1
             :
          1855.5 2
             :
          1862.5 1
             :
          1865.5 1
             :
          1867.5 1
             :
          1869.5 1
             :
          1871.5 1
             :
          1873.5 2
          1874.5 1
             :
          1877.5 1
          1878.5 1
          1879.5 2
             :
          1881.5 1
             :
          1884.5 1
             :
          1889.5 1
          1890.5 1
          1891.5 1
          1892.5 1
          1893.5 1
             :
          1897.5 2
             :
          1900.5 1
          1901.5 1
          1902.5 1
          1903.5 1
             :
          1906.5 1
             :
          1908.5 1
             :
          1910.5 1
             :
          1912.5 2
          1913.5 2
             :
          1919.5 1
          1920.5 3
             :
          1922.5 1
             :
          1926.5 1
             :
          1928.5 1
             :
          1935.5 1
          1936.5 1
             :
          1941.5 1
          1942.5 1
             :
          1945.5 2
          1946.5 1
             :
          1948.5 1
             :
          1961.5 1
             :
          1963.5 1
          1964.5 1
             :
          1970.5 1
             :
          1974.5 1
          1975.5 2
             :
          1978.5 1
             :
          1982.5 1
             :
          1990.5 1
          1991.5 1
             :
          1994.5 1
             :
          1998.5 1
          1999.5 1
             :
          2001.5 2
          2002.5 1
             :
          2004.5 1
             :
          2008.5 1
             :
          2014.5 1
          2015.5 1
          2016.5 1
          2017.5 1
          2018.5 1
          2019.5 3
             :
          2021.5 1
             :
          2025.5 1
             :
          2027.5 2
          2028.5 1
             :
          2030.5 1
          2031.5 1
             :
          2034.5 2
             :
          2036.5 1
             :
          2039.5 1
          2040.5 1
             :
          2042.5 1
             :
          2046.5 2
             :
          2049.5 1
             :
          2051.5 1
             :
          2054.5 1
             :
          2058.5 1
          2059.5 1
          2060.5 2
          2061.5 1
             :
          2063.5 1
          2064.5 1
          2065.5 2
             :
          2073.5 1
             :
          2075.5 1
             :
          2077.5 1
          2078.5 1
          2079.5 1
          2080.5 1
             :
          2083.5 1
          2084.5 1
          2085.5 1
          2086.5 2
             :
          2097.5 1
             :
          2099.5 1
          2100.5 1
          2101.5 2
             :
          2103.5 1
             :
          2106.5 1
             :
          2108.5 1
             :
          2110.5 2
          2111.5 1
             :
          2114.5 1
          2115.5 1
             :
          2117.5 1
             :
          2120.5 2
          2121.5 1
             :
          2125.5 2
             :
          2129.5 2
             :
          2131.5 2
          2132.5 1
          2133.5 2
             :
          2136.5 2
             :
          2138.5 2
             :
          2140.5 1
             :
          2146.5 2
             :
          2149.5 3
             :
          2155.5 1
          2156.5 2
          2157.5 1
             :
          2160.5 1
             :
          2163.5 1
             :
          2165.5 1
             :
          2169.5 1
             :
          2171.5 1
          2172.5 1
          2173.5 1
             :
          2175.5 2
             :
          2177.5 1
             :
          2183.5 1
          2184.5 1
             :
          2186.5 2
             :
          2189.5 2
             :
          2191.5 1
             :
          2196.5 3
          2197.5 1
          2198.5 1
             :
          2204.5 2
          2205.5 1
             :
          2210.5 1
          2211.5 2
             :
          2215.5 1
             :
          2217.5 1
             :
          2223.5 1
             :
          2226.5 2
             :
          2228.5 1
             :
          2230.5 2
             :
          2234.5 1
             :
          2237.5 2
          2238.5 2
             :
          2245.5 1
          2246.5 1
          2247.5 3
             :
          2249.5 1
          2250.5 1
             :
          2252.5 1
             :
          2254.5 2
             :
          2258.5 1
          2259.5 1
             :
          2261.5 1
             :
          2263.5 1
             :
          2266.5 1
             :
          2269.5 1
          2270.5 1
             :
          2275.5 1
             :
          2280.5 1
          2281.5 1
          2282.5 2
             :
          2284.5 1
          2285.5 1
          2286.5 1
          2287.5 1
             :
          2289.5 1
             :
          2294.5 1
          2295.5 1
             :
          2297.5 1
          2298.5 1
          2299.5 1
             :
          2301.5 1
             :
          2305.5 1
             :
          2307.5 1
          2308.5 1
             :
          2317.5 2
             :
          2319.5 2
             :
          2323.5 2
          2324.5 2
          2325.5 1
             :
          2327.5 2
             :
          2330.5 1
          2331.5 1
          2332.5 1
             :
          2336.5 1
             :
          2338.5 1
          2339.5 1
          2340.5 2
          2341.5 1
          2342.5 1
          2343.5 2
          2344.5 2
             :
          2347.5 1
          2348.5 2
             :
          2350.5 2
          2351.5 1
          2352.5 2
          2353.5 1
          2354.5 1
             :
          2357.5 1
          2358.5 1
             :
          2361.5 1
             :
          2363.5 1
          2364.5 3
          2365.5 1
          2366.5 1
             :
          2372.5 1
             :
          2380.5 1
          2381.5 2
             :
          2383.5 1
             :
          2386.5 1
             :
          2388.5 2
          2389.5 1
             :
          2391.5 1
             :
          2394.5 1
             :
          2397.5 1
          2398.5 1
             :
          2401.5 1
          2402.5 1
             :
          2404.5 1
          2405.5 1
          2406.5 1
          2407.5 3
             :
          2412.5 2
             :
          2414.5 2
             :
          2417.5 1
          2418.5 2
             :
          2422.5 1
             :
          2425.5 3
          2426.5 1
             :
          2428.5 1
          2429.5 1
          2430.5 2
          2431.5 1
             :
          2434.5 1
             :
          2439.5 1
          2440.5 1
          2441.5 1
          2442.5 1
          2443.5 1
             :
          2445.5 1
             :
          2447.5 1
             :
          2452.5 1
             :
          2454.5 1
          2455.5 1
          2456.5 1
             :
          2459.5 2
             :
          2461.5 1
             :
          2464.5 2
             :
          2468.5 3
          2469.5 2
             :
          2472.5 2
             :
          2476.5 1
          2477.5 1
          2478.5 1
             :
          2480.5 2
          2481.5 1
             :
          2483.5 3
          2484.5 1
             :
          2487.5 1
             :
          2489.5 1
             :
          2494.5 1
             :
          2498.5 1
             :
          2501.5 1
             :
          2505.5 1
             :
          2507.5 1
             :
          2509.5 2
             :
          2514.5 1
             :
          2521.5 1
          2522.5 1
             :
          2524.5 2
          2525.5 1
             :
          2527.5 1
             :
          2529.5 1
             :
          2531.5 1
          2532.5 2
          2533.5 1
          2534.5 1
             :
          2536.5 3
             :
          2539.5 1
             :
          2541.5 1
             :
          2547.5 1
             :
          2549.5 1
          2550.5 2
             :
          2554.5 3
          2555.5 1
             :
          2557.5 1
             :
          2562.5 1
             :
          2566.5 2
             :
          2568.5 2
             :
          2574.5 1
             :
          2576.5 2
             :
          2578.5 1
             :
          2580.5 2
             :
          2582.5 2
          2583.5 1
             :
          2588.5 1
          2589.5 1
          2590.5 1
             :
          2592.5 1
             :
          2595.5 2
          2596.5 1
          2597.5 1
          2598.5 1
          2599.5 1
          2600.5 1
             :
          2602.5 1
             :
          2609.5 1
          2610.5 1
             :
          2615.5 1
             :
          2617.5 1
             :
          2620.5 1
             :
          2622.5 2
             :
          2626.5 1
             :
          2631.5 1
          2632.5 1
          2633.5 1
             :
          2635.5 1
             :
          2641.5 1
          2642.5 1
             :
          2646.5 1
             :
          2648.5 1
          2649.5 1
             :
          2654.5 1
          2655.5 1
             :
          2657.5 1
          2658.5 2
             :
          2667.5 1
             :
          2678.5 1
             :
          2681.5 1
             :
          2685.5 1
          2686.5 1
          2687.5 1
             :
          2691.5 1
             :
          2695.5 1
          2696.5 1
             :
          2700.5 1
          2701.5 1
             :
          2705.5 1
          2706.5 1
             :
          2709.5 1
             :
          2712.5 1
             :
          2721.5 2
             :
          2723.5 1
             :
          2726.5 1
             :
          2733.5 1
          2734.5 1
             :
          2736.5 1
             :
          2738.5 1
             :
          2741.5 1
             :
          2744.5 1
             :
          2746.5 1
             :
          2754.5 2
             :
          2759.5 1
             :
          2763.5 1
          2764.5 1
             :
          2770.5 1
             :
          2776.5 1
          2777.5 2
          2778.5 1
             :
          2781.5 1
          2782.5 1
          2783.5 1
             :
          2790.5 2
          2791.5 2
             :
          2794.5 1
             :
          2801.5 2
          2802.5 1
          2803.5 1
             :
          2806.5 1
             :
          2811.5 1
          2812.5 2
             :
          2819.5 1
          2820.5 1
             :
          2825.5 1
          2826.5 1
          2827.5 2
             :
          2832.5 2
             :
          2844.5 1
          2845.5 3
          2846.5 1
             :
          2851.5 1
             :
          2857.5 1
             :
          2863.5 1
             :
          2865.5 1
          2866.5 2
             :
          2869.5 1
             :
          2871.5 1
          2872.5 1
             :
          2883.5 1
             :
          2885.5 1
             :
          2889.5 2
             :
          2901.5 1
             :
          2909.5 1
             :
          2913.5 1
             :
          2918.5 1
             :
          2926.5 1
             :
          2929.5 1
             :
          2931.5 2
             :
          2933.5 1
             :
          2935.5 1
             :
          2939.5 1
             :
          2944.5 2
          2945.5 1
             :
          2947.5 1
          2948.5 1
             :
          2950.5 1
          2951.5 1
          2952.5 1
             :
          2954.5 1
             :
          2956.5 1
             :
          2959.5 1
          2960.5 1
             :
          2965.5 1
          2966.5 1
             :
          2971.5 3
             :
          2975.5 1
             :
          2980.5 1
             :
          2984.5 1
             :
          2999.5 1
             :
          3004.5 1
             :
          3012.5 1
             :
          3019.5 2
          3020.5 2
             :
          3026.5 1
             :
          3051.5 1
             :
          3056.5 1
             :
          3060.5 1
             :
          3066.5 1
             :
          3071.5 3
             :
          3080.5 1
             :
          3084.5 1
          3085.5 2
          3086.5 1
             :
          3091.5 1
             :
          3095.5 1
             :
          3101.5 1
             :
          3103.5 1
             :
          3114.5 1
             :
          3119.5 1
             :
          3125.5 1
             :
          3134.5 1
             :
          3141.5 1
             :
          3152.5 1
             :
          3154.5 2
             :
          3168.5 1
             :
          3174.5 1
             :
          3179.5 2
          3180.5 1
             :
          3182.5 1
             :
          3186.5 1
             :
          3190.5 2
             :
          3196.5 1
             :
          3205.5 1
             :
          3210.5 1
             :
          3222.5 1
             :
          3225.5 1
             :
          3228.5 1
          3229.5 1
          3230.5 1
             :
          3236.5 2
          3237.5 1
             :
          3245.5 1
             :
          3296.5 2
             :
          3307.5 1
             :
          3331.5 1
             :
          3349.5 1
             :
          3360.5 1
             :
          3377.5 1
             :
          3380.5 1
             :
          3400.5 1
             :
          3405.5 1
             :
          3431.5 1
             :
          3433.5 1
             :
          3440.5 1
             :
          3449.5 1
             :
          3490.5 1
             :
          3514.5 1
             :
          3531.5 1
             :
          3545.5 1
             :
          3559.5 1
             :
          3574.5 1
             :
          3588.5 1
             :
          3602.5 1
          3603.5 1
             :
          3651.5 1
             :
          3687.5 1

Total: connections 14400 requests 14400 replies 14400 test-duration 599.986 s

Connection rate: 24.0 conn/s (41.7 ms/conn, <=72 concurrent connections)
Connection time [ms]: min 9.9 avg 266.3 max 3687.2 median 20.5 stddev 582.9
Connection time [ms]: connect 0.8
Connection length [replies/conn]: 1.000

Request rate: 24.0 req/s (41.7 ms/req)
Request size [B]: 67.0

Reply rate [replies/s]: min 8.0 avg 24.0 max 56.0 stddev 4.1 (599 samples)
Percentages of the replies served at a given rate:
   50%: 23
   66%: 23
   75%: 23
   80%: 24
   90%: 26
   95%: 30
   98%: 34
   99%: 41
  100%: 56

Reply time [ms]: response 251.7 transfer 13.8
Percentages of the requests served within a certain time (ms) :
   50%: 18
   66%: 53
   75%: 112
   80%: 157
   90%: 830
   95%: 1595
   98%: 2400
   99%: 2707
  100%: 3650

Reply size [B]: header 163.0 content 72.0 footer 1.0 (total 236.0)
Reply status: 1xx=0 2xx=14389 3xx=0 4xx=0 5xx=11

CPU time [s]: user 459.90 system 138.84 (user 76.7% system 23.1% total 99.8%)
Net I/O: 7.1 KB/s (0.1*10^6 bps)

Errors: total 0 client-timo 0 socket-timo 0 connrefused 0 connreset 0
Errors: fd-unavail 0 addrunavail 0 ftab-full 0 other 0

