httperf --verbose --hog --timeout=50 --client=0/1 --server=172.16.116.116 --port=8080 --uri=/ --rate=8 --send-buffer=4096 --recv-buffer=16384 --num-conns=2400 --num-calls=1
httperf: maximum number of open descriptors = 65535
Maximum connect burst length: 1

Connection lifetime histogram (time in ms):
             :
            10.5 187
            11.5 581
            12.5 281
            13.5 234
            14.5 229
            15.5 206
            16.5 210
            17.5 111
            18.5 75
            19.5 47
            20.5 38
            21.5 19
            22.5 11
            23.5 13
            24.5 5
             :
            27.5 1
            28.5 2
             :
            30.5 1
            31.5 1
             :
            35.5 2
             :
            41.5 1
             :
            49.5 1
             :
            55.5 3
             :
            66.5 1
             :
            72.5 2
             :
            78.5 1
             :
            80.5 1
            81.5 1
             :
            93.5 2
             :
            95.5 2
             :
            99.5 1
             :
           104.5 1
             :
           111.5 1
             :
           118.5 1
             :
           120.5 2
             :
           122.5 1
             :
           124.5 2
             :
           128.5 1
           129.5 1
             :
           131.5 1
           132.5 1
           133.5 1
             :
           137.5 1
             :
           142.5 3
           143.5 2
             :
           145.5 1
           146.5 1
             :
           148.5 1
             :
           150.5 2
           151.5 2
             :
           153.5 2
             :
           155.5 1
           156.5 1
           157.5 1
             :
           160.5 1
           161.5 1
           162.5 1
           163.5 1
             :
           166.5 1
           167.5 3
             :
           170.5 1
           171.5 1
           172.5 1
             :
           175.5 1
           176.5 1
             :
           179.5 2
           180.5 1
             :
           184.5 1
             :
           186.5 1
           187.5 2
             :
           189.5 1
             :
           194.5 1
             :
           196.5 1
             :
           201.5 1
           202.5 2
           203.5 1
           204.5 1
           205.5 1
             :
           213.5 1
             :
           215.5 1
           216.5 1
           217.5 1
             :
           219.5 3
           220.5 1
             :
           222.5 1
           223.5 1
           224.5 1
           225.5 1
             :
           229.5 1
           230.5 1
           231.5 1
           232.5 1
           233.5 2
             :
           237.5 2
             :
           239.5 4
           240.5 2
           241.5 2
             :
           243.5 1
           244.5 3
           245.5 1
             :
           248.5 2
           249.5 2
           250.5 1
             :
           252.5 1
           253.5 1
             :
           255.5 1
             :
           258.5 1
           259.5 1
             :
           262.5 2
           263.5 1
             :
           265.5 1
             :
           267.5 1
             :
           270.5 2
             :
           273.5 2
             :
           276.5 1
             :
           280.5 1
             :
           282.5 1
             :
           284.5 1
           285.5 1
             :
           291.5 1
             :
           293.5 1
             :
           296.5 1
             :
           299.5 1
           300.5 1
             :
           306.5 1
             :
           314.5 1
             :
           318.5 1
             :
           340.5 1
             :
           343.5 1
             :
           345.5 1
             :
           364.5 1
             :
           379.5 1

Total: connections 2400 requests 2400 replies 2400 test-duration 299.968 s

Connection rate: 8.0 conn/s (125.0 ms/conn, <=2 concurrent connections)
Connection time [ms]: min 10.1 avg 25.2 max 379.6 median 13.5 stddev 47.5
Connection time [ms]: connect 1.0
Connection length [replies/conn]: 1.000

Request rate: 8.0 req/s (125.0 ms/req)
Request size [B]: 67.0

Reply rate [replies/s]: min 7.0 avg 8.0 max 9.0 stddev 0.3 (299 samples)
Percentages of the replies served at a given rate:
   50%: 7
   66%: 7
   75%: 7
   80%: 7
   90%: 7
   95%: 7
   98%: 8
   99%: 8
  100%: 9

Reply time [ms]: response 22.7 transfer 1.5
Percentages of the requests served within a certain time (ms) :
   50%: 11
   66%: 13
   75%: 14
   80%: 15
   90%: 17
   95%: 117
   98%: 215
   99%: 242
  100%: 342

Reply size [B]: header 162.0 content 72.0 footer 1.0 (total 235.0)
Reply status: 1xx=0 2xx=2400 3xx=0 4xx=0 5xx=0

CPU time [s]: user 254.16 system 44.60 (user 84.7% system 14.9% total 99.6%)
Net I/O: 2.4 KB/s (0.0*10^6 bps)

Errors: total 0 client-timo 0 socket-timo 0 connrefused 0 connreset 0
Errors: fd-unavail 0 addrunavail 0 ftab-full 0 other 0

