httperf --verbose --hog --timeout=50 --client=0/1 --server=172.16.116.116 --port=8080 --uri=/ --rate=8 --send-buffer=4096 --recv-buffer=16384 --num-conns=1440 --num-calls=1
httperf: maximum number of open descriptors = 65535
Maximum connect burst length: 1

Connection lifetime histogram (time in ms):
             :
            10.5 49
            11.5 216
            12.5 183
            13.5 155
            14.5 112
            15.5 106
            16.5 112
            17.5 77
            18.5 64
            19.5 38
            20.5 32
            21.5 16
            22.5 21
            23.5 10
            24.5 7
            25.5 5
            26.5 7
            27.5 2
            28.5 4
             :
            31.5 1
            32.5 1
             :
            34.5 1
            35.5 1
             :
            37.5 1
            38.5 2
            39.5 1
             :
            41.5 1
            42.5 1
             :
            48.5 1
             :
            56.5 1
            57.5 1
            58.5 1
             :
            60.5 2
             :
            65.5 1
             :
            68.5 2
             :
            77.5 1
             :
            79.5 1
            80.5 1
             :
            86.5 2
             :
            88.5 1
             :
            91.5 1
             :
            94.5 1
            95.5 1
             :
           100.5 1
           101.5 1
             :
           103.5 1
           104.5 1
           105.5 1
             :
           108.5 1
           109.5 1
             :
           111.5 1
           112.5 1
             :
           116.5 1
             :
           118.5 1
             :
           120.5 2
             :
           122.5 1
             :
           124.5 1
             :
           126.5 1
           127.5 1
             :
           129.5 1
             :
           131.5 1
             :
           135.5 1
             :
           137.5 1
           138.5 1
             :
           141.5 1
           142.5 1
           143.5 1
             :
           145.5 2
             :
           148.5 2
           149.5 1
           150.5 2
           151.5 2
             :
           154.5 2
           155.5 1
           156.5 1
             :
           159.5 1
           160.5 1
           161.5 1
           162.5 2
             :
           164.5 1
           165.5 2
           166.5 1
             :
           168.5 2
           169.5 2
           170.5 1
             :
           173.5 2
           174.5 2
           175.5 1
           176.5 1
           177.5 1
           178.5 1
           179.5 1
           180.5 1
           181.5 1
             :
           185.5 1
             :
           187.5 2
           188.5 1
           189.5 1
           190.5 2
             :
           193.5 1
           194.5 2
             :
           197.5 1
           198.5 2
             :
           201.5 1
           202.5 1
             :
           204.5 1
           205.5 2
           206.5 1
             :
           208.5 1
           209.5 1
           210.5 1
           211.5 3
             :
           213.5 1
           214.5 1
           215.5 2
           216.5 1
           217.5 3
             :
           219.5 3
           220.5 1
           221.5 1
           222.5 2
           223.5 3
           224.5 3
           225.5 1
           226.5 3
           227.5 1
           228.5 1
           229.5 4
           230.5 2
           231.5 1
           232.5 1
           233.5 3
             :
           237.5 3
             :
           239.5 2
           240.5 4
           241.5 1
             :
           244.5 3
           245.5 2
           246.5 2
             :
           248.5 1
           249.5 1
           250.5 1
           251.5 1
             :
           253.5 1
             :
           257.5 2
             :
           259.5 1
           260.5 2
           261.5 1
           262.5 2
           263.5 2
           264.5 1
           265.5 4
             :
           267.5 2
           268.5 1
           269.5 1
             :
           273.5 1
             :
           276.5 2
           277.5 1
           278.5 1
             :
           280.5 1
           281.5 1
             :
           286.5 1
             :
           288.5 1
             :
           290.5 2
             :
           292.5 1
             :
           294.5 1
             :
           296.5 1
             :
           299.5 1
             :
           307.5 1
           308.5 1
             :
           313.5 1
           314.5 1
             :
           317.5 1
             :
           325.5 1
             :
           332.5 1
             :
           348.5 2
             :
           365.5 1
             :
           377.5 1
             :
           391.5 1
             :
           401.5 1
             :
           405.5 1

Total: connections 1440 requests 1440 replies 1440 test-duration 180.099 s

Connection rate: 8.0 conn/s (125.1 ms/conn, <=3 concurrent connections)
Connection time [ms]: min 10.3 avg 43.1 max 405.2 median 15.5 stddev 72.6
Connection time [ms]: connect 1.1
Connection length [replies/conn]: 1.000

Request rate: 8.0 req/s (125.1 ms/req)
Request size [B]: 67.0

Reply rate [replies/s]: min 6.0 avg 8.0 max 9.0 stddev 0.5 (180 samples)
Percentages of the replies served at a given rate:
   50%: 7
   66%: 7
   75%: 7
   80%: 7
   90%: 7
   95%: 8
   98%: 8
   99%: 8
  100%: 9

Reply time [ms]: response 39.4 transfer 2.6
Percentages of the requests served within a certain time (ms) :
   50%: 13
   66%: 15
   75%: 16
   80%: 19
   90%: 161
   95%: 222
   98%: 256
   99%: 273
  100%: 377

Reply size [B]: header 162.0 content 72.0 footer 1.0 (total 235.0)
Reply status: 1xx=0 2xx=1440 3xx=0 4xx=0 5xx=0

CPU time [s]: user 152.44 system 27.37 (user 84.6% system 15.2% total 99.8%)
Net I/O: 2.4 KB/s (0.0*10^6 bps)

Errors: total 0 client-timo 0 socket-timo 0 connrefused 0 connreset 0
Errors: fd-unavail 0 addrunavail 0 ftab-full 0 other 0

