httperf --verbose --hog --timeout=50 --client=0/1 --server=172.16.116.116 --port=8080 --uri=/ --rate=24 --send-buffer=4096 --recv-buffer=16384 --num-conns=14400 --num-calls=1
httperf: maximum number of open descriptors = 65535
Maximum connect burst length: 1

Connection lifetime histogram (time in ms):
             :
             9.5 2
            10.5 130
            11.5 277
            12.5 202
            13.5 254
            14.5 275
            15.5 294
            16.5 320
            17.5 297
            18.5 279
            19.5 262
            20.5 303
            21.5 317
            22.5 266
            23.5 228
            24.5 221
            25.5 218
            26.5 231
            27.5 179
            28.5 176
            29.5 195
            30.5 169
            31.5 181
            32.5 166
            33.5 147
            34.5 155
            35.5 159
            36.5 158
            37.5 136
            38.5 156
            39.5 170
            40.5 119
            41.5 110
            42.5 117
            43.5 122
            44.5 98
            45.5 103
            46.5 110
            47.5 112
            48.5 107
            49.5 103
            50.5 88
            51.5 97
            52.5 56
            53.5 88
            54.5 87
            55.5 81
            56.5 64
            57.5 59
            58.5 59
            59.5 46
            60.5 54
            61.5 45
            62.5 47
            63.5 32
            64.5 41
            65.5 39
            66.5 37
            67.5 22
            68.5 34
            69.5 33
            70.5 43
            71.5 30
            72.5 31
            73.5 22
            74.5 27
            75.5 26
            76.5 35
            77.5 23
            78.5 25
            79.5 22
            80.5 28
            81.5 25
            82.5 26
            83.5 20
            84.5 18
            85.5 35
            86.5 14
            87.5 28
            88.5 19
            89.5 25
            90.5 17
            91.5 31
            92.5 26
            93.5 24
            94.5 26
            95.5 32
            96.5 21
            97.5 26
            98.5 17
            99.5 25
           100.5 17
           101.5 14
           102.5 24
           103.5 15
           104.5 18
           105.5 23
           106.5 14
           107.5 20
           108.5 24
           109.5 14
           110.5 19
           111.5 14
           112.5 24
           113.5 19
           114.5 25
           115.5 25
           116.5 19
           117.5 25
           118.5 26
           119.5 26
           120.5 17
           121.5 18
           122.5 15
           123.5 17
           124.5 14
           125.5 18
           126.5 16
           127.5 14
           128.5 17
           129.5 17
           130.5 15
           131.5 7
           132.5 17
           133.5 19
           134.5 11
           135.5 17
           136.5 15
           137.5 19
           138.5 11
           139.5 14
           140.5 8
           141.5 13
           142.5 15
           143.5 11
           144.5 16
           145.5 11
           146.5 14
           147.5 8
           148.5 9
           149.5 14
           150.5 10
           151.5 16
           152.5 11
           153.5 13
           154.5 13
           155.5 8
           156.5 6
           157.5 5
           158.5 9
           159.5 6
           160.5 7
           161.5 15
           162.5 6
           163.5 6
           164.5 8
           165.5 8
           166.5 2
           167.5 12
           168.5 5
           169.5 8
           170.5 13
           171.5 8
           172.5 3
           173.5 6
           174.5 8
           175.5 5
           176.5 7
           177.5 7
           178.5 3
           179.5 3
           180.5 4
           181.5 2
           182.5 3
           183.5 4
             :
           185.5 5
           186.5 3
             :
           188.5 2
           189.5 3
           190.5 2
           191.5 1
           192.5 1
           193.5 2
           194.5 2
           195.5 4
           196.5 6
           197.5 3
             :
           199.5 3
           200.5 2
           201.5 2
           202.5 2
           203.5 1
           204.5 3
             :
           206.5 3
           207.5 4
             :
           209.5 1
           210.5 2
             :
           212.5 4
             :
           214.5 3
             :
           217.5 2
             :
           219.5 2
           220.5 1
           221.5 3
           222.5 3
           223.5 2
             :
           228.5 1
           229.5 1
             :
           232.5 1
           233.5 1
             :
           235.5 3
           236.5 1
           237.5 3
             :
           239.5 1
           240.5 1
             :
           242.5 4
             :
           246.5 1
           247.5 1
           248.5 1
             :
           250.5 1
             :
           252.5 2
           253.5 1
           254.5 1
             :
           257.5 1
             :
           261.5 1
           262.5 1
           263.5 1
           264.5 2
           265.5 1
             :
           267.5 1
             :
           270.5 1
           271.5 1
           272.5 1
             :
           274.5 1
             :
           276.5 1
             :
           278.5 1
           279.5 1
             :
           281.5 2
           282.5 1
           283.5 1
           284.5 2
             :
           286.5 2
           287.5 2
             :
           289.5 1
             :
           297.5 1
           298.5 1
             :
           304.5 2
           305.5 1
           306.5 1
           307.5 1
             :
           309.5 1
           310.5 2
           311.5 3
           312.5 1
             :
           317.5 1
             :
           319.5 2
           320.5 1
           321.5 3
             :
           323.5 1
             :
           325.5 1
           326.5 2
             :
           328.5 1
             :
           330.5 1
             :
           335.5 3
             :
           339.5 1
             :
           341.5 1
           342.5 2
           343.5 2
           344.5 1
             :
           349.5 1
             :
           351.5 1
             :
           353.5 1
             :
           355.5 1
             :
           357.5 1
           358.5 1
             :
           361.5 1
           362.5 1
             :
           364.5 1
           365.5 2
           366.5 1
             :
           368.5 2
             :
           370.5 1
           371.5 2
           372.5 1
             :
           375.5 1
             :
           379.5 2
           380.5 1
             :
           382.5 1
           383.5 2
             :
           386.5 1
           387.5 1
           388.5 3
           389.5 1
           390.5 1
             :
           394.5 2
           395.5 1
           396.5 1
           397.5 4
             :
           401.5 2
           402.5 2
             :
           404.5 2
           405.5 2
           406.5 1
             :
           408.5 1
           409.5 2
           410.5 1
           411.5 1
           412.5 1
             :
           414.5 2
             :
           416.5 3
             :
           418.5 1
             :
           420.5 1
           421.5 1
           422.5 1
             :
           424.5 2
           425.5 1
           426.5 2
             :
           429.5 3
           430.5 1
           431.5 1
             :
           435.5 1
             :
           437.5 1
           438.5 1
             :
           441.5 2
           442.5 2
             :
           446.5 1
           447.5 1
             :
           449.5 3
             :
           451.5 1
             :
           453.5 3
           454.5 2
           455.5 1
             :
           460.5 1
             :
           462.5 1
             :
           464.5 1
           465.5 1
             :
           469.5 1
             :
           472.5 2
           473.5 1
           474.5 1
             :
           476.5 1
           477.5 1
             :
           479.5 1
             :
           481.5 1
           482.5 1
             :
           484.5 1
           485.5 3
             :
           487.5 2
             :
           489.5 1
             :
           491.5 2
             :
           493.5 2
           494.5 1
           495.5 1
           496.5 2
           497.5 3
           498.5 2
           499.5 2
             :
           501.5 2
           502.5 2
           503.5 1
             :
           506.5 2
           507.5 1
           508.5 1
           509.5 1
             :
           511.5 1
           512.5 1
           513.5 1
           514.5 3
             :
           516.5 1
           517.5 2
           518.5 1
           519.5 1
           520.5 3
             :
           522.5 1
             :
           524.5 4
           525.5 2
           526.5 1
           527.5 2
           528.5 2
           529.5 1
           530.5 2
           531.5 4
           532.5 1
           533.5 1
           534.5 3
           535.5 1
           536.5 3
           537.5 1
           538.5 1
           539.5 2
           540.5 4
           541.5 2
           542.5 1
           543.5 1
             :
           546.5 2
           547.5 1
             :
           549.5 2
           550.5 6
             :
           552.5 1
           553.5 2
           554.5 3
           555.5 2
           556.5 4
           557.5 1
           558.5 1
             :
           560.5 2
           561.5 3
           562.5 3
           563.5 2
             :
           565.5 2
           566.5 1
             :
           568.5 1
           569.5 5
           570.5 4
           571.5 6
             :
           573.5 4
           574.5 3
           575.5 4
           576.5 2
             :
           578.5 3
           579.5 1
           580.5 2
           581.5 2
           582.5 1
           583.5 1
           584.5 2
           585.5 2
           586.5 4
           587.5 1
           588.5 3
           589.5 1
           590.5 3
           591.5 6
           592.5 2
           593.5 5
           594.5 7
           595.5 2
           596.5 4
           597.5 5
           598.5 2
           599.5 5
           600.5 6
           601.5 5
           602.5 2
           603.5 3
           604.5 4
           605.5 2
           606.5 4
           607.5 3
           608.5 5
           609.5 2
           610.5 3
           611.5 3
           612.5 3
           613.5 4
           614.5 4
           615.5 3
           616.5 3
           617.5 7
           618.5 2
           619.5 4
           620.5 7
           621.5 1
           622.5 2
           623.5 6
           624.5 2
           625.5 7
           626.5 9
           627.5 3
           628.5 2
           629.5 1
           630.5 3
           631.5 4
           632.5 4
           633.5 3
           634.5 11
           635.5 1
           636.5 4
           637.5 6
           638.5 5
           639.5 4
           640.5 4
           641.5 7
           642.5 4
           643.5 9
           644.5 9
           645.5 3
           646.5 4
           647.5 1
           648.5 3
           649.5 1
           650.5 9
           651.5 7
           652.5 6
           653.5 4
           654.5 5
           655.5 6
           656.5 7
           657.5 9
           658.5 7
           659.5 6
           660.5 5
           661.5 9
           662.5 5
           663.5 6
           664.5 6
           665.5 7
           666.5 8
           667.5 8
           668.5 6
           669.5 3
           670.5 5
           671.5 4
           672.5 4
           673.5 5
           674.5 7
           675.5 5
           676.5 7
           677.5 8
           678.5 5
           679.5 5
           680.5 5
           681.5 7
           682.5 4
           683.5 3
           684.5 4
           685.5 4
           686.5 5
           687.5 6
           688.5 3
           689.5 6
           690.5 6
           691.5 10
           692.5 8
           693.5 7
           694.5 2
           695.5 7
           696.5 8
           697.5 7
           698.5 7
           699.5 11
           700.5 4
           701.5 8
           702.5 4
           703.5 10
           704.5 6
           705.5 8
           706.5 7
           707.5 5
           708.5 2
           709.5 7
           710.5 11
           711.5 7
           712.5 11
           713.5 8
           714.5 9
           715.5 7
           716.5 7
           717.5 9
           718.5 8
           719.5 6
           720.5 6
           721.5 9
           722.5 5
           723.5 9
           724.5 7
           725.5 6
           726.5 6
           727.5 7
           728.5 8
           729.5 5
           730.5 10
           731.5 7
           732.5 4
           733.5 5
           734.5 17
           735.5 6
           736.5 9
           737.5 8
           738.5 6
           739.5 3
           740.5 2
           741.5 3
           742.5 7
           743.5 7
           744.5 3
           745.5 4
           746.5 5
           747.5 15
           748.5 7
           749.5 5
           750.5 7
           751.5 3
           752.5 10
           753.5 4
           754.5 9
           755.5 9
           756.5 1
           757.5 6
           758.5 5
           759.5 8
           760.5 11
           761.5 7
           762.5 6
           763.5 4
           764.5 7
           765.5 6
           766.5 7
           767.5 17
           768.5 11
           769.5 10
           770.5 10
           771.5 6
           772.5 5
           773.5 13
           774.5 6
           775.5 5
           776.5 10
           777.5 8
           778.5 5
           779.5 8
           780.5 11
           781.5 12
           782.5 9
           783.5 6
           784.5 9
           785.5 7
           786.5 3
           787.5 4
           788.5 11
           789.5 8
           790.5 5
           791.5 4
           792.5 8
           793.5 4
           794.5 14
           795.5 6
           796.5 6
           797.5 5
           798.5 2
           799.5 6
           800.5 4
           801.5 14
           802.5 2
           803.5 8
           804.5 6
           805.5 5
           806.5 7
           807.5 9
           808.5 6
           809.5 5
           810.5 9
           811.5 5
           812.5 8
           813.5 9
           814.5 7
           815.5 7
           816.5 4
           817.5 8
           818.5 10
           819.5 5
           820.5 7
           821.5 1
           822.5 6
           823.5 1
           824.5 5
           825.5 7
           826.5 7
           827.5 3
           828.5 7
           829.5 2
           830.5 7
           831.5 8
           832.5 6
           833.5 10
           834.5 6
           835.5 8
           836.5 7
           837.5 4
           838.5 6
           839.5 3
           840.5 6
           841.5 9
           842.5 6
           843.5 4
           844.5 3
           845.5 2
           846.5 9
           847.5 7
           848.5 6
           849.5 5
             :
           851.5 6
           852.5 2
           853.5 7
           854.5 12
           855.5 6
           856.5 6
           857.5 8
           858.5 3
           859.5 3
           860.5 7
           861.5 4
           862.5 5
           863.5 3
           864.5 5
           865.5 1
           866.5 9
           867.5 2
           868.5 5
           869.5 4
           870.5 2
           871.5 4
           872.5 5
           873.5 4
           874.5 10
           875.5 5
           876.5 3
           877.5 3
           878.5 7
           879.5 8
           880.5 6
           881.5 6
           882.5 7
           883.5 1
           884.5 5
           885.5 1
           886.5 1
           887.5 7
           888.5 2
           889.5 2
           890.5 7
           891.5 4
           892.5 9
           893.5 3
           894.5 4
           895.5 2
           896.5 4
           897.5 7
           898.5 5
           899.5 2
           900.5 3
           901.5 5
           902.5 5
           903.5 2
           904.5 3
           905.5 3
           906.5 6
           907.5 3
           908.5 1
           909.5 2
           910.5 3
           911.5 2
           912.5 6
           913.5 5
           914.5 3
           915.5 2
           916.5 2
           917.5 5
           918.5 3
           919.5 3
           920.5 1
           921.5 5
           922.5 3
           923.5 5
           924.5 6
           925.5 6
           926.5 3
           927.5 5
           928.5 2
           929.5 2
           930.5 3
           931.5 4
           932.5 3
           933.5 2
           934.5 4
           935.5 5
           936.5 5
           937.5 4
           938.5 2
           939.5 2
           940.5 5
           941.5 4
           942.5 2
           943.5 2
           944.5 1
           945.5 2
           946.5 1
           947.5 3
           948.5 5
           949.5 2
           950.5 6
           951.5 4
           952.5 5
           953.5 3
           954.5 5
           955.5 5
           956.5 8
           957.5 3
             :
           959.5 2
           960.5 4
           961.5 2
           962.5 2
           963.5 4
           964.5 4
           965.5 3
           966.5 2
           967.5 3
           968.5 4
           969.5 3
           970.5 3
           971.5 3
           972.5 2
           973.5 3
           974.5 4
           975.5 2
           976.5 4
           977.5 5
           978.5 3
           979.5 2
           980.5 2
           981.5 4
           982.5 1
           983.5 2
           984.5 2
             :
           987.5 2
           988.5 1
           989.5 5
           990.5 3
           991.5 2
           992.5 1
             :
           995.5 7
           996.5 2
             :
           998.5 3
           999.5 2
          1000.5 4
          1001.5 2
          1002.5 1
          1003.5 3
          1004.5 3
             :
          1006.5 1
          1007.5 4
             :
          1009.5 2
          1010.5 4
          1011.5 4
          1012.5 4
             :
          1014.5 3
          1015.5 3
          1016.5 1
          1017.5 3
          1018.5 4
          1019.5 3
          1020.5 4
          1021.5 4
          1022.5 2
          1023.5 1
          1024.5 1
          1025.5 4
          1026.5 1
          1027.5 1
          1028.5 3
          1029.5 2
          1030.5 1
             :
          1032.5 1
             :
          1035.5 1
          1036.5 2
          1037.5 3
          1038.5 3
             :
          1041.5 3
          1042.5 1
          1043.5 3
          1044.5 2
          1045.5 3
          1046.5 1
          1047.5 2
          1048.5 3
          1049.5 3
          1050.5 4
          1051.5 3
             :
          1053.5 1
          1054.5 2
          1055.5 5
          1056.5 2
          1057.5 1
          1058.5 4
          1059.5 1
          1060.5 1
          1061.5 1
          1062.5 1
             :
          1065.5 3
          1066.5 3
          1067.5 1
          1068.5 4
          1069.5 3
          1070.5 1
          1071.5 4
          1072.5 2
             :
          1074.5 4
          1075.5 2
          1076.5 2
          1077.5 2
          1078.5 2
          1079.5 6
          1080.5 1
          1081.5 2
          1082.5 1
             :
          1084.5 1
             :
          1087.5 3
          1088.5 1
             :
          1090.5 2
          1091.5 5
             :
          1093.5 4
             :
          1095.5 2
          1096.5 1
          1097.5 3
             :
          1099.5 3
          1100.5 3
             :
          1102.5 1
          1103.5 1
          1104.5 1
          1105.5 2
          1106.5 3
          1107.5 2
          1108.5 1
             :
          1110.5 3
          1111.5 1
          1112.5 3
          1113.5 2
          1114.5 2
             :
          1116.5 2
          1117.5 1
          1118.5 1
          1119.5 1
          1120.5 1
          1121.5 5
             :
          1124.5 3
          1125.5 3
          1126.5 1
          1127.5 1
          1128.5 1
          1129.5 2
             :
          1131.5 3
          1132.5 2
          1133.5 1
          1134.5 1
          1135.5 2
          1136.5 1
          1137.5 2
          1138.5 1
          1139.5 2
          1140.5 2
             :
          1142.5 2
          1143.5 1
          1144.5 2
             :
          1147.5 3
          1148.5 1
             :
          1150.5 1
          1151.5 2
          1152.5 2
             :
          1154.5 2
             :
          1157.5 3
          1158.5 2
          1159.5 1
          1160.5 1
             :
          1163.5 5
          1164.5 3
          1165.5 1
          1166.5 1
          1167.5 1
          1168.5 1
             :
          1170.5 1
          1171.5 2
          1172.5 1
             :
          1175.5 1
          1176.5 1
          1177.5 2
          1178.5 1
             :
          1180.5 2
             :
          1182.5 3
          1183.5 1
          1184.5 1
          1185.5 1
          1186.5 2
          1187.5 2
          1188.5 1
          1189.5 2
             :
          1191.5 1
          1192.5 2
          1193.5 1
             :
          1195.5 2
          1196.5 3
             :
          1198.5 1
             :
          1200.5 3
          1201.5 2
             :
          1203.5 2
             :
          1206.5 1
             :
          1209.5 1
             :
          1211.5 1
          1212.5 1
          1213.5 2
          1214.5 1
             :
          1216.5 3
          1217.5 4
          1218.5 1
             :
          1220.5 3
             :
          1224.5 1
          1225.5 1
             :
          1227.5 1
             :
          1229.5 3
             :
          1232.5 1
          1233.5 2
          1234.5 1
             :
          1236.5 1
          1237.5 2
             :
          1240.5 1
          1241.5 1
             :
          1244.5 2
             :
          1246.5 1
             :
          1249.5 1
             :
          1251.5 1
             :
          1254.5 1
          1255.5 2
             :
          1258.5 2
          1259.5 1
          1260.5 1
          1261.5 2
             :
          1263.5 1
             :
          1265.5 1
          1266.5 4
          1267.5 1
          1268.5 1
          1269.5 2
             :
          1271.5 2
          1272.5 2
             :
          1275.5 6
          1276.5 1
          1277.5 1
             :
          1280.5 2
             :
          1282.5 4
             :
          1285.5 3
          1286.5 1
          1287.5 1
             :
          1289.5 5
             :
          1292.5 2
             :
          1294.5 1
             :
          1296.5 2
             :
          1298.5 1
          1299.5 3
          1300.5 4
             :
          1302.5 1
          1303.5 2
          1304.5 1
          1305.5 2
          1306.5 1
          1307.5 1
          1308.5 2
          1309.5 1
          1310.5 3
             :
          1312.5 3
             :
          1314.5 3
          1315.5 1
          1316.5 1
             :
          1324.5 3
          1325.5 1
          1326.5 2
             :
          1330.5 2
             :
          1332.5 1
             :
          1334.5 1
          1335.5 1
          1336.5 1
          1337.5 2
             :
          1339.5 2
          1340.5 1
          1341.5 2
          1342.5 2
          1343.5 3
          1344.5 3
          1345.5 3
          1346.5 1
          1347.5 3
          1348.5 1
          1349.5 3
             :
          1351.5 2
             :
          1354.5 1
          1355.5 1
          1356.5 1
          1357.5 1
          1358.5 1
          1359.5 1
             :
          1361.5 1
             :
          1363.5 1
          1364.5 1
             :
          1366.5 1
          1367.5 1
          1368.5 1
             :
          1370.5 1
          1371.5 3
             :
          1377.5 1
             :
          1380.5 2
          1381.5 2
          1382.5 2
          1383.5 1
          1384.5 1
          1385.5 1
             :
          1389.5 2
          1390.5 2
          1391.5 2
          1392.5 2
             :
          1394.5 1
          1395.5 1
             :
          1397.5 1
             :
          1400.5 1
             :
          1402.5 1
          1403.5 1
          1404.5 1
          1405.5 1
             :
          1407.5 2
             :
          1409.5 1
          1410.5 1
          1411.5 1
             :
          1413.5 2
          1414.5 2
          1415.5 1
             :
          1417.5 2
          1418.5 3
          1419.5 2
             :
          1422.5 1
          1423.5 1
             :
          1425.5 4
          1426.5 1
          1427.5 1
          1428.5 2
          1429.5 4
          1430.5 1
             :
          1433.5 2
             :
          1436.5 1
             :
          1438.5 1
             :
          1440.5 1
             :
          1443.5 1
             :
          1445.5 2
             :
          1447.5 1
          1448.5 1
             :
          1450.5 1
          1451.5 1
          1452.5 2
             :
          1455.5 2
             :
          1457.5 1
             :
          1459.5 1
          1460.5 2
          1461.5 2
          1462.5 3
             :
          1464.5 1
          1465.5 1
          1466.5 3
             :
          1469.5 3
          1470.5 1
          1471.5 2
          1472.5 1
             :
          1474.5 1
          1475.5 1
             :
          1480.5 1
          1481.5 1
             :
          1483.5 1
             :
          1485.5 1
          1486.5 1
             :
          1488.5 1
             :
          1491.5 1
          1492.5 5
          1493.5 2
          1494.5 2
          1495.5 1
             :
          1497.5 1
          1498.5 2
          1499.5 2
             :
          1506.5 1
          1507.5 1
          1508.5 1
             :
          1510.5 1
             :
          1512.5 1
          1513.5 2
             :
          1516.5 2
             :
          1519.5 1
          1520.5 2
          1521.5 1
             :
          1523.5 1
          1524.5 1
          1525.5 1
          1526.5 2
             :
          1528.5 2
          1529.5 1
             :
          1533.5 1
          1534.5 1
             :
          1538.5 1
          1539.5 2
          1540.5 4
          1541.5 1
          1542.5 1
             :
          1544.5 1
             :
          1550.5 1
             :
          1552.5 1
             :
          1554.5 2
          1555.5 1
          1556.5 2
             :
          1558.5 1
             :
          1560.5 2
          1561.5 1
          1562.5 2
             :
          1565.5 1
             :
          1568.5 1
             :
          1571.5 2
          1572.5 1
             :
          1574.5 4
             :
          1576.5 1
             :
          1578.5 2
             :
          1580.5 1
             :
          1586.5 3
             :
          1588.5 3
             :
          1590.5 1
             :
          1592.5 3
             :
          1595.5 1
          1596.5 1
          1597.5 2
             :
          1600.5 2
          1601.5 2
          1602.5 1
          1603.5 1
             :
          1606.5 1
             :
          1608.5 2
          1609.5 1
          1610.5 1
             :
          1612.5 1
             :
          1615.5 1
             :
          1617.5 1
          1618.5 1
             :
          1620.5 1
          1621.5 1
          1622.5 3
             :
          1624.5 1
          1625.5 1
             :
          1628.5 2
             :
          1631.5 1
             :
          1633.5 1
             :
          1636.5 1
             :
          1639.5 1
          1640.5 1
          1641.5 1
             :
          1643.5 2
             :
          1645.5 2
             :
          1649.5 1
          1650.5 1
             :
          1652.5 6
             :
          1655.5 2
          1656.5 1
          1657.5 2
          1658.5 1
          1659.5 1
          1660.5 2
          1661.5 1
          1662.5 1
          1663.5 2
          1664.5 1
             :
          1666.5 1
          1667.5 1
          1668.5 3
             :
          1670.5 1
             :
          1673.5 1
          1674.5 2
             :
          1677.5 2
          1678.5 1
             :
          1680.5 2
             :
          1683.5 1
             :
          1685.5 1
          1686.5 1
          1687.5 1
          1688.5 1
             :
          1691.5 1
          1692.5 1
             :
          1696.5 2
             :
          1702.5 1
             :
          1705.5 1
          1706.5 1
             :
          1710.5 1
             :
          1713.5 3
             :
          1715.5 3
          1716.5 2
          1717.5 1
          1718.5 2
          1719.5 2
          1720.5 1
          1721.5 2
          1722.5 1
          1723.5 2
          1724.5 1
          1725.5 2
             :
          1729.5 2
          1730.5 1
             :
          1733.5 1
          1734.5 1
          1735.5 1
             :
          1738.5 3
             :
          1740.5 1
             :
          1743.5 1
          1744.5 1
             :
          1747.5 1
             :
          1750.5 1
          1751.5 1
          1752.5 1
             :
          1754.5 1
             :
          1756.5 1
             :
          1760.5 1
             :
          1764.5 1
          1765.5 1
          1766.5 2
             :
          1770.5 1
          1771.5 1
          1772.5 1
             :
          1776.5 1
             :
          1779.5 1
             :
          1781.5 1
             :
          1783.5 4
          1784.5 1
             :
          1786.5 1
             :
          1791.5 1
          1792.5 1
             :
          1794.5 2
             :
          1796.5 2
          1797.5 1
             :
          1799.5 1
          1800.5 1
             :
          1802.5 2
          1803.5 2
          1804.5 1
          1805.5 1
             :
          1807.5 2
          1808.5 1
             :
          1810.5 1
          1811.5 1
             :
          1814.5 1
          1815.5 1
             :
          1817.5 1
          1818.5 2
             :
          1821.5 2
          1822.5 1
          1823.5 2
             :
          1825.5 1
             :
          1827.5 1
             :
          1829.5 1
          1830.5 3
          1831.5 1
          1832.5 1
          1833.5 1
             :
          1836.5 1
          1837.5 2
             :
          1839.5 1
             :
          1841.5 1
          1842.5 1
             :
          1844.5 1
             :
          1846.5 2
          1847.5 1
             :
          1850.5 2
             :
          1853.5 1
             :
          1856.5 1
             :
          1860.5 1
          1861.5 1
             :
          1863.5 3
          1864.5 2
             :
          1866.5 2
             :
          1869.5 2
             :
          1871.5 1
          1872.5 1
          1873.5 2
          1874.5 1
          1875.5 1
             :
          1877.5 1
             :
          1880.5 1
          1881.5 1
             :
          1883.5 1
             :
          1887.5 1
          1888.5 1
             :
          1891.5 2
          1892.5 2
             :
          1895.5 1
          1896.5 1
          1897.5 2
             :
          1900.5 1
             :
          1903.5 3
          1904.5 2
             :
          1906.5 3
             :
          1908.5 4
             :
          1912.5 1
             :
          1914.5 1
             :
          1917.5 2
             :
          1919.5 1
          1920.5 1
          1921.5 1
          1922.5 2
          1923.5 1
          1924.5 1
          1925.5 1
          1926.5 1
             :
          1929.5 2
          1930.5 1
          1931.5 1
             :
          1935.5 1
             :
          1938.5 1
             :
          1941.5 1
             :
          1945.5 1
             :
          1947.5 1
          1948.5 1
             :
          1950.5 1
             :
          1953.5 1
             :
          1957.5 1
             :
          1960.5 1
          1961.5 1
          1962.5 2
          1963.5 1
             :
          1966.5 1
             :
          1970.5 1
          1971.5 1
             :
          1974.5 1
             :
          1979.5 2
          1980.5 1
             :
          1982.5 1
          1983.5 1
             :
          1987.5 1
             :
          1992.5 1
             :
          1994.5 1
             :
          1996.5 1
             :
          1998.5 1
             :
          2003.5 1
             :
          2006.5 1
          2007.5 2
             :
          2013.5 2
             :
          2016.5 1
          2017.5 1
          2018.5 1
             :
          2020.5 2
             :
          2023.5 1
          2024.5 2
             :
          2030.5 1
             :
          2033.5 1
             :
          2040.5 1
             :
          2042.5 1
          2043.5 1
             :
          2045.5 1
             :
          2047.5 1
             :
          2049.5 2
             :
          2053.5 2
             :
          2058.5 1
             :
          2066.5 1
             :
          2073.5 2
          2074.5 1
          2075.5 1
             :
          2078.5 1
             :
          2080.5 2
          2081.5 1
             :
          2084.5 1
             :
          2086.5 1
             :
          2091.5 1
          2092.5 1
          2093.5 1
          2094.5 2
             :
          2097.5 1
          2098.5 1
             :
          2102.5 1
             :
          2104.5 1
          2105.5 1
          2106.5 1
             :
          2110.5 1
             :
          2113.5 2
          2114.5 1
             :
          2116.5 1
             :
          2123.5 1
             :
          2127.5 1
          2128.5 1
             :
          2130.5 1
             :
          2132.5 1
             :
          2134.5 1
             :
          2138.5 1
             :
          2141.5 1
          2142.5 1
             :
          2148.5 1
             :
          2152.5 1
             :
          2154.5 2
             :
          2157.5 3
          2158.5 1
          2159.5 1
             :
          2165.5 1
             :
          2167.5 2
             :
          2171.5 1
             :
          2176.5 1
             :
          2178.5 1
             :
          2182.5 2
             :
          2185.5 1
             :
          2187.5 1
             :
          2191.5 1
             :
          2193.5 1
             :
          2197.5 1
          2198.5 1
             :
          2201.5 1
             :
          2208.5 1
             :
          2210.5 1
             :
          2212.5 1
          2213.5 2
             :
          2216.5 1
             :
          2222.5 1
             :
          2226.5 1
             :
          2228.5 1
             :
          2230.5 1
             :
          2236.5 1
             :
          2242.5 3
          2243.5 1
          2244.5 1
             :
          2250.5 1
             :
          2256.5 2
             :
          2262.5 1
             :
          2268.5 1
          2269.5 3
             :
          2271.5 1
             :
          2273.5 1
             :
          2280.5 1
             :
          2285.5 1
          2286.5 1
             :
          2289.5 1
             :
          2292.5 1
          2293.5 2
             :
          2296.5 1
             :
          2298.5 1
             :
          2302.5 1
             :
          2304.5 1
          2305.5 1
             :
          2307.5 2
             :
          2316.5 1
          2317.5 2
             :
          2322.5 1
          2323.5 1
          2324.5 1
          2325.5 1
          2326.5 1
             :
          2330.5 1
             :
          2332.5 1
             :
          2349.5 1
             :
          2354.5 1
             :
          2356.5 2
             :
          2358.5 1
             :
          2364.5 1
             :
          2368.5 1
             :
          2373.5 1
             :
          2389.5 1
             :
          2392.5 1
             :
          2395.5 1
             :
          2400.5 1
             :
          2406.5 1
          2407.5 1
          2408.5 1
             :
          2410.5 2
             :
          2421.5 2
             :
          2429.5 1
             :
          2432.5 1
             :
          2443.5 1
             :
          2446.5 1
             :
          2448.5 1
             :
          2455.5 1
             :
          2459.5 1
             :
          2462.5 1
          2463.5 1
             :
          2467.5 1
             :
          2469.5 1
             :
          2476.5 1
             :
          2480.5 1
             :
          2485.5 1
          2486.5 1
             :
          2503.5 1
          2504.5 1
             :
          2512.5 1
             :
          2516.5 1
             :
          2518.5 1
             :
          2520.5 1
             :
          2528.5 1
             :
          2532.5 1
             :
          2549.5 1
             :
          2551.5 1
          2552.5 1
             :
          2554.5 1
             :
          2558.5 1
             :
          2566.5 1
             :
          2569.5 1
          2570.5 1
             :
          2592.5 1
          2593.5 1
             :
          2595.5 1
             :
          2598.5 1
             :
          2609.5 1
             :
          2611.5 1
             :
          2616.5 1
             :
          2623.5 1
          2624.5 1
             :
          2626.5 1
             :
          2640.5 1
             :
          2647.5 1
             :
          2654.5 2
          2655.5 1
             :
          2677.5 1
             :
          2679.5 1
          2680.5 1
             :
          2688.5 1
             :
          2692.5 1
             :
          2700.5 1
             :
          2704.5 2
             :
          2713.5 1
             :
          2727.5 1
             :
          2732.5 1
             :
          2736.5 1
          2737.5 1
             :
          2757.5 1
             :
          2779.5 2
             :
          2794.5 1
             :
          2798.5 1
             :
          2814.5 1
             :
          2820.5 1
             :
          2840.5 1
             :
          2845.5 1
             :
          2849.5 1
             :
          2862.5 1
             :
          2866.5 1
             :
          2869.5 1
             :
          2874.5 1
             :
          2876.5 1
             :
          2887.5 1
             :
          2889.5 1
             :
          2900.5 1
             :
          2915.5 1
             :
          2922.5 1
             :
          2924.5 1
             :
          2930.5 1
             :
          2934.5 1
             :
          2937.5 1
             :
          2944.5 1
             :
          2948.5 1
             :
          2967.5 1
             :
          2974.5 1
          2975.5 1
             :
          2986.5 1
             :
          2988.5 1
             :
          3001.5 1
             :
          3008.5 1
          3009.5 1
          3010.5 1
             :
          3015.5 1
             :
          3067.5 1
             :
          3069.5 1
             :
          3071.5 1
             :
          3073.5 1
             :
          3075.5 1
             :
          3080.5 1
             :
          3089.5 1
             :
          3097.5 1
             :
          3101.5 1
             :
          3113.5 1
             :
          3131.5 1
             :
          3136.5 1
             :
          3140.5 1
             :
          3155.5 1
             :
          3178.5 1
             :
          3224.5 1
             :
          3226.5 1
             :
          3258.5 1
          3259.5 1
             :
          3267.5 1
             :
          3274.5 1
             :
          3288.5 1
             :
          3301.5 1
             :
          3317.5 1
             :
          3359.5 1
             :
          3445.5 1
             :
          3469.5 1
             :
          3574.5 1

Total: connections 14400 requests 14400 replies 14400 test-duration 599.981 s

Connection rate: 24.0 conn/s (41.7 ms/conn, <=61 concurrent connections)
Connection time [ms]: min 10.0 avg 302.8 max 3574.3 median 46.5 stddev 516.7
Connection time [ms]: connect 0.9
Connection length [replies/conn]: 1.000

Request rate: 24.0 req/s (41.7 ms/req)
Request size [B]: 67.0

Reply rate [replies/s]: min 8.0 avg 24.0 max 47.0 stddev 4.0 (599 samples)
Percentages of the replies served at a given rate:
   50%: 23
   66%: 24
   75%: 24
   80%: 25
   90%: 27
   95%: 29
   98%: 33
   99%: 37
  100%: 47

Reply time [ms]: response 282.9 transfer 18.9
Percentages of the requests served within a certain time (ms) :
   50%: 42
   66%: 93
   75%: 387
   80%: 614
   90%: 864
   95%: 1344
   98%: 1905
   99%: 2272
  100%: 3395

Reply size [B]: header 163.0 content 72.0 footer 1.0 (total 236.0)
Reply status: 1xx=0 2xx=14400 3xx=0 4xx=0 5xx=0

CPU time [s]: user 449.38 system 149.37 (user 74.9% system 24.9% total 99.8%)
Net I/O: 7.1 KB/s (0.1*10^6 bps)

Errors: total 0 client-timo 0 socket-timo 0 connrefused 0 connreset 0
Errors: fd-unavail 0 addrunavail 0 ftab-full 0 other 0

