httperf --verbose --hog --timeout=50 --client=0/1 --server=172.16.116.116 --port=8080 --uri=/ --rate=8 --send-buffer=4096 --recv-buffer=16384 --num-conns=1440 --num-calls=1
httperf: maximum number of open descriptors = 65535
Maximum connect burst length: 1

Connection lifetime histogram (time in ms):
             :
            10.5 100
            11.5 336
            12.5 185
            13.5 133
            14.5 102
            15.5 87
            16.5 86
            17.5 56
            18.5 37
            19.5 16
            20.5 13
            21.5 9
            22.5 4
            23.5 1
             :
            25.5 5
            26.5 1
            27.5 2
            28.5 2
            29.5 2
            30.5 1
             :
            33.5 2
            34.5 1
             :
            38.5 1
             :
            46.5 1
             :
            49.5 2
             :
            54.5 1
             :
            56.5 2
             :
            61.5 1
             :
            63.5 1
             :
            65.5 1
            66.5 1
             :
            70.5 1
             :
            72.5 1
            73.5 1
            74.5 1
             :
            78.5 1
             :
            80.5 1
            81.5 1
             :
            83.5 1
            84.5 1
             :
            86.5 1
            87.5 1
             :
            89.5 1
             :
            91.5 1
             :
            93.5 1
             :
            96.5 1
             :
            98.5 1
            99.5 1
           100.5 2
             :
           103.5 1
             :
           105.5 2
             :
           107.5 2
           108.5 1
           109.5 1
           110.5 1
           111.5 1
           112.5 1
             :
           114.5 1
           115.5 1
             :
           119.5 2
             :
           121.5 1
           122.5 1
           123.5 1
             :
           125.5 1
           126.5 1
             :
           128.5 1
           129.5 1
           130.5 1
           131.5 2
             :
           133.5 1
             :
           136.5 1
           137.5 1
           138.5 2
           139.5 2
           140.5 2
             :
           143.5 1
           144.5 1
             :
           148.5 1
             :
           150.5 2
             :
           153.5 2
             :
           155.5 1
           156.5 1
             :
           158.5 2
           159.5 1
           160.5 1
             :
           162.5 2
           163.5 2
           164.5 2
           165.5 1
             :
           167.5 2
           168.5 3
           169.5 1
             :
           172.5 3
             :
           174.5 2
           175.5 1
           176.5 1
           177.5 2
           178.5 2
           179.5 2
             :
           181.5 1
             :
           183.5 3
           184.5 1
             :
           188.5 1
           189.5 2
           190.5 1
           191.5 1
             :
           193.5 1
           194.5 4
             :
           196.5 1
             :
           198.5 2
           199.5 1
           200.5 2
           201.5 4
           202.5 3
           203.5 1
           204.5 3
             :
           206.5 2
           207.5 1
           208.5 1
             :
           210.5 1
             :
           213.5 1
           214.5 2
           215.5 1
           216.5 3
           217.5 2
           218.5 1
           219.5 1
             :
           221.5 1
           222.5 1
           223.5 1
           224.5 3
           225.5 3
           226.5 1
           227.5 4
           228.5 2
           229.5 2
           230.5 3
             :
           232.5 3
           233.5 1
             :
           235.5 2
             :
           237.5 1
           238.5 1
             :
           240.5 2
           241.5 1
           242.5 2
           243.5 2
             :
           245.5 2
           246.5 2
           247.5 2
           248.5 2
             :
           250.5 1
           251.5 4
             :
           253.5 1
           254.5 1
           255.5 3
           256.5 1
           257.5 1
           258.5 2
           259.5 2
             :
           261.5 1
             :
           263.5 1
             :
           265.5 4
             :
           267.5 1
             :
           269.5 1
             :
           272.5 1
           273.5 2
             :
           275.5 1
           276.5 2
           277.5 1
             :
           280.5 5
           281.5 2
           282.5 1
           283.5 1
             :
           285.5 1
             :
           287.5 2
             :
           293.5 1
           294.5 1
             :
           298.5 1
           299.5 1
             :
           301.5 1
             :
           303.5 3
           304.5 2
             :
           306.5 1
             :
           308.5 1
             :
           313.5 1
             :
           318.5 1
             :
           333.5 2
           334.5 2
             :
           338.5 2
             :
           366.5 1
             :
           385.5 1

Total: connections 1440 requests 1440 replies 1440 test-duration 179.888 s

Connection rate: 8.0 conn/s (124.9 ms/conn, <=3 concurrent connections)
Connection time [ms]: min 10.3 avg 46.9 max 385.6 median 13.5 stddev 77.0
Connection time [ms]: connect 1.0
Connection length [replies/conn]: 1.000

Request rate: 8.0 req/s (124.9 ms/req)
Request size [B]: 67.0

Reply rate [replies/s]: min 6.0 avg 8.0 max 10.0 stddev 0.6 (179 samples)
Percentages of the replies served at a given rate:
   50%: 7
   66%: 7
   75%: 7
   80%: 7
   90%: 8
   95%: 8
   98%: 8
   99%: 9
  100%: 10

Reply time [ms]: response 42.7 transfer 3.1
Percentages of the requests served within a certain time (ms) :
   50%: 11
   66%: 14
   75%: 16
   80%: 19
   90%: 173
   95%: 221
   98%: 265
   99%: 282
  100%: 379

Reply size [B]: header 162.0 content 72.0 footer 1.0 (total 235.0)
Reply status: 1xx=0 2xx=1440 3xx=0 4xx=0 5xx=0

CPU time [s]: user 150.69 system 28.93 (user 83.8% system 16.1% total 99.9%)
Net I/O: 2.4 KB/s (0.0*10^6 bps)

Errors: total 0 client-timo 0 socket-timo 0 connrefused 0 connreset 0
Errors: fd-unavail 0 addrunavail 0 ftab-full 0 other 0

