httperf --verbose --hog --timeout=50 --client=0/1 --server=172.16.116.116 --port=8080 --uri=/ --rate=8 --send-buffer=4096 --recv-buffer=16384 --num-conns=1440 --num-calls=1
httperf: maximum number of open descriptors = 65535
Maximum connect burst length: 1

Connection lifetime histogram (time in ms):
             :
            10.5 57
            11.5 228
            12.5 151
            13.5 155
            14.5 167
            15.5 126
            16.5 138
            17.5 93
            18.5 65
            19.5 52
            20.5 32
            21.5 23
            22.5 19
            23.5 12
            24.5 8
            25.5 7
            26.5 4
            27.5 2
            28.5 1
            29.5 1
             :
            33.5 1
             :
            36.5 1
             :
            40.5 1
            41.5 1
             :
            46.5 1
            47.5 1
             :
            57.5 1
             :
            61.5 1
            62.5 1
             :
            75.5 1
             :
            90.5 1
             :
           104.5 1
             :
           109.5 1
             :
           111.5 1
           112.5 1
             :
           116.5 1
           117.5 1
             :
           121.5 1
             :
           124.5 1
           125.5 1
             :
           127.5 1
           128.5 1
             :
           131.5 1
             :
           134.5 1
             :
           139.5 1
             :
           141.5 3
             :
           148.5 1
             :
           150.5 1
           151.5 1
           152.5 1
             :
           154.5 1
             :
           157.5 1
           158.5 1
             :
           160.5 1
           161.5 1
           162.5 1
             :
           165.5 1
             :
           168.5 1
             :
           171.5 1
             :
           175.5 1
           176.5 1
           177.5 1
             :
           179.5 1
             :
           183.5 1
             :
           187.5 1
           188.5 1
             :
           190.5 1
           191.5 1
             :
           197.5 1
           198.5 1
           199.5 1
           200.5 1
           201.5 1
           202.5 1
           203.5 1
             :
           208.5 1
             :
           210.5 1
             :
           213.5 1
           214.5 1
           215.5 1
             :
           217.5 1
             :
           220.5 1
             :
           223.5 1
             :
           227.5 1
             :
           229.5 1
             :
           231.5 2
             :
           236.5 1
             :
           242.5 1
             :
           245.5 1
           246.5 1
             :
           257.5 1
           258.5 2
           259.5 1
             :
           262.5 1
             :
           265.5 1
           266.5 1
           267.5 1
             :
           269.5 1
             :
           275.5 1
             :
           279.5 1
             :
           284.5 1
             :
           294.5 1
             :
           303.5 2
           304.5 1
             :
           306.5 1
             :
           318.5 1
             :
           327.5 1
             :
           335.5 1
             :
           338.5 1
           339.5 1
             :
           342.5 1
             :
           344.5 1
             :
           355.5 1
             :
           362.5 1

Total: connections 1440 requests 1440 replies 1440 test-duration 179.891 s

Connection rate: 8.0 conn/s (124.9 ms/conn, <=2 concurrent connections)
Connection time [ms]: min 10.1 avg 27.4 max 362.9 median 14.5 stddev 50.3
Connection time [ms]: connect 1.5
Connection length [replies/conn]: 1.000

Request rate: 8.0 req/s (124.9 ms/req)
Request size [B]: 67.0

Reply rate [replies/s]: min 7.0 avg 8.0 max 9.0 stddev 0.4 (179 samples)
Percentages of the replies served at a given rate:
   50%: 7
   66%: 7
   75%: 7
   80%: 7
   90%: 7
   95%: 8
   98%: 8
   99%: 8
  100%: 9

Reply time [ms]: response 24.0 transfer 1.7
Percentages of the requests served within a certain time (ms) :
   50%: 12
   66%: 14
   75%: 15
   80%: 15
   90%: 18
   95%: 129
   98%: 209
   99%: 258
  100%: 343

Reply size [B]: header 163.0 content 72.0 footer 2.0 (total 237.0)
Reply status: 1xx=0 2xx=1440 3xx=0 4xx=0 5xx=0

CPU time [s]: user 151.33 system 28.26 (user 84.1% system 15.7% total 99.8%)
Net I/O: 2.4 KB/s (0.0*10^6 bps)

Errors: total 0 client-timo 0 socket-timo 0 connrefused 0 connreset 0
Errors: fd-unavail 0 addrunavail 0 ftab-full 0 other 0

