httperf --verbose --hog --timeout=50 --client=0/1 --server=172.16.116.116 --port=8080 --uri=/ --rate=24 --send-buffer=4096 --recv-buffer=16384 --num-conns=14400 --num-calls=1
httperf: maximum number of open descriptors = 65535
Maximum connect burst length: 1

Connection lifetime histogram (time in ms):
             :
            10.5 60
            11.5 201
            12.5 214
            13.5 219
            14.5 242
            15.5 302
            16.5 400
            17.5 317
            18.5 304
            19.5 273
            20.5 249
            21.5 247
            22.5 263
            23.5 250
            24.5 232
            25.5 228
            26.5 232
            27.5 233
            28.5 212
            29.5 216
            30.5 205
            31.5 177
            32.5 185
            33.5 197
            34.5 158
            35.5 183
            36.5 193
            37.5 175
            38.5 151
            39.5 160
            40.5 184
            41.5 143
            42.5 131
            43.5 138
            44.5 129
            45.5 110
            46.5 108
            47.5 113
            48.5 92
            49.5 82
            50.5 104
            51.5 83
            52.5 87
            53.5 69
            54.5 79
            55.5 66
            56.5 76
            57.5 61
            58.5 66
            59.5 69
            60.5 47
            61.5 51
            62.5 42
            63.5 36
            64.5 56
            65.5 53
            66.5 48
            67.5 35
            68.5 46
            69.5 33
            70.5 37
            71.5 27
            72.5 26
            73.5 31
            74.5 21
            75.5 24
            76.5 21
            77.5 17
            78.5 19
            79.5 20
            80.5 20
            81.5 20
            82.5 18
            83.5 24
            84.5 24
            85.5 18
            86.5 18
            87.5 15
            88.5 15
            89.5 12
            90.5 14
            91.5 17
            92.5 16
            93.5 16
            94.5 11
            95.5 9
            96.5 24
            97.5 14
            98.5 14
            99.5 16
           100.5 12
           101.5 15
           102.5 13
           103.5 12
           104.5 16
           105.5 12
           106.5 14
           107.5 11
           108.5 8
           109.5 8
           110.5 13
           111.5 13
           112.5 9
           113.5 15
           114.5 12
           115.5 10
           116.5 9
           117.5 10
           118.5 9
           119.5 8
           120.5 7
           121.5 7
           122.5 15
           123.5 8
           124.5 5
           125.5 16
           126.5 10
           127.5 6
           128.5 8
           129.5 4
           130.5 11
           131.5 8
           132.5 9
           133.5 12
           134.5 5
           135.5 6
           136.5 9
           137.5 11
           138.5 5
           139.5 6
           140.5 9
           141.5 8
           142.5 9
           143.5 11
           144.5 8
           145.5 11
           146.5 9
           147.5 3
           148.5 11
           149.5 10
           150.5 9
           151.5 9
           152.5 12
           153.5 10
           154.5 8
           155.5 16
           156.5 13
           157.5 2
           158.5 10
           159.5 5
           160.5 5
           161.5 9
           162.5 9
           163.5 6
           164.5 7
           165.5 12
           166.5 1
           167.5 7
           168.5 9
           169.5 7
           170.5 3
           171.5 10
           172.5 6
           173.5 8
           174.5 3
           175.5 4
           176.5 2
           177.5 5
           178.5 18
           179.5 5
           180.5 8
           181.5 4
           182.5 8
           183.5 9
           184.5 10
           185.5 8
           186.5 8
           187.5 12
           188.5 9
           189.5 12
           190.5 7
           191.5 5
           192.5 13
           193.5 11
           194.5 6
           195.5 12
           196.5 10
           197.5 10
           198.5 10
           199.5 13
           200.5 10
           201.5 9
           202.5 8
           203.5 12
           204.5 9
           205.5 5
           206.5 6
           207.5 4
           208.5 9
           209.5 9
           210.5 10
           211.5 7
           212.5 10
           213.5 12
           214.5 11
           215.5 13
           216.5 9
           217.5 11
           218.5 5
           219.5 10
           220.5 10
           221.5 9
           222.5 10
           223.5 9
           224.5 14
           225.5 12
           226.5 11
           227.5 11
           228.5 11
           229.5 14
           230.5 12
           231.5 13
           232.5 12
           233.5 13
           234.5 12
           235.5 12
           236.5 7
           237.5 13
           238.5 14
           239.5 17
           240.5 16
           241.5 10
           242.5 13
           243.5 22
           244.5 13
           245.5 11
           246.5 14
           247.5 18
           248.5 14
           249.5 10
           250.5 10
           251.5 19
           252.5 18
           253.5 14
           254.5 16
           255.5 14
           256.5 14
           257.5 16
           258.5 15
           259.5 7
           260.5 20
           261.5 14
           262.5 16
           263.5 21
           264.5 14
           265.5 12
           266.5 17
           267.5 10
           268.5 18
           269.5 14
           270.5 15
           271.5 14
           272.5 19
           273.5 18
           274.5 17
           275.5 17
           276.5 20
           277.5 23
           278.5 24
           279.5 17
           280.5 17
           281.5 12
           282.5 19
           283.5 11
           284.5 19
           285.5 17
           286.5 16
           287.5 16
           288.5 16
           289.5 20
           290.5 15
           291.5 16
           292.5 12
           293.5 14
           294.5 18
           295.5 15
           296.5 20
           297.5 16
           298.5 19
           299.5 20
           300.5 12
           301.5 23
           302.5 20
           303.5 24
           304.5 24
           305.5 18
           306.5 21
           307.5 20
           308.5 17
           309.5 15
           310.5 13
           311.5 16
           312.5 16
           313.5 24
           314.5 17
           315.5 23
           316.5 22
           317.5 15
           318.5 17
           319.5 15
           320.5 13
           321.5 25
           322.5 19
           323.5 12
           324.5 17
           325.5 22
           326.5 23
           327.5 21
           328.5 16
           329.5 13
           330.5 15
           331.5 11
           332.5 28
           333.5 16
           334.5 16
           335.5 16
           336.5 13
           337.5 12
           338.5 17
           339.5 17
           340.5 20
           341.5 22
           342.5 16
           343.5 18
           344.5 17
           345.5 16
           346.5 18
           347.5 14
           348.5 19
           349.5 16
           350.5 12
           351.5 15
           352.5 18
           353.5 18
           354.5 17
           355.5 15
           356.5 20
           357.5 14
           358.5 19
           359.5 14
           360.5 15
           361.5 14
           362.5 14
           363.5 16
           364.5 18
           365.5 16
           366.5 9
           367.5 17
           368.5 9
           369.5 7
           370.5 12
           371.5 15
           372.5 10
           373.5 11
           374.5 14
           375.5 11
           376.5 17
           377.5 16
           378.5 12
           379.5 14
           380.5 17
           381.5 14
           382.5 16
           383.5 16
           384.5 13
           385.5 17
           386.5 13
           387.5 15
           388.5 15
           389.5 12
           390.5 17
           391.5 11
           392.5 16
           393.5 8
           394.5 12
           395.5 13
           396.5 11
           397.5 16
           398.5 9
           399.5 12
           400.5 12
           401.5 15
           402.5 9
           403.5 14
           404.5 17
           405.5 16
           406.5 7
           407.5 21
           408.5 18
           409.5 14
           410.5 7
           411.5 10
           412.5 10
           413.5 8
           414.5 8
           415.5 14
           416.5 11
           417.5 9
           418.5 10
           419.5 5
           420.5 6
           421.5 6
           422.5 8
           423.5 7
           424.5 6
           425.5 4
           426.5 6
           427.5 9
           428.5 5
           429.5 6
           430.5 6
           431.5 10
           432.5 16
           433.5 10
           434.5 11
           435.5 10
           436.5 8
           437.5 8
           438.5 10
           439.5 5
           440.5 3
           441.5 12
           442.5 8
           443.5 12
           444.5 6
           445.5 10
           446.5 8
           447.5 6
           448.5 7
           449.5 6
           450.5 9
           451.5 7
           452.5 3
           453.5 4
           454.5 4
           455.5 6
           456.5 4
           457.5 2
           458.5 4
           459.5 3
           460.5 4
           461.5 3
           462.5 6
           463.5 2
           464.5 7
           465.5 8
           466.5 3
           467.5 3
           468.5 8
           469.5 5
           470.5 5
           471.5 4
           472.5 6
           473.5 5
           474.5 5
           475.5 8
           476.5 6
           477.5 7
           478.5 2
           479.5 4
           480.5 2
           481.5 9
           482.5 5
           483.5 5
           484.5 2
           485.5 5
           486.5 5
           487.5 5
           488.5 1
           489.5 3
           490.5 4
           491.5 5
           492.5 3
           493.5 5
           494.5 7
           495.5 1
           496.5 3
           497.5 9
           498.5 6
           499.5 2
           500.5 5
           501.5 2
           502.5 2
           503.5 2
           504.5 2
           505.5 2
           506.5 6
           507.5 6
           508.5 3
             :
           510.5 2
           511.5 3
           512.5 2
           513.5 2
           514.5 2
           515.5 3
           516.5 4
           517.5 1
           518.5 1
           519.5 1
           520.5 5
           521.5 4
           522.5 2
           523.5 2
             :
           525.5 3
             :
           528.5 1
           529.5 1
             :
           531.5 1
           532.5 1
           533.5 1
             :
           536.5 2
           537.5 2
           538.5 1
             :
           540.5 2
           541.5 3
           542.5 1
           543.5 2
             :
           545.5 3
           546.5 2
           547.5 2
           548.5 1
           549.5 1
           550.5 1
             :
           552.5 2
             :
           554.5 1
           555.5 4
           556.5 2
           557.5 2
           558.5 2
           559.5 1
             :
           561.5 1
           562.5 1
             :
           567.5 1
           568.5 1
             :
           570.5 2
             :
           573.5 1
             :
           577.5 1
             :
           579.5 1
           580.5 2
           581.5 1
             :
           583.5 1
           584.5 1
             :
           587.5 2
           588.5 1
             :
           591.5 1
             :
           593.5 1
             :
           595.5 2
             :
           607.5 1
             :
           613.5 1
           614.5 2
             :
           617.5 2
           618.5 1
           619.5 1
             :
           633.5 1
           634.5 1
             :
           655.5 1
             :
           667.5 1
             :
           734.5 1

Total: connections 14400 requests 14400 replies 14400 test-duration 600.244 s

Connection rate: 24.0 conn/s (41.7 ms/conn, <=13 concurrent connections)
Connection time [ms]: min 10.3 avg 121.9 max 734.8 median 43.5 stddev 140.3
Connection time [ms]: connect 0.9
Connection length [replies/conn]: 1.000

Request rate: 24.0 req/s (41.7 ms/req)
Request size [B]: 67.0

Reply rate [replies/s]: min 13.0 avg 24.0 max 35.0 stddev 3.6 (600 samples)
Percentages of the replies served at a given rate:
   50%: 23
   66%: 24
   75%: 25
   80%: 26
   90%: 28
   95%: 29
   98%: 31
   99%: 31
  100%: 35

Reply time [ms]: response 114.0 transfer 6.9
Percentages of the requests served within a certain time (ms) :
   50%: 40
   66%: 82
   75%: 205
   80%: 252
   90%: 333
   95%: 388
   98%: 441
   99%: 477
  100%: 663

Reply size [B]: header 162.0 content 72.0 footer 1.0 (total 235.0)
Reply status: 1xx=0 2xx=14400 3xx=0 4xx=0 5xx=0

CPU time [s]: user 469.46 system 129.55 (user 78.2% system 21.6% total 99.8%)
Net I/O: 7.1 KB/s (0.1*10^6 bps)

Errors: total 0 client-timo 0 socket-timo 0 connrefused 0 connreset 0
Errors: fd-unavail 0 addrunavail 0 ftab-full 0 other 0

