httperf --verbose --hog --timeout=50 --client=0/1 --server=172.16.116.116 --port=8080 --uri=/ --rate=24 --send-buffer=4096 --recv-buffer=16384 --num-conns=14400 --num-calls=1
httperf: maximum number of open descriptors = 65535
Maximum connect burst length: 1

Connection lifetime histogram (time in ms):
             :
            10.5 261
            11.5 853
            12.5 618
            13.5 552
            14.5 559
            15.5 728
            16.5 761
            17.5 496
            18.5 355
            19.5 324
            20.5 286
            21.5 250
            22.5 233
            23.5 218
            24.5 209
            25.5 177
            26.5 172
            27.5 153
            28.5 119
            29.5 136
            30.5 123
            31.5 110
            32.5 108
            33.5 121
            34.5 99
            35.5 122
            36.5 91
            37.5 97
            38.5 76
            39.5 93
            40.5 83
            41.5 68
            42.5 68
            43.5 69
            44.5 99
            45.5 72
            46.5 61
            47.5 59
            48.5 55
            49.5 54
            50.5 51
            51.5 65
            52.5 33
            53.5 40
            54.5 52
            55.5 40
            56.5 45
            57.5 42
            58.5 31
            59.5 33
            60.5 40
            61.5 48
            62.5 33
            63.5 24
            64.5 33
            65.5 37
            66.5 43
            67.5 27
            68.5 31
            69.5 31
            70.5 20
            71.5 28
            72.5 22
            73.5 25
            74.5 28
            75.5 16
            76.5 17
            77.5 19
            78.5 15
            79.5 21
            80.5 17
            81.5 14
            82.5 14
            83.5 20
            84.5 10
            85.5 16
            86.5 11
            87.5 20
            88.5 13
            89.5 10
            90.5 12
            91.5 12
            92.5 12
            93.5 15
            94.5 16
            95.5 11
            96.5 17
            97.5 21
            98.5 17
            99.5 14
           100.5 14
           101.5 17
           102.5 12
           103.5 12
           104.5 11
           105.5 10
           106.5 11
           107.5 10
           108.5 6
           109.5 16
           110.5 9
           111.5 10
           112.5 9
           113.5 17
           114.5 4
           115.5 14
           116.5 11
           117.5 9
           118.5 11
           119.5 11
           120.5 12
           121.5 10
           122.5 9
           123.5 9
           124.5 14
           125.5 6
           126.5 7
           127.5 8
           128.5 7
           129.5 15
           130.5 7
           131.5 6
           132.5 6
           133.5 5
           134.5 5
           135.5 8
           136.5 10
           137.5 5
           138.5 8
           139.5 4
           140.5 3
           141.5 6
           142.5 6
           143.5 5
           144.5 6
           145.5 8
           146.5 5
           147.5 7
           148.5 6
           149.5 2
           150.5 11
           151.5 6
           152.5 4
           153.5 4
           154.5 7
           155.5 4
           156.5 7
           157.5 9
           158.5 3
           159.5 6
           160.5 8
           161.5 6
           162.5 4
           163.5 7
           164.5 6
           165.5 2
           166.5 7
           167.5 2
           168.5 9
           169.5 1
           170.5 5
           171.5 6
           172.5 2
           173.5 7
           174.5 6
           175.5 7
           176.5 14
           177.5 5
           178.5 4
           179.5 5
           180.5 3
           181.5 8
           182.5 3
           183.5 10
           184.5 6
           185.5 5
           186.5 7
           187.5 6
           188.5 4
           189.5 6
           190.5 10
           191.5 7
           192.5 5
           193.5 4
           194.5 2
           195.5 7
           196.5 5
           197.5 7
           198.5 5
           199.5 5
           200.5 5
           201.5 9
           202.5 8
           203.5 5
           204.5 8
           205.5 6
           206.5 6
           207.5 3
           208.5 6
           209.5 1
           210.5 10
           211.5 13
           212.5 8
           213.5 2
           214.5 11
           215.5 6
           216.5 10
           217.5 11
           218.5 14
           219.5 12
           220.5 5
           221.5 11
           222.5 13
           223.5 12
           224.5 15
           225.5 3
           226.5 5
           227.5 6
           228.5 5
           229.5 10
           230.5 11
           231.5 12
           232.5 8
           233.5 11
           234.5 17
           235.5 13
           236.5 10
           237.5 7
           238.5 6
           239.5 11
           240.5 9
           241.5 12
           242.5 14
           243.5 7
           244.5 17
           245.5 11
           246.5 7
           247.5 11
           248.5 11
           249.5 17
           250.5 15
           251.5 9
           252.5 15
           253.5 13
           254.5 10
           255.5 12
           256.5 10
           257.5 8
           258.5 13
           259.5 9
           260.5 17
           261.5 11
           262.5 6
           263.5 12
           264.5 9
           265.5 14
           266.5 17
           267.5 18
           268.5 11
           269.5 16
           270.5 9
           271.5 10
           272.5 12
           273.5 12
           274.5 13
           275.5 14
           276.5 8
           277.5 24
           278.5 13
           279.5 8
           280.5 21
           281.5 14
           282.5 11
           283.5 17
           284.5 13
           285.5 17
           286.5 14
           287.5 10
           288.5 12
           289.5 17
           290.5 13
           291.5 14
           292.5 16
           293.5 13
           294.5 20
           295.5 12
           296.5 14
           297.5 20
           298.5 15
           299.5 9
           300.5 13
           301.5 21
           302.5 10
           303.5 18
           304.5 19
           305.5 13
           306.5 11
           307.5 18
           308.5 13
           309.5 13
           310.5 13
           311.5 14
           312.5 13
           313.5 12
           314.5 15
           315.5 16
           316.5 16
           317.5 11
           318.5 14
           319.5 17
           320.5 13
           321.5 9
           322.5 13
           323.5 11
           324.5 15
           325.5 11
           326.5 14
           327.5 7
           328.5 17
           329.5 14
           330.5 16
           331.5 16
           332.5 11
           333.5 19
           334.5 13
           335.5 16
           336.5 12
           337.5 12
           338.5 17
           339.5 11
           340.5 18
           341.5 11
           342.5 13
           343.5 17
           344.5 17
           345.5 16
           346.5 10
           347.5 15
           348.5 12
           349.5 19
           350.5 15
           351.5 7
           352.5 17
           353.5 12
           354.5 7
           355.5 11
           356.5 16
           357.5 12
           358.5 13
           359.5 10
           360.5 13
           361.5 11
           362.5 10
           363.5 20
           364.5 14
           365.5 7
           366.5 10
           367.5 13
           368.5 10
           369.5 10
           370.5 21
           371.5 12
           372.5 14
           373.5 12
           374.5 19
           375.5 18
           376.5 13
           377.5 10
           378.5 14
           379.5 11
           380.5 15
           381.5 10
           382.5 7
           383.5 15
           384.5 7
           385.5 14
           386.5 11
           387.5 11
           388.5 11
           389.5 9
           390.5 10
           391.5 9
           392.5 14
           393.5 9
           394.5 9
           395.5 10
           396.5 12
           397.5 8
           398.5 9
           399.5 10
           400.5 12
           401.5 10
           402.5 5
           403.5 10
           404.5 14
           405.5 8
           406.5 7
           407.5 7
           408.5 12
           409.5 5
           410.5 5
           411.5 16
           412.5 10
           413.5 8
           414.5 6
           415.5 10
           416.5 5
           417.5 8
           418.5 14
           419.5 8
           420.5 6
           421.5 9
           422.5 5
           423.5 11
           424.5 10
           425.5 7
           426.5 14
           427.5 6
           428.5 11
           429.5 8
           430.5 6
           431.5 17
           432.5 4
           433.5 3
           434.5 8
           435.5 11
           436.5 4
           437.5 6
           438.5 10
           439.5 9
           440.5 6
           441.5 8
           442.5 7
           443.5 9
           444.5 8
           445.5 8
           446.5 6
           447.5 7
           448.5 7
           449.5 8
           450.5 5
           451.5 12
           452.5 13
           453.5 6
           454.5 9
           455.5 4
           456.5 6
           457.5 7
           458.5 5
           459.5 5
           460.5 4
           461.5 5
           462.5 3
           463.5 6
           464.5 6
           465.5 5
             :
           467.5 8
           468.5 5
           469.5 4
           470.5 3
           471.5 3
           472.5 1
           473.5 4
           474.5 6
           475.5 3
           476.5 4
           477.5 3
           478.5 7
           479.5 2
           480.5 3
           481.5 6
           482.5 3
           483.5 5
           484.5 1
           485.5 4
           486.5 1
           487.5 3
           488.5 2
           489.5 4
           490.5 4
           491.5 4
           492.5 5
           493.5 6
           494.5 6
           495.5 5
           496.5 4
           497.5 3
           498.5 4
           499.5 3
           500.5 3
           501.5 3
           502.5 4
           503.5 4
           504.5 2
           505.5 4
           506.5 5
           507.5 4
           508.5 4
           509.5 2
           510.5 1
           511.5 3
           512.5 3
           513.5 1
             :
           516.5 3
           517.5 5
           518.5 1
           519.5 2
           520.5 1
             :
           523.5 1
           524.5 5
           525.5 1
             :
           527.5 1
           528.5 1
           529.5 1
             :
           532.5 1
           533.5 3
             :
           535.5 1
           536.5 3
             :
           538.5 1
           539.5 1
           540.5 2
           541.5 2
           542.5 1
           543.5 1
           544.5 1
           545.5 1
           546.5 2
           547.5 2
           548.5 3
           549.5 2
           550.5 2
           551.5 1
           552.5 1
           553.5 1
           554.5 2
           555.5 1
           556.5 2
           557.5 3
             :
           561.5 2
           562.5 1
             :
           564.5 1
             :
           570.5 1
             :
           572.5 1
             :
           574.5 1
             :
           578.5 1
             :
           582.5 1
           583.5 1
           584.5 1
             :
           586.5 1
             :
           588.5 1
           589.5 1
           590.5 1
             :
           592.5 1
             :
           594.5 1
             :
           598.5 1
             :
           603.5 1
           604.5 1
             :
           611.5 2
             :
           615.5 1
             :
           621.5 1
             :
           627.5 1
           628.5 1
             :
           630.5 1
             :
           645.5 1
             :
           706.5 1
             :
           765.5 1

Total: connections 14400 requests 14400 replies 14400 test-duration 600.285 s

Connection rate: 24.0 conn/s (41.7 ms/conn, <=14 concurrent connections)
Connection time [ms]: min 10.1 avg 103.1 max 765.1 median 27.5 stddev 137.5
Connection time [ms]: connect 0.8
Connection length [replies/conn]: 1.000

Request rate: 24.0 req/s (41.7 ms/req)
Request size [B]: 67.0

Reply rate [replies/s]: min 11.0 avg 24.0 max 37.0 stddev 3.6 (600 samples)
Percentages of the replies served at a given rate:
   50%: 23
   66%: 24
   75%: 25
   80%: 25
   90%: 28
   95%: 29
   98%: 31
   99%: 32
  100%: 37

Reply time [ms]: response 96.2 transfer 6.0
Percentages of the requests served within a certain time (ms) :
   50%: 25
   66%: 52
   75%: 126
   80%: 221
   90%: 322
   95%: 383
   98%: 435
   99%: 467
  100%: 760

Reply size [B]: header 162.0 content 72.0 footer 1.0 (total 235.0)
Reply status: 1xx=0 2xx=14400 3xx=0 4xx=0 5xx=0

CPU time [s]: user 469.33 system 129.62 (user 78.2% system 21.6% total 99.8%)
Net I/O: 7.1 KB/s (0.1*10^6 bps)

Errors: total 0 client-timo 0 socket-timo 0 connrefused 0 connreset 0
Errors: fd-unavail 0 addrunavail 0 ftab-full 0 other 0

