httperf --verbose --hog --timeout=50 --client=0/1 --server=172.16.116.116 --port=8080 --uri=/ --rate=16 --send-buffer=4096 --recv-buffer=16384 --num-conns=2880 --num-calls=1
httperf: maximum number of open descriptors = 65535
Maximum connect burst length: 1

Connection lifetime histogram (time in ms):
             :
            10.5 264
            11.5 743
            12.5 263
            13.5 210
            14.5 184
            15.5 244
            16.5 359
            17.5 198
            18.5 117
            19.5 57
            20.5 35
            21.5 19
            22.5 19
            23.5 13
            24.5 6
            25.5 2
            26.5 2
            27.5 1
            28.5 3
             :
            30.5 1
            31.5 1
             :
            33.5 1
             :
            54.5 1
             :
            57.5 1
             :
            60.5 1
             :
            63.5 1
             :
            66.5 1
            67.5 1
             :
            73.5 1
            74.5 1
             :
            80.5 1
             :
            89.5 1
             :
            94.5 1
             :
            98.5 1
             :
           104.5 1
           105.5 1
           106.5 1
             :
           109.5 2
             :
           111.5 1
           112.5 1
             :
           117.5 1
             :
           120.5 1
             :
           126.5 2
           127.5 2
           128.5 1
             :
           130.5 1
             :
           137.5 1
           138.5 2
           139.5 1
             :
           145.5 1
           146.5 1
           147.5 2
             :
           150.5 1
             :
           152.5 1
             :
           154.5 1
             :
           159.5 1
           160.5 3
           161.5 1
           162.5 1
           163.5 2
             :
           170.5 1
             :
           175.5 1
             :
           177.5 1
           178.5 1
             :
           181.5 1
             :
           183.5 1
             :
           185.5 1
           186.5 1
             :
           188.5 1
           189.5 1
           190.5 1
             :
           192.5 1
           193.5 1
           194.5 3
             :
           197.5 2
             :
           199.5 1
           200.5 3
           201.5 1
             :
           204.5 1
           205.5 1
             :
           207.5 1
           208.5 1
             :
           210.5 1
             :
           213.5 2
           214.5 1
           215.5 2
             :
           218.5 2
             :
           221.5 1
           222.5 1
             :
           224.5 3
           225.5 1
           226.5 1
             :
           228.5 1
           229.5 2
           230.5 1
           231.5 1
           232.5 1
             :
           234.5 1
             :
           237.5 2
           238.5 3
           239.5 1
           240.5 1
           241.5 1
             :
           245.5 1
             :
           251.5 1
             :
           253.5 1
             :
           256.5 1
             :
           258.5 1
             :
           261.5 1
             :
           264.5 1
             :
           266.5 2
             :
           269.5 1
             :
           271.5 2
             :
           276.5 2
             :
           278.5 2
             :
           280.5 1
             :
           282.5 1
             :
           286.5 1
             :
           288.5 1
             :
           290.5 1
             :
           295.5 1
             :
           301.5 1
             :
           307.5 1
             :
           313.5 2
           314.5 1
           315.5 1
           316.5 1
             :
           319.5 1
             :
           323.5 1
           324.5 1
             :
           342.5 1
             :
           360.5 1
             :
           378.5 1

Total: connections 2880 requests 2880 replies 2880 test-duration 179.948 s

Connection rate: 16.0 conn/s (62.5 ms/conn, <=2 concurrent connections)
Connection time [ms]: min 10.0 avg 23.1 max 378.8 median 13.5 stddev 43.0
Connection time [ms]: connect 0.7
Connection length [replies/conn]: 1.000

Request rate: 16.0 req/s (62.5 ms/req)
Request size [B]: 67.0

Reply rate [replies/s]: min 15.0 avg 16.0 max 17.0 stddev 0.4 (179 samples)
Percentages of the replies served at a given rate:
   50%: 15
   66%: 15
   75%: 15
   80%: 15
   90%: 15
   95%: 16
   98%: 16
   99%: 16
  100%: 17

Reply time [ms]: response 21.2 transfer 1.2
Percentages of the requests served within a certain time (ms) :
   50%: 12
   66%: 14
   75%: 15
   80%: 15
   90%: 17
   95%: 24
   98%: 199
   99%: 236
  100%: 378

Reply size [B]: header 162.0 content 72.0 footer 1.0 (total 235.0)
Reply status: 1xx=0 2xx=2880 3xx=0 4xx=0 5xx=0

CPU time [s]: user 150.30 system 29.30 (user 83.5% system 16.3% total 99.8%)
Net I/O: 4.7 KB/s (0.0*10^6 bps)

Errors: total 0 client-timo 0 socket-timo 0 connrefused 0 connreset 0
Errors: fd-unavail 0 addrunavail 0 ftab-full 0 other 0

