httperf --verbose --hog --timeout=50 --client=0/1 --server=172.16.116.116 --port=8080 --uri=/ --rate=16 --send-buffer=4096 --recv-buffer=16384 --num-conns=2880 --num-calls=1
httperf: maximum number of open descriptors = 65535
Maximum connect burst length: 1

Connection lifetime histogram (time in ms):
             :
            10.5 337
            11.5 791
            12.5 274
            13.5 192
            14.5 159
            15.5 266
            16.5 356
            17.5 202
            18.5 92
            19.5 60
            20.5 41
            21.5 28
            22.5 16
            23.5 14
            24.5 3
            25.5 3
            26.5 3
            27.5 1
            28.5 2
            29.5 2
            30.5 1
            31.5 1
             :
            73.5 1
             :
            91.5 1
             :
            98.5 1
             :
           100.5 1
             :
           109.5 1
             :
           113.5 1
             :
           116.5 1
             :
           127.5 1
             :
           136.5 1
             :
           138.5 1
             :
           140.5 2
             :
           145.5 2
             :
           147.5 1
             :
           151.5 1
             :
           157.5 1
             :
           161.5 1
             :
           170.5 1
             :
           198.5 1
             :
           200.5 1
             :
           206.5 1
             :
           227.5 1
             :
           237.5 1
             :
           242.5 2
             :
           244.5 1
             :
           254.5 1
           255.5 1
             :
           263.5 1
           264.5 1
             :
           268.5 1
             :
           290.5 1
             :
           310.5 1
             :
           316.5 1
             :
           358.5 1

Total: connections 2880 requests 2880 replies 2880 test-duration 179.953 s

Connection rate: 16.0 conn/s (62.5 ms/conn, <=2 concurrent connections)
Connection time [ms]: min 10.1 avg 16.2 max 358.6 median 13.5 stddev 21.4
Connection time [ms]: connect 0.7
Connection length [replies/conn]: 1.000

Request rate: 16.0 req/s (62.5 ms/req)
Request size [B]: 67.0

Reply rate [replies/s]: min 15.0 avg 16.0 max 17.0 stddev 0.3 (179 samples)
Percentages of the replies served at a given rate:
   50%: 15
   66%: 15
   75%: 15
   80%: 15
   90%: 15
   95%: 15
   98%: 16
   99%: 16
  100%: 17

Reply time [ms]: response 14.7 transfer 0.8
Percentages of the requests served within a certain time (ms) :
   50%: 11
   66%: 14
   75%: 15
   80%: 15
   90%: 16
   95%: 18
   98%: 21
   99%: 108
  100%: 310

Reply size [B]: header 163.0 content 72.0 footer 2.0 (total 237.0)
Reply status: 1xx=0 2xx=2880 3xx=0 4xx=0 5xx=0

CPU time [s]: user 146.43 system 33.17 (user 81.4% system 18.4% total 99.8%)
Net I/O: 4.7 KB/s (0.0*10^6 bps)

Errors: total 0 client-timo 0 socket-timo 0 connrefused 0 connreset 0
Errors: fd-unavail 0 addrunavail 0 ftab-full 0 other 0

