httperf --verbose --hog --timeout=50 --client=0/1 --server=172.16.116.116 --port=8080 --uri=/ --rate=16 --send-buffer=4096 --recv-buffer=16384 --num-conns=2880 --num-calls=1
httperf: maximum number of open descriptors = 65535
Maximum connect burst length: 1

Connection lifetime histogram (time in ms):
             :
            10.5 321
            11.5 791
            12.5 321
            13.5 209
            14.5 187
            15.5 271
            16.5 366
            17.5 153
            18.5 85
            19.5 39
            20.5 20
            21.5 18
            22.5 14
            23.5 6
            24.5 5
            25.5 1
            26.5 3
             :
            28.5 1
            29.5 1
             :
            31.5 1
            32.5 1
             :
            41.5 1
             :
            55.5 1
            56.5 1
             :
            68.5 1
             :
            79.5 1
             :
            82.5 1
             :
            94.5 1
             :
            97.5 1
             :
           127.5 1
             :
           133.5 1
           134.5 1
             :
           149.5 1
           150.5 1
             :
           154.5 1
             :
           156.5 1
             :
           160.5 1
             :
           167.5 2
           168.5 1
             :
           174.5 1
           175.5 2
             :
           177.5 1
             :
           183.5 2
             :
           185.5 1
             :
           189.5 1
             :
           198.5 1
             :
           201.5 1
             :
           205.5 1
             :
           207.5 1
             :
           209.5 1
           210.5 1
             :
           214.5 1
             :
           219.5 1
             :
           221.5 2
             :
           229.5 1
           230.5 1
             :
           233.5 1
             :
           235.5 1
           236.5 1
           237.5 1
           238.5 1
             :
           240.5 1
             :
           244.5 1
             :
           247.5 2
             :
           249.5 1
             :
           252.5 1
             :
           255.5 1
             :
           257.5 1
           258.5 1
           259.5 1
             :
           261.5 1
             :
           264.5 1
             :
           267.5 2
             :
           271.5 1
             :
           294.5 1
             :
           309.5 1
             :
           311.5 1
             :
           322.5 1
           323.5 1
             :
           335.5 1
             :
           352.5 1

Total: connections 2880 requests 2880 replies 2880 test-duration 179.957 s

Connection rate: 16.0 conn/s (62.5 ms/conn, <=3 concurrent connections)
Connection time [ms]: min 10.2 avg 18.2 max 352.3 median 13.5 stddev 30.7
Connection time [ms]: connect 0.6
Connection length [replies/conn]: 1.000

Request rate: 16.0 req/s (62.5 ms/req)
Request size [B]: 67.0

Reply rate [replies/s]: min 15.0 avg 16.0 max 18.0 stddev 0.4 (179 samples)
Percentages of the replies served at a given rate:
   50%: 15
   66%: 15
   75%: 15
   80%: 15
   90%: 15
   95%: 16
   98%: 16
   99%: 16
  100%: 18

Reply time [ms]: response 16.6 transfer 0.8
Percentages of the requests served within a certain time (ms) :
   50%: 11
   66%: 14
   75%: 14
   80%: 15
   90%: 16
   95%: 18
   98%: 127
   99%: 200
  100%: 322

Reply size [B]: header 162.0 content 72.0 footer 1.0 (total 235.0)
Reply status: 1xx=0 2xx=2880 3xx=0 4xx=0 5xx=0

CPU time [s]: user 150.30 system 29.34 (user 83.5% system 16.3% total 99.8%)
Net I/O: 4.7 KB/s (0.0*10^6 bps)

Errors: total 0 client-timo 0 socket-timo 0 connrefused 0 connreset 0
Errors: fd-unavail 0 addrunavail 0 ftab-full 0 other 0

