httperf --verbose --hog --timeout=50 --client=0/1 --server=172.16.116.116 --port=8080 --uri=/ --rate=24 --send-buffer=4096 --recv-buffer=16384 --num-conns=4320 --num-calls=1
httperf: maximum number of open descriptors = 65535
Maximum connect burst length: 1

Connection lifetime histogram (time in ms):
             :
            10.5 337
            11.5 576
            12.5 383
            13.5 311
            14.5 267
            15.5 262
            16.5 341
            17.5 252
            18.5 170
            19.5 129
            20.5 117
            21.5 98
            22.5 85
            23.5 56
            24.5 68
            25.5 49
            26.5 48
            27.5 39
            28.5 41
            29.5 35
            30.5 31
            31.5 40
            32.5 30
            33.5 48
            34.5 23
            35.5 33
            36.5 28
            37.5 20
            38.5 13
            39.5 19
            40.5 17
            41.5 13
            42.5 12
            43.5 22
            44.5 20
            45.5 11
            46.5 15
            47.5 8
            48.5 13
            49.5 11
            50.5 15
            51.5 10
            52.5 12
            53.5 7
            54.5 5
            55.5 13
            56.5 4
            57.5 10
            58.5 4
            59.5 1
            60.5 6
            61.5 2
            62.5 3
             :
            64.5 2
            65.5 2
             :
            69.5 2
             :
            71.5 1
            72.5 1
             :
            74.5 1
            75.5 1
             :
            83.5 1
             :
            88.5 1
             :
            99.5 1
             :
           120.5 1
             :
           125.5 1
             :
           144.5 1
             :
           187.5 1
             :
           193.5 1
             :
           225.5 1
             :
           233.5 1
             :
           247.5 1
             :
           259.5 1
             :
           265.5 1
             :
           283.5 1
             :
           285.5 1
             :
           293.5 1
             :
           300.5 1
             :
           326.5 1
             :
           343.5 1
             :
           352.5 1
             :
           369.5 1
             :
           377.5 1
             :
           387.5 1
             :
           396.5 1
             :
           398.5 1
             :
           420.5 1
           421.5 1
             :
           431.5 1
             :
           439.5 2
             :
           443.5 1
           444.5 1
             :
           449.5 1
             :
           480.5 1
           481.5 2
             :
           488.5 1
             :
           497.5 1
             :
           507.5 1
             :
           511.5 1
             :
           513.5 1
             :
           522.5 1
             :
           534.5 1
             :
           547.5 1
             :
           551.5 1
             :
           553.5 1
             :
           574.5 1
             :
           586.5 1
             :
           593.5 1
             :
           596.5 1
             :
           599.5 1
             :
           602.5 1
             :
           609.5 1
             :
           613.5 1
             :
           615.5 1
             :
           617.5 1
             :
           619.5 1
             :
           621.5 1
             :
           623.5 1
             :
           626.5 1
             :
           629.5 1
             :
           635.5 1
           636.5 1
             :
           638.5 1
             :
           642.5 1
           643.5 1
             :
           649.5 1
           650.5 1
           651.5 1
             :
           656.5 1
             :
           665.5 1
             :
           676.5 1
             :
           681.5 1
             :
           683.5 1
             :
           688.5 1
           689.5 1
             :
           696.5 1
           697.5 1
             :
           711.5 1
             :
           714.5 1
             :
           724.5 1
           725.5 1
             :
           739.5 1
             :
           741.5 1
             :
           743.5 1
           744.5 1
             :
           756.5 1
             :
           767.5 1
             :
           780.5 2
             :
           785.5 1
             :
           790.5 1
             :
           792.5 1
             :
           801.5 1
             :
           817.5 1
             :
           835.5 1
             :
           854.5 1
             :
           860.5 1
             :
           867.5 1
             :
           877.5 1
             :
           883.5 1
             :
           907.5 1
             :
           921.5 2
             :
           931.5 1
             :
           946.5 1
             :
           951.5 1
           952.5 1
             :
           959.5 1
             :
           961.5 1
             :
           963.5 1
             :
           999.5 1
          1000.5 1
          1001.5 1
             :
          1005.5 1
             :
          1021.5 1
             :
          1035.5 1
             :
          1051.5 1
             :
          1188.5 1
             :
          1196.5 1
             :
          1248.5 1
             :
          1262.5 1
             :
          1267.5 1
             :
          1269.5 1
             :
          1347.5 1
             :
          1413.5 1
             :
          1420.5 1

Total: connections 4320 requests 4320 replies 4320 test-duration 179.970 s

Connection rate: 24.0 conn/s (41.7 ms/conn, <=6 concurrent connections)
Connection time [ms]: min 10.1 avg 37.7 max 1420.2 median 16.5 stddev 119.0
Connection time [ms]: connect 0.5
Connection length [replies/conn]: 1.000

Request rate: 24.0 req/s (41.7 ms/req)
Request size [B]: 67.0

Reply rate [replies/s]: min 21.0 avg 24.0 max 28.0 stddev 1.2 (179 samples)
Percentages of the replies served at a given rate:
   50%: 23
   66%: 23
   75%: 24
   80%: 24
   90%: 24
   95%: 25
   98%: 26
   99%: 26
  100%: 28

Reply time [ms]: response 35.1 transfer 2.0
Percentages of the requests served within a certain time (ms) :
   50%: 14
   66%: 17
   75%: 19
   80%: 22
   90%: 34
   95%: 48
   98%: 487
   99%: 689
  100%: 1346

Reply size [B]: header 162.0 content 72.0 footer 1.0 (total 235.0)
Reply status: 1xx=0 2xx=4320 3xx=0 4xx=0 5xx=0

CPU time [s]: user 147.44 system 32.20 (user 81.9% system 17.9% total 99.8%)
Net I/O: 7.1 KB/s (0.1*10^6 bps)

Errors: total 0 client-timo 0 socket-timo 0 connrefused 0 connreset 0
Errors: fd-unavail 0 addrunavail 0 ftab-full 0 other 0

