httperf --verbose --hog --timeout=50 --client=0/1 --server=172.16.116.116 --port=8080 --uri=/ --rate=24 --send-buffer=4096 --recv-buffer=16384 --num-conns=4320 --num-calls=1
httperf: maximum number of open descriptors = 65535
Maximum connect burst length: 1

Connection lifetime histogram (time in ms):
             :
             9.5 2
            10.5 374
            11.5 414
            12.5 348
            13.5 274
            14.5 282
            15.5 228
            16.5 248
            17.5 153
            18.5 179
            19.5 170
            20.5 166
            21.5 154
            22.5 103
            23.5 81
            24.5 78
            25.5 59
            26.5 53
            27.5 64
            28.5 42
            29.5 43
            30.5 43
            31.5 27
            32.5 29
            33.5 28
            34.5 37
            35.5 29
            36.5 34
            37.5 25
            38.5 24
            39.5 24
            40.5 16
            41.5 10
            42.5 15
            43.5 20
            44.5 16
            45.5 17
            46.5 21
            47.5 16
            48.5 12
            49.5 17
            50.5 12
            51.5 12
            52.5 12
            53.5 7
            54.5 5
            55.5 4
            56.5 7
            57.5 4
            58.5 6
            59.5 4
            60.5 2
            61.5 2
            62.5 4
            63.5 3
             :
            65.5 1
            66.5 3
            67.5 3
             :
            74.5 1
             :
            76.5 1
            77.5 1
             :
            85.5 1
             :
            97.5 1
             :
           103.5 1
             :
           107.5 1
             :
           110.5 1
             :
           127.5 1
             :
           137.5 1
             :
           147.5 1
             :
           154.5 1
             :
           157.5 1
             :
           165.5 1
             :
           169.5 1
             :
           173.5 1
             :
           183.5 1
             :
           189.5 1
           190.5 1
             :
           195.5 1
             :
           199.5 1
             :
           203.5 1
             :
           206.5 1
             :
           215.5 1
             :
           222.5 1
           223.5 1
             :
           228.5 1
             :
           236.5 1
             :
           242.5 1
           243.5 1
             :
           257.5 1
             :
           259.5 1
           260.5 1
             :
           263.5 1
             :
           276.5 1
             :
           287.5 2
           288.5 1
             :
           294.5 2
             :
           300.5 1
             :
           303.5 1
             :
           311.5 1
             :
           318.5 1
             :
           325.5 1
             :
           328.5 1
           329.5 1
             :
           333.5 1
             :
           346.5 1
             :
           348.5 1
             :
           354.5 1
             :
           358.5 1
             :
           361.5 1
             :
           372.5 1
             :
           377.5 1
             :
           384.5 1
             :
           390.5 3
             :
           392.5 1
             :
           395.5 1
             :
           398.5 1
             :
           422.5 1
             :
           424.5 2
             :
           436.5 1
             :
           439.5 2
             :
           449.5 1
           450.5 2
             :
           453.5 1
             :
           457.5 1
             :
           463.5 1
             :
           466.5 1
             :
           469.5 1
             :
           472.5 1
             :
           475.5 1
             :
           481.5 1
             :
           486.5 1
             :
           488.5 1
             :
           495.5 1
             :
           500.5 1
             :
           504.5 1
             :
           508.5 2
             :
           510.5 1
             :
           512.5 1
           513.5 1
             :
           518.5 1
             :
           524.5 1
             :
           531.5 1
             :
           535.5 1
           536.5 1
             :
           540.5 1
             :
           545.5 1
             :
           554.5 1
           555.5 3
           556.5 1
           557.5 1
           558.5 1
             :
           560.5 1
             :
           564.5 1
             :
           570.5 1
             :
           581.5 1
           582.5 2
             :
           589.5 1
             :
           594.5 1
             :
           599.5 1
             :
           602.5 2
             :
           604.5 2
             :
           606.5 1
             :
           609.5 2
             :
           612.5 1
             :
           618.5 1
           619.5 1
             :
           623.5 1
           624.5 2
           625.5 1
             :
           627.5 1
             :
           635.5 1
             :
           637.5 1
             :
           642.5 1
             :
           645.5 2
             :
           648.5 2
             :
           653.5 2
           654.5 1
             :
           658.5 2
           659.5 1
             :
           666.5 1
             :
           676.5 1
             :
           681.5 1
             :
           685.5 2
             :
           691.5 1
             :
           694.5 1
             :
           696.5 1
             :
           706.5 1
             :
           709.5 1
             :
           716.5 1
             :
           719.5 2
             :
           722.5 3
             :
           726.5 1
           727.5 2
             :
           732.5 1
             :
           742.5 1
             :
           746.5 1
           747.5 1
             :
           750.5 1
           751.5 1
             :
           754.5 1
           755.5 1
             :
           760.5 1
             :
           762.5 2
             :
           765.5 1
             :
           767.5 1
             :
           769.5 1
             :
           774.5 1
             :
           778.5 1
           779.5 2
             :
           782.5 2
           783.5 1
           784.5 1
             :
           786.5 1
             :
           789.5 1
             :
           792.5 1
           793.5 1
             :
           795.5 1
           796.5 1
             :
           800.5 2
             :
           803.5 1
             :
           827.5 1
             :
           829.5 1
             :
           843.5 2
             :
           855.5 1
             :
           860.5 1
             :
           862.5 1
           863.5 1
           864.5 1
             :
           867.5 1
             :
           869.5 1
           870.5 1
             :
           872.5 2
             :
           875.5 1
             :
           877.5 2
             :
           881.5 1
             :
           888.5 1
           889.5 1
             :
           891.5 1
           892.5 1
             :
           899.5 1
             :
           906.5 1
             :
           908.5 1
             :
           910.5 1
             :
           921.5 1
             :
           924.5 1
             :
           927.5 1
             :
           931.5 1
             :
           934.5 1
             :
           938.5 1
             :
           941.5 1
             :
           946.5 3
             :
           952.5 1
             :
           964.5 1
             :
           971.5 1
             :
           985.5 1
             :
           998.5 1
           999.5 1
             :
          1011.5 1
             :
          1016.5 1
             :
          1023.5 1
             :
          1031.5 1
             :
          1034.5 1
             :
          1042.5 1
             :
          1047.5 1
             :
          1049.5 1
             :
          1075.5 1
             :
          1082.5 1
             :
          1179.5 1
             :
          1196.5 1
          1197.5 1
          1198.5 1
          1199.5 1
             :
          1204.5 1
             :
          1211.5 1
             :
          1228.5 1
             :
          1283.5 1
             :
          1408.5 1
             :
          1473.5 1
             :
          1486.5 1

Total: connections 4320 requests 4320 replies 4320 test-duration 179.970 s

Connection rate: 24.0 conn/s (41.7 ms/conn, <=8 concurrent connections)
Connection time [ms]: min 10.0 avg 55.6 max 1486.2 median 16.5 stddev 159.8
Connection time [ms]: connect 0.7
Connection length [replies/conn]: 1.000

Request rate: 24.0 req/s (41.7 ms/req)
Request size [B]: 67.0

Reply rate [replies/s]: min 19.0 avg 24.0 max 29.0 stddev 1.7 (179 samples)
Percentages of the replies served at a given rate:
   50%: 23
   66%: 24
   75%: 24
   80%: 24
   90%: 25
   95%: 26
   98%: 26
   99%: 27
  100%: 29

Reply time [ms]: response 52.4 transfer 2.5
Percentages of the requests served within a certain time (ms) :
   50%: 15
   66%: 19
   75%: 23
   80%: 26
   90%: 42
   95%: 286
   98%: 718
   99%: 863
  100%: 1485

Reply size [B]: header 162.0 content 72.0 footer 1.0 (total 235.0)
Reply status: 1xx=0 2xx=4320 3xx=0 4xx=0 5xx=0

CPU time [s]: user 146.34 system 33.30 (user 81.3% system 18.5% total 99.8%)
Net I/O: 7.1 KB/s (0.1*10^6 bps)

Errors: total 0 client-timo 0 socket-timo 0 connrefused 0 connreset 0
Errors: fd-unavail 0 addrunavail 0 ftab-full 0 other 0

