httperf --verbose --hog --timeout=50 --client=0/1 --server=172.16.116.116 --port=8080 --uri=/ --rate=24 --send-buffer=4096 --recv-buffer=16384 --num-conns=4320 --num-calls=1
httperf: maximum number of open descriptors = 65535
Maximum connect burst length: 1

Connection lifetime histogram (time in ms):
             :
            10.5 86
            11.5 270
            12.5 329
            13.5 249
            14.5 212
            15.5 356
            16.5 380
            17.5 258
            18.5 186
            19.5 168
            20.5 128
            21.5 119
            22.5 104
            23.5 107
            24.5 81
            25.5 79
            26.5 61
            27.5 72
            28.5 51
            29.5 49
            30.5 46
            31.5 49
            32.5 37
            33.5 44
            34.5 27
            35.5 47
            36.5 38
            37.5 32
            38.5 31
            39.5 22
            40.5 32
            41.5 20
            42.5 22
            43.5 25
            44.5 21
            45.5 20
            46.5 16
            47.5 13
            48.5 22
            49.5 16
            50.5 16
            51.5 21
            52.5 11
            53.5 10
            54.5 10
            55.5 9
            56.5 3
            57.5 3
            58.5 3
            59.5 7
            60.5 2
            61.5 7
            62.5 4
            63.5 5
            64.5 4
            65.5 3
            66.5 1
            67.5 2
            68.5 2
            69.5 2
            70.5 1
             :
            74.5 2
             :
            76.5 2
             :
            79.5 1
            80.5 2
             :
            82.5 1
             :
           102.5 2
             :
           114.5 1
             :
           119.5 3
             :
           122.5 1
             :
           127.5 1
           128.5 1
             :
           134.5 2
             :
           136.5 1
             :
           150.5 2
           151.5 1
           152.5 1
             :
           155.5 1
             :
           157.5 1
             :
           160.5 1
           161.5 1
             :
           164.5 1
           165.5 1
             :
           170.5 1
             :
           172.5 1
             :
           175.5 1
             :
           186.5 1
             :
           206.5 1
           207.5 1
             :
           209.5 1
           210.5 1
             :
           218.5 1
             :
           223.5 1
             :
           229.5 1
             :
           233.5 1
             :
           244.5 1
           245.5 1
             :
           257.5 1
             :
           260.5 1
             :
           269.5 1
             :
           273.5 1
             :
           286.5 1
             :
           296.5 1
           297.5 1
             :
           307.5 1
             :
           317.5 1
             :
           341.5 1
             :
           344.5 1
             :
           346.5 1
             :
           350.5 1
             :
           355.5 1
             :
           361.5 1
             :
           378.5 1
             :
           390.5 1
             :
           393.5 1
             :
           398.5 2
           399.5 1
             :
           407.5 1
           408.5 1
             :
           415.5 1
             :
           418.5 2
             :
           424.5 1
             :
           429.5 1
             :
           431.5 1
             :
           434.5 1
             :
           436.5 2
             :
           439.5 1
             :
           447.5 2
             :
           450.5 1
           451.5 1
           452.5 1
             :
           473.5 1
             :
           477.5 1
             :
           480.5 1
             :
           484.5 1
             :
           486.5 1
             :
           489.5 1
             :
           491.5 1
             :
           493.5 1
             :
           503.5 1
             :
           506.5 1
             :
           513.5 1
             :
           520.5 2
           521.5 2
             :
           529.5 2
           530.5 1
           531.5 2
           532.5 1
             :
           538.5 1
             :
           546.5 1
             :
           551.5 1
             :
           553.5 1
             :
           560.5 1
           561.5 1
             :
           563.5 1
             :
           565.5 1
             :
           569.5 2
           570.5 1
             :
           577.5 1
             :
           581.5 1
             :
           586.5 1
             :
           593.5 1
             :
           596.5 1
           597.5 1
           598.5 2
             :
           605.5 2
             :
           609.5 2
             :
           615.5 1
             :
           619.5 1
           620.5 1
             :
           630.5 1
             :
           632.5 1
             :
           634.5 2
             :
           638.5 2
           639.5 1
             :
           644.5 1
             :
           646.5 1
             :
           651.5 1
             :
           653.5 1
             :
           655.5 1
           656.5 1
           657.5 1
             :
           659.5 1
             :
           662.5 1
             :
           664.5 2
           665.5 1
             :
           671.5 1
             :
           676.5 2
             :
           678.5 2
           679.5 1
           680.5 1
             :
           687.5 1
           688.5 2
             :
           691.5 3
             :
           694.5 1
           695.5 2
             :
           698.5 1
           699.5 1
           700.5 1
             :
           704.5 1
             :
           709.5 1
             :
           717.5 1
             :
           719.5 3
             :
           723.5 1
             :
           725.5 2
             :
           729.5 1
             :
           738.5 2
           739.5 1
             :
           741.5 1
             :
           745.5 1
             :
           748.5 1
             :
           754.5 1
           755.5 1
           756.5 1
           757.5 1
           758.5 1
             :
           761.5 1
           762.5 1
           763.5 1
             :
           765.5 2
             :
           767.5 1
             :
           773.5 2
           774.5 1
             :
           777.5 1
           778.5 1
           779.5 1
             :
           785.5 1
           786.5 1
             :
           795.5 1
           796.5 1
           797.5 1
             :
           801.5 1
             :
           804.5 1
             :
           806.5 1
             :
           808.5 1
             :
           810.5 1
             :
           814.5 1
             :
           818.5 2
             :
           821.5 1
             :
           823.5 1
             :
           832.5 1
             :
           834.5 2
             :
           850.5 1
             :
           857.5 1
             :
           859.5 1
             :
           865.5 1
             :
           868.5 1
             :
           871.5 1
             :
           874.5 1
             :
           877.5 1
             :
           885.5 1
             :
           887.5 1
             :
           898.5 1
             :
           900.5 1
             :
           910.5 1
           911.5 1
             :
           920.5 1
             :
           925.5 1
             :
           930.5 1
             :
           943.5 1
             :
           946.5 1
             :
           958.5 1
           959.5 1
             :
           968.5 1
             :
           979.5 1
             :
           989.5 1
             :
           992.5 1
             :
           998.5 1
             :
          1013.5 1
             :
          1027.5 1
             :
          1035.5 1
          1036.5 1
          1037.5 1
             :
          1049.5 1
             :
          1059.5 1
             :
          1062.5 1
             :
          1066.5 1
             :
          1068.5 1
             :
          1073.5 1
             :
          1080.5 1
             :
          1088.5 1
             :
          1094.5 1
             :
          1138.5 1
             :
          1160.5 1
             :
          1172.5 1
             :
          1205.5 1
             :
          1207.5 1
             :
          1236.5 1
             :
          1284.5 1
             :
          1287.5 1
             :
          1359.5 1
             :
          1549.5 1
             :
          1552.5 1

Total: connections 4320 requests 4320 replies 4320 test-duration 179.971 s

Connection rate: 24.0 conn/s (41.7 ms/conn, <=6 concurrent connections)
Connection time [ms]: min 10.3 avg 58.2 max 1552.0 median 18.5 stddev 161.0
Connection time [ms]: connect 0.7
Connection length [replies/conn]: 1.000

Request rate: 24.0 req/s (41.7 ms/req)
Request size [B]: 67.0

Reply rate [replies/s]: min 19.0 avg 24.0 max 29.0 stddev 1.8 (179 samples)
Percentages of the replies served at a given rate:
   50%: 23
   66%: 23
   75%: 24
   80%: 24
   90%: 25
   95%: 26
   98%: 27
   99%: 28
  100%: 29

Reply time [ms]: response 54.3 transfer 3.1
Percentages of the requests served within a certain time (ms) :
   50%: 16
   66%: 20
   75%: 25
   80%: 30
   90%: 45
   95%: 295
   98%: 697
   99%: 816
  100%: 1548

Reply size [B]: header 162.0 content 72.0 footer 1.0 (total 235.0)
Reply status: 1xx=0 2xx=4320 3xx=0 4xx=0 5xx=0

CPU time [s]: user 144.38 system 35.26 (user 80.2% system 19.6% total 99.8%)
Net I/O: 7.1 KB/s (0.1*10^6 bps)

Errors: total 0 client-timo 0 socket-timo 0 connrefused 0 connreset 0
Errors: fd-unavail 0 addrunavail 0 ftab-full 0 other 0

