httperf --verbose --hog --timeout=50 --client=0/1 --server=172.16.116.116 --port=8080 --uri=/ --rate=16 --send-buffer=4096 --recv-buffer=16384 --num-conns=2880 --num-calls=1
httperf: maximum number of open descriptors = 65535
Maximum connect burst length: 1

Connection lifetime histogram (time in ms):
             :
             9.5 1
            10.5 403
            11.5 777
            12.5 268
            13.5 213
            14.5 198
            15.5 285
            16.5 324
            17.5 150
            18.5 98
            19.5 58
            20.5 25
            21.5 24
            22.5 8
            23.5 5
            24.5 1
            25.5 5
             :
            27.5 1
            28.5 1
             :
            30.5 1
             :
            63.5 1
             :
            67.5 1
             :
            73.5 1
             :
            85.5 1
             :
           124.5 1
             :
           172.5 1
             :
           176.5 1
             :
           178.5 1
             :
           183.5 1
             :
           186.5 1
           187.5 1
             :
           191.5 2
             :
           195.5 2
             :
           198.5 1
             :
           200.5 1
           201.5 1
             :
           228.5 1
             :
           230.5 1
           231.5 1
             :
           246.5 1
             :
           250.5 1
             :
           263.5 1
             :
           272.5 1
             :
           282.5 1
             :
           287.5 1
             :
           289.5 1
             :
           299.5 1
             :
           302.5 2
             :
           316.5 1
             :
           322.5 1
             :
           344.5 1

Total: connections 2880 requests 2880 replies 2880 test-duration 179.954 s

Connection rate: 16.0 conn/s (62.5 ms/conn, <=2 concurrent connections)
Connection time [ms]: min 10.0 avg 16.1 max 344.5 median 12.5 stddev 23.5
Connection time [ms]: connect 0.7
Connection length [replies/conn]: 1.000

Request rate: 16.0 req/s (62.5 ms/req)
Request size [B]: 67.0

Reply rate [replies/s]: min 15.0 avg 16.0 max 17.0 stddev 0.3 (179 samples)
Percentages of the replies served at a given rate:
   50%: 15
   66%: 15
   75%: 15
   80%: 15
   90%: 15
   95%: 15
   98%: 16
   99%: 16
  100%: 17

Reply time [ms]: response 14.7 transfer 0.7
Percentages of the requests served within a certain time (ms) :
   50%: 11
   66%: 13
   75%: 14
   80%: 15
   90%: 16
   95%: 17
   98%: 19
   99%: 123
  100%: 343

Reply size [B]: header 162.0 content 72.0 footer 1.0 (total 235.0)
Reply status: 1xx=0 2xx=2880 3xx=0 4xx=0 5xx=0

CPU time [s]: user 151.26 system 28.35 (user 84.1% system 15.8% total 99.8%)
Net I/O: 4.7 KB/s (0.0*10^6 bps)

Errors: total 0 client-timo 0 socket-timo 0 connrefused 0 connreset 0
Errors: fd-unavail 0 addrunavail 0 ftab-full 0 other 0

