httperf --verbose --hog --timeout=3 --client=0/1 --server=172.17.60.201 --port=80 --uri=/ --rate=16 --send-buffer=4096 --recv-buffer=16384 --num-conns=1000 --num-calls=1
httperf: maximum number of open descriptors = 4096
Maximum connect burst length: 1

Connection lifetime histogram (time in ms):
             :
             7.5 24
             8.5 20
             9.5 27
            10.5 35
            11.5 16
            12.5 6
            13.5 9
            14.5 11
            15.5 5
            16.5 13
            17.5 5
            18.5 9
            19.5 7
            20.5 2
            21.5 4
            22.5 2
            23.5 3
            24.5 5
             :
            26.5 6
            27.5 2
            28.5 2
            29.5 6
            30.5 3
            31.5 2
            32.5 2
            33.5 3
            34.5 2
            35.5 6
            36.5 5
            37.5 7
            38.5 2
            39.5 5
            40.5 4
            41.5 1
            42.5 2
             :
            44.5 3
            45.5 1
             :
            47.5 5
            48.5 5
            49.5 4
             :
            51.5 8
            52.5 2
            53.5 2
            54.5 3
            55.5 4
            56.5 2
            57.5 4
            58.5 1
            59.5 1
            60.5 3
            61.5 4
             :
            63.5 1
             :
            65.5 2
            66.5 1
             :
            68.5 2
             :
            72.5 2
            73.5 1
            74.5 1
            75.5 3
            76.5 1
             :
            78.5 2
            79.5 1
            80.5 2
            81.5 3
            82.5 1
             :
            84.5 2
             :
            87.5 2
            88.5 1
             :
            90.5 1
            91.5 2
             :
            94.5 2
             :
            96.5 1
            97.5 1
            98.5 1
             :
           100.5 2
           101.5 1
           102.5 1
           103.5 2
             :
           105.5 3
           106.5 4
           107.5 1
           108.5 2
           109.5 4
             :
           111.5 1
           112.5 1
           113.5 2
           114.5 4
           115.5 1
             :
           118.5 2
           119.5 2
           120.5 1
           121.5 1
           122.5 1
             :
           127.5 3
           128.5 1
           129.5 1
           130.5 1
           131.5 1
             :
           133.5 1
           134.5 1
             :
           136.5 2
           137.5 3
           138.5 3
           139.5 2
             :
           141.5 1
             :
           143.5 2
           144.5 1
           145.5 1
           146.5 1
             :
           148.5 1
             :
           150.5 2
           151.5 1
           152.5 1
           153.5 2
           154.5 1
           155.5 1
             :
           159.5 1
             :
           162.5 3
           163.5 1
           164.5 1
           165.5 2
           166.5 3
           167.5 2
             :
           169.5 1
             :
           171.5 1
           172.5 2
             :
           174.5 1
             :
           177.5 2
             :
           179.5 5
           180.5 2
             :
           182.5 1
             :
           184.5 2
             :
           186.5 1
           187.5 1
           188.5 1
           189.5 2
           190.5 1
           191.5 2
           192.5 1
           193.5 1
           194.5 1
           195.5 1
             :
           197.5 2
           198.5 2
           199.5 2
           200.5 2
             :
           202.5 1
             :
           204.5 3
             :
           206.5 1
           207.5 2
           208.5 1
             :
           211.5 4
             :
           214.5 2
           215.5 1
           216.5 2
           217.5 2
           218.5 2
             :
           220.5 2
             :
           223.5 1
             :
           227.5 1
             :
           230.5 1
           231.5 2
             :
           233.5 2
           234.5 3
             :
           236.5 2
             :
           239.5 3
           240.5 1
           241.5 2
           242.5 3
             :
           244.5 1
           245.5 1
             :
           247.5 2
             :
           249.5 3
             :
           251.5 1
           252.5 2
           253.5 2
             :
           255.5 1
             :
           258.5 2
           259.5 1
           260.5 3
           261.5 1
           262.5 1
             :
           264.5 2
           265.5 1
             :
           267.5 1
           268.5 2
           269.5 2
           270.5 1
           271.5 2
           272.5 1
             :
           275.5 3
             :
           277.5 2
             :
           279.5 1
             :
           284.5 1
           285.5 2
             :
           287.5 1
           288.5 2
             :
           291.5 4
           292.5 3
           293.5 1
           294.5 1
           295.5 1
             :
           299.5 2
             :
           301.5 1
           302.5 1
           303.5 3
           304.5 2
             :
           306.5 1
             :
           311.5 1
             :
           313.5 1
             :
           315.5 2
             :
           317.5 1
             :
           319.5 1
             :
           321.5 1
           322.5 1
           323.5 2
             :
           327.5 1
           328.5 1
           329.5 3
           330.5 1
           331.5 1
           332.5 2
             :
           335.5 2
           336.5 1
             :
           340.5 1
           341.5 1
           342.5 1
           343.5 1
             :
           345.5 1
           346.5 1
             :
           349.5 2
           350.5 2
           351.5 3
             :
           354.5 1
             :
           357.5 1
           358.5 1
           359.5 1
           360.5 2
           361.5 1
           362.5 1
           363.5 1
           364.5 1
           365.5 1
             :
           370.5 1
             :
           374.5 2
             :
           376.5 1
           377.5 1
           378.5 1
             :
           380.5 1
             :
           385.5 1
           386.5 1
             :
           388.5 1
           389.5 1
           390.5 1
           391.5 1
           392.5 1
           393.5 2
           394.5 1
             :
           398.5 3
           399.5 3
             :
           401.5 1
           402.5 2
             :
           404.5 1
           405.5 1
             :
           407.5 1
           408.5 1
             :
           411.5 1
             :
           413.5 1
             :
           415.5 2
           416.5 1
             :
           418.5 2
             :
           420.5 1
           421.5 2
             :
           423.5 1
             :
           427.5 1
             :
           431.5 3
           432.5 1
             :
           434.5 1
           435.5 1
             :
           437.5 1
             :
           442.5 2
           443.5 1
           444.5 1
           445.5 1
             :
           448.5 1
             :
           453.5 3
             :
           455.5 1
             :
           460.5 1
           461.5 1
             :
           464.5 1
             :
           478.5 2
           479.5 1
             :
           487.5 2
             :
           489.5 1
           490.5 1
             :
           492.5 1
             :
           494.5 2
             :
           496.5 1
             :
           498.5 1
           499.5 1
             :
           502.5 2
             :
           504.5 3
             :
           511.5 1
           512.5 1
             :
           514.5 1
             :
           517.5 2
             :
           519.5 2
             :
           522.5 1
           523.5 1
             :
           529.5 1
             :
           533.5 1
             :
           536.5 1
             :
           542.5 1
           543.5 1
             :
           546.5 2
           547.5 2
             :
           551.5 3
             :
           555.5 3
             :
           557.5 2
             :
           560.5 1
           561.5 1
           562.5 1
           563.5 1
             :
           565.5 1
             :
           570.5 1
             :
           572.5 1
           573.5 2
           574.5 1
             :
           579.5 2
           580.5 3
             :
           582.5 2
           583.5 2
           584.5 1
             :
           587.5 1
           588.5 1
             :
           590.5 1
           591.5 1
             :
           594.5 1
             :
           596.5 2
             :
           598.5 1
             :
           602.5 2
           603.5 2
             :
           605.5 1
             :
           607.5 2
             :
           609.5 2
             :
           611.5 1
           612.5 1
             :
           614.5 3
             :
           616.5 2
           617.5 2
             :
           620.5 1
             :
           622.5 1
             :
           626.5 1
           627.5 1
             :
           633.5 3
             :
           639.5 2
             :
           641.5 3
           642.5 1
           643.5 2
             :
           645.5 1
             :
           647.5 1
             :
           652.5 1
             :
           655.5 1
             :
           659.5 1
             :
           663.5 1
           664.5 1
             :
           667.5 1
             :
           669.5 1
           670.5 2
             :
           672.5 1
           673.5 1
           674.5 2
             :
           679.5 1
             :
           681.5 1
             :
           683.5 2
             :
           686.5 1
             :
           692.5 1
           693.5 1
             :
           695.5 1
             :
           697.5 1
             :
           700.5 2
             :
           704.5 1
             :
           708.5 1
           709.5 2
             :
           711.5 1
             :
           713.5 2
             :
           716.5 1
           717.5 2
             :
           719.5 2
             :
           724.5 1
             :
           726.5 1
             :
           729.5 1
             :
           733.5 1
             :
           748.5 1
             :
           754.5 1
             :
           756.5 2
             :
           758.5 1
           759.5 2
           760.5 1
             :
           770.5 1
             :
           772.5 1
           773.5 1
             :
           775.5 1
             :
           779.5 1
             :
           781.5 1
             :
           786.5 3
           787.5 1
             :
           789.5 1
           790.5 1
           791.5 2
           792.5 1
             :
           796.5 1
             :
           801.5 1
             :
           804.5 1
           805.5 1
             :
           807.5 1
             :
           813.5 1
             :
           816.5 1
           817.5 2
             :
           821.5 2
           822.5 1
             :
           831.5 1
             :
           836.5 1
             :
           845.5 1
             :
           848.5 1
             :
           853.5 1
             :
           855.5 1
             :
           858.5 1
             :
           864.5 2
             :
           867.5 1
             :
           871.5 1
           872.5 1
             :
           877.5 1
             :
           879.5 1
             :
           882.5 2
             :
           886.5 1
           887.5 1
             :
           890.5 1
           891.5 1
             :
           898.5 1
           899.5 1
             :
           902.5 1
           903.5 3
           904.5 2
           905.5 1
             :
           907.5 1
             :
           909.5 2
             :
           911.5 1
           912.5 1
             :
           915.5 1
             :
           920.5 1
           921.5 1
             :
           926.5 1
             :
           928.5 1
           929.5 1
           930.5 1
             :
           938.5 2
             :
           941.5 1
             :
           943.5 1
             :
           956.5 1
           957.5 1
             :
           983.5 1
             :
           987.5 3
             :
           990.5 2
             :
           995.5 1
             :
          1004.5 1
             :
          1006.5 1
             :
          1012.5 1
             :
          1014.5 1
             :
          1020.5 1
             :
          1023.5 1
             :
          1025.5 1
             :
          1035.5 1
          1036.5 1
             :
          1040.5 1
             :
          1045.5 1
          1046.5 2
             :
          1049.5 1
             :
          1055.5 2
             :
          1060.5 1
             :
          1063.5 1
             :
          1078.5 1
             :
          1082.5 1
             :
          1089.5 1
             :
          1097.5 1
             :
          1100.5 1
             :
          1105.5 1
             :
          1107.5 1
             :
          1109.5 1
          1110.5 1
             :
          1114.5 1
             :
          1117.5 2
          1118.5 1
             :
          1123.5 1
             :
          1150.5 1
          1151.5 1
             :
          1155.5 1
          1156.5 1
          1157.5 1
             :
          1159.5 1
          1160.5 1
             :
          1164.5 2
             :
          1173.5 1
             :
          1180.5 1
             :
          1187.5 1
             :
          1194.5 1
             :
          1213.5 1
             :
          1229.5 1
          1230.5 1
             :
          1234.5 1
             :
          1239.5 1
             :
          1247.5 1
             :
          1307.5 1
             :
          1355.5 1
             :
          1364.5 1
          1365.5 1
             :
          1394.5 1
             :
          1505.5 1
          1506.5 1
             :
          1543.5 1
             :
          1581.5 1
             :
          1589.5 1
             :
          1642.5 1
             :
          1647.5 1
             :
          1806.5 1
             :
          1810.5 1
             :
          2034.5 1
             :
          2055.5 1
             :
          2099.5 1
             :
          2102.5 1
             :
          2121.5 1
             :
          2144.5 1
          2145.5 1
             :
          2150.5 1
             :
          2262.5 1

Total: connections 1000 requests 998 replies 998 test-duration 63.370 s

Connection rate: 15.8 conn/s (63.4 ms/conn, <=18 concurrent connections)
Connection time [ms]: min 7.1 avg 360.4 max 2262.8 median 231.5 stddev 393.5
Connection time [ms]: connect 9.1
Connection length [replies/conn]: 1.000

Request rate: 15.7 req/s (63.5 ms/req)
Request size [B]: 66.0

Reply rate [replies/s]: min 6.0 avg 15.8 max 26.0 stddev 3.5 (63 samples)
Percentages of the replies served at a given rate:
   50%: 15
   66%: 16
   75%: 17
   80%: 17
   90%: 18
   95%: 21
   98%: 23
   99%: 25
  100%: 26

Reply time [ms]: response 349.3 transfer 1.8
Percentages of the requests served within a certain time (ms) :
   50%: 224
   66%: 407
   75%: 579
   80%: 648
   90%: 902
   95%: 1097
   98%: 1229
   99%: 1504
  100%: 2261

Reply size [B]: header 167.0 content 59.0 footer 0.0 (total 226.0)
Reply status: 1xx=0 2xx=998 3xx=0 4xx=0 5xx=0

CPU time [s]: user 38.20 system 25.08 (user 60.3% system 39.6% total 99.9%)
Net I/O: 4.5 KB/s (0.0*10^6 bps)

Errors: total 2 client-timo 2 socket-timo 0 connrefused 0 connreset 0
Errors: fd-unavail 0 addrunavail 0 ftab-full 0 other 0

