httperf --verbose --hog --timeout=50 --client=0/1 --server=172.16.116.116 --port=8080 --uri=/ --rate=24 --send-buffer=4096 --recv-buffer=16384 --num-conns=4320 --num-calls=1
httperf: maximum number of open descriptors = 65535
Maximum connect burst length: 1

Connection lifetime histogram (time in ms):
             :
            10.5 254
            11.5 863
            12.5 634
            13.5 473
            14.5 425
            15.5 390
            16.5 455
            17.5 210
            18.5 128
            19.5 86
            20.5 75
            21.5 73
            22.5 65
            23.5 29
            24.5 21
            25.5 8
            26.5 4
            27.5 4
            28.5 5
            29.5 2
            30.5 3
            31.5 2
            32.5 1
             :
            34.5 1
             :
            38.5 2
             :
            40.5 1
             :
            43.5 1
             :
            46.5 1
             :
            55.5 1
             :
            65.5 1
             :
            74.5 1
             :
            88.5 1
            89.5 1
            90.5 1
             :
           101.5 1
           102.5 1
             :
           105.5 1
           106.5 1
             :
           112.5 1
             :
           115.5 1
             :
           117.5 1
             :
           121.5 1
             :
           139.5 1
             :
           148.5 1
             :
           155.5 1
           156.5 1
             :
           162.5 1
             :
           168.5 1
             :
           171.5 1
           172.5 1
             :
           174.5 2
             :
           176.5 1
             :
           178.5 1
           179.5 1
             :
           183.5 1
             :
           188.5 1
             :
           190.5 1
             :
           194.5 1
           195.5 1
           196.5 1
           197.5 1
           198.5 1
             :
           200.5 1
             :
           202.5 1
             :
           204.5 1
             :
           213.5 1
           214.5 1
           215.5 1
             :
           218.5 1
             :
           220.5 1
             :
           222.5 1
             :
           225.5 1
           226.5 2
           227.5 1
           228.5 1
             :
           231.5 1
             :
           236.5 1
           237.5 2
           238.5 1
           239.5 1
             :
           242.5 2
           243.5 1
           244.5 1
             :
           247.5 2
             :
           251.5 2
             :
           253.5 1
             :
           257.5 1
           258.5 1
             :
           261.5 1
             :
           263.5 1
           264.5 1
           265.5 1
             :
           267.5 1
             :
           269.5 3
           270.5 1
           271.5 2
             :
           274.5 1
             :
           277.5 1
             :
           281.5 1
             :
           285.5 2
             :
           287.5 1
           288.5 1
           289.5 1
             :
           292.5 1
             :
           296.5 1
             :
           301.5 1
           302.5 1
             :
           307.5 1
           308.5 1
             :
           313.5 1
             :
           317.5 1
             :
           319.5 1
             :
           326.5 2
             :
           328.5 1
             :
           339.5 1
             :
           343.5 1
             :
           347.5 1
           348.5 1
             :
           351.5 1
             :
           354.5 1
             :
           364.5 1

Total: connections 4320 requests 4320 replies 4320 test-duration 179.973 s

Connection rate: 24.0 conn/s (41.7 ms/conn, <=3 concurrent connections)
Connection time [ms]: min 10.0 avg 19.6 max 364.3 median 13.5 stddev 34.7
Connection time [ms]: connect 0.6
Connection length [replies/conn]: 1.000

Request rate: 24.0 req/s (41.7 ms/req)
Request size [B]: 67.0

Reply rate [replies/s]: min 23.0 avg 24.0 max 25.0 stddev 0.4 (179 samples)
Percentages of the replies served at a given rate:
   50%: 23
   66%: 23
   75%: 23
   80%: 23
   90%: 23
   95%: 24
   98%: 24
   99%: 24
  100%: 25

Reply time [ms]: response 18.1 transfer 0.8
Percentages of the requests served within a certain time (ms) :
   50%: 12
   66%: 14
   75%: 15
   80%: 15
   90%: 18
   95%: 20
   98%: 147
   99%: 223
  100%: 363

Reply size [B]: header 162.0 content 72.0 footer 1.0 (total 235.0)
Reply status: 1xx=0 2xx=4320 3xx=0 4xx=0 5xx=0

CPU time [s]: user 148.48 system 31.15 (user 82.5% system 17.3% total 99.8%)
Net I/O: 7.1 KB/s (0.1*10^6 bps)

Errors: total 0 client-timo 0 socket-timo 0 connrefused 0 connreset 0
Errors: fd-unavail 0 addrunavail 0 ftab-full 0 other 0

