httperf --verbose --hog --timeout=3 --client=0/1 --server=172.17.60.201 --port=80 --uri=/ --rate=8 --send-buffer=4096 --recv-buffer=16384 --num-conns=500 --num-calls=1
httperf: maximum number of open descriptors = 4096
Maximum connect burst length: 1

Connection lifetime histogram (time in ms):
             :
             7.5 6
             8.5 4
             9.5 14
            10.5 20
            11.5 20
            12.5 28
            13.5 24
            14.5 17
            15.5 29
            16.5 20
            17.5 29
            18.5 16
            19.5 24
            20.5 31
            21.5 19
            22.5 20
            23.5 16
            24.5 16
            25.5 12
            26.5 19
            27.5 12
            28.5 13
            29.5 6
            30.5 7
            31.5 9
            32.5 5
            33.5 5
            34.5 5
            35.5 8
            36.5 4
            37.5 1
            38.5 3
            39.5 3
            40.5 2
            41.5 3
            42.5 2
            43.5 1
            44.5 3
             :
            46.5 1
            47.5 2
             :
            49.5 2
             :
            51.5 1
             :
            56.5 1
             :
            58.5 1
             :
            60.5 1
             :
          2198.5 1
             :
          2968.5 1

Total: connections 500 requests 500 replies 487 test-duration 62.387 s

Connection rate: 8.0 conn/s (124.8 ms/conn, <=3 concurrent connections)
Connection time [ms]: min 7.5 avg 31.6 max 2968.5 median 19.5 stddev 166.1
Connection time [ms]: connect 2.1
Connection length [replies/conn]: 1.000

Request rate: 8.0 req/s (124.8 ms/req)
Request size [B]: 66.0

Reply rate [replies/s]: min 6.0 avg 7.8 max 9.0 stddev 0.5 (62 samples)
Percentages of the replies served at a given rate:
   50%: 7
   66%: 7
   75%: 7
   80%: 7
   90%: 7
   95%: 7
   98%: 7
   99%: 8
  100%: 9

Reply time [ms]: response 29.0 transfer 0.3
Percentages of the requests served within a certain time (ms) :
   50%: 17
   66%: 20
   75%: 21
   80%: 24
   90%: 29
   95%: 33
   98%: 41
   99%: 50
  100%: 2968

Reply size [B]: header 168.0 content 59.0 footer 0.0 (total 227.0)
Reply status: 1xx=0 2xx=487 3xx=0 4xx=0 5xx=0

CPU time [s]: user 37.41 system 24.90 (user 60.0% system 39.9% total 99.9%)
Net I/O: 2.2 KB/s (0.0*10^6 bps)

Errors: total 13 client-timo 13 socket-timo 0 connrefused 0 connreset 0
Errors: fd-unavail 0 addrunavail 0 ftab-full 0 other 0

