httperf --hog --timeout=1 --client=0/1 --server=172.17.60.201 --port=80 --uri=/ --rate=20 --send-buffer=4096 --recv-buffer=16384 --num-conns=2000 --num-calls=1
Maximum connect burst length: 1

Total: connections 2000 requests 2000 replies 2000 test-duration 99.952 s

Connection rate: 20.0 conn/s (50.0 ms/conn, <=1 concurrent connections)
Connection time [ms]: min 0.5 avg 2.0 max 18.2 median 1.5 stddev 2.1
Connection time [ms]: connect 0.9
Connection length [replies/conn]: 1.000

Request rate: 20.0 req/s (50.0 ms/req)
Request size [B]: 66.0

Reply rate [replies/s]: min 20.0 avg 20.0 max 20.0 stddev 0.0 (19 samples)
Reply time [ms]: response 1.2 transfer 0.0
Reply size [B]: header 267.0 content 77.0 footer 0.0 (total 344.0)
Reply status: 1xx=0 2xx=2000 3xx=0 4xx=0 5xx=0

CPU time [s]: user 44.62 system 55.19 (user 44.6% system 55.2% total 99.9%)
Net I/O: 8.0 KB/s (0.1*10^6 bps)

Errors: total 0 client-timo 0 socket-timo 0 connrefused 0 connreset 0
Errors: fd-unavail 0 addrunavail 0 ftab-full 0 other 0

httperf --hog --timeout=1 --client=0/1 --server=172.17.60.201 --port=80 --uri=/ --rate=40 --send-buffer=4096 --recv-buffer=16384 --num-conns=2000 --num-calls=1
Maximum connect burst length: 1

Total: connections 2000 requests 2000 replies 2000 test-duration 49.977 s

Connection rate: 40.0 conn/s (25.0 ms/conn, <=1 concurrent connections)
Connection time [ms]: min 0.5 avg 2.3 max 21.5 median 1.5 stddev 2.5
Connection time [ms]: connect 1.0
Connection length [replies/conn]: 1.000

Request rate: 40.0 req/s (25.0 ms/req)
Request size [B]: 66.0

Reply rate [replies/s]: min 40.0 avg 40.0 max 40.0 stddev 0.0 (9 samples)
Reply time [ms]: response 1.3 transfer 0.0
Reply size [B]: header 267.0 content 77.0 footer 0.0 (total 344.0)
Reply status: 1xx=0 2xx=2000 3xx=0 4xx=0 5xx=0

CPU time [s]: user 21.44 system 28.44 (user 42.9% system 56.9% total 99.8%)
Net I/O: 16.0 KB/s (0.1*10^6 bps)

Errors: total 0 client-timo 0 socket-timo 0 connrefused 0 connreset 0
Errors: fd-unavail 0 addrunavail 0 ftab-full 0 other 0

httperf --hog --timeout=1 --client=0/1 --server=172.17.60.201 --port=80 --uri=/ --rate=60 --send-buffer=4096 --recv-buffer=16384 --num-conns=2000 --num-calls=1
Maximum connect burst length: 1

Total: connections 2000 requests 2000 replies 2000 test-duration 33.323 s

Connection rate: 60.0 conn/s (16.7 ms/conn, <=2 concurrent connections)
Connection time [ms]: min 0.6 avg 3.8 max 22.4 median 2.5 stddev 3.4
Connection time [ms]: connect 1.5
Connection length [replies/conn]: 1.000

Request rate: 60.0 req/s (16.7 ms/req)
Request size [B]: 66.0

Reply rate [replies/s]: min 60.0 avg 60.0 max 60.0 stddev 0.0 (6 samples)
Reply time [ms]: response 2.3 transfer 0.0
Reply size [B]: header 267.0 content 77.0 footer 0.0 (total 344.0)
Reply status: 1xx=0 2xx=2000 3xx=0 4xx=0 5xx=0

CPU time [s]: user 13.69 system 19.55 (user 41.1% system 58.7% total 99.7%)
Net I/O: 24.0 KB/s (0.2*10^6 bps)

Errors: total 0 client-timo 0 socket-timo 0 connrefused 0 connreset 0
Errors: fd-unavail 0 addrunavail 0 ftab-full 0 other 0

httperf --hog --timeout=1 --client=0/1 --server=172.17.60.201 --port=80 --uri=/ --rate=80 --send-buffer=4096 --recv-buffer=16384 --num-conns=2000 --num-calls=1
Maximum connect burst length: 1

Total: connections 2000 requests 2000 replies 2000 test-duration 24.993 s

Connection rate: 80.0 conn/s (12.5 ms/conn, <=2 concurrent connections)
Connection time [ms]: min 0.7 avg 4.1 max 24.7 median 2.5 stddev 3.8
Connection time [ms]: connect 1.9
Connection length [replies/conn]: 1.000

Request rate: 80.0 req/s (12.5 ms/req)
Request size [B]: 66.0

Reply rate [replies/s]: min 80.0 avg 80.0 max 80.0 stddev 0.0 (4 samples)
Reply time [ms]: response 2.2 transfer 0.0
Reply size [B]: header 267.0 content 77.0 footer 0.0 (total 344.0)
Reply status: 1xx=0 2xx=2000 3xx=0 4xx=0 5xx=0

CPU time [s]: user 10.00 system 14.92 (user 40.0% system 59.7% total 99.7%)
Net I/O: 32.0 KB/s (0.3*10^6 bps)

Errors: total 0 client-timo 0 socket-timo 0 connrefused 0 connreset 0
Errors: fd-unavail 0 addrunavail 0 ftab-full 0 other 0

httperf --hog --timeout=1 --client=0/1 --server=172.17.60.201 --port=80 --uri=/ --rate=100 --send-buffer=4096 --recv-buffer=16384 --num-conns=2000 --num-calls=1
Maximum connect burst length: 1

Total: connections 2000 requests 2000 replies 2000 test-duration 20.000 s

Connection rate: 100.0 conn/s (10.0 ms/conn, <=4 concurrent connections)
Connection time [ms]: min 0.7 avg 5.4 max 32.8 median 4.5 stddev 4.3
Connection time [ms]: connect 2.4
Connection length [replies/conn]: 1.000

Request rate: 100.0 req/s (10.0 ms/req)
Request size [B]: 66.0

Reply rate [replies/s]: min 99.8 avg 100.0 max 100.2 stddev 0.2 (4 samples)
Reply time [ms]: response 3.0 transfer 0.0
Reply size [B]: header 267.0 content 77.0 footer 0.0 (total 344.0)
Reply status: 1xx=0 2xx=2000 3xx=0 4xx=0 5xx=0

CPU time [s]: user 7.65 system 12.28 (user 38.3% system 61.4% total 99.7%)
Net I/O: 40.0 KB/s (0.3*10^6 bps)

Errors: total 0 client-timo 0 socket-timo 0 connrefused 0 connreset 0
Errors: fd-unavail 0 addrunavail 0 ftab-full 0 other 0

httperf --hog --timeout=1 --client=0/1 --server=172.17.60.201 --port=80 --uri=/ --rate=120 --send-buffer=4096 --recv-buffer=16384 --num-conns=2000 --num-calls=1
Maximum connect burst length: 1

Total: connections 2000 requests 2000 replies 2000 test-duration 16.661 s

Connection rate: 120.0 conn/s (8.3 ms/conn, <=4 concurrent connections)
Connection time [ms]: min 0.7 avg 6.3 max 31.9 median 5.5 stddev 4.4
Connection time [ms]: connect 2.8
Connection length [replies/conn]: 1.000

Request rate: 120.0 req/s (8.3 ms/req)
Request size [B]: 66.0

Reply rate [replies/s]: min 119.8 avg 119.9 max 120.0 stddev 0.1 (3 samples)
Reply time [ms]: response 3.4 transfer 0.0
Reply size [B]: header 267.0 content 77.0 footer 0.0 (total 344.0)
Reply status: 1xx=0 2xx=2000 3xx=0 4xx=0 5xx=0

CPU time [s]: user 5.98 system 10.62 (user 35.9% system 63.8% total 99.6%)
Net I/O: 48.1 KB/s (0.4*10^6 bps)

Errors: total 0 client-timo 0 socket-timo 0 connrefused 0 connreset 0
Errors: fd-unavail 0 addrunavail 0 ftab-full 0 other 0

httperf --hog --timeout=1 --client=0/1 --server=172.17.60.201 --port=80 --uri=/ --rate=140 --send-buffer=4096 --recv-buffer=16384 --num-conns=2000 --num-calls=1
Maximum connect burst length: 1

Total: connections 2000 requests 2000 replies 2000 test-duration 14.282 s

Connection rate: 140.0 conn/s (7.1 ms/conn, <=5 concurrent connections)
Connection time [ms]: min 0.6 avg 7.0 max 31.7 median 5.5 stddev 4.7
Connection time [ms]: connect 3.3
Connection length [replies/conn]: 1.000

Request rate: 140.0 req/s (7.1 ms/req)
Request size [B]: 66.0

Reply rate [replies/s]: min 139.8 avg 139.8 max 139.8 stddev 0.0 (2 samples)
Reply time [ms]: response 3.7 transfer 0.0
Reply size [B]: header 267.0 content 77.0 footer 0.0 (total 344.0)
Reply status: 1xx=0 2xx=2000 3xx=0 4xx=0 5xx=0

CPU time [s]: user 4.76 system 9.48 (user 33.3% system 66.3% total 99.6%)
Net I/O: 56.1 KB/s (0.5*10^6 bps)

Errors: total 0 client-timo 0 socket-timo 0 connrefused 0 connreset 0
Errors: fd-unavail 0 addrunavail 0 ftab-full 0 other 0

httperf --hog --timeout=1 --client=0/1 --server=172.17.60.201 --port=80 --uri=/ --rate=160 --send-buffer=4096 --recv-buffer=16384 --num-conns=2000 --num-calls=1
Maximum connect burst length: 2

Total: connections 2000 requests 2000 replies 2000 test-duration 12.508 s

Connection rate: 159.9 conn/s (6.3 ms/conn, <=5 concurrent connections)
Connection time [ms]: min 0.8 avg 7.7 max 34.6 median 6.5 stddev 5.0
Connection time [ms]: connect 3.5
Connection length [replies/conn]: 1.000

Request rate: 159.9 req/s (6.3 ms/req)
Request size [B]: 66.0

Reply rate [replies/s]: min 160.0 avg 160.0 max 160.0 stddev 0.0 (2 samples)
Reply time [ms]: response 4.2 transfer 0.0
Reply size [B]: header 267.0 content 77.0 footer 0.0 (total 344.0)
Reply status: 1xx=0 2xx=2000 3xx=0 4xx=0 5xx=0

CPU time [s]: user 4.02 system 8.43 (user 32.2% system 67.4% total 99.6%)
Net I/O: 64.0 KB/s (0.5*10^6 bps)

Errors: total 0 client-timo 0 socket-timo 0 connrefused 0 connreset 0
Errors: fd-unavail 0 addrunavail 0 ftab-full 0 other 0

httperf --hog --timeout=1 --client=0/1 --server=172.17.60.201 --port=80 --uri=/ --rate=180 --send-buffer=4096 --recv-buffer=16384 --num-conns=2000 --num-calls=1
Maximum connect burst length: 2

Total: connections 2000 requests 2000 replies 2000 test-duration 11.110 s

Connection rate: 180.0 conn/s (5.6 ms/conn, <=9 concurrent connections)
Connection time [ms]: min 0.7 avg 9.4 max 50.2 median 7.5 stddev 6.5
Connection time [ms]: connect 3.9
Connection length [replies/conn]: 1.000

Request rate: 180.0 req/s (5.6 ms/req)
Request size [B]: 66.0

Reply rate [replies/s]: min 179.2 avg 179.8 max 180.4 stddev 0.9 (2 samples)
Reply time [ms]: response 5.5 transfer 0.0
Reply size [B]: header 267.0 content 77.0 footer 0.0 (total 344.0)
Reply status: 1xx=0 2xx=2000 3xx=0 4xx=0 5xx=0

CPU time [s]: user 3.22 system 7.84 (user 29.0% system 70.5% total 99.6%)
Net I/O: 72.1 KB/s (0.6*10^6 bps)

Errors: total 0 client-timo 0 socket-timo 0 connrefused 0 connreset 0
Errors: fd-unavail 0 addrunavail 0 ftab-full 0 other 0

httperf --hog --timeout=1 --client=0/1 --server=172.17.60.201 --port=80 --uri=/ --rate=200 --send-buffer=4096 --recv-buffer=16384 --num-conns=2000 --num-calls=1
Maximum connect burst length: 2

Total: connections 2000 requests 1974 replies 1974 test-duration 9.999 s

Connection rate: 200.0 conn/s (5.0 ms/conn, <=40 concurrent connections)
Connection time [ms]: min 0.6 avg 25.1 max 1290.1 median 8.5 stddev 87.7
Connection time [ms]: connect 6.9
Connection length [replies/conn]: 1.000

Request rate: 197.4 req/s (5.1 ms/req)
Request size [B]: 66.0

Reply rate [replies/s]: min 194.0 avg 194.0 max 194.0 stddev 0.0 (1 samples)
Reply time [ms]: response 18.2 transfer 0.0
Reply size [B]: header 267.0 content 77.0 footer 0.0 (total 344.0)
Reply status: 1xx=0 2xx=1974 3xx=0 4xx=0 5xx=0

CPU time [s]: user 2.34 system 7.62 (user 23.4% system 76.2% total 99.5%)
Net I/O: 79.0 KB/s (0.6*10^6 bps)

Errors: total 26 client-timo 26 socket-timo 0 connrefused 0 connreset 0
Errors: fd-unavail 0 addrunavail 0 ftab-full 0 other 0

httperf --hog --timeout=1 --client=0/1 --server=172.17.60.201 --port=80 --uri=/ --rate=220 --send-buffer=4096 --recv-buffer=16384 --num-conns=2000 --num-calls=1
Maximum connect burst length: 3

Total: connections 2000 requests 2000 replies 2000 test-duration 9.096 s

Connection rate: 219.9 conn/s (4.5 ms/conn, <=9 concurrent connections)
Connection time [ms]: min 0.8 avg 10.2 max 41.7 median 8.5 stddev 6.0
Connection time [ms]: connect 4.5
Connection length [replies/conn]: 1.000

Request rate: 219.9 req/s (4.5 ms/req)
Request size [B]: 66.0

Reply rate [replies/s]: min 219.5 avg 219.5 max 219.5 stddev 0.0 (1 samples)
Reply time [ms]: response 5.7 transfer 0.0
Reply size [B]: header 267.0 content 77.0 footer 0.0 (total 344.0)
Reply status: 1xx=0 2xx=2000 3xx=0 4xx=0 5xx=0

CPU time [s]: user 2.71 system 6.34 (user 29.8% system 69.7% total 99.6%)
Net I/O: 88.0 KB/s (0.7*10^6 bps)

Errors: total 0 client-timo 0 socket-timo 0 connrefused 0 connreset 0
Errors: fd-unavail 0 addrunavail 0 ftab-full 0 other 0

httperf --hog --timeout=1 --client=0/1 --server=172.17.60.201 --port=80 --uri=/ --rate=240 --send-buffer=4096 --recv-buffer=16384 --num-conns=2000 --num-calls=1
Maximum connect burst length: 3

Total: connections 2000 requests 2000 replies 2000 test-duration 8.331 s

Connection rate: 240.1 conn/s (4.2 ms/conn, <=10 concurrent connections)
Connection time [ms]: min 1.2 avg 10.6 max 40.6 median 9.5 stddev 5.8
Connection time [ms]: connect 4.4
Connection length [replies/conn]: 1.000

Request rate: 240.1 req/s (4.2 ms/req)
Request size [B]: 66.0

Reply rate [replies/s]: min 239.4 avg 239.4 max 239.4 stddev 0.0 (1 samples)
Reply time [ms]: response 6.2 transfer 0.0
Reply size [B]: header 267.0 content 77.0 footer 0.0 (total 344.0)
Reply status: 1xx=0 2xx=2000 3xx=0 4xx=0 5xx=0

CPU time [s]: user 2.02 system 6.27 (user 24.2% system 75.2% total 99.5%)
Net I/O: 96.1 KB/s (0.8*10^6 bps)

Errors: total 0 client-timo 0 socket-timo 0 connrefused 0 connreset 0
Errors: fd-unavail 0 addrunavail 0 ftab-full 0 other 0

httperf --hog --timeout=1 --client=0/1 --server=172.17.60.201 --port=80 --uri=/ --rate=260 --send-buffer=4096 --recv-buffer=16384 --num-conns=2000 --num-calls=1
Maximum connect burst length: 2

Total: connections 2000 requests 2000 replies 2000 test-duration 7.694 s

Connection rate: 260.0 conn/s (3.8 ms/conn, <=9 concurrent connections)
Connection time [ms]: min 1.0 avg 11.7 max 41.8 median 10.5 stddev 6.0
Connection time [ms]: connect 4.8
Connection length [replies/conn]: 1.000

Request rate: 260.0 req/s (3.8 ms/req)
Request size [B]: 66.0

Reply rate [replies/s]: min 259.8 avg 259.8 max 259.8 stddev 0.0 (1 samples)
Reply time [ms]: response 6.8 transfer 0.0
Reply size [B]: header 267.0 content 77.0 footer 0.0 (total 344.0)
Reply status: 1xx=0 2xx=2000 3xx=0 4xx=0 5xx=0

CPU time [s]: user 1.86 system 5.80 (user 24.1% system 75.4% total 99.5%)
Net I/O: 104.1 KB/s (0.9*10^6 bps)

Errors: total 0 client-timo 0 socket-timo 0 connrefused 0 connreset 0
Errors: fd-unavail 0 addrunavail 0 ftab-full 0 other 0

httperf --hog --timeout=1 --client=0/1 --server=172.17.60.201 --port=80 --uri=/ --rate=280 --send-buffer=4096 --recv-buffer=16384 --num-conns=2000 --num-calls=1
Maximum connect burst length: 3

Total: connections 2000 requests 2000 replies 2000 test-duration 7.150 s

Connection rate: 279.7 conn/s (3.6 ms/conn, <=16 concurrent connections)
Connection time [ms]: min 1.5 avg 13.1 max 51.5 median 11.5 stddev 7.3
Connection time [ms]: connect 5.4
Connection length [replies/conn]: 1.000

Request rate: 279.7 req/s (3.6 ms/req)
Request size [B]: 66.0

Reply rate [replies/s]: min 278.8 avg 278.8 max 278.8 stddev 0.0 (1 samples)
Reply time [ms]: response 7.7 transfer 0.0
Reply size [B]: header 267.0 content 77.0 footer 0.0 (total 344.0)
Reply status: 1xx=0 2xx=2000 3xx=0 4xx=0 5xx=0

CPU time [s]: user 1.71 system 5.40 (user 23.9% system 75.6% total 99.5%)
Net I/O: 112.0 KB/s (0.9*10^6 bps)

Errors: total 0 client-timo 0 socket-timo 0 connrefused 0 connreset 0
Errors: fd-unavail 0 addrunavail 0 ftab-full 0 other 0

httperf --hog --timeout=1 --client=0/1 --server=172.17.60.201 --port=80 --uri=/ --rate=300 --send-buffer=4096 --recv-buffer=16384 --num-conns=2000 --num-calls=1
Maximum connect burst length: 3

Total: connections 2000 requests 2000 replies 2000 test-duration 6.682 s

Connection rate: 299.3 conn/s (3.3 ms/conn, <=12 concurrent connections)
Connection time [ms]: min 1.5 avg 13.3 max 50.2 median 11.5 stddev 6.8
Connection time [ms]: connect 5.5
Connection length [replies/conn]: 1.000

Request rate: 299.3 req/s (3.3 ms/req)
Request size [B]: 66.0

Reply rate [replies/s]: min 298.4 avg 298.4 max 298.4 stddev 0.0 (1 samples)
Reply time [ms]: response 7.8 transfer 0.0
Reply size [B]: header 267.0 content 77.0 footer 0.0 (total 344.0)
Reply status: 1xx=0 2xx=2000 3xx=0 4xx=0 5xx=0

CPU time [s]: user 1.41 system 5.23 (user 21.1% system 78.3% total 99.4%)
Net I/O: 119.8 KB/s (1.0*10^6 bps)

Errors: total 0 client-timo 0 socket-timo 0 connrefused 0 connreset 0
Errors: fd-unavail 0 addrunavail 0 ftab-full 0 other 0

httperf --hog --timeout=1 --client=0/1 --server=172.17.60.201 --port=80 --uri=/ --rate=320 --send-buffer=4096 --recv-buffer=16384 --num-conns=2000 --num-calls=1
Maximum connect burst length: 3

Total: connections 2000 requests 2000 replies 2000 test-duration 6.252 s

Connection rate: 319.9 conn/s (3.1 ms/conn, <=16 concurrent connections)
Connection time [ms]: min 1.4 avg 15.0 max 51.1 median 13.5 stddev 7.8
Connection time [ms]: connect 5.8
Connection length [replies/conn]: 1.000

Request rate: 319.9 req/s (3.1 ms/req)
Request size [B]: 66.0

Reply rate [replies/s]: min 319.2 avg 319.2 max 319.2 stddev 0.0 (1 samples)
Reply time [ms]: response 9.2 transfer 0.0
Reply size [B]: header 267.0 content 77.0 footer 0.0 (total 344.0)
Reply status: 1xx=0 2xx=2000 3xx=0 4xx=0 5xx=0

CPU time [s]: user 1.31 system 4.90 (user 20.9% system 78.4% total 99.4%)
Net I/O: 128.1 KB/s (1.0*10^6 bps)

Errors: total 0 client-timo 0 socket-timo 0 connrefused 0 connreset 0
Errors: fd-unavail 0 addrunavail 0 ftab-full 0 other 0

httperf --hog --timeout=1 --client=0/1 --server=172.17.60.201 --port=80 --uri=/ --rate=340 --send-buffer=4096 --recv-buffer=16384 --num-conns=2000 --num-calls=1
Maximum connect burst length: 3

Total: connections 2000 requests 1999 replies 1999 test-duration 5.897 s

Connection rate: 339.1 conn/s (2.9 ms/conn, <=37 concurrent connections)
Connection time [ms]: min 1.9 avg 21.5 max 308.8 median 16.5 stddev 20.6
Connection time [ms]: connect 6.9
Connection length [replies/conn]: 1.000

Request rate: 339.0 req/s (3.0 ms/req)
Request size [B]: 66.0

Reply rate [replies/s]: min 338.8 avg 338.8 max 338.8 stddev 0.0 (1 samples)
Reply time [ms]: response 14.6 transfer 0.0
Reply size [B]: header 267.0 content 77.0 footer 0.0 (total 344.0)
Reply status: 1xx=0 2xx=1999 3xx=0 4xx=0 5xx=0

CPU time [s]: user 0.92 system 4.95 (user 15.5% system 83.9% total 99.4%)
Net I/O: 135.7 KB/s (1.1*10^6 bps)

Errors: total 1 client-timo 1 socket-timo 0 connrefused 0 connreset 0
Errors: fd-unavail 0 addrunavail 0 ftab-full 0 other 0

httperf --hog --timeout=1 --client=0/1 --server=172.17.60.201 --port=80 --uri=/ --rate=360 --send-buffer=4096 --recv-buffer=16384 --num-conns=2000 --num-calls=1
Maximum connect burst length: 3

Total: connections 2000 requests 1998 replies 1998 test-duration 5.565 s

Connection rate: 359.4 conn/s (2.8 ms/conn, <=27 concurrent connections)
Connection time [ms]: min 1.4 avg 19.5 max 241.8 median 17.5 stddev 12.1
Connection time [ms]: connect 6.7
Connection length [replies/conn]: 1.000

Request rate: 359.1 req/s (2.8 ms/req)
Request size [B]: 66.0

Reply rate [replies/s]: min 357.6 avg 357.6 max 357.6 stddev 0.0 (1 samples)
Reply time [ms]: response 12.8 transfer 0.0
Reply size [B]: header 267.0 content 77.0 footer 0.0 (total 344.0)
Reply status: 1xx=0 2xx=1998 3xx=0 4xx=0 5xx=0

CPU time [s]: user 0.96 system 4.57 (user 17.3% system 82.1% total 99.3%)
Net I/O: 143.8 KB/s (1.2*10^6 bps)

Errors: total 2 client-timo 2 socket-timo 0 connrefused 0 connreset 0
Errors: fd-unavail 0 addrunavail 0 ftab-full 0 other 0

httperf --hog --timeout=1 --client=0/1 --server=172.17.60.201 --port=80 --uri=/ --rate=380 --send-buffer=4096 --recv-buffer=16384 --num-conns=2000 --num-calls=1
Maximum connect burst length: 3

Total: connections 2000 requests 1914 replies 1912 test-duration 6.256 s

Connection rate: 319.7 conn/s (3.1 ms/conn, <=145 concurrent connections)
Connection time [ms]: min 3.5 avg 70.9 max 1030.6 median 30.5 stddev 116.3
Connection time [ms]: connect 16.4
Connection length [replies/conn]: 1.000

Request rate: 305.9 req/s (3.3 ms/req)
Request size [B]: 66.0

Reply rate [replies/s]: min 360.0 avg 360.0 max 360.0 stddev 0.0 (1 samples)
Reply time [ms]: response 54.5 transfer 0.0
Reply size [B]: header 267.0 content 77.0 footer 0.0 (total 344.0)
Reply status: 1xx=0 2xx=1912 3xx=0 4xx=0 5xx=0

CPU time [s]: user 0.71 system 5.50 (user 11.3% system 87.9% total 99.2%)
Net I/O: 122.4 KB/s (1.0*10^6 bps)

Errors: total 88 client-timo 88 socket-timo 0 connrefused 0 connreset 0
Errors: fd-unavail 0 addrunavail 0 ftab-full 0 other 0

httperf --hog --timeout=1 --client=0/1 --server=172.17.60.201 --port=80 --uri=/ --rate=400 --send-buffer=4096 --recv-buffer=16384 --num-conns=2000 --num-calls=1
Maximum connect burst length: 4

Total: connections 2000 requests 1659 replies 1617 test-duration 5.983 s

Connection rate: 334.3 conn/s (3.0 ms/conn, <=235 concurrent connections)
Connection time [ms]: min 1.8 avg 152.3 max 1292.5 median 76.5 stddev 200.4
Connection time [ms]: connect 32.9
Connection length [replies/conn]: 1.000

Request rate: 277.3 req/s (3.6 ms/req)
Request size [B]: 66.0

Reply rate [replies/s]: min 303.4 avg 303.4 max 303.4 stddev 0.0 (1 samples)
Reply time [ms]: response 119.1 transfer 0.0
Reply size [B]: header 267.0 content 77.0 footer 0.0 (total 344.0)
Reply status: 1xx=0 2xx=1617 3xx=0 4xx=0 5xx=0

CPU time [s]: user 0.28 system 5.64 (user 4.7% system 94.2% total 98.9%)
Net I/O: 108.7 KB/s (0.9*10^6 bps)

Errors: total 383 client-timo 383 socket-timo 0 connrefused 0 connreset 0
Errors: fd-unavail 0 addrunavail 0 ftab-full 0 other 0

httperf --hog --timeout=1 --client=0/1 --server=172.17.60.201 --port=80 --uri=/ --rate=420 --send-buffer=4096 --recv-buffer=16384 --num-conns=2000 --num-calls=1
Maximum connect burst length: 7

Total: connections 2000 requests 1639 replies 1603 test-duration 5.758 s

Connection rate: 347.4 conn/s (2.9 ms/conn, <=278 concurrent connections)
Connection time [ms]: min 3.8 avg 184.5 max 1405.6 median 86.5 stddev 233.5
Connection time [ms]: connect 48.9
Connection length [replies/conn]: 1.000

Request rate: 284.7 req/s (3.5 ms/req)
Request size [B]: 66.0

Reply rate [replies/s]: min 306.4 avg 306.4 max 306.4 stddev 0.0 (1 samples)
Reply time [ms]: response 135.1 transfer 0.0
Reply size [B]: header 267.0 content 77.0 footer 0.0 (total 344.0)
Reply status: 1xx=0 2xx=1603 3xx=0 4xx=0 5xx=0

CPU time [s]: user 0.36 system 5.33 (user 6.2% system 92.5% total 98.7%)
Net I/O: 111.9 KB/s (0.9*10^6 bps)

Errors: total 397 client-timo 397 socket-timo 0 connrefused 0 connreset 0
Errors: fd-unavail 0 addrunavail 0 ftab-full 0 other 0

httperf --hog --timeout=1 --client=0/1 --server=172.17.60.201 --port=80 --uri=/ --rate=440 --send-buffer=4096 --recv-buffer=16384 --num-conns=2000 --num-calls=1
Maximum connect burst length: 6

Total: connections 2000 requests 1211 replies 1104 test-duration 5.564 s

Connection rate: 359.5 conn/s (2.8 ms/conn, <=356 concurrent connections)
Connection time [ms]: min 15.4 avg 331.4 max 1020.6 median 227.5 stddev 268.1
Connection time [ms]: connect 67.5
Connection length [replies/conn]: 1.000

Request rate: 217.7 req/s (4.6 ms/req)
Request size [B]: 66.0

Reply rate [replies/s]: min 212.2 avg 212.2 max 212.2 stddev 0.0 (1 samples)
Reply time [ms]: response 259.8 transfer 0.0
Reply size [B]: header 267.0 content 77.0 footer 0.0 (total 344.0)
Reply status: 1xx=0 2xx=1104 3xx=0 4xx=0 5xx=0

CPU time [s]: user 0.16 system 5.30 (user 2.9% system 95.3% total 98.1%)
Net I/O: 80.7 KB/s (0.7*10^6 bps)

Errors: total 896 client-timo 896 socket-timo 0 connrefused 0 connreset 0
Errors: fd-unavail 0 addrunavail 0 ftab-full 0 other 0

httperf --hog --timeout=1 --client=0/1 --server=172.17.60.201 --port=80 --uri=/ --rate=460 --send-buffer=4096 --recv-buffer=16384 --num-conns=2000 --num-calls=1
Maximum connect burst length: 6

Total: connections 2000 requests 1268 replies 1171 test-duration 5.346 s

Connection rate: 374.1 conn/s (2.7 ms/conn, <=383 concurrent connections)
Connection time [ms]: min 5.5 avg 298.6 max 1060.2 median 202.5 stddev 263.6
Connection time [ms]: connect 67.5
Connection length [replies/conn]: 1.000

Request rate: 237.2 req/s (4.2 ms/req)
Request size [B]: 66.0

Reply rate [replies/s]: min 229.4 avg 229.4 max 229.4 stddev 0.0 (1 samples)
Reply time [ms]: response 227.7 transfer 0.0
Reply size [B]: header 267.0 content 77.0 footer 0.0 (total 344.0)
Reply status: 1xx=0 2xx=1171 3xx=0 4xx=0 5xx=0

CPU time [s]: user 0.12 system 5.11 (user 2.2% system 95.6% total 97.9%)
Net I/O: 88.9 KB/s (0.7*10^6 bps)

Errors: total 829 client-timo 829 socket-timo 0 connrefused 0 connreset 0
Errors: fd-unavail 0 addrunavail 0 ftab-full 0 other 0

httperf --hog --timeout=1 --client=0/1 --server=172.17.60.201 --port=80 --uri=/ --rate=480 --send-buffer=4096 --recv-buffer=16384 --num-conns=2000 --num-calls=1
Maximum connect burst length: 8

Total: connections 2000 requests 1136 replies 997 test-duration 5.150 s

Connection rate: 388.3 conn/s (2.6 ms/conn, <=380 concurrent connections)
Connection time [ms]: min 11.3 avg 339.5 max 1050.4 median 229.5 stddev 283.1
Connection time [ms]: connect 79.3
Connection length [replies/conn]: 1.000

Request rate: 220.6 req/s (4.5 ms/req)
Request size [B]: 66.0

Reply rate [replies/s]: min 197.0 avg 197.0 max 197.0 stddev 0.0 (1 samples)
Reply time [ms]: response 253.3 transfer 0.0
Reply size [B]: header 267.0 content 77.0 footer 0.0 (total 344.0)
Reply status: 1xx=0 2xx=997 3xx=0 4xx=0 5xx=0

CPU time [s]: user 0.13 system 4.91 (user 2.5% system 95.3% total 97.8%)
Net I/O: 79.3 KB/s (0.6*10^6 bps)

Errors: total 1003 client-timo 1003 socket-timo 0 connrefused 0 connreset 0
Errors: fd-unavail 0 addrunavail 0 ftab-full 0 other 0

httperf --hog --timeout=1 --client=0/1 --server=172.17.60.201 --port=80 --uri=/ --rate=500 --send-buffer=4096 --recv-buffer=16384 --num-conns=2000 --num-calls=1
Maximum connect burst length: 8

Total: connections 2000 requests 1171 replies 1038 test-duration 5.000 s

Connection rate: 400.0 conn/s (2.5 ms/conn, <=404 concurrent connections)
Connection time [ms]: min 7.4 avg 343.0 max 1085.5 median 228.5 stddev 278.9
Connection time [ms]: connect 89.7
Connection length [replies/conn]: 1.000

Request rate: 234.2 req/s (4.3 ms/req)
Request size [B]: 66.0

Reply rate [replies/s]: min 207.4 avg 207.4 max 207.4 stddev 0.0 (1 samples)
Reply time [ms]: response 245.6 transfer 0.0
Reply size [B]: header 267.0 content 77.0 footer 0.0 (total 344.0)
Reply status: 1xx=0 2xx=1038 3xx=0 4xx=0 5xx=0

CPU time [s]: user 0.14 system 4.75 (user 2.7% system 95.0% total 97.8%)
Net I/O: 84.8 KB/s (0.7*10^6 bps)

Errors: total 962 client-timo 962 socket-timo 0 connrefused 0 connreset 0
Errors: fd-unavail 0 addrunavail 0 ftab-full 0 other 0

httperf --hog --timeout=1 --client=0/1 --server=172.17.60.201 --port=80 --uri=/ --rate=520 --send-buffer=4096 --recv-buffer=16384 --num-conns=2000 --num-calls=1
Maximum connect burst length: 8

Total: connections 2000 requests 1097 replies 989 test-duration 4.837 s

Connection rate: 413.5 conn/s (2.4 ms/conn, <=431 concurrent connections)
Connection time [ms]: min 14.6 avg 300.6 max 1029.7 median 196.5 stddev 269.3
Connection time [ms]: connect 63.4
Connection length [replies/conn]: 1.000

Request rate: 226.8 req/s (4.4 ms/req)
Request size [B]: 66.0

Reply rate [replies/s]: min 0.0 avg 0.0 max 0.0 stddev 0.0 (0 samples)
Reply time [ms]: response 233.7 transfer 0.0
Reply size [B]: header 267.0 content 77.0 footer 0.0 (total 344.0)
Reply status: 1xx=0 2xx=989 3xx=0 4xx=0 5xx=0

CPU time [s]: user 0.12 system 4.61 (user 2.5% system 95.3% total 97.7%)
Net I/O: 83.3 KB/s (0.7*10^6 bps)

Errors: total 1011 client-timo 1011 socket-timo 0 connrefused 0 connreset 0
Errors: fd-unavail 0 addrunavail 0 ftab-full 0 other 0

httperf --hog --timeout=1 --client=0/1 --server=172.17.60.201 --port=80 --uri=/ --rate=540 --send-buffer=4096 --recv-buffer=16384 --num-conns=2000 --num-calls=1
Maximum connect burst length: 13

Total: connections 2000 requests 1150 replies 1009 test-duration 4.702 s

Connection rate: 425.4 conn/s (2.4 ms/conn, <=436 concurrent connections)
Connection time [ms]: min 6.3 avg 340.1 max 1048.4 median 251.5 stddev 275.5
Connection time [ms]: connect 84.3
Connection length [replies/conn]: 1.000

Request rate: 244.6 req/s (4.1 ms/req)
Request size [B]: 66.0

Reply rate [replies/s]: min 0.0 avg 0.0 max 0.0 stddev 0.0 (0 samples)
Reply time [ms]: response 248.3 transfer 0.0
Reply size [B]: header 267.0 content 77.0 footer 0.0 (total 344.0)
Reply status: 1xx=0 2xx=1009 3xx=0 4xx=0 5xx=0

CPU time [s]: user 0.10 system 4.48 (user 2.2% system 95.2% total 97.4%)
Net I/O: 87.9 KB/s (0.7*10^6 bps)

Errors: total 991 client-timo 991 socket-timo 0 connrefused 0 connreset 0
Errors: fd-unavail 0 addrunavail 0 ftab-full 0 other 0

httperf --hog --timeout=1 --client=0/1 --server=172.17.60.201 --port=80 --uri=/ --rate=560 --send-buffer=4096 --recv-buffer=16384 --num-conns=2000 --num-calls=1
Maximum connect burst length: 11

Total: connections 2000 requests 1028 replies 914 test-duration 4.570 s

Connection rate: 437.6 conn/s (2.3 ms/conn, <=481 concurrent connections)
Connection time [ms]: min 11.5 avg 357.4 max 1025.9 median 265.5 stddev 286.6
Connection time [ms]: connect 81.0
Connection length [replies/conn]: 1.000

Request rate: 224.9 req/s (4.4 ms/req)
Request size [B]: 66.0

Reply rate [replies/s]: min 0.0 avg 0.0 max 0.0 stddev 0.0 (0 samples)
Reply time [ms]: response 270.5 transfer 0.0
Reply size [B]: header 267.0 content 77.0 footer 0.0 (total 344.0)
Reply status: 1xx=0 2xx=914 3xx=0 4xx=0 5xx=0

CPU time [s]: user 0.16 system 4.30 (user 3.6% system 94.0% total 97.6%)
Net I/O: 81.7 KB/s (0.7*10^6 bps)

Errors: total 1086 client-timo 1086 socket-timo 0 connrefused 0 connreset 0
Errors: fd-unavail 0 addrunavail 0 ftab-full 0 other 0

httperf --hog --timeout=1 --client=0/1 --server=172.17.60.201 --port=80 --uri=/ --rate=580 --send-buffer=4096 --recv-buffer=16384 --num-conns=2000 --num-calls=1
Maximum connect burst length: 8

Total: connections 2000 requests 1059 replies 920 test-duration 4.447 s

Connection rate: 449.7 conn/s (2.2 ms/conn, <=507 concurrent connections)
Connection time [ms]: min 10.5 avg 325.6 max 1095.9 median 228.5 stddev 288.0
Connection time [ms]: connect 69.9
Connection length [replies/conn]: 1.000

Request rate: 238.1 req/s (4.2 ms/req)
Request size [B]: 66.0

Reply rate [replies/s]: min 0.0 avg 0.0 max 0.0 stddev 0.0 (0 samples)
Reply time [ms]: response 250.0 transfer 0.0
Reply size [B]: header 267.0 content 77.0 footer 0.0 (total 344.0)
Reply status: 1xx=0 2xx=920 3xx=0 4xx=0 5xx=0

CPU time [s]: user 0.13 system 4.21 (user 2.9% system 94.6% total 97.5%)
Net I/O: 84.8 KB/s (0.7*10^6 bps)

Errors: total 1080 client-timo 1080 socket-timo 0 connrefused 0 connreset 0
Errors: fd-unavail 0 addrunavail 0 ftab-full 0 other 0

httperf --hog --timeout=1 --client=0/1 --server=172.17.60.201 --port=80 --uri=/ --rate=600 --send-buffer=4096 --recv-buffer=16384 --num-conns=2000 --num-calls=1
Maximum connect burst length: 7

Total: connections 2000 requests 1083 replies 972 test-duration 4.332 s

Connection rate: 461.7 conn/s (2.2 ms/conn, <=474 concurrent connections)
Connection time [ms]: min 11.8 avg 336.8 max 1050.3 median 234.5 stddev 277.2
Connection time [ms]: connect 73.4
Connection length [replies/conn]: 1.000

Request rate: 250.0 req/s (4.0 ms/req)
Request size [B]: 66.0

Reply rate [replies/s]: min 0.0 avg 0.0 max 0.0 stddev 0.0 (0 samples)
Reply time [ms]: response 258.4 transfer 0.0
Reply size [B]: header 267.0 content 77.0 footer 0.0 (total 344.0)
Reply status: 1xx=0 2xx=972 3xx=0 4xx=0 5xx=0

CPU time [s]: user 0.10 system 4.12 (user 2.2% system 95.2% total 97.4%)
Net I/O: 91.5 KB/s (0.7*10^6 bps)

Errors: total 1028 client-timo 1028 socket-timo 0 connrefused 0 connreset 0
Errors: fd-unavail 0 addrunavail 0 ftab-full 0 other 0

httperf --hog --timeout=1 --client=0/1 --server=172.17.60.201 --port=80 --uri=/ --rate=620 --send-buffer=4096 --recv-buffer=16384 --num-conns=2000 --num-calls=1
Maximum connect burst length: 9

Total: connections 2000 requests 1046 replies 938 test-duration 4.224 s

Connection rate: 473.5 conn/s (2.1 ms/conn, <=507 concurrent connections)
Connection time [ms]: min 13.7 avg 313.9 max 1034.9 median 216.5 stddev 271.0
Connection time [ms]: connect 62.9
Connection length [replies/conn]: 1.000

Request rate: 247.6 req/s (4.0 ms/req)
Request size [B]: 66.0

Reply rate [replies/s]: min 0.0 avg 0.0 max 0.0 stddev 0.0 (0 samples)
Reply time [ms]: response 247.2 transfer 0.0
Reply size [B]: header 267.0 content 77.0 footer 0.0 (total 344.0)
Reply status: 1xx=0 2xx=938 3xx=0 4xx=0 5xx=0

CPU time [s]: user 0.15 system 3.97 (user 3.5% system 94.0% total 97.5%)
Net I/O: 90.6 KB/s (0.7*10^6 bps)

Errors: total 1062 client-timo 1062 socket-timo 0 connrefused 0 connreset 0
Errors: fd-unavail 0 addrunavail 0 ftab-full 0 other 0

httperf --hog --timeout=1 --client=0/1 --server=172.17.60.201 --port=80 --uri=/ --rate=640 --send-buffer=4096 --recv-buffer=16384 --num-conns=2000 --num-calls=1
Maximum connect burst length: 7

Total: connections 2000 requests 1059 replies 941 test-duration 4.124 s

Connection rate: 484.9 conn/s (2.1 ms/conn, <=496 concurrent connections)
Connection time [ms]: min 9.9 avg 294.3 max 1051.2 median 187.5 stddev 260.4
Connection time [ms]: connect 68.8
Connection length [replies/conn]: 1.000

Request rate: 256.8 req/s (3.9 ms/req)
Request size [B]: 66.0

Reply rate [replies/s]: min 0.0 avg 0.0 max 0.0 stddev 0.0 (0 samples)
Reply time [ms]: response 220.6 transfer 0.0
Reply size [B]: header 267.0 content 77.0 footer 0.0 (total 344.0)
Reply status: 1xx=0 2xx=941 3xx=0 4xx=0 5xx=0

CPU time [s]: user 0.07 system 3.94 (user 1.6% system 95.6% total 97.3%)
Net I/O: 93.2 KB/s (0.8*10^6 bps)

Errors: total 1059 client-timo 1059 socket-timo 0 connrefused 0 connreset 0
Errors: fd-unavail 0 addrunavail 0 ftab-full 0 other 0

httperf --hog --timeout=1 --client=0/1 --server=172.17.60.201 --port=80 --uri=/ --rate=660 --send-buffer=4096 --recv-buffer=16384 --num-conns=2000 --num-calls=1
Maximum connect burst length: 11

Total: connections 2000 requests 974 replies 855 test-duration 4.014 s

Connection rate: 498.2 conn/s (2.0 ms/conn, <=589 concurrent connections)
Connection time [ms]: min 5.2 avg 330.2 max 1030.1 median 240.5 stddev 277.6
Connection time [ms]: connect 64.9
Connection length [replies/conn]: 1.000

Request rate: 242.6 req/s (4.1 ms/req)
Request size [B]: 66.0

Reply rate [replies/s]: min 0.0 avg 0.0 max 0.0 stddev 0.0 (0 samples)
Reply time [ms]: response 260.7 transfer 0.0
Reply size [B]: header 267.0 content 77.0 footer 0.0 (total 344.0)
Reply status: 1xx=0 2xx=855 3xx=0 4xx=0 5xx=0

CPU time [s]: user 0.12 system 3.78 (user 3.0% system 94.1% total 97.1%)
Net I/O: 87.2 KB/s (0.7*10^6 bps)

Errors: total 1145 client-timo 1145 socket-timo 0 connrefused 0 connreset 0
Errors: fd-unavail 0 addrunavail 0 ftab-full 0 other 0

httperf --hog --timeout=1 --client=0/1 --server=172.17.60.201 --port=80 --uri=/ --rate=680 --send-buffer=4096 --recv-buffer=16384 --num-conns=2000 --num-calls=1
Maximum connect burst length: 9

Total: connections 2000 requests 667 replies 543 test-duration 3.936 s

Connection rate: 508.1 conn/s (2.0 ms/conn, <=701 concurrent connections)
Connection time [ms]: min 10.0 avg 250.7 max 1016.0 median 119.5 stddev 275.2
Connection time [ms]: connect 91.9
Connection length [replies/conn]: 1.000

Request rate: 169.5 req/s (5.9 ms/req)
Request size [B]: 66.0

Reply rate [replies/s]: min 0.0 avg 0.0 max 0.0 stddev 0.0 (0 samples)
Reply time [ms]: response 144.5 transfer 0.0
Reply size [B]: header 267.0 content 77.0 footer 0.0 (total 344.0)
Reply status: 1xx=0 2xx=543 3xx=0 4xx=0 5xx=0

CPU time [s]: user 0.08 system 3.75 (user 2.0% system 95.3% total 97.4%)
Net I/O: 57.3 KB/s (0.5*10^6 bps)

Errors: total 1457 client-timo 1457 socket-timo 0 connrefused 0 connreset 0
Errors: fd-unavail 0 addrunavail 0 ftab-full 0 other 0

httperf --hog --timeout=1 --client=0/1 --server=172.17.60.201 --port=80 --uri=/ --rate=700 --send-buffer=4096 --recv-buffer=16384 --num-conns=2000 --num-calls=1
Maximum connect burst length: 11

Total: connections 2000 requests 903 replies 794 test-duration 3.856 s

Connection rate: 518.7 conn/s (1.9 ms/conn, <=601 concurrent connections)
Connection time [ms]: min 6.7 avg 354.7 max 1013.2 median 245.5 stddev 283.0
Connection time [ms]: connect 90.7
Connection length [replies/conn]: 1.000

Request rate: 234.2 req/s (4.3 ms/req)
Request size [B]: 66.0

Reply rate [replies/s]: min 0.0 avg 0.0 max 0.0 stddev 0.0 (0 samples)
Reply time [ms]: response 255.6 transfer 0.0
Reply size [B]: header 267.0 content 77.0 footer 0.0 (total 344.0)
Reply status: 1xx=0 2xx=794 3xx=0 4xx=0 5xx=0

CPU time [s]: user 0.09 system 3.66 (user 2.3% system 94.9% total 97.2%)
Net I/O: 84.3 KB/s (0.7*10^6 bps)

Errors: total 1206 client-timo 1206 socket-timo 0 connrefused 0 connreset 0
Errors: fd-unavail 0 addrunavail 0 ftab-full 0 other 0

httperf --hog --timeout=1 --client=0/1 --server=172.17.60.201 --port=80 --uri=/ --rate=720 --send-buffer=4096 --recv-buffer=16384 --num-conns=2000 --num-calls=1
Maximum connect burst length: 6

Total: connections 2000 requests 875 replies 722 test-duration 3.776 s

Connection rate: 529.7 conn/s (1.9 ms/conn, <=643 concurrent connections)
Connection time [ms]: min 25.9 avg 337.5 max 1041.0 median 246.5 stddev 273.8
Connection time [ms]: connect 63.2
Connection length [replies/conn]: 1.000

Request rate: 231.7 req/s (4.3 ms/req)
Request size [B]: 66.0

Reply rate [replies/s]: min 0.0 avg 0.0 max 0.0 stddev 0.0 (0 samples)
Reply time [ms]: response 267.8 transfer 0.0
Reply size [B]: header 267.0 content 77.0 footer 0.0 (total 344.0)
Reply status: 1xx=0 2xx=722 3xx=0 4xx=0 5xx=0

CPU time [s]: user 0.06 system 3.60 (user 1.7% system 95.2% total 96.9%)
Net I/O: 79.2 KB/s (0.6*10^6 bps)

Errors: total 1278 client-timo 1278 socket-timo 0 connrefused 0 connreset 0
Errors: fd-unavail 0 addrunavail 0 ftab-full 0 other 0

httperf --hog --timeout=1 --client=0/1 --server=172.17.60.201 --port=80 --uri=/ --rate=740 --send-buffer=4096 --recv-buffer=16384 --num-conns=2000 --num-calls=1
Maximum connect burst length: 7

Total: connections 2000 requests 827 replies 684 test-duration 3.712 s

Connection rate: 538.8 conn/s (1.9 ms/conn, <=687 concurrent connections)
Connection time [ms]: min 10.7 avg 343.7 max 1032.9 median 287.5 stddev 276.6
Connection time [ms]: connect 50.9
Connection length [replies/conn]: 1.000

Request rate: 222.8 req/s (4.5 ms/req)
Request size [B]: 66.0

Reply rate [replies/s]: min 0.0 avg 0.0 max 0.0 stddev 0.0 (0 samples)
Reply time [ms]: response 288.7 transfer 0.0
Reply size [B]: header 267.0 content 77.0 footer 0.0 (total 344.0)
Reply status: 1xx=0 2xx=684 3xx=0 4xx=0 5xx=0

CPU time [s]: user 0.10 system 3.51 (user 2.7% system 94.5% total 97.2%)
Net I/O: 76.3 KB/s (0.6*10^6 bps)

Errors: total 1316 client-timo 1316 socket-timo 0 connrefused 0 connreset 0
Errors: fd-unavail 0 addrunavail 0 ftab-full 0 other 0

httperf --hog --timeout=1 --client=0/1 --server=172.17.60.201 --port=80 --uri=/ --rate=760 --send-buffer=4096 --recv-buffer=16384 --num-conns=2000 --num-calls=1
Maximum connect burst length: 7

Total: connections 2000 requests 831 replies 689 test-duration 3.631 s

Connection rate: 550.8 conn/s (1.8 ms/conn, <=700 concurrent connections)
Connection time [ms]: min 11.4 avg 362.9 max 1037.4 median 305.5 stddev 286.5
Connection time [ms]: connect 54.7
Connection length [replies/conn]: 1.000

Request rate: 228.9 req/s (4.4 ms/req)
Request size [B]: 66.0

Reply rate [replies/s]: min 0.0 avg 0.0 max 0.0 stddev 0.0 (0 samples)
Reply time [ms]: response 303.6 transfer 0.0
Reply size [B]: header 267.0 content 77.0 footer 0.0 (total 344.0)
Reply status: 1xx=0 2xx=689 3xx=0 4xx=0 5xx=0

CPU time [s]: user 0.06 system 3.46 (user 1.5% system 95.4% total 96.9%)
Net I/O: 78.5 KB/s (0.6*10^6 bps)

Errors: total 1311 client-timo 1311 socket-timo 0 connrefused 0 connreset 0
Errors: fd-unavail 0 addrunavail 0 ftab-full 0 other 0

httperf --hog --timeout=1 --client=0/1 --server=172.17.60.201 --port=80 --uri=/ --rate=780 --send-buffer=4096 --recv-buffer=16384 --num-conns=2000 --num-calls=1
Maximum connect burst length: 11

Total: connections 2000 requests 815 replies 633 test-duration 3.564 s

Connection rate: 561.2 conn/s (1.8 ms/conn, <=731 concurrent connections)
Connection time [ms]: min 10.6 avg 370.1 max 1017.4 median 275.5 stddev 295.9
Connection time [ms]: connect 71.7
Connection length [replies/conn]: 1.000

Request rate: 228.7 req/s (4.4 ms/req)
Request size [B]: 66.0

Reply rate [replies/s]: min 0.0 avg 0.0 max 0.0 stddev 0.0 (0 samples)
Reply time [ms]: response 286.8 transfer 0.0
Reply size [B]: header 267.0 content 77.0 footer 0.0 (total 344.0)
Reply status: 1xx=0 2xx=633 3xx=0 4xx=0 5xx=0

CPU time [s]: user 0.08 system 3.37 (user 2.4% system 94.5% total 96.9%)
Net I/O: 74.4 KB/s (0.6*10^6 bps)

Errors: total 1367 client-timo 1367 socket-timo 0 connrefused 0 connreset 0
Errors: fd-unavail 0 addrunavail 0 ftab-full 0 other 0

httperf --hog --timeout=1 --client=0/1 --server=172.17.60.201 --port=80 --uri=/ --rate=800 --send-buffer=4096 --recv-buffer=16384 --num-conns=2000 --num-calls=1
Maximum connect burst length: 12

Total: connections 2000 requests 771 replies 615 test-duration 3.503 s

Connection rate: 570.9 conn/s (1.8 ms/conn, <=750 concurrent connections)
Connection time [ms]: min 18.6 avg 368.6 max 1041.8 median 292.5 stddev 296.8
Connection time [ms]: connect 77.4
Connection length [replies/conn]: 1.000

Request rate: 220.1 req/s (4.5 ms/req)
Request size [B]: 66.0

Reply rate [replies/s]: min 0.0 avg 0.0 max 0.0 stddev 0.0 (0 samples)
Reply time [ms]: response 279.7 transfer 0.0
Reply size [B]: header 267.0 content 77.0 footer 0.0 (total 344.0)
Reply status: 1xx=0 2xx=615 3xx=0 4xx=0 5xx=0

CPU time [s]: user 0.03 system 3.36 (user 0.9% system 95.9% total 96.8%)
Net I/O: 73.2 KB/s (0.6*10^6 bps)

Errors: total 1385 client-timo 1385 socket-timo 0 connrefused 0 connreset 0
Errors: fd-unavail 0 addrunavail 0 ftab-full 0 other 0

httperf --hog --timeout=1 --client=0/1 --server=172.17.60.201 --port=80 --uri=/ --rate=820 --send-buffer=4096 --recv-buffer=16384 --num-conns=2000 --num-calls=1
Maximum connect burst length: 9

Total: connections 2000 requests 756 replies 589 test-duration 3.440 s

Connection rate: 581.5 conn/s (1.7 ms/conn, <=776 concurrent connections)
Connection time [ms]: min 18.0 avg 361.7 max 1033.2 median 282.5 stddev 290.7
Connection time [ms]: connect 56.8
Connection length [replies/conn]: 1.000

Request rate: 219.8 req/s (4.5 ms/req)
Request size [B]: 66.0

Reply rate [replies/s]: min 0.0 avg 0.0 max 0.0 stddev 0.0 (0 samples)
Reply time [ms]: response 298.2 transfer 0.0
Reply size [B]: header 267.0 content 77.0 footer 0.0 (total 344.0)
Reply status: 1xx=0 2xx=589 3xx=0 4xx=0 5xx=0

CPU time [s]: user 0.07 system 3.26 (user 2.0% system 94.9% total 96.9%)
Net I/O: 71.7 KB/s (0.6*10^6 bps)

Errors: total 1411 client-timo 1411 socket-timo 0 connrefused 0 connreset 0
Errors: fd-unavail 0 addrunavail 0 ftab-full 0 other 0

httperf --hog --timeout=1 --client=0/1 --server=172.17.60.201 --port=80 --uri=/ --rate=840 --send-buffer=4096 --recv-buffer=16384 --num-conns=2000 --num-calls=1
Maximum connect burst length: 9

Total: connections 2000 requests 717 replies 534 test-duration 3.380 s

Connection rate: 591.7 conn/s (1.7 ms/conn, <=813 concurrent connections)
Connection time [ms]: min 11.9 avg 355.7 max 1031.8 median 261.5 stddev 285.7
Connection time [ms]: connect 37.9
Connection length [replies/conn]: 1.000

Request rate: 212.1 req/s (4.7 ms/req)
Request size [B]: 66.0

Reply rate [replies/s]: min 0.0 avg 0.0 max 0.0 stddev 0.0 (0 samples)
Reply time [ms]: response 315.6 transfer 0.0
Reply size [B]: header 267.0 content 77.0 footer 0.0 (total 344.0)
Reply status: 1xx=0 2xx=534 3xx=0 4xx=0 5xx=0

CPU time [s]: user 0.07 system 3.20 (user 2.1% system 94.7% total 96.8%)
Net I/O: 66.7 KB/s (0.5*10^6 bps)

Errors: total 1466 client-timo 1466 socket-timo 0 connrefused 0 connreset 0
Errors: fd-unavail 0 addrunavail 0 ftab-full 0 other 0

httperf --hog --timeout=1 --client=0/1 --server=172.17.60.201 --port=80 --uri=/ --rate=860 --send-buffer=4096 --recv-buffer=16384 --num-conns=2000 --num-calls=1
Maximum connect burst length: 7

Total: connections 2000 requests 539 replies 337 test-duration 3.325 s

Connection rate: 601.5 conn/s (1.7 ms/conn, <=867 concurrent connections)
Connection time [ms]: min 37.9 avg 259.5 max 1028.3 median 183.5 stddev 224.9
Connection time [ms]: connect 28.9
Connection length [replies/conn]: 1.000

Request rate: 162.1 req/s (6.2 ms/req)
Request size [B]: 66.0

Reply rate [replies/s]: min 0.0 avg 0.0 max 0.0 stddev 0.0 (0 samples)
Reply time [ms]: response 232.1 transfer 0.0
Reply size [B]: header 267.0 content 77.0 footer 0.0 (total 344.0)
Reply status: 1xx=0 2xx=337 3xx=0 4xx=0 5xx=0

CPU time [s]: user 0.08 system 3.17 (user 2.4% system 95.3% total 97.7%)
Net I/O: 44.5 KB/s (0.4*10^6 bps)

Errors: total 1663 client-timo 1663 socket-timo 0 connrefused 0 connreset 0
Errors: fd-unavail 0 addrunavail 0 ftab-full 0 other 0

httperf --hog --timeout=1 --client=0/1 --server=172.17.60.201 --port=80 --uri=/ --rate=880 --send-buffer=4096 --recv-buffer=16384 --num-conns=2000 --num-calls=1
Maximum connect burst length: 6

Total: connections 2000 requests 568 replies 400 test-duration 3.287 s

Connection rate: 608.4 conn/s (1.6 ms/conn, <=843 concurrent connections)
Connection time [ms]: min 43.7 avg 427.9 max 1029.2 median 354.5 stddev 280.2
Connection time [ms]: connect 50.9
Connection length [replies/conn]: 1.000

Request rate: 172.8 req/s (5.8 ms/req)
Request size [B]: 66.0

Reply rate [replies/s]: min 0.0 avg 0.0 max 0.0 stddev 0.0 (0 samples)
Reply time [ms]: response 367.8 transfer 0.0
Reply size [B]: header 267.0 content 77.0 footer 0.0 (total 344.0)
Reply status: 1xx=0 2xx=400 3xx=0 4xx=0 5xx=0

CPU time [s]: user 0.09 system 3.11 (user 2.8% system 94.5% total 97.3%)
Net I/O: 52.0 KB/s (0.4*10^6 bps)

Errors: total 1600 client-timo 1600 socket-timo 0 connrefused 0 connreset 0
Errors: fd-unavail 0 addrunavail 0 ftab-full 0 other 0

httperf --hog --timeout=1 --client=0/1 --server=172.17.60.201 --port=80 --uri=/ --rate=900 --send-buffer=4096 --recv-buffer=16384 --num-conns=2000 --num-calls=1
Maximum connect burst length: 8

Total: connections 2000 requests 620 replies 411 test-duration 3.220 s

Connection rate: 621.1 conn/s (1.6 ms/conn, <=856 concurrent connections)
Connection time [ms]: min 16.0 avg 390.4 max 1035.2 median 356.5 stddev 277.8
Connection time [ms]: connect 28.0
Connection length [replies/conn]: 1.000

Request rate: 192.5 req/s (5.2 ms/req)
Request size [B]: 66.0

Reply rate [replies/s]: min 0.0 avg 0.0 max 0.0 stddev 0.0 (0 samples)
Reply time [ms]: response 362.9 transfer 0.0
Reply size [B]: header 267.0 content 77.0 footer 0.0 (total 344.0)
Reply status: 1xx=0 2xx=411 3xx=0 4xx=0 5xx=0

CPU time [s]: user 0.06 system 3.06 (user 1.9% system 95.2% total 97.0%)
Net I/O: 55.3 KB/s (0.5*10^6 bps)

Errors: total 1589 client-timo 1589 socket-timo 0 connrefused 0 connreset 0
Errors: fd-unavail 0 addrunavail 0 ftab-full 0 other 0

httperf --hog --timeout=1 --client=0/1 --server=172.17.60.201 --port=80 --uri=/ --rate=920 --send-buffer=4096 --recv-buffer=16384 --num-conns=2000 --num-calls=1
Maximum connect burst length: 13

Total: connections 2000 requests 567 replies 377 test-duration 3.173 s

Connection rate: 630.3 conn/s (1.6 ms/conn, <=887 concurrent connections)
Connection time [ms]: min 54.1 avg 455.0 max 1030.2 median 413.5 stddev 269.2
Connection time [ms]: connect 31.1
Connection length [replies/conn]: 1.000

Request rate: 178.7 req/s (5.6 ms/req)
Request size [B]: 66.0

Reply rate [replies/s]: min 0.0 avg 0.0 max 0.0 stddev 0.0 (0 samples)
Reply time [ms]: response 424.1 transfer 0.0
Reply size [B]: header 267.0 content 77.0 footer 0.0 (total 344.0)
Reply status: 1xx=0 2xx=377 3xx=0 4xx=0 5xx=0

CPU time [s]: user 0.06 system 3.02 (user 1.9% system 95.0% total 96.9%)
Net I/O: 51.4 KB/s (0.4*10^6 bps)

Errors: total 1623 client-timo 1623 socket-timo 0 connrefused 0 connreset 0
Errors: fd-unavail 0 addrunavail 0 ftab-full 0 other 0

httperf --hog --timeout=1 --client=0/1 --server=172.17.60.201 --port=80 --uri=/ --rate=940 --send-buffer=4096 --recv-buffer=16384 --num-conns=2000 --num-calls=1
Maximum connect burst length: 11

Total: connections 2000 requests 555 replies 358 test-duration 3.127 s

Connection rate: 639.6 conn/s (1.6 ms/conn, <=927 concurrent connections)
Connection time [ms]: min 49.4 avg 447.2 max 1032.5 median 410.5 stddev 292.8
Connection time [ms]: connect 40.5
Connection length [replies/conn]: 1.000

Request rate: 177.5 req/s (5.6 ms/req)
Request size [B]: 66.0

Reply rate [replies/s]: min 0.0 avg 0.0 max 0.0 stddev 0.0 (0 samples)
Reply time [ms]: response 401.9 transfer 0.0
Reply size [B]: header 267.0 content 77.0 footer 0.0 (total 344.0)
Reply status: 1xx=0 2xx=358 3xx=0 4xx=0 5xx=0

CPU time [s]: user 0.04 system 2.98 (user 1.4% system 95.3% total 96.7%)
Net I/O: 49.9 KB/s (0.4*10^6 bps)

Errors: total 1642 client-timo 1642 socket-timo 0 connrefused 0 connreset 0
Errors: fd-unavail 0 addrunavail 0 ftab-full 0 other 0

httperf --hog --timeout=1 --client=0/1 --server=172.17.60.201 --port=80 --uri=/ --rate=960 --send-buffer=4096 --recv-buffer=16384 --num-conns=2000 --num-calls=1
Maximum connect burst length: 10

Total: connections 2000 requests 599 replies 434 test-duration 3.088 s

Connection rate: 647.6 conn/s (1.5 ms/conn, <=946 concurrent connections)
Connection time [ms]: min 11.3 avg 381.4 max 1034.6 median 304.5 stddev 303.2
Connection time [ms]: connect 37.4
Connection length [replies/conn]: 1.000

Request rate: 194.0 req/s (5.2 ms/req)
Request size [B]: 66.0

Reply rate [replies/s]: min 0.0 avg 0.0 max 0.0 stddev 0.0 (0 samples)
Reply time [ms]: response 341.9 transfer 0.0
Reply size [B]: header 267.0 content 77.0 footer 0.0 (total 344.0)
Reply status: 1xx=0 2xx=434 3xx=0 4xx=0 5xx=0

CPU time [s]: user 0.07 system 2.92 (user 2.2% system 94.4% total 96.6%)
Net I/O: 59.7 KB/s (0.5*10^6 bps)

Errors: total 1566 client-timo 1566 socket-timo 0 connrefused 0 connreset 0
Errors: fd-unavail 0 addrunavail 0 ftab-full 0 other 0

httperf --hog --timeout=1 --client=0/1 --server=172.17.60.201 --port=80 --uri=/ --rate=980 --send-buffer=4096 --recv-buffer=16384 --num-conns=2000 --num-calls=1
Maximum connect burst length: 14

Total: connections 2000 requests 582 replies 369 test-duration 3.040 s

Connection rate: 657.9 conn/s (1.5 ms/conn, <=962 concurrent connections)
Connection time [ms]: min 37.0 avg 386.2 max 1033.0 median 304.5 stddev 292.8
Connection time [ms]: connect 45.4
Connection length [replies/conn]: 1.000

Request rate: 191.4 req/s (5.2 ms/req)
Request size [B]: 66.0

Reply rate [replies/s]: min 0.0 avg 0.0 max 0.0 stddev 0.0 (0 samples)
Reply time [ms]: response 331.4 transfer 0.0
Reply size [B]: header 267.0 content 77.0 footer 0.0 (total 344.0)
Reply status: 1xx=0 2xx=369 3xx=0 4xx=0 5xx=0

CPU time [s]: user 0.06 system 2.88 (user 2.1% system 94.6% total 96.7%)
Net I/O: 53.1 KB/s (0.4*10^6 bps)

Errors: total 1631 client-timo 1631 socket-timo 0 connrefused 0 connreset 0
Errors: fd-unavail 0 addrunavail 0 ftab-full 0 other 0

httperf --hog --timeout=1 --client=0/1 --server=172.17.60.201 --port=80 --uri=/ --rate=1000 --send-buffer=4096 --recv-buffer=16384 --num-conns=2000 --num-calls=1
Maximum connect burst length: 18

Total: connections 2000 requests 593 replies 362 test-duration 2.999 s

Connection rate: 667.0 conn/s (1.5 ms/conn, <=981 concurrent connections)
Connection time [ms]: min 42.8 avg 408.9 max 1041.3 median 375.5 stddev 276.2
Connection time [ms]: connect 31.1
Connection length [replies/conn]: 1.000

Request rate: 197.8 req/s (5.1 ms/req)
Request size [B]: 66.0

Reply rate [replies/s]: min 0.0 avg 0.0 max 0.0 stddev 0.0 (0 samples)
Reply time [ms]: response 379.0 transfer 0.0
Reply size [B]: header 267.0 content 77.0 footer 0.0 (total 344.0)
Reply status: 1xx=0 2xx=362 3xx=0 4xx=0 5xx=0

CPU time [s]: user 0.06 system 2.85 (user 1.9% system 95.0% total 96.8%)
Net I/O: 53.3 KB/s (0.4*10^6 bps)

Errors: total 1638 client-timo 1638 socket-timo 0 connrefused 0 connreset 0
Errors: fd-unavail 0 addrunavail 0 ftab-full 0 other 0

