httperf --verbose --hog --timeout=50 --client=0/1 --server=172.16.116.116 --port=8080 --uri=/ --rate=24 --send-buffer=4096 --recv-buffer=16384 --num-conns=5760 --num-calls=1
httperf: maximum number of open descriptors = 65535
Maximum connect burst length: 1

Connection lifetime histogram (time in ms):
             :
             9.5 34
            10.5 803
            11.5 519
            12.5 280
            13.5 136
            14.5 172
            15.5 268
            16.5 321
            17.5 122
            18.5 77
            19.5 63
            20.5 67
            21.5 28
            22.5 50
            23.5 40
            24.5 33
            25.5 31
            26.5 44
            27.5 36
            28.5 47
            29.5 26
            30.5 25
            31.5 25
            32.5 26
            33.5 21
            34.5 28
            35.5 29
            36.5 22
            37.5 22
            38.5 25
            39.5 17
            40.5 15
            41.5 20
            42.5 21
            43.5 24
            44.5 14
            45.5 15
            46.5 16
            47.5 19
            48.5 18
            49.5 14
            50.5 10
            51.5 15
            52.5 10
            53.5 4
            54.5 20
            55.5 11
            56.5 10
            57.5 6
            58.5 15
            59.5 6
            60.5 8
            61.5 12
            62.5 9
            63.5 8
            64.5 9
            65.5 13
            66.5 6
            67.5 7
            68.5 8
            69.5 4
            70.5 8
            71.5 4
            72.5 9
            73.5 7
            74.5 8
            75.5 2
            76.5 4
            77.5 4
            78.5 6
            79.5 7
            80.5 4
            81.5 3
            82.5 5
            83.5 5
            84.5 2
            85.5 4
            86.5 4
            87.5 5
            88.5 3
            89.5 2
            90.5 2
            91.5 1
            92.5 3
            93.5 4
             :
            95.5 2
            96.5 1
            97.5 1
            98.5 3
            99.5 4
           100.5 7
           101.5 2
           102.5 2
           103.5 1
           104.5 2
           105.5 1
             :
           108.5 2
           109.5 2
           110.5 1
             :
           113.5 1
           114.5 2
           115.5 1
           116.5 2
             :
           118.5 2
           119.5 1
           120.5 1
             :
           122.5 2
             :
           124.5 1
           125.5 1
           126.5 1
             :
           128.5 1
             :
           130.5 1
             :
           132.5 2
             :
           134.5 1
             :
           136.5 1
             :
           138.5 1
             :
           140.5 1
             :
           147.5 1
           148.5 2
           149.5 1
             :
           151.5 1
             :
           157.5 1
             :
           159.5 1
           160.5 1
             :
           162.5 1
             :
           167.5 1
           168.5 2
           169.5 1
             :
           173.5 1
             :
           175.5 2
             :
           184.5 1
             :
           187.5 1
             :
           189.5 1
           190.5 1
           191.5 1
             :
           193.5 1
             :
           197.5 1
           198.5 2
             :
           202.5 3
             :
           209.5 1
           210.5 2
           211.5 1
           212.5 1
             :
           215.5 1
             :
           217.5 1
           218.5 1
           219.5 1
             :
           221.5 2
             :
           231.5 1
             :
           233.5 1
             :
           235.5 1
             :
           237.5 1
           238.5 1
             :
           242.5 2
             :
           245.5 2
             :
           247.5 3
           248.5 1
             :
           250.5 1
           251.5 1
             :
           256.5 2
             :
           258.5 1
             :
           261.5 1
             :
           265.5 1
             :
           267.5 2
             :
           275.5 1
             :
           278.5 2
             :
           281.5 1
             :
           284.5 1
             :
           288.5 1
           289.5 1
             :
           292.5 1
           293.5 1
             :
           295.5 1
             :
           299.5 1
             :
           301.5 1
             :
           304.5 1
             :
           306.5 1
           307.5 1
             :
           311.5 3
           312.5 1
           313.5 1
             :
           315.5 1
           316.5 2
             :
           318.5 1
             :
           323.5 2
             :
           331.5 1
             :
           335.5 1
           336.5 1
             :
           338.5 2
             :
           341.5 1
             :
           344.5 1
             :
           347.5 1
             :
           351.5 1
           352.5 2
             :
           357.5 1
           358.5 1
           359.5 1
           360.5 1
             :
           364.5 2
           365.5 1
           366.5 1
           367.5 1
           368.5 1
             :
           372.5 1
             :
           374.5 2
           375.5 1
             :
           377.5 1
           378.5 1
             :
           380.5 1
             :
           388.5 1
           389.5 1
           390.5 1
           391.5 1
             :
           395.5 2
             :
           397.5 1
             :
           400.5 1
             :
           402.5 1
             :
           405.5 1
           406.5 1
           407.5 2
           408.5 1
           409.5 1
             :
           412.5 1
           413.5 1
           414.5 2
             :
           416.5 3
             :
           418.5 1
             :
           421.5 1
             :
           423.5 1
             :
           427.5 1
             :
           437.5 1
             :
           440.5 1
             :
           444.5 1
             :
           449.5 1
             :
           451.5 1
             :
           454.5 1
             :
           456.5 1
             :
           459.5 1
             :
           463.5 3
             :
           465.5 3
             :
           467.5 1
             :
           470.5 2
           471.5 3
             :
           474.5 2
           475.5 1
             :
           478.5 2
           479.5 1
             :
           481.5 1
             :
           483.5 1
             :
           485.5 2
             :
           488.5 2
           489.5 1
           490.5 1
           491.5 2
             :
           493.5 1
             :
           495.5 1
           496.5 2
             :
           498.5 2
           499.5 2
           500.5 2
             :
           502.5 1
           503.5 2
           504.5 2
           505.5 1
           506.5 1
             :
           508.5 2
           509.5 2
           510.5 1
             :
           512.5 1
           513.5 2
           514.5 1
             :
           517.5 1
           518.5 1
           519.5 3
           520.5 1
           521.5 2
             :
           523.5 2
           524.5 2
             :
           526.5 3
           527.5 3
           528.5 3
             :
           532.5 2
           533.5 3
             :
           535.5 1
           536.5 1
           537.5 5
           538.5 1
           539.5 2
           540.5 3
           541.5 2
           542.5 2
           543.5 1
             :
           545.5 3
           546.5 2
             :
           548.5 2
             :
           550.5 2
           551.5 1
           552.5 1
           553.5 2
           554.5 1
             :
           556.5 3
           557.5 2
           558.5 3
           559.5 2
           560.5 1
           561.5 4
           562.5 1
           563.5 3
           564.5 3
           565.5 3
           566.5 4
           567.5 2
           568.5 2
           569.5 1
           570.5 4
           571.5 4
           572.5 1
             :
           574.5 3
             :
           576.5 4
           577.5 1
           578.5 1
           579.5 1
           580.5 7
           581.5 3
           582.5 1
           583.5 4
           584.5 5
           585.5 1
           586.5 1
           587.5 2
             :
           589.5 3
             :
           591.5 1
           592.5 1
           593.5 7
             :
           595.5 3
           596.5 2
           597.5 2
           598.5 6
           599.5 2
           600.5 1
           601.5 1
           602.5 4
           603.5 2
           604.5 4
           605.5 3
           606.5 2
           607.5 1
           608.5 5
           609.5 1
           610.5 4
           611.5 3
           612.5 5
           613.5 6
           614.5 3
           615.5 6
           616.5 4
             :
           618.5 2
           619.5 4
           620.5 2
           621.5 2
           622.5 2
           623.5 1
           624.5 2
           625.5 3
           626.5 7
           627.5 2
           628.5 4
           629.5 1
           630.5 4
           631.5 4
           632.5 3
           633.5 6
           634.5 3
           635.5 5
           636.5 4
           637.5 6
           638.5 4
           639.5 4
           640.5 6
           641.5 1
           642.5 4
           643.5 3
           644.5 5
           645.5 6
           646.5 6
           647.5 4
           648.5 5
           649.5 5
           650.5 2
           651.5 1
           652.5 5
           653.5 2
           654.5 3
           655.5 4
           656.5 7
             :
           658.5 6
           659.5 7
           660.5 4
           661.5 3
           662.5 3
           663.5 2
           664.5 3
           665.5 3
           666.5 3
           667.5 1
           668.5 1
           669.5 6
           670.5 8
           671.5 4
           672.5 2
           673.5 2
           674.5 2
           675.5 2
           676.5 2
           677.5 2
           678.5 2
           679.5 2
           680.5 5
           681.5 3
           682.5 5
           683.5 7
           684.5 3
           685.5 3
           686.5 3
           687.5 4
             :
           689.5 5
           690.5 1
           691.5 2
           692.5 3
           693.5 4
           694.5 5
           695.5 4
             :
           697.5 3
           698.5 3
           699.5 4
           700.5 4
           701.5 6
           702.5 2
           703.5 3
           704.5 4
           705.5 4
           706.5 3
           707.5 4
           708.5 7
           709.5 4
           710.5 4
           711.5 3
           712.5 4
           713.5 3
           714.5 2
           715.5 1
           716.5 3
           717.5 5
           718.5 2
           719.5 5
           720.5 3
           721.5 2
           722.5 1
           723.5 2
           724.5 2
           725.5 4
           726.5 2
           727.5 2
           728.5 1
             :
           730.5 2
           731.5 2
           732.5 5
           733.5 2
             :
           737.5 3
           738.5 4
             :
           740.5 1
           741.5 4
           742.5 3
           743.5 3
           744.5 2
           745.5 2
           746.5 3
           747.5 3
           748.5 1
           749.5 3
           750.5 3
           751.5 4
           752.5 1
           753.5 2
           754.5 2
           755.5 1
           756.5 3
           757.5 2
           758.5 1
           759.5 1
           760.5 1
           761.5 2
           762.5 1
             :
           764.5 1
           765.5 2
           766.5 4
           767.5 2
           768.5 1
           769.5 1
           770.5 3
           771.5 3
           772.5 1
             :
           774.5 1
           775.5 4
           776.5 1
           777.5 1
           778.5 1
           779.5 2
           780.5 3
           781.5 2
           782.5 3
           783.5 1
           784.5 2
           785.5 3
           786.5 1
           787.5 2
           788.5 4
           789.5 1
           790.5 4
           791.5 2
           792.5 1
           793.5 2
           794.5 3
           795.5 1
           796.5 1
           797.5 3
           798.5 2
           799.5 2
           800.5 5
           801.5 1
           802.5 2
           803.5 5
           804.5 2
           805.5 1
           806.5 3
           807.5 1
           808.5 1
           809.5 1
           810.5 3
           811.5 2
           812.5 4
           813.5 2
           814.5 1
           815.5 3
             :
           817.5 4
           818.5 1
             :
           820.5 2
             :
           823.5 1
           824.5 5
             :
           826.5 1
           827.5 1
           828.5 1
           829.5 1
           830.5 1
           831.5 1
           832.5 2
           833.5 1
           834.5 1
           835.5 5
           836.5 1
           837.5 1
             :
           840.5 1
           841.5 2
           842.5 2
           843.5 1
             :
           845.5 1
             :
           847.5 2
           848.5 2
           849.5 1
           850.5 1
           851.5 2
           852.5 1
           853.5 2
             :
           855.5 2
             :
           860.5 1
             :
           862.5 2
           863.5 3
           864.5 3
           865.5 1
           866.5 2
           867.5 1
           868.5 3
           869.5 2
           870.5 2
             :
           873.5 5
           874.5 1
           875.5 1
             :
           878.5 2
             :
           880.5 1
             :
           884.5 2
             :
           887.5 1
           888.5 2
             :
           891.5 3
           892.5 1
           893.5 2
             :
           895.5 1
             :
           897.5 2
           898.5 1
           899.5 2
             :
           903.5 2
           904.5 1
           905.5 1
             :
           908.5 3
             :
           910.5 1
             :
           913.5 2
           914.5 2
             :
           916.5 1
             :
           918.5 2
           919.5 2
             :
           921.5 2
             :
           923.5 1
           924.5 1
             :
           926.5 1
           927.5 2
             :
           929.5 4
             :
           931.5 1
           932.5 3
             :
           934.5 3
           935.5 2
           936.5 1
             :
           938.5 2
           939.5 3
             :
           941.5 2
             :
           943.5 1
           944.5 2
           945.5 2
             :
           947.5 3
           948.5 1
           949.5 2
           950.5 2
           951.5 4
           952.5 1
             :
           954.5 2
           955.5 1
             :
           958.5 1
           959.5 1
           960.5 1
           961.5 2
           962.5 2
             :
           964.5 1
           965.5 1
             :
           967.5 1
           968.5 1
             :
           970.5 2
           971.5 1
           972.5 1
             :
           974.5 2
           975.5 2
           976.5 1
           977.5 1
           978.5 1
           979.5 2
           980.5 1
             :
           982.5 1
             :
           984.5 2
             :
           986.5 1
           987.5 1
           988.5 1
           989.5 1
             :
           992.5 2
           993.5 1
             :
           995.5 1
           996.5 1
           997.5 1
           998.5 2
           999.5 2
          1000.5 1
             :
          1002.5 1
          1003.5 2
          1004.5 1
             :
          1007.5 4
             :
          1009.5 1
          1010.5 2
             :
          1012.5 2
             :
          1014.5 1
             :
          1017.5 1
          1018.5 1
          1019.5 1
          1020.5 3
          1021.5 1
          1022.5 1
             :
          1024.5 1
          1025.5 2
          1026.5 2
          1027.5 1
          1028.5 1
          1029.5 2
             :
          1033.5 1
             :
          1037.5 1
          1038.5 2
             :
          1040.5 1
             :
          1045.5 1
          1046.5 1
          1047.5 1
             :
          1049.5 1
             :
          1051.5 1
             :
          1053.5 1
          1054.5 2
          1055.5 2
          1056.5 1
             :
          1058.5 2
          1059.5 2
             :
          1061.5 1
          1062.5 1
          1063.5 1
             :
          1066.5 2
             :
          1068.5 2
             :
          1071.5 1
             :
          1073.5 2
          1074.5 1
          1075.5 4
          1076.5 1
          1077.5 2
             :
          1080.5 2
          1081.5 1
             :
          1083.5 1
             :
          1085.5 1
             :
          1088.5 1
             :
          1090.5 1
             :
          1093.5 1
             :
          1095.5 1
          1096.5 1
          1097.5 1
             :
          1099.5 1
             :
          1106.5 1
          1107.5 3
             :
          1110.5 1
          1111.5 2
             :
          1113.5 1
          1114.5 2
             :
          1116.5 1
          1117.5 5
             :
          1121.5 1
          1122.5 2
             :
          1124.5 1
             :
          1132.5 2
             :
          1136.5 2
             :
          1138.5 1
             :
          1140.5 1
          1141.5 1
          1142.5 1
          1143.5 3
          1144.5 1
          1145.5 2
             :
          1147.5 1
          1148.5 1
             :
          1150.5 2
             :
          1152.5 1
          1153.5 1
          1154.5 1
             :
          1156.5 1
             :
          1158.5 1
          1159.5 1
             :
          1161.5 2
          1162.5 1
          1163.5 1
          1164.5 1
          1165.5 1
             :
          1169.5 1
             :
          1174.5 2
             :
          1176.5 1
             :
          1178.5 2
          1179.5 1
             :
          1183.5 2
          1184.5 2
             :
          1186.5 1
          1187.5 1
          1188.5 1
             :
          1190.5 1
             :
          1194.5 1
             :
          1197.5 1
          1198.5 1
             :
          1203.5 2
             :
          1206.5 1
          1207.5 1
          1208.5 1
             :
          1213.5 1
          1214.5 2
             :
          1216.5 1
          1217.5 2
             :
          1219.5 1
             :
          1221.5 2
             :
          1225.5 1
             :
          1228.5 1
             :
          1230.5 2
             :
          1233.5 1
             :
          1237.5 2
          1238.5 1
             :
          1243.5 1
             :
          1245.5 1
             :
          1250.5 1
             :
          1255.5 1
          1256.5 1
             :
          1259.5 1
          1260.5 1
             :
          1262.5 1
          1263.5 1
          1264.5 2
             :
          1270.5 1
          1271.5 1
          1272.5 2
             :
          1275.5 1
             :
          1277.5 1
             :
          1280.5 2
          1281.5 1
          1282.5 1
             :
          1284.5 3
          1285.5 1
          1286.5 1
          1287.5 1
             :
          1291.5 2
             :
          1294.5 1
             :
          1296.5 1
             :
          1301.5 1
             :
          1305.5 1
             :
          1311.5 1
          1312.5 1
          1313.5 1
             :
          1315.5 1
             :
          1319.5 1
             :
          1324.5 1
             :
          1335.5 1
          1336.5 1
             :
          1338.5 1
          1339.5 3
             :
          1343.5 2
          1344.5 1
             :
          1348.5 2
             :
          1350.5 1
          1351.5 1
             :
          1353.5 1
             :
          1357.5 1
          1358.5 1
             :
          1362.5 1
             :
          1366.5 1
          1367.5 1
             :
          1370.5 1
          1371.5 2
             :
          1377.5 1
          1378.5 1
          1379.5 1
             :
          1382.5 1
          1383.5 1
             :
          1385.5 1
             :
          1387.5 1
          1388.5 1
          1389.5 1
          1390.5 1
          1391.5 1
             :
          1393.5 1
             :
          1395.5 2
          1396.5 1
             :
          1398.5 1
             :
          1401.5 2
             :
          1407.5 1
          1408.5 2
             :
          1412.5 2
             :
          1414.5 2
          1415.5 1
             :
          1417.5 1
          1418.5 1
             :
          1420.5 1
             :
          1423.5 1
             :
          1429.5 1
          1430.5 1
             :
          1433.5 1
             :
          1435.5 1
             :
          1437.5 1
          1438.5 1
             :
          1440.5 1
             :
          1442.5 1
             :
          1444.5 2
          1445.5 2
             :
          1447.5 1
             :
          1453.5 2
             :
          1455.5 1
             :
          1458.5 1
             :
          1461.5 2
             :
          1465.5 2
             :
          1469.5 1
          1470.5 1
             :
          1473.5 2
             :
          1475.5 1
             :
          1479.5 2
             :
          1481.5 2
          1482.5 1
             :
          1485.5 1
          1486.5 1
          1487.5 1
          1488.5 1
             :
          1492.5 1
             :
          1494.5 1
          1495.5 2
             :
          1497.5 1
          1498.5 1
             :
          1504.5 1
             :
          1506.5 1
          1507.5 2
             :
          1514.5 1
             :
          1517.5 1
          1518.5 2
          1519.5 1
             :
          1522.5 2
             :
          1524.5 2
          1525.5 1
          1526.5 2
          1527.5 1
          1528.5 1
          1529.5 1
          1530.5 1
          1531.5 2
             :
          1539.5 1
          1540.5 1
             :
          1543.5 1
          1544.5 1
             :
          1546.5 1
             :
          1548.5 1
             :
          1552.5 1
             :
          1554.5 1
             :
          1556.5 1
             :
          1558.5 1
          1559.5 1
          1560.5 1
             :
          1564.5 1
             :
          1566.5 2
             :
          1573.5 2
             :
          1575.5 2
          1576.5 2
          1577.5 2
          1578.5 1
             :
          1581.5 1
             :
          1588.5 1
             :
          1590.5 1
          1591.5 1
             :
          1593.5 1
             :
          1598.5 1
          1599.5 1
             :
          1605.5 1
          1606.5 1
          1607.5 1
          1608.5 1
          1609.5 1
          1610.5 1
             :
          1613.5 1
             :
          1617.5 1
             :
          1626.5 2
             :
          1628.5 2
             :
          1633.5 1
             :
          1635.5 1
             :
          1638.5 1
          1639.5 1
          1640.5 1
          1641.5 1
          1642.5 1
             :
          1644.5 1
             :
          1649.5 1
             :
          1653.5 1
             :
          1655.5 2
             :
          1657.5 2
             :
          1665.5 1
             :
          1667.5 1
          1668.5 1
          1669.5 1
             :
          1672.5 1
             :
          1677.5 1
             :
          1679.5 2
             :
          1689.5 1
             :
          1691.5 1
             :
          1693.5 1
          1694.5 1
          1695.5 2
             :
          1698.5 1
             :
          1704.5 1
             :
          1706.5 1
          1707.5 2
             :
          1717.5 1
             :
          1719.5 2
             :
          1722.5 1
             :
          1727.5 1
             :
          1738.5 1
             :
          1740.5 1
             :
          1742.5 1
          1743.5 1
          1744.5 1
             :
          1748.5 1
             :
          1752.5 1
          1753.5 1
             :
          1758.5 1
             :
          1762.5 1
             :
          1764.5 1
             :
          1769.5 1
             :
          1775.5 4
          1776.5 2
             :
          1779.5 1
          1780.5 1
             :
          1792.5 1
             :
          1796.5 3
             :
          1803.5 1
             :
          1807.5 1
             :
          1809.5 1
             :
          1811.5 1
             :
          1815.5 2
             :
          1821.5 1
          1822.5 1
          1823.5 1
             :
          1827.5 1
          1828.5 1
          1829.5 1
             :
          1831.5 1
          1832.5 1
             :
          1837.5 1
          1838.5 1
             :
          1842.5 1
          1843.5 1
             :
          1846.5 1
             :
          1848.5 1
             :
          1854.5 1
             :
          1865.5 1
             :
          1878.5 1
             :
          1884.5 1
             :
          1887.5 1
             :
          1891.5 1
             :
          1897.5 1
             :
          1902.5 1
             :
          1906.5 1
          1907.5 1
          1908.5 1
             :
          1913.5 1
          1914.5 2
             :
          1916.5 1
          1917.5 1
             :
          1919.5 1
          1920.5 1
          1921.5 1
          1922.5 1
          1923.5 1
          1924.5 1
          1925.5 1
             :
          1930.5 1
          1931.5 1
             :
          1933.5 3
             :
          1936.5 1
             :
          1946.5 1
             :
          1949.5 1
             :
          1954.5 1
             :
          1962.5 1
             :
          1965.5 3
          1966.5 1
          1967.5 1
             :
          1969.5 1
             :
          1971.5 2
          1972.5 1
             :
          1974.5 1
             :
          1976.5 2
          1977.5 2
             :
          1980.5 3
             :
          1983.5 2
          1984.5 1
             :
          1986.5 1
             :
          1990.5 1
             :
          1994.5 1
             :
          2000.5 1
             :
          2002.5 2
             :
          2004.5 1
             :
          2006.5 2
          2007.5 1
             :
          2010.5 1
          2011.5 1
          2012.5 1
             :
          2019.5 1
          2020.5 1
          2021.5 2
             :
          2024.5 1
          2025.5 2
             :
          2029.5 1
             :
          2040.5 1
             :
          2047.5 1
             :
          2049.5 1
             :
          2055.5 1
             :
          2058.5 1
             :
          2060.5 1
             :
          2067.5 1
             :
          2072.5 2
          2073.5 1
             :
          2077.5 1
             :
          2080.5 1
             :
          2082.5 1
          2083.5 2
             :
          2085.5 1
          2086.5 1
             :
          2088.5 2
             :
          2092.5 1
             :
          2097.5 1
             :
          2109.5 1
             :
          2112.5 1
             :
          2114.5 1
             :
          2126.5 1
             :
          2128.5 2
             :
          2132.5 1
             :
          2144.5 1
             :
          2147.5 1
             :
          2149.5 1
          2150.5 1
             :
          2160.5 1
          2161.5 1
             :
          2167.5 1
             :
          2171.5 1
             :
          2173.5 1
             :
          2178.5 1
             :
          2180.5 1
             :
          2182.5 1
             :
          2185.5 1
             :
          2193.5 1
          2194.5 1
          2195.5 1
             :
          2197.5 2
             :
          2199.5 1
          2200.5 1
             :
          2203.5 1
             :
          2205.5 1
             :
          2208.5 1
             :
          2213.5 1
             :
          2217.5 1
             :
          2219.5 1
          2220.5 3
          2221.5 1
             :
          2223.5 1
             :
          2234.5 1
             :
          2241.5 1
             :
          2250.5 1
             :
          2252.5 1
             :
          2254.5 1
          2255.5 1
             :
          2260.5 1
             :
          2262.5 1
             :
          2274.5 1
             :
          2278.5 1
          2279.5 1
             :
          2291.5 2
             :
          2295.5 1
          2296.5 1
             :
          2307.5 1
             :
          2314.5 1
             :
          2325.5 1
             :
          2327.5 1
             :
          2335.5 1
             :
          2344.5 1
             :
          2348.5 1
             :
          2359.5 1
             :
          2368.5 1
             :
          2370.5 1
             :
          2376.5 1
             :
          2380.5 1
             :
          2394.5 1
             :
          2399.5 1
             :
          2415.5 1
             :
          2462.5 1
             :
          2478.5 2
             :
          2480.5 1
             :
          2508.5 1
             :
          2518.5 1
             :
          2553.5 1
             :
          2563.5 1
             :
          2786.5 1

Total: connections 5760 requests 5760 replies 5760 test-duration 240.236 s

Connection rate: 24.0 conn/s (41.7 ms/conn, <=55 concurrent connections)
Connection time [ms]: min 9.7 avg 318.8 max 2786.5 median 21.5 stddev 527.7
Connection time [ms]: connect 0.7
Connection length [replies/conn]: 1.000

Request rate: 24.0 req/s (41.7 ms/req)
Request size [B]: 67.0

Reply rate [replies/s]: min 2.0 avg 24.0 max 45.0 stddev 4.5 (240 samples)
Percentages of the replies served at a given rate:
   50%: 23
   66%: 24
   75%: 24
   80%: 25
   90%: 26
   95%: 29
   98%: 37
   99%: 42
  100%: 45

Reply time [ms]: response 298.7 transfer 19.4
Percentages of the requests served within a certain time (ms) :
   50%: 19
   66%: 63
   75%: 520
   80%: 625
   90%: 978
   95%: 1503
   98%: 1950
   99%: 2091
  100%: 2709

Reply size [B]: header 163.0 content 72.0 footer 1.0 (total 236.0)
Reply status: 1xx=0 2xx=5760 3xx=0 4xx=0 5xx=0

CPU time [s]: user 180.88 system 58.92 (user 75.3% system 24.5% total 99.8%)
Net I/O: 7.1 KB/s (0.1*10^6 bps)

Errors: total 0 client-timo 0 socket-timo 0 connrefused 0 connreset 0
Errors: fd-unavail 0 addrunavail 0 ftab-full 0 other 0

