httperf --verbose --hog --timeout=3 --client=0/1 --server=172.17.60.201 --port=80 --uri=/ --rate=8 --send-buffer=4096 --recv-buffer=16384 --num-conns=500 --num-calls=1
httperf: maximum number of open descriptors = 4096
Maximum connect burst length: 1

Connection lifetime histogram (time in ms):
             :
             7.5 55
             8.5 53
             9.5 52
            10.5 78
            11.5 43
            12.5 28
            13.5 29
            14.5 27
            15.5 13
            16.5 10
            17.5 15
            18.5 9
            19.5 8
            20.5 13
            21.5 8
            22.5 4
            23.5 9
            24.5 4
            25.5 7
            26.5 3
            27.5 3
            28.5 4
            29.5 1
            30.5 3
            31.5 1
            32.5 2
            33.5 3
            34.5 3
            35.5 1
            36.5 2
            37.5 1
             :
            39.5 2
            40.5 2
            41.5 1
            42.5 1
             :
            54.5 1
             :
            57.5 1

Total: connections 500 requests 500 replies 500 test-duration 62.390 s

Connection rate: 8.0 conn/s (124.8 ms/conn, <=1 concurrent connections)
Connection time [ms]: min 7.2 avg 13.9 max 57.3 median 11.5 stddev 7.3
Connection time [ms]: connect 1.1
Connection length [replies/conn]: 1.000

Request rate: 8.0 req/s (124.8 ms/req)
Request size [B]: 66.0

Reply rate [replies/s]: min 8.0 avg 8.0 max 8.0 stddev 0.0 (62 samples)
Percentages of the replies served at a given rate:
   50%: 7
   66%: 7
   75%: 7
   80%: 7
   90%: 7
   95%: 7
   98%: 7
   99%: 8
  100%: 8

Reply time [ms]: response 12.5 transfer 0.2
Percentages of the requests served within a certain time (ms) :
   50%: 9
   66%: 11
   75%: 13
   80%: 15
   90%: 22
   95%: 26
   98%: 33
   99%: 38
  100%: 54

Reply size [B]: header 167.0 content 59.0 footer 0.0 (total 226.0)
Reply status: 1xx=0 2xx=500 3xx=0 4xx=0 5xx=0

CPU time [s]: user 38.62 system 23.69 (user 61.9% system 38.0% total 99.9%)
Net I/O: 2.3 KB/s (0.0*10^6 bps)

Errors: total 0 client-timo 0 socket-timo 0 connrefused 0 connreset 0
Errors: fd-unavail 0 addrunavail 0 ftab-full 0 other 0

