httperf --verbose --hog --timeout=3 --client=0/1 --server=172.17.60.201 --port=80 --uri=/ --rate=8 --send-buffer=4096 --recv-buffer=16384 --num-conns=500 --num-calls=1
httperf: maximum number of open descriptors = 4096
Maximum connect burst length: 1

Connection lifetime histogram (time in ms):
             :
             7.5 17
             8.5 24
             9.5 17
            10.5 41
            11.5 26
            12.5 20
            13.5 29
            14.5 28
            15.5 11
            16.5 13
            17.5 12
            18.5 6
            19.5 11
            20.5 20
            21.5 13
            22.5 11
            23.5 17
            24.5 8
            25.5 10
            26.5 5
            27.5 9
            28.5 9
            29.5 15
            30.5 9
            31.5 7
            32.5 3
            33.5 5
            34.5 11
            35.5 6
            36.5 6
            37.5 5
            38.5 2
            39.5 3
            40.5 4
            41.5 6
             :
            43.5 3
            44.5 1
            45.5 3
            46.5 2
             :
            48.5 1
            49.5 3
             :
            51.5 2
            52.5 2
             :
            55.5 1
            56.5 3
            57.5 1
             :
            59.5 1
             :
            61.5 1
            62.5 2
            63.5 2
             :
            65.5 2
            66.5 1
            67.5 2
            68.5 4
            69.5 2
             :
            71.5 1
            72.5 4
             :
            74.5 4
            75.5 1
            76.5 1
             :
            79.5 1
             :
            81.5 1
            82.5 1
             :
            84.5 1
             :
            86.5 2
            87.5 1
             :
            89.5 1
             :
            92.5 1
            93.5 1
             :
           102.5 1

Total: connections 500 requests 500 replies 500 test-duration 62.397 s

Connection rate: 8.0 conn/s (124.8 ms/conn, <=1 concurrent connections)
Connection time [ms]: min 7.3 avg 24.8 max 102.6 median 19.5 stddev 18.1
Connection time [ms]: connect 1.1
Connection length [replies/conn]: 1.000

Request rate: 8.0 req/s (124.8 ms/req)
Request size [B]: 66.0

Reply rate [replies/s]: min 8.0 avg 8.0 max 8.0 stddev 0.0 (62 samples)
Percentages of the replies served at a given rate:
   50%: 7
   66%: 7
   75%: 7
   80%: 7
   90%: 7
   95%: 7
   98%: 7
   99%: 7
  100%: 8

Reply time [ms]: response 23.3 transfer 0.2
Percentages of the requests served within a certain time (ms) :
   50%: 17
   66%: 23
   75%: 28
   80%: 32
   90%: 47
   95%: 67
   98%: 78
   99%: 83
  100%: 101

Reply size [B]: header 167.0 content 59.0 footer 0.0 (total 226.0)
Reply status: 1xx=0 2xx=500 3xx=0 4xx=0 5xx=0

CPU time [s]: user 38.67 system 23.65 (user 62.0% system 37.9% total 99.9%)
Net I/O: 2.3 KB/s (0.0*10^6 bps)

Errors: total 0 client-timo 0 socket-timo 0 connrefused 0 connreset 0
Errors: fd-unavail 0 addrunavail 0 ftab-full 0 other 0

