httperf --verbose --hog --timeout=50 --client=0/1 --server=172.16.116.116 --port=8080 --uri=/ --rate=8 --send-buffer=4096 --recv-buffer=16384 --num-conns=1440 --num-calls=1
httperf: maximum number of open descriptors = 65535
Maximum connect burst length: 1

Connection lifetime histogram (time in ms):
             :
            10.5 61
            11.5 384
            12.5 208
            13.5 165
            14.5 129
            15.5 109
            16.5 127
            17.5 98
            18.5 63
            19.5 36
            20.5 16
            21.5 6
            22.5 4
            23.5 3
            24.5 4
             :
            27.5 2
             :
            32.5 1
             :
            67.5 1
             :
            76.5 1
             :
            97.5 1
             :
           119.5 1
             :
           127.5 1
             :
           129.5 1
             :
           141.5 1
             :
           146.5 1
             :
           158.5 1
             :
           174.5 1
             :
           178.5 1
             :
           188.5 1
             :
           199.5 1
             :
           221.5 1
             :
           226.5 1
             :
           230.5 1
             :
           233.5 1
             :
           238.5 1
             :
           242.5 1
             :
           245.5 1
             :
           287.5 1
             :
           305.5 1
             :
           324.5 1
             :
           387.5 1

Total: connections 1440 requests 1440 replies 1440 test-duration 179.887 s

Connection rate: 8.0 conn/s (124.9 ms/conn, <=2 concurrent connections)
Connection time [ms]: min 10.3 avg 17.1 max 387.3 median 13.5 stddev 25.8
Connection time [ms]: connect 0.9
Connection length [replies/conn]: 1.000

Request rate: 8.0 req/s (124.9 ms/req)
Request size [B]: 67.0

Reply rate [replies/s]: min 7.0 avg 8.0 max 9.0 stddev 0.1 (179 samples)
Percentages of the replies served at a given rate:
   50%: 7
   66%: 7
   75%: 7
   80%: 7
   90%: 7
   95%: 7
   98%: 7
   99%: 7
  100%: 9

Reply time [ms]: response 15.5 transfer 0.6
Percentages of the requests served within a certain time (ms) :
   50%: 11
   66%: 13
   75%: 14
   80%: 15
   90%: 16
   95%: 17
   98%: 22
   99%: 171
  100%: 385

Reply size [B]: header 163.0 content 72.0 footer 2.0 (total 237.0)
Reply status: 1xx=0 2xx=1440 3xx=0 4xx=0 5xx=0

CPU time [s]: user 152.36 system 27.23 (user 84.7% system 15.1% total 99.8%)
Net I/O: 2.4 KB/s (0.0*10^6 bps)

Errors: total 0 client-timo 0 socket-timo 0 connrefused 0 connreset 0
Errors: fd-unavail 0 addrunavail 0 ftab-full 0 other 0

