httperf --verbose --hog --timeout=50 --client=0/1 --server=172.16.116.116 --port=8080 --uri=/ --rate=8 --send-buffer=4096 --recv-buffer=16384 --num-conns=1440 --num-calls=1
httperf: maximum number of open descriptors = 65535
Maximum connect burst length: 1

Connection lifetime histogram (time in ms):
             :
            10.5 163
            11.5 413
            12.5 215
            13.5 109
            14.5 89
            15.5 108
            16.5 137
            17.5 71
            18.5 42
            19.5 14
            20.5 15
            21.5 11
            22.5 7
            23.5 3
             :
            26.5 1
             :
            53.5 1
             :
            84.5 1
             :
            87.5 1
             :
           116.5 1
             :
           123.5 1
             :
           125.5 1
             :
           133.5 1
           134.5 1
             :
           148.5 1
             :
           153.5 1
             :
           162.5 1
             :
           172.5 1
             :
           177.5 1
           178.5 1
             :
           183.5 1
             :
           189.5 1
           190.5 1
             :
           195.5 1
             :
           198.5 1
             :
           202.5 1
           203.5 1
             :
           207.5 1
           208.5 1
           209.5 1
           210.5 1
             :
           212.5 1
             :
           221.5 1
           222.5 1
             :
           226.5 1
             :
           234.5 1
             :
           236.5 1
             :
           238.5 1
             :
           240.5 1
             :
           243.5 1
             :
           246.5 1
             :
           259.5 1
             :
           263.5 1
             :
           266.5 1
             :
           303.5 1
             :
           306.5 1
             :
           319.5 1
             :
           388.5 1

Total: connections 1440 requests 1440 replies 1440 test-duration 179.887 s

Connection rate: 8.0 conn/s (124.9 ms/conn, <=2 concurrent connections)
Connection time [ms]: min 10.3 avg 19.0 max 388.5 median 12.5 stddev 33.7
Connection time [ms]: connect 0.8
Connection length [replies/conn]: 1.000

Request rate: 8.0 req/s (124.9 ms/req)
Request size [B]: 67.0

Reply rate [replies/s]: min 7.0 avg 8.0 max 9.0 stddev 0.3 (179 samples)
Percentages of the replies served at a given rate:
   50%: 7
   66%: 7
   75%: 7
   80%: 7
   90%: 7
   95%: 7
   98%: 8
   99%: 8
  100%: 9

Reply time [ms]: response 17.2 transfer 1.0
Percentages of the requests served within a certain time (ms) :
   50%: 11
   66%: 13
   75%: 14
   80%: 14
   90%: 16
   95%: 18
   98%: 160
   99%: 207
  100%: 306

Reply size [B]: header 162.0 content 72.0 footer 1.0 (total 235.0)
Reply status: 1xx=0 2xx=1440 3xx=0 4xx=0 5xx=0

CPU time [s]: user 152.24 system 27.37 (user 84.6% system 15.2% total 99.8%)
Net I/O: 2.4 KB/s (0.0*10^6 bps)

Errors: total 0 client-timo 0 socket-timo 0 connrefused 0 connreset 0
Errors: fd-unavail 0 addrunavail 0 ftab-full 0 other 0

