httperf --verbose --hog --timeout=50 --client=0/1 --server=172.16.116.116 --port=8080 --uri=/ --rate=16 --send-buffer=4096 --recv-buffer=16384 --num-conns=2880 --num-calls=1
httperf: maximum number of open descriptors = 65535
Maximum connect burst length: 1

Connection lifetime histogram (time in ms):
             :
            10.5 277
            11.5 850
            12.5 341
            13.5 235
            14.5 199
            15.5 195
            16.5 394
            17.5 139
            18.5 73
            19.5 42
            20.5 25
            21.5 25
            22.5 8
            23.5 2
            24.5 6
            25.5 1
            26.5 2
            27.5 1
            28.5 1
             :
            31.5 2
             :
            39.5 1
             :
            55.5 1
             :
            59.5 1
             :
            66.5 1
             :
            75.5 1
             :
            82.5 1
            83.5 2
             :
            96.5 1
             :
           106.5 1
             :
           109.5 1
             :
           112.5 1
             :
           114.5 1
             :
           131.5 1
             :
           133.5 1
             :
           136.5 1
             :
           148.5 1
             :
           154.5 2
             :
           159.5 1
             :
           175.5 1
           176.5 1
             :
           178.5 1
             :
           184.5 1
             :
           191.5 1
             :
           193.5 2
             :
           199.5 2
             :
           203.5 1
             :
           205.5 1
             :
           208.5 1
           209.5 1
             :
           213.5 2
           214.5 1
           215.5 1
           216.5 1
             :
           222.5 2
           223.5 1
             :
           243.5 1
             :
           247.5 1
             :
           250.5 1
             :
           252.5 1
             :
           255.5 1
             :
           258.5 1
           259.5 1
             :
           262.5 1
             :
           264.5 1
             :
           271.5 1
             :
           277.5 1
             :
           279.5 1
             :
           282.5 1
             :
           288.5 1
             :
           306.5 1
             :
           309.5 2
             :
           313.5 1
             :
           335.5 1
             :
           342.5 1
             :
           412.5 1

Total: connections 2880 requests 2880 replies 2880 test-duration 179.949 s

Connection rate: 16.0 conn/s (62.5 ms/conn, <=2 concurrent connections)
Connection time [ms]: min 10.2 avg 17.8 max 412.6 median 12.5 stddev 29.6
Connection time [ms]: connect 0.7
Connection length [replies/conn]: 1.000

Request rate: 16.0 req/s (62.5 ms/req)
Request size [B]: 67.0

Reply rate [replies/s]: min 15.0 avg 16.0 max 17.0 stddev 0.4 (179 samples)
Percentages of the replies served at a given rate:
   50%: 15
   66%: 15
   75%: 15
   80%: 15
   90%: 15
   95%: 16
   98%: 16
   99%: 16
  100%: 17

Reply time [ms]: response 16.2 transfer 0.7
Percentages of the requests served within a certain time (ms) :
   50%: 11
   66%: 13
   75%: 14
   80%: 15
   90%: 16
   95%: 17
   98%: 74
   99%: 200
  100%: 333

Reply size [B]: header 162.0 content 72.0 footer 1.0 (total 235.0)
Reply status: 1xx=0 2xx=2880 3xx=0 4xx=0 5xx=0

CPU time [s]: user 150.28 system 29.34 (user 83.5% system 16.3% total 99.8%)
Net I/O: 4.7 KB/s (0.0*10^6 bps)

Errors: total 0 client-timo 0 socket-timo 0 connrefused 0 connreset 0
Errors: fd-unavail 0 addrunavail 0 ftab-full 0 other 0

