httperf --verbose --hog --timeout=50 --client=0/1 --server=172.16.116.116 --port=8080 --uri=/ --rate=16 --send-buffer=4096 --recv-buffer=16384 --num-conns=2880 --num-calls=1
httperf: maximum number of open descriptors = 65535
Maximum connect burst length: 1

Connection lifetime histogram (time in ms):
             :
            10.5 400
            11.5 790
            12.5 262
            13.5 192
            14.5 215
            15.5 283
            16.5 330
            17.5 153
            18.5 95
            19.5 43
            20.5 23
            21.5 16
            22.5 14
            23.5 13
            24.5 2
            25.5 5
            26.5 2
            27.5 1
            28.5 3
            29.5 3
             :
            52.5 1
             :
            54.5 1
             :
            76.5 1
             :
           106.5 1
             :
           113.5 1
             :
           119.5 1
             :
           122.5 1
             :
           136.5 1
             :
           138.5 1
             :
           147.5 1
             :
           153.5 1
             :
           165.5 1
           166.5 1
             :
           172.5 1
             :
           177.5 1
             :
           180.5 1
             :
           197.5 1
           198.5 1
             :
           203.5 1
             :
           205.5 1
             :
           208.5 1
             :
           211.5 1
             :
           222.5 1
             :
           225.5 1
             :
           237.5 1
             :
           247.5 1
             :
           252.5 1
             :
           260.5 1
             :
           267.5 1
             :
           273.5 1
             :
           286.5 1
             :
           307.5 1
           308.5 1
             :
           323.5 1
             :
           348.5 1

Total: connections 2880 requests 2880 replies 2880 test-duration 179.956 s

Connection rate: 16.0 conn/s (62.5 ms/conn, <=2 concurrent connections)
Connection time [ms]: min 10.2 avg 16.0 max 348.4 median 12.5 stddev 21.8
Connection time [ms]: connect 0.7
Connection length [replies/conn]: 1.000

Request rate: 16.0 req/s (62.5 ms/req)
Request size [B]: 67.0

Reply rate [replies/s]: min 15.0 avg 16.0 max 17.0 stddev 0.3 (179 samples)
Percentages of the replies served at a given rate:
   50%: 15
   66%: 15
   75%: 15
   80%: 15
   90%: 15
   95%: 15
   98%: 16
   99%: 16
  100%: 17

Reply time [ms]: response 14.5 transfer 0.6
Percentages of the requests served within a certain time (ms) :
   50%: 11
   66%: 13
   75%: 14
   80%: 15
   90%: 16
   95%: 17
   98%: 20
   99%: 112
  100%: 347

Reply size [B]: header 163.0 content 72.0 footer 2.0 (total 237.0)
Reply status: 1xx=0 2xx=2880 3xx=0 4xx=0 5xx=0

CPU time [s]: user 149.80 system 29.81 (user 83.2% system 16.6% total 99.8%)
Net I/O: 4.7 KB/s (0.0*10^6 bps)

Errors: total 0 client-timo 0 socket-timo 0 connrefused 0 connreset 0
Errors: fd-unavail 0 addrunavail 0 ftab-full 0 other 0

