httperf --verbose --hog --timeout=50 --client=0/1 --server=172.16.116.116 --port=8080 --uri=/ --rate=16 --send-buffer=4096 --recv-buffer=16384 --num-conns=4800 --num-calls=1
httperf: maximum number of open descriptors = 65535
Maximum connect burst length: 1

Connection lifetime histogram (time in ms):
             :
             9.5 1
            10.5 312
            11.5 650
            12.5 465
            13.5 379
            14.5 328
            15.5 495
            16.5 374
            17.5 200
            18.5 159
            19.5 136
            20.5 83
            21.5 103
            22.5 75
            23.5 37
            24.5 29
            25.5 21
            26.5 15
            27.5 10
            28.5 6
            29.5 9
            30.5 6
            31.5 8
            32.5 5
            33.5 2
            34.5 2
            35.5 6
            36.5 2
            37.5 1
            38.5 1
            39.5 1
            40.5 5
            41.5 4
            42.5 4
            43.5 1
            44.5 1
            45.5 1
             :
            47.5 2
            48.5 1
             :
            50.5 1
            51.5 4
            52.5 2
            53.5 1
            54.5 1
            55.5 1
            56.5 2
            57.5 2
            58.5 4
            59.5 1
            60.5 1
             :
            63.5 1
            64.5 3
            65.5 3
            66.5 2
            67.5 1
            68.5 1
            69.5 3
             :
            71.5 3
            72.5 3
            73.5 1
            74.5 2
            75.5 2
            76.5 1
            77.5 1
             :
            80.5 4
            81.5 2
            82.5 1
            83.5 1
            84.5 2
            85.5 1
             :
            87.5 1
            88.5 1
            89.5 1
            90.5 2
            91.5 2
             :
            94.5 2
            95.5 2
            96.5 1
            97.5 3
             :
            99.5 1
           100.5 1
           101.5 2
           102.5 1
           103.5 2
             :
           105.5 1
           106.5 3
           107.5 1
             :
           111.5 1
           112.5 2
           113.5 2
           114.5 2
           115.5 2
           116.5 1
             :
           118.5 2
           119.5 1
             :
           122.5 2
           123.5 2
           124.5 1
           125.5 1
           126.5 2
             :
           129.5 2
           130.5 2
           131.5 1
           132.5 1
           133.5 1
             :
           135.5 2
             :
           139.5 1
           140.5 1
           141.5 3
           142.5 2
             :
           144.5 1
           145.5 3
             :
           147.5 1
             :
           150.5 2
             :
           152.5 1
           153.5 1
           154.5 3
           155.5 2
           156.5 1
           157.5 1
           158.5 2
             :
           160.5 3
             :
           163.5 2
           164.5 1
             :
           166.5 2
           167.5 3
           168.5 1
           169.5 3
           170.5 4
             :
           172.5 1
             :
           174.5 4
           175.5 2
           176.5 1
             :
           178.5 3
             :
           180.5 2
             :
           183.5 1
             :
           185.5 1
           186.5 1
           187.5 1
           188.5 1
           189.5 1
           190.5 1
           191.5 2
           192.5 2
           193.5 2
           194.5 1
           195.5 1
           196.5 3
           197.5 2
             :
           199.5 2
           200.5 1
           201.5 3
             :
           204.5 2
           205.5 4
           206.5 2
           207.5 4
           208.5 3
           209.5 4
           210.5 2
           211.5 2
           212.5 4
             :
           214.5 3
           215.5 2
             :
           217.5 2
           218.5 4
           219.5 1
           220.5 2
           221.5 2
           222.5 4
             :
           225.5 1
           226.5 2
           227.5 1
           228.5 3
           229.5 2
           230.5 4
           231.5 3
           232.5 5
           233.5 6
           234.5 4
           235.5 1
           236.5 2
           237.5 1
           238.5 4
           239.5 6
           240.5 4
           241.5 3
             :
           243.5 1
           244.5 1
           245.5 2
           246.5 1
           247.5 8
           248.5 5
           249.5 5
           250.5 3
             :
           252.5 1
           253.5 1
           254.5 6
           255.5 3
           256.5 3
           257.5 7
           258.5 7
           259.5 4
           260.5 1
           261.5 1
           262.5 4
           263.5 5
           264.5 4
           265.5 5
           266.5 4
           267.5 2
           268.5 6
           269.5 2
           270.5 7
           271.5 4
           272.5 5
             :
           274.5 5
           275.5 5
           276.5 5
           277.5 3
           278.5 2
           279.5 7
           280.5 6
           281.5 2
           282.5 5
           283.5 4
           284.5 8
           285.5 3
           286.5 4
           287.5 3
           288.5 3
           289.5 5
           290.5 5
           291.5 3
           292.5 5
           293.5 8
           294.5 5
           295.5 1
           296.5 3
           297.5 4
           298.5 4
           299.5 3
           300.5 3
           301.5 4
           302.5 1
           303.5 4
           304.5 5
           305.5 6
           306.5 4
           307.5 3
           308.5 5
             :
           310.5 6
           311.5 5
           312.5 5
           313.5 5
           314.5 6
           315.5 4
           316.5 2
           317.5 1
           318.5 5
           319.5 5
           320.5 5
           321.5 8
           322.5 8
           323.5 6
           324.5 1
           325.5 3
           326.5 6
           327.5 2
           328.5 7
           329.5 9
           330.5 2
           331.5 5
           332.5 5
           333.5 2
           334.5 2
           335.5 1
           336.5 4
           337.5 4
           338.5 4
           339.5 4
           340.5 3
           341.5 4
           342.5 4
           343.5 2
           344.5 2
           345.5 1
           346.5 6
           347.5 2
             :
           350.5 1
           351.5 2
             :
           353.5 1
           354.5 5
           355.5 3
           356.5 1
           357.5 4
           358.5 1
           359.5 2
           360.5 3
           361.5 3
           362.5 1
           363.5 2
           364.5 3
           365.5 2
           366.5 5
           367.5 2
           368.5 1
           369.5 1
           370.5 2
           371.5 3
           372.5 2
           373.5 1
           374.5 4
           375.5 4
           376.5 1
           377.5 2
           378.5 2
           379.5 2
           380.5 3
           381.5 1
           382.5 2
           383.5 2
           384.5 2
           385.5 2
           386.5 1
           387.5 1
             :
           389.5 2
           390.5 2
           391.5 4
           392.5 1
             :
           394.5 1
           395.5 1
           396.5 2
           397.5 1
           398.5 1
           399.5 2
           400.5 2
             :
           402.5 2
             :
           406.5 1
           407.5 2
             :
           409.5 1
           410.5 2
           411.5 1
           412.5 1
           413.5 1
             :
           415.5 1
             :
           417.5 1
           418.5 1
             :
           421.5 2
           422.5 1
             :
           425.5 1
             :
           431.5 1
           432.5 1
             :
           435.5 1
           436.5 1
             :
           438.5 1
             :
           440.5 2
           441.5 1
           442.5 1
             :
           444.5 2
             :
           446.5 1
             :
           450.5 2
           451.5 1
             :
           453.5 2
             :
           455.5 1
             :
           457.5 2
             :
           460.5 1
           461.5 2
             :
           465.5 2
           466.5 1
             :
           476.5 1
             :
           479.5 1
             :
           483.5 2
             :
           486.5 1
             :
           489.5 1
             :
           491.5 1
             :
           497.5 1
             :
           514.5 1
             :
           530.5 1

Total: connections 4800 requests 4800 replies 4800 test-duration 299.949 s

Connection rate: 16.0 conn/s (62.5 ms/conn, <=8 concurrent connections)
Connection time [ms]: min 10.0 avg 60.3 max 530.3 median 15.5 stddev 105.0
Connection time [ms]: connect 0.7
Connection length [replies/conn]: 1.000

Request rate: 16.0 req/s (62.5 ms/req)
Request size [B]: 67.0

Reply rate [replies/s]: min 10.0 avg 16.0 max 22.0 stddev 1.9 (299 samples)
Percentages of the replies served at a given rate:
   50%: 15
   66%: 15
   75%: 16
   80%: 16
   90%: 18
   95%: 18
   98%: 20
   99%: 20
  100%: 22

Reply time [ms]: response 55.9 transfer 3.6
Percentages of the requests served within a certain time (ms) :
   50%: 14
   66%: 16
   75%: 19
   80%: 22
   90%: 245
   95%: 307
   98%: 354
   99%: 384
  100%: 527

Reply size [B]: header 162.0 content 72.0 footer 1.0 (total 235.0)
Reply status: 1xx=0 2xx=4800 3xx=0 4xx=0 5xx=0

CPU time [s]: user 246.02 system 53.40 (user 82.0% system 17.8% total 99.8%)
Net I/O: 4.7 KB/s (0.0*10^6 bps)

Errors: total 0 client-timo 0 socket-timo 0 connrefused 0 connreset 0
Errors: fd-unavail 0 addrunavail 0 ftab-full 0 other 0

