httperf --verbose --hog --timeout=50 --client=0/1 --server=172.16.116.116 --port=8080 --uri=/ --rate=16 --send-buffer=4096 --recv-buffer=16384 --num-conns=4800 --num-calls=1
httperf: maximum number of open descriptors = 65535
Maximum connect burst length: 1

Connection lifetime histogram (time in ms):
             :
            10.5 89
            11.5 232
            12.5 180
            13.5 160
            14.5 228
            15.5 212
            16.5 216
            17.5 199
            18.5 192
            19.5 146
            20.5 149
            21.5 159
            22.5 133
            23.5 83
            24.5 73
            25.5 62
            26.5 54
            27.5 37
            28.5 27
            29.5 29
            30.5 17
            31.5 26
            32.5 27
            33.5 15
            34.5 10
            35.5 17
            36.5 12
            37.5 13
            38.5 6
            39.5 8
            40.5 7
            41.5 4
            42.5 9
            43.5 5
            44.5 6
            45.5 5
            46.5 10
            47.5 7
            48.5 5
            49.5 6
            50.5 4
            51.5 3
            52.5 4
            53.5 3
            54.5 2
            55.5 4
            56.5 2
            57.5 6
            58.5 5
            59.5 2
            60.5 3
            61.5 1
            62.5 2
            63.5 4
             :
            65.5 2
            66.5 3
            67.5 4
            68.5 4
            69.5 4
            70.5 2
            71.5 1
            72.5 3
            73.5 5
            74.5 6
            75.5 3
            76.5 2
            77.5 3
            78.5 4
            79.5 4
            80.5 3
            81.5 4
            82.5 1
            83.5 5
            84.5 3
             :
            86.5 3
            87.5 2
            88.5 2
            89.5 3
            90.5 3
            91.5 1
            92.5 2
            93.5 5
            94.5 5
            95.5 2
            96.5 2
            97.5 6
            98.5 3
            99.5 3
           100.5 1
             :
           102.5 2
           103.5 4
           104.5 4
           105.5 3
           106.5 5
           107.5 3
           108.5 1
           109.5 4
           110.5 2
           111.5 3
           112.5 4
           113.5 5
           114.5 3
           115.5 2
           116.5 5
           117.5 6
           118.5 4
           119.5 2
           120.5 4
           121.5 1
           122.5 4
           123.5 1
           124.5 2
           125.5 5
           126.5 2
           127.5 3
           128.5 4
           129.5 6
           130.5 5
             :
           132.5 7
           133.5 4
           134.5 2
           135.5 5
           136.5 1
           137.5 5
           138.5 2
           139.5 3
           140.5 6
           141.5 4
           142.5 1
           143.5 2
           144.5 6
           145.5 4
           146.5 1
           147.5 4
           148.5 4
           149.5 7
           150.5 4
           151.5 4
           152.5 6
           153.5 4
           154.5 6
           155.5 1
           156.5 2
           157.5 4
           158.5 1
           159.5 3
           160.5 5
           161.5 6
           162.5 4
           163.5 3
           164.5 5
           165.5 4
           166.5 4
           167.5 4
           168.5 4
           169.5 3
           170.5 2
           171.5 2
           172.5 4
           173.5 5
           174.5 5
           175.5 6
           176.5 5
           177.5 7
           178.5 2
           179.5 4
           180.5 4
           181.5 5
           182.5 5
           183.5 3
           184.5 6
           185.5 4
           186.5 10
           187.5 3
           188.5 3
           189.5 6
           190.5 7
           191.5 3
           192.5 4
           193.5 7
           194.5 6
           195.5 3
           196.5 9
           197.5 11
           198.5 6
           199.5 12
           200.5 3
           201.5 4
           202.5 6
           203.5 8
           204.5 6
           205.5 4
           206.5 4
           207.5 9
           208.5 4
           209.5 11
           210.5 10
           211.5 10
           212.5 7
           213.5 2
           214.5 4
           215.5 9
           216.5 9
           217.5 10
           218.5 8
           219.5 8
           220.5 15
           221.5 8
           222.5 6
           223.5 4
           224.5 10
           225.5 7
           226.5 6
           227.5 8
           228.5 10
           229.5 7
           230.5 3
           231.5 12
           232.5 14
           233.5 5
           234.5 11
           235.5 10
           236.5 3
           237.5 11
           238.5 10
           239.5 13
           240.5 7
           241.5 7
           242.5 16
           243.5 10
           244.5 13
           245.5 11
           246.5 13
           247.5 7
           248.5 6
           249.5 9
           250.5 8
           251.5 12
           252.5 5
           253.5 12
           254.5 5
           255.5 7
           256.5 10
           257.5 7
           258.5 11
           259.5 10
           260.5 8
           261.5 9
           262.5 8
           263.5 8
           264.5 8
           265.5 9
           266.5 5
           267.5 11
           268.5 11
           269.5 10
           270.5 13
           271.5 8
           272.5 11
           273.5 11
           274.5 17
           275.5 8
           276.5 9
           277.5 9
           278.5 8
           279.5 6
           280.5 10
           281.5 9
           282.5 17
           283.5 4
           284.5 11
           285.5 10
           286.5 11
           287.5 9
           288.5 8
           289.5 10
           290.5 9
           291.5 9
           292.5 12
           293.5 4
           294.5 7
           295.5 8
           296.5 8
           297.5 11
           298.5 2
           299.5 10
           300.5 5
           301.5 8
           302.5 5
           303.5 10
           304.5 5
           305.5 4
           306.5 3
           307.5 8
           308.5 9
           309.5 7
           310.5 5
             :
           312.5 11
           313.5 6
           314.5 9
           315.5 3
           316.5 3
           317.5 5
           318.5 4
           319.5 9
           320.5 8
           321.5 7
           322.5 7
           323.5 7
           324.5 10
           325.5 10
           326.5 5
           327.5 6
           328.5 7
           329.5 3
           330.5 4
           331.5 3
           332.5 3
           333.5 4
           334.5 8
           335.5 5
           336.5 7
           337.5 6
           338.5 5
           339.5 3
           340.5 4
           341.5 6
           342.5 6
           343.5 1
           344.5 2
           345.5 4
           346.5 3
           347.5 5
           348.5 7
           349.5 7
           350.5 7
           351.5 7
           352.5 1
           353.5 3
           354.5 8
           355.5 5
           356.5 1
           357.5 2
           358.5 4
           359.5 3
           360.5 9
           361.5 1
           362.5 4
           363.5 3
           364.5 5
           365.5 6
           366.5 1
           367.5 4
           368.5 2
           369.5 4
           370.5 5
           371.5 1
           372.5 2
           373.5 2
           374.5 2
             :
           376.5 1
           377.5 3
           378.5 3
           379.5 5
           380.5 4
           381.5 5
           382.5 1
           383.5 2
           384.5 4
             :
           386.5 4
           387.5 6
           388.5 3
           389.5 2
           390.5 1
             :
           392.5 3
           393.5 2
           394.5 1
           395.5 3
           396.5 4
           397.5 3
           398.5 1
           399.5 2
           400.5 3
           401.5 2
           402.5 6
           403.5 1
           404.5 2
           405.5 2
           406.5 1
           407.5 3
           408.5 2
           409.5 1
           410.5 1
           411.5 3
           412.5 1
             :
           414.5 5
             :
           417.5 2
           418.5 2
           419.5 1
           420.5 4
           421.5 1
             :
           426.5 2
           427.5 1
             :
           429.5 1
             :
           433.5 2
             :
           435.5 3
             :
           437.5 1
             :
           442.5 1
             :
           444.5 1
           445.5 1
             :
           449.5 1
           450.5 1
             :
           452.5 1
             :
           458.5 1
             :
           460.5 1
           461.5 1
             :
           469.5 1
             :
           474.5 1
             :
           485.5 1
           486.5 1
             :
           518.5 1
             :
           546.5 1
             :
           564.5 1
             :
           589.5 1

Total: connections 4800 requests 4800 replies 4800 test-duration 299.955 s

Connection rate: 16.0 conn/s (62.5 ms/conn, <=8 concurrent connections)
Connection time [ms]: min 10.1 avg 109.6 max 589.1 median 24.5 stddev 124.4
Connection time [ms]: connect 1.1
Connection length [replies/conn]: 1.000

Request rate: 16.0 req/s (62.5 ms/req)
Request size [B]: 67.0

Reply rate [replies/s]: min 10.0 avg 16.0 max 21.0 stddev 2.0 (299 samples)
Percentages of the replies served at a given rate:
   50%: 15
   66%: 16
   75%: 16
   80%: 17
   90%: 18
   95%: 19
   98%: 19
   99%: 20
  100%: 21

Reply time [ms]: response 102.0 transfer 6.3
Percentages of the requests served within a certain time (ms) :
   50%: 21
   66%: 135
   75%: 206
   80%: 231
   90%: 284
   95%: 324
   98%: 366
   99%: 390
  100%: 588

Reply size [B]: header 162.0 content 72.0 footer 1.0 (total 235.0)
Reply status: 1xx=0 2xx=4800 3xx=0 4xx=0 5xx=0

CPU time [s]: user 239.08 system 60.32 (user 79.7% system 20.1% total 99.8%)
Net I/O: 4.7 KB/s (0.0*10^6 bps)

Errors: total 0 client-timo 0 socket-timo 0 connrefused 0 connreset 0
Errors: fd-unavail 0 addrunavail 0 ftab-full 0 other 0

