httperf --verbose --hog --timeout=50 --client=0/1 --server=172.16.116.116 --port=8080 --uri=/ --rate=16 --send-buffer=4096 --recv-buffer=16384 --num-conns=2880 --num-calls=1
httperf: maximum number of open descriptors = 65535
Maximum connect burst length: 1

Connection lifetime histogram (time in ms):
             :
            10.5 233
            11.5 623
            12.5 453
            13.5 324
            14.5 246
            15.5 278
            16.5 274
            17.5 157
            18.5 79
            19.5 56
            20.5 35
            21.5 44
            22.5 38
            23.5 14
            24.5 8
            25.5 4
             :
            27.5 1
             :
            33.5 1
             :
            35.5 1
             :
            43.5 1
             :
            51.5 1
             :
           132.5 1
             :
           161.5 1
             :
           168.5 1
             :
           187.5 1
           188.5 1
             :
           198.5 1
             :
           200.5 1
             :
           264.5 1
             :
           323.5 1

Total: connections 2880 requests 2880 replies 2880 test-duration 179.950 s

Connection rate: 16.0 conn/s (62.5 ms/conn, <=2 concurrent connections)
Connection time [ms]: min 10.2 avg 14.7 max 323.5 median 13.5 stddev 11.4
Connection time [ms]: connect 0.6
Connection length [replies/conn]: 1.000

Request rate: 16.0 req/s (62.5 ms/req)
Request size [B]: 67.0

Reply rate [replies/s]: min 15.0 avg 16.0 max 17.0 stddev 0.2 (179 samples)
Percentages of the replies served at a given rate:
   50%: 15
   66%: 15
   75%: 15
   80%: 15
   90%: 15
   95%: 15
   98%: 15
   99%: 16
  100%: 17

Reply time [ms]: response 13.5 transfer 0.5
Percentages of the requests served within a certain time (ms) :
   50%: 12
   66%: 13
   75%: 14
   80%: 15
   90%: 16
   95%: 18
   98%: 20
   99%: 21
  100%: 322

Reply size [B]: header 162.0 content 72.0 footer 1.0 (total 235.0)
Reply status: 1xx=0 2xx=2880 3xx=0 4xx=0 5xx=0

CPU time [s]: user 150.20 system 29.43 (user 83.5% system 16.4% total 99.8%)
Net I/O: 4.7 KB/s (0.0*10^6 bps)

Errors: total 0 client-timo 0 socket-timo 0 connrefused 0 connreset 0
Errors: fd-unavail 0 addrunavail 0 ftab-full 0 other 0

