httperf --verbose --hog --timeout=50 --client=0/1 --server=172.16.116.116 --port=8080 --uri=/ --rate=16 --send-buffer=4096 --recv-buffer=16384 --num-conns=2880 --num-calls=1
httperf: maximum number of open descriptors = 65535
Maximum connect burst length: 1

Connection lifetime histogram (time in ms):
             :
            10.5 126
            11.5 461
            12.5 297
            13.5 220
            14.5 211
            15.5 240
            16.5 287
            17.5 210
            18.5 135
            19.5 125
            20.5 116
            21.5 80
            22.5 87
            23.5 54
            24.5 53
            25.5 23
            26.5 18
            27.5 17
            28.5 8
            29.5 10
            30.5 14
            31.5 5
            32.5 5
            33.5 5
            34.5 4
            35.5 2
             :
            37.5 2
            38.5 2
            39.5 3
            40.5 2
            41.5 1
            42.5 1
            43.5 1
             :
            53.5 1
             :
            61.5 1
             :
            70.5 1
             :
           104.5 1
             :
           117.5 1
             :
           123.5 1
             :
           135.5 1
             :
           141.5 2
             :
           154.5 1
             :
           167.5 1
             :
           172.5 1
             :
           179.5 2
             :
           190.5 1
           191.5 2
             :
           193.5 1
             :
           198.5 1
             :
           205.5 1
             :
           212.5 1
             :
           214.5 2
             :
           217.5 1
             :
           221.5 1
             :
           224.5 1
             :
           227.5 2
             :
           229.5 1
             :
           232.5 2
             :
           237.5 1
             :
           241.5 1
           242.5 1
             :
           246.5 1
             :
           249.5 1
             :
           253.5 1
             :
           255.5 1
             :
           257.5 1
           258.5 1
             :
           267.5 1
             :
           273.5 1
           274.5 1
             :
           281.5 1
           282.5 1
             :
           286.5 1
             :
           292.5 1
             :
           301.5 1
             :
           311.5 1
             :
           320.5 1
             :
           328.5 1
             :
           333.5 1
             :
           337.5 1
             :
           341.5 1
             :
           356.5 1

Total: connections 2880 requests 2880 replies 2880 test-duration 179.949 s

Connection rate: 16.0 conn/s (62.5 ms/conn, <=2 concurrent connections)
Connection time [ms]: min 10.3 avg 20.1 max 356.3 median 15.5 stddev 30.3
Connection time [ms]: connect 0.8
Connection length [replies/conn]: 1.000

Request rate: 16.0 req/s (62.5 ms/req)
Request size [B]: 67.0

Reply rate [replies/s]: min 15.0 avg 16.0 max 17.0 stddev 0.3 (179 samples)
Percentages of the replies served at a given rate:
   50%: 15
   66%: 15
   75%: 15
   80%: 15
   90%: 15
   95%: 16
   98%: 16
   99%: 16
  100%: 17

Reply time [ms]: response 18.5 transfer 0.8
Percentages of the requests served within a certain time (ms) :
   50%: 14
   66%: 15
   75%: 17
   80%: 18
   90%: 21
   95%: 24
   98%: 39
   99%: 210
  100%: 336

Reply size [B]: header 162.0 content 72.0 footer 1.0 (total 235.0)
Reply status: 1xx=0 2xx=2880 3xx=0 4xx=0 5xx=0

CPU time [s]: user 149.80 system 29.78 (user 83.2% system 16.5% total 99.8%)
Net I/O: 4.7 KB/s (0.0*10^6 bps)

Errors: total 0 client-timo 0 socket-timo 0 connrefused 0 connreset 0
Errors: fd-unavail 0 addrunavail 0 ftab-full 0 other 0

