httperf --verbose --hog --timeout=50 --client=0/1 --server=172.16.116.116 --port=8080 --uri=/ --rate=24 --send-buffer=4096 --recv-buffer=16384 --num-conns=7200 --num-calls=1
httperf: maximum number of open descriptors = 65535
Maximum connect burst length: 1

Connection lifetime histogram (time in ms):
             :
            10.5 793
            11.5 1752
            12.5 655
            13.5 500
            14.5 506
            15.5 791
            16.5 1030
            17.5 440
            18.5 232
            19.5 126
            20.5 92
            21.5 66
            22.5 44
            23.5 32
            24.5 31
            25.5 8
            26.5 12
            27.5 9
            28.5 2
            29.5 3
            30.5 3
            31.5 3
            32.5 2
             :
            35.5 1
             :
            46.5 1
             :
            71.5 2
             :
            75.5 1
             :
            87.5 1
             :
            90.5 1
             :
            98.5 1
             :
           130.5 1
           131.5 2
             :
           144.5 1
             :
           149.5 1
             :
           151.5 1
             :
           154.5 2
             :
           158.5 2
             :
           166.5 1
             :
           172.5 1
             :
           177.5 1
             :
           180.5 2
             :
           184.5 1
             :
           190.5 1
             :
           192.5 1
             :
           202.5 1
             :
           213.5 1
           214.5 1
             :
           219.5 2
             :
           221.5 1
           222.5 1
           223.5 1
             :
           229.5 1
             :
           244.5 1
             :
           249.5 1
             :
           251.5 1
             :
           254.5 3
             :
           256.5 2
           257.5 2
           258.5 1
           259.5 1
             :
           261.5 1
             :
           264.5 1
             :
           271.5 1
             :
           277.5 1
             :
           279.5 1
             :
           283.5 2
             :
           286.5 1
             :
           288.5 1
             :
           290.5 1
           291.5 1
             :
           302.5 1
           303.5 1
             :
           305.5 1
             :
           312.5 1
           313.5 1
             :
           324.5 1
             :
           326.5 1
             :
           333.5 1
             :
           343.5 1
             :
           345.5 1

Total: connections 7200 requests 7200 replies 7200 test-duration 299.978 s

Connection rate: 24.0 conn/s (41.7 ms/conn, <=3 concurrent connections)
Connection time [ms]: min 10.2 avg 16.1 max 345.6 median 13.5 stddev 21.3
Connection time [ms]: connect 0.8
Connection length [replies/conn]: 1.000

Request rate: 24.0 req/s (41.7 ms/req)
Request size [B]: 67.0

Reply rate [replies/s]: min 23.0 avg 24.0 max 25.0 stddev 0.3 (299 samples)
Percentages of the replies served at a given rate:
   50%: 23
   66%: 23
   75%: 23
   80%: 23
   90%: 23
   95%: 23
   98%: 24
   99%: 24
  100%: 25

Reply time [ms]: response 14.7 transfer 0.6
Percentages of the requests served within a certain time (ms) :
   50%: 12
   66%: 14
   75%: 15
   80%: 15
   90%: 16
   95%: 17
   98%: 21
   99%: 26
  100%: 341

Reply size [B]: header 162.0 content 72.0 footer 1.0 (total 235.0)
Reply status: 1xx=0 2xx=7200 3xx=0 4xx=0 5xx=0

CPU time [s]: user 245.62 system 53.70 (user 81.9% system 17.9% total 99.8%)
Net I/O: 7.1 KB/s (0.1*10^6 bps)

Errors: total 0 client-timo 0 socket-timo 0 connrefused 0 connreset 0
Errors: fd-unavail 0 addrunavail 0 ftab-full 0 other 0

