httperf --verbose --hog --timeout=50 --client=0/1 --server=172.16.116.116 --port=8080 --uri=/ --rate=16 --send-buffer=4096 --recv-buffer=16384 --num-conns=2880 --num-calls=1
httperf: maximum number of open descriptors = 65535
Maximum connect burst length: 1

Connection lifetime histogram (time in ms):
             :
             9.5 1
            10.5 386
            11.5 753
            12.5 308
            13.5 209
            14.5 153
            15.5 194
            16.5 263
            17.5 196
            18.5 101
            19.5 53
            20.5 26
            21.5 20
            22.5 10
            23.5 14
            24.5 2
            25.5 4
            26.5 5
            27.5 4
            28.5 2
            29.5 1
            30.5 1
             :
            34.5 1
            35.5 1
            36.5 1
            37.5 1
             :
            40.5 1
             :
            46.5 1
             :
            63.5 1
             :
            65.5 1
             :
            68.5 1
             :
            72.5 1
             :
            87.5 1
            88.5 1
             :
            92.5 1
             :
            94.5 1
             :
            96.5 1
             :
            98.5 1
             :
           100.5 1
             :
           102.5 1
           103.5 1
             :
           121.5 1
             :
           123.5 1
           124.5 2
             :
           127.5 1
             :
           129.5 1
           130.5 1
           131.5 1
             :
           133.5 1
             :
           136.5 1
             :
           141.5 1
             :
           144.5 2
             :
           149.5 1
           150.5 1
             :
           153.5 1
           154.5 1
             :
           156.5 1
           157.5 1
           158.5 1
             :
           160.5 1
             :
           162.5 1
             :
           164.5 1
           165.5 1
             :
           167.5 2
           168.5 2
             :
           171.5 1
             :
           178.5 2
           179.5 1
           180.5 1
           181.5 5
           182.5 1
             :
           186.5 1
             :
           189.5 1
           190.5 1
           191.5 1
             :
           193.5 1
             :
           197.5 1
           198.5 1
           199.5 2
           200.5 1
           201.5 1
           202.5 3
           203.5 1
             :
           205.5 1
           206.5 1
           207.5 1
           208.5 4
             :
           210.5 1
           211.5 4
           212.5 1
             :
           215.5 1
           216.5 1
             :
           218.5 1
             :
           220.5 1
             :
           222.5 5
             :
           224.5 4
           225.5 1
             :
           227.5 3
           228.5 3
           229.5 1
           230.5 2
           231.5 2
           232.5 1
           233.5 1
           234.5 1
             :
           238.5 1
             :
           242.5 1
             :
           245.5 1
           246.5 1
           247.5 1
           248.5 1
           249.5 2
             :
           252.5 2
             :
           254.5 2
           255.5 1
             :
           257.5 1
             :
           261.5 3
             :
           264.5 1
           265.5 1
           266.5 1
             :
           269.5 2
             :
           274.5 1
             :
           277.5 1
             :
           279.5 1
           280.5 2
             :
           282.5 2
           283.5 1
             :
           286.5 1
             :
           295.5 1
             :
           301.5 1
             :
           304.5 1
             :
           306.5 3
             :
           309.5 1
             :
           312.5 2
             :
           317.5 1
           318.5 1
             :
           321.5 3
           322.5 1
           323.5 1
             :
           325.5 1
           326.5 1
             :
           329.5 1
           330.5 1
             :
           332.5 1
             :
           334.5 1
           335.5 1
             :
           338.5 1
             :
           342.5 1
           343.5 1
           344.5 1
             :
           363.5 1
             :
           402.5 1

Total: connections 2880 requests 2880 replies 2880 test-duration 180.103 s

Connection rate: 16.0 conn/s (62.5 ms/conn, <=3 concurrent connections)
Connection time [ms]: min 10.0 avg 25.8 max 402.1 median 12.5 stddev 51.1
Connection time [ms]: connect 0.8
Connection length [replies/conn]: 1.000

Request rate: 16.0 req/s (62.5 ms/req)
Request size [B]: 67.0

Reply rate [replies/s]: min 14.0 avg 16.0 max 18.0 stddev 0.6 (180 samples)
Percentages of the replies served at a given rate:
   50%: 15
   66%: 15
   75%: 15
   80%: 15
   90%: 16
   95%: 16
   98%: 16
   99%: 17
  100%: 18

Reply time [ms]: response 23.7 transfer 1.3
Percentages of the requests served within a certain time (ms) :
   50%: 11
   66%: 14
   75%: 15
   80%: 15
   90%: 17
   95%: 128
   98%: 223
   99%: 276
  100%: 362

Reply size [B]: header 163.0 content 72.0 footer 2.0 (total 237.0)
Reply status: 1xx=0 2xx=2880 3xx=0 4xx=0 5xx=0

CPU time [s]: user 146.14 system 33.63 (user 81.1% system 18.7% total 99.8%)
Net I/O: 4.7 KB/s (0.0*10^6 bps)

Errors: total 0 client-timo 0 socket-timo 0 connrefused 0 connreset 0
Errors: fd-unavail 0 addrunavail 0 ftab-full 0 other 0

