httperf --verbose --hog --timeout=50 --client=0/1 --server=172.16.116.116 --port=8080 --uri=/ --rate=16 --send-buffer=4096 --recv-buffer=16384 --num-conns=2880 --num-calls=1
httperf: maximum number of open descriptors = 65535
Maximum connect burst length: 1

Connection lifetime histogram (time in ms):
             :
            10.5 135
            11.5 703
            12.5 289
            13.5 198
            14.5 167
            15.5 228
            16.5 367
            17.5 324
            18.5 157
            19.5 88
            20.5 64
            21.5 49
            22.5 27
            23.5 21
            24.5 11
            25.5 13
            26.5 5
            27.5 2
            28.5 1
            29.5 5
            30.5 1
             :
            32.5 1
             :
            43.5 1
             :
            95.5 1
             :
           104.5 1
             :
           131.5 1
             :
           145.5 1
             :
           157.5 1
             :
           163.5 1
             :
           181.5 1
             :
           185.5 1
             :
           187.5 1
             :
           228.5 1
             :
           230.5 1
             :
           239.5 1
           240.5 1
             :
           250.5 1
             :
           258.5 2
             :
           260.5 1
             :
           263.5 1
           264.5 1
             :
           280.5 1
             :
           285.5 1
             :
           299.5 1
             :
           345.5 1

Total: connections 2880 requests 2880 replies 2880 test-duration 179.959 s

Connection rate: 16.0 conn/s (62.5 ms/conn, <=2 concurrent connections)
Connection time [ms]: min 10.3 avg 16.6 max 345.2 median 14.5 stddev 19.4
Connection time [ms]: connect 0.7
Connection length [replies/conn]: 1.000

Request rate: 16.0 req/s (62.5 ms/req)
Request size [B]: 67.0

Reply rate [replies/s]: min 15.0 avg 16.0 max 17.0 stddev 0.2 (179 samples)
Percentages of the replies served at a given rate:
   50%: 15
   66%: 15
   75%: 15
   80%: 15
   90%: 15
   95%: 15
   98%: 16
   99%: 16
  100%: 17

Reply time [ms]: response 15.2 transfer 0.6
Percentages of the requests served within a certain time (ms) :
   50%: 13
   66%: 15
   75%: 15
   80%: 16
   90%: 17
   95%: 19
   98%: 21
   99%: 25
  100%: 344

Reply size [B]: header 162.0 content 72.0 footer 1.0 (total 235.0)
Reply status: 1xx=0 2xx=2880 3xx=0 4xx=0 5xx=0

CPU time [s]: user 149.03 system 30.59 (user 82.8% system 17.0% total 99.8%)
Net I/O: 4.7 KB/s (0.0*10^6 bps)

Errors: total 0 client-timo 0 socket-timo 0 connrefused 0 connreset 0
Errors: fd-unavail 0 addrunavail 0 ftab-full 0 other 0

